/var/spool/sge/node021/job_scripts/1686350 - Theta X range: -12 to 12; Theta Y range:  -12 to 12
explicitDataBinaryFileN.bin: L:50 R:52 U:53 D:54 Z+:58 Z-:57
Tue Sep 22 11:23:52 BST 2015
Cols: weights file, axis, target angles (x/y/z), peakposn1, peakposn2, bestweight, meanpeakposn1, meanpeakposn2, eyeposAvg(SD) (x/y/z).
54,1,-10.000000/-8.000000/0.000000,31,35,0.873913,29.528930,33.626758,-9.939248(0.070982)/-7.935258(0.080230),0.009994(0.008738)
52,2,-10.000000/-8.000000/0.000000,31,35,0.778459,29.528930,33.626758,-9.939248(0.070982)/-7.935258(0.080230),0.009994(0.008738)
57,3,-10.000000/-8.000000/0.000000,31,35,0.162597,29.528930,33.626758,-9.939248(0.070982)/-7.935258(0.080230),0.009994(0.008738)
/var/spool/sge/node134/job_scripts/1728229 - Theta X range: -12 to 12; Theta Y range:  -12 to 12
explicitDataBinaryFileN.bin: L:50 R:52 U:53 D:54 Z+:58 Z-:57
Wed Sep 23 12:00:46 BST 2015
Cols: weights file, axis, target angles (x/y/z), peakposn1, peakposn2, bestweight, meanpeakposn1, meanpeakposn2, eyeposAvg(SD) (x/y/z).
54,1,-10.000000/-4.000000/0.000000,29,33,0.807044,27.940757,31.544363,-10.070910(0.045792)/-3.968394(0.025240),-0.061761(0.005654)
52,2,-10.000000/-4.000000/0.000000,29,33,0.423220,27.940757,31.544363,-10.070910(0.045792)/-3.968394(0.025240),-0.061761(0.005654)
57,3,-10.000000/-4.000000/0.000000,29,33,0.169052,27.940757,31.544363,-10.070910(0.045792)/-3.968394(0.025240),-0.061761(0.005654)
54,1,-10.000000/-7.000000/0.000000,30,35,0.836255,29.157448,33.393864,-9.924005(0.048537)/-6.920262(0.042919),-0.019752(0.004204)
52,2,-10.000000/-7.000000/0.000000,30,35,0.669629,29.157448,33.393864,-9.924005(0.048537)/-6.920262(0.042919),-0.019752(0.004204)
57,3,-10.000000/-7.000000/0.000000,30,35,0.162636,29.157448,33.393864,-9.924005(0.048537)/-6.920262(0.042919),-0.019752(0.004204)
54,1,-11.000000/5.000000/0.000000,23,34,0.868183,22.552921,32.526236,-10.992462(0.090855)/4.923191(0.041217),0.071534(0.003966)
50,2,-11.000000/5.000000/0.000000,23,34,0.281771,22.552921,32.526236,-10.992462(0.090855)/4.923191(0.041217),0.071534(0.003966)
57,3,-11.000000/5.000000/0.000000,23,34,0.183595,22.552921,32.526236,-10.992462(0.090855)/4.923191(0.041217),0.071534(0.003966)
54,1,-10.000000/-5.000000/0.000000,29,33,0.814209,28.270217,31.932971,-9.925324(0.137628)/-4.891866(0.066258),-0.017353(0.006974)
52,2,-10.000000/-5.000000/0.000000,29,33,0.499936,28.270217,31.932971,-9.925324(0.137628)/-4.891866(0.066258),-0.017353(0.006974)
57,3,-10.000000/-5.000000/0.000000,29,33,0.164930,28.270217,31.932971,-9.925324(0.137628)/-4.891866(0.066258),-0.017353(0.006974)
54,1,-10.000000/3.000000/0.000000,24,32,0.753892,23.480144,30.827385,-10.040626(0.070835)/2.959969(0.025778),0.085045(0.002509)
50,2,-10.000000/3.000000/0.000000,24,32,0.156540,23.480144,30.827385,-10.040626(0.070835)/2.959969(0.025778),0.085045(0.002509)
57,3,-10.000000/3.000000/0.000000,24,32,0.164255,23.480144,30.827385,-10.040626(0.070835)/2.959969(0.025778),0.085045(0.002509)
54,1,-10.000000/-1.000000/0.000000,27,32,0.801332,26.030070,30.597819,-10.073845(0.065533)/-0.985849(0.005830),0.005933(0.003050)
52,2,-10.000000/-1.000000/0.000000,27,32,0.207018,26.030070,30.597819,-10.073845(0.065533)/-0.985849(0.005830),0.005933(0.003050)
57,3,-10.000000/-1.000000/0.000000,27,32,0.171963,26.030070,30.597819,-10.073845(0.065533)/-0.985849(0.005830),0.005933(0.003050)
54,1,-11.000000/-1.000000/0.000000,27,33,0.927280,26.012351,31.695165,-11.007625(0.095914)/-1.127046(0.007127),0.039759(0.001754)
52,2,-11.000000/-1.000000/0.000000,27,33,0.236425,26.012351,31.695165,-11.007625(0.095914)/-1.127046(0.007127),0.039759(0.001754)
57,3,-11.000000/-1.000000/0.000000,27,33,0.187855,26.012351,31.695165,-11.007625(0.095914)/-1.127046(0.007127),0.039759(0.001754)
54,1,-11.000000/2.000000/0.000000,25,33,0.870214,24.180675,31.796065,-10.904637(0.111536)/2.036965(0.025301),0.088025(0.002834)
50,2,-11.000000/2.000000/0.000000,25,33,0.095879,24.180675,31.796065,-10.904637(0.111536)/2.036965(0.025301),0.088025(0.002834)
57,3,-11.000000/2.000000/0.000000,25,33,0.182946,24.180675,31.796065,-10.904637(0.111536)/2.036965(0.025301),0.088025(0.002834)
54,1,-11.000000/-2.000000/0.000000,28,33,0.939448,26.462670,32.070593,-11.147813(0.172201)/-2.041025(0.019603),0.073750(0.002863)
52,2,-11.000000/-2.000000/0.000000,28,33,0.306946,26.462670,32.070593,-11.147813(0.172201)/-2.041025(0.019603),0.073750(0.002863)
57,3,-11.000000/-2.000000/0.000000,28,33,0.184364,26.462670,32.070593,-11.147813(0.172201)/-2.041025(0.019603),0.073750(0.002863)
54,1,-11.000000/-3.000000/0.000000,28,34,0.907589,27.122614,32.159793,-10.859050(0.119152)/-3.019050(0.030544),0.071104(0.003432)
52,2,-11.000000/-3.000000/0.000000,28,34,0.375976,27.122614,32.159793,-10.859050(0.119152)/-3.019050(0.030544),0.071104(0.003432)
57,3,-11.000000/-3.000000/0.000000,28,34,0.177084,27.122614,32.159793,-10.859050(0.119152)/-3.019050(0.030544),0.071104(0.003432)
54,1,-11.000000/0.000000/0.000000,26,33,0.919745,25.479889,31.726531,-11.152313(0.095909)/-0.025541(0.004131),-0.062026(0.003443)
52,2,-11.000000/0.000000/0.000000,26,33,0.154942,25.479889,31.726531,-11.152313(0.095909)/-0.025541(0.004131),-0.062026(0.003443)
57,3,-11.000000/0.000000/0.000000,26,33,0.197516,25.479889,31.726531,-11.152313(0.095909)/-0.025541(0.004131),-0.062026(0.003443)
54,1,-11.000000/-4.000000/0.000000,29,34,0.913606,27.604518,32.597028,-11.035113(0.103954)/-3.849919(0.040303),0.013200(0.005267)
52,2,-11.000000/-4.000000/0.000000,29,34,0.439309,27.604518,32.597028,-11.035113(0.103954)/-3.849919(0.040303),0.013200(0.005267)
57,3,-11.000000/-4.000000/0.000000,29,34,0.179435,27.604518,32.597028,-11.035113(0.103954)/-3.849919(0.040303),0.013200(0.005267)
54,1,-10.000000/-2.000000/0.000000,28,32,0.797732,26.737150,30.897423,-10.131449(0.097490)/-1.964658(0.016099),-0.013967(0.004146)
52,2,-10.000000/-2.000000/0.000000,28,32,0.274258,26.737150,30.897423,-10.131449(0.097490)/-1.964658(0.016099),-0.013967(0.004146)
57,3,-10.000000/-2.000000/0.000000,28,32,0.169672,26.737150,30.897423,-10.131449(0.097490)/-1.964658(0.016099),-0.013967(0.004146)
54,1,-11.000000/4.000000/0.000000,24,34,0.859446,23.036420,32.216692,-10.934287(0.107646)/4.015584(0.047064),0.084420(0.003796)
50,2,-11.000000/4.000000/0.000000,24,34,0.222619,23.036420,32.216692,-10.934287(0.107646)/4.015584(0.047064),0.084420(0.003796)
57,3,-11.000000/4.000000/0.000000,24,34,0.181629,23.036420,32.216692,-10.934287(0.107646)/4.015584(0.047064),0.084420(0.003796)
54,1,-10.000000/0.000000/0.000000,26,32,0.800257,25.400308,30.376144,-10.157076(0.094441)/-0.039201(0.002476),0.008823(0.002821)
52,2,-10.000000/0.000000/0.000000,26,32,0.140272,25.400308,30.376144,-10.157076(0.094441)/-0.039201(0.002476),0.008823(0.002821)
57,3,-10.000000/0.000000/0.000000,26,32,0.174043,25.400308,30.376144,-10.157076(0.094441)/-0.039201(0.002476),0.008823(0.002821)
54,1,-11.000000/-5.000000/0.000000,29,34,0.915205,28.087272,33.021411,-11.024900(0.064291)/-4.940941(0.038125),-0.029681(0.004942)
52,2,-11.000000/-5.000000/0.000000,29,34,0.521765,28.087272,33.021411,-11.024900(0.064291)/-4.940941(0.038125),-0.029681(0.004942)
57,3,-11.000000/-5.000000/0.000000,29,34,0.179236,28.087272,33.021411,-11.024900(0.064291)/-4.940941(0.038125),-0.029681(0.004942)
54,1,-12.000000/0.000000/0.000000,26,34,1.098078,25.377739,32.854567,-12.080413(0.338816)/0.142301(0.011880),0.151531(0.008886)
52,2,-12.000000/0.000000/0.000000,26,34,0.157657,25.377739,32.854567,-12.080413(0.338816)/0.142301(0.011880),0.151531(0.008886)
57,3,-12.000000/0.000000/0.000000,26,34,0.206564,25.377739,32.854567,-12.080413(0.338816)/0.142301(0.011880),0.151531(0.008886)
54,1,-10.000000/-3.000000/0.000000,29,32,0.801285,27.319642,31.127307,-10.094593(0.066059)/-3.051267(0.015268),-0.074836(0.004280)
52,2,-10.000000/-3.000000/0.000000,29,32,0.354737,27.319642,31.127307,-10.094593(0.066059)/-3.051267(0.015268),-0.074836(0.004280)
57,3,-10.000000/-3.000000/0.000000,29,32,0.171663,27.319642,31.127307,-10.094593(0.066059)/-3.051267(0.015268),-0.074836(0.004280)
54,1,-10.000000/-6.000000/0.000000,30,34,0.820657,28.756861,32.692691,-10.009291(0.071090)/-5.899945(0.051503),-0.007514(0.007052)
52,2,-10.000000/-6.000000/0.000000,30,34,0.577062,28.756861,32.692691,-10.009291(0.071090)/-5.899945(0.051503),-0.007514(0.007052)
57,3,-10.000000/-6.000000/0.000000,30,34,0.162287,28.756861,32.692691,-10.009291(0.071090)/-5.899945(0.051503),-0.007514(0.007052)
54,1,-10.000000/5.000000/0.000000,23,33,0.773982,22.272610,31.580732,-10.084150(0.050576)/4.948900(0.031957)/-0.022882(0.004188)
50,2,-10.000000/5.000000/0.000000,23,33,0.281279,22.272610,31.580732,-10.084150(0.050576)/4.948900(0.031957)/-0.022882(0.004188)
57,3,-10.000000/5.000000/0.000000,23,33,0.174294,22.272610,31.580732,-10.084150(0.050576)/4.948900(0.031957)/-0.022882(0.004188)
54,1,-10.000000/4.000000/0.000000,24,32,0.753294,22.861694,31.103293,-9.949803(0.034012)/3.974470(0.020407)/0.034969(0.004086)
50,2,-10.000000/4.000000/0.000000,24,32,0.220065,22.861694,31.103293,-9.949803(0.034012)/3.974470(0.020407)/0.034969(0.004086)
57,3,-10.000000/4.000000/0.000000,24,32,0.167321,22.861694,31.103293,-9.949803(0.034012)/3.974470(0.020407)/0.034969(0.004086)
54,1,-9.000000/-3.000000/0.000000,29,31,0.675664,27.597592,30.132311,-8.835873(0.046494)/-2.991405(0.015442)/-0.032415(0.003831)
52,2,-9.000000/-3.000000/0.000000,29,31,0.324633,27.597592,30.132311,-8.835873(0.046494)/-2.991405(0.015442)/-0.032415(0.003831)
57,3,-9.000000/-3.000000/0.000000,29,31,0.150328,27.597592,30.132311,-8.835873(0.046494)/-2.991405(0.015442)/-0.032415(0.003831)
54,1,-9.000000/-6.000000/0.000000,30,33,0.727329,29.051473,31.715373,-9.035756(0.062484)/-5.981856(0.047533)/0.050874(0.004818)
52,2,-9.000000/-6.000000/0.000000,30,33,0.560528,29.051473,31.715373,-9.035756(0.062484)/-5.981856(0.047533)/0.050874(0.004818)
57,3,-9.000000/-6.000000/0.000000,30,33,0.145396,29.051473,31.715373,-9.035756(0.062484)/-5.981856(0.047533)/0.050874(0.004818)
54,1,-9.000000/4.000000/0.000000,23,31,0.659841,22.669957,29.989530,-8.929465(0.037944)/3.935404(0.020435)/0.036505(0.003277)
50,2,-9.000000/4.000000/0.000000,23,31,0.221157,22.669957,29.989530,-8.929465(0.037944)/3.935404(0.020435)/0.036505(0.003277)
57,3,-9.000000/4.000000/0.000000,23,31,0.151826,22.669957,29.989530,-8.929465(0.037944)/3.935404(0.020435)/0.036505(0.003277)
54,1,-10.000000/7.000000/0.000000,22,34,0.802929,21.457141,32.580749,-10.150950(0.069773)/6.998313(0.060227)/-0.034041(0.006110)
50,2,-10.000000/7.000000/0.000000,22,34,0.421155,21.457141,32.580749,-10.150950(0.069773)/6.998313(0.060227)/-0.034041(0.006110)
57,3,-10.000000/7.000000/0.000000,22,34,0.179753,21.457141,32.580749,-10.150950(0.069773)/6.998313(0.060227)/-0.034041(0.006110)
54,1,-9.000000/1.000000/0.000000,26,30,0.666186,24.699129,29.374254,-8.862525(0.038273)/1.084783(0.005377)/0.032992(0.002421)
50,2,-9.000000/1.000000/0.000000,26,30,0.043938,24.699129,29.374254,-8.862525(0.038273)/1.084783(0.005377)/0.032992(0.002421)
57,3,-9.000000/1.000000/0.000000,26,30,0.153818,24.699129,29.374254,-8.862525(0.038273)/1.084783(0.005377)/0.032992(0.002421)
54,1,-9.000000/2.000000/0.000000,25,31,0.669724,23.952012,29.352107,-9.060792(0.032975)/1.953886(0.008778)/0.043957(0.001393)
50,2,-9.000000/2.000000/0.000000,25,31,0.100972,23.952012,29.352107,-9.060792(0.032975)/1.953886(0.008778)/0.043957(0.001393)
57,3,-9.000000/2.000000/0.000000,25,31,0.153319,23.952012,29.352107,-9.060792(0.032975)/1.953886(0.008778)/0.043957(0.001393)
54,1,-9.000000/3.000000/0.000000,24,31,0.658401,23.299706,29.581903,-8.912224(0.078232)/2.932575(0.031659)/0.005973(0.005454)
50,2,-9.000000/3.000000/0.000000,24,31,0.160000,23.299706,29.581903,-8.912224(0.078232)/2.932575(0.031659)/0.005973(0.005454)
57,3,-9.000000/3.000000/0.000000,24,31,0.153752,23.299706,29.581903,-8.912224(0.078232)/2.932575(0.031659)/0.005973(0.005454)
54,1,-9.000000/-4.000000/0.000000,29,32,0.703531,28.270183,30.510040,-9.131147(0.035435)/-4.045831(0.011661)/0.082887(0.002851)
52,2,-9.000000/-4.000000/0.000000,29,32,0.402847,28.270183,30.510040,-9.131147(0.035435)/-4.045831(0.011661)/0.082887(0.002851)
57,3,-9.000000/-4.000000/0.000000,29,32,0.144253,28.270183,30.510040,-9.131147(0.035435)/-4.045831(0.011661)/0.082887(0.002851)
54,1,-9.000000/-2.000000/0.000000,28,31,0.684958,26.998723,29.571824,-9.053010(0.017923)/-2.101736(0.004415)/0.049091(0.002054)
52,2,-9.000000/-2.000000/0.000000,28,31,0.263053,26.998723,29.571824,-9.053010(0.017923)/-2.101736(0.004415)/0.049091(0.002054)
57,3,-9.000000/-2.000000/0.000000,28,31,0.148134,26.998723,29.571824,-9.053010(0.017923)/-2.101736(0.004415)/0.049091(0.002054)
54,1,-8.000000/-8.000000/0.000000,32,34,0.656457,30.327231,32.109238,-7.897490(0.065374)/-7.991491(0.062300)/-0.014519(0.004296)
52,2,-8.000000/-8.000000/0.000000,32,34,0.713792,30.327231,32.109238,-7.897490(0.065374)/-7.991491(0.062300)/-0.014519(0.004296)
57,3,-8.000000/-8.000000/0.000000,32,34,0.136090,30.327231,32.109238,-7.897490(0.065374)/-7.991491(0.062300)/-0.014519(0.004296)
54,1,-8.000000/-9.000000/0.000000,32,34,0.686411,30.634726,32.868784,-7.996774(0.060436)/-8.957565(0.072594)/-0.020835(0.005001)
52,2,-8.000000/-9.000000/0.000000,32,34,0.810903,30.634726,32.868784,-7.996774(0.060436)/-8.957565(0.072594)/-0.020835(0.005001)
57,3,-8.000000/-9.000000/0.000000,32,34,0.138321,30.634726,32.868784,-7.996774(0.060436)/-8.957565(0.072594)/-0.020835(0.005001)
54,1,-9.000000/-7.000000/0.000000,31,34,0.734929,29.519697,32.554174,-8.980090(0.055121)/-7.021969(0.039389)/0.018982(0.004102)
52,2,-9.000000/-7.000000/0.000000,31,34,0.646318,29.519697,32.554174,-8.980090(0.055121)/-7.021969(0.039389)/0.018982(0.004102)
57,3,-9.000000/-7.000000/0.000000,31,34,0.146243,29.519697,32.554174,-8.980090(0.055121)/-7.021969(0.039389)/0.018982(0.004102)
54,1,-8.000000/-5.000000/0.000000,30,31,0.613459,28.952347,29.866773,-7.945810(0.033974)/-4.857340(0.021061)/-0.051471(0.001985)
52,2,-8.000000/-5.000000/0.000000,30,31,0.446308,28.952347,29.866773,-7.945810(0.033974)/-4.857340(0.021061)/-0.051471(0.001985)
57,3,-8.000000/-5.000000/0.000000,30,31,0.138685,28.952347,29.866773,-7.945810(0.033974)/-4.857340(0.021061)/-0.051471(0.001985)
54,1,-8.000000/-6.000000/0.000000,31,32,0.615924,29.513414,30.741454,-7.897670(0.042110)/-5.861222(0.030858)/-0.008331(0.004921)
52,2,-8.000000/-6.000000/0.000000,31,32,0.520429,29.513414,30.741454,-7.897670(0.042110)/-5.861222(0.030858)/-0.008331(0.004921)
57,3,-8.000000/-6.000000/0.000000,31,32,0.134058,29.513414,30.741454,-7.897670(0.042110)/-5.861222(0.030858)/-0.008331(0.004921)
54,1,-9.000000/-5.000000/0.000000,30,32,0.701841,28.671126,31.167430,-8.918760(0.063279)/-4.885219(0.032388)/0.018855(0.004358)
52,2,-9.000000/-5.000000/0.000000,30,32,0.468210,28.671126,31.167430,-8.918760(0.063279)/-4.885219(0.032388)/0.018855(0.004358)
57,3,-9.000000/-5.000000/0.000000,30,32,0.146469,28.671126,31.167430,-8.918760(0.063279)/-4.885219(0.032388)/0.018855(0.004358)
54,1,-9.000000/-8.000000/0.000000,31,35,0.750466,29.878197,33.040345,-8.877562(0.071638)/-7.987971(0.062023)/-0.000015(0.003247)
52,2,-9.000000/-8.000000/0.000000,31,35,0.738978,29.878197,33.040345,-8.877562(0.071638)/-7.987971(0.062023)/-0.000015(0.003247)
57,3,-9.000000/-8.000000/0.000000,31,35,0.147363,29.878197,33.040345,-8.877562(0.071638)/-7.987971(0.062023)/-0.000015(0.003247)
54,1,-10.000000/6.000000/0.000000,23,33,0.776294,21.946262,32.151551,-9.982830(0.052520)/6.065196(0.037924)/0.125831(0.003267)
50,2,-10.000000/6.000000/0.000000,23,33,0.361572,21.946262,32.151551,-9.982830(0.052520)/6.065196(0.037924)/0.125831(0.003267)
57,3,-10.000000/6.000000/0.000000,23,33,0.164952,21.946262,32.151551,-9.982830(0.052520)/6.065196(0.037924)/0.125831(0.003267)
54,1,-8.000000/-3.000000/0.000000,29,30,0.591756,27.757912,28.592892,-7.879370(0.021638)/-3.092680(0.013800)/-0.001856(0.001964)
52,2,-8.000000/-3.000000/0.000000,29,30,0.315641,27.757912,28.592892,-7.879370(0.021638)/-3.092680(0.013800)/-0.001856(0.001964)
57,3,-8.000000/-3.000000/0.000000,29,30,0.135527,27.757912,28.592892,-7.879370(0.021638)/-3.092680(0.013800)/-0.001856(0.001964)
54,1,-8.000000/-4.000000/0.000000,30,30,0.603159,28.475597,29.231196,-7.945645(0.046181)/-3.960459(0.020704)/-0.026421(0.002293)
52,2,-8.000000/-4.000000/0.000000,30,30,0.378573,28.475597,29.231196,-7.945645(0.046181)/-3.960459(0.020704)/-0.026421(0.002293)
57,3,-8.000000/-4.000000/0.000000,30,30,0.137089,28.475597,29.231196,-7.945645(0.046181)/-3.960459(0.020704)/-0.026421(0.002293)
54,1,-9.000000/0.000000/0.000000,26,31,0.680932,25.362348,29.431615,-9.034053(0.070591)/0.012171(0.001936)/0.106328(0.002237)
52,2,-9.000000/0.000000/0.000000,26,31,0.120904,25.362348,29.431615,-9.034053(0.070591)/0.012171(0.001936)/0.106328(0.002237)
57,3,-9.000000/0.000000/0.000000,26,31,0.148899,25.362348,29.431615,-9.034053(0.070591)/0.012171(0.001936)/0.106328(0.002237)
54,1,-8.000000/1.000000/0.000000,25,29,0.582707,24.509573,27.965529,-7.922452(0.032650)/0.985833(0.004778)/-0.066195(0.003699)
50,2,-8.000000/1.000000/0.000000,25,29,0.041820,24.509573,27.965529,-7.922452(0.032650)/0.985833(0.004778)/-0.066195(0.003699)
57,3,-8.000000/1.000000/0.000000,25,29,0.146372,24.509573,27.965529,-7.922452(0.032650)/0.985833(0.004778)/-0.066195(0.003699)
54,1,-9.000000/7.000000/0.000000,22,33,0.703885,21.181448,31.648636,-9.083141(0.037123)/7.045435(0.029210)/0.048217(0.002425)
50,2,-9.000000/7.000000/0.000000,22,33,0.426538,21.181448,31.648636,-9.083141(0.037123)/7.045435(0.029210)/0.048217(0.002425)
57,3,-9.000000/7.000000/0.000000,22,33,0.158096,21.181448,31.648636,-9.083141(0.037123)/7.045435(0.029210)/0.048217(0.002425)
54,1,-8.000000/-2.000000/0.000000,28,29,0.593599,27.157353,28.057687,-7.996084(0.035280)/-2.136147(0.008782)/0.020856(0.002785)
52,2,-8.000000/-2.000000/0.000000,28,29,0.250922,27.157353,28.057687,-7.996084(0.035280)/-2.136147(0.008782)/0.020856(0.002785)
57,3,-8.000000/-2.000000/0.000000,28,29,0.136298,27.157353,28.057687,-7.996084(0.035280)/-2.136147(0.008782)/0.020856(0.002785)
54,1,-8.000000/-1.000000/0.000000,27,29,0.593615,26.412771,27.806603,-8.037765(0.058150)/-0.924120(0.005574)/-0.007004(0.003482)
52,2,-8.000000/-1.000000/0.000000,27,29,0.171791,26.412771,27.806603,-8.037765(0.058150)/-0.924120(0.005574)/-0.007004(0.003482)
57,3,-8.000000/-1.000000/0.000000,27,29,0.140478,26.412771,27.806603,-8.037765(0.058150)/-0.924120(0.005574)/-0.007004(0.003482)
54,1,-9.000000/6.000000/0.000000,22,32,0.693979,21.585356,31.029947,-9.096122(0.023114)/5.884308(0.018688)/0.054698(0.002372)
50,2,-9.000000/6.000000/0.000000,22,32,0.348124,21.585356,31.029947,-9.096122(0.023114)/5.884308(0.018688)/0.054698(0.002372)
57,3,-9.000000/6.000000/0.000000,22,32,0.156202,21.585356,31.029947,-9.096122(0.023114)/5.884308(0.018688)/0.054698(0.002372)
54,1,-9.000000/8.000000/0.000000,21,34,0.712162,20.659696,32.509995,-9.064500(0.036964)/8.043235(0.030299)/0.035162(0.002642)
50,2,-9.000000/8.000000/0.000000,21,34,0.494485,20.659696,32.509995,-9.064500(0.036964)/8.043235(0.030299)/0.035162(0.002642)
57,3,-9.000000/8.000000/0.000000,21,34,0.159879,20.659696,32.509995,-9.064500(0.036964)/8.043235(0.030299)/0.035162(0.002642)
54,1,-8.000000/-7.000000/0.000000,31,33,0.632059,29.927903,31.648223,-7.862662(0.051842)/-7.003639(0.046614)/-0.008813(0.003259)
52,2,-8.000000/-7.000000/0.000000,31,33,0.618144,29.927903,31.648223,-7.862662(0.051842)/-7.003639(0.046614)/-0.008813(0.003259)
57,3,-8.000000/-7.000000/0.000000,31,33,0.134188,29.927903,31.648223,-7.862662(0.051842)/-7.003639(0.046614)/-0.008813(0.003259)
54,1,-8.000000/2.000000/0.000000,25,29,0.576203,23.747957,27.833234,-7.921416(0.037800)/1.912944(0.011768)/-0.058977(0.003232)
50,2,-8.000000/2.000000/0.000000,25,29,0.104202,23.747957,27.833234,-7.921416(0.037800)/1.912944(0.011768)/-0.058977(0.003232)
57,3,-8.000000/2.000000/0.000000,25,29,0.144393,23.747957,27.833234,-7.921416(0.037800)/1.912944(0.011768)/-0.058977(0.003232)
54,1,-9.000000/5.000000/0.000000,23,32,0.686548,21.960757,30.522387,-9.154436(0.033237)/4.966529(0.025672)/-0.058021(0.002349)
50,2,-9.000000/5.000000/0.000000,23,32,0.282981,21.960757,30.522387,-9.154436(0.033237)/4.966529(0.025672)/-0.058021(0.002349)
57,3,-9.000000/5.000000/0.000000,23,32,0.162241,21.960757,30.522387,-9.154436(0.033237)/4.966529(0.025672)/-0.058021(0.002349)
54,1,-8.000000/7.000000/0.000000,21,32,0.596909,20.643732,30.776186,-7.895753(0.051555)/7.031723(0.045900)/0.133154(0.002860)
50,2,-8.000000/7.000000/0.000000,21,32,0.426062,20.643732,30.776186,-7.895753(0.051555)/7.031723(0.045900)/0.133154(0.002860)
57,3,-8.000000/7.000000/0.000000,21,32,0.135253,20.643732,30.776186,-7.895753(0.051555)/7.031723(0.045900)/0.133154(0.002860)
54,1,-8.000000/4.000000/0.000000,23,30,0.575953,22.397424,28.636531,-7.878450(0.036805)/3.960375(0.018492)/0.007339(0.001648)
50,2,-8.000000/4.000000/0.000000,23,30,0.226882,22.397424,28.636531,-7.878450(0.036805)/3.960375(0.018492)/0.007339(0.001648)
57,3,-8.000000/4.000000/0.000000,23,30,0.139843,22.397424,28.636531,-7.878450(0.036805)/3.960375(0.018492)/0.007339(0.001648)
54,1,-8.000000/6.000000/0.000000,22,31,0.603634,21.160492,29.930503,-8.053225(0.052397)/6.158865(0.048152)/-0.000323(0.003142)
50,2,-8.000000/6.000000/0.000000,22,31,0.364267,21.160492,29.930503,-8.053225(0.052397)/6.158865(0.048152)/-0.000323(0.003142)
57,3,-8.000000/6.000000/0.000000,22,31,0.144686,21.160492,29.930503,-8.053225(0.052397)/6.158865(0.048152)/-0.000323(0.003142)
54,1,-8.000000/3.000000/0.000000,24,29,0.575357,23.071195,28.043413,-7.918056(0.034398)/2.961826(0.013371)/-0.004153(0.001791)
50,2,-8.000000/3.000000/0.000000,24,29,0.166669,23.071195,28.043413,-7.918056(0.034398)/2.961826(0.013371)/-0.004153(0.001791)
57,3,-8.000000/3.000000/0.000000,24,29,0.140612,23.071195,28.043413,-7.918056(0.034398)/2.961826(0.013371)/-0.004153(0.001791)
54,1,-9.000000/-1.000000/0.000000,27,31,0.688399,26.114433,29.308398,-9.089060(0.058110)/-0.914725(0.005107)/0.119936(0.003562)
52,2,-9.000000/-1.000000/0.000000,27,31,0.183360,26.114433,29.308398,-9.089060(0.058110)/-0.914725(0.005107)/0.119936(0.003562)
57,3,-9.000000/-1.000000/0.000000,27,31,0.146996,26.114433,29.308398,-9.089060(0.058110)/-0.914725(0.005107)/0.119936(0.003562)
54,1,-8.000000/0.000000/0.000000,26,29,0.588714,25.499416,27.960452,-7.997049(0.030384)/0.031586(0.001063)/0.069718(0.003089)
52,2,-8.000000/0.000000/0.000000,26,29,0.109154,25.499416,27.960452,-7.997049(0.030384)/0.031586(0.001063)/0.069718(0.003089)
57,3,-8.000000/0.000000/0.000000,26,29,0.136791,25.499416,27.960452,-7.997049(0.030384)/0.031586(0.001063)/0.069718(0.003089)
54,1,-8.000000/5.000000/0.000000,23,30,0.595613,21.755163,29.147746,-8.040225(0.048193)/4.979356(0.037724)/0.015907(0.002285)
50,2,-8.000000/5.000000/0.000000,23,30,0.289950,21.755163,29.147746,-8.040225(0.048193)/4.979356(0.037724)/0.015907(0.002285)
57,3,-8.000000/5.000000/0.000000,23,30,0.142452,21.755163,29.147746,-8.040225(0.048193)/4.979356(0.037724)/0.015907(0.002285)
54,1,-8.000000/8.000000/0.000000,21,33,0.618657,20.231854,31.448162,-7.910372(0.056475)/7.957677(0.056000)/-0.023290(0.002329)
50,2,-8.000000/8.000000/0.000000,21,33,0.491509,20.231854,31.448162,-7.910372(0.056475)/7.957677(0.056000)/-0.023290(0.002329)
57,3,-8.000000/8.000000/0.000000,21,33,0.148873,20.231854,31.448162,-7.910372(0.056475)/7.957677(0.056000)/-0.023290(0.002329)
54,1,-8.000000/9.000000/0.000000,21,34,0.643778,19.922879,32.184240,-8.068117(0.062792)/9.015849(0.074827)/-0.014547(0.003382)
50,2,-8.000000/9.000000/0.000000,21,34,0.568177,19.922879,32.184240,-8.068117(0.062792)/9.015849(0.074827)/-0.014547(0.003382)
57,3,-8.000000/9.000000/0.000000,21,34,0.152208,19.922879,32.184240,-8.068117(0.062792)/9.015849(0.074827)/-0.014547(0.003382)
