BST,AMR,ALR,AIR,ASR,ASO,AIO,RX,RY,RZ,RXu,RYu,RZu,SST
0.93,0.12263,0,0.19265,0,0.0112665,0,-8.15904,-6.12028,1.04699,-0.0107743,-0.00502084,0.0249254,0.93
0.931,0.12263,0,0.19265,0,0.0112665,0,-8.15905,-6.12029,1.04702,-0.010555,-0.00491606,0.0245124,0.931
0.932,0.12263,0,0.19265,0,0.0112665,0,-8.15906,-6.1203,1.04704,-0.0103401,-0.00481345,0.0241063,0.932
0.933,0.12263,0,0.19265,0,0.0112665,0,-8.15907,-6.12031,1.04706,-0.0101295,-0.00471299,0.0237068,0.933
0.934,0.12263,0,0.19265,0,0.0112665,0,-8.15907,-6.12032,1.04709,-0.00992314,-0.00461461,0.0233139,0.934
0.935,0.12263,0,0.19265,0,0.0112665,0,-8.15908,-6.12033,1.04711,-0.00972097,-0.00451828,0.0229275,0.935
0.936,0.12263,0,0.19265,0,0.0112665,0,-8.15909,-6.12033,1.04713,-0.00952289,-0.00442396,0.0225475,0.936
0.937,0.12263,0,0.19265,0,0.0112665,0,-8.15909,-6.12034,1.04715,-0.00932881,-0.0043316,0.0221737,0.937
0.938,0.12263,0,0.19265,0,0.0112665,0,-8.1591,-6.12035,1.04718,-0.00913865,-0.00424116,0.0218061,0.938
0.939,0.12263,0,0.172355,0.0202946,0.0112665,0,-8.15911,-6.12036,1.0472,-0.00895233,-0.00415261,0.0214446,0.939
0.94,0.12263,0,0.122952,0.0696977,0.0112665,0,-8.15912,-6.12036,1.04722,15.035,-0.199862,-2.48621,0.94
0.941,0.109001,0.0136286,0.0684506,0.124605,0.0112665,0,-8.14435,-6.12021,1.04471,59.5644,-0.77931,-9.90809,0.941
0.942,0.0846073,0.0380227,0.0342253,0.176726,0.0112665,0,-8.08585,-6.11958,1.03474,122.848,11.7093,-20.4554,0.942
0.943,0.0590465,0.0638561,0.0171126,0.223863,0.0112665,0,-7.96499,-6.1051,1.01603,186.776,42.5774,-31.1088,0.943
0.944,0.0356986,0.0879644,0.00855632,0.266184,0.0112665,0,-7.78088,-6.05863,0.990976,242.409,85.0038,-40.3926,0.944
0.945,0.0178493,0.109617,0.00427816,0.303835,0.0112665,0,-7.5415,-5.96894,0.962303,288.384,131.602,-48.1059,0.945
0.946,0.00892466,0.129023,0.00213908,0.335945,0.00939409,0.00187236,-7.25629,-5.83216,0.93172,325.834,176.263,-54.4622,0.946
0.947,0.00446233,0.146112,0.00106954,0.361393,0.0066625,0.00460395,-6.93371,-5.65043,0.899792,355.756,214.161,-58.8371,0.947
0.948,0.00223116,0.160403,0.00053477,0.379073,0.00385829,0.00744561,-6.58117,-5.43073,0.867079,378.593,244.652,-61.3163,0.948
0.949,0.00111558,0.171376,0.000267385,0.388056,0.00192914,0.0101448,-6.2057,-5.18067,0.834059,394.388,268.135,-62.237,0.949
0.95,0.000557791,0.178552,0.000133693,0.387733,0.000964572,0.0126504,-5.8143,-4.90737,0.801037,402.992,285.079,-61.9983,0.95
0.951,0.000278896,0.181532,6.68463e-05,0.382967,0.000482286,0.0149864,-5.41412,-4.61748,0.768116,404.169,295.777,-60.8087,0.951
0.952,0.000139448,0.180803,3.34231e-05,0.376124,0.000241143,0.0171174,-5.01259,-4.31729,0.73538,399.659,300.58,-58.973,0.952
0.953,6.97239e-05,0.178306,1.67116e-05,0.368408,0.000120572,0.0189803,-4.61538,-4.0127,0.702803,391.328,300.141,-56.7586,0.953
0.954,3.4862e-05,0.174993,8.35578e-06,0.360432,6.02858e-05,0.0205106,-4.22633,-3.70897,0.6703,380.687,295.921,-54.3749,0.954
0.955,1.7431e-05,0.17135,4.17789e-06,0.352506,3.01429e-05,0.0216499,-3.84774,-3.40984,0.637814,368.807,289.26,-51.9742,0.955
0.956,8.71549e-06,0.167624,2.08895e-06,0.344785,1.50714e-05,0.0223459,-3.48087,-3.11775,0.60531,356.398,281.161,-49.6638,0.956
0.957,0.000758386,0.163941,1.04447e-06,0.337343,7.53572e-06,0.0225517,-3.12624,-2.83409,0.57276,343.909,272.306,-47.5189,0.957
0.958,0.00414465,0.160362,5.22236e-07,0.330212,3.76786e-06,0.0223745,-2.78394,-2.5596,0.540123,331.63,262.772,-45.596,0.958
0.959,0.00870417,0.156918,2.61118e-07,0.323402,1.88393e-06,0.0220195,-2.45378,-2.29492,0.507311,319.753,251.736,-43.9063,0.959
0.96,0.0137107,0.15362,1.30559e-07,0.316912,9.41965e-07,0.0215866,-2.13535,-2.04154,0.474196,308.325,239.493,-42.4014,0.96
0.961,0.0188069,0.150471,6.52796e-08,0.310733,4.70982e-07,0.0211261,-1.82822,-1.80063,0.440726,297.345,226.571,-41.0288,0.961
0.962,0.0238198,0.147471,0.00470861,0.304855,2.35491e-07,0.020663,-1.53194,-1.57287,0.40693,286.796,213.433,-39.7473,0.962
0.963,0.0286691,0.144616,0.0116415,0.299266,1.17746e-07,0.0202096,-1.24608,-1.35845,0.37289,274.892,200.581,-38.2345,0.963
0.964,0.03332,0.1419,0.0194584,0.293954,5.88728e-08,0.0197716,-0.971986,-1.15708,0.339017,261.616,188.219,-36.4729,0.964
0.965,0.037761,0.139318,0.0275002,0.288905,2.94364e-08,0.0193517,-0.711043,-0.96827,0.305735,247.465,176.419,-34.538,0.965
0.966,0.0419915,0.136863,0.0354482,0.284107,1.47182e-08,0.0189506,-0.464124,-0.791436,0.273385,232.96,165.193,-32.5134,0.966
0.967,0.0460166,0.13453,0.0431531,0.279549,7.3591e-09,0.0185684,-0.231595,-0.625985,0.242207,218.499,154.531,-30.465,0.967
0.968,0.0498435,0.132313,0.05055,0.275217,3.67955e-09,0.0182046,-0.0134218,-0.471332,0.212365,204.348,144.414,-28.4385,0.968
0.969,0.0534808,0.130207,0.0576159,0.271102,0.000242997,0.0178585,0.190692,-0.326911,0.18396,190.669,134.821,-26.463,0.969
0.97,0.0569371,0.128206,0.0643479,0.267192,0.00063392,0.0175296,0.381208,-0.192179,0.157048,177.57,125.738,-24.6115,0.97
0.971,0.0602211,0.126304,0.070753,0.263478,0.00108536,0.0172169,0.558693,-0.0666077,0.1316,165.096,117.144,-22.9011,0.971
0.972,0.0633411,0.124498,0.0768428,0.25995,0.00155429,0.0169198,0.723761,0.0503075,0.107558,153.254,109.016,-21.3196,0.972
0.973,0.0663053,0.122782,0.0826306,0.256597,0.00201981,0.0166375,0.877035,0.159046,0.0848629,142.033,101.33,-19.8496,0.973
0.974,0.0691214,0.121152,0.0881303,0.253412,0.00247208,0.0163692,1.01913,0.26006,0.0634646,131.414,94.0635,-18.4753,0.974
0.975,0.0717968,0.119603,0.0933556,0.250387,0.00290676,0.0161144,1.15063,0.35378,0.043319,121.373,87.1948,-17.1847,0.975
0.976,0.0743384,0.118131,0.09832,0.247513,0.00332221,0.0158723,1.27212,0.440612,0.0243864,111.885,80.7041,-15.9689,0.976
0.977,0.0767529,0.116733,0.103036,0.244782,0.00371816,0.0156422,1.38414,0.520942,0.0066292,102.924,74.5725,-14.8216,0.977
0.978,0.0790467,0.115405,0.107517,0.242188,0.00409493,0.0154237,1.48722,0.595135,-0.00999009,94.4662,68.7823,-13.7378,0.978
0.979,0.0812259,0.114144,0.111773,0.239724,0.00445319,0.0152161,1.58185,0.663537,-0.0255092,86.4863,63.3163,-12.7136,0.979
0.98,0.0832961,0.112945,0.115817,0.237382,0.00479369,0.0150189,1.6685,0.726478,-0.0399668,78.9611,58.1585,-11.7459,0.98
0.981,0.0852628,0.111807,0.119659,0.235158,0.00511725,0.0148315,1.74763,0.78427,-0.0534021,71.8677,53.2935,-10.8318,0.981
0.982,0.0871311,0.110725,0.123308,0.233045,0.00542466,0.0146535,1.81967,0.837209,-0.0658554,65.1847,48.7064,-9.96886,0.982
0.983,0.0889061,0.109697,0.126775,0.231038,0.00571673,0.0144844,1.88502,0.885574,-0.0773671,58.8912,44.3834,-9.15464,0.983
0.984,0.0905923,0.108721,0.130069,0.229131,0.00599421,0.0143237,1.94408,0.929632,-0.087978,52.9674,40.3109,-8.3869,0.984
0.985,0.0921942,0.107794,0.133198,0.22732,0.00625781,0.0141711,1.9972,0.969635,-0.0977288,47.3944,36.4762,-7.66348,0.985
0.986,0.093716,0.106913,0.136171,0.225599,0.00650824,0.0140261,2.04475,1.00582,-0.10666,42.1541,32.8671,-6.98229,0.986
0.987,0.0951617,0.106076,0.138995,0.223964,0.00674615,0.0138884,2.08705,1.03842,-0.114812,37.2293,29.4719,-6.34134,0.987
0.988,0.0965351,0.105281,0.141677,0.222411,0.00697217,0.0137576,2.12441,1.06764,-0.122224,32.6035,26.2797,-5.73868,0.988
0.989,0.0978398,0.104525,0.144226,0.220935,0.00718688,0.0136332,2.15714,1.09369,-0.128934,28.2612,23.2797,-5.17244,0.989
0.99,0.0990793,0.103808,0.146647,0.219534,0.00739086,0.0135152,2.18552,1.11676,-0.13498,24.1875,20.4619,-4.64082,0.99
0.991,0.100257,0.103126,0.148947,0.218202,0.00758464,0.013403,2.20981,1.13703,-0.140399,20.3681,17.8169,-4.14208,0.991
0.992,0.101376,0.102478,0.151133,0.216937,0.00776873,0.0132964,2.23027,1.15467,-0.145226,16.7897,15.3354,-3.67454,0.992
0.993,0.102438,0.101863,0.153208,0.215735,0.00794361,0.0131951,2.24715,1.16985,-0.149495,13.4393,13.0088,-3.23661,0.993
0.994,0.103448,0.101278,0.15518,0.214593,0.00810976,0.013099,2.26066,1.18272,-0.15324,10.3049,10.8289,-2.82673,0.994
0.995,0.104407,0.100723,0.157054,0.213509,0.00826759,0.0130076,2.27104,1.19343,-0.156492,7.37474,8.78793,-2.44345,0.995
0.996,0.105318,0.100196,0.158834,0.212478,0.00841753,0.0129208,2.27847,1.20212,-0.159283,4.63789,6.87832,-2.08533,0.996
0.997,0.106184,0.0996946,0.160525,0.211499,0.00855998,0.0128383,2.28316,1.20891,-0.16164,2.08387,5.09306,-1.75104,0.997
0.998,0.107006,0.0992185,0.162131,0.210569,0.0086953,0.01276,2.28528,1.21393,-0.163593,-0.297268,3.42542,-1.43928,0.998
0.999,0.107787,0.0987662,0.163657,0.209686,0.00882386,0.0126855,2.28502,1.21729,-0.165168,-2.51496,1.86902,-1.14881,0.999
1,0.108529,0.0983365,0.165106,0.208847,0.00894599,0.0126148,2.28253,1.21911,-0.166391,-4.57819,0.417804,-0.878472,1
1.001,0.109234,0.0979284,0.166484,0.208049,0.0101062,0.0115034,2.27797,1.2195,-0.167286,-6.49547,-0.933978,-0.62713,1.001
1.002,0.115932,0.0915126,0.179567,0.195517,0.0106863,0.0109697,2.27149,1.21854,-0.167875,-8.1278,-2.17783,-0.872701,1.002
1.003,0.119281,0.0884316,0.186108,0.189499,0.0109764,0.0107029,2.26338,1.21633,-0.168661,-18.5208,-9.45514,0.357686,1.003
1.004,0.120956,0.0868911,0.189379,0.18649,0.0111214,0.0105694,2.24484,1.20689,-0.16793,-28.6168,-16.5038,1.67165,1.004
1.005,0.121793,0.0861208,0.191014,0.184985,0.0111939,0.0105027,2.21617,1.19047,-0.165613,-36.1112,-21.7446,2.68438,1.005
1.006,0.122211,0.0857357,0.191832,0.184233,0.0112302,0.0104694,2.17999,1.16884,-0.162089,-40.9716,-25.1604,3.35881,1.006
1.007,0.122421,0.0855431,0.192241,0.183857,0.0112483,0.0104527,2.13893,1.14383,-0.157775,-43.7921,-27.164,3.76178,1.007
1.008,0.122525,0.0854468,0.192445,0.183669,0.0112574,0.0104444,2.09504,1.11682,-0.153001,-45.2027,-28.1915,3.97356,1.008
1.009,0.122578,0.0853987,0.192548,0.183575,0.0112619,0.0104402,2.04974,1.0888,-0.147998,-45.6998,-28.5865,4.06002,1.009
1.01,0.122604,0.0853746,0.192599,0.183528,0.0112642,0.0104381,2.00395,1.06037,-0.142917,-45.6306,-28.589,4.0682,1.01
1.011,0.122617,0.0853626,0.192624,0.183504,0.0112653,0.0104371,1.95822,1.03195,-0.137851,-45.2225,-28.3561,4.02936,1.011
1.012,0.122623,0.0853566,0.192637,0.183492,0.0112659,0.0104365,1.91291,1.00374,-0.132854,-44.6185,-27.9869,3.96333,1.012
1.013,0.122627,0.0853536,0.192643,0.183486,0.0112662,0.0104363,1.8682,0.975904,-0.127958,-43.9059,-27.5418,3.88233,1.013
1.014,0.122628,0.0853521,0.192647,0.183484,0.0112663,0.0104362,1.82422,0.948504,-0.123179,-43.1372,-27.0568,3.7937,1.014
1.014,0.122628,0.0853521,0.192647,0.183484,0.0112663,0.0104362,1.781,0.921581,-0.118526,-42.3429,-26.5534,3.70178,1.015
1.015,0.122629,0.0853513,0.192648,0.183482,0.0112664,0.0104361,1.73859,0.895156,-0.114,-41.5399,-26.0429,3.60893,1.016
1.016,0.12263,0.0853509,0.192649,0.183481,0.0112664,0.0104361,1.69698,0.869235,-0.109602,-40.7405,-25.5342,3.51688,1.017
1.017,0.12263,0.0853508,0.192649,0.183481,0.0112664,0.010436,1.65617,0.843816,-0.10533,-39.9496,-25.0305,3.42632,1.018
1.018,0.12263,0.0853507,0.19265,0.183481,0.0112664,0.010436,1.61616,0.818895,-0.101181,-39.17,-24.5339,3.33763,1.019
1.019,0.12263,0.0853506,0.19265,0.183481,0.0112664,0.010436,1.57693,0.794465,-0.0971525,-38.4034,-24.0454,3.251,1.02
1.02,0.12263,0.0853506,0.19265,0.183481,0.0112665,0.010436,1.53848,0.770518,-0.0932407,-37.6505,-23.5657,3.16653,1.021
1.021,0.12263,0.0853506,0.19265,0.183481,0.0112665,0.010436,1.50078,0.747046,-0.0894422,-36.9116,-23.0949,3.08423,1.022
1.022,0.12263,0.0853506,0.19265,0.183481,0.0112665,0.010436,1.46382,0.724039,-0.0857539,-36.1867,-22.6331,3.0041,1.023
1.023,0.12263,0.0853506,0.19265,0.183481,0.0112665,0.010436,1.42758,0.701491,-0.0821723,-35.4759,-22.1803,2.9261,1.024
1.024,0.12263,0.0853506,0.19265,0.183481,0.0112665,0.010436,1.39207,0.67939,-0.0786943,-34.7789,-21.7364,2.85019,1.025
1.025,0.12263,0.0853506,0.19265,0.183481,0.0112665,0.010436,1.35725,0.657729,-0.0753166,-34.0956,-21.3013,2.7763,1.026
1.026,0.12263,0.0853506,0.19265,0.183481,0.0112665,0.010436,1.32311,0.6365,-0.0720363,-33.4257,-20.8747,2.7044,1.027
1.027,0.12263,0.0853506,0.19265,0.183481,0.0112665,0.010436,1.28965,0.615693,-0.0688504,-32.7689,-20.4567,2.63442,1.028
1.028,0.12263,0.0853506,0.19265,0.183481,0.0112665,0.010436,1.25685,0.595301,-0.0657561,-32.125,-20.0469,2.56632,1.029
1.029,0.12263,0.0853506,0.19265,0.183481,0.0112665,0.010436,1.22469,0.575315,-0.0627505,-31.4938,-19.6453,2.50003,1.03
1.03,0.12263,0.0853506,0.19265,0.183481,0.0112665,0.010436,1.19317,0.555728,-0.059831,-30.8751,-19.2517,2.43551,1.031
1.031,0.12263,0.0853506,0.19265,0.183481,0.0112665,0.010436,1.16227,0.536531,-0.056995,-30.2684,-18.8659,2.37271,1.032
1.032,0.12263,0.0853506,0.19265,0.183481,0.0112665,0.010436,1.13197,0.517717,-0.05424,-29.6737,-18.4877,2.31158,1.033
1.033,0.12263,0.0853506,0.19265,0.183481,0.0112665,0.010436,1.10228,0.499279,-0.0515635,-29.0908,-18.1172,2.25207,1.034
1.034,0.12263,0.0853506,0.19265,0.183481,0.0112665,0.010436,1.07316,0.481208,-0.0489633,-28.5192,-17.754,2.19413,1.035
1.035,0.12263,0.0853506,0.19265,0.183481,0.0112665,0.010436,1.04462,0.463498,-0.0464369,-27.9589,-17.398,2.13773,1.036
1.036,0.12263,0.0853506,0.19265,0.183481,0.0112665,0.010436,1.01664,0.446142,-0.0439823,-27.4097,-17.0491,2.08282,1.037
1.037,0.12263,0.0853506,0.19265,0.183481,0.0112665,0.010436,0.989215,0.429133,-0.0415972,-26.8712,-16.7072,2.02935,1.038
1.038,0.12263,0.0853506,0.19265,0.183481,0.0112665,0.010436,0.962326,0.412463,-0.0392797,-26.3433,-16.3721,1.97729,1.039
1.039,0.12263,0.0853506,0.19265,0.183481,0.0112665,0.010436,0.935967,0.396126,-0.0370276,-25.8258,-16.0437,1.92659,1.04
1.04,0.12263,0.0853506,0.19265,0.183481,0.0112665,0.010436,0.910126,0.380116,-0.0348392,-25.3185,-15.7219,1.87722,1.041
1.041,0.12263,0.0853506,0.19265,0.183481,0.0112665,0.010436,0.884793,0.364426,-0.0327124,-24.8212,-15.4064,1.82915,1.042
1.042,0.12263,0.0853506,0.19265,0.183481,0.0112665,0.010436,0.859959,0.34905,-0.0306455,-24.3336,-15.0973,1.78233,1.043
1.043,0.12263,0.0853506,0.19265,0.183481,0.0112665,0.010436,0.835613,0.333981,-0.0286368,-23.8556,-14.7943,1.73673,1.044
1.044,0.12263,0.0853506,0.19265,0.183481,0.0112665,0.010436,0.811746,0.319214,-0.0266845,-23.387,-14.4974,1.69231,1.045
1.045,0.12263,0.0853506,0.19265,0.183481,0.0112665,0.010436,0.788348,0.304742,-0.0247869,-22.9276,-14.2065,1.64906,1.046
1.046,0.12263,0.0853506,0.19265,0.183481,0.0112665,0.010436,0.765411,0.290559,-0.0229425,-22.4773,-13.9213,1.60692,1.047
1.047,0.12263,0.0853506,0.19265,0.183481,0.0112665,0.010436,0.742925,0.276661,-0.0211497,-22.0358,-13.6418,1.56588,1.048
1.048,0.12263,0.0853506,0.19265,0.183481,0.0112665,0.010436,0.72088,0.26304,-0.0194071,-21.603,-13.3679,1.5259,1.049
1.049,0.12263,0.0853506,0.19265,0.183481,0.0112665,0.010436,0.69927,0.249693,-0.0177131,-21.1787,-13.0995,1.48695,1.05
1.05,0.12263,0.0853506,0.19265,0.183481,0.0112665,0.010436,0.678084,0.236612,-0.0160664,-20.7627,-12.8365,1.44901,1.051
1.051,0.12263,0.0853506,0.19265,0.183481,0.0112665,0.010436,0.657315,0.223794,-0.0144655,-20.3549,-12.5787,1.41204,1.052
1.052,0.12263,0.0853506,0.19265,0.183481,0.0112665,0.010436,0.636954,0.211232,-0.0129093,-19.9551,-12.3261,1.37603,1.053
1.053,0.12263,0.0853506,0.19265,0.183481,0.0112665,0.010436,0.616993,0.198922,-0.0113963,-19.5632,-12.0785,1.34094,1.054
1.054,0.12263,0.0853506,0.19265,0.183481,0.0112665,0.010436,0.597425,0.186859,-0.00992537,-19.1789,-11.8359,1.30675,1.055
1.055,0.12263,0.0853506,0.19265,0.183481,0.0112665,0.010436,0.578241,0.175037,-0.00849527,-18.8023,-11.5982,1.27344,1.056
1.056,0.12263,0.0853506,0.19265,0.183481,0.0112665,0.010436,0.559434,0.163452,-0.00710485,-18.433,-11.3652,1.24098,1.057
1.057,0.12263,0.0853506,0.19265,0.183481,0.0112665,0.010436,0.540998,0.1521,-0.00575295,-18.071,-11.1369,1.20935,1.058
1.058,0.12263,0.0853506,0.19265,0.183481,0.0112665,0.010436,0.522923,0.140975,-0.0044385,-17.7161,-10.9131,1.17853,1.059
1.059,0.12263,0.0853506,0.19265,0.183481,0.0112665,0.010436,0.505204,0.130073,-0.00316042,-17.3681,-10.6938,1.14849,1.06
1.06,0.12263,0.0853506,0.19265,0.183481,0.0112665,0.010436,0.487833,0.11939,-0.00191768,-17.027,-10.4789,1.11922,1.061
1.061,0.12263,0.0853506,0.19265,0.183481,0.0112665,0.010436,0.470803,0.108921,-0.000709275,-16.6926,-10.2683,1.09069,1.062
1.062,0.12263,0.0853506,0.19265,0.183481,0.0112665,0.010436,0.454109,0.0986615,0.00046576,-16.3648,-10.062,1.06289,1.063
1.063,0.12263,0.0853506,0.19265,0.183481,0.0112665,0.010436,0.437742,0.0886083,0.00160837,-16.0434,-9.85976,1.0358,1.064
1.064,0.12263,0.0853506,0.19265,0.183481,0.0112665,0.010436,0.421697,0.0787567,0.00271947,-15.7284,-9.66159,1.00939,1.065
1.065,0.12263,0.0853506,0.19265,0.183481,0.0112665,0.010436,0.405967,0.0691028,0.00379994,-15.4195,-9.46738,0.983653,1.066
1.066,0.12263,0.0853506,0.19265,0.183481,0.0112665,0.010436,0.390546,0.0596426,0.00485065,-15.1167,-9.27707,0.958566,1.067
1.067,0.12263,0.0853506,0.19265,0.183481,0.0112665,0.010436,0.375428,0.0503723,0.00587243,-14.8198,-9.09058,0.934113,1.068
1.068,0.12263,0.0853506,0.19265,0.183481,0.0112665,0.010436,0.360608,0.0412881,0.00686609,-14.5288,-8.90783,0.910278,1.069
1.069,0.12263,0.0853506,0.19265,0.183481,0.0112665,0.010436,0.346078,0.0323861,0.00783241,-14.2435,-8.72874,0.887045,1.07
1.07,0.12263,0.0853506,0.19265,0.183481,0.0112665,0.010436,0.331834,0.0236629,0.00877216,-13.9637,-8.55324,0.864397,1.071
1.071,0.12263,0.0853506,0.19265,0.183481,0.0112665,0.010436,0.31787,0.0151148,0.00968608,-13.6895,-8.38126,0.842321,1.072
1.072,0.12263,0.0853506,0.19265,0.183481,0.0112665,0.010436,0.30418,0.00673837,0.0105749,-13.4207,-8.21273,0.8208,1.073
1.073,0.12263,0.0853506,0.19265,0.183481,0.0112665,0.010436,0.29076,-0.00146989,0.0114393,-13.1572,-8.04759,0.79982,1.074
1.074,0.12263,0.0853506,0.19265,0.183481,0.0112665,0.010436,0.277602,-0.00951332,0.0122799,-12.8988,-7.88575,0.779368,1.075
1.075,0.12263,0.0853506,0.19265,0.183481,0.0112665,0.010436,0.264704,-0.0173952,0.0130975,-12.6455,-7.72717,0.75943,1.076
1.076,0.12263,0.0853506,0.19265,0.183481,0.0112665,0.010436,0.252059,-0.0251188,0.0138926,-12.3972,-7.57176,0.739992,1.077
1.077,0.12263,0.0853506,0.19265,0.183481,0.0112665,0.010436,0.239662,-0.0326872,0.0146659,-12.1537,-7.41948,0.721042,1.078
1.078,0.12263,0.0853506,0.19265,0.183481,0.0112665,0.010436,0.227508,-0.0401036,0.015418,-11.9151,-7.27025,0.702566,1.079
1.079,0.12263,0.0853506,0.19265,0.183481,0.0112665,0.010436,0.215594,-0.047371,0.0161494,-11.6811,-7.12401,0.684554,1.08
1.08,0.12263,0.0853506,0.19265,0.183481,0.0112665,0.010436,0.203913,-0.0544924,0.0168608,-11.4517,-6.98072,0.666992,1.081
1.081,0.12263,0.0853506,0.19265,0.183481,0.0112665,0.010436,0.192462,-0.0614707,0.0175526,-11.2269,-6.8403,0.64987,1.082
1.082,0.12263,0.0853506,0.19265,0.183481,0.0112665,0.010436,0.181236,-0.0683088,0.0182254,-11.0064,-6.70269,0.633176,1.083
1.083,0.12263,0.0853506,0.19265,0.183481,0.0112665,0.010436,0.170231,-0.0750094,0.0188798,-10.7903,-6.56786,0.6169,1.084
1.084,0.12263,0.0853506,0.19265,0.183481,0.0112665,0.010436,0.159441,-0.0815754,0.0195162,-10.5784,-6.43573,0.60103,1.085
1.085,0.12263,0.0853506,0.19265,0.183481,0.0112665,0.010436,0.148864,-0.0880094,0.0201352,-10.3707,-6.30625,0.585556,1.086
1.086,0.12263,0.0853506,0.19265,0.183481,0.0112665,0.010436,0.138494,-0.0943142,0.0207371,-10.167,-6.17937,0.570468,1.087
1.087,0.12263,0.0853506,0.19265,0.183481,0.0112665,0.010436,0.128328,-0.100492,0.0213225,-9.9674,-6.05504,0.555757,1.088
1.088,0.12263,0.0853506,0.19265,0.183481,0.0112665,0.010436,0.118361,-0.106546,0.0218918,-9.77169,-5.93321,0.541413,1.089
1.089,0.12263,0.0853506,0.19265,0.183481,0.0112665,0.010436,0.108591,-0.112478,0.0224455,-9.57982,-5.81383,0.527426,1.09
1.09,0.12263,0.0853506,0.19265,0.183481,0.0112665,0.010436,0.0990119,-0.118291,0.0229839,-9.39171,-5.69685,0.513788,1.091
1.091,0.12263,0.0853506,0.19265,0.183481,0.0112665,0.010436,0.0896213,-0.123987,0.0235076,-9.2073,-5.58221,0.50049,1.092
1.092,0.12263,0.0853506,0.19265,0.183481,0.0112665,0.010436,0.0804151,-0.129568,0.0240168,-9.02652,-5.46988,0.487523,1.093
1.093,0.12263,0.0853506,0.19265,0.183481,0.0112665,0.010436,0.0713897,-0.135037,0.024512,-8.84928,-5.35981,0.474878,1.094
1.094,0.12263,0.0853506,0.19265,0.183481,0.0112665,0.010436,0.0625416,-0.140397,0.0249936,-8.67552,-5.25194,0.462549,1.095
1.095,0.12263,0.0853506,0.19265,0.183481,0.0112665,0.010436,0.0538672,-0.145648,0.0254618,-8.50518,-5.14625,0.450526,1.096
1.096,0.12263,0.0853506,0.19265,0.183481,0.0112665,0.010436,0.0453632,-0.150794,0.0259172,-8.33818,-5.04268,0.438803,1.097
1.097,0.12263,0.0853506,0.19265,0.183481,0.0112665,0.010436,0.0370262,-0.155836,0.02636,-8.17447,-4.94119,0.427371,1.098
1.098,0.12263,0.0853506,0.19265,0.183481,0.0112665,0.010436,0.0288529,-0.160777,0.0267906,-8.01396,-4.84174,0.416224,1.099
1.099,0.12263,0.0853506,0.19265,0.183481,0.0112665,0.010436,0.0208401,-0.165619,0.0272092,-7.85661,-4.74429,0.405354,1.1
1.1,0.12263,0.0853506,0.19265,0.183481,0.0112665,0.010436,0.0129846,-0.170363,0.0276163,-7.70235,-4.6488,0.394755,1.101
1.101,0.12263,0.0853506,0.19265,0.183481,0.0112665,0.010436,0.00528345,-0.175011,0.0280121,-7.55112,-4.55523,0.384419,1.102
1.102,0.12263,0.0853506,0.19265,0.183481,0.0112665,0.010436,-0.0022665,-0.179567,0.028397,-7.40286,-4.46354,0.37434,1.103
1.103,0.12263,0.0853506,0.19265,0.183481,0.0112665,0.010436,-0.00966819,-0.18403,0.0287711,-7.25752,-4.3737,0.364512,1.104
1.104,0.12263,0.0853506,0.19265,0.183481,0.0112665,0.010436,-0.0169245,-0.188404,0.0291349,-7.11502,-4.28566,0.354928,1.105
1.105,0.12263,0.0853506,0.19265,0.183481,0.0112665,0.010436,-0.0240384,-0.19269,0.0294886,-6.97533,-4.19939,0.345583,1.106
1.106,0.12263,0.0853506,0.19265,0.183481,0.0112665,0.010436,-0.0310126,-0.196889,0.0298324,-6.83837,-4.11485,0.336471,1.107
1.107,0.12263,0.0853506,0.19265,0.183481,0.0112665,0.010436,-0.0378498,-0.201004,0.0301666,-6.70411,-4.03202,0.327585,1.108
1.108,0.12263,0.0853506,0.19265,0.183481,0.0112665,0.010436,-0.0445528,-0.205037,0.0304916,-6.57249,-3.95085,0.31892,1.109
1.109,0.12263,0.0853506,0.19265,0.183481,0.0112665,0.010436,-0.0511241,-0.208988,0.0308074,-6.44345,-3.87131,0.310471,1.11
1.11,0.12263,0.0853506,0.19265,0.183481,0.0112665,0.010436,-0.0575664,-0.212859,0.0311144,-6.31694,-3.79338,0.302232,1.111
1.111,0.12263,0.0853506,0.19265,0.183481,0.0112665,0.010436,-0.0638823,-0.216653,0.0314128,-6.19292,-3.71701,0.294199,1.112
1.112,0.12263,0.0853506,0.19265,0.183481,0.0112665,0.010436,-0.0700741,-0.22037,0.0317029,-6.07133,-3.64218,0.286365,1.113
1.113,0.12263,0.0853506,0.19265,0.183481,0.0112665,0.010436,-0.0761443,-0.224013,0.0319848,-5.95213,-3.56885,0.278727,1.114
1.114,0.12263,0.0853506,0.19265,0.183481,0.0112665,0.010436,-0.0820954,-0.227582,0.0322588,-5.83528,-3.49699,0.271279,1.115
1.115,0.12263,0.0853506,0.19265,0.183481,0.0112665,0.010436,-0.0879296,-0.231079,0.0325251,-5.72071,-3.42659,0.264017,1.116
1.116,0.12263,0.0853506,0.19265,0.183481,0.0112665,0.010436,-0.0936493,-0.234506,0.0327838,-5.6084,-3.3576,0.256936,1.117
1.117,0.12263,0.0853506,0.19265,0.183481,0.0112665,0.010436,-0.0992567,-0.237864,0.0330353,-5.49829,-3.28999,0.250031,1.118
1.118,0.12263,0.0853506,0.19265,0.183481,0.0112665,0.010436,-0.104754,-0.241155,0.0332796,-5.39035,-3.22375,0.243299,1.119
1.119,0.12263,0.0853506,0.19265,0.183481,0.0112665,0.010436,-0.110143,-0.244379,0.033517,-5.28452,-3.15884,0.236735,1.12
1.12,0.12263,0.0853506,0.19265,0.183481,0.0112665,0.010436,-0.115427,-0.247538,0.0337477,-5.18077,-3.09523,0.230335,1.121
1.121,0.12263,0.0853506,0.19265,0.183481,0.0112665,0.010436,-0.120607,-0.250634,0.0339718,-5.07907,-3.03291,0.224095,1.122
1.122,0.12263,0.0853506,0.19265,0.183481,0.0112665,0.010436,-0.125685,-0.253667,0.0341895,-4.97935,-2.97184,0.218011,1.123
1.123,0.12263,0.0853506,0.19265,0.183481,0.0112665,0.010436,-0.130663,-0.25664,0.034401,-4.8816,-2.912,0.212079,1.124
1.124,0.12263,0.0853506,0.19265,0.183481,0.0112665,0.010436,-0.135544,-0.259552,0.0346064,-4.78576,-2.85336,0.206296,1.125
1.125,0.12263,0.0853506,0.19265,0.183481,0.0112665,0.010436,-0.140329,-0.262406,0.034806,-4.69181,-2.7959,0.200658,1.126
1.126,0.12263,0.0853506,0.19265,0.183481,0.0112665,0.010436,-0.14502,-0.265202,0.0349998,-4.5997,-2.7396,0.195161,1.127
1.127,0.12263,0.0853506,0.19265,0.183481,0.0112665,0.010436,-0.149618,-0.267942,0.035188,-4.5094,-2.68443,0.189801,1.128
1.128,0.12263,0.0853506,0.19265,0.183481,0.0112665,0.010436,-0.154127,-0.270627,0.0353708,-4.42088,-2.63037,0.184577,1.129
1.129,0.12263,0.0853506,0.19265,0.183481,0.0112665,0.010436,-0.158547,-0.273258,0.0355483,-4.33409,-2.5774,0.179483,1.13
1.13,0.12263,0.0853506,0.19265,0.183481,0.0112665,0.010436,-0.16288,-0.275836,0.0357207,-4.24901,-2.5255,0.174518,1.131
1.131,0.12263,0.0853506,0.19265,0.183481,0.0112665,0.010436,-0.167129,-0.278362,0.035888,-4.1656,-2.47464,0.169678,1.132
1.132,0.12263,0.0853506,0.19265,0.183481,0.0112665,0.010436,-0.171293,-0.280837,0.0360505,-4.08382,-2.4248,0.164959,1.133
1.133,0.12263,0.0853506,0.19265,0.183481,0.0112665,0.010436,-0.175376,-0.283262,0.0362082,-4.00365,-2.37597,0.160359,1.134
1.134,0.12263,0.0853506,0.19265,0.183481,0.0112665,0.010436,-0.179379,-0.285639,0.0363613,-3.92506,-2.32812,0.155876,1.135
1.135,0.12263,0.0853506,0.19265,0.183481,0.0112665,0.010436,-0.183304,-0.287968,0.0365099,-3.84801,-2.28123,0.151505,1.136
1.136,0.12263,0.0853506,0.19265,0.183481,0.0112665,0.010436,-0.187151,-0.290249,0.0366541,-3.77247,-2.23529,0.147245,1.137
1.137,0.12263,0.0853506,0.19265,0.183481,0.0112665,0.010436,-0.190923,-0.292485,0.036794,-3.69841,-2.19027,0.143093,1.138
1.138,0.12263,0.0853506,0.19265,0.183481,0.0112665,0.010436,-0.19462,-0.294676,0.0369298,-3.62581,-2.14616,0.139045,1.139
1.139,0.12263,0.0853506,0.19265,0.183481,0.0112665,0.010436,-0.198245,-0.296822,0.0370616,-3.55464,-2.10293,0.135101,1.14
1.14,0.12263,0.0853506,0.19265,0.183481,0.0112665,0.010436,-0.201799,-0.298926,0.0371894,-3.48486,-2.06058,0.131256,1.141
1.141,0.12263,0.0853506,0.19265,0.183481,0.0112665,0.010436,-0.205284,-0.300987,0.0373134,-3.41645,-2.01908,0.127509,1.142
1.142,0.12263,0.0853506,0.19265,0.183481,0.0112665,0.010436,-0.2087,-0.303006,0.0374337,-3.34939,-1.97841,0.123857,1.143
1.143,0.12263,0.0853506,0.19265,0.183481,0.0112665,0.010436,-0.212048,-0.304985,0.0375503,-3.28364,-1.93856,0.120298,1.144
1.144,0.12263,0.0853506,0.19265,0.183481,0.0112665,0.010436,-0.215331,-0.306924,0.0376634,-3.21919,-1.89952,0.11683,1.145
1.145,0.12263,0.0853506,0.19265,0.183481,0.0112665,0.010436,-0.21855,-0.308824,0.0377731,-3.156,-1.86126,0.11345,1.146
1.146,0.12263,0.0853506,0.19265,0.183481,0.0112665,0.010436,-0.221705,-0.310686,0.0378795,-3.09405,-1.82377,0.110156,1.147
1.147,0.12263,0.0853506,0.19265,0.183481,0.0112665,0.010436,-0.224799,-0.31251,0.0379826,-3.03331,-1.78703,0.106947,1.148
1.148,0.12263,0.0853506,0.19265,0.183481,0.0112665,0.010436,-0.227832,-0.314297,0.0380825,-2.97377,-1.75104,0.10382,1.149
1.149,0.12263,0.0853506,0.19265,0.183481,0.0112665,0.010436,-0.230805,-0.316049,0.0381794,-2.9154,-1.71577,0.100773,1.15
1.15,0.12263,0.0853506,0.19265,0.183481,0.0112665,0.010436,-0.23372,-0.317765,0.0382732,-2.85818,-1.68121,0.0978039,1.151
1.151,0.12263,0.0853506,0.19265,0.183481,0.0112665,0.010436,-0.236577,-0.319447,0.0383642,-2.80207,-1.64735,0.0949113,1.152
1.152,0.12263,0.0853506,0.19265,0.183481,0.0112665,0.010436,-0.239379,-0.321094,0.0384523,-2.74707,-1.61416,0.0920931,1.153
1.153,0.12263,0.0853506,0.19265,0.183481,0.0112665,0.010436,-0.242126,-0.322709,0.0385376,-2.69315,-1.58165,0.0893476,1.154
1.154,0.12263,0.0853506,0.19265,0.183481,0.0112665,0.010436,-0.244818,-0.324291,0.0386203,-2.64029,-1.54979,0.0866729,1.155
1.155,0.12263,0.0853506,0.19265,0.183481,0.0112665,0.010436,-0.247458,-0.325841,0.0387004,-2.58847,-1.51857,0.0840673,1.156
1.156,0.12263,0.0853506,0.19265,0.183481,0.0112665,0.010436,-0.250046,-0.32736,0.0387779,-2.53766,-1.48798,0.0815291,1.157
1.157,0.12263,0.0853506,0.19265,0.183481,0.0112665,0.010436,-0.252583,-0.328848,0.0388529,-2.48785,-1.45801,0.0790568,1.158
1.158,0.12263,0.0853506,0.19265,0.183481,0.0112665,0.010436,-0.255071,-0.330307,0.0389255,-2.43902,-1.42864,0.0766486,1.159
1.159,0.12263,0.0853506,0.19265,0.183481,0.0112665,0.010436,-0.257509,-0.331736,0.0389958,-2.39115,-1.39986,0.0743031,1.16
1.16,0.12263,0.0853506,0.19265,0.183481,0.0112665,0.010436,-0.2599,-0.333136,0.0390638,-2.34422,-1.37166,0.0720186,1.161
1.161,0.12263,0.0853506,0.19265,0.183481,0.0112665,0.010436,-0.262244,-0.334508,0.0391296,-2.29821,-1.34403,0.0697937,1.162
1.162,0.12263,0.0853506,0.19265,0.183481,0.0112665,0.010436,-0.264542,-0.335852,0.0391933,-2.2531,-1.31696,0.067627,1.163
1.163,0.12263,0.0853506,0.19265,0.183481,0.0112665,0.010436,-0.266795,-0.337169,0.0392548,-2.20888,-1.29043,0.065517,1.164
1.164,0.12263,0.0853506,0.19265,0.183481,0.0112665,0.010436,-0.269003,-0.33846,0.0393143,-2.16553,-1.26443,0.0634623,1.165
1.165,0.12263,0.0853506,0.19265,0.183481,0.0112665,0.010436,-0.271168,-0.339725,0.0393719,-2.12303,-1.23896,0.0614616,1.166
1.166,0.12263,0.0853506,0.19265,0.183481,0.0112665,0.010436,-0.273291,-0.340964,0.0394274,-2.08136,-1.214,0.0595136,1.167
1.167,0.12263,0.0853506,0.19265,0.183481,0.0112665,0.010436,-0.275372,-0.342178,0.0394812,-2.04051,-1.18955,0.0576169,1.168
1.168,0.12263,0.0853506,0.19265,0.183481,0.0112665,0.010436,-0.277412,-0.343368,0.0395331,-2.00046,-1.16558,0.0557703,1.169
1.169,0.12263,0.0853506,0.19265,0.183481,0.0112665,0.010436,-0.279412,-0.344534,0.0395832,-1.9612,-1.1421,0.0539726,1.17
1.17,0.12263,0.0853506,0.19265,0.183481,0.0112665,0.010436,-0.281373,-0.345676,0.0396316,-1.92271,-1.1191,0.0522226,1.171
1.171,0.12263,0.0853506,0.19265,0.183481,0.0112665,0.010436,-0.283296,-0.346796,0.0396783,-1.88497,-1.09655,0.0505192,1.172
1.172,0.12263,0.0853506,0.19265,0.183481,0.0112665,0.010436,-0.28518,-0.347892,0.0397234,-1.84798,-1.07446,0.048861,1.173
1.173,0.12263,0.0853506,0.19265,0.183481,0.0112665,0.010436,-0.287028,-0.348967,0.0397669,-1.81171,-1.05281,0.0472472,1.174
1.174,0.12263,0.0853506,0.19265,0.183481,0.0112665,0.010436,-0.28884,-0.35002,0.0398089,-1.77616,-1.03161,0.0456765,1.175
1.175,0.12263,0.0853506,0.19265,0.183481,0.0112665,0.010436,-0.290616,-0.351052,0.0398494,-1.7413,-1.01082,0.0441479,1.176
1.176,0.12263,0.0853506,0.19265,0.183481,0.0112665,0.010436,-0.292357,-0.352063,0.0398884,-1.70713,-0.990459,0.0426603,1.177
1.177,0.12263,0.0853506,0.19265,0.183481,0.0112665,0.010436,-0.294063,-0.353054,0.039926,-1.67363,-0.970505,0.0412129,1.178
1.178,0.12263,0.0853506,0.19265,0.183481,0.0112665,0.010436,-0.295737,-0.354024,0.0399622,-1.64078,-0.950953,0.0398045,1.179
1.179,0.12263,0.0853506,0.19265,0.183481,0.0112665,0.010436,-0.297377,-0.354975,0.0399971,-1.60858,-0.931795,0.0384341,1.18
1.18,0.12263,0.0853506,0.19265,0.183481,0.0112665,0.010436,-0.298986,-0.355907,0.0400307,-1.57701,-0.913023,0.037101,1.181
1.181,0.12263,0.0853506,0.19265,0.183481,0.0112665,0.010436,-0.300563,-0.356821,0.0400631,-1.54607,-0.894629,0.0358041,1.182
1.182,0.12263,0.0853506,0.19265,0.183481,0.0112665,0.010436,-0.302108,-0.357715,0.0400942,-1.51573,-0.876606,0.0345425,1.183
1.183,0.12263,0.0853506,0.19265,0.183481,0.0112665,0.010436,-0.303624,-0.358592,0.0401241,-1.48598,-0.858945,0.0333154,1.184
1.184,0.12263,0.0853506,0.19265,0.183481,0.0112665,0.010436,-0.30511,-0.359451,0.0401529,-1.45682,-0.84164,0.0321219,1.185
1.185,0.12263,0.0853506,0.19265,0.183481,0.0112665,0.010436,-0.306566,-0.360293,0.0401805,-1.42823,-0.824684,0.0309612,1.186
1.186,0.12263,0.0853506,0.19265,0.183481,0.0112665,0.010436,-0.307995,-0.361118,0.0402071,-1.40021,-0.808069,0.0298325,1.187
1.187,0.12263,0.0853506,0.19265,0.183481,0.0112665,0.010436,-0.309395,-0.361926,0.0402326,-1.37273,-0.791789,0.0287349,1.188
1.188,0.12263,0.0853506,0.19265,0.183481,0.0112665,0.010436,-0.310767,-0.362718,0.040257,-1.34579,-0.775837,0.0276677,1.189
1.189,0.12263,0.0853506,0.19265,0.183481,0.0112665,0.010436,-0.312113,-0.363494,0.0402805,-1.31938,-0.760206,0.0266302,1.19
1.19,0.12263,0.0853506,0.19265,0.183481,0.0112665,0.010436,-0.313432,-0.364254,0.040303,-1.29349,-0.744891,0.0256215,1.191
1.191,0.12263,0.0853506,0.19265,0.183481,0.0112665,0.010436,-0.314725,-0.364999,0.0403245,-1.26811,-0.729883,0.0246411,1.192
1.192,0.12263,0.0853506,0.19265,0.183481,0.0112665,0.010436,-0.315993,-0.365729,0.0403451,-1.24323,-0.715178,0.0236881,1.193
1.193,0.12263,0.0853506,0.19265,0.183481,0.0112665,0.010436,-0.317236,-0.366445,0.0403649,-1.21883,-0.700769,0.0227618,1.194
1.194,0.12263,0.0853506,0.19265,0.183481,0.0112665,0.010436,-0.318455,-0.367146,0.0403838,-1.19492,-0.686651,0.0218617,1.195
1.195,0.12263,0.0853506,0.19265,0.183481,0.0112665,0.010436,-0.31965,-0.367832,0.0404018,-1.17147,-0.672816,0.0209871,1.196
1.196,0.12263,0.0853506,0.19265,0.183481,0.0112665,0.010436,-0.320821,-0.368505,0.040419,-1.14848,-0.659261,0.0201373,1.197
1.197,0.12263,0.0853506,0.19265,0.183481,0.0112665,0.010436,-0.32197,-0.369165,0.0404355,-1.12595,-0.645978,0.0193116,1.198
1.198,0.12263,0.0853506,0.19265,0.183481,0.0112665,0.010436,-0.323096,-0.369811,0.0404512,-1.10386,-0.632963,0.0185096,1.199
1.199,0.12263,0.0853506,0.19265,0.183481,0.0112665,0.010436,-0.324199,-0.370444,0.0404661,-1.0822,-0.620211,0.0177305,1.2
1.2,0.12263,0.0853506,0.19265,0.183481,0.0112665,0.010436,-0.325281,-0.371064,0.0404803,-1.06096,-0.607715,0.0169739,1.201
