BST,AMR,ALR,AIR,ASR,ASO,AIO,RX,RY,RZ,RXu,RYu,RZu,SST
0.93,0.171151,0,0.00753934,0.0176912,0,0,0.420772,-9.92642,-0.0700352,-0.00698639,-0.0236983,-0.000377661,0.93
0.931,0.171151,0,0.00753934,0.0176912,0,0,0.420765,-9.92644,-0.0700354,-0.00685323,-0.0232528,-0.000377152,0.931
0.932,0.171151,0,0.00753934,0.0176912,0,0,0.420758,-9.92646,-0.0700356,-0.00672261,-0.0228157,-0.000376537,0.932
0.933,0.171151,0,0.00753934,0.0176912,0,0,0.420751,-9.92649,-0.0700358,-0.00659449,-0.0223869,-0.00037582,0.933
0.934,0.171151,0,0.00753934,0.0176912,0,0,0.420744,-9.92651,-0.0700361,-0.00646881,-0.0219661,-0.000375005,0.934
0.935,0.171151,0,0.00753934,0.0176912,0,0,0.420738,-9.92653,-0.0700363,-0.00634552,-0.0215532,-0.000374095,0.935
0.936,0.171151,0,0.00753934,0.0176912,0,0,0.420731,-9.92655,-0.0700365,-0.00622459,-0.021148,-0.000373095,0.936
0.937,0.171151,0,0.00753934,0.0176912,0,0,0.420725,-9.92657,-0.0700367,-0.00610597,-0.0207505,-0.000372008,0.937
0.938,0.171151,0,0.00753934,0.0176912,0,0,0.420719,-9.92659,-0.0700369,-0.00598961,-0.0203605,-0.000370838,0.938
0.939,0.171151,0,0.00753934,0.0176912,0,0,0.420713,-9.92661,-0.0700372,-0.00587547,-0.0199778,-0.000369587,0.939
0.94,0.171151,0,0.00753934,0.0176912,0,0,0.420707,-9.92663,-0.0700374,-0.00576351,-0.0196022,-0.00036826,0.94
0.941,0.171151,0,0.00753934,0.0176912,0,0,0.420701,-9.92665,-0.0700376,-0.00565369,-0.0192338,-0.000366859,0.941
0.942,0.171151,0,0.00753934,0.0176912,0,0,0.420696,-9.92667,-0.0700378,-0.00554596,-0.0188722,-0.000365387,0.942
0.943,0.144346,0.0268047,0.00753934,0.0176912,0,0,0.42069,-9.92669,-0.0700381,-0.00544028,-0.0185175,-0.000363848,0.943
0.944,0.0956268,0.0755242,0.00753934,0.0176912,0,0,0.420685,-9.92671,-0.0700383,0.0744465,25.5407,-0.0136594,0.944
0.945,0.0478134,0.127024,0.00753934,0.0176912,0,0,0.420724,-9.90117,-0.0702426,0.261499,85.4319,-0.0448162,0.945
0.946,0.0239067,0.174809,0.00753934,0.0176912,0,0,0.420868,-9.81574,-0.0709249,0.500058,164.167,-0.0830658,0.946
0.947,0.0119533,0.217412,0.00753934,0.0176912,0,0,0.421145,-9.65158,-0.0722329,0.683681,239.752,-0.10788,0.947
0.948,0.00597667,0.255237,0.00942771,0.0158029,0,0,0.421511,-9.41183,-0.0741299,0.798566,305.136,-0.114407,0.948
0.949,0.00298834,0.288163,0.0148082,0.0104224,0,0,0.421918,-9.10671,-0.0765213,-0.554087,359.539,0.131604,0.949
0.95,0.00149417,0.315308,0.020804,0.00521121,0,0,0.420961,-8.74718,-0.0790694,-5.30001,403.908,0.951037,0.95
0.951,0.000747084,0.335659,0.0264131,0.0026056,0,0,0.41535,-8.34327,-0.0811097,-11.9911,439.093,2.10173,0.951
0.952,0.000373542,0.348316,0.0313736,0.0013028,0,0,0.403201,-7.90418,-0.0822026,-18.5503,465.507,3.23617,0.952
0.953,0.000186771,0.352531,0.0357138,0.000651401,0,0,0.384645,-7.43866,-0.0822427,-24.2563,483.035,4.23251,0.953
0.954,9.33855e-05,0.350401,0.0394807,0.000325701,0,0,0.360518,-6.95561,-0.0812447,-28.9832,491.329,5.06793,0.954
0.955,4.66928e-05,0.345237,0.0425971,0.00016285,0,0,0.331776,-6.46425,-0.0792537,-32.8112,491.344,5.7539,0.955
0.956,2.33464e-05,0.338681,0.0449549,8.14252e-05,0,0,0.299294,-5.97289,-0.0763265,-35.8233,485.332,6.30239,0.956
0.957,1.16732e-05,0.331577,0.0464354,4.07126e-05,0,0,0.263865,-5.48753,-0.0725388,-38.0606,475.369,6.71856,0.957
0.958,5.8366e-06,0.324356,0.0469537,2.03563e-05,0,0,0.226239,-5.01213,-0.0679887,-39.5216,463.023,7.00089,0.958
0.959,2.9183e-06,0.317235,0.0464438,1.01781e-05,0,0,0.187171,-4.54909,-0.0627963,-40.1874,449.365,7.14533,0.959
0.96,1.45915e-06,0.310325,0.0448611,5.08907e-06,0,0,0.147436,-4.0997,-0.057101,-40.033,435.095,7.14718,0.96
0.961,7.29574e-07,0.303677,0.0421766,2.54454e-06,0,0,0.107835,-3.66459,-0.051058,-39.0364,420.648,7.00264,0.961
0.962,3.64787e-07,0.297314,0.0383905,1.27227e-06,0,0,0.0691962,-3.24393,-0.0448343,-37.1826,406.291,6.70923,0.962
0.963,1.82394e-07,0.29124,0.0340164,0.00165388,0,0,0.0323661,-2.83763,-0.0386058,-34.4711,392.183,6.26712,0.963
0.964,9.11968e-08,0.285452,0.0293441,0.00516399,0,0,-0.00180533,-2.44544,-0.0325528,-30.4798,378.501,5.60639,0.964
0.965,4.55984e-08,0.279943,0.0245229,0.00954798,0,0,-0.0320452,-2.06694,-0.0269294,-25.0258,365.354,4.69703,0.965
0.966,0.00389627,0.274703,0.0196578,0.0142846,0,0,-0.0568941,-1.70159,-0.0220248,-18.4493,352.754,3.59632,0.966
0.967,0.00992636,0.26972,0.0148039,0.0191119,0,0,-0.0752261,-1.34884,-0.0180765,-11.1763,338.793,2.37593,0.967
0.968,0.0168199,0.264984,0.0100516,0.0238642,0,0,-0.086336,-1.01005,-0.0152549,-3.55832,323.293,1.09518,0.968
0.969,0.0239518,0.260482,0.00550239,0.0284758,0,0,-0.0898664,-0.686758,-0.0136724,4.11689,306.777,-0.197217,0.969
0.97,0.0310188,0.256205,0.0027512,0.0328958,0,0,-0.0857461,-0.379981,-0.0133884,11.631,289.832,-1.46406,0.97
0.971,0.0378785,0.252141,0.0013756,0.0370754,0,0,-0.0741219,-0.0901473,-0.0144187,18.2478,272.968,-2.58183,0.971
0.972,0.0444685,0.248279,0.000687799,0.0409529,0,0,-0.0558776,0.182823,-0.0166474,23.7206,256.504,-3.50872,0.972
0.973,0.0507656,0.244611,0.000343899,0.0443999,0,0,-0.0321466,0.439331,-0.019906,28.1619,240.61,-4.26285,0.973
0.974,0.0567662,0.241125,0.00017195,0.0472685,0,0,-0.00395306,0.679943,-0.024034,31.7208,225.366,-4.86862,0.974
0.975,0.0624761,0.237814,8.59749e-05,0.0494169,0,0,0.0278254,0.90531,-0.0288874,34.4933,210.8,-5.34165,0.975
0.976,0.0679051,0.234668,4.29874e-05,0.0507077,0,0,0.0624047,1.11611,-0.0343321,36.5157,196.911,-5.68784,0.976
0.977,0.073065,0.231679,2.14937e-05,0.0510136,0,0,0.0990353,1.31301,-0.0402355,37.7784,183.683,-5.9055,0.977
0.978,0.077968,0.22884,1.07469e-05,0.0507329,0,0,0.136956,1.49668,-0.0464601,38.2427,171.091,-5.98822,0.978
0.979,0.0826266,0.226142,5.37343e-06,0.050183,0,0,0.175366,1.66776,-0.0528595,38.0494,159.121,-5.95952,0.979
0.98,0.0870524,0.22358,2.68671e-06,0.0495191,0,0,0.213603,1.82686,-0.0593087,37.4011,147.759,-5.85333,0.98
0.981,0.0912572,0.221145,1.34336e-06,0.0488175,0,0,0.251209,1.9746,-0.0657161,36.4697,136.99,-5.69851,0.981
0.982,0.0952518,0.218833,6.71679e-07,0.0481156,0,0,0.287896,2.11156,-0.0720189,35.3792,126.795,-5.51591,0.982
0.983,0.0990467,0.216635,3.35839e-07,0.0474311,0,0,0.323502,2.23833,-0.0781761,34.2118,117.151,-5.31947,0.983
0.984,0.102652,0.214548,1.6792e-07,0.046772,0,0,0.357947,2.35545,-0.0841615,33.019,108.036,-5.11799,0.984
0.985,0.106077,0.212565,8.39598e-08,0.0461414,0,0,0.391205,2.46345,-0.0899592,31.8319,99.4248,-4.91687,0.985
0.986,0.109331,0.210682,4.19799e-08,0.0455401,0,0,0.423277,2.56284,-0.09556,30.6684,91.2941,-4.7193,0.986
0.987,0.112422,0.208892,2.099e-08,0.0449677,0,0,0.454187,2.65409,-0.100959,29.5382,83.6204,-4.52709,0.987
0.988,0.115358,0.207192,1.0495e-08,0.0444235,0,0,0.483966,2.73768,-0.106154,28.4465,76.381,-4.34123,0.988
0.989,0.118148,0.205577,5.2068e-05,0.0439062,0,0,0.512651,2.81402,-0.111146,27.3951,69.5543,-4.16219,0.989
0.99,0.120798,0.204043,0.00048044,0.0434146,0,0,0.540281,2.88353,-0.115936,26.365,63.1203,-3.98689,0.99
0.991,0.123316,0.202585,0.00107685,0.0429475,0,0,0.566877,2.94661,-0.120524,25.2228,57.0669,-3.79322,0.991
0.992,0.125707,0.2012,0.00173818,0.0425037,0,0,0.592324,3.00364,-0.124888,23.9764,51.3743,-3.58258,0.992
0.993,0.127979,0.199885,0.0024138,0.0420821,0,0,0.616516,3.05497,-0.129007,22.6697,46.0215,-3.36233,0.993
0.994,0.130138,0.198635,0.00307932,0.0416816,0,0,0.639392,3.10096,-0.13287,21.3453,40.9885,-3.13965,0.994
0.995,0.132189,0.197448,0.0037234,0.0413011,0,0,0.660932,3.14191,-0.136472,20.0351,36.2572,-2.91988,0.995
0.996,0.134137,0.19632,0.00434121,0.0409396,0,0,0.68115,3.17813,-0.139815,18.76,31.8104,-2.70653,0.996
0.997,0.135988,0.195249,0.00493108,0.0405962,0,0,0.700081,3.2099,-0.142904,17.5323,27.6326,-2.50168,0.997
0.998,0.137746,0.194231,0.00549294,0.0402699,0,0,0.717773,3.2375,-0.145747,16.3585,23.7093,-2.30641,0.998
0.999,0.139416,0.193264,0.00602745,0.03996,0,0,0.734279,3.26118,-0.148355,15.2412,20.0268,-2.1212,0.999
1,0.141003,0.192345,0.0065356,0.0396656,0,0,0.749655,3.28118,-0.150736,14.1809,16.5722,-1.9461,1
1.001,0.14251,0.191472,0.00701853,0.0393859,0,0,0.76396,3.29773,-0.152903,13.1766,13.3335,-1.78094,1.001
1.002,0.143942,0.190643,0.0074774,0.0391202,0,0,0.77725,3.31103,-0.154864,12.2266,10.2991,-1.62543,1.002
1.003,0.145303,0.189856,0.00791338,0.0388677,0,0,0.789578,3.32131,-0.156632,11.3288,7.45821,-1.4792,1.003
1.004,0.146595,0.189107,0.00832758,0.0386279,0,0,0.800999,3.32875,-0.158217,10.4809,4.80041,-1.34184,1.004
1.005,0.147823,0.188397,0.00872109,0.0384001,0,0,0.811562,3.33353,-0.159628,9.68046,2.31591,-1.21294,1.005
1.006,0.148989,0.187721,0.00909492,0.0381836,0,0,0.821315,3.33583,-0.160876,8.92526,-0.00458887,-1.0921,1.006
1.007,0.150097,0.18708,0.00945007,0.037978,0,0,0.830304,3.33581,-0.16197,8.21301,-2.16993,-0.978894,1.007
1.008,0.15115,0.18647,0.00978746,0.0377827,0,0,0.838572,3.33362,-0.162919,7.54153,-4.18852,-0.872944,1.008
1.009,0.161151,0.176891,0.0129927,0.0347124,0,0,0.846161,3.32942,-0.163731,6.90873,-6.06832,-0.773867,1.009
1.01,0.166151,0.172291,0.0145953,0.033238,0,0,0.853109,3.32334,-0.164417,4.11569,-16.9446,-0.31515,1.01
1.011,0.168651,0.169991,0.0153966,0.0325008,0,0,0.857229,3.3064,-0.16448,1.41076,-27.4747,0.128515,1.011
1.012,0.169901,0.168841,0.0157972,0.0321322,0,0,0.858608,3.27893,-0.163939,-0.635491,-35.3025,0.461062,1.012
1.013,0.170526,0.168266,0.0159976,0.0319479,0,0,0.857916,3.24363,-0.162948,-2.01721,-40.4082,0.681037,1.013
1.014,0.170839,0.167978,0.0160977,0.0318558,0,0,0.855826,3.20324,-0.16166,-2.88406,-43.4109,0.81344,1.014
1.014,0.170839,0.167978,0.0160977,0.0318558,0,0,0.85286,3.15985,-0.160196,-3.39416,-44.9626,0.884981,1.015
1.015,0.170995,0.167834,0.0161478,0.0318097,0,0,0.84938,3.1149,-0.158639,-3.63543,-45.423,0.910747,1.016
1.016,0.171073,0.167762,0.0161728,0.0317867,0,0,0.845658,3.0695,-0.157053,-3.76734,-45.4491,0.917729,1.017
1.017,0.171112,0.167726,0.0161854,0.0317752,0,0,0.841806,3.02407,-0.155462,-3.82124,-45.167,0.911493,1.018
1.018,0.171131,0.167708,0.0161916,0.0317694,0,0,0.837901,2.97892,-0.153885,-3.82375,-44.6847,0.896713,1.019
1.019,0.171141,0.1677,0.0161948,0.0317665,0,0,0.833997,2.93425,-0.152333,-3.7942,-44.0805,0.876767,1.02
1.02,0.171146,0.167695,0.0161963,0.0317651,0,0,0.830125,2.89019,-0.150812,-3.7455,-43.4067,0.853914,1.021
1.021,0.171149,0.167693,0.0161971,0.0317644,0,0,0.826305,2.8468,-0.149328,-3.68589,-42.6965,0.82959,1.022
1.022,0.17115,0.167692,0.0161975,0.031764,0,0,0.822547,2.80412,-0.147881,-3.62042,-41.9702,0.804682,1.023
1.023,0.17115,0.167691,0.0161977,0.0317638,0,0,0.818858,2.76216,-0.146472,-3.55217,-41.2402,0.77972,1.024
1.024,0.171151,0.167691,0.0161978,0.0317637,0,0,0.815239,2.72094,-0.145101,-3.48293,-40.5134,0.755012,1.025
1.025,0.171151,0.167691,0.0161978,0.0317637,0,0,0.811693,2.68044,-0.143769,-3.41374,-39.7941,0.730733,1.026
1.026,0.171151,0.167691,0.0161979,0.0317637,0,0,0.808219,2.64066,-0.142473,-3.34519,-39.0845,0.706979,1.027
1.027,0.171151,0.167691,0.0161979,0.0317637,0,0,0.804816,2.60159,-0.141213,-3.27763,-38.3858,0.683796,1.028
1.028,0.171151,0.167691,0.0161979,0.0317636,0,0,0.801482,2.56322,-0.139989,-3.21121,-37.6985,0.661206,1.029
1.029,0.171151,0.167691,0.0161979,0.0317636,0,0,0.798218,2.52553,-0.138799,-3.14603,-37.023,0.639212,1.03
1.03,0.171151,0.167691,0.0161979,0.0317636,0,0,0.795021,2.48852,-0.137643,-3.08213,-36.3593,0.61781,1.031
1.031,0.171151,0.167691,0.0161979,0.0317636,0,0,0.79189,2.45217,-0.13652,-3.0195,-35.7073,0.596991,1.032
1.032,0.171151,0.167691,0.0161979,0.0317636,0,0,0.788824,2.41648,-0.135429,-2.95815,-35.0668,0.576743,1.033
1.033,0.171151,0.167691,0.0161979,0.0317636,0,0,0.785821,2.38142,-0.134368,-2.89805,-34.4377,0.557054,1.034
1.034,0.171151,0.167691,0.0161979,0.0317636,0,0,0.78288,2.347,-0.133338,-2.83919,-33.8199,0.53791,1.035
1.035,0.171151,0.167691,0.0161979,0.0317636,0,0,0.78,2.31319,-0.132337,-2.78154,-33.2131,0.519297,1.036
1.036,0.171151,0.167691,0.0161979,0.0317636,0,0,0.777179,2.27998,-0.131365,-2.72509,-32.6172,0.501201,1.037
1.037,0.171151,0.167691,0.0161979,0.0317636,0,0,0.774417,2.24738,-0.130421,-2.66979,-32.032,0.48361,1.038
1.038,0.171151,0.167691,0.0161979,0.0317636,0,0,0.771711,2.21535,-0.129503,-2.61564,-31.4572,0.466509,1.039
1.039,0.171151,0.167691,0.0161979,0.0317636,0,0,0.769061,2.18391,-0.128613,-2.56261,-30.8927,0.449887,1.04
1.04,0.171151,0.167691,0.0161979,0.0317636,0,0,0.766465,2.15302,-0.127748,-2.51067,-30.3384,0.43373,1.041
1.041,0.171151,0.167691,0.0161979,0.0317636,0,0,0.763923,2.12269,-0.126907,-2.4598,-29.7939,0.418027,1.042
1.042,0.171151,0.167691,0.0161979,0.0317636,0,0,0.761433,2.09291,-0.126092,-2.40998,-29.2592,0.402765,1.043
1.043,0.171151,0.167691,0.0161979,0.0317636,0,0,0.758994,2.06366,-0.1253,-2.36118,-28.7341,0.387933,1.044
1.044,0.171151,0.167691,0.0161979,0.0317636,0,0,0.756605,2.03493,-0.12453,-2.31339,-28.2184,0.373519,1.045
1.045,0.171151,0.167691,0.0161979,0.0317636,0,0,0.754265,2.00672,-0.123784,-2.26658,-27.712,0.359513,1.046
1.046,0.171151,0.167691,0.0161979,0.0317636,0,0,0.751973,1.97901,-0.123059,-2.22073,-27.2146,0.345904,1.047
1.047,0.171151,0.167691,0.0161979,0.0317636,0,0,0.749728,1.95181,-0.122356,-2.17582,-26.7261,0.332682,1.048
1.048,0.171151,0.167691,0.0161979,0.0317636,0,0,0.747529,1.92509,-0.121673,-2.13184,-26.2464,0.319835,1.049
1.049,0.171151,0.167691,0.0161979,0.0317636,0,0,0.745375,1.89885,-0.12101,-2.08876,-25.7753,0.307356,1.05
1.05,0.171151,0.167691,0.0161979,0.0317636,0,0,0.743265,1.87308,-0.120367,-2.04656,-25.3126,0.295233,1.051
1.051,0.171151,0.167691,0.0161979,0.0317636,0,0,0.741198,1.84777,-0.119743,-2.00522,-24.8582,0.283457,1.052
1.052,0.171151,0.167691,0.0161979,0.0317636,0,0,0.739173,1.82292,-0.119138,-1.96474,-24.4119,0.27202,1.053
1.053,0.171151,0.167691,0.0161979,0.0317636,0,0,0.73719,1.79851,-0.118551,-1.92508,-23.9737,0.260913,1.054
1.054,0.171151,0.167691,0.0161979,0.0317636,0,0,0.735247,1.77454,-0.117981,-1.88623,-23.5433,0.250126,1.055
1.055,0.171151,0.167691,0.0161979,0.0317636,0,0,0.733344,1.751,-0.117429,-1.84818,-23.1206,0.239652,1.056
1.056,0.171151,0.167691,0.0161979,0.0317636,0,0,0.731479,1.72789,-0.116893,-1.81091,-22.7055,0.229482,1.057
1.057,0.171151,0.167691,0.0161979,0.0317636,0,0,0.729653,1.70519,-0.116373,-1.77439,-22.2979,0.219608,1.058
1.058,0.171151,0.167691,0.0161979,0.0317636,0,0,0.727863,1.6829,-0.11587,-1.73863,-21.8976,0.210023,1.059
1.059,0.171151,0.167691,0.0161979,0.0317636,0,0,0.72611,1.661,-0.115381,-1.70359,-21.5044,0.200719,1.06
1.06,0.171151,0.167691,0.0161979,0.0317636,0,0,0.724393,1.6395,-0.114908,-1.66927,-21.1183,0.191688,1.061
1.061,0.171151,0.167691,0.0161979,0.0317636,0,0,0.72271,1.61839,-0.114449,-1.63565,-20.7391,0.182923,1.062
1.062,0.171151,0.167691,0.0161979,0.0317636,0,0,0.721062,1.59765,-0.114004,-1.60271,-20.3667,0.174418,1.063
1.063,0.171151,0.167691,0.0161979,0.0317636,0,0,0.719448,1.57729,-0.113573,-1.57045,-20.001,0.166165,1.064
1.064,0.171151,0.167691,0.0161979,0.0317636,0,0,0.717866,1.55729,-0.113156,-1.53884,-19.6418,0.158158,1.065
1.065,0.171151,0.167691,0.0161979,0.0317636,0,0,0.716316,1.53765,-0.112752,-1.50788,-19.2891,0.150391,1.066
1.066,0.171151,0.167691,0.0161979,0.0317636,0,0,0.714797,1.51837,-0.11236,-1.47755,-18.9427,0.142856,1.067
1.067,0.171151,0.167691,0.0161979,0.0317636,0,0,0.71331,1.49943,-0.111981,-1.44783,-18.6025,0.135549,1.068
1.068,0.171151,0.167691,0.0161979,0.0317636,0,0,0.711852,1.48083,-0.111613,-1.41872,-18.2685,0.128462,1.069
1.069,0.171151,0.167691,0.0161979,0.0317636,0,0,0.710424,1.46256,-0.111258,-1.3902,-17.9404,0.12159,1.07
1.07,0.171151,0.167691,0.0161979,0.0317636,0,0,0.709025,1.44463,-0.110914,-1.36226,-17.6182,0.114928,1.071
1.071,0.171151,0.167691,0.0161979,0.0317636,0,0,0.707655,1.42701,-0.110581,-1.33489,-17.3018,0.108469,1.072
1.072,0.171151,0.167691,0.0161979,0.0317636,0,0,0.706312,1.40971,-0.110258,-1.30807,-16.991,0.102209,1.073
1.073,0.171151,0.167691,0.0161979,0.0317636,0,0,0.704996,1.39272,-0.109947,-1.2818,-16.6859,0.0961426,1.074
1.074,0.171151,0.167691,0.0161979,0.0317636,0,0,0.703707,1.37604,-0.109645,-1.25607,-16.3862,0.0902638,1.075
1.075,0.171151,0.167691,0.0161979,0.0317636,0,0,0.702444,1.35966,-0.109354,-1.23085,-16.0919,0.084568,1.076
1.076,0.171151,0.167691,0.0161979,0.0317636,0,0,0.701206,1.34357,-0.109072,-1.20615,-15.8028,0.0790505,1.077
1.077,0.171151,0.167691,0.0161979,0.0317636,0,0,0.699994,1.32777,-0.108799,-1.18194,-15.519,0.0737064,1.078
1.078,0.171151,0.167691,0.0161979,0.0317636,0,0,0.698806,1.31225,-0.108536,-1.15823,-15.2402,0.0685311,1.079
1.079,0.171151,0.167691,0.0161979,0.0317636,0,0,0.697642,1.29701,-0.108281,-1.135,-14.9665,0.0635202,1.08
1.08,0.171151,0.167691,0.0161979,0.0317636,0,0,0.696501,1.28205,-0.108036,-1.11224,-14.6976,0.0586692,1.081
1.081,0.171151,0.167691,0.0161979,0.0317636,0,0,0.695384,1.26735,-0.107798,-1.08994,-14.4336,0.0539738,1.082
1.082,0.171151,0.167691,0.0161979,0.0317636,0,0,0.694289,1.25292,-0.107569,-1.06809,-14.1743,0.0494299,1.083
1.083,0.171151,0.167691,0.0161979,0.0317636,0,0,0.693216,1.23875,-0.107348,-1.04669,-13.9197,0.0450335,1.084
1.084,0.171151,0.167691,0.0161979,0.0317636,0,0,0.692164,1.22483,-0.107134,-1.02571,-13.6697,0.0407804,1.085
1.085,0.171151,0.167691,0.0161979,0.0317636,0,0,0.691134,1.21116,-0.106928,-1.00517,-13.4241,0.036667,1.086
1.086,0.171151,0.167691,0.0161979,0.0317636,0,0,0.690125,1.19774,-0.10673,-0.985033,-13.1829,0.0326895,1.087
1.087,0.171151,0.167691,0.0161979,0.0317636,0,0,0.689136,1.18456,-0.106538,-0.965308,-12.9461,0.0288441,1.088
1.088,0.171151,0.167691,0.0161979,0.0317636,0,0,0.688167,1.17161,-0.106354,-0.945981,-12.7135,0.0251273,1.089
1.089,0.171151,0.167691,0.0161979,0.0317636,0,0,0.687217,1.1589,-0.106176,-0.927045,-12.4851,0.0215357,1.09
1.09,0.171151,0.167691,0.0161979,0.0317636,0,0,0.686287,1.14641,-0.106004,-0.908491,-12.2608,0.0180657,1.091
1.091,0.171151,0.167691,0.0161979,0.0317636,0,0,0.685375,1.13415,-0.105839,-0.890312,-12.0406,0.0147142,1.092
1.092,0.171151,0.167691,0.0161979,0.0317636,0,0,0.684481,1.12212,-0.105681,-0.8725,-11.8242,0.0114779,1.093
1.093,0.171151,0.167691,0.0161979,0.0317636,0,0,0.683606,1.11029,-0.105528,-0.855048,-11.6118,0.00835369,1.094
1.094,0.171151,0.167691,0.0161979,0.0317636,0,0,0.682748,1.09868,-0.105381,-0.837948,-11.4032,0.00533845,1.095
1.095,0.171151,0.167691,0.0161979,0.0317636,0,0,0.681907,1.08728,-0.10524,-0.821194,-11.1983,0.00242923,1.096
1.096,0.171151,0.167691,0.0161979,0.0317636,0,0,0.681084,1.07608,-0.105104,-0.804777,-10.9971,-0.000376882,1.097
1.097,0.171151,0.167691,0.0161979,0.0317636,0,0,0.680276,1.06508,-0.104974,-0.788691,-10.7995,-0.00308272,1.098
1.098,0.171151,0.167691,0.0161979,0.0317636,0,0,0.679485,1.05429,-0.104848,-0.77293,-10.6055,-0.00569104,1.099
1.099,0.171151,0.167691,0.0161979,0.0317636,0,0,0.67871,1.04368,-0.104728,-0.757486,-10.4149,-0.00820454,1.1
1.1,0.171151,0.167691,0.0161979,0.0317636,0,0,0.677951,1.03327,-0.104613,-0.742354,-10.2278,-0.0106258,1.101
1.101,0.171151,0.167691,0.0161979,0.0317636,0,0,0.677206,1.02304,-0.104503,-0.727526,-10.044,-0.0129575,1.102
1.102,0.171151,0.167691,0.0161979,0.0317636,0,0,0.676477,1.013,-0.104397,-0.712998,-9.86351,-0.015202,1.103
1.103,0.171151,0.167691,0.0161979,0.0317636,0,0,0.675762,1.00313,-0.104296,-0.698762,-9.68627,-0.0173618,1.104
1.104,0.171151,0.167691,0.0161979,0.0317636,0,0,0.675062,0.993448,-0.104199,-0.684812,-9.51222,-0.0194392,1.105
1.105,0.171151,0.167691,0.0161979,0.0317636,0,0,0.674375,0.983936,-0.104106,-0.671144,-9.34129,-0.0214365,1.106
1.106,0.171151,0.167691,0.0161979,0.0317636,0,0,0.673703,0.974595,-0.104018,-0.65775,-9.17344,-0.0233561,1.107
1.107,0.171151,0.167691,0.0161979,0.0317636,0,0,0.673043,0.965422,-0.103933,-0.644626,-9.00859,-0.0252,1.108
1.108,0.171151,0.167691,0.0161979,0.0317636,0,0,0.672397,0.956414,-0.103853,-0.631766,-8.84671,-0.0269705,1.109
1.109,0.171151,0.167691,0.0161979,0.0317636,0,0,0.671764,0.947567,-0.103776,-0.619165,-8.68774,-0.0286695,1.11
1.11,0.171151,0.167691,0.0161979,0.0317636,0,0,0.671144,0.93888,-0.103702,-0.606817,-8.53162,-0.0302992,1.111
1.111,0.171151,0.167691,0.0161979,0.0317636,0,0,0.670536,0.930348,-0.103633,-0.594718,-8.3783,-0.0318615,1.112
1.112,0.171151,0.167691,0.0161979,0.0317636,0,0,0.66994,0.92197,-0.103567,-0.582862,-8.22774,-0.0333583,1.113
1.113,0.171151,0.167691,0.0161979,0.0317636,0,0,0.669356,0.913743,-0.103504,-0.571244,-8.07988,-0.0347915,1.114
1.114,0.171151,0.167691,0.0161979,0.0317636,0,0,0.668784,0.905663,-0.103444,-0.559859,-7.93468,-0.0361629,1.115
1.115,0.171151,0.167691,0.0161979,0.0317636,0,0,0.668223,0.897729,-0.103388,-0.548704,-7.79208,-0.0374743,1.116
1.116,0.171151,0.167691,0.0161979,0.0317636,0,0,0.667674,0.889937,-0.103334,-0.537772,-7.65205,-0.0387275,1.117
1.117,0.171151,0.167691,0.0161979,0.0317636,0,0,0.667135,0.882285,-0.103284,-0.52706,-7.51453,-0.0399241,1.118
1.118,0.171151,0.167691,0.0161979,0.0317636,0,0,0.666607,0.87477,-0.103236,-0.516563,-7.37948,-0.0410658,1.119
1.119,0.171151,0.167691,0.0161979,0.0317636,0,0,0.66609,0.867391,-0.103191,-0.506277,-7.24686,-0.0421541,1.12
1.12,0.171151,0.167691,0.0161979,0.0317636,0,0,0.665583,0.860144,-0.103149,-0.496197,-7.11662,-0.0431907,1.121
1.121,0.171151,0.167691,0.0161979,0.0317636,0,0,0.665086,0.853027,-0.10311,-0.486319,-6.98872,-0.0441771,1.122
1.122,0.171151,0.167691,0.0161979,0.0317636,0,0,0.6646,0.846038,-0.103073,-0.47664,-6.86311,-0.0451148,1.123
1.123,0.171151,0.167691,0.0161979,0.0317636,0,0,0.664122,0.839175,-0.103038,-0.467155,-6.73977,-0.0460051,1.124
1.124,0.171151,0.167691,0.0161979,0.0317636,0,0,0.663655,0.832435,-0.103006,-0.45786,-6.61864,-0.0468495,1.125
1.125,0.171151,0.167691,0.0161979,0.0317636,0,0,0.663197,0.825817,-0.102976,-0.448751,-6.49968,-0.0476495,1.126
1.126,0.171151,0.167691,0.0161979,0.0317636,0,0,0.662747,0.819317,-0.102949,-0.439826,-6.38286,-0.0484062,1.127
1.127,0.171151,0.167691,0.0161979,0.0317636,0,0,0.662307,0.812934,-0.102923,-0.431079,-6.26815,-0.0491211,1.128
1.128,0.171151,0.167691,0.0161979,0.0317636,0,0,0.661876,0.806665,-0.1029,-0.422507,-6.15549,-0.0497953,1.129
1.129,0.171151,0.167691,0.0161979,0.0317636,0,0,0.661453,0.80051,-0.102879,-0.414107,-6.04485,-0.0504302,1.13
1.13,0.171151,0.167691,0.0161979,0.0317636,0,0,0.661039,0.794465,-0.102859,-0.405876,-5.93621,-0.0510269,1.131
1.131,0.171151,0.167691,0.0161979,0.0317636,0,0,0.660633,0.788528,-0.102842,-0.397809,-5.82951,-0.0515866,1.132
1.132,0.171151,0.167691,0.0161979,0.0317636,0,0,0.660234,0.782699,-0.102826,-0.389904,-5.72473,-0.0521105,1.133
1.133,0.171151,0.167691,0.0161979,0.0317636,0,0,0.659844,0.776974,-0.102812,-0.382157,-5.62184,-0.0525996,1.134
1.134,0.171151,0.167691,0.0161979,0.0317636,0,0,0.659462,0.771352,-0.1028,-0.374566,-5.52079,-0.053055,1.135
1.135,0.171151,0.167691,0.0161979,0.0317636,0,0,0.659087,0.765831,-0.10279,-0.367126,-5.42156,-0.0534779,1.136
1.136,0.171151,0.167691,0.0161979,0.0317636,0,0,0.65872,0.760409,-0.102781,-0.359835,-5.32411,-0.0538691,1.137
1.137,0.171151,0.167691,0.0161979,0.0317636,0,0,0.65836,0.755084,-0.102774,-0.35269,-5.22842,-0.0542298,1.138
1.138,0.171151,0.167691,0.0161979,0.0317636,0,0,0.658007,0.749856,-0.102768,-0.345689,-5.13444,-0.0545609,1.139
1.139,0.171151,0.167691,0.0161979,0.0317636,0,0,0.657662,0.744721,-0.102763,-0.338827,-5.04215,-0.0548633,1.14
1.14,0.171151,0.167691,0.0161979,0.0317636,0,0,0.657323,0.739679,-0.10276,-0.332102,-4.95152,-0.0551379,1.141
1.141,0.171151,0.167691,0.0161979,0.0317636,0,0,0.656991,0.734727,-0.102759,-0.325512,-4.86252,-0.0553858,1.142
1.142,0.171151,0.167691,0.0161979,0.0317636,0,0,0.656665,0.729864,-0.102758,-0.319054,-4.77511,-0.0556076,1.143
1.143,0.171151,0.167691,0.0161979,0.0317636,0,0,0.656346,0.725088,-0.102759,-0.312725,-4.68928,-0.0558044,1.144
1.144,0.171151,0.167691,0.0161979,0.0317636,0,0,0.656033,0.720399,-0.102761,-0.306523,-4.60499,-0.0559769,1.145
1.145,0.171151,0.167691,0.0161979,0.0317636,0,0,0.655727,0.715794,-0.102765,-0.300444,-4.52221,-0.0561259,1.146
1.146,0.171151,0.167691,0.0161979,0.0317636,0,0,0.655427,0.711271,-0.102769,-0.294487,-4.44093,-0.0562522,1.147
1.147,0.171151,0.167691,0.0161979,0.0317636,0,0,0.655132,0.70683,-0.102774,-0.288649,-4.3611,-0.0563566,1.148
1.148,0.171151,0.167691,0.0161979,0.0317636,0,0,0.654844,0.702468,-0.102781,-0.282927,-4.28271,-0.0564398,1.149
1.149,0.171151,0.167691,0.0161979,0.0317636,0,0,0.654561,0.698185,-0.102788,-0.27732,-4.20572,-0.0565025,1.15
1.15,0.171151,0.167691,0.0161979,0.0317636,0,0,0.654284,0.693979,-0.102797,-0.271825,-4.13012,-0.0565455,1.151
1.151,0.171151,0.167691,0.0161979,0.0317636,0,0,0.654012,0.689849,-0.102806,-0.26644,-4.05588,-0.0565695,1.152
1.152,0.171151,0.167691,0.0161979,0.0317636,0,0,0.653745,0.685792,-0.102816,-0.261162,-3.98297,-0.056575,1.153
1.153,0.171151,0.167691,0.0161979,0.0317636,0,0,0.653484,0.681809,-0.102828,-0.255989,-3.91137,-0.0565628,1.154
1.154,0.171151,0.167691,0.0161979,0.0317636,0,0,0.653229,0.677897,-0.102839,-0.25092,-3.84106,-0.0565334,1.155
1.155,0.171151,0.167691,0.0161979,0.0317636,0,0,0.652978,0.674056,-0.102852,-0.245952,-3.77201,-0.0564876,1.156
1.156,0.171151,0.167691,0.0161979,0.0317636,0,0,0.652732,0.670283,-0.102866,-0.241083,-3.70421,-0.0564259,1.157
1.157,0.171151,0.167691,0.0161979,0.0317636,0,0,0.652491,0.666579,-0.10288,-0.236311,-3.63762,-0.0563488,1.158
1.158,0.171151,0.167691,0.0161979,0.0317636,0,0,0.652255,0.662941,-0.102895,-0.231634,-3.57223,-0.056257,1.159
1.159,0.171151,0.167691,0.0161979,0.0317636,0,0,0.652024,0.659368,-0.10291,-0.227051,-3.50801,-0.056151,1.16
1.16,0.171151,0.167691,0.0161979,0.0317636,0,0,0.651797,0.65586,-0.102927,-0.222559,-3.44495,-0.0560313,1.161
1.161,0.171151,0.167691,0.0161979,0.0317636,0,0,0.651574,0.652414,-0.102944,-0.218156,-3.38302,-0.0558984,1.162
1.162,0.171151,0.167691,0.0161979,0.0317636,0,0,0.651356,0.649031,-0.102961,-0.213842,-3.32221,-0.0557529,1.163
1.163,0.171151,0.167691,0.0161979,0.0317636,0,0,0.651143,0.645708,-0.102979,-0.209613,-3.26248,-0.0555953,1.164
1.164,0.171151,0.167691,0.0161979,0.0317636,0,0,0.650933,0.642445,-0.102997,-0.205469,-3.20383,-0.0554259,1.165
1.165,0.171151,0.167691,0.0161979,0.0317636,0,0,0.650728,0.639241,-0.103016,-0.201407,-3.14624,-0.0552454,1.166
1.166,0.171151,0.167691,0.0161979,0.0317636,0,0,0.650527,0.636094,-0.103036,-0.197426,-3.08968,-0.0550541,1.167
1.167,0.171151,0.167691,0.0161979,0.0317636,0,0,0.65033,0.633004,-0.103056,-0.193525,-3.03413,-0.0548524,1.168
1.168,0.171151,0.167691,0.0161979,0.0317636,0,0,0.650136,0.62997,-0.103076,-0.189701,-2.97959,-0.0546409,1.169
1.169,0.171151,0.167691,0.0161979,0.0317636,0,0,0.649947,0.62699,-0.103097,-0.185953,-2.92602,-0.0544199,1.17
1.17,0.171151,0.167691,0.0161979,0.0317636,0,0,0.649761,0.624063,-0.103118,-0.18228,-2.87342,-0.0541898,1.171
1.171,0.171151,0.167691,0.0161979,0.0317636,0,0,0.649579,0.621189,-0.10314,-0.17868,-2.82177,-0.053951,1.172
1.172,0.171151,0.167691,0.0161979,0.0317636,0,0,0.649401,0.618367,-0.103162,-0.175152,-2.77104,-0.053704,1.173
1.173,0.171151,0.167691,0.0161979,0.0317636,0,0,0.649226,0.615596,-0.103184,-0.171694,-2.72122,-0.0534489,1.174
1.174,0.171151,0.167691,0.0161979,0.0317636,0,0,0.649054,0.612874,-0.103207,-0.168305,-2.6723,-0.0531863,1.175
1.175,0.171151,0.167691,0.0161979,0.0317636,0,0,0.648886,0.610201,-0.10323,-0.164983,-2.62426,-0.0529165,1.176
1.176,0.171151,0.167691,0.0161979,0.0317636,0,0,0.648722,0.607577,-0.103253,-0.161727,-2.57708,-0.0526398,1.177
1.177,0.171151,0.167691,0.0161979,0.0317636,0,0,0.64856,0.604999,-0.103276,-0.158536,-2.53075,-0.0523565,1.178
1.178,0.171151,0.167691,0.0161979,0.0317636,0,0,0.648402,0.602468,-0.1033,-0.155409,-2.48525,-0.052067,1.179
1.179,0.171151,0.167691,0.0161979,0.0317636,0,0,0.648247,0.599982,-0.103324,-0.152344,-2.44057,-0.0517715,1.18
1.18,0.171151,0.167691,0.0161979,0.0317636,0,0,0.648095,0.597541,-0.103348,-0.149339,-2.3967,-0.0514704,1.181
1.181,0.171151,0.167691,0.0161979,0.0317636,0,0,0.647945,0.595144,-0.103373,-0.146395,-2.35361,-0.051164,1.182
1.182,0.171151,0.167691,0.0161979,0.0317636,0,0,0.647799,0.59279,-0.103397,-0.143509,-2.31129,-0.0508525,1.183
1.183,0.171151,0.167691,0.0161979,0.0317636,0,0,0.647656,0.590478,-0.103422,-0.14068,-2.26974,-0.0505362,1.184
1.184,0.171151,0.167691,0.0161979,0.0317636,0,0,0.647516,0.588208,-0.103447,-0.137908,-2.22894,-0.0502154,1.185
1.185,0.171151,0.167691,0.0161979,0.0317636,0,0,0.647378,0.585979,-0.103472,-0.13519,-2.18886,-0.0498903,1.186
1.186,0.171151,0.167691,0.0161979,0.0317636,0,0,0.647243,0.58379,-0.103497,-0.132527,-2.14951,-0.0495612,1.187
1.187,0.171151,0.167691,0.0161979,0.0317636,0,0,0.647111,0.58164,-0.103522,-0.129917,-2.11087,-0.0492283,1.188
1.188,0.171151,0.167691,0.0161979,0.0317636,0,0,0.646981,0.579528,-0.103548,-0.127358,-2.07292,-0.048892,1.189
1.189,0.171151,0.167691,0.0161979,0.0317636,0,0,0.646854,0.577455,-0.103573,-0.12485,-2.03565,-0.0485523,1.19
1.19,0.171151,0.167691,0.0161979,0.0317636,0,0,0.646729,0.575419,-0.103599,-0.122392,-1.99905,-0.0482095,1.191
1.191,0.171151,0.167691,0.0161979,0.0317636,0,0,0.646607,0.573419,-0.103624,-0.119983,-1.96311,-0.0478638,1.192
1.192,0.171151,0.167691,0.0161979,0.0317636,0,0,0.646488,0.571456,-0.10365,-0.117621,-1.92782,-0.0475155,1.193
1.193,0.171151,0.167691,0.0161979,0.0317636,0,0,0.64637,0.569528,-0.103676,-0.115307,-1.89316,-0.0471648,1.194
1.194,0.171151,0.167691,0.0161979,0.0317636,0,0,0.646255,0.567634,-0.103702,-0.113038,-1.85912,-0.0468117,1.195
1.195,0.171151,0.167691,0.0161979,0.0317636,0,0,0.646142,0.565775,-0.103727,-0.110815,-1.8257,-0.0464566,1.196
1.196,0.171151,0.167691,0.0161979,0.0317636,0,0,0.646032,0.563949,-0.103753,-0.108635,-1.79287,-0.0460996,1.197
1.197,0.171151,0.167691,0.0161979,0.0317636,0,0,0.645923,0.562155,-0.103779,-0.106499,-1.76064,-0.0457409,1.198
1.198,0.171151,0.167691,0.0161979,0.0317636,0,0,0.645817,0.560394,-0.103805,-0.104405,-1.72898,-0.0453806,1.199
1.199,0.171151,0.167691,0.0161979,0.0317636,0,0,0.645713,0.558665,-0.103831,-0.102353,-1.6979,-0.045019,1.2
1.2,0.171151,0.167691,0.0161979,0.0317636,0,0,0.645611,0.556967,-0.103857,-0.100341,-1.66737,-0.0446561,1.201
