BST,AMR,ALR,AIR,ASR,ASO,AIO,RX,RY,RZ,RXu,RYu,RZu,SST
0.94,0.174754,0,0.00204246,0.0182426,0,0,0.668069,-10.1513,-0.111257,0.00210864,-0.0207638,-0.00180182,0.94
0.941,0.174754,0,0.00204246,0.0182426,0,0,0.668071,-10.1513,-0.111259,0.00206588,-0.0203725,-0.00177361,0.941
0.942,0.173425,0.00132932,0.00204246,0.0182426,0,0,0.668073,-10.1513,-0.11126,0.00202399,-0.0199886,-0.00174583,0.942
0.943,0.129935,0.0444706,0.00204246,0.0182426,0,0,0.668075,-10.1513,-0.111262,0.00833902,1.24583,-0.00277783,0.943
0.944,0.0653005,0.0975205,0.00204246,0.0182426,0,0,0.66808,-10.1501,-0.111279,0.219855,43.1357,-0.0380103,0.944
0.945,0.0326503,0.149069,0.00204246,0.0182426,0,0,0.668203,-10.1069,-0.111829,0.649088,120.84,-0.109412,0.945
0.946,0.0163251,0.195612,0.0133597,0.00912128,0,0,0.668581,-9.9861,-0.113371,1.01537,201.96,-0.166371,0.946
0.947,0.00816256,0.236913,0.0285227,0.00456064,0,0,0.669152,-9.78416,-0.115933,-6.37987,274.607,1.07955,0.947
0.948,0.00408128,0.273769,0.0437069,0.00228032,0,0,0.662406,-9.50956,-0.118092,-17.638,336.457,2.98166,0.948
0.949,0.00204064,0.305502,0.0576414,0.00114016,0,0,0.644616,-9.17309,-0.119013,-30.0486,388.192,5.08854,0.949
0.95,0.00102032,0.331061,0.0700716,0.00057008,0,0,0.614683,-8.78486,-0.118283,-42.0944,430.661,7.14588,0.95
0.951,0.00051016,0.349405,0.0811658,0.00028504,0,0,0.572979,-8.35415,-0.115728,-53.0782,464.253,9.03496,0.951
0.952,0.00025508,0.35966,0.0907549,0.00014252,0,0,0.520546,-7.88983,-0.111289,-62.8004,488.92,10.7194,0.952
0.953,0.00012754,0.361101,0.0985326,7.126e-05,0,0,0.458615,-7.40083,-0.104952,-71.1512,504.342,12.1775,0.953
0.954,6.377e-05,0.357521,0.104186,3.563e-05,0,0,0.388522,-6.89641,-0.0967429,-77.9931,510.067,13.3829,0.954
0.955,3.1885e-05,0.351561,0.107433,1.7815e-05,0,0,0.311729,-6.38626,-0.0867467,-83.1623,507.853,14.3051,0.955
0.956,1.59425e-05,0.344554,0.108051,8.9075e-06,0,0,0.229858,-5.87834,-0.0751328,-86.4862,500.038,14.9122,0.956
0.957,7.97125e-06,0.337181,0.106517,4.45375e-06,0,0,0.144701,-5.37825,-0.0621586,-87.8069,488.589,15.1756,0.957
0.958,3.98563e-06,0.329788,0.103915,2.22688e-06,0,0,0.0582066,-4.88962,-0.0481553,-87.2368,474.972,15.1126,0.958
0.959,1.99281e-06,0.322551,0.100776,1.11344e-06,0,0,-0.0277787,-4.41464,-0.0334717,-85.2582,460.221,14.8028,0.959
0.96,9.96407e-07,0.315556,0.0973691,5.56719e-07,0,0,-0.111877,-3.95442,-0.018401,-82.34,445.022,14.3243,0.96
0.961,4.98203e-07,0.308842,0.093838,2.78359e-07,0,0,-0.193167,-3.50943,-0.00317157,-78.8418,429.802,13.7374,0.961
0.962,2.49102e-07,0.302424,0.0902512,1.3918e-07,0,0,-0.271077,-3.07967,0.0120433,-75.0141,414.819,13.0846,0.962
0.963,1.24551e-07,0.296302,0.086648,6.95899e-08,0,0,-0.345282,-2.66492,0.0271121,-71.0196,400.222,12.3942,0.963
0.964,6.22754e-08,0.290472,0.0830554,3.47949e-08,0,0,-0.415612,-2.26478,0.0419339,-66.9613,386.09,11.6843,0.964
0.965,3.11377e-08,0.284925,0.0794851,1.73975e-08,0,0,-0.482001,-1.87879,0.0564298,-62.905,372.464,10.9671,0.965
0.966,1.55689e-08,0.279649,0.0759585,8.69873e-09,0,0,-0.544443,-1.50643,0.0705374,-58.8903,359.356,10.2503,0.966
0.967,7.78443e-09,0.274633,0.0725112,4.34937e-09,0,0,-0.602974,-1.14719,0.0842067,-54.9463,346.766,9.53986,0.967
0.968,3.89221e-09,0.269866,0.0691803,2.17468e-09,0,0,-0.657656,-0.80054,0.0973979,-51.1013,334.685,8.84139,0.968
0.969,1.94611e-09,0.265336,0.0659967,1.08734e-09,0,0,-0.70858,-0.465978,0.110081,-47.3837,323.103,8.16055,0.969
0.97,9.73053e-10,0.261031,0.0629851,5.43671e-10,0,0,-0.755865,-0.143001,0.122238,-43.8194,312.002,7.50245,0.97
0.971,4.86527e-10,0.256941,0.0601693,2.71835e-10,0,0,-0.799656,0.168875,0.133855,-40.4302,301.367,6.87147,0.971
0.972,2.43263e-10,0.253055,0.0575724,1.35918e-10,0,0,-0.840119,0.470117,0.144932,-37.2353,291.18,6.27145,0.972
0.973,1.21632e-10,0.249363,0.0552122,6.79589e-11,0,0,-0.87744,0.761174,0.155473,-34.2522,281.423,5.70589,0.973
0.974,6.08158e-11,0.245856,0.053098,3.39794e-11,0,0,-0.911826,1.04248,0.165488,-31.4952,272.079,5.17766,0.974
0.975,3.04079e-11,0.242524,0.0512298,1.69897e-11,0,0,-0.943494,1.31444,0.174997,-28.9737,263.129,4.68875,0.975
0.976,1.5204e-11,0.239358,0.0496115,8.49486e-12,0,0,-0.972674,1.57745,0.18402,-26.6906,254.556,4.24005,0.976
0.977,7.60198e-12,0.23635,0.0482438,4.24743e-12,0,0,-0.999601,1.8319,0.192584,-24.6473,246.343,3.83208,0.977
0.978,3.80099e-12,0.233493,0.0471192,2.12371e-12,0,0,-1.02451,2.07814,0.200717,-22.8426,238.474,3.46492,0.978
0.979,1.90049e-12,0.230779,0.0462217,1.06186e-12,0,0,-1.04763,2.31651,0.20845,-21.2712,230.932,3.13791,0.979
0.98,9.50247e-13,0.2282,0.0455339,5.30929e-13,0,0,-1.0692,2.54735,0.215816,-19.9223,223.701,2.84943,0.98
0.981,4.75124e-13,0.22575,0.0450426,2.65464e-13,0,0,-1.08943,2.77096,0.222846,-18.7819,216.767,2.59726,0.981
0.982,2.37562e-13,0.223423,0.0446871,1.32732e-13,0,0,-1.10854,2.98764,0.229572,-17.8356,210.114,2.37916,0.982
0.983,1.18781e-13,0.221212,0.0444042,6.63661e-14,0,0,-1.12671,3.19767,0.236025,-17.0516,203.729,2.18985,0.983
0.984,5.93905e-14,0.219112,0.044163,3.3183e-14,0,0,-1.14411,3.40131,0.24223,-16.3875,197.596,2.02238,0.984
0.985,2.96952e-14,0.217116,0.0439476,1.65915e-14,0,0,-1.16085,3.59883,0.248208,-15.8083,191.701,1.8709,0.985
0.986,1.48476e-14,0.215221,0.0437498,8.29576e-15,0,0,-1.17702,3.79045,0.253973,-15.2886,186.034,1.7312,0.986
0.987,7.42381e-15,0.21342,0.0435653,4.14788e-15,0,0,-1.19268,3.97641,0.259538,-14.8111,180.583,1.60042,0.987
0.988,3.7119e-15,0.211709,0.0433918,2.07394e-15,0,0,-1.20786,4.15692,0.26491,-14.3649,175.337,1.4767,0.988
0.989,1.85595e-15,0.210084,0.0432278,1.03697e-15,0,0,-1.2226,4.33219,0.270096,-13.9427,170.288,1.35885,0.989
0.99,9.27976e-16,0.20854,0.0430724,5.18485e-16,0,0,-1.23693,4.50241,0.275102,-13.5403,165.427,1.24609,0.99
0.991,4.63988e-16,0.207073,0.042925,2.59242e-16,0,0,-1.25085,4.66777,0.279934,-13.1546,160.745,1.13791,0.991
0.992,2.31994e-16,0.20568,0.0427851,1.29621e-16,0,0,-1.26438,4.82845,0.284596,-12.7838,156.235,1.03397,0.992
0.993,1.15997e-16,0.204356,0.0426523,6.48106e-17,0,0,-1.27754,4.98463,0.289093,-12.4265,151.888,0.934021,0.993
0.994,5.79985e-17,0.203098,0.0425261,3.24053e-17,0,0,-1.29034,5.13646,0.29343,-12.0819,147.699,0.83786,0.994
0.995,2.89993e-17,0.201904,0.0424062,1.62027e-17,0,0,-1.3028,5.2841,0.29761,-11.7492,143.659,0.745328,0.995
0.996,1.44996e-17,0.200769,0.0422924,8.10133e-18,0,0,-1.31492,5.4277,0.301639,-11.4277,139.763,0.656289,0.996
0.997,7.24981e-18,0.199691,0.0421842,4.05066e-18,0,0,-1.32672,5.56742,0.305519,-11.1169,136.005,0.570615,0.997
0.998,3.62491e-18,0.198666,0.0420815,2.02533e-18,0,0,-1.3382,5.70337,0.309256,-10.8165,132.379,0.488191,0.998
0.999,1.81245e-18,0.197693,0.0419838,1.01267e-18,0,0,-1.34937,5.8357,0.312854,-10.5258,128.878,0.408908,0.999
1,9.06227e-19,0.196769,0.0418911,5.06333e-19,0,0,-1.36025,5.96454,0.316315,-10.2446,125.498,0.332659,1
1.001,4.53113e-19,0.195891,0.041803,2.53166e-19,0,0,-1.37084,6.08999,0.319645,-9.97249,122.234,0.259345,1.001
1.002,2.26557e-19,0.195056,0.0417193,1.26583e-19,0,0,-1.38115,6.21218,0.322847,-9.70905,119.081,0.188867,1.002
1.003,1.13278e-19,0.194264,0.0416398,6.32916e-20,0,0,-1.39119,6.33122,0.325924,-9.45397,116.033,0.121132,1.003
1.004,5.66392e-20,0.193511,0.0415643,3.16458e-20,0,0,-1.40097,6.44722,0.32888,-9.20693,113.088,0.0560494,1.004
1.005,1.62537e-08,0.181676,0.040377,0.000483547,0,0,-1.4105,6.56027,0.331719,-8.96761,110.24,-0.00647011,1.005
1.006,2.43806e-08,0.175992,0.0398068,0.000725321,0,0,-1.41978,6.67048,0.334444,-8.18387,101.774,-0.158488,1.006
1.007,2.8444e-08,0.173151,0.0395218,0.000846208,0,0,-1.42824,6.77223,0.336823,-7.41237,93.538,-0.307262,1.007
1.008,3.04757e-08,0.17173,0.0393792,0.000906651,0,0,-1.43589,6.86574,0.338862,-6.79433,86.9499,-0.428237,1.008
1.009,3.14916e-08,0.171019,0.039308,0.000936873,0,0,-1.44289,6.95268,0.340625,-6.33369,82.0224,-0.520248,1.009
1.01,3.19995e-08,0.170664,0.0392723,0.000951984,0,0,-1.44942,7.03469,0.342182,-5.99612,78.3843,-0.589042,1.01
1.011,3.22534e-08,0.170486,0.0392545,0.000959539,0,0,-1.45559,7.11306,0.343586,-5.74468,75.6449,-0.6411,1.011
1.012,3.23804e-08,0.170398,0.0392456,0.000963317,0,0,-1.46149,7.1887,0.344877,-5.55017,73.4975,-0.681712,1.012
1.013,3.24439e-08,0.170353,0.0392412,0.000965206,0,0,-1.46719,7.26219,0.346079,-5.3921,71.7283,-0.71469,1.013
1.014,3.24757e-08,0.170331,0.0392389,0.00096615,0,0,-1.47273,7.33391,0.347211,-5.25703,70.1973,-0.742605,1.014
1.014,3.24757e-08,0.170331,0.0392389,0.00096615,0,0,-1.47812,7.4041,0.348281,-5.13649,68.8169,-0.767118,1.015
1.015,3.24915e-08,0.17032,0.0392378,0.000966622,0,0,-1.48339,7.47292,0.349298,-5.02583,67.5387,-0.789189,1.016
1.016,3.24995e-08,0.170314,0.0392373,0.000966859,0,0,-1.48854,7.54045,0.350266,-4.92085,66.3195,-0.809646,1.017
1.017,3.25034e-08,0.170312,0.039237,0.000966977,0,0,-1.49358,7.60677,0.351187,-4.82007,65.1439,-0.828826,1.018
1.018,3.25054e-08,0.17031,0.0392368,0.000967036,0,0,-1.49852,7.67192,0.352064,-4.72254,64.0022,-0.846951,1.019
1.019,3.25064e-08,0.17031,0.0392368,0.000967065,0,0,-1.50335,7.73592,0.352899,-4.62764,62.8881,-0.864163,1.02
1.02,3.25069e-08,0.170309,0.0392367,0.00096708,0,0,-1.50808,7.79881,0.353692,-4.53499,61.7978,-0.880556,1.021
1.021,3.25072e-08,0.170309,0.0392367,0.000967087,0,0,-1.51272,7.86061,0.354445,-4.44437,60.7288,-0.896193,1.022
1.022,3.25073e-08,0.170309,0.0392367,0.000967091,0,0,-1.51726,7.92134,0.355159,-4.35561,59.6796,-0.911116,1.023
1.023,3.25073e-08,0.170309,0.0392367,0.000967093,0,0,-1.52171,7.98102,0.355835,-4.26862,58.6492,-0.925357,1.024
1.024,3.25074e-08,0.170309,0.0392367,0.000967094,0,0,-1.52607,8.03967,0.356473,-4.18332,57.6368,-0.938939,1.025
1.025,3.25074e-08,0.170309,0.0392367,0.000967094,0,0,-1.53034,8.09732,0.357076,-4.09968,56.6419,-0.951882,1.026
1.026,3.25074e-08,0.170309,0.0392367,0.000967094,0,0,-1.53452,8.15396,0.357643,-4.01764,55.6641,-0.964204,1.027
1.027,3.25074e-08,0.170309,0.0392367,0.000967095,0,0,-1.53861,8.20963,0.358175,-3.93717,54.7031,-0.97592,1.028
1.028,3.25074e-08,0.170309,0.0392367,0.000967095,0,0,-1.54262,8.26434,0.358673,-3.85824,53.7585,-0.987045,1.029
1.029,3.25074e-08,0.170309,0.0392367,0.000967095,0,0,-1.54654,8.31811,0.359138,-3.78082,52.83,-0.997593,1.03
1.03,3.25074e-08,0.170309,0.0392367,0.000967095,0,0,-1.55039,8.37095,0.359572,-3.70489,51.9174,-1.00758,1.031
1.031,3.25074e-08,0.170309,0.0392367,0.000967095,0,0,-1.55415,8.42287,0.359973,-3.63041,51.0204,-1.01701,1.032
1.032,3.25074e-08,0.170309,0.0392367,0.000967095,0,0,-1.55784,8.4739,0.360344,-3.55737,50.1387,-1.02591,1.033
1.033,3.25074e-08,0.170309,0.0392367,0.000967095,0,0,-1.56144,8.52405,0.360686,-3.48573,49.272,-1.03428,1.034
1.034,3.25074e-08,0.170309,0.0392367,0.000967095,0,0,-1.56497,8.57333,0.360998,-3.41547,48.4201,-1.04214,1.035
1.035,3.25074e-08,0.170309,0.0392367,0.000967095,0,0,-1.56843,8.62176,0.361282,-3.34657,47.5829,-1.0495,1.036
1.036,3.25074e-08,0.170309,0.0392367,0.000967095,0,0,-1.57182,8.66935,0.361538,-3.27901,46.7599,-1.05638,1.037
1.037,3.25074e-08,0.170309,0.0392367,0.000967095,0,0,-1.57513,8.71613,0.361767,-3.21275,45.951,-1.06278,1.038
1.038,3.25074e-08,0.170309,0.0392367,0.000967095,0,0,-1.57837,8.76209,0.36197,-3.14778,45.1559,-1.06872,1.039
1.039,3.25074e-08,0.170309,0.0392367,0.000967095,0,0,-1.58155,8.80726,0.362148,-3.08408,44.3745,-1.0742,1.04
1.04,3.25074e-08,0.170309,0.0392367,0.000967095,0,0,-1.58466,8.85164,0.3623,-3.02161,43.6064,-1.07924,1.041
1.041,3.25074e-08,0.170309,0.0392367,0.000967095,0,0,-1.5877,8.89526,0.362429,-2.96036,42.8515,-1.08386,1.042
1.042,3.25074e-08,0.170309,0.0392367,0.000967095,0,0,-1.59067,8.93813,0.362534,-2.90031,42.1095,-1.08806,1.043
1.043,3.25074e-08,0.170309,0.0392367,0.000967095,0,0,-1.59359,8.98025,0.362616,-2.84143,41.3802,-1.09185,1.044
1.044,3.25074e-08,0.170309,0.0392367,0.000967095,0,0,-1.59644,9.02165,0.362676,-2.78371,40.6635,-1.09524,1.045
1.045,3.25074e-08,0.170309,0.0392367,0.000967095,0,0,-1.59923,9.06233,0.362715,-2.72712,39.959,-1.09825,1.046
1.046,3.25074e-08,0.170309,0.0392367,0.000967095,0,0,-1.60196,9.1023,0.362733,-2.67164,39.2666,-1.10089,1.047
1.047,3.25074e-08,0.170309,0.0392367,0.000967095,0,0,-1.60463,9.14158,0.36273,-2.61725,38.5862,-1.10316,1.048
1.048,3.25074e-08,0.170309,0.0392367,0.000967095,0,0,-1.60724,9.18018,0.362707,-2.56393,37.9174,-1.10507,1.049
1.049,3.25074e-08,0.170309,0.0392367,0.000967095,0,0,-1.6098,9.21812,0.362666,-2.51166,37.26,-1.10664,1.05
1.05,3.25074e-08,0.170309,0.0392367,0.000967095,0,0,-1.6123,9.25539,0.362605,-2.46043,36.614,-1.10787,1.051
1.051,3.25074e-08,0.170309,0.0392367,0.000967095,0,0,-1.61475,9.29202,0.362527,-2.41021,35.9791,-1.10878,1.052
1.052,3.25074e-08,0.170309,0.0392367,0.000967095,0,0,-1.61715,9.32802,0.362431,-2.36098,35.3551,-1.10937,1.053
1.053,3.25074e-08,0.170309,0.0392367,0.000967095,0,0,-1.61949,9.36339,0.362319,-2.31273,34.7418,-1.10966,1.054
1.054,3.25074e-08,0.170309,0.0392367,0.000967095,0,0,-1.62178,9.39815,0.36219,-2.26544,34.1391,-1.10964,1.055
1.055,3.25074e-08,0.170309,0.0392367,0.000967095,0,0,-1.62402,9.43231,0.362045,-2.21908,33.5467,-1.10934,1.056
1.056,3.25074e-08,0.170309,0.0392367,0.000967095,0,0,-1.62621,9.46587,0.361884,-2.17365,32.9646,-1.10876,1.057
1.057,3.25074e-08,0.170309,0.0392367,0.000967095,0,0,-1.62836,9.49886,0.361709,-2.12912,32.3924,-1.1079,1.058
1.058,3.25074e-08,0.170309,0.0392367,0.000967095,0,0,-1.63046,9.53127,0.36152,-2.08548,31.8302,-1.10678,1.059
1.059,3.25074e-08,0.170309,0.0392367,0.000967095,0,0,-1.63251,9.56312,0.361316,-2.04271,31.2776,-1.1054,1.06
1.06,3.25074e-08,0.170309,0.0392367,0.000967095,0,0,-1.63452,9.59441,0.361099,-2.0008,30.7345,-1.10378,1.061
1.061,3.25074e-08,0.170309,0.0392367,0.000967095,0,0,-1.63648,9.62517,0.360869,-1.95972,30.2008,-1.10191,1.062
1.062,3.25074e-08,0.170309,0.0392367,0.000967095,0,0,-1.6384,9.65539,0.360627,-1.91947,29.6763,-1.09982,1.063
1.063,3.25074e-08,0.170309,0.0392367,0.000967095,0,0,-1.64027,9.68508,0.360372,-1.88002,29.1608,-1.09749,1.064
1.064,3.25074e-08,0.170309,0.0392367,0.000967095,0,0,-1.64211,9.71426,0.360106,-1.84136,28.6542,-1.09496,1.065
1.065,3.25074e-08,0.170309,0.0392367,0.000967095,0,0,-1.6439,9.74293,0.359829,-1.80348,28.1564,-1.09221,1.066
1.066,3.25074e-08,0.170309,0.0392367,0.000967095,0,0,-1.64566,9.77111,0.359541,-1.76637,27.6671,-1.08925,1.067
1.067,3.25074e-08,0.170309,0.0392367,0.000967095,0,0,-1.64737,9.7988,0.359242,-1.72999,27.1863,-1.08611,1.068
1.068,3.25074e-08,0.170309,0.0392367,0.000967095,0,0,-1.64905,9.826,0.358934,-1.69435,26.7138,-1.08277,1.069
1.069,3.25074e-08,0.170309,0.0392367,0.000967095,0,0,-1.65069,9.85274,0.358615,-1.65943,26.2495,-1.07925,1.07
1.07,3.25074e-08,0.170309,0.0392367,0.000967095,0,0,-1.65229,9.87901,0.358288,-1.62522,25.7931,-1.07555,1.071
1.071,3.25074e-08,0.170309,0.0392367,0.000967095,0,0,-1.65386,9.90482,0.357952,-1.59169,25.3447,-1.07168,1.072
1.072,3.25074e-08,0.170309,0.0392367,0.000967095,0,0,-1.65539,9.93019,0.357607,-1.55884,24.904,-1.06765,1.073
1.073,3.25074e-08,0.170309,0.0392367,0.000967095,0,0,-1.65689,9.95511,0.357254,-1.52666,24.4709,-1.06346,1.074
1.074,3.25074e-08,0.170309,0.0392367,0.000967095,0,0,-1.65836,9.9796,0.356893,-1.49513,24.0454,-1.05912,1.075
1.075,3.25074e-08,0.170309,0.0392367,0.000967095,0,0,-1.65979,10.0037,0.356524,-1.46423,23.6271,-1.05464,1.076
1.076,3.25074e-08,0.170309,0.0392367,0.000967095,0,0,-1.66119,10.0273,0.356149,-1.43397,23.2161,-1.05001,1.077
1.077,3.25074e-08,0.170309,0.0392367,0.000967095,0,0,-1.66255,10.0506,0.355766,-1.40431,22.8122,-1.04525,1.078
1.078,3.25074e-08,0.170309,0.0392367,0.000967095,0,0,-1.66389,10.0734,0.355377,-1.37526,22.4153,-1.04036,1.079
1.079,3.25074e-08,0.170309,0.0392367,0.000967095,0,0,-1.6652,10.0958,0.354982,-1.3468,22.0253,-1.03534,1.08
1.08,3.25074e-08,0.170309,0.0392367,0.000967095,0,0,-1.66647,10.1179,0.354581,-1.31892,21.642,-1.03021,1.081
1.081,3.25074e-08,0.170309,0.0392367,0.000967095,0,0,-1.66772,10.1395,0.354174,-1.2916,21.2654,-1.02496,1.082
1.082,3.25074e-08,0.170309,0.0392367,0.000967095,0,0,-1.66894,10.1608,0.353762,-1.26485,20.8952,-1.01961,1.083
1.083,3.25074e-08,0.170309,0.0392367,0.000967095,0,0,-1.67013,10.1817,0.353345,-1.23863,20.5315,-1.01414,1.084
1.084,3.25074e-08,0.170309,0.0392367,0.000967095,0,0,-1.6713,10.2023,0.352923,-1.21295,20.1741,-1.00858,1.085
1.085,3.25074e-08,0.170309,0.0392367,0.000967095,0,0,-1.67243,10.2225,0.352497,-1.1878,19.8229,-1.00293,1.086
1.086,3.25074e-08,0.170309,0.0392367,0.000967095,0,0,-1.67354,10.2423,0.352066,-1.16316,19.4777,-0.997185,1.087
1.087,3.25074e-08,0.170309,0.0392367,0.000967095,0,0,-1.67463,10.2618,0.351631,-1.13902,19.1386,-0.991354,1.088
1.088,3.25074e-08,0.170309,0.0392367,0.000967095,0,0,-1.67569,10.281,0.351192,-1.11538,18.8053,-0.985441,1.089
1.089,3.25074e-08,0.170309,0.0392367,0.000967095,0,0,-1.67673,10.2998,0.35075,-1.09222,18.4778,-0.97945,1.09
1.09,3.25074e-08,0.170309,0.0392367,0.000967095,0,0,-1.67774,10.3183,0.350305,-1.06953,18.156,-0.973385,1.091
1.091,3.25074e-08,0.170309,0.0392367,0.000967095,0,0,-1.67873,10.3365,0.349856,-1.04731,17.8397,-0.967251,1.092
1.092,3.25074e-08,0.170309,0.0392367,0.000967095,0,0,-1.6797,10.3543,0.349404,-1.02555,17.529,-0.961052,1.093
1.093,3.25074e-08,0.170309,0.0392367,0.000967095,0,0,-1.68064,10.3719,0.34895,-1.00423,17.2236,-0.95479,1.094
1.094,3.25074e-08,0.170309,0.0392367,0.000967095,0,0,-1.68156,10.3891,0.348494,-0.983348,16.9235,-0.948469,1.095
1.095,3.25074e-08,0.170309,0.0392367,0.000967095,0,0,-1.68246,10.4061,0.348035,-0.962895,16.6287,-0.942094,1.096
1.096,3.25074e-08,0.170309,0.0392367,0.000967095,0,0,-1.68334,10.4227,0.347574,-0.942863,16.3389,-0.935667,1.097
1.097,3.25074e-08,0.170309,0.0392367,0.000967095,0,0,-1.6842,10.4391,0.347111,-0.923242,16.0542,-0.929192,1.098
1.098,3.25074e-08,0.170309,0.0392367,0.000967095,0,0,-1.68504,10.4552,0.346646,-0.904025,15.7744,-0.922672,1.099
1.099,3.25074e-08,0.170309,0.0392367,0.000967095,0,0,-1.68586,10.471,0.34618,-0.885203,15.4995,-0.91611,1.1
1.1,3.25074e-08,0.170309,0.0392367,0.000967095,0,0,-1.68666,10.4865,0.345712,-0.866768,15.2293,-0.90951,1.101
1.101,3.25074e-08,0.170309,0.0392367,0.000967095,0,0,-1.68744,10.5017,0.345244,-0.848714,14.9639,-0.902875,1.102
1.102,3.25074e-08,0.170309,0.0392367,0.000967095,0,0,-1.6882,10.5167,0.344774,-0.831031,14.703,-0.896206,1.103
1.103,3.25074e-08,0.170309,0.0392367,0.000967095,0,0,-1.68895,10.5314,0.344303,-0.813713,14.4467,-0.889508,1.104
1.104,3.25074e-08,0.170309,0.0392367,0.000967095,0,0,-1.68968,10.5459,0.343832,-0.796752,14.1949,-0.882783,1.105
1.105,3.25074e-08,0.170309,0.0392367,0.000967095,0,0,-1.69039,10.5601,0.34336,-0.780141,13.9474,-0.876033,1.106
1.106,3.25074e-08,0.170309,0.0392367,0.000967095,0,0,-1.69108,10.5741,0.342888,-0.763873,13.7042,-0.869262,1.107
1.107,3.25074e-08,0.170309,0.0392367,0.000967095,0,0,-1.69176,10.5878,0.342416,-0.747941,13.4652,-0.862471,1.108
1.108,3.25074e-08,0.170309,0.0392367,0.000967095,0,0,-1.69242,10.6013,0.341943,-0.732339,13.2304,-0.855664,1.109
1.109,3.25074e-08,0.170309,0.0392367,0.000967095,0,0,-1.69306,10.6145,0.34147,-0.717058,12.9997,-0.848842,1.11
1.11,3.25074e-08,0.170309,0.0392367,0.000967095,0,0,-1.69369,10.6276,0.340998,-0.702094,12.773,-0.842008,1.111
1.111,3.25074e-08,0.170309,0.0392367,0.000967095,0,0,-1.69431,10.6404,0.340526,-0.68744,12.5502,-0.835165,1.112
1.112,3.25074e-08,0.170309,0.0392367,0.000967095,0,0,-1.69491,10.6529,0.340054,-0.673088,12.3313,-0.828313,1.113
1.113,3.25074e-08,0.170309,0.0392367,0.000967095,0,0,-1.6955,10.6653,0.339582,-0.659034,12.1162,-0.821457,1.114
1.114,3.25074e-08,0.170309,0.0392367,0.000967095,0,0,-1.69607,10.6774,0.339112,-0.645271,11.9048,-0.814596,1.115
1.115,3.25074e-08,0.170309,0.0392367,0.000967095,0,0,-1.69663,10.6893,0.338642,-0.631794,11.6972,-0.807735,1.116
1.116,3.25074e-08,0.170309,0.0392367,0.000967095,0,0,-1.69717,10.701,0.338172,-0.618595,11.4931,-0.800874,1.117
1.117,3.25074e-08,0.170309,0.0392367,0.000967095,0,0,-1.6977,10.7126,0.337704,-0.60567,11.2926,-0.794015,1.118
1.118,3.25074e-08,0.170309,0.0392367,0.000967095,0,0,-1.69822,10.7239,0.337237,-0.593014,11.0955,-0.78716,1.119
1.119,3.25074e-08,0.170309,0.0392367,0.000967095,0,0,-1.69873,10.735,0.336771,-0.58062,10.9019,-0.780311,1.12
1.12,3.25074e-08,0.170309,0.0392367,0.000967095,0,0,-1.69922,10.7459,0.336306,-0.568483,10.7117,-0.77347,1.121
1.121,3.25074e-08,0.170309,0.0392367,0.000967095,0,0,-1.6997,10.7566,0.335842,-0.556599,10.5248,-0.766637,1.122
1.122,3.25074e-08,0.170309,0.0392367,0.000967095,0,0,-1.70017,10.7672,0.33538,-0.544961,10.3411,-0.759816,1.123
1.123,3.25074e-08,0.170309,0.0392367,0.000967095,0,0,-1.70063,10.7775,0.334919,-0.533565,10.1607,-0.753007,1.124
1.124,3.25074e-08,0.170309,0.0392367,0.000967095,0,0,-1.70108,10.7877,0.33446,-0.522406,9.98333,-0.746212,1.125
1.125,3.25074e-08,0.170309,0.0392367,0.000967095,0,0,-1.70152,10.7977,0.334002,-0.511479,9.80909,-0.739431,1.126
1.126,3.25074e-08,0.170309,0.0392367,0.000967095,0,0,-1.70194,10.8075,0.333546,-0.500779,9.63789,-0.732668,1.127
1.127,3.25074e-08,0.170309,0.0392367,0.000967095,0,0,-1.70236,10.8172,0.333092,-0.490302,9.46966,-0.725922,1.128
1.128,3.25074e-08,0.170309,0.0392367,0.000967095,0,0,-1.70276,10.8267,0.33264,-0.480043,9.30437,-0.719196,1.129
1.129,3.25074e-08,0.170309,0.0392367,0.000967095,0,0,-1.70316,10.836,0.33219,-0.469997,9.14195,-0.71249,1.13
1.13,3.25074e-08,0.170309,0.0392367,0.000967095,0,0,-1.70355,10.8452,0.331741,-0.460161,8.98236,-0.705805,1.131
1.131,3.25074e-08,0.170309,0.0392367,0.000967095,0,0,-1.70392,10.8542,0.331295,-0.45053,8.82555,-0.699144,1.132
1.132,3.25074e-08,0.170309,0.0392367,0.000967095,0,0,-1.70429,10.863,0.33085,-0.441099,8.67147,-0.692506,1.133
1.133,3.25074e-08,0.170309,0.0392367,0.000967095,0,0,-1.70465,10.8717,0.330408,-0.431865,8.52008,-0.685893,1.134
1.134,3.25074e-08,0.170309,0.0392367,0.000967095,0,0,-1.70499,10.8802,0.329968,-0.422823,8.37132,-0.679306,1.135
1.135,3.25074e-08,0.170309,0.0392367,0.000967095,0,0,-1.70534,10.8886,0.32953,-0.41397,8.22516,-0.672746,1.136
1.136,3.25074e-08,0.170309,0.0392367,0.000967095,0,0,-1.70567,10.8969,0.329095,-0.405301,8.08154,-0.666214,1.137
1.137,3.25074e-08,0.170309,0.0392367,0.000967095,0,0,-1.70599,10.905,0.328662,-0.396813,7.94043,-0.65971,1.138
1.138,3.25074e-08,0.170309,0.0392367,0.000967095,0,0,-1.70631,10.9129,0.328231,-0.388503,7.80177,-0.653236,1.139
1.139,3.25074e-08,0.170309,0.0392367,0.000967095,0,0,-1.70661,10.9207,0.327802,-0.380365,7.66553,-0.646793,1.14
1.14,3.25074e-08,0.170309,0.0392367,0.000967095,0,0,-1.70691,10.9284,0.327376,-0.372398,7.53167,-0.640381,1.141
1.141,3.25074e-08,0.170309,0.0392367,0.000967095,0,0,-1.7072,10.936,0.326953,-0.364597,7.40014,-0.634001,1.142
1.142,3.25074e-08,0.170309,0.0392367,0.000967095,0,0,-1.70749,10.9434,0.326532,-0.356959,7.2709,-0.627654,1.143
1.143,3.25074e-08,0.170309,0.0392367,0.000967095,0,0,-1.70777,10.9507,0.326114,-0.34948,7.14392,-0.62134,1.144
1.144,3.25074e-08,0.170309,0.0392367,0.000967095,0,0,-1.70804,10.9578,0.325698,-0.342158,7.01914,-0.61506,1.145
1.145,3.25074e-08,0.170309,0.0392367,0.000967095,0,0,-1.7083,10.9649,0.325285,-0.334989,6.89655,-0.608815,1.146
1.146,3.25074e-08,0.170309,0.0392367,0.000967095,0,0,-1.70856,10.9718,0.324874,-0.327969,6.77609,-0.602606,1.147
1.147,3.25074e-08,0.170309,0.0392367,0.000967095,0,0,-1.70881,10.9786,0.324467,-0.321097,6.65773,-0.596432,1.148
1.148,3.25074e-08,0.170309,0.0392367,0.000967095,0,0,-1.70905,10.9852,0.324062,-0.314368,6.54144,-0.590295,1.149
1.149,3.25074e-08,0.170309,0.0392367,0.000967095,0,0,-1.70929,10.9918,0.323659,-0.30778,6.42717,-0.584195,1.15
1.15,3.25074e-08,0.170309,0.0392367,0.000967095,0,0,-1.70952,10.9982,0.32326,-0.301329,6.3149,-0.578132,1.151
1.151,3.25074e-08,0.170309,0.0392367,0.000967095,0,0,-1.70975,11.0046,0.322863,-0.295014,6.20458,-0.572107,1.152
1.152,3.25074e-08,0.170309,0.0392367,0.000967095,0,0,-1.70997,11.0108,0.322469,-0.28883,6.09619,-0.56612,1.153
1.153,3.25074e-08,0.170309,0.0392367,0.000967095,0,0,-1.71018,11.0169,0.322078,-0.282777,5.98969,-0.560173,1.154
1.154,3.25074e-08,0.170309,0.0392367,0.000967095,0,0,-1.71039,11.0229,0.32169,-0.276849,5.88505,-0.554264,1.155
1.155,3.25074e-08,0.170309,0.0392367,0.000967095,0,0,-1.71059,11.0288,0.321304,-0.271046,5.78223,-0.548395,1.156
1.156,3.25074e-08,0.170309,0.0392367,0.000967095,0,0,-1.71079,11.0346,0.320921,-0.265365,5.68121,-0.542566,1.157
1.157,3.25074e-08,0.170309,0.0392367,0.000967095,0,0,-1.71098,11.0403,0.320542,-0.259802,5.58195,-0.536777,1.158
1.158,3.25074e-08,0.170309,0.0392367,0.000967095,0,0,-1.71117,11.0459,0.320165,-0.254356,5.48442,-0.531029,1.159
1.159,3.25074e-08,0.170309,0.0392367,0.000967095,0,0,-1.71135,11.0514,0.319791,-0.249024,5.38859,-0.525322,1.16
1.16,3.25074e-08,0.170309,0.0392367,0.000967095,0,0,-1.71153,11.0568,0.31942,-0.243804,5.29444,-0.519655,1.161
1.161,3.25074e-08,0.170309,0.0392367,0.000967095,0,0,-1.7117,11.0621,0.319052,-0.238693,5.20193,-0.51403,1.162
1.162,3.25074e-08,0.170309,0.0392367,0.000967095,0,0,-1.71187,11.0673,0.318687,-0.233689,5.11103,-0.508446,1.163
1.163,3.25074e-08,0.170309,0.0392367,0.000967095,0,0,-1.71204,11.0724,0.318324,-0.22879,5.02172,-0.502904,1.164
1.164,3.25074e-08,0.170309,0.0392367,0.000967095,0,0,-1.7122,11.0775,0.317965,-0.223994,4.93397,-0.497404,1.165
1.165,3.25074e-08,0.170309,0.0392367,0.000967095,0,0,-1.71235,11.0824,0.317609,-0.219298,4.84774,-0.491946,1.166
1.166,3.25074e-08,0.170309,0.0392367,0.000967095,0,0,-1.7125,11.0873,0.317255,-0.214701,4.76303,-0.48653,1.167
1.167,3.25074e-08,0.170309,0.0392367,0.000967095,0,0,-1.71265,11.092,0.316905,-0.2102,4.67979,-0.481157,1.168
1.168,3.25074e-08,0.170309,0.0392367,0.000967095,0,0,-1.71279,11.0967,0.316557,-0.205794,4.59801,-0.475826,1.169
1.169,3.25074e-08,0.170309,0.0392367,0.000967095,0,0,-1.71293,11.1013,0.316212,-0.20148,4.51765,-0.470537,1.17
1.17,3.25074e-08,0.170309,0.0392367,0.000967095,0,0,-1.71307,11.1059,0.315871,-0.197256,4.4387,-0.465291,1.171
1.171,3.25074e-08,0.170309,0.0392367,0.000967095,0,0,-1.7132,11.1103,0.315532,-0.193122,4.36112,-0.460088,1.172
1.172,3.25074e-08,0.170309,0.0392367,0.000967095,0,0,-1.71333,11.1147,0.315196,-0.189073,4.2849,-0.454927,1.173
1.173,3.25074e-08,0.170309,0.0392367,0.000967095,0,0,-1.71346,11.119,0.314863,-0.18511,4.21001,-0.44981,1.174
1.174,3.25074e-08,0.170309,0.0392367,0.000967095,0,0,-1.71358,11.1232,0.314533,-0.18123,4.13642,-0.444735,1.175
1.175,3.25074e-08,0.170309,0.0392367,0.000967095,0,0,-1.7137,11.1274,0.314206,-0.177432,4.06413,-0.439703,1.176
1.176,3.25074e-08,0.170309,0.0392367,0.000967095,0,0,-1.71381,11.1314,0.313882,-0.173713,3.99309,-0.434713,1.177
1.177,3.25074e-08,0.170309,0.0392367,0.000967095,0,0,-1.71392,11.1354,0.313561,-0.170072,3.92329,-0.429767,1.178
1.178,3.25074e-08,0.170309,0.0392367,0.000967095,0,0,-1.71403,11.1394,0.313243,-0.166508,3.85472,-0.424863,1.179
1.179,3.25074e-08,0.170309,0.0392367,0.000967095,0,0,-1.71414,11.1432,0.312928,-0.163018,3.78734,-0.420003,1.18
1.18,3.25074e-08,0.170309,0.0392367,0.000967095,0,0,-1.71424,11.147,0.312615,-0.159602,3.72113,-0.415184,1.181
1.181,3.25074e-08,0.170309,0.0392367,0.000967095,0,0,-1.71434,11.1508,0.312306,-0.156258,3.65609,-0.410409,1.182
1.182,3.25074e-08,0.170309,0.0392367,0.000967095,0,0,-1.71444,11.1544,0.311999,-0.152984,3.59218,-0.405676,1.183
1.183,3.25074e-08,0.170309,0.0392367,0.000967095,0,0,-1.71453,11.158,0.311695,-0.149778,3.52938,-0.400986,1.184
1.184,3.25074e-08,0.170309,0.0392367,0.000967095,0,0,-1.71462,11.1616,0.311394,-0.14664,3.46769,-0.396338,1.185
1.185,3.25074e-08,0.170309,0.0392367,0.000967095,0,0,-1.71471,11.1651,0.311096,-0.143568,3.40707,-0.391732,1.186
1.186,3.25074e-08,0.170309,0.0392367,0.000967095,0,0,-1.7148,11.1685,0.310801,-0.14056,3.3475,-0.387169,1.187
1.187,3.25074e-08,0.170309,0.0392367,0.000967095,0,0,-1.71488,11.1718,0.310509,-0.137615,3.28898,-0.382648,1.188
1.188,3.25074e-08,0.170309,0.0392367,0.000967095,0,0,-1.71496,11.1751,0.310219,-0.134733,3.23148,-0.378169,1.189
1.189,3.25074e-08,0.170309,0.0392367,0.000967095,0,0,-1.71504,11.1784,0.309933,-0.131911,3.17499,-0.373732,1.19
1.19,3.25074e-08,0.170309,0.0392367,0.000967095,0,0,-1.71512,11.1816,0.309649,-0.129148,3.11948,-0.369336,1.191
1.191,3.25074e-08,0.170309,0.0392367,0.000967095,0,0,-1.71519,11.1847,0.309368,-0.126443,3.06494,-0.364982,1.192
1.192,3.25074e-08,0.170309,0.0392367,0.000967095,0,0,-1.71526,11.1878,0.309089,-0.123795,3.01136,-0.36067,1.193
1.193,3.25074e-08,0.170309,0.0392367,0.000967095,0,0,-1.71534,11.1908,0.308814,-0.121203,2.95871,-0.356399,1.194
1.194,3.25074e-08,0.170309,0.0392367,0.000967095,0,0,-1.7154,11.1938,0.308541,-0.118665,2.90698,-0.352169,1.195
1.195,3.25074e-08,0.170309,0.0392367,0.000967095,0,0,-1.71547,11.1967,0.308271,-0.116181,2.85616,-0.34798,1.196
1.196,3.25074e-08,0.170309,0.0392367,0.000967095,0,0,-1.71553,11.1995,0.308003,-0.113749,2.80622,-0.343832,1.197
1.197,3.25074e-08,0.170309,0.0392367,0.000967095,0,0,-1.7156,11.2024,0.307738,-0.111368,2.75715,-0.339724,1.198
1.198,3.25074e-08,0.170309,0.0392367,0.000967095,0,0,-1.71566,11.2051,0.307476,-0.109037,2.70895,-0.335657,1.199
1.199,3.25074e-08,0.170309,0.0392367,0.000967095,0,0,-1.71572,11.2078,0.307217,-0.106755,2.66158,-0.33163,1.2
1.2,3.25074e-08,0.170309,0.0392367,0.000967095,0,0,-1.71577,11.2105,0.30696,-0.10452,2.61504,-0.327643,1.201
