/var/spool/sge/node119/job_scripts/1304160 - Theta X range: list; Theta Y range: list
explicitDataBinaryFileN.bin: L:50 R:52 U:53 D:54 Z+:58 Z-:57
Mon Sep 14 08:18:38 BST 2015
53,1,15.000000,40,39,2.646118,39.898531,38.293749
52,2,-13.000000,40,39,2.313184,39.898531,38.293749
58,3,0.000000,40,39,0.209535,39.898531,38.293749
53,1,14.000000,11,38,1.539304,10.483177,37.010982
50,2,13.000000,11,38,0.852860,10.483177,37.010982
58,3,0.000000,11,38,0.235084,10.483177,37.010982
53,1,14.000000,12,38,1.585856,10.736821,37.546922
50,2,14.000000,12,38,0.943407,10.736821,37.546922
58,3,0.000000,12,38,0.236482,10.736821,37.546922
54,1,-15.000000,27,36,1.577583,26.126533,35.474653
52,2,-2.000000,27,36,0.351299,26.126533,35.474653
57,3,0.000000,27,36,0.230439,26.126533,35.474653
54,1,-16.000000,27,37,1.869859,25.734887,36.124423
52,2,-1.000000,27,37,0.287502,25.734887,36.124423
57,3,0.000000,27,37,0.252253,25.734887,36.124423
53,1,1.000000,36,31,0.114415,35.837199,30.700594
52,2,-10.000000,36,31,0.732801,35.837199,30.700594
58,3,0.000000,36,31,0.065749,35.837199,30.700594
54,1,-10.000000,31,37,0.890790,30.515915,36.142070
52,2,-12.000000,31,37,1.208250,30.515915,36.142070
57,3,0.000000,31,37,0.148446,30.515915,36.142070
54,1,-22.000000,27,41,4.719254,25.559413,39.585194
52,2,-1.000000,27,41,0.465703,25.559413,39.585194
57,3,0.000000,27,41,0.404876,25.559413,39.585194
54,1,-3.000000,18,33,0.259684,16.456754,32.456328
50,2,12.000000,18,33,0.757370,16.456754,32.456328
57,3,0.000000,18,33,0.089206,16.456754,32.456328
54,1,-4.000000,19,31,0.322579,17.371496,30.625381
50,2,10.000000,19,31,0.614534,17.371496,30.625381
57,3,0.000000,19,31,0.094941,17.371496,30.625381
54,1,-4.000000,33,29,0.313319,32.174386,27.850016
52,2,-7.000000,33,29,0.532038,32.174386,27.850016
57,3,0.000000,33,29,0.086364,32.174386,27.850016
54,1,-4.000000,33,31,0.328741,32.733692,30.401525
52,2,-9.000000,33,31,0.698492,32.733692,30.401525
57,3,0.000000,33,31,0.089083,32.733692,30.401525
54,1,-3.000000,18,36,0.260918,16.557395,35.039725
50,2,15.000000,18,36,0.972301,16.557395,35.039725
57,3,0.000000,18,36,0.080598,16.557395,35.039725
54,1,-3.000000,34,32,0.248557,33.464758,31.123077
52,2,-10.000000,34,32,0.748996,33.464758,31.123077
57,3,0.000000,34,32,0.079463,33.464758,31.123077
54,1,-6.000000,19,38,0.533871,17.623925,37.205255
50,2,17.000000,19,38,1.305206,17.623925,37.205255
57,3,0.000000,19,38,0.131206,17.623925,37.205255
54,1,-4.000000,32,28,0.306889,31.808087,26.621287
52,2,-6.000000,32,28,0.463101,31.808087,26.621287
57,3,0.000000,32,28,0.088130,31.808087,26.621287
54,1,-5.000000,20,28,0.376169,19.001286,27.505230
50,2,7.000000,20,28,0.427875,19.001286,27.505230
57,3,0.000000,20,28,0.098149,19.001286,27.505230
54,1,-5.000000,33,33,0.411563,32.291022,32.073088
52,2,-10.000000,33,33,0.790590,32.291022,32.073088
57,3,0.000000,33,33,0.108263,32.291022,32.073088
54,1,-4.000000,34,40,0.491962,33.294413,39.525503
52,2,-21.000000,34,40,24.377038,33.294413,39.525503
57,3,0.000000,34,40,0.099563,33.294413,39.525503
54,1,-5.000000,18,40,0.503026,17.309770,39.052194
50,2,21.000000,18,40,2.886260,17.309770,39.052194
57,3,0.000000,18,40,0.127802,17.309770,39.052194
54,1,-6.000000,31,28,0.441119,30.030607,27.433873
52,2,-5.000000,31,28,0.415552,30.030607,27.433873
57,3,0.000000,31,28,0.103979,30.030607,27.433873
53,1,6.000000,38,35,0.512068,37.954966,33.991421
52,2,-12.000000,38,35,0.997916,37.954966,33.991421
58,3,0.000000,38,35,0.109917,37.954966,33.991421
54,1,-6.000000,31,30,0.452307,30.519045,28.698107
52,2,-6.000000,31,30,0.479644,30.519045,28.698107
57,3,0.000000,31,30,0.106447,30.519045,28.698107
54,1,-5.000000,19,35,0.407596,17.447947,34.615144
50,2,14.000000,19,35,0.903691,17.447947,34.615144
57,3,0.000000,19,35,0.111771,17.447947,34.615144
54,1,-9.000000,32,35,0.772691,30.743533,34.753058
52,2,-11.000000,32,35,0.982993,30.743533,34.753058
57,3,0.000000,32,35,0.139654,30.743533,34.753058
53,1,6.000000,40,29,0.465731,40.623914,27.625153
52,2,-6.000000,40,29,0.497829,40.623914,27.625153
58,3,0.000000,40,29,0.113023,40.623914,27.625153
54,1,-7.000000,25,27,0.490837,23.496129,26.279461
50,2,2.000000,25,27,0.118790,23.496129,26.279461
57,3,0.000000,25,27,0.124786,23.496129,26.279461
54,1,-9.000000,31,34,0.742343,30.275754,33.853519
52,2,-9.000000,31,34,0.790399,30.275754,33.853519
57,3,0.000000,31,34,0.136371,30.275754,33.853519
54,1,-8.000000,19,38,0.719164,18.334611,37.405448
50,2,17.000000,19,38,1.334404,18.334611,37.405448
57,3,0.000000,19,38,0.155127,18.334611,37.405448
54,1,-9.000000,32,38,0.891494,31.700989,37.782637
52,2,-16.000000,32,38,2.838295,31.700989,37.782637
57,3,0.000000,32,38,0.139303,31.700989,37.782637
54,1,-8.000000,25,29,0.585127,23.777508,27.823691
50,2,2.000000,25,29,0.102370,23.777508,27.823691
57,3,0.000000,25,29,0.144708,23.777508,27.823691
54,1,-9.000000,21,34,0.696372,20.304644,33.049383
50,2,9.000000,21,34,0.537660,20.304644,33.049383
57,3,0.000000,21,34,0.156628,20.304644,33.049383
54,1,-5.000000,18,39,0.465239,17.162655,38.039412
50,2,19.000000,18,39,1.914136,17.162655,38.039412
57,3,0.000000,18,39,0.113776,17.162655,38.039412
54,1,-9.000000,22,33,0.671397,20.660369,32.478337
50,2,8.000000,22,33,0.478508,20.660369,32.478337
57,3,0.000000,22,33,0.145068,20.660369,32.478337
54,1,-7.000000,19,40,0.666540,17.527322,39.312130
50,2,20.000000,19,40,2.359862,17.527322,39.312130
57,3,0.000000,19,40,0.146206,17.527322,39.312130
54,1,-8.000000,32,36,0.689211,31.363446,35.188385
52,2,-12.000000,32,36,1.046547,31.363446,35.188385
57,3,0.000000,32,36,0.130062,31.363446,35.188385
54,1,-8.000000,30,31,0.599207,29.006192,30.071878
52,2,-5.000000,30,31,0.438725,29.006192,30.071878
57,3,0.000000,30,31,0.132689,29.006192,30.071878
