BST,AMR,ALR,AIR,ASR,ASO,AIO,RX,RY,RZ,RXu,RYu,RZu,SST
0,0,0,0,0,0,0,0,0,0,0,0,0,0
0,0,0,0,0,0,0,0,0,0,0,0,0,0
0,0,0,0,0,0,0,0,0,0,0,0,0,0
0.001,0,0,0,0,0,0,0,0,0,0,0,0,0.001
0.002,0,0,0,0,0,0,0,0,0,0,0,0,0.002
0.003,0,0,0,0,0,0,0,0,0,0,0,0,0.003
0.004,0,0,0,0,0,0,0,0,0,0,0,0,0.004
0.005,0,0,0,0,0,0,0,0,0,0,0,0,0.005
0.006,0,0,0,0,0,0,0,0,0,0,0,0,0.006
0.007,0,0,0,0,0,0,0,0,0,0,0,0,0.007
0.008,0,0,0,0,0,0,0,0,0,0,0,0,0.008
0.009,0,0,0,0,0,0,0,0,0,0,0,0,0.009
0.01,0,0,0,0,0,0,0,0,0,0,0,0,0.01
0.011,0,0,0,0,0,0,0,0,0,0,0,0,0.011
0.012,0,0,0,0,0,0,0,0,0,0,0,0,0.012
0.013,0,0,0,0,0,0,0,0,0,0,0,0,0.013
0.014,0,0,0,0,0,0,0,0,0,0,0,0,0.014
0.015,0,0,0,0,0,0,0,0,0,0,0,0,0.015
0.016,0,0,0,0,0,0,0,0,0,0,0,0,0.016
0.017,0,0,0,0,0,0,0,0,0,0,0,0,0.017
0.018,0,0,0,0,0,0,0,0,0,0,0,0,0.018
0.019,0,0,0,0,0,0,0,0,0,0,0,0,0.019
0.02,0,0,0,0,0,0,0,0,0,0,0,0,0.02
0.021,0,0,0,0,0,0,0,0,0,0,0,0,0.021
0.022,0,0,0,0,0,0,0,0,0,0,0,0,0.022
0.023,0,0,0,0,0,0,0,0,0,0,0,0,0.023
0.024,0,0,0,0,0,0,0,0,0,0,0,0,0.024
0.025,0,0,0,0,0,0,0,0,0,0,0,0,0.025
0.026,0,0,0,0,0,0,0,0,0,0,0,0,0.026
0.027,0,0,0,0,0,0,0,0,0,0,0,0,0.027
0.028,0,0,0,0,0,0,0,0,0,0,0,0,0.028
0.029,0,0,0,0,0,0,0,0,0,0,0,0,0.029
0.03,0,0,0,0,0,0,0,0,0,0,0,0,0.03
0.031,0,0,0,0,0,0,0,0,0,0,0,0,0.031
0.032,0,0,0,0,0,0,0,0,0,0,0,0,0.032
0.033,0,0,0,0,0,0,0,0,0,0,0,0,0.033
0.034,0,0,0,0,0,0,0,0,0,0,0,0,0.034
0.035,0,0,0,0,0,0,0,0,0,0,0,0,0.035
0.036,0,0,0,0,0,0,0,0,0,0,0,0,0.036
0.037,0,0,0,0,0,0,0,0,0,0,0,0,0.037
0.038,0,0,0,0,0,0,0,0,0,0,0,0,0.038
0.039,0,0,0,0,0,0,0,0,0,0,0,0,0.039
0.04,0,0,0,0,0,0,0,0,0,0,0,0,0.04
0.041,0,0,0,0,0,0,0,0,0,0,0,0,0.041
0.042,0,0,0,0,0,0,0,0,0,0,0,0,0.042
0.043,0,0,0,0,0,0,0,0,0,0,0,0,0.043
0.044,0,0,0,0,0,0,0,0,0,0,0,0,0.044
0.045,0,0,0,0,0,0,0,0,0,0,0,0,0.045
0.046,0,0,0,0,0,0,0,0,0,0,0,0,0.046
0.047,0,0,0,0,0,0,0,0,0,0,0,0,0.047
0.048,0,0,0,0,0,0,0,0,0,0,0,0,0.048
0.049,0,0,0,0,0,0,0,0,0,0,0,0,0.049
0.05,0,0,0,0,0,0,0,0,0,0,0,0,0.05
0.051,0,0,0,0,0,0,0,0,0,0,0,0,0.051
0.052,0,0,0,0,0,0,0,0,0,0,0,0,0.052
0.053,0,0,0,0,0,0,0,0,0,0,0,0,0.053
0.054,0,0,0,0,0,0,0,0,0,0,0,0,0.054
0.055,0,0,0,0,0,0,0,0,0,0,0,0,0.055
0.056,0,0,0,0,0,0,0,0,0,0,0,0,0.056
0.057,0,0,0,0,0,0,0,0,0,0,0,0,0.057
0.058,0,0,0,0,0,0,0,0,0,0,0,0,0.058
0.059,0,0,0,0,0,0,0,0,0,0,0,0,0.059
0.06,0,0,0,0,0,0,0,0,0,0,0,0,0.06
0.061,0,0,0,0,0,0,0,0,0,0,0,0,0.061
0.062,0,0,0,0,0,0,0,0,0,0,0,0,0.062
0.063,0,0,0,0,0,0,0,0,0,0,0,0,0.063
0.064,0,0,0,0,0,0,0,0,0,0,0,0,0.064
0.065,0,0,0,0,0,0,0,0,0,0,0,0,0.065
0.066,0,0,0,0,0,0,0,0,0,0,0,0,0.066
0.067,0,0,0,0,0,0,0,0,0,0,0,0,0.067
0.068,0,0,0,0,0,0,0,0,0,0,0,0,0.068
0.069,0,0,0,0,0,0,0,0,0,0,0,0,0.069
0.07,0,0,0,0,0,0,0,0,0,0,0,0,0.07
0.071,0,0,0,0,0,0,0,0,0,0,0,0,0.071
0.072,0,0,0,0,0,0,0,0,0,0,0,0,0.072
0.073,0,0,0,0,0,0,0,0,0,0,0,0,0.073
0.074,0,0,0,0,0,0,0,0,0,0,0,0,0.074
0.075,0,0,0,0,0,0,0,0,0,0,0,0,0.075
0.076,0,0,0,0,0,0,0,0,0,0,0,0,0.076
0.077,0,0,0,0,0,0,0,0,0,0,0,0,0.077
0.078,0,0,0,0,0,0,0,0,0,0,0,0,0.078
0.079,0,0,0,0,0,0,0,0,0,0,0,0,0.079
0.08,0,0,0,0,0,0,0,0,0,0,0,0,0.08
0.081,0,0,0,0,0,0,0,0,0,0,0,0,0.081
0.082,0,0,0,0,0,0,0,0,0,0,0,0,0.082
0.083,0,0,0,0,0,0,0,0,0,0,0,0,0.083
0.084,0,0,0,0,0,0,0,0,0,0,0,0,0.084
0.085,0,0,0,0,0,0,0,0,0,0,0,0,0.085
0.086,0,0,0,0,0,0,0,0,0,0,0,0,0.086
0.087,0,0,0,0,0,0,0,0,0,0,0,0,0.087
0.088,0,0,0,0,0,0,0,0,0,0,0,0,0.088
0.089,0,0,0,0,0,0,0,0,0,0,0,0,0.089
0.09,0,0,0,0,0,0,0,0,0,0,0,0,0.09
0.091,0,0,0,0,0,0,0,0,0,0,0,0,0.091
0.092,0,0,0,0,0,0,0,0,0,0,0,0,0.092
0.093,0,0,0,0,0,0,0,0,0,0,0,0,0.093
0.094,0,0,0,0,0,0,0,0,0,0,0,0,0.094
0.095,0,0,0,0,0,0,0,0,0,0,0,0,0.095
0.096,0,0,0,0,0,0,0,0,0,0,0,0,0.096
0.097,0,0,0,0,0,0,0,0,0,0,0,0,0.097
0.098,0,0,0,0,0,0,0,0,0,0,0,0,0.098
0.099,0,0,0,0,0,0,0,0,0,0,0,0,0.099
0.1,0,0,0,0,0,0,0,0,0,0,0,0,0.1
0.101,0,0,0,0,0,0,0,0,0,0,0,0,0.101
0.102,0,0,0,0,0,0,0,0,0,0,0,0,0.102
0.103,0,0,0,0,0,0,0,0,0,0,0,0,0.103
0.104,0,0,0,0,0,0,0,0,0,0,0,0,0.104
0.105,0,0,0,0,0,0,0,0,0,0,0,0,0.105
0.106,0,0,0,0,0,0,0,0,0,0,0,0,0.106
0.107,0,0,0,0,0,0,0,0,0,0,0,0,0.107
0.108,0,0,0,0,0,0,0,0,0,0,0,0,0.108
0.109,0,0,0,0,0,0,0,0,0,0,0,0,0.109
0.11,0,0,0,0,0,0,0,0,0,0,0,0,0.11
0.111,0,0,0,0,0,0,0,0,0,0,0,0,0.111
0.112,0,0,0,0,0,0,0,0,0,0,0,0,0.112
0.113,0,0,0,0,0,0,0,0,0,0,0,0,0.113
0.114,0,0,0,0,0,0,0,0,0,0,0,0,0.114
0.115,0,0,0,0,0,0,0,0,0,0,0,0,0.115
0.116,0,0,0,0,0,0,0,0,0,0,0,0,0.116
0.117,0,0,0,0,0,0,0,0,0,0,0,0,0.117
0.118,0,0,0,0,0,0,0,0,0,0,0,0,0.118
0.119,0,0,0,0,0,0,0,0,0,0,0,0,0.119
0.12,0,0,0,0,0,0,0,0,0,0,0,0,0.12
0.121,0,0,0,0,0,0,0,0,0,0,0,0,0.121
0.122,0,0,0,0,0,0,0,0,0,0,0,0,0.122
0.123,0,0,0,0,0,0,0,0,0,0,0,0,0.123
0.124,0,0,0,0,0,0,0,0,0,0,0,0,0.124
0.125,0,0,0,0,0,0,0,0,0,0,0,0,0.125
0.126,0,0,0,0,0,0,0,0,0,0,0,0,0.126
0.127,0,0,0,0,0,0,0,0,0,0,0,0,0.127
0.128,0,0,0,0,0,0,0,0,0,0,0,0,0.128
0.129,0,0,0,0,0,0,0,0,0,0,0,0,0.129
0.13,0,0,0,0,0,0,0,0,0,0,0,0,0.13
0.131,0,0,0,0,0,0,0,0,0,0,0,0,0.131
0.132,0,0,0,0,0,0,0,0,0,0,0,0,0.132
0.133,0,0,0,0,0,0,0,0,0,0,0,0,0.133
0.134,0,0,0,0,0,0,0,0,0,0,0,0,0.134
0.135,0,0,0,0,0,0,0,0,0,0,0,0,0.135
0.136,0,0,0,0,0,0,0,0,0,0,0,0,0.136
0.137,0,0,0,0,0,0,0,0,0,0,0,0,0.137
0.138,0,0,0,0,0,0,0,0,0,0,0,0,0.138
0.139,0,0,0,0,0,0,0,0,0,0,0,0,0.139
0.14,0,0,0,0,0,0,0,0,0,0,0,0,0.14
0.141,0,0,0,0,0,0,0,0,0,0,0,0,0.141
0.142,0,0,0,0,0,0,0,0,0,0,0,0,0.142
0.143,0,0,0,0,0,0,0,0,0,0,0,0,0.143
0.144,0,0,0,0,0,0,0,0,0,0,0,0,0.144
0.145,0,0,0,0,0,0,0,0,0,0,0,0,0.145
0.146,0,0,0,0,0,0,0,0,0,0,0,0,0.146
0.147,0,0,0,0,0,0,0,0,0,0,0,0,0.147
0.148,0,0,0,0,0,0,0,0,0,0,0,0,0.148
0.149,0,0,0,0,0,0,0,0,0,0,0,0,0.149
0.15,0,0,0,0,0,0,0,0,0,0,0,0,0.15
0.151,0,0,0,0,0,0,0,0,0,0,0,0,0.151
0.152,0,0,0,0,0,0,0,0,0,0,0,0,0.152
0.153,0,0,0,0,0,0,0,0,0,0,0,0,0.153
0.154,0,0,0,0,0,0,0,0,0,0,0,0,0.154
0.155,0,0,0,0,0,0,0,0,0,0,0,0,0.155
0.156,0,0,0,0,0,0,0,0,0,0,0,0,0.156
0.157,0,0,0,0,0,0,0,0,0,0,0,0,0.157
0.158,0,0,0,0,0,0,0,0,0,0,0,0,0.158
0.159,0,0,0,0,0,0,0,0,0,0,0,0,0.159
0.16,0,0,0,0,0,0,0,0,0,0,0,0,0.16
0.161,0,0,0,0,0,0,0,0,0,0,0,0,0.161
0.162,0,0,0,0,0,0,0,0,0,0,0,0,0.162
0.163,0,0,0,0,0,0,0,0,0,0,0,0,0.163
0.164,0,0,0,0,0,0,0,0,0,0,0,0,0.164
0.165,0,0,0,0,0,0,0,0,0,0,0,0,0.165
0.166,0,0,0,0,0,0,0,0,0,0,0,0,0.166
0.167,0,0,0,0,0,0,0,0,0,0,0,0,0.167
0.168,0,0,0,0,0,0,0,0,0,0,0,0,0.168
0.169,0,0,0,0,0,0,0,0,0,0,0,0,0.169
0.17,0,0,0,0,0,0,0,0,0,0,0,0,0.17
0.171,0,0,0,0,0,0,0,0,0,0,0,0,0.171
0.172,0,0,0,0,0,0,0,0,0,0,0,0,0.172
0.173,0,0,0,0,0,0,0,0,0,0,0,0,0.173
0.174,0,0,0,0,0,0,0,0,0,0,0,0,0.174
0.175,0,0,0,0,0,0,0,0,0,0,0,0,0.175
0.176,0,0,0,0,0,0,0,0,0,0,0,0,0.176
0.177,0,0,0,0,0,0,0,0,0,0,0,0,0.177
0.178,0,0,0,0,0,0,0,0,0,0,0,0,0.178
0.179,0,0,0,0,0,0,0,0,0,0,0,0,0.179
0.18,0,0,0,0,0,0,0,0,0,0,0,0,0.18
0.181,0,0,0,0,0,0,0,0,0,0,0,0,0.181
0.182,0,0,0,0,0,0,0,0,0,0,0,0,0.182
0.183,0,0,0,0,0,0,0,0,0,0,0,0,0.183
0.184,0,0,0,0,0,0,0,0,0,0,0,0,0.184
0.185,0,0,0,0,0,0,0,0,0,0,0,0,0.185
0.186,0,0,0,0,0,0,0,0,0,0,0,0,0.186
0.187,0,0,0,0,0,0,0,0,0,0,0,0,0.187
0.188,0,0,0,0,0,0,0,0,0,0,0,0,0.188
0.189,0,0,0,0,0,0,0,0,0,0,0,0,0.189
0.19,0,0,0,0,0,0,0,0,0,0,0,0,0.19
0.191,0,0,0,0,0,0,0,0,0,0,0,0,0.191
0.192,0,0,0,0,0,0,0,0,0,0,0,0,0.192
0.193,0,0,0,0,0,0,0,0,0,0,0,0,0.193
0.194,0,0,0,0,0,0,0,0,0,0,0,0,0.194
0.195,0,0,0,0,0,0,0,0,0,0,0,0,0.195
0.196,0,0,0,0,0,0,0,0,0,0,0,0,0.196
0.197,0,0,0,0,0,0,0,0,0,0,0,0,0.197
0.198,0,0,0,0,0,0,0,0,0,0,0,0,0.198
0.199,0,0,0,0,0,0,0,0,0,0,0,0,0.199
0.2,0,0,0,0,0,0,0,0,0,0,0,0,0.2
0.201,0,0,0,0,0,0,0,0,0,0,0,0,0.201
0.202,0,0,0,0,0,0,0,0,0,0,0,0,0.202
0.203,0,0,0,0,0,0,0,0,0,0,0,0,0.203
0.204,0,0,0,0,0,0,0,0,0,0,0,0,0.204
0.205,0,0,0,0,0,0,0,0,0,0,0,0,0.205
0.206,0,0,0,0,0,0,0,0,0,0,0,0,0.206
0.207,0,0,0,0,0,0,0,0,0,0,0,0,0.207
0.208,0,0,0,0,0,0,0,0,0,0,0,0,0.208
0.209,0,0,0,0,0,0,0,0,0,0,0,0,0.209
0.21,0,0,0,0,0,0,0,0,0,0,0,0,0.21
0.211,0,0,0,0,0,0,0,0,0,0,0,0,0.211
0.212,0,0,0,0,0,0,0,0,0,0,0,0,0.212
0.213,0,0,0,0,0,0,0,0,0,0,0,0,0.213
0.214,0,0,0,0,0,0,0,0,0,0,0,0,0.214
0.215,0,0,0,0,0,0,0,0,0,0,0,0,0.215
0.216,0,0,0,0,0,0,0,0,0,0,0,0,0.216
0.217,0,0,0,0,0,0,0,0,0,0,0,0,0.217
0.218,0,0,0,0,0,0,0,0,0,0,0,0,0.218
0.219,0,0,0,0,0,0,0,0,0,0,0,0,0.219
0.22,0,0,0,0,0,0,0,0,0,0,0,0,0.22
0.221,0,0,0,0,0,0,0,0,0,0,0,0,0.221
0.222,0,0,0,0,0,0,0,0,0,0,0,0,0.222
0.223,0,0,0,0,0,0,0,0,0,0,0,0,0.223
0.224,0,0,0,0,0,0,0,0,0,0,0,0,0.224
0.225,0,0,0,0,0,0,0,0,0,0,0,0,0.225
0.226,0,0,0,0,0,0,0,0,0,0,0,0,0.226
0.227,0,0,0,0,0,0,0,0,0,0,0,0,0.227
0.228,0,0,0,0,0,0,0,0,0,0,0,0,0.228
0.229,0,0,0,0,0,0,0,0,0,0,0,0,0.229
0.23,0,0,0,0,0,0,0,0,0,0,0,0,0.23
0.231,0,0,0,0,0,0,0,0,0,0,0,0,0.231
0.232,0,0,0,0,0,0,0,0,0,0,0,0,0.232
0.233,0,0,0,0,0,0,0,0,0,0,0,0,0.233
0.234,0,0,0,0,0,0,0,0,0,0,0,0,0.234
0.235,0,0,0,0,0,0,0,0,0,0,0,0,0.235
0.236,0,0,0,0,0,0,0,0,0,0,0,0,0.236
0.237,0,0,0,0,0,0,0,0,0,0,0,0,0.237
0.238,0,0,0,0,0,0,0,0,0,0,0,0,0.238
0.239,0,0,0,0,0,0,0,0,0,0,0,0,0.239
0.24,0,0,0,0,0,0,0,0,0,0,0,0,0.24
0.241,0,0,0,0,0,0,0,0,0,0,0,0,0.241
0.242,0,0,0,0,0,0,0,0,0,0,0,0,0.242
0.243,0,0,0,0,0,0,0,0,0,0,0,0,0.243
0.244,0,0,0,0,0,0,0,0,0,0,0,0,0.244
0.245,0,0,0,0,0,0,0,0,0,0,0,0,0.245
0.246,0,0,0,0,0,0,0,0,0,0,0,0,0.246
0.247,0,0,0,0,0,0,0,0,0,0,0,0,0.247
0.248,0,0,0,0,0,0,0,0,0,0,0,0,0.248
0.249,0,0,0,0,0,0,0,0,0,0,0,0,0.249
0.25,0,0,0,0,0,0,0,0,0,0,0,0,0.25
0.251,0,0,0,0,0,0,0,0,0,0,0,0,0.251
0.252,0,0,0,0,0,0,0,0,0,0,0,0,0.252
0.253,0,0,0,0,0,0,0,0,0,0,0,0,0.253
0.254,0,0,0,0,0,0,0,0,0,0,0,0,0.254
0.255,0,0,0,0,0,0,0,0,0,0,0,0,0.255
0.256,0,0,0,0,0,0,0,0,0,0,0,0,0.256
0.257,0,0,0,0,0,0,0,0,0,0,0,0,0.257
0.258,0,0,0,0,0,0,0,0,0,0,0,0,0.258
0.259,0,0,0,0,0,0,0,0,0,0,0,0,0.259
0.26,0,0,0,0,0,0,0,0,0,0,0,0,0.26
0.261,0,0,0,0,0,0,0,0,0,0,0,0,0.261
0.262,0,0,0,0,0,0,0,0,0,0,0,0,0.262
0.263,0,0,0,0,0,0,0,0,0,0,0,0,0.263
0.264,0,0,0,0,0,0,0,0,0,0,0,0,0.264
0.265,0,0,0,0,0,0,0,0,0,0,0,0,0.265
0.266,0,0,0,0,0,0,0,0,0,0,0,0,0.266
0.267,0,0,0,0,0,0,0,0,0,0,0,0,0.267
0.268,0,0,0,0,0,0,0,0,0,0,0,0,0.268
0.269,0,0,0,0,0,0,0,0,0,0,0,0,0.269
0.27,0,0,0,0,0,0,0,0,0,0,0,0,0.27
0.271,0,0,0,0,0,0,0,0,0,0,0,0,0.271
0.272,0,0,0,0,0,0,0,0,0,0,0,0,0.272
0.273,0,0,0,0,0,0,0,0,0,0,0,0,0.273
0.274,0,0,0,0,0,0,0,0,0,0,0,0,0.274
0.275,0,0,0,0,0,0,0,0,0,0,0,0,0.275
0.276,0,0,0,0,0,0,0,0,0,0,0,0,0.276
0.277,0,0,0,0,0,0,0,0,0,0,0,0,0.277
0.278,0,0,0,0,0,0,0,0,0,0,0,0,0.278
0.279,0,0,0,0,0,0,0,0,0,0,0,0,0.279
0.28,0,0,0,0,0,0,0,0,0,0,0,0,0.28
0.281,0,0,0,0,0,0,0,0,0,0,0,0,0.281
0.282,0,0,0,0,0,0,0,0,0,0,0,0,0.282
0.283,0,0,0,0,0,0,0,0,0,0,0,0,0.283
0.284,0,0,0,0,0,0,0,0,0,0,0,0,0.284
0.285,0,0,0,0,0,0,0,0,0,0,0,0,0.285
0.286,0,0,0,0,0,0,0,0,0,0,0,0,0.286
0.287,0,0,0,0,0,0,0,0,0,0,0,0,0.287
0.288,0,0,0,0,0,0,0,0,0,0,0,0,0.288
0.289,0,0,0,0,0,0,0,0,0,0,0,0,0.289
0.29,0,0,0,0,0,0,0,0,0,0,0,0,0.29
0.291,0,0,0,0,0,0,0,0,0,0,0,0,0.291
0.292,0,0,0,0,0,0,0,0,0,0,0,0,0.292
0.293,0,0,0,0,0,0,0,0,0,0,0,0,0.293
0.294,0,0,0,0,0,0,0,0,0,0,0,0,0.294
0.295,0,0,0,0,0,0,0,0,0,0,0,0,0.295
0.296,0,0,0,0,0,0,0,0,0,0,0,0,0.296
0.297,0,0,0,0,0,0,0,0,0,0,0,0,0.297
0.298,0,0,0,0,0,0,0,0,0,0,0,0,0.298
0.299,0,0,0,0,0,0,0,0,0,0,0,0,0.299
0.3,0,0,0,0,0,0,0,0,0,0,0,0,0.3
0.301,0,0,0,0,0,0,0,0,0,0,0,0,0.301
0.302,0,0,0,0,0,0,0,0,0,0,0,0,0.302
0.303,0,0,0,0,0,0,0,0,0,0,0,0,0.303
0.304,0,0,0,0,0,0,0,0,0,0,0,0,0.304
0.305,0,0,0,0,0,0,0,0,0,0,0,0,0.305
0.306,0,0,0,0,0,0,0,0,0,0,0,0,0.306
0.307,0,0,0,0,0,0,0,0,0,0,0,0,0.307
0.308,0,0,0,0,0,0,0,0,0,0,0,0,0.308
0.309,0,0,0,0,0,0,0,0,0,0,0,0,0.309
0.31,0,0,0,0,0,0,0,0,0,0,0,0,0.31
0.311,0,0,0,0,0,0,0,0,0,0,0,0,0.311
0.312,0,0,0,0,0,0,0,0,0,0,0,0,0.312
0.313,0,0,0,0,0,0,0,0,0,0,0,0,0.313
0.314,0,0,0,0,0,0,0,0,0,0,0,0,0.314
0.315,0,0,0,0,0,0,0,0,0,0,0,0,0.315
0.316,0,0,0,0,0,0,0,0,0,0,0,0,0.316
0.317,0,0,0,0,0,0,0,0,0,0,0,0,0.317
0.318,0,0,0,0,0,0,0,0,0,0,0,0,0.318
0.319,0,0,0,0,0,0,0,0,0,0,0,0,0.319
0.32,0,0,0,0,0,0,0,0,0,0,0,0,0.32
0.321,0,0,0,0,0,0,0,0,0,0,0,0,0.321
0.322,0,0,0,0,0,0,0,0,0,0,0,0,0.322
0.323,0,0,0,0,0,0,0,0,0,0,0,0,0.323
0.324,0,0,0,0,0,0,0,0,0,0,0,0,0.324
0.325,0,0,0,0,0,0,0,0,0,0,0,0,0.325
0.326,0,0,0,0,0,0,0,0,0,0,0,0,0.326
0.327,0,0,0,0,0,0,0,0,0,0,0,0,0.327
0.328,0,0,0,0,0,0,0,0,0,0,0,0,0.328
0.329,0,0,0,0,0,0,0,0,0,0,0,0,0.329
0.33,0,0,0,0,0,0,0,0,0,0,0,0,0.33
0.331,0,0,0,0,0,0,0,0,0,0,0,0,0.331
0.332,0,0,0,0,0,0,0,0,0,0,0,0,0.332
0.333,0,0,0,0,0,0,0,0,0,0,0,0,0.333
0.334,0,0,0,0,0,0,0,0,0,0,0,0,0.334
0.335,0,0,0,0,0,0,0,0,0,0,0,0,0.335
0.336,0,0,0,0,0,0,0,0,0,0,0,0,0.336
0.337,0,0,0,0,0,0,0,0,0,0,0,0,0.337
0.338,0,0,0,0,0,0,0,0,0,0,0,0,0.338
0.339,0,0,0,0,0,0,0,0,0,0,0,0,0.339
0.34,0,0,0,0,0,0,0,0,0,0,0,0,0.34
0.341,0,0,0,0,0,0,0,0,0,0,0,0,0.341
0.342,0,0,0,0,0,0,0,0,0,0,0,0,0.342
0.343,0,0,0,0,0,0,0,0,0,0,0,0,0.343
0.344,0,0,0,0,0,0,0,0,0,0,0,0,0.344
0.345,0,0,0,0,0,0,0,0,0,0,0,0,0.345
0.346,0,0,0,0,0,0,0,0,0,0,0,0,0.346
0.347,0,0,0,0,0,0,0,0,0,0,0,0,0.347
0.348,0,0,0,0,0,0,0,0,0,0,0,0,0.348
0.349,0,0,0,0,0,0,0,0,0,0,0,0,0.349
0.35,0,0,0,0,0,0,0,0,0,0,0,0,0.35
0.351,0,0,0,0,0,0,0,0,0,0,0,0,0.351
0.352,0,0,0,0,0,0,0,0,0,0,0,0,0.352
0.353,0,0,0,0,0,0,0,0,0,0,0,0,0.353
0.354,0,0,0,0,0,0,0,0,0,0,0,0,0.354
0.355,0,0,0,0,0,0,0,0,0,0,0,0,0.355
0.356,0,0,0,0,0,0,0,0,0,0,0,0,0.356
0.357,0,0,0,0,0,0,0,0,0,0,0,0,0.357
0.358,0,0,0,0,0,0,0,0,0,0,0,0,0.358
0.359,0,0,0,0,0,0,0,0,0,0,0,0,0.359
0.36,0,0,0,0,0,0,0,0,0,0,0,0,0.36
0.361,0,0,0,0,0,0,0,0,0,0,0,0,0.361
0.362,0,0,0,0,0,0,0,0,0,0,0,0,0.362
0.363,0,0,0,0,0,0,0,0,0,0,0,0,0.363
0.364,0,0,0,0,0,0,0,0,0,0,0,0,0.364
0.365,0,0,0,0,0,0,0,0,0,0,0,0,0.365
0.366,0,0,0,0,0,0,0,0,0,0,0,0,0.366
0.367,0,0,0,0,0,0,0,0,0,0,0,0,0.367
0.368,0,0,0,0,0,0,0,0,0,0,0,0,0.368
0.369,0,0,0,0,0,0,0,0,0,0,0,0,0.369
0.37,0,0,0,0,0,0,0,0,0,0,0,0,0.37
0.371,0,0,0,0,0,0,0,0,0,0,0,0,0.371
0.372,0,0,0,0,0,0,0,0,0,0,0,0,0.372
0.373,0,0,0,0,0,0,0,0,0,0,0,0,0.373
0.374,0,0,0,0,0,0,0,0,0,0,0,0,0.374
0.375,0,0,0,0,0,0,0,0,0,0,0,0,0.375
0.376,0,0,0,0,0,0,0,0,0,0,0,0,0.376
0.377,0,0,0,0,0,0,0,0,0,0,0,0,0.377
0.378,0,0,0,0,0,0,0,0,0,0,0,0,0.378
0.379,0,0,0,0,0,0,0,0,0,0,0,0,0.379
0.38,0,0,0,0,0,0,0,0,0,0,0,0,0.38
0.381,0,0,0,0,0,0,0,0,0,0,0,0,0.381
0.382,0,0,0,0,0,0,0,0,0,0,0,0,0.382
0.383,0,0,0,0,0,0,0,0,0,0,0,0,0.383
0.384,0,0,0,0,0,0,0,0,0,0,0,0,0.384
0.385,0,0,0,0,0,0,0,0,0,0,0,0,0.385
0.386,0,0,0,0,0,0,0,0,0,0,0,0,0.386
0.387,0,0,0,0,0,0,0,0,0,0,0,0,0.387
0.388,0,0,0,0,0,0,0,0,0,0,0,0,0.388
0.389,0,0,0,0,0,0,0,0,0,0,0,0,0.389
0.39,0,0,0,0,0,0,0,0,0,0,0,0,0.39
0.391,0,0,0,0,0,0,0,0,0,0,0,0,0.391
0.392,0,0,0,0,0,0,0,0,0,0,0,0,0.392
0.393,0,0,0,0,0,0,0,0,0,0,0,0,0.393
0.394,0,0,0,0,0,0,0,0,0,0,0,0,0.394
0.395,0,0,0,0,0,0,0,0,0,0,0,0,0.395
0.396,0,0,0,0,0,0,0,0,0,0,0,0,0.396
0.397,0,0,0,0,0,0,0,0,0,0,0,0,0.397
0.398,0,0,0,0,0,0,0,0,0,0,0,0,0.398
0.399,0,0,0,0,0,0,0,0,0,0,0,0,0.399
0.4,0,0,0,0,0,0,0,0,0,0,0,0,0.4
0.401,0,0,0,0,0,0,0,0,0,0,0,0,0.401
0.402,0,0,0,0,0,0,0,0,0,0,0,0,0.402
0.403,0,0,0,0,0,0,0,0,0,0,0,0,0.403
0.404,0,0,0,0,0,0,0,0,0,0,0,0,0.404
0.405,0,0,0,0,0,0,0,0,0,0,0,0,0.405
0.406,0,0,0,0,0,0,0,0,0,0,0,0,0.406
0.407,0,0,0,0,0,0,0,0,0,0,0,0,0.407
0.408,0,0,0,0,0,0,0,0,0,0,0,0,0.408
0.409,0,0,0,0,0,0,0,0,0,0,0,0,0.409
0.41,0,0,0,0,0,0,0,0,0,0,0,0,0.41
0.411,0,0,0,0,0,0,0,0,0,0,0,0,0.411
0.412,0,0,0,0,0,0,0,0,0,0,0,0,0.412
0.413,0,0,0,0,0,0,0,0,0,0,0,0,0.413
0.414,0,0,0,0,0,0,0,0,0,0,0,0,0.414
0.415,0,0,0,0,0,0,0,0,0,0,0,0,0.415
0.416,0,0,0,0,0,0,0,0,0,0,0,0,0.416
0.417,0,0,0,0,0,0,0,0,0,0,0,0,0.417
0.418,0,0,0,0,0,0,0,0,0,0,0,0,0.418
0.419,0,0,0,0,0,0,0,0,0,0,0,0,0.419
0.42,0,0,0,0,0,0,0,0,0,0,0,0,0.42
0.421,0,0,0,0,0,0,0,0,0,0,0,0,0.421
0.422,0,0,0,0,0,0,0,0,0,0,0,0,0.422
0.423,0,0,0,0,0,0,0,0,0,0,0,0,0.423
0.424,0,0,0,0,0,0,0,0,0,0,0,0,0.424
0.425,0,0,0,0,0,0,0,0,0,0,0,0,0.425
0.426,0,0,0,0,0,0,0,0,0,0,0,0,0.426
0.427,0,0,0,0,0,0,0,0,0,0,0,0,0.427
0.428,0,0,0,0,0,0,0,0,0,0,0,0,0.428
0.429,0,0,0,0,0,0,0,0,0,0,0,0,0.429
0.43,0,0,0,0,0,0,0,0,0,0,0,0,0.43
0.431,0,0,0,0,0,0,0,0,0,0,0,0,0.431
0.432,0,0,0,0,0,0,0,0,0,0,0,0,0.432
0.433,0,0,0,0,0,0,0,0,0,0,0,0,0.433
0.434,0,0,0,0,0,0,0,0,0,0,0,0,0.434
0.435,0,0,0,0,0,0,0,0,0,0,0,0,0.435
0.436,0,0,0,0,0,0,0,0,0,0,0,0,0.436
0.437,0,0,0,0,0,0,0,0,0,0,0,0,0.437
0.438,0,0,0,0,0,0,0,0,0,0,0,0,0.438
0.439,0,0,0,0,0,0,0,0,0,0,0,0,0.439
0.44,0,0,0,0,0,0,0,0,0,0,0,0,0.44
0.441,0,0,0,0,0,0,0,0,0,0,0,0,0.441
0.442,0,0,0,0,0,0,0,0,0,0,0,0,0.442
0.443,0,0,0,0,0,0,0,0,0,0,0,0,0.443
0.444,0,0,0,0,0,0,0,0,0,0,0,0,0.444
0.445,0,0,0,0,0,0,0,0,0,0,0,0,0.445
0.446,0,0,0,0,0,0,0,0,0,0,0,0,0.446
0.447,0,0,0,0,0,0,0,0,0,0,0,0,0.447
0.448,0,0,0,0,0,0,0,0,0,0,0,0,0.448
0.449,0,0,0,0,0,0,0,0,0,0,0,0,0.449
0.45,0,0,0,0,0,0,0,0,0,0,0,0,0.45
0.451,0,0,0,0,0,0,0,0,0,0,0,0,0.451
0.452,0,0,0,0,0,0,0,0,0,0,0,0,0.452
0.453,0,0,0,0,0,0,0,0,0,0,0,0,0.453
0.454,0,0,0,0,0,0,0,0,0,0,0,0,0.454
0.455,0,0,0,0,0,0,0,0,0,0,0,0,0.455
0.456,0,0,0,0,0,0,0,0,0,0,0,0,0.456
0.457,0,0,0,0,0,0,0,0,0,0,0,0,0.457
0.458,0,0,0,0,0,0,0,0,0,0,0,0,0.458
0.459,0,0,0,0,0,0,0,0,0,0,0,0,0.459
0.46,0,0,0,0,0,0,0,0,0,0,0,0,0.46
0.461,0,0,0,0,0,0,0,0,0,0,0,0,0.461
0.462,0,0,0,0,0,0,0,0,0,0,0,0,0.462
0.463,0,0,0,0,0,0,0,0,0,0,0,0,0.463
0.464,0,0,0,0,0,0,0,0,0,0,0,0,0.464
0.465,0,0,0,0,0,0,0,0,0,0,0,0,0.465
0.466,0,0,0,0,0,0,0,0,0,0,0,0,0.466
0.467,0,0,0,0,0,0,0,0,0,0,0,0,0.467
0.468,0,0,0,0,0,0,0,0,0,0,0,0,0.468
0.469,0,0,0,0,0,0,0,0,0,0,0,0,0.469
0.47,0,0,0,0,0,0,0,0,0,0,0,0,0.47
0.471,0,0,0,0,0,0,0,0,0,0,0,0,0.471
0.472,0,0,0,0,0,0,0,0,0,0,0,0,0.472
0.473,0,0,0,0,0,0,0,0,0,0,0,0,0.473
0.474,0,0,0,0,0,0,0,0,0,0,0,0,0.474
0.475,0,0,0,0,0,0,0,0,0,0,0,0,0.475
0.476,0,0,0,0,0,0,0,0,0,0,0,0,0.476
0.477,0,0,0,0,0,0,0,0,0,0,0,0,0.477
0.478,0,0,0,0,0,0,0,0,0,0,0,0,0.478
0.479,0,0,0,0,0,0,0,0,0,0,0,0,0.479
0.48,0,0,0,0,0,0,0,0,0,0,0,0,0.48
0.481,0,0,0,0,0,0,0,0,0,0,0,0,0.481
0.482,0,0,0,0,0,0,0,0,0,0,0,0,0.482
0.483,0,0,0,0,0,0,0,0,0,0,0,0,0.483
0.484,0,0,0,0,0,0,0,0,0,0,0,0,0.484
0.485,0,0,0,0,0,0,0,0,0,0,0,0,0.485
0.486,0,0,0,0,0,0,0,0,0,0,0,0,0.486
0.487,0,0,0,0,0,0,0,0,0,0,0,0,0.487
0.488,0,0,0,0,0,0,0,0,0,0,0,0,0.488
0.489,0,0,0,0,0,0,0,0,0,0,0,0,0.489
0.49,0,0,0,0,0,0,0,0,0,0,0,0,0.49
0.491,0,0,0,0,0,0,0,0,0,0,0,0,0.491
0.492,0,0,0,0,0,0,0,0,0,0,0,0,0.492
0.493,0,0,0,0,0,0,0,0,0,0,0,0,0.493
0.494,0,0,0,0,0,0,0,0,0,0,0,0,0.494
0.495,0,0,0,0,0,0,0,0,0,0,0,0,0.495
0.496,0,0,0,0,0,0,0,0,0,0,0,0,0.496
0.497,0,0,0,0,0,0,0,0,0,0,0,0,0.497
0.498,0,0,0,0,0,0,0,0,0,0,0,0,0.498
0.499,0,0,0,0,0,0,0,0,0,0,0,0,0.499
0.5,0,0,0,0,0,0,0,0,0,0,0,0,0.5
0.501,0,0,0,0,0,0,0,0,0,0,0,0,0.501
0.502,0,0,0,0,0,0,0,0,0,0,0,0,0.502
0.503,0,0,0,0,0,0,0,0,0,0,0,0,0.503
0.504,0,0,0,0,0,0,0,0,0,0,0,0,0.504
0.505,0,0,0,0,0,0,0,0,0,0,0,0,0.505
0.506,0,0,0,0,0,0,0,0,0,0,0,0,0.506
0.507,0,0,0,0,0,0,0,0,0,0,0,0,0.507
0.508,0,0,0,0,0,0,0,0,0,0,0,0,0.508
0.509,0,0,0,0,0,0,0,0,0,0,0,0,0.509
0.51,0,0,0,0,0,0,0,0,0,0,0,0,0.51
0.511,0,0,0,0,0,0,0,0,0,0,0,0,0.511
0.512,0,0,0,0,0,0,0,0,0,0,0,0,0.512
0.513,0,0,0,0,0,0,0,0,0,0,0,0,0.513
0.514,0,0,0,0,0,0,0,0,0,0,0,0,0.514
0.515,0,0,0,0,0,0,0,0,0,0,0,0,0.515
0.516,0,0,0,0,0,0,0,0,0,0,0,0,0.516
0.517,0,0,0,0,0,0,0,0,0,0,0,0,0.517
0.518,0,0,0,0,0,0,0,0,0,0,0,0,0.518
0.519,0,0,0,0,0,0,0,0,0,0,0,0,0.519
0.52,0,0,0,0,0,0,0,0,0,0,0,0,0.52
0.521,0,0,0,0,0,0,0,0,0,0,0,0,0.521
0.522,0,0,0,0,0,0,0,0,0,0,0,0,0.522
0.523,0,0,0,0,0,0,0,0,0,0,0,0,0.523
0.524,0,0,0,0,0,0,0,0,0,0,0,0,0.524
0.525,0,0,0,0,0,0,0,0,0,0,0,0,0.525
0.526,0,0,0,0,0,0,0,0,0,0,0,0,0.526
0.527,0,0,0,0,0,0,0,0,0,0,0,0,0.527
0.528,0,0,0,0,0,0,0,0,0,0,0,0,0.528
0.529,0,0,0,0,0,0,0,0,0,0,0,0,0.529
0.53,0,0,0,0,0,0,0,0,0,0,0,0,0.53
0.531,0,0,0,0,0,0,0,0,0,0,0,0,0.531
0.532,0,0,0,0,0,0,0,0,0,0,0,0,0.532
0.533,0,0,0,0,0,0,0,0,0,0,0,0,0.533
0.534,0,0,0,0,0,0,0,0,0,0,0,0,0.534
0.535,0,0,0,0,0,0,0,0,0,0,0,0,0.535
0.536,0,0,0,0,0,0,0,0,0,0,0,0,0.536
0.537,0,0,0,0,0,0,0,0,0,0,0,0,0.537
0.538,0,0,0,0,0,0,0,0,0,0,0,0,0.538
0.539,0,0,0,0,0,0,0,0,0,0,0,0,0.539
0.54,0,0,0,0,0,0,0,0,0,0,0,0,0.54
0.541,0,0,0,0,0,0,0,0,0,0,0,0,0.541
0.542,0,0,0,0,0,0,0,0,0,0,0,0,0.542
0.543,0.0170787,0,0,0,0,0,0,0,0,0,0,0,0.543
0.544,0.0638082,0,0,0,0,0,0,0,0,0,-8.37753,0,0.544
0.545,0.118038,0,0,0,0,0,0,-0.00837753,0,0,-35.7033,0,0.545
0.546,0.171882,0,0.00163055,0,0,0,0,-0.0440809,0,0,-76.602,0,0.546
0.547,0.222918,0,0.020328,0,0,0,0,-0.120683,0,-0.614215,-124.171,0.102369,0.547
0.548,0.270942,0,0.0461359,0,0,0,-0.000613999,-0.244854,0.000102369,-7.97999,-172.975,1.33,0.548
0.549,0.315941,0,0.0751887,0,0,0,-0.00858831,-0.417829,0.00143053,-21.5663,-220.285,3.59439,0.549
0.55,0.356955,0,0.105996,0,0,0,-0.0301287,-0.638114,0.00499199,-39.5713,-264.732,6.59522,0.55
0.551,0.392512,0,0.13775,0,0.000458701,0,-0.0696281,-0.90285,0.0114484,-60.4168,-305.156,10.0697,0.551
0.552,0.421226,0,0.17014,0,0.00222125,0,-0.129892,-1.20802,0.0211485,-82.8796,-340.235,13.7149,0.552
0.553,0.441877,0,0.202357,0,0.00448608,0,-0.212499,-1.54828,0.0340949,-106.097,-368.599,17.1527,0.553
0.554,0.453427,0,0.233574,0,0.00695469,0,-0.318169,-1.91694,0.0498862,-129.344,-389.034,20.3154,0.554
0.555,0.45497,0,0.262951,0,0.00950716,0,-0.446906,-2.30608,0.0680511,-151.946,-400.513,23.1874,0.555
0.556,0.450162,0,0.289422,0,0.0121036,0,-0.598044,-2.70677,0.0881301,-173.252,-402.194,25.7411,0.556
0.557,0.442436,0,0.3119,0,0.0147059,0,-0.770278,-3.10921,0.109696,-192.54,-395.57,27.91,0.557
0.558,0.433479,0,0.329203,0,0.0172441,0,-0.96159,-3.50512,0.132319,-209.039,-383.253,29.6041,0.558
0.559,0.424139,0,0.340318,0,0.0196396,0,-1.16921,-3.88881,0.15553,-221.933,-367.592,30.7234,0.559
0.56,0.414832,0,0.344392,0,0.0218096,0,-1.38957,-4.25695,0.1788,-230.454,-350.36,31.1758,0.56
0.561,0.405764,0,0.340707,0,0.0236788,0,-1.61833,-4.60797,0.201533,-233.929,-332.791,30.8855,0.561
0.562,0.397029,0,0.332887,0,0.0251762,0,-1.85053,-4.9415,0.223078,-231.797,-315.711,29.7932,0.562
0.563,0.388665,0,0.32318,0,0.0262349,0,-2.08063,-5.25801,0.242733,-225.186,-299.459,28.118,0.563
0.564,0.380684,0,0.312694,0,0.0267934,0,-2.30423,-5.55829,0.260033,-215.595,-284.128,26.1392,0.564
0.565,0.373081,0,0.301965,0,0.0267892,0,-2.5184,-5.84324,0.274797,-204.28,-269.712,24.0919,0.565
0.566,0.365847,0,0.291265,0,0.0264573,0,-2.72143,-6.11375,0.287079,-192.137,-256.171,22.1497,0.566
0.567,0.358969,0,0.280762,0,0.0259786,0,-2.9125,-6.37068,0.297097,-179.735,-243.448,20.3668,0.567
0.568,0.35243,0,0.270583,0,0.0254419,0,-3.09134,-6.61485,0.305117,-167.428,-231.481,18.739,0.568
0.569,0.346216,0,0.260816,0,0.0248906,0,-3.25805,-6.847,0.311388,-155.441,-220.213,17.2496,0.569
0.57,0.340311,0,0.251517,0,0.0243461,0,-3.41292,-7.06784,0.316128,-143.916,-209.589,15.8825,0.57
0.571,0.3347,0,0.242717,0,0.0238182,0,-3.55642,-7.278,0.319531,-132.944,-199.56,14.6259,0.571
0.572,0.329369,0,0.234426,0,0.0233114,0,-3.68908,-7.47809,0.321768,-122.573,-190.082,13.471,0.572
0.573,0.324305,0,0.226647,0,0.0228272,0,-3.8115,-7.66864,0.322991,-112.825,-181.115,12.4111,0.573
0.574,0.319493,0,0.219372,0,0.0223658,0,-3.92428,-7.85018,0.323338,-103.705,-172.624,11.4404,0.574
0.575,0.314922,0,0.21259,0,0.0219267,0,-4.02804,-8.02318,0.322934,-95.2031,-164.576,10.5542,0.575
0.576,0.310579,0,0.206287,0,0.0215092,0,-4.12338,-8.18809,0.321891,-87.3036,-156.942,9.74762,0.576
0.577,0.306454,0,0.200456,0,0.0211124,0,-4.21091,-8.34533,0.320313,-79.9844,-149.695,9.01622,0.577
0.578,0.302534,0,0.195087,0,0.0207353,0,-4.29119,-8.49528,0.318291,-73.2246,-142.811,8.35622,0.578
0.579,0.298811,0,0.190167,0,0.020377,0,-4.36477,-8.63832,0.315912,-67.0026,-136.265,7.76409,0.579
0.58,0.295273,0,0.185681,0,0.0200366,0,-4.43217,-8.77478,0.313253,-61.2953,-130.036,7.23633,0.58
0.581,0.291913,0,0.181613,0,0.0197132,0,-4.4939,-8.90499,0.310385,-56.0797,-124.105,6.76956,0.581
0.582,0.28872,0,0.177966,0,0.019406,0,-4.55045,-9.02924,0.307374,-51.3315,-118.453,6.36027,0.582
0.583,0.285688,0,0.174734,0,0.0191141,0,-4.60226,-9.14782,0.304278,-47.0342,-113.061,6.00631,0.583
0.584,0.282806,0,0.171897,0,0.0188368,0,-4.6498,-9.261,0.301153,-43.1713,-107.913,5.70557,0.584
0.585,0.280069,0,0.169431,0,0.0185734,0,-4.69347,-9.36902,0.298052,-39.7224,-102.995,5.45528,0.585
0.586,0.277469,0,0.167323,0,0.0183231,0,-4.73368,-9.47212,0.295021,-36.6628,-98.2918,5.25202,0.586
0.587,0.274999,0,0.165549,0,0.0180853,0,-4.77082,-9.57051,0.292103,-33.971,-93.7921,5.09284,0.587
0.588,0.272652,0,0.164082,0,0.0178595,0,-4.80525,-9.6644,0.289339,-31.6228,-89.4847,4.97435,0.588
0.589,0.270423,0,0.162828,0,0.0176449,0,-4.83731,-9.75399,0.286764,-29.5917,-85.3598,4.89279,0.589
0.59,0.268305,0,0.161706,0,0.0174411,0,-4.8673,-9.83945,0.284407,-27.8258,-81.4134,4.84016,0.59
0.591,0.266293,0,0.160675,0,0.0172474,0,-4.89549,-9.92098,0.282291,-26.2649,-77.644,4.80702,0.591
0.592,0.264381,0,0.159713,0,0.0170634,0,-4.92207,-9.99876,0.280426,-24.8596,-74.049,4.78576,0.592
0.593,0.262565,0,0.158807,0,0.0168887,0,-4.94721,-10.0729,0.278816,-23.5739,-70.6241,4.77101,0.593
0.594,0.26084,0,0.157951,0,0.0167226,0,-4.97103,-10.1437,0.277458,-22.383,-67.3637,4.75922,0.594
0.595,0.259201,0,0.15714,0,0.0165649,0,-4.9936,-10.2112,0.276345,-21.2701,-64.2612,4.7482,0.595
0.596,0.257644,0,0.156371,0,0.016415,0,-5.01503,-10.2757,0.275468,-20.2239,-61.3098,4.73664,0.596
0.597,0.256165,0,0.15564,0,0.0162727,0,-5.03537,-10.3372,0.274816,-19.2366,-58.5024,4.72378,0.597
0.598,0.25476,0,0.154947,0,0.0161375,0,-5.05468,-10.3958,0.27438,-18.3023,-55.8321,4.70923,0.598
0.599,0.253425,0,0.154288,0,0.016009,0,-5.07303,-10.4519,0.274148,-17.4169,-53.2921,4.69279,0.599
0.6,0.252157,0,0.153662,0,0.0158869,0,-5.09045,-10.5054,0.274109,-16.5769,-50.8759,4.67441,0.6
0.601,0.250953,0,0.153068,0,0.015771,0,-5.107,-10.5565,0.274253,-15.7795,-48.5772,4.65409,0.601
0.602,0.249808,0,0.152503,0,0.0156608,0,-5.12272,-10.6053,0.27457,-15.0221,-46.3901,4.63189,0.602
0.603,0.248721,0,0.151967,0,0.0155562,0,-5.13766,-10.6519,0.27505,-14.3025,-44.3089,4.60788,0.603
0.604,0.247688,0,0.151457,0,0.0154568,0,-5.15184,-10.6964,0.275682,-13.6187,-42.3283,4.58214,0.604
0.605,0.246707,0,0.150973,0,0.0153623,0,-5.16532,-10.739,0.276458,-12.9688,-40.4432,4.55477,0.605
0.606,0.245775,0,0.150513,0,0.0152726,0,-5.17812,-10.7797,0.277369,-12.3511,-38.6488,4.52586,0.606
0.607,0.244889,0,0.150076,0,0.0151874,0,-5.19028,-10.8186,0.278407,-11.7638,-36.9404,4.49551,0.607
0.608,0.244048,0,0.149661,0,0.0151064,0,-5.20182,-10.8558,0.279563,-11.2055,-35.3139,4.46381,0.608
0.609,0.243249,0,0.149267,0,0.0150295,0,-5.21279,-10.8914,0.280829,-10.6746,-33.765,4.43085,0.609
0.61,0.242489,0,0.148892,0,0.0149564,0,-5.2232,-10.9254,0.282199,-10.1697,-32.2898,4.39671,0.61
0.611,0.241768,0,0.148536,0,0.014887,0,-5.2331,-10.9579,0.283664,-9.68955,-30.8848,4.36149,0.611
0.612,0.241083,0,0.148198,0,0.0148211,0,-5.24249,-10.9891,0.285219,-9.23288,-29.5463,4.32526,0.612
0.613,0.240432,0,0.147877,0,0.0147584,0,-5.25141,-11.0189,0.286856,-8.79849,-28.2712,4.2881,0.613
0.614,0.239814,0,0.147572,0,0.0146989,0,-5.25988,-11.0475,0.288571,-8.38527,-27.0561,4.2501,0.614
0.615,0.239226,0,0.147282,0,0.0146423,0,-5.26793,-11.0748,0.290356,-7.99215,-25.8982,4.21131,0.615
0.616,0.238668,0,0.147007,0,0.0145886,0,-5.27556,-11.101,0.292206,-7.61812,-24.7946,4.17182,0.616
0.617,0.238138,0,0.146745,0,0.0145376,0,-5.28281,-11.126,0.294116,-7.26222,-23.7426,4.13169,0.617
0.618,0.237634,0,0.146497,0,0.0144891,0,-5.2897,-11.1501,0.296081,-6.92354,-22.7398,4.09098,0.618
0.619,0.237155,0,0.146261,0,0.0144431,0,-5.29623,-11.1731,0.298096,-6.60123,-21.7835,4.04976,0.619
0.62,0.236701,0,0.146036,0,0.0137191,0,-5.30243,-11.1951,0.300157,-6.29447,-20.8717,4.00807,0.62
0.621,0.229555,0,0.142511,0,0.0133715,0,-5.30832,-11.2163,0.302259,-6.06493,-20.004,4.119,0.621
0.622,0.226124,0,0.140818,0,0.0131977,0,-5.31394,-11.2366,0.304554,-4.8976,-16.4497,4.06744,0.622
0.623,0.224408,0,0.139971,0,0.0131108,0,-5.31833,-11.2533,0.307129,-3.7504,-13.0008,3.97775,0.623
0.624,0.223551,0,0.139548,0,0.0130673,0,-5.32153,-11.2667,0.309939,-2.8609,-10.3376,3.88724,0.624
0.625,0.223122,0,0.139336,0,0.0130456,0,-5.32382,-11.2773,0.312908,-2.23607,-8.46792,3.80541,0.625
0.626,0.222907,0,0.139231,0,0.0130347,0,-5.32545,-11.2861,0.31597,-1.81817,-7.21448,3.73248,0.626
0.627,0.2228,0,0.139178,0,0.0130293,0,-5.32666,-11.2936,0.319077,-1.54475,-6.38947,3.66636,0.627
0.628,0.222746,0,0.139151,0,0.0130266,0,-5.3276,-11.3003,0.322195,-1.36622,-5.8449,3.60495,0.628
0.629,0.22272,0,0.139138,0,0.0130252,0,-5.32835,-11.3065,0.325302,-1.24772,-5.47722,3.54669,0.629
0.63,0.222706,0,0.139131,0,0.0130245,0,-5.329,-11.3123,0.328384,-1.16626,-5.21847,3.49058,0.63
0.631,0.222699,0,0.139128,0,0.0130242,0,-5.32957,-11.3178,0.331435,-1.10734,-5.02588,3.436,0.631
0.632,0.222696,0,0.139127,0,0.013024,0,-5.33008,-11.3231,0.334447,-1.06204,-4.87318,3.38259,0.632
0.633,0.222694,0,0.139126,0,0.013024,0,-5.33056,-11.3283,0.337421,-1.02496,-4.74462,3.33016,0.633
0.634,0.222694,0,0.139125,0,0.0130239,0,-5.33101,-11.3333,0.340353,-0.99294,-4.63084,3.2786,0.634
0.635,0.222693,0,0.139125,0,0.0130239,0,-5.33143,-11.3382,0.343243,-0.964077,-4.52639,3.22785,0.635
0.636,0.222693,0,0.139125,0,0.0130239,0,-5.33184,-11.343,0.346092,-0.937282,-4.42806,3.17786,0.636
0.637,0.222693,0,0.139125,0,0.0130239,0,-5.33222,-11.3477,0.3489,-0.911919,-4.33402,3.12863,0.637
0.638,0.222693,0,0.139125,0,0.0130239,0,-5.33259,-11.3523,0.351666,-0.887622,-4.24319,3.08013,0.638
0.639,0.222693,0,0.139125,0,0.0130239,0,-5.33294,-11.3569,0.354392,-0.864166,-4.15494,3.03235,0.639
0.64,0.222693,0,0.139125,0,0.0130239,0,-5.33328,-11.3613,0.357077,-0.841426,-4.06891,2.98528,0.64
0.641,0.222693,0,0.139125,0,0.0130239,0,-5.3336,-11.3656,0.359723,-0.819322,-3.98488,2.93892,0.641
0.642,0.222693,0,0.139125,0,0.0130239,0,-5.3339,-11.3698,0.36233,-0.797809,-3.90269,2.89324,0.642
0.643,0.222693,0,0.139125,0,0.0130239,0,-5.33419,-11.374,0.364899,-0.776852,-3.82227,2.84825,0.643
0.644,0.222693,0,0.139125,0,0.0130239,0,-5.33447,-11.3781,0.367429,-0.756426,-3.74355,2.80393,0.644
0.645,0.222693,0,0.139125,0,0.0130239,0,-5.33474,-11.3821,0.369922,-0.736512,-3.66646,2.76027,0.645
0.646,0.222693,0,0.139125,0,0.0130239,0,-5.33499,-11.386,0.372377,-0.717095,-3.59097,2.71727,0.646
0.647,0.222693,0,0.139125,0,0.0130239,0,-5.33523,-11.3898,0.374797,-0.698161,-3.51704,2.67491,0.647
0.648,0.222693,0,0.139125,0,0.0130239,0,-5.33546,-11.3935,0.37718,-0.679697,-3.44464,2.63319,0.648
0.649,0.222693,0,0.139125,0,0.0130239,0,-5.33567,-11.3972,0.379528,-0.661692,-3.37373,2.5921,0.649
0.65,0.222693,0,0.139125,0,0.0130239,0,-5.33588,-11.4008,0.38184,-0.644134,-3.30427,2.55163,0.65
0.651,0.222693,0,0.139125,0,0.0130239,0,-5.33607,-11.4043,0.384119,-0.627013,-3.23625,2.51176,0.651
0.652,0.222693,0,0.139125,0,0.0130239,0,-5.33625,-11.4078,0.386363,-0.610317,-3.16963,2.47249,0.652
0.653,0.222693,0,0.139125,0,0.0130239,0,-5.33643,-11.4112,0.388574,-0.594037,-3.10437,2.43382,0.653
0.654,0.222693,0,0.139125,0,0.0130239,0,-5.33659,-11.4145,0.390751,-0.578163,-3.04046,2.39573,0.654
0.655,0.222693,0,0.139125,0,0.0130239,0,-5.33674,-11.4178,0.392896,-0.562685,-2.97787,2.35822,0.655
0.656,0.222693,0,0.139125,0,0.0130239,0,-5.33689,-11.4209,0.395009,-0.547594,-2.91656,2.32127,0.656
0.657,0.222693,0,0.139125,0,0.0130239,0,-5.33702,-11.4241,0.39709,-0.532879,-2.85652,2.28488,0.657
0.658,0.222693,0,0.139125,0,0.0130239,0,-5.33715,-11.4271,0.39914,-0.518533,-2.79771,2.24904,0.658
0.659,0.222693,0,0.139125,0,0.0130239,0,-5.33727,-11.4301,0.401159,-0.504546,-2.74011,2.21375,0.659
0.66,0.222693,0,0.139125,0,0.0130239,0,-5.33738,-11.433,0.403148,-0.49091,-2.6837,2.17899,0.66
0.661,0.222693,0,0.139125,0,0.0130239,0,-5.33748,-11.4359,0.405107,-0.477616,-2.62845,2.14476,0.661
0.662,0.222693,0,0.139125,0,0.0130239,0,-5.33758,-11.4387,0.407036,-0.464656,-2.57433,2.11105,0.662
0.663,0.222693,0,0.139125,0,0.0130239,0,-5.33766,-11.4415,0.408936,-0.452022,-2.52133,2.07785,0.663
0.664,0.222693,0,0.139125,0,0.0130239,0,-5.33774,-11.4442,0.410807,-0.439706,-2.46942,2.04515,0.664
0.665,0.222693,0,0.139125,0,0.0130239,0,-5.33782,-11.4468,0.412651,-0.427701,-2.41858,2.01296,0.665
0.666,0.222693,0,0.139125,0,0.0130239,0,-5.33789,-11.4494,0.414466,-0.415999,-2.36879,1.98125,0.666
0.667,0.222693,0,0.139125,0,0.0130239,0,-5.33795,-11.452,0.416254,-0.404592,-2.32002,1.95003,0.667
0.668,0.222693,0,0.139125,0,0.0130239,0,-5.338,-11.4545,0.418015,-0.393473,-2.27225,1.91929,0.668
0.669,0.222693,0,0.139125,0,0.0130239,0,-5.33805,-11.4569,0.419749,-0.382637,-2.22547,1.88901,0.669
0.67,0.222693,0,0.139125,0,0.0130239,0,-5.33809,-11.4593,0.421457,-0.372075,-2.17965,1.8592,0.67
0.671,0.222693,0,0.139125,0,0.0130239,0,-5.33813,-11.4617,0.423138,-0.361781,-2.13478,1.82984,0.671
0.672,0.222693,0,0.139125,0,0.0130239,0,-5.33817,-11.4639,0.424795,-0.351748,-2.09082,1.80093,0.672
0.673,0.222693,0,0.139125,0,0.0130239,0,-5.33819,-11.4662,0.426426,-0.341971,-2.04778,1.77247,0.673
0.674,0.222693,0,0.139125,0,0.0130239,0,-5.33822,-11.4684,0.428032,-0.332443,-2.00562,1.74444,0.674
0.675,0.222693,0,0.139125,0,0.0130239,0,-5.33823,-11.4706,0.429614,-0.323158,-1.96433,1.71684,0.675
0.676,0.222693,0,0.139125,0,0.0130239,0,-5.33825,-11.4727,0.431172,-0.31411,-1.92388,1.68966,0.676
0.677,0.222693,0,0.139125,0,0.0130239,0,-5.33826,-11.4747,0.432706,-0.305294,-1.88427,1.6629,0.677
0.678,0.222693,0,0.139125,0,0.0130239,0,-5.33826,-11.4768,0.434216,-0.296703,-1.84548,1.63656,0.678
0.679,0.222693,0,0.139125,0,0.0130239,0,-5.33826,-11.4788,0.435704,-0.288332,-1.80748,1.61062,0.679
0.68,0.222693,0,0.139125,0,0.0130239,0,-5.33826,-11.4807,0.437169,-0.280176,-1.77027,1.58507,0.68
0.681,0.222693,0,0.139125,0,0.0130239,0,-5.33825,-11.4826,0.438611,-0.27223,-1.73383,1.55993,0.681
0.682,0.222693,0,0.139125,0,0.0130239,0,-5.33824,-11.4845,0.440031,-0.264488,-1.69813,1.53516,0.682
0.683,0.222693,0,0.139125,0,0.0130239,0,-5.33823,-11.4863,0.44143,-0.256946,-1.66317,1.51079,0.683
0.684,0.222693,0,0.139125,0,0.0130239,0,-5.33821,-11.4881,0.442807,-0.249599,-1.62893,1.48678,0.684
0.685,0.222693,0,0.139125,0,0.0130239,0,-5.33819,-11.4899,0.444163,-0.242441,-1.59539,1.46315,0.685
0.686,0.222693,0,0.139125,0,0.0130239,0,-5.33817,-11.4916,0.445498,-0.235469,-1.56255,1.43988,0.686
0.687,0.222693,0,0.139125,0,0.0130239,0,-5.33814,-11.4933,0.446813,-0.228677,-1.53038,1.41698,0.687
0.688,0.222693,0,0.139125,0,0.0130239,0,-5.33811,-11.495,0.448107,-0.222062,-1.49887,1.39442,0.688
0.689,0.222693,0,0.139125,0,0.0130239,0,-5.33808,-11.4966,0.449382,-0.215618,-1.46802,1.37222,0.689
0.69,0.222693,0,0.139125,0,0.0130239,0,-5.33804,-11.4982,0.450636,-0.209342,-1.43779,1.35036,0.69
0.691,0.222693,0,0.139125,0,0.0130239,0,-5.33801,-11.4997,0.451872,-0.20323,-1.40819,1.32884,0.691
0.692,0.222693,0,0.139125,0,0.0130239,0,-5.33797,-11.5013,0.453088,-0.197278,-1.3792,1.30765,0.692
0.693,0.222693,0,0.139125,0,0.0130239,0,-5.33793,-11.5028,0.454286,-0.191481,-1.35081,1.28679,0.693
0.694,0.222693,0,0.139125,0,0.0130239,0,-5.33788,-11.5042,0.455465,-0.185836,-1.323,1.26626,0.694
0.695,0.222693,0,0.139125,0,0.0130239,0,-5.33784,-11.5056,0.456626,-0.180339,-1.29577,1.24604,0.695
0.696,0.222693,0,0.139125,0,0.0130239,0,-5.33779,-11.5071,0.45777,-0.174986,-1.26909,1.22614,0.696
0.697,0.222693,0,0.139125,0,0.0130239,0,-5.33774,-11.5084,0.458895,-0.169774,-1.24297,1.20655,0.697
0.698,0.222693,0,0.139125,0,0.0130239,0,-5.33769,-11.5098,0.460003,-0.1647,-1.21738,1.18727,0.698
0.699,0.222693,0,0.139125,0,0.0130239,0,-5.33764,-11.5111,0.461094,-0.159759,-1.19232,1.16828,0.699
0.7,0.222693,0,0.139125,0,0.0130239,0,-5.33758,-11.5124,0.462168,-0.154949,-1.16778,1.14959,0.7
0.701,0.222693,0,0.139125,0,0.0130239,0,-5.33752,-11.5137,0.463225,-0.150267,-1.14374,1.13119,0.701
0.702,0.222693,0,0.139125,0,0.0130239,0,-5.33747,-11.5149,0.464266,-0.145709,-1.1202,1.11308,0.702
0.703,0.222693,0,0.139125,0,0.0130239,0,-5.33741,-11.5161,0.46529,-0.141272,-1.09714,1.09525,0.703
0.704,0.222693,0,0.139125,0,0.0130239,0,-5.33735,-11.5173,0.466299,-0.136953,-1.07455,1.0777,0.704
0.705,0.222693,0,0.139125,0,0.0130239,0,-5.33729,-11.5185,0.467292,-0.13275,-1.05244,1.06043,0.705
0.706,0.222693,0,0.139125,0,0.0130239,0,-5.33722,-11.5196,0.46827,-0.128658,-1.03077,1.04342,0.706
0.707,0.222693,0,0.139125,0,0.0130239,0,-5.33716,-11.5208,0.469232,-0.124677,-1.00956,1.02668,0.707
0.708,0.222693,0,0.139125,0,0.0130239,0,-5.3371,-11.5219,0.47018,-0.120802,-0.988776,1.01021,0.708
0.709,0.222693,0,0.139125,0,0.0130239,0,-5.33703,-11.5229,0.471112,-0.117031,-0.968424,0.99399,0.709
0.71,0.222693,0,0.139125,0,0.0130239,0,-5.33696,-11.524,0.47203,-0.113362,-0.948491,0.978025,0.71
0.711,0.222693,0,0.139125,0,0.0130239,0,-5.3369,-11.525,0.472934,-0.109791,-0.928969,0.962311,0.711
0.712,0.222693,0,0.139125,0,0.0130239,0,-5.33683,-11.5261,0.473824,-0.106317,-0.909849,0.946844,0.712
0.713,0.222693,0,0.139125,0,0.0130239,0,-5.33676,-11.527,0.4747,-0.102938,-0.891123,0.93162,0.713
0.714,0.222693,0,0.139125,0,0.0130239,0,-5.33669,-11.528,0.475562,-0.0996498,-0.872782,0.916634,0.714
0.715,0.222693,0,0.139125,0,0.0130239,0,-5.33662,-11.529,0.47641,-0.0964513,-0.854819,0.901885,0.715
0.716,0.222693,0,0.139125,0,0.0130239,0,-5.33655,-11.5299,0.477246,-0.0933399,-0.837226,0.887367,0.716
0.717,0.222693,0,0.139125,0,0.0130239,0,-5.33648,-11.5308,0.478068,-0.0903135,-0.819996,0.873078,0.717
0.718,0.222693,0,0.139125,0,0.0130239,0,-5.33641,-11.5317,0.478877,-0.0873699,-0.80312,0.859013,0.718
0.719,0.222693,0,0.139125,0,0.0130239,0,-5.33634,-11.5326,0.479674,-0.0845071,-0.786592,0.845171,0.719
0.72,0.222693,0,0.139125,0,0.0130239,0,-5.33626,-11.5335,0.480458,-0.0817229,-0.770404,0.831546,0.72
0.721,0.222693,0,0.139125,0,0.0130239,0,-5.33619,-11.5343,0.48123,-0.0790154,-0.75455,0.818136,0.721
0.722,0.222693,0,0.139125,0,0.0130239,0,-5.33612,-11.5351,0.48199,-0.0763827,-0.739022,0.804938,0.722
0.723,0.222693,0,0.139125,0,0.0130239,0,-5.33605,-11.5359,0.482738,-0.0738229,-0.723814,0.791948,0.723
0.724,0.222693,0,0.139125,0,0.0130239,0,-5.33597,-11.5367,0.483474,-0.0713341,-0.708919,0.779163,0.724
0.725,0.222693,0,0.139125,0,0.0130239,0,-5.3359,-11.5375,0.484198,-0.0689144,-0.694331,0.766581,0.725
0.726,0.222693,0,0.139125,0,0.0130239,0,-5.33582,-11.5383,0.484911,-0.0665623,-0.680043,0.754197,0.726
0.727,0.222693,0,0.139125,0,0.0130239,0,-5.33575,-11.539,0.485613,-0.0642758,-0.666049,0.742009,0.727
0.728,0.222693,0,0.139125,0,0.0130239,0,-5.33568,-11.5398,0.486304,-0.0620534,-0.652344,0.730013,0.728
0.729,0.222693,0,0.139125,0,0.0130239,0,-5.3356,-11.5405,0.486984,-0.0598933,-0.638921,0.718208,0.729
0.73,0.222693,0,0.139125,0,0.0130239,0,-5.33553,-11.5412,0.487653,-0.0577941,-0.625774,0.70659,0.73
0.731,0.222693,0,0.139125,0,0.0130239,0,-5.33545,-11.5419,0.488312,-0.0557542,-0.612899,0.695156,0.731
0.732,0.222693,0,0.139125,0,0.0130239,0,-5.33538,-11.5425,0.48896,-0.0537719,-0.600288,0.683903,0.732
0.733,0.222693,0,0.139125,0,0.0130239,0,-5.33531,-11.5432,0.489598,-0.051846,-0.587937,0.672828,0.733
0.734,0.222693,0,0.139125,0,0.0130239,0,-5.33523,-11.5439,0.490226,-0.0499748,-0.57584,0.661929,0.734
0.735,0.222693,0,0.139125,0,0.0130239,0,-5.33516,-11.5445,0.490844,-0.048157,-0.563992,0.651204,0.735
0.736,0.222693,0,0.139125,0,0.0130239,0,-5.33509,-11.5451,0.491452,-0.0463912,-0.552389,0.640648,0.736
0.737,0.222693,0,0.139125,0,0.0130239,0,-5.33501,-11.5457,0.492051,-0.044676,-0.541024,0.630261,0.737
0.738,0.222693,0,0.139125,0,0.0130239,0,-5.33494,-11.5463,0.49264,-0.0430103,-0.529893,0.620038,0.738
0.739,0.222693,0,0.139125,0,0.0130239,0,-5.33487,-11.5469,0.49322,-0.0413926,-0.518992,0.609978,0.739
0.74,0.222693,0,0.139125,0,0.0130239,0,-5.33479,-11.5475,0.49379,-0.0398217,-0.508315,0.600078,0.74
0.741,0.222693,0,0.139125,0,0.0130239,0,-5.33472,-11.548,0.494352,-0.0382964,-0.497858,0.590336,0.741
0.742,0.222693,0,0.139125,0,0.0130239,0,-5.33465,-11.5486,0.494905,-0.0368156,-0.487616,0.580749,0.742
0.743,0.222693,0,0.139125,0,0.0130239,0,-5.33458,-11.5491,0.495449,-0.035378,-0.477585,0.571314,0.743
0.744,0.222693,0,0.139125,0,0.0130239,0,-5.3345,-11.5497,0.495984,-0.0339826,-0.467761,0.56203,0.744
0.745,0.222693,0,0.139125,0,0.0130239,0,-5.33443,-11.5502,0.496511,-0.0326282,-0.458138,0.552894,0.745
0.746,0.222693,0,0.139125,0,0.0130239,0,-5.33436,-11.5507,0.497029,-0.0313137,-0.448714,0.543904,0.746
0.747,0.222693,0,0.139125,0,0.0130239,0,-5.33429,-11.5512,0.497539,-0.0300382,-0.439484,0.535057,0.747
0.748,0.222693,0,0.139125,0,0.0130239,0,-5.33422,-11.5517,0.498041,-0.0288006,-0.430445,0.526352,0.748
0.749,0.222693,0,0.139125,0,0.0130239,0,-5.33415,-11.5521,0.498535,-0.0275998,-0.421591,0.517785,0.749
0.75,0.222693,0,0.139125,0,0.0130239,0,-5.33408,-11.5526,0.499022,-0.026435,-0.412919,0.509355,0.75
0.751,0.222693,0,0.139125,0,0.0130239,0,-5.33401,-11.5531,0.4995,-0.0253051,-0.404426,0.501061,0.751
0.752,0.222693,0,0.139125,0,0.0130239,0,-5.33394,-11.5535,0.499971,-0.0242093,-0.396108,0.492898,0.752
0.753,0.222693,0,0.139125,0,0.0130239,0,-5.33387,-11.554,0.500434,-0.0231466,-0.387961,0.484867,0.753
0.754,0.222693,0,0.139125,0,0.0130239,0,-5.33381,-11.5544,0.50089,-0.0221162,-0.379982,0.476964,0.754
0.755,0.222693,0,0.139125,0,0.0130239,0,-5.33374,-11.5548,0.501339,-0.0211172,-0.372167,0.469187,0.755
0.756,0.222693,0,0.139125,0,0.0130239,0,-5.33367,-11.5552,0.50178,-0.0201488,-0.364513,0.461535,0.756
0.757,0.222693,0,0.139125,0,0.0130239,0,-5.3336,-11.5556,0.502215,-0.0192101,-0.357017,0.454006,0.757
0.758,0.222693,0,0.139125,0,0.0130239,0,-5.33354,-11.556,0.502642,-0.0183004,-0.349675,0.446597,0.758
0.759,0.222693,0,0.139125,0,0.0130239,0,-5.33347,-11.5564,0.503063,-0.0174189,-0.342484,0.439308,0.759
0.76,0.222693,0,0.139125,0,0.0130239,0,-5.33341,-11.5568,0.503477,-0.0165648,-0.335441,0.432135,0.76
0.761,0.222693,0,0.139125,0,0.0130239,0,-5.33334,-11.5572,0.503884,-0.0157374,-0.328543,0.425077,0.761
0.762,0.222693,0,0.139125,0,0.0130239,0,-5.33328,-11.5575,0.504285,-0.014936,-0.321787,0.418133,0.762
0.763,0.222693,0,0.139125,0,0.0130239,0,-5.33321,-11.5579,0.50468,-0.0141598,-0.31517,0.4113,0.763
0.764,0.222693,0,0.139125,0,0.0130239,0,-5.33315,-11.5583,0.505068,-0.0134083,-0.308689,0.404577,0.764
0.765,0.222693,0,0.139125,0,0.0130239,0,-5.33309,-11.5586,0.505449,-0.0126806,-0.302342,0.397962,0.765
0.766,0.222693,0,0.139125,0,0.0130239,0,-5.33302,-11.5589,0.505825,-0.0119762,-0.296125,0.391453,0.766
0.767,0.222693,0,0.139125,0,0.0130239,0,-5.33296,-11.5593,0.506195,-0.0112945,-0.290037,0.385049,0.767
0.768,0.222693,0,0.139125,0,0.0130239,0,-5.3329,-11.5596,0.506559,-0.0106348,-0.284073,0.378748,0.768
0.769,0.222693,0,0.139125,0,0.0130239,0,-5.33284,-11.5599,0.506917,-0.00999651,-0.278233,0.372549,0.769
0.77,0.222693,0,0.139125,0,0.0130239,0,-5.33278,-11.5602,0.507269,-0.00937906,-0.272512,0.366449,0.77
0.771,0.222693,0,0.139125,0,0.0130239,0,-5.33272,-11.5605,0.507616,-0.00878187,-0.26691,0.360448,0.771
0.772,0.222693,0,0.139125,0,0.0130239,0,-5.33266,-11.5608,0.507957,-0.00820439,-0.261422,0.354544,0.772
0.773,0.222693,0,0.139125,0,0.0130239,0,-5.3326,-11.5611,0.508292,-0.00764607,-0.256048,0.348734,0.773
0.774,0.222693,0,0.139125,0,0.0130239,0,-5.33254,-11.5614,0.508622,-0.00710638,-0.250784,0.343018,0.774
0.775,0.222693,0,0.139125,0,0.0130239,0,-5.33248,-11.5617,0.508947,-0.00658482,-0.245629,0.337395,0.775
0.776,0.222693,0,0.139125,0,0.0130239,0,-5.33242,-11.562,0.509267,-0.00608086,-0.240579,0.331862,0.776
0.777,0.222693,0,0.139125,0,0.0130239,0,-5.33237,-11.5622,0.509581,-0.00559404,-0.235634,0.326419,0.777
0.778,0.222693,0,0.139125,0,0.0130239,0,-5.33231,-11.5625,0.50989,-0.00512386,-0.23079,0.321063,0.778
0.779,0.222693,0,0.139125,0,0.0130239,0,-5.33226,-11.5628,0.510195,-0.00466986,-0.226046,0.315794,0.779
0.78,0.222693,0,0.139125,0,0.0130239,0,-5.3322,-11.563,0.510494,-0.0042316,-0.2214,0.310611,0.78
0.781,0.222693,0,0.139125,0,0.0130239,0,-5.33215,-11.5633,0.510789,-0.00380862,-0.216849,0.305511,0.781
0.782,0.222693,0,0.139125,0,0.0130239,0,-5.33209,-11.5635,0.511079,-0.00340049,-0.212392,0.300493,0.782
0.783,0.222693,0,0.139125,0,0.0130239,0,-5.33204,-11.5638,0.511364,-0.00300681,-0.208027,0.295557,0.783
0.784,0.222693,0,0.139125,0,0.0130239,0,-5.33198,-11.564,0.511645,-0.00262715,-0.203751,0.2907,0.784
0.785,0.222693,0,0.139125,0,0.0130239,0,-5.33193,-11.5642,0.511921,-0.00226113,-0.199564,0.285922,0.785
0.786,0.222693,0,0.139125,0,0.0130239,0,-5.33188,-11.5644,0.512193,-0.00190834,-0.195462,0.281222,0.786
0.787,0.222693,0,0.139125,0,0.0130239,0,-5.33183,-11.5647,0.51246,-0.00156842,-0.191445,0.276598,0.787
0.788,0.222693,0,0.139125,0,0.0130239,0,-5.33178,-11.5649,0.512723,-0.001241,-0.187511,0.272048,0.788
0.789,0.222693,0,0.139125,0,0.0130239,0,-5.33173,-11.5651,0.512981,-0.000925709,-0.183657,0.267573,0.789
0.79,0.222693,0,0.139125,0,0.0130239,0,-5.33168,-11.5653,0.513236,-0.000622209,-0.179883,0.26317,0.79
0.791,0.222693,0,0.139125,0,0.0130239,0,-5.33163,-11.5655,0.513486,-0.000330157,-0.176187,0.258838,0.791
0.792,0.222693,0,0.139125,0,0.0130239,0,-5.33158,-11.5657,0.513733,-4.92209e-05,-0.172566,0.254577,0.792
0.793,0.222693,0,0.139125,0,0.0130239,0,-5.33153,-11.5659,0.513975,0.000220923,-0.16902,0.250384,0.793
0.794,0.222693,0,0.139125,0,0.0130239,0,-5.33148,-11.5661,0.514214,0.000480588,-0.165547,0.24626,0.794
0.795,0.222693,0,0.139125,0,0.0130239,0,-5.33143,-11.5663,0.514448,0.000730082,-0.162146,0.242203,0.795
0.796,0.222693,0,0.139125,0,0.0130239,0,-5.33139,-11.5665,0.514679,0.000969702,-0.158814,0.238212,0.796
0.797,0.222693,0,0.139125,0,0.0130239,0,-5.33134,-11.5666,0.514906,0.00119974,-0.155551,0.234286,0.797
0.798,0.222693,0,0.139125,0,0.0130239,0,-5.33129,-11.5668,0.515129,0.00142048,-0.152355,0.230423,0.798
0.799,0.222693,0,0.139125,0,0.0130239,0,-5.33125,-11.567,0.515349,0.00163219,-0.149225,0.226623,0.799
0,0.222693,0,0.139125,0,0.0130239,0,-5.3312,-11.5672,0.515565,0.00183515,-0.146159,0.222885,0.8
