BST,AMR,ALR,AIR,ASR,ASO,AIO,RX,RY,RZ,RXu,RYu,RZu,SST
0,0,0,0,0,0,0,0,0,0,0,0,0,0
0,0,0,0,0,0,0,0,0,0,0,0,0,0
0,0,0,0,0,0,0,0,0,0,0,0,0,0
0.001,0,0,0,0,0,0,0,0,0,0,0,0,0.001
0.002,0,0,0,0,0,0,0,0,0,0,0,0,0.002
0.003,0,0,0,0,0,0,0,0,0,0,0,0,0.003
0.004,0,0,0,0,0,0,0,0,0,0,0,0,0.004
0.005,0,0,0,0,0,0,0,0,0,0,0,0,0.005
0.006,0,0,0,0,0,0,0,0,0,0,0,0,0.006
0.007,0,0,0,0,0,0,0,0,0,0,0,0,0.007
0.008,0,0,0,0,0,0,0,0,0,0,0,0,0.008
0.009,0,0,0,0,0,0,0,0,0,0,0,0,0.009
0.01,0,0,0,0,0,0,0,0,0,0,0,0,0.01
0.011,0,0,0,0,0,0,0,0,0,0,0,0,0.011
0.012,0,0,0,0,0,0,0,0,0,0,0,0,0.012
0.013,0,0,0,0,0,0,0,0,0,0,0,0,0.013
0.014,0,0,0,0,0,0,0,0,0,0,0,0,0.014
0.015,0,0,0,0,0,0,0,0,0,0,0,0,0.015
0.016,0,0,0,0,0,0,0,0,0,0,0,0,0.016
0.017,0,0,0,0,0,0,0,0,0,0,0,0,0.017
0.018,0,0,0,0,0,0,0,0,0,0,0,0,0.018
0.019,0,0,0,0,0,0,0,0,0,0,0,0,0.019
0.02,0,0,0,0,0,0,0,0,0,0,0,0,0.02
0.021,0,0,0,0,0,0,0,0,0,0,0,0,0.021
0.022,0,0,0,0,0,0,0,0,0,0,0,0,0.022
0.023,0,0,0,0,0,0,0,0,0,0,0,0,0.023
0.024,0,0,0,0,0,0,0,0,0,0,0,0,0.024
0.025,0,0,0,0,0,0,0,0,0,0,0,0,0.025
0.026,0,0,0,0,0,0,0,0,0,0,0,0,0.026
0.027,0,0,0,0,0,0,0,0,0,0,0,0,0.027
0.028,0,0,0,0,0,0,0,0,0,0,0,0,0.028
0.029,0,0,0,0,0,0,0,0,0,0,0,0,0.029
0.03,0,0,0,0,0,0,0,0,0,0,0,0,0.03
0.031,0,0,0,0,0,0,0,0,0,0,0,0,0.031
0.032,0,0,0,0,0,0,0,0,0,0,0,0,0.032
0.033,0,0,0,0,0,0,0,0,0,0,0,0,0.033
0.034,0,0,0,0,0,0,0,0,0,0,0,0,0.034
0.035,0,0,0,0,0,0,0,0,0,0,0,0,0.035
0.036,0,0,0,0,0,0,0,0,0,0,0,0,0.036
0.037,0,0,0,0,0,0,0,0,0,0,0,0,0.037
0.038,0,0,0,0,0,0,0,0,0,0,0,0,0.038
0.039,0,0,0,0,0,0,0,0,0,0,0,0,0.039
0.04,0,0,0,0,0,0,0,0,0,0,0,0,0.04
0.041,0,0,0,0,0,0,0,0,0,0,0,0,0.041
0.042,0,0,0,0,0,0,0,0,0,0,0,0,0.042
0.043,0,0,0,0,0,0,0,0,0,0,0,0,0.043
0.044,0,0,0,0,0,0,0,0,0,0,0,0,0.044
0.045,0,0,0,0,0,0,0,0,0,0,0,0,0.045
0.046,0,0,0,0,0,0,0,0,0,0,0,0,0.046
0.047,0,0,0,0,0,0,0,0,0,0,0,0,0.047
0.048,0,0,0,0,0,0,0,0,0,0,0,0,0.048
0.049,0,0,0,0,0,0,0,0,0,0,0,0,0.049
0.05,0,0,0,0,0,0,0,0,0,0,0,0,0.05
0.051,0,0,0,0,0,0,0,0,0,0,0,0,0.051
0.052,0,0,0,0,0,0,0,0,0,0,0,0,0.052
0.053,0,0,0,0,0,0,0,0,0,0,0,0,0.053
0.054,0,0,0,0,0,0,0,0,0,0,0,0,0.054
0.055,0,0,0,0,0,0,0,0,0,0,0,0,0.055
0.056,0,0,0,0,0,0,0,0,0,0,0,0,0.056
0.057,0,0,0,0,0,0,0,0,0,0,0,0,0.057
0.058,0,0,0,0,0,0,0,0,0,0,0,0,0.058
0.059,0,0,0,0,0,0,0,0,0,0,0,0,0.059
0.06,0,0,0,0,0,0,0,0,0,0,0,0,0.06
0.061,0,0,0,0,0,0,0,0,0,0,0,0,0.061
0.062,0,0,0,0,0,0,0,0,0,0,0,0,0.062
0.063,0,0,0,0,0,0,0,0,0,0,0,0,0.063
0.064,0,0,0,0,0,0,0,0,0,0,0,0,0.064
0.065,0,0,0,0,0,0,0,0,0,0,0,0,0.065
0.066,0,0,0,0,0,0,0,0,0,0,0,0,0.066
0.067,0,0,0,0,0,0,0,0,0,0,0,0,0.067
0.068,0,0,0,0,0,0,0,0,0,0,0,0,0.068
0.069,0,0,0,0,0,0,0,0,0,0,0,0,0.069
0.07,0,0,0,0,0,0,0,0,0,0,0,0,0.07
0.071,0,0,0,0,0,0,0,0,0,0,0,0,0.071
0.072,0,0,0,0,0,0,0,0,0,0,0,0,0.072
0.073,0,0,0,0,0,0,0,0,0,0,0,0,0.073
0.074,0,0,0,0,0,0,0,0,0,0,0,0,0.074
0.075,0,0,0,0,0,0,0,0,0,0,0,0,0.075
0.076,0,0,0,0,0,0,0,0,0,0,0,0,0.076
0.077,0,0,0,0,0,0,0,0,0,0,0,0,0.077
0.078,0,0,0,0,0,0,0,0,0,0,0,0,0.078
0.079,0,0,0,0,0,0,0,0,0,0,0,0,0.079
0.08,0,0,0,0,0,0,0,0,0,0,0,0,0.08
0.081,0,0,0,0,0,0,0,0,0,0,0,0,0.081
0.082,0,0,0,0,0,0,0,0,0,0,0,0,0.082
0.083,0,0,0,0,0,0,0,0,0,0,0,0,0.083
0.084,0,0,0,0,0,0,0,0,0,0,0,0,0.084
0.085,0,0,0,0,0,0,0,0,0,0,0,0,0.085
0.086,0,0,0,0,0,0,0,0,0,0,0,0,0.086
0.087,0,0,0,0,0,0,0,0,0,0,0,0,0.087
0.088,0,0,0,0,0,0,0,0,0,0,0,0,0.088
0.089,0,0,0,0,0,0,0,0,0,0,0,0,0.089
0.09,0,0,0,0,0,0,0,0,0,0,0,0,0.09
0.091,0,0,0,0,0,0,0,0,0,0,0,0,0.091
0.092,0,0,0,0,0,0,0,0,0,0,0,0,0.092
0.093,0,0,0,0,0,0,0,0,0,0,0,0,0.093
0.094,0,0,0,0,0,0,0,0,0,0,0,0,0.094
0.095,0,0,0,0,0,0,0,0,0,0,0,0,0.095
0.096,0,0,0,0,0,0,0,0,0,0,0,0,0.096
0.097,0,0,0,0,0,0,0,0,0,0,0,0,0.097
0.098,0,0,0,0,0,0,0,0,0,0,0,0,0.098
0.099,0,0,0,0,0,0,0,0,0,0,0,0,0.099
0.1,0,0,0,0,0,0,0,0,0,0,0,0,0.1
0.101,0,0,0,0,0,0,0,0,0,0,0,0,0.101
0.102,0,0,0,0,0,0,0,0,0,0,0,0,0.102
0.103,0,0,0,0,0,0,0,0,0,0,0,0,0.103
0.104,0,0,0,0,0,0,0,0,0,0,0,0,0.104
0.105,0,0,0,0,0,0,0,0,0,0,0,0,0.105
0.106,0,0,0,0,0,0,0,0,0,0,0,0,0.106
0.107,0,0,0,0,0,0,0,0,0,0,0,0,0.107
0.108,0,0,0,0,0,0,0,0,0,0,0,0,0.108
0.109,0,0,0,0,0,0,0,0,0,0,0,0,0.109
0.11,0,0,0,0,0,0,0,0,0,0,0,0,0.11
0.111,0,0,0,0,0,0,0,0,0,0,0,0,0.111
0.112,0,0,0,0,0,0,0,0,0,0,0,0,0.112
0.113,0,0,0,0,0,0,0,0,0,0,0,0,0.113
0.114,0,0,0,0,0,0,0,0,0,0,0,0,0.114
0.115,0,0,0,0,0,0,0,0,0,0,0,0,0.115
0.116,0,0,0,0,0,0,0,0,0,0,0,0,0.116
0.117,0,0,0,0,0,0,0,0,0,0,0,0,0.117
0.118,0,0,0,0,0,0,0,0,0,0,0,0,0.118
0.119,0,0,0,0,0,0,0,0,0,0,0,0,0.119
0.12,0,0,0,0,0,0,0,0,0,0,0,0,0.12
0.121,0,0,0,0,0,0,0,0,0,0,0,0,0.121
0.122,0,0,0,0,0,0,0,0,0,0,0,0,0.122
0.123,0,0,0,0,0,0,0,0,0,0,0,0,0.123
0.124,0,0,0,0,0,0,0,0,0,0,0,0,0.124
0.125,0,0,0,0,0,0,0,0,0,0,0,0,0.125
0.126,0,0,0,0,0,0,0,0,0,0,0,0,0.126
0.127,0,0,0,0,0,0,0,0,0,0,0,0,0.127
0.128,0,0,0,0,0,0,0,0,0,0,0,0,0.128
0.129,0,0,0,0,0,0,0,0,0,0,0,0,0.129
0.13,0,0,0,0,0,0,0,0,0,0,0,0,0.13
0.131,0,0,0,0,0,0,0,0,0,0,0,0,0.131
0.132,0,0,0,0,0,0,0,0,0,0,0,0,0.132
0.133,0,0,0,0,0,0,0,0,0,0,0,0,0.133
0.134,0,0,0,0,0,0,0,0,0,0,0,0,0.134
0.135,0,0,0,0,0,0,0,0,0,0,0,0,0.135
0.136,0,0,0,0,0,0,0,0,0,0,0,0,0.136
0.137,0,0,0,0,0,0,0,0,0,0,0,0,0.137
0.138,0,0,0,0,0,0,0,0,0,0,0,0,0.138
0.139,0,0,0,0,0,0,0,0,0,0,0,0,0.139
0.14,0,0,0,0,0,0,0,0,0,0,0,0,0.14
0.141,0,0,0,0,0,0,0,0,0,0,0,0,0.141
0.142,0,0,0,0,0,0,0,0,0,0,0,0,0.142
0.143,0,0,0,0,0,0,0,0,0,0,0,0,0.143
0.144,0,0,0,0,0,0,0,0,0,0,0,0,0.144
0.145,0,0,0,0,0,0,0,0,0,0,0,0,0.145
0.146,0,0,0,0,0,0,0,0,0,0,0,0,0.146
0.147,0,0,0,0,0,0,0,0,0,0,0,0,0.147
0.148,0,0,0,0,0,0,0,0,0,0,0,0,0.148
0.149,0,0,0,0,0,0,0,0,0,0,0,0,0.149
0.15,0,0,0,0,0,0,0,0,0,0,0,0,0.15
0.151,0,0,0,0,0,0,0,0,0,0,0,0,0.151
0.152,0,0,0,0,0,0,0,0,0,0,0,0,0.152
0.153,0,0,0,0,0,0,0,0,0,0,0,0,0.153
0.154,0,0,0,0,0,0,0,0,0,0,0,0,0.154
0.155,0,0,0,0,0,0,0,0,0,0,0,0,0.155
0.156,0,0,0,0,0,0,0,0,0,0,0,0,0.156
0.157,0,0,0,0,0,0,0,0,0,0,0,0,0.157
0.158,0,0,0,0,0,0,0,0,0,0,0,0,0.158
0.159,0,0,0,0,0,0,0,0,0,0,0,0,0.159
0.16,0,0,0,0,0,0,0,0,0,0,0,0,0.16
0.161,0,0,0,0,0,0,0,0,0,0,0,0,0.161
0.162,0,0,0,0,0,0,0,0,0,0,0,0,0.162
0.163,0,0,0,0,0,0,0,0,0,0,0,0,0.163
0.164,0,0,0,0,0,0,0,0,0,0,0,0,0.164
0.165,0,0,0,0,0,0,0,0,0,0,0,0,0.165
0.166,0,0,0,0,0,0,0,0,0,0,0,0,0.166
0.167,0,0,0,0,0,0,0,0,0,0,0,0,0.167
0.168,0,0,0,0,0,0,0,0,0,0,0,0,0.168
0.169,0,0,0,0,0,0,0,0,0,0,0,0,0.169
0.17,0,0,0,0,0,0,0,0,0,0,0,0,0.17
0.171,0,0,0,0,0,0,0,0,0,0,0,0,0.171
0.172,0,0,0,0,0,0,0,0,0,0,0,0,0.172
0.173,0,0,0,0,0,0,0,0,0,0,0,0,0.173
0.174,0,0,0,0,0,0,0,0,0,0,0,0,0.174
0.175,0,0,0,0,0,0,0,0,0,0,0,0,0.175
0.176,0,0,0,0,0,0,0,0,0,0,0,0,0.176
0.177,0,0,0,0,0,0,0,0,0,0,0,0,0.177
0.178,0,0,0,0,0,0,0,0,0,0,0,0,0.178
0.179,0,0,0,0,0,0,0,0,0,0,0,0,0.179
0.18,0,0,0,0,0,0,0,0,0,0,0,0,0.18
0.181,0,0,0,0,0,0,0,0,0,0,0,0,0.181
0.182,0,0,0,0,0,0,0,0,0,0,0,0,0.182
0.183,0,0,0,0,0,0,0,0,0,0,0,0,0.183
0.184,0,0,0,0,0,0,0,0,0,0,0,0,0.184
0.185,0,0,0,0,0,0,0,0,0,0,0,0,0.185
0.186,0,0,0,0,0,0,0,0,0,0,0,0,0.186
0.187,0,0,0,0,0,0,0,0,0,0,0,0,0.187
0.188,0,0,0,0,0,0,0,0,0,0,0,0,0.188
0.189,0,0,0,0,0,0,0,0,0,0,0,0,0.189
0.19,0,0,0,0,0,0,0,0,0,0,0,0,0.19
0.191,0,0,0,0,0,0,0,0,0,0,0,0,0.191
0.192,0,0,0,0,0,0,0,0,0,0,0,0,0.192
0.193,0,0,0,0,0,0,0,0,0,0,0,0,0.193
0.194,0,0,0,0,0,0,0,0,0,0,0,0,0.194
0.195,0,0,0,0,0,0,0,0,0,0,0,0,0.195
0.196,0,0,0,0,0,0,0,0,0,0,0,0,0.196
0.197,0,0,0,0,0,0,0,0,0,0,0,0,0.197
0.198,0,0,0,0,0,0,0,0,0,0,0,0,0.198
0.199,0,0,0,0,0,0,0,0,0,0,0,0,0.199
0.2,0,0,0,0,0,0,0,0,0,0,0,0,0.2
0.201,0,0,0,0,0,0,0,0,0,0,0,0,0.201
0.202,0,0,0,0,0,0,0,0,0,0,0,0,0.202
0.203,0,0,0,0,0,0,0,0,0,0,0,0,0.203
0.204,0,0,0,0,0,0,0,0,0,0,0,0,0.204
0.205,0,0,0,0,0,0,0,0,0,0,0,0,0.205
0.206,0,0,0,0,0,0,0,0,0,0,0,0,0.206
0.207,0,0,0,0,0,0,0,0,0,0,0,0,0.207
0.208,0,0,0,0,0,0,0,0,0,0,0,0,0.208
0.209,0,0,0,0,0,0,0,0,0,0,0,0,0.209
0.21,0,0,0,0,0,0,0,0,0,0,0,0,0.21
0.211,0,0,0,0,0,0,0,0,0,0,0,0,0.211
0.212,0,0,0,0,0,0,0,0,0,0,0,0,0.212
0.213,0,0,0,0,0,0,0,0,0,0,0,0,0.213
0.214,0,0,0,0,0,0,0,0,0,0,0,0,0.214
0.215,0,0,0,0,0,0,0,0,0,0,0,0,0.215
0.216,0,0,0,0,0,0,0,0,0,0,0,0,0.216
0.217,0,0,0,0,0,0,0,0,0,0,0,0,0.217
0.218,0,0,0,0,0,0,0,0,0,0,0,0,0.218
0.219,0,0,0,0,0,0,0,0,0,0,0,0,0.219
0.22,0,0,0,0,0,0,0,0,0,0,0,0,0.22
0.221,0,0,0,0,0,0,0,0,0,0,0,0,0.221
0.222,0,0,0,0,0,0,0,0,0,0,0,0,0.222
0.223,0,0,0,0,0,0,0,0,0,0,0,0,0.223
0.224,0,0,0,0,0,0,0,0,0,0,0,0,0.224
0.225,0,0,0,0,0,0,0,0,0,0,0,0,0.225
0.226,0,0,0,0,0,0,0,0,0,0,0,0,0.226
0.227,0,0,0,0,0,0,0,0,0,0,0,0,0.227
0.228,0,0,0,0,0,0,0,0,0,0,0,0,0.228
0.229,0,0,0,0,0,0,0,0,0,0,0,0,0.229
0.23,0,0,0,0,0,0,0,0,0,0,0,0,0.23
0.231,0,0,0,0,0,0,0,0,0,0,0,0,0.231
0.232,0,0,0,0,0,0,0,0,0,0,0,0,0.232
0.233,0,0,0,0,0,0,0,0,0,0,0,0,0.233
0.234,0,0,0,0,0,0,0,0,0,0,0,0,0.234
0.235,0,0,0,0,0,0,0,0,0,0,0,0,0.235
0.236,0,0,0,0,0,0,0,0,0,0,0,0,0.236
0.237,0,0,0,0,0,0,0,0,0,0,0,0,0.237
0.238,0,0,0,0,0,0,0,0,0,0,0,0,0.238
0.239,0,0,0,0,0,0,0,0,0,0,0,0,0.239
0.24,0,0,0,0,0,0,0,0,0,0,0,0,0.24
0.241,0,0,0,0,0,0,0,0,0,0,0,0,0.241
0.242,0,0,0,0,0,0,0,0,0,0,0,0,0.242
0.243,0,0,0,0,0,0,0,0,0,0,0,0,0.243
0.244,0,0,0,0,0,0,0,0,0,0,0,0,0.244
0.245,0,0,0,0,0,0,0,0,0,0,0,0,0.245
0.246,0,0,0,0,0,0,0,0,0,0,0,0,0.246
0.247,0,0,0,0,0,0,0,0,0,0,0,0,0.247
0.248,0,0,0,0,0,0,0,0,0,0,0,0,0.248
0.249,0,0,0,0,0,0,0,0,0,0,0,0,0.249
0.25,0,0,0,0,0,0,0,0,0,0,0,0,0.25
0.251,0,0,0,0,0,0,0,0,0,0,0,0,0.251
0.252,0,0,0,0,0,0,0,0,0,0,0,0,0.252
0.253,0,0,0,0,0,0,0,0,0,0,0,0,0.253
0.254,0,0,0,0,0,0,0,0,0,0,0,0,0.254
0.255,0,0,0,0,0,0,0,0,0,0,0,0,0.255
0.256,0,0,0,0,0,0,0,0,0,0,0,0,0.256
0.257,0,0,0,0,0,0,0,0,0,0,0,0,0.257
0.258,0,0,0,0,0,0,0,0,0,0,0,0,0.258
0.259,0,0,0,0,0,0,0,0,0,0,0,0,0.259
0.26,0,0,0,0,0,0,0,0,0,0,0,0,0.26
0.261,0,0,0,0,0,0,0,0,0,0,0,0,0.261
0.262,0,0,0,0,0,0,0,0,0,0,0,0,0.262
0.263,0,0,0,0,0,0,0,0,0,0,0,0,0.263
0.264,0,0,0,0,0,0,0,0,0,0,0,0,0.264
0.265,0,0,0,0,0,0,0,0,0,0,0,0,0.265
0.266,0,0,0,0,0,0,0,0,0,0,0,0,0.266
0.267,0,0,0,0,0,0,0,0,0,0,0,0,0.267
0.268,0,0,0,0,0,0,0,0,0,0,0,0,0.268
0.269,0,0,0,0,0,0,0,0,0,0,0,0,0.269
0.27,0,0,0,0,0,0,0,0,0,0,0,0,0.27
0.271,0,0,0,0,0,0,0,0,0,0,0,0,0.271
0.272,0,0,0,0,0,0,0,0,0,0,0,0,0.272
0.273,0,0,0,0,0,0,0,0,0,0,0,0,0.273
0.274,0,0,0,0,0,0,0,0,0,0,0,0,0.274
0.275,0,0,0,0,0,0,0,0,0,0,0,0,0.275
0.276,0,0,0,0,0,0,0,0,0,0,0,0,0.276
0.277,0,0,0,0,0,0,0,0,0,0,0,0,0.277
0.278,0,0,0,0,0,0,0,0,0,0,0,0,0.278
0.279,0,0,0,0,0,0,0,0,0,0,0,0,0.279
0.28,0,0,0,0,0,0,0,0,0,0,0,0,0.28
0.281,0,0,0,0,0,0,0,0,0,0,0,0,0.281
0.282,0,0,0,0,0,0,0,0,0,0,0,0,0.282
0.283,0,0,0,0,0,0,0,0,0,0,0,0,0.283
0.284,0,0,0,0,0,0,0,0,0,0,0,0,0.284
0.285,0,0,0,0,0,0,0,0,0,0,0,0,0.285
0.286,0,0,0,0,0,0,0,0,0,0,0,0,0.286
0.287,0,0,0,0,0,0,0,0,0,0,0,0,0.287
0.288,0,0,0,0,0,0,0,0,0,0,0,0,0.288
0.289,0,0,0,0,0,0,0,0,0,0,0,0,0.289
0.29,0,0,0,0,0,0,0,0,0,0,0,0,0.29
0.291,0,0,0,0,0,0,0,0,0,0,0,0,0.291
0.292,0,0,0,0,0,0,0,0,0,0,0,0,0.292
0.293,0,0,0,0,0,0,0,0,0,0,0,0,0.293
0.294,0,0,0,0,0,0,0,0,0,0,0,0,0.294
0.295,0,0,0,0,0,0,0,0,0,0,0,0,0.295
0.296,0,0,0,0,0,0,0,0,0,0,0,0,0.296
0.297,0,0,0,0,0,0,0,0,0,0,0,0,0.297
0.298,0,0,0,0,0,0,0,0,0,0,0,0,0.298
0.299,0,0,0,0,0,0,0,0,0,0,0,0,0.299
0.3,0,0,0,0,0,0,0,0,0,0,0,0,0.3
0.301,0,0,0,0,0,0,0,0,0,0,0,0,0.301
0.302,0,0,0,0,0,0,0,0,0,0,0,0,0.302
0.303,0,0,0,0,0,0,0,0,0,0,0,0,0.303
0.304,0,0,0,0,0,0,0,0,0,0,0,0,0.304
0.305,0,0,0,0,0,0,0,0,0,0,0,0,0.305
0.306,0,0,0,0,0,0,0,0,0,0,0,0,0.306
0.307,0,0,0,0,0,0,0,0,0,0,0,0,0.307
0.308,0,0,0,0,0,0,0,0,0,0,0,0,0.308
0.309,0,0,0,0,0,0,0,0,0,0,0,0,0.309
0.31,0,0,0,0,0,0,0,0,0,0,0,0,0.31
0.311,0,0,0,0,0,0,0,0,0,0,0,0,0.311
0.312,0,0,0,0,0,0,0,0,0,0,0,0,0.312
0.313,0,0,0,0,0,0,0,0,0,0,0,0,0.313
0.314,0,0,0,0,0,0,0,0,0,0,0,0,0.314
0.315,0,0,0,0,0,0,0,0,0,0,0,0,0.315
0.316,0,0,0,0,0,0,0,0,0,0,0,0,0.316
0.317,0,0,0,0,0,0,0,0,0,0,0,0,0.317
0.318,0,0,0,0,0,0,0,0,0,0,0,0,0.318
0.319,0,0,0,0,0,0,0,0,0,0,0,0,0.319
0.32,0,0,0,0,0,0,0,0,0,0,0,0,0.32
0.321,0,0,0,0,0,0,0,0,0,0,0,0,0.321
0.322,0,0,0,0,0,0,0,0,0,0,0,0,0.322
0.323,0,0,0,0,0,0,0,0,0,0,0,0,0.323
0.324,0,0,0,0,0,0,0,0,0,0,0,0,0.324
0.325,0,0,0,0,0,0,0,0,0,0,0,0,0.325
0.326,0,0,0,0,0,0,0,0,0,0,0,0,0.326
0.327,0,0,0,0,0,0,0,0,0,0,0,0,0.327
0.328,0,0,0,0,0,0,0,0,0,0,0,0,0.328
0.329,0,0,0,0,0,0,0,0,0,0,0,0,0.329
0.33,0,0,0,0,0,0,0,0,0,0,0,0,0.33
0.331,0,0,0,0,0,0,0,0,0,0,0,0,0.331
0.332,0,0,0,0,0,0,0,0,0,0,0,0,0.332
0.333,0,0,0,0,0,0,0,0,0,0,0,0,0.333
0.334,0,0,0,0,0,0,0,0,0,0,0,0,0.334
0.335,0,0,0,0,0,0,0,0,0,0,0,0,0.335
0.336,0,0,0,0,0,0,0,0,0,0,0,0,0.336
0.337,0,0,0,0,0,0,0,0,0,0,0,0,0.337
0.338,0,0,0,0,0,0,0,0,0,0,0,0,0.338
0.339,0,0,0,0,0,0,0,0,0,0,0,0,0.339
0.34,0,0,0,0,0,0,0,0,0,0,0,0,0.34
0.341,0,0,0,0,0,0,0,0,0,0,0,0,0.341
0.342,0,0,0,0,0,0,0,0,0,0,0,0,0.342
0.343,0,0,0,0,0,0,0,0,0,0,0,0,0.343
0.344,0,0,0,0,0,0,0,0,0,0,0,0,0.344
0.345,0,0,0,0,0,0,0,0,0,0,0,0,0.345
0.346,0,0,0,0,0,0,0,0,0,0,0,0,0.346
0.347,0,0,0,0,0,0,0,0,0,0,0,0,0.347
0.348,0,0,0,0,0,0,0,0,0,0,0,0,0.348
0.349,0,0,0,0,0,0,0,0,0,0,0,0,0.349
0.35,0,0,0,0,0,0,0,0,0,0,0,0,0.35
0.351,0,0,0,0,0,0,0,0,0,0,0,0,0.351
0.352,0,0,0,0,0,0,0,0,0,0,0,0,0.352
0.353,0,0,0,0,0,0,0,0,0,0,0,0,0.353
0.354,0,0,0,0,0,0,0,0,0,0,0,0,0.354
0.355,0,0,0,0,0,0,0,0,0,0,0,0,0.355
0.356,0,0,0,0,0,0,0,0,0,0,0,0,0.356
0.357,0,0,0,0,0,0,0,0,0,0,0,0,0.357
0.358,0,0,0,0,0,0,0,0,0,0,0,0,0.358
0.359,0,0,0,0,0,0,0,0,0,0,0,0,0.359
0.36,0,0,0,0,0,0,0,0,0,0,0,0,0.36
0.361,0,0,0,0,0,0,0,0,0,0,0,0,0.361
0.362,0,0,0,0,0,0,0,0,0,0,0,0,0.362
0.363,0,0,0,0,0,0,0,0,0,0,0,0,0.363
0.364,0,0,0,0,0,0,0,0,0,0,0,0,0.364
0.365,0,0,0,0,0,0,0,0,0,0,0,0,0.365
0.366,0,0,0,0,0,0,0,0,0,0,0,0,0.366
0.367,0,0,0,0,0,0,0,0,0,0,0,0,0.367
0.368,0,0,0,0,0,0,0,0,0,0,0,0,0.368
0.369,0,0,0,0,0,0,0,0,0,0,0,0,0.369
0.37,0,0,0,0,0,0,0,0,0,0,0,0,0.37
0.371,0,0,0,0,0,0,0,0,0,0,0,0,0.371
0.372,0,0,0,0,0,0,0,0,0,0,0,0,0.372
0.373,0,0,0,0,0,0,0,0,0,0,0,0,0.373
0.374,0,0,0,0,0,0,0,0,0,0,0,0,0.374
0.375,0,0,0,0,0,0,0,0,0,0,0,0,0.375
0.376,0,0,0,0,0,0,0,0,0,0,0,0,0.376
0.377,0,0,0,0,0,0,0,0,0,0,0,0,0.377
0.378,0,0,0,0,0,0,0,0,0,0,0,0,0.378
0.379,0,0,0,0,0,0,0,0,0,0,0,0,0.379
0.38,0,0,0,0,0,0,0,0,0,0,0,0,0.38
0.381,0,0,0,0,0,0,0,0,0,0,0,0,0.381
0.382,0,0,0,0,0,0,0,0,0,0,0,0,0.382
0.383,0,0,0,0,0,0,0,0,0,0,0,0,0.383
0.384,0,0,0,0,0,0,0,0,0,0,0,0,0.384
0.385,0,0,0,0,0,0,0,0,0,0,0,0,0.385
0.386,0,0,0,0,0,0,0,0,0,0,0,0,0.386
0.387,0,0,0,0,0,0,0,0,0,0,0,0,0.387
0.388,0,0,0,0,0,0,0,0,0,0,0,0,0.388
0.389,0,0,0,0,0,0,0,0,0,0,0,0,0.389
0.39,0,0,0,0,0,0,0,0,0,0,0,0,0.39
0.391,0,0,0,0,0,0,0,0,0,0,0,0,0.391
0.392,0,0,0,0,0,0,0,0,0,0,0,0,0.392
0.393,0,0,0,0,0,0,0,0,0,0,0,0,0.393
0.394,0,0,0,0,0,0,0,0,0,0,0,0,0.394
0.395,0,0,0,0,0,0,0,0,0,0,0,0,0.395
0.396,0,0,0,0,0,0,0,0,0,0,0,0,0.396
0.397,0,0,0,0,0,0,0,0,0,0,0,0,0.397
0.398,0,0,0,0,0,0,0,0,0,0,0,0,0.398
0.399,0,0,0,0,0,0,0,0,0,0,0,0,0.399
0.4,0,0,0,0,0,0,0,0,0,0,0,0,0.4
0.401,0,0,0,0,0,0,0,0,0,0,0,0,0.401
0.402,0,0,0,0,0,0,0,0,0,0,0,0,0.402
0.403,0,0,0,0,0,0,0,0,0,0,0,0,0.403
0.404,0,0,0,0,0,0,0,0,0,0,0,0,0.404
0.405,0,0,0,0,0,0,0,0,0,0,0,0,0.405
0.406,0,0,0,0,0,0,0,0,0,0,0,0,0.406
0.407,0,0,0,0,0,0,0,0,0,0,0,0,0.407
0.408,0,0,0,0,0,0,0,0,0,0,0,0,0.408
0.409,0,0,0,0,0,0,0,0,0,0,0,0,0.409
0.41,0,0,0,0,0,0,0,0,0,0,0,0,0.41
0.411,0,0,0,0,0,0,0,0,0,0,0,0,0.411
0.412,0,0,0,0,0,0,0,0,0,0,0,0,0.412
0.413,0,0,0,0,0,0,0,0,0,0,0,0,0.413
0.414,0,0,0,0,0,0,0,0,0,0,0,0,0.414
0.415,0,0,0,0,0,0,0,0,0,0,0,0,0.415
0.416,0,0,0,0,0,0,0,0,0,0,0,0,0.416
0.417,0,0,0,0,0,0,0,0,0,0,0,0,0.417
0.418,0,0,0,0,0,0,0,0,0,0,0,0,0.418
0.419,0,0,0,0,0,0,0,0,0,0,0,0,0.419
0.42,0,0,0,0,0,0,0,0,0,0,0,0,0.42
0.421,0,0,0,0,0,0,0,0,0,0,0,0,0.421
0.422,0,0,0,0,0,0,0,0,0,0,0,0,0.422
0.423,0,0,0,0,0,0,0,0,0,0,0,0,0.423
0.424,0,0,0,0,0,0,0,0,0,0,0,0,0.424
0.425,0,0,0,0,0,0,0,0,0,0,0,0,0.425
0.426,0,0,0,0,0,0,0,0,0,0,0,0,0.426
0.427,0,0,0,0,0,0,0,0,0,0,0,0,0.427
0.428,0,0,0,0,0,0,0,0,0,0,0,0,0.428
0.429,0,0,0,0,0,0,0,0,0,0,0,0,0.429
0.43,0,0,0,0,0,0,0,0,0,0,0,0,0.43
0.431,0,0,0,0,0,0,0,0,0,0,0,0,0.431
0.432,0,0,0,0,0,0,0,0,0,0,0,0,0.432
0.433,0,0,0,0,0,0,0,0,0,0,0,0,0.433
0.434,0,0,0,0,0,0,0,0,0,0,0,0,0.434
0.435,0,0,0,0,0,0,0,0,0,0,0,0,0.435
0.436,0,0,0,0,0,0,0,0,0,0,0,0,0.436
0.437,0,0,0,0,0,0,0,0,0,0,0,0,0.437
0.438,0,0,0,0,0,0,0,0,0,0,0,0,0.438
0.439,0,0,0,0,0,0,0,0,0,0,0,0,0.439
0.44,0,0,0,0,0,0,0,0,0,0,0,0,0.44
0.441,0,0,0,0,0,0,0,0,0,0,0,0,0.441
0.442,0,0,0,0,0,0,0,0,0,0,0,0,0.442
0.443,0,0,0,0,0,0,0,0,0,0,0,0,0.443
0.444,0,0,0,0,0,0,0,0,0,0,0,0,0.444
0.445,0,0,0,0,0,0,0,0,0,0,0,0,0.445
0.446,0,0,0,0,0,0,0,0,0,0,0,0,0.446
0.447,0,0,0,0,0,0,0,0,0,0,0,0,0.447
0.448,0,0,0,0,0,0,0,0,0,0,0,0,0.448
0.449,0,0,0,0,0,0,0,0,0,0,0,0,0.449
0.45,0,0,0,0,0,0,0,0,0,0,0,0,0.45
0.451,0,0,0,0,0,0,0,0,0,0,0,0,0.451
0.452,0,0,0,0,0,0,0,0,0,0,0,0,0.452
0.453,0,0,0,0,0,0,0,0,0,0,0,0,0.453
0.454,0,0,0,0,0,0,0,0,0,0,0,0,0.454
0.455,0,0,0,0,0,0,0,0,0,0,0,0,0.455
0.456,0,0,0,0,0,0,0,0,0,0,0,0,0.456
0.457,0,0,0,0,0,0,0,0,0,0,0,0,0.457
0.458,0,0,0,0,0,0,0,0,0,0,0,0,0.458
0.459,0,0,0,0,0,0,0,0,0,0,0,0,0.459
0.46,0,0,0,0,0,0,0,0,0,0,0,0,0.46
0.461,0,0,0,0,0,0,0,0,0,0,0,0,0.461
0.462,0,0,0,0,0,0,0,0,0,0,0,0,0.462
0.463,0,0,0,0,0,0,0,0,0,0,0,0,0.463
0.464,0,0,0,0,0,0,0,0,0,0,0,0,0.464
0.465,0,0,0,0,0,0,0,0,0,0,0,0,0.465
0.466,0,0,0,0,0,0,0,0,0,0,0,0,0.466
0.467,0,0,0,0,0,0,0,0,0,0,0,0,0.467
0.468,0,0,0,0,0,0,0,0,0,0,0,0,0.468
0.469,0,0,0,0,0,0,0,0,0,0,0,0,0.469
0.47,0,0,0,0,0,0,0,0,0,0,0,0,0.47
0.471,0,0,0,0,0,0,0,0,0,0,0,0,0.471
0.472,0,0,0,0,0,0,0,0,0,0,0,0,0.472
0.473,0,0,0,0,0,0,0,0,0,0,0,0,0.473
0.474,0,0,0,0,0,0,0,0,0,0,0,0,0.474
0.475,0,0,0,0,0,0,0,0,0,0,0,0,0.475
0.476,0,0,0,0,0,0,0,0,0,0,0,0,0.476
0.477,0,0,0,0,0,0,0,0,0,0,0,0,0.477
0.478,0,0,0,0,0,0,0,0,0,0,0,0,0.478
0.479,0,0,0,0,0,0,0,0,0,0,0,0,0.479
0.48,0,0,0,0,0,0,0,0,0,0,0,0,0.48
0.481,0,0,0,0,0,0,0,0,0,0,0,0,0.481
0.482,0,0,0,0,0,0,0,0,0,0,0,0,0.482
0.483,0,0,0,0,0,0,0,0,0,0,0,0,0.483
0.484,0,0,0,0,0,0,0,0,0,0,0,0,0.484
0.485,0,0,0,0,0,0,0,0,0,0,0,0,0.485
0.486,0,0,0,0,0,0,0,0,0,0,0,0,0.486
0.487,0,0,0,0,0,0,0,0,0,0,0,0,0.487
0.488,0,0,0,0,0,0,0,0,0,0,0,0,0.488
0.489,0,0,0,0,0,0,0,0,0,0,0,0,0.489
0.49,0,0,0,0,0,0,0,0,0,0,0,0,0.49
0.491,0,0,0,0,0,0,0,0,0,0,0,0,0.491
0.492,0,0,0,0,0,0,0,0,0,0,0,0,0.492
0.493,0,0,0,0,0,0,0,0,0,0,0,0,0.493
0.494,0,0,0,0,0,0,0,0,0,0,0,0,0.494
0.495,0,0,0,0,0,0,0,0,0,0,0,0,0.495
0.496,0,0,0,0,0,0,0,0,0,0,0,0,0.496
0.497,0,0,0,0,0,0,0,0,0,0,0,0,0.497
0.498,0,0,0,0,0,0,0,0,0,0,0,0,0.498
0.499,0,0,0,0,0,0,0,0,0,0,0,0,0.499
0.5,0,0,0,0,0,0,0,0,0,0,0,0,0.5
0.501,0,0,0,0,0,0,0,0,0,0,0,0,0.501
0.502,0,0,0,0,0,0,0,0,0,0,0,0,0.502
0.503,0,0,0,0,0,0,0,0,0,0,0,0,0.503
0.504,0,0,0,0,0,0,0,0,0,0,0,0,0.504
0.505,0,0,0,0,0,0,0,0,0,0,0,0,0.505
0.506,0,0,0,0,0,0,0,0,0,0,0,0,0.506
0.507,0,0,0,0,0,0,0,0,0,0,0,0,0.507
0.508,0,0,0,0,0,0,0,0,0,0,0,0,0.508
0.509,0,0,0,0,0,0,0,0,0,0,0,0,0.509
0.51,0,0,0,0,0,0,0,0,0,0,0,0,0.51
0.511,0,0,0,0,0,0,0,0,0,0,0,0,0.511
0.512,0,0,0,0,0,0,0,0,0,0,0,0,0.512
0.513,0,0,0,0,0,0,0,0,0,0,0,0,0.513
0.514,0,0,0,0,0,0,0,0,0,0,0,0,0.514
0.515,0,0,0,0,0,0,0,0,0,0,0,0,0.515
0.516,0,0,0,0,0,0,0,0,0,0,0,0,0.516
0.517,0,0,0,0,0,0,0,0,0,0,0,0,0.517
0.518,0,0,0,0,0,0,0,0,0,0,0,0,0.518
0.519,0,0,0,0,0,0,0,0,0,0,0,0,0.519
0.52,0,0,0,0,0,0,0,0,0,0,0,0,0.52
0.521,0,0,0,0,0,0,0,0,0,0,0,0,0.521
0.522,0,0,0,0,0,0,0,0,0,0,0,0,0.522
0.523,0,0,0,0,0,0,0,0,0,0,0,0,0.523
0.524,0,0,0,0,0,0,0,0,0,0,0,0,0.524
0.525,0,0,0,0,0,0,0,0,0,0,0,0,0.525
0.526,0,0,0,0,0,0,0,0,0,0,0,0,0.526
0.527,0,0,0,0,0,0,0,0,0,0,0,0,0.527
0.528,0,0,0,0,0,0,0,0,0,0,0,0,0.528
0.529,0,0,0,0,0,0,0,0,0,0,0,0,0.529
0.53,0,0,0,0,0,0,0,0,0,0,0,0,0.53
0.531,0,0,0,0,0,0,0,0,0,0,0,0,0.531
0.532,0,0,0,0,0,0,0,0,0,0,0,0,0.532
0.533,0,0,0,0,0,0,0,0,0,0,0,0,0.533
0.534,0,0,0,0,0,0,0,0,0,0,0,0,0.534
0.535,0,0,0,0,0,0,0,0,0,0,0,0,0.535
0.536,0,0,0,0,0,0,0,0,0,0,0,0,0.536
0.537,0,0,0,0,0,0,0,0,0,0,0,0,0.537
0.538,0,0,0,0,0,0,0,0,0,0,0,0,0.538
0.539,0,0,0,0,0,0,0,0,0,0,0,0,0.539
0.54,0,0,0,0,0,0,0,0,0,0,0,0,0.54
0.541,0,0,0,0,0,0,0,0,0,0,0,0,0.541
0.542,0,0,0,0,0,0,0,0,0,0,0,0,0.542
0.543,0.0215519,0,0,0,0,0,0,0,0,0,0,0,0.543
0.544,0.066353,0,0,0,0,0,0,0,0,0,-10.5717,0,0.544
0.545,0.114509,0,0,0,0,0,0,-0.0105717,0,0,-38.1051,0,0.545
0.546,0.159217,0,0,0,0,0,0,-0.0486768,0,0,-76.1163,0,0.546
0.547,0.198791,0,0,0,0,0,0,-0.124793,0,0,-117.719,0,0.547
0.548,0.233541,0,0.000523338,0,0,0,0,-0.242512,0,0,-158.37,0,0.548
0.549,0.263567,0,0.00538904,0,0,0,0,-0.400883,0,-0.197117,-195.777,0.0328528,0.549
0.55,0.288198,0,0.0118127,0,0,0,-0.000196887,-0.59666,3.28536e-05,-2.13324,-228.655,0.355541,0.55
0.551,0.306636,0,0.0191364,0,0,0,-0.00232644,-0.825315,0.000387628,-5.56795,-256.109,0.927992,0.551
0.552,0.31817,0,0.027531,0,0,0,-0.00788117,-1.08142,0.00130532,-10.1101,-277.333,1.68502,0.552
0.553,0.322236,0,0.0374698,0,0,0,-0.0179602,-1.35876,0.00295248,-15.6032,-291.6,2.6006,0.553
0.554,0.320416,0,0.0491777,0,0,0,-0.0335039,-1.65036,0.00546238,-22.132,-298.299,3.68901,0.554
0.555,0.315772,0,0.0625589,0,0,0,-0.0555347,-1.94866,0.00897842,-29.8164,-297.943,4.9705,0.555
0.556,0.309826,0,0.0773858,0,0,0,-0.0851918,-2.24661,0.0136628,-38.6735,-292.362,6.44827,0.556
0.557,0.303358,0,0.0931671,0,7.77551e-05,0,-0.123629,-2.53898,0.019681,-48.6157,-283.331,8.1081,0.557
0.558,0.296769,0,0.109438,0,0.000454044,0,-0.171913,-2.82233,0.0271851,-59.3953,-272.222,9.89225,0.558
0.559,0.290265,0,0.125855,0,0.001053,0,-0.230861,-3.09458,0.0362716,-70.6805,-259.991,11.6892,0.559
0.56,0.283947,0,0.14199,0,0.00182811,0,-0.300966,-3.35461,0.0469286,-82.1657,-247.278,13.4352,0.56
0.561,0.277867,0,0.157243,0,0.00274433,0,-0.38242,-3.60196,0.0590856,-93.5288,-234.498,15.0808,0.561
0.562,0.272044,0,0.170934,0,0.00378434,0,-0.475098,-3.83655,0.0726276,-104.376,-221.926,16.571,0.562
0.563,0.266485,0,0.18248,0,0.00493853,0,-0.578486,-4.05861,0.0873909,-114.249,-209.752,17.8394,0.563
0.564,0.261186,0,0.191396,0,0.00618754,0,-0.69162,-4.26853,0.103151,-122.694,-198.106,18.8184,0.564
0.565,0.256142,0,0.197238,0,0.00749495,0,-0.813088,-4.46685,0.119623,-129.303,-187.081,19.4491,0.565
0.566,0.251344,0,0.199521,0,0.00879857,0,-0.941079,-4.65419,0.136466,-133.712,-176.744,19.6837,0.566
0.567,0.246781,0,0.197653,0,0.0100201,0,-1.07343,-4.83123,0.1533,-135.574,-167.151,19.4849,0.567
0.568,0.242444,0,0.192695,0,0.0110826,0,-1.20762,-4.99872,0.169708,-134.51,-158.358,18.8176,0.568
0.569,0.238322,0,0.186421,0,0.0119147,0,-1.34077,-5.15743,0.185243,-130.754,-150.341,17.7517,0.569
0.57,0.234405,0,0.179696,0,0.0124512,0,-1.47024,-5.30815,0.19953,-125.126,-142.994,16.4552,0.57
0.571,0.230683,0,0.172955,0,0.0126352,0,-1.59418,-5.45152,0.212366,-118.41,-136.209,15.089,0.571
0.572,0.227147,0,0.166414,0,0.0125626,0,-1.71151,-5.58809,0.223711,-111.205,-129.9,13.7797,0.572
0.573,0.223787,0,0.160185,0,0.0123715,0,-1.82175,-5.71835,0.233652,-103.906,-123.996,12.5857,0.573
0.574,0.220595,0,0.154335,0,0.012129,0,-1.92479,-5.84268,0.242333,-96.7567,-118.441,11.5124,0.574
0.575,0.217562,0,0.148894,0,0.0118681,0,-2.02078,-5.96144,0.2499,-89.9038,-113.193,10.5504,0.575
0.576,0.214681,0,0.143868,0,0.0116049,0,-2.11,-6.07494,0.256488,-83.4311,-108.219,9.6875,0.576
0.577,0.211944,0,0.139251,0,0.0113473,0,-2.19282,-6.18344,0.262217,-77.3794,-103.492,8.91289,0.577
0.578,0.209344,0,0.13503,0,0.0110987,0,-2.26967,-6.2872,0.267192,-71.7631,-98.9926,8.21747,0.578
0.579,0.206873,0,0.131211,0,0.0108606,0,-2.34096,-6.38644,0.271509,-66.5801,-94.7041,7.59389,0.579
0.58,0.204526,0,0.127788,0,0.0106334,0,-2.40712,-6.48137,0.275251,-61.8267,-90.6111,7.0373,0.58
0.581,0.202297,0,0.12475,0,0.0104171,0,-2.46858,-6.5722,0.278497,-57.4945,-86.7001,6.54397,0.581
0.582,0.200179,0,0.122074,0,0.0102114,0,-2.52575,-6.6591,0.28132,-53.5702,-82.959,6.11035,0.582
0.583,0.198167,0,0.119743,0,0.0100159,0,-2.57904,-6.74225,0.283785,-50.0343,-79.3779,5.7326,0.583
0.584,0.196255,0,0.11774,0,0.00983004,0,-2.62882,-6.8218,0.285955,-46.8663,-75.9475,5.40702,0.584
0.585,0.194439,0,0.116044,0,0.00965347,0,-2.67545,-6.89792,0.287886,-44.045,-72.6594,5.13013,0.585
0.586,0.192714,0,0.114551,0,0.0094857,0,-2.71929,-6.97074,0.289632,-41.5479,-69.5063,4.89826,0.586
0.587,0.191075,0,0.113191,0,0.00932632,0,-2.76064,-7.0404,0.291239,-39.3213,-66.4861,4.70267,0.587
0.588,0.189518,0,0.111928,0,0.00917491,0,-2.79978,-7.10703,0.292745,-37.308,-63.5979,4.5341,0.588
0.589,0.188039,0,0.110743,0,0.00903106,0,-2.83691,-7.17078,0.294179,-35.4621,-60.8398,4.38515,0.589
0.59,0.186634,0,0.109624,0,0.0088944,0,-2.8722,-7.23176,0.295558,-33.7503,-58.2087,4.25055,0.59
0.591,0.185299,0,0.108566,0,0.00876458,0,-2.90578,-7.29011,0.296897,-32.1492,-55.7004,4.12672,0.591
0.592,0.184031,0,0.107562,0,0.00864124,0,-2.93776,-7.34595,0.298205,-30.6429,-53.3101,4.0113,0.592
0.593,0.182826,0,0.106609,0,0.00852408,0,-2.96824,-7.39939,0.29949,-29.22,-51.0326,3.90271,0.593
0.594,0.181682,0,0.105704,0,0.00841277,0,-2.9973,-7.45056,0.300755,-27.8725,-48.8629,3.79989,0.594
0.595,0.180595,0,0.104845,0,0.00830702,0,-3.02501,-7.49955,0.302005,-26.5943,-46.7957,3.70211,0.595
0.596,0.179562,0,0.104028,0,0.00820657,0,-3.05144,-7.54648,0.303244,-25.3805,-44.826,3.60884,0.596
0.597,0.17858,0,0.103253,0,0.00811114,0,-3.07666,-7.59143,0.304472,-24.2269,-42.9491,3.51968,0.597
0.598,0.177648,0,0.102516,0,0.00802047,0,-3.10073,-7.63451,0.305692,-23.1301,-41.1604,3.43431,0.598
0.599,0.176763,0,0.101817,0,0.00793434,0,-3.1237,-7.6758,0.306905,-22.087,-39.4554,3.35247,0.599
0.6,0.175921,0,0.101152,0,0.00785252,0,-3.14562,-7.71538,0.308114,-21.0946,-37.83,3.27391,0.6
0.601,0.175122,0,0.10052,0,0.00777479,0,-3.16655,-7.75333,0.309318,-20.1504,-36.2803,3.19844,0.601
0.602,0.174363,0,0.0999206,0,0.00770095,0,-3.18654,-7.78973,0.310518,-19.2518,-34.8024,3.12588,0.602
0.603,0.173641,0,0.0993506,0,0.00763079,0,-3.20563,-7.82465,0.311716,-18.3964,-33.3928,3.05605,0.603
0.604,0.172956,0,0.0988092,0,0.00756415,0,-3.22387,-7.85816,0.312911,-17.5822,-32.0481,2.98879,0.604
0.605,0.172305,0,0.0982949,0,0.00750084,0,-3.24129,-7.89033,0.314104,-16.807,-30.7651,2.92397,0.605
0.606,0.171687,0,0.0978062,0,0.00744069,0,-3.25793,-7.92121,0.315295,-16.0689,-29.5408,2.86146,0.606
0.607,0.171099,0,0.097342,0,0.00738355,0,-3.27383,-7.95087,0.316484,-15.3659,-28.3723,2.80112,0.607
0.608,0.170541,0,0.096901,0,0.00732927,0,-3.28904,-7.97935,0.317672,-14.6964,-27.2568,2.74284,0.608
0.609,0.170011,0,0.0964821,0,0.0072777,0,-3.30357,-8.00672,0.318858,-14.0587,-26.1918,2.68651,0.609
0.61,0.169507,0,0.0960841,0,0.00722871,0,-3.31746,-8.03302,0.320042,-13.4512,-25.1748,2.63204,0.61
0.611,0.169029,0,0.095706,0,0.00718217,0,-3.33075,-8.05831,0.321225,-12.8723,-24.2034,2.57933,0.611
0.612,0.168574,0,0.0953468,0,0.00713796,0,-3.34345,-8.08262,0.322405,-12.3207,-23.2754,2.52828,0.612
0.613,0.168142,0,0.0950056,0,0.00709595,0,-3.35561,-8.106,0.323583,-11.795,-22.3888,2.47883,0.613
0.614,0.167732,0,0.0946814,0,0.00705605,0,-3.36724,-8.1285,0.324759,-11.2939,-21.5415,2.43088,0.614
0.615,0.167342,0,0.0943734,0,0.00642885,0,-3.37837,-8.15015,0.325932,-10.8163,-20.7316,2.38438,0.615
0.616,0.161215,0,0.0895328,0,0.00612766,0,-3.38902,-8.17098,0.327103,-10.4113,-19.9652,2.47301,0.616
0.617,0.158273,0,0.0872083,0,0.00597706,0,-3.39924,-8.19106,0.328404,-8.48092,-16.8694,2.30211,0.617
0.618,0.156802,0,0.086046,0,0.00590177,0,-3.40754,-8.20804,0.329715,-6.59526,-13.8625,2.10231,0.618
0.619,0.156067,0,0.0854648,0,0.00586412,0,-3.41395,-8.222,0.331003,-5.13917,-11.5326,1.93644,0.619
0.62,0.155699,0,0.0851743,0,0.00584529,0,-3.41891,-8.23363,0.332262,-4.12002,-9.88618,1.81336,0.62
0.621,0.155515,0,0.085029,0,0.00583588,0,-3.42285,-8.2436,0.333496,-3.44065,-8.77009,1.7255,0.621
0.622,0.155423,0,0.0849563,0,0.00583117,0,-3.42612,-8.25246,0.334707,-2.99752,-8.0224,1.66264,0.622
0.623,0.155377,0,0.08492,0,0.00582882,0,-3.42894,-8.26057,0.3359,-2.70891,-7.5157,1.6163,0.623
0.624,0.155354,0,0.0849019,0,0.00582764,0,-3.43148,-8.26817,0.337076,-2.51761,-7.16101,1.5804,0.624
0.625,0.155343,0,0.0848928,0,0.00582705,0,-3.43383,-8.27541,0.338237,-2.38612,-6.90004,1.55094,0.625
0.626,0.155337,0,0.0848882,0,0.00582676,0,-3.43606,-8.28239,0.339384,-2.2908,-6.69611,1.5254,0.626
0.627,0.155334,0,0.084886,0,0.00582661,0,-3.43818,-8.28917,0.340517,-2.21721,-6.52678,1.50225,0.627
0.628,0.155333,0,0.0848848,0,0.00582654,0,-3.44024,-8.29577,0.341637,-2.15664,-6.37859,1.48059,0.628
0.629,0.155332,0,0.0848843,0,0.0058265,0,-3.44224,-8.30223,0.342743,-2.10397,-6.24357,1.45987,0.629
0.63,0.155332,0,0.084884,0,0.00582649,0,-3.44418,-8.30855,0.343837,-2.0562,-6.11704,1.43979,0.63
0.631,0.155331,0,0.0848838,0,0.00582648,0,-3.44608,-8.31474,0.344918,-2.01157,-5.99629,1.42017,0.631
0.632,0.155331,0,0.0848838,0,0.00582647,0,-3.44794,-8.32081,0.345987,-1.96908,-5.87975,1.4009,0.632
0.633,0.155331,0,0.0848837,0,0.00582647,0,-3.44975,-8.32676,0.347042,-1.92814,-5.7665,1.38194,0.633
0.634,0.155331,0,0.0848837,0,0.00582647,0,-3.45153,-8.3326,0.348086,-1.88843,-5.656,1.36325,0.634
0.635,0.155331,0,0.0848837,0,0.00582647,0,-3.45327,-8.33833,0.349117,-1.84973,-5.54794,1.3448,0.635
0.636,0.155331,0,0.0848837,0,0.00582647,0,-3.45497,-8.34395,0.350136,-1.81193,-5.44214,1.32659,0.636
0.637,0.155331,0,0.0848837,0,0.00582647,0,-3.45664,-8.34946,0.351143,-1.77497,-5.33845,1.30861,0.637
0.638,0.155331,0,0.0848837,0,0.00582647,0,-3.45827,-8.35487,0.352138,-1.73879,-5.23679,1.29085,0.638
0.639,0.155331,0,0.0848837,0,0.00582647,0,-3.45987,-8.36017,0.353121,-1.70337,-5.13709,1.27331,0.639
0.64,0.155331,0,0.0848837,0,0.00582647,0,-3.46143,-8.36538,0.354092,-1.66867,-5.0393,1.25599,0.64
0.641,0.155331,0,0.0848837,0,0.00582647,0,-3.46296,-8.37048,0.355052,-1.63468,-4.94339,1.23888,0.641
0.642,0.155331,0,0.0848837,0,0.00582647,0,-3.46445,-8.37549,0.356,-1.60137,-4.8493,1.22199,0.642
0.643,0.155331,0,0.0848837,0,0.00582647,0,-3.46592,-8.38041,0.356937,-1.56875,-4.757,1.2053,0.643
0.644,0.155331,0,0.0848837,0,0.00582647,0,-3.46735,-8.38523,0.357862,-1.53678,-4.66646,1.18882,0.644
0.645,0.155331,0,0.0848837,0,0.00582647,0,-3.46876,-8.38996,0.358776,-1.50546,-4.57764,1.17255,0.645
0.646,0.155331,0,0.0848837,0,0.00582647,0,-3.47013,-8.3946,0.359679,-1.47477,-4.49051,1.15648,0.646
0.647,0.155331,0,0.0848837,0,0.00582647,0,-3.47147,-8.39915,0.360571,-1.4447,-4.40504,1.14061,0.647
0.648,0.155331,0,0.0848837,0,0.00582647,0,-3.47279,-8.40362,0.361453,-1.41524,-4.32119,1.12494,0.648
0.649,0.155331,0,0.0848837,0,0.00582647,0,-3.47408,-8.408,0.362323,-1.38638,-4.23893,1.10946,0.649
0.65,0.155331,0,0.0848837,0,0.00582647,0,-3.47534,-8.4123,0.363183,-1.3581,-4.15825,1.09418,0.65
0.651,0.155331,0,0.0848837,0,0.00582647,0,-3.47657,-8.41651,0.364032,-1.33039,-4.07909,1.07909,0.651
0.652,0.155331,0,0.0848837,0,0.00582647,0,-3.47778,-8.42065,0.364871,-1.30324,-4.00144,1.06419,0.652
0.653,0.155331,0,0.0848837,0,0.00582647,0,-3.47896,-8.42471,0.365699,-1.27665,-3.92527,1.04948,0.653
0.654,0.155331,0,0.0848837,0,0.00582647,0,-3.48012,-8.42869,0.366517,-1.25059,-3.85054,1.03496,0.654
0.655,0.155331,0,0.0848837,0,0.00582647,0,-3.48125,-8.4326,0.367326,-1.22505,-3.77724,1.02062,0.655
0.656,0.155331,0,0.0848837,0,0.00582647,0,-3.48236,-8.43643,0.368124,-1.20004,-3.70533,1.00647,0.656
0.657,0.155331,0,0.0848837,0,0.00582647,0,-3.48344,-8.44019,0.368912,-1.17553,-3.63479,0.992491,0.657
0.658,0.155331,0,0.0848837,0,0.00582647,0,-3.4845,-8.44388,0.36969,-1.15152,-3.56559,0.978694,0.658
0.659,0.155331,0,0.0848837,0,0.00582647,0,-3.48554,-8.4475,0.370458,-1.12799,-3.49771,0.965073,0.659
0.66,0.155331,0,0.0848837,0,0.00582647,0,-3.48656,-8.45105,0.371217,-1.10494,-3.43112,0.951626,0.66
0.661,0.155331,0,0.0848837,0,0.00582647,0,-3.48755,-8.45453,0.371967,-1.08236,-3.36579,0.938353,0.661
0.662,0.155331,0,0.0848837,0,0.00582647,0,-3.48853,-8.45795,0.372706,-1.06023,-3.30171,0.92525,0.662
0.663,0.155331,0,0.0848837,0,0.00582647,0,-3.48948,-8.4613,0.373437,-1.03855,-3.23885,0.912315,0.663
0.664,0.155331,0,0.0848837,0,0.00582647,0,-3.49041,-8.46459,0.374158,-1.01731,-3.17718,0.899548,0.664
0.665,0.155331,0,0.0848837,0,0.00582647,0,-3.49133,-8.46781,0.374871,-0.996507,-3.11669,0.886946,0.665
0.666,0.155331,0,0.0848837,0,0.00582647,0,-3.49222,-8.47098,0.375574,-0.976122,-3.05734,0.874508,0.666
0.667,0.155331,0,0.0848837,0,0.00582647,0,-3.49309,-8.47408,0.376268,-0.95615,-2.99913,0.86223,0.667
0.668,0.155331,0,0.0848837,0,0.00582647,0,-3.49395,-8.47713,0.376953,-0.936582,-2.94202,0.850113,0.668
0.669,0.155331,0,0.0848837,0,0.00582647,0,-3.49478,-8.48012,0.37763,-0.917412,-2.886,0.838153,0.669
0.67,0.155331,0,0.0848837,0,0.00582647,0,-3.4956,-8.48305,0.378298,-0.898631,-2.83105,0.826349,0.67
0.671,0.155331,0,0.0848837,0,0.00582647,0,-3.4964,-8.48592,0.378957,-0.880231,-2.77714,0.8147,0.671
0.672,0.155331,0,0.0848837,0,0.00582647,0,-3.49719,-8.48875,0.379608,-0.862204,-2.72426,0.803203,0.672
0.673,0.155331,0,0.0848837,0,0.00582647,0,-3.49796,-8.49151,0.380251,-0.844543,-2.67239,0.791856,0.673
0.674,0.155331,0,0.0848837,0,0.00582647,0,-3.49871,-8.49423,0.380885,-0.82724,-2.6215,0.780659,0.674
0.675,0.155331,0,0.0848837,0,0.00582647,0,-3.49944,-8.49689,0.381511,-0.810289,-2.57158,0.769609,0.675
0.676,0.155331,0,0.0848837,0,0.00582647,0,-3.50016,-8.49951,0.382129,-0.793682,-2.52261,0.758705,0.676
0.677,0.155331,0,0.0848837,0,0.00582647,0,-3.50086,-8.50207,0.382739,-0.777412,-2.47457,0.747945,0.677
0.678,0.155331,0,0.0848837,0,0.00582647,0,-3.50155,-8.50459,0.383341,-0.761473,-2.42745,0.737327,0.678
0.679,0.155331,0,0.0848837,0,0.00582647,0,-3.50223,-8.50706,0.383935,-0.745858,-2.38122,0.726849,0.679
0.68,0.155331,0,0.0848837,0,0.00582647,0,-3.50289,-8.50948,0.384522,-0.73056,-2.33588,0.716511,0.68
0.681,0.155331,0,0.0848837,0,0.00582647,0,-3.50353,-8.51185,0.385101,-0.715572,-2.29139,0.706309,0.681
0.682,0.155331,0,0.0848837,0,0.00582647,0,-3.50416,-8.51418,0.385672,-0.70089,-2.24776,0.696244,0.682
0.683,0.155331,0,0.0848837,0,0.00582647,0,-3.50478,-8.51647,0.386236,-0.686506,-2.20495,0.686313,0.683
0.684,0.155331,0,0.0848837,0,0.00582647,0,-3.50538,-8.51871,0.386792,-0.672414,-2.16296,0.676514,0.684
0.685,0.155331,0,0.0848837,0,0.00582647,0,-3.50597,-8.52091,0.387341,-0.658609,-2.12177,0.666846,0.685
0.686,0.155331,0,0.0848837,0,0.00582647,0,-3.50655,-8.52307,0.387883,-0.645085,-2.08136,0.657308,0.686
0.687,0.155331,0,0.0848837,0,0.00582647,0,-3.50712,-8.52519,0.388418,-0.631835,-2.04172,0.647897,0.687
0.688,0.155331,0,0.0848837,0,0.00582647,0,-3.50767,-8.52727,0.388945,-0.618856,-2.00284,0.638613,0.688
0.689,0.155331,0,0.0848837,0,0.00582647,0,-3.50821,-8.5293,0.389466,-0.60614,-1.9647,0.629453,0.689
0.69,0.155331,0,0.0848837,0,0.00582647,0,-3.50874,-8.5313,0.38998,-0.593684,-1.92728,0.620417,0.69
0.691,0.155331,0,0.0848837,0,0.00582647,0,-3.50926,-8.53327,0.390487,-0.58148,-1.89057,0.611503,0.691
0.692,0.155331,0,0.0848837,0,0.00582647,0,-3.50977,-8.53519,0.390987,-0.569526,-1.85457,0.602709,0.692
0.693,0.155331,0,0.0848837,0,0.00582647,0,-3.51027,-8.53708,0.39148,-0.557814,-1.81925,0.594034,0.693
0.694,0.155331,0,0.0848837,0,0.00582647,0,-3.51075,-8.53893,0.391967,-0.546342,-1.7846,0.585477,0.694
0.695,0.155331,0,0.0848837,0,0.00582647,0,-3.51123,-8.54075,0.392448,-0.535103,-1.75061,0.577035,0.695
0.696,0.155331,0,0.0848837,0,0.00582647,0,-3.51169,-8.54253,0.392922,-0.524092,-1.71727,0.568708,0.696
0.697,0.155331,0,0.0848837,0,0.00582647,0,-3.51215,-8.54428,0.393389,-0.513307,-1.68456,0.560494,0.697
0.698,0.155331,0,0.0848837,0,0.00582647,0,-3.51259,-8.54599,0.393851,-0.502741,-1.65248,0.552393,0.698
0.699,0.155331,0,0.0848837,0,0.00582647,0,-3.51303,-8.54768,0.394306,-0.49239,-1.62101,0.544401,0.699
0.7,0.155331,0,0.0848837,0,0.00582647,0,-3.51345,-8.54933,0.394755,-0.48225,-1.59013,0.536519,0.7
0.701,0.155331,0,0.0848837,0,0.00582647,0,-3.51387,-8.55095,0.395198,-0.472317,-1.55985,0.528744,0.701
0.702,0.155331,0,0.0848837,0,0.00582647,0,-3.51427,-8.55254,0.395635,-0.462587,-1.53014,0.521076,0.702
0.703,0.155331,0,0.0848837,0,0.00582647,0,-3.51467,-8.5541,0.396066,-0.453055,-1.50099,0.513513,0.703
0.704,0.155331,0,0.0848837,0,0.00582647,0,-3.51506,-8.55563,0.396491,-0.443718,-1.47241,0.506054,0.704
0.705,0.155331,0,0.0848837,0,0.00582647,0,-3.51544,-8.55713,0.396911,-0.434571,-1.44436,0.498697,0.705
0.706,0.155331,0,0.0848837,0,0.00582647,0,-3.51582,-8.5586,0.397325,-0.42561,-1.41685,0.491441,0.706
0.707,0.155331,0,0.0848837,0,0.00582647,0,-3.51618,-8.56004,0.397733,-0.416833,-1.38987,0.484285,0.707
0.708,0.155331,0,0.0848837,0,0.00582647,0,-3.51654,-8.56146,0.398135,-0.408235,-1.36339,0.477228,0.708
0.709,0.155331,0,0.0848837,0,0.00582647,0,-3.51689,-8.56285,0.398532,-0.399812,-1.33743,0.470269,0.709
0.71,0.155331,0,0.0848837,0,0.00582647,0,-3.51723,-8.56421,0.398924,-0.391561,-1.31195,0.463405,0.71
0.711,0.155331,0,0.0848837,0,0.00582647,0,-3.51756,-8.56555,0.399311,-0.383479,-1.28696,0.456637,0.711
0.712,0.155331,0,0.0848837,0,0.00582647,0,-3.51789,-8.56687,0.399692,-0.375562,-1.26245,0.449962,0.712
0.713,0.155331,0,0.0848837,0,0.00582647,0,-3.51821,-8.56815,0.400067,-0.367807,-1.23841,0.44338,0.713
0.714,0.155331,0,0.0848837,0,0.00582647,0,-3.51852,-8.56942,0.400438,-0.36021,-1.21482,0.43689,0.714
0.715,0.155331,0,0.0848837,0,0.00582647,0,-3.51883,-8.57066,0.400804,-0.352768,-1.19168,0.430489,0.715
0.716,0.155331,0,0.0848837,0,0.00582647,0,-3.51913,-8.57187,0.401164,-0.345478,-1.16898,0.424178,0.716
0.717,0.155331,0,0.0848837,0,0.00582647,0,-3.51942,-8.57306,0.40152,-0.338338,-1.14672,0.417955,0.717
0.718,0.155331,0,0.0848837,0,0.00582647,0,-3.51971,-8.57423,0.401871,-0.331344,-1.12488,0.411818,0.718
0.719,0.155331,0,0.0848837,0,0.00582647,0,-3.51999,-8.57538,0.402216,-0.324492,-1.10345,0.405768,0.719
0.72,0.155331,0,0.0848837,0,0.00582647,0,-3.52026,-8.57651,0.402557,-0.317781,-1.08243,0.399802,0.72
0.721,0.155331,0,0.0848837,0,0.00582647,0,-3.52053,-8.57761,0.402894,-0.311207,-1.06182,0.393919,0.721
0.722,0.155331,0,0.0848837,0,0.00582647,0,-3.52079,-8.5787,0.403226,-0.304767,-1.04159,0.388119,0.722
0.723,0.155331,0,0.0848837,0,0.00582647,0,-3.52104,-8.57976,0.403553,-0.29846,-1.02175,0.3824,0.723
0.724,0.155331,0,0.0848837,0,0.00582647,0,-3.52129,-8.5808,0.403875,-0.292281,-1.00229,0.376762,0.724
0.725,0.155331,0,0.0848837,0,0.00582647,0,-3.52154,-8.58183,0.404193,-0.286229,-0.983199,0.371203,0.725
0.726,0.155331,0,0.0848837,0,0.00582647,0,-3.52178,-8.58283,0.404507,-0.280301,-0.964472,0.365722,0.726
0.727,0.155331,0,0.0848837,0,0.00582647,0,-3.52201,-8.58382,0.404816,-0.274494,-0.946102,0.360318,0.727
0.728,0.155331,0,0.0848837,0,0.00582647,0,-3.52224,-8.58478,0.405121,-0.268807,-0.928081,0.354991,0.728
0.729,0.155331,0,0.0848837,0,0.00582647,0,-3.52247,-8.58573,0.405422,-0.263236,-0.910404,0.349739,0.729
0.73,0.155331,0,0.0848837,0,0.00582647,0,-3.52268,-8.58666,0.405718,-0.257779,-0.893063,0.344561,0.73
0.731,0.155331,0,0.0848837,0,0.00582647,0,-3.5229,-8.58757,0.40601,-0.252433,-0.876053,0.339456,0.731
0.732,0.155331,0,0.0848837,0,0.00582647,0,-3.52311,-8.58847,0.406299,-0.247198,-0.859367,0.334424,0.732
0.733,0.155331,0,0.0848837,0,0.00582647,0,-3.52331,-8.58935,0.406583,-0.24207,-0.842998,0.329463,0.733
0.734,0.155331,0,0.0848837,0,0.00582647,0,-3.52351,-8.59021,0.406863,-0.237046,-0.826941,0.324572,0.734
0.735,0.155331,0,0.0848837,0,0.00582647,0,-3.52371,-8.59106,0.407139,-0.232126,-0.81119,0.319751,0.735
0.736,0.155331,0,0.0848837,0,0.00582647,0,-3.5239,-8.59188,0.407412,-0.227307,-0.795739,0.314998,0.736
0.737,0.155331,0,0.0848837,0,0.00582647,0,-3.52409,-8.5927,0.40768,-0.222587,-0.780583,0.310314,0.737
0.738,0.155331,0,0.0848837,0,0.00582647,0,-3.52427,-8.5935,0.407945,-0.217964,-0.765715,0.305695,0.738
0.739,0.155331,0,0.0848837,0,0.00582647,0,-3.52445,-8.59428,0.408206,-0.213435,-0.75113,0.301143,0.739
0.74,0.155331,0,0.0848837,0,0.00582647,0,-3.52462,-8.59505,0.408463,-0.209,-0.736823,0.296656,0.74
0.741,0.155331,0,0.0848837,0,0.00582647,0,-3.5248,-8.5958,0.408717,-0.204656,-0.722789,0.292233,0.741
0.742,0.155331,0,0.0848837,0,0.00582647,0,-3.52496,-8.59654,0.408967,-0.2004,-0.709022,0.287873,0.742
0.743,0.155331,0,0.0848837,0,0.00582647,0,-3.52513,-8.59727,0.409213,-0.196233,-0.695517,0.283575,0.743
0.744,0.155331,0,0.0848837,0,0.00582647,0,-3.52529,-8.59798,0.409456,-0.192151,-0.68227,0.279339,0.744
0.745,0.155331,0,0.0848837,0,0.00582647,0,-3.52544,-8.59868,0.409696,-0.188152,-0.669274,0.275164,0.745
0.746,0.155331,0,0.0848837,0,0.00582647,0,-3.5256,-8.59936,0.409932,-0.184236,-0.656527,0.271049,0.746
0.747,0.155331,0,0.0848837,0,0.00582647,0,-3.52575,-8.60003,0.410165,-0.180401,-0.644022,0.266993,0.747
0.748,0.155331,0,0.0848837,0,0.00582647,0,-3.52589,-8.60069,0.410394,-0.176644,-0.631755,0.262995,0.748
0.749,0.155331,0,0.0848837,0,0.00582647,0,-3.52603,-8.60134,0.41062,-0.172965,-0.619722,0.259055,0.749
0.75,0.155331,0,0.0848837,0,0.00582647,0,-3.52617,-8.60197,0.410843,-0.169361,-0.607918,0.255171,0.75
0.751,0.155331,0,0.0848837,0,0.00582647,0,-3.52631,-8.6026,0.411063,-0.165832,-0.596339,0.251344,0.751
0.752,0.155331,0,0.0848837,0,0.00582647,0,-3.52644,-8.60321,0.41128,-0.162375,-0.584981,0.247571,0.752
0.753,0.155331,0,0.0848837,0,0.00582647,0,-3.52657,-8.60381,0.411493,-0.158989,-0.573839,0.243853,0.753
0.754,0.155331,0,0.0848837,0,0.00582647,0,-3.5267,-8.60439,0.411704,-0.155673,-0.562909,0.240189,0.754
0.755,0.155331,0,0.0848837,0,0.00582647,0,-3.52683,-8.60497,0.411911,-0.152425,-0.552187,0.236578,0.755
0.756,0.155331,0,0.0848837,0,0.00582647,0,-3.52695,-8.60554,0.412116,-0.149245,-0.54167,0.23302,0.756
0.757,0.155331,0,0.0848837,0,0.00582647,0,-3.52707,-8.60609,0.412317,-0.146129,-0.531353,0.229512,0.757
0.758,0.155331,0,0.0848837,0,0.00582647,0,-3.52718,-8.60663,0.412516,-0.143078,-0.521233,0.226056,0.758
0.759,0.155331,0,0.0848837,0,0.00582647,0,-3.5273,-8.60717,0.412712,-0.14009,-0.511305,0.22265,0.759
0.76,0.155331,0,0.0848837,0,0.00582647,0,-3.52741,-8.60769,0.412904,-0.137163,-0.501566,0.219293,0.76
0.761,0.155331,0,0.0848837,0,0.00582647,0,-3.52752,-8.60821,0.413095,-0.134297,-0.492013,0.215985,0.761
0.762,0.155331,0,0.0848837,0,0.00582647,0,-3.52762,-8.60871,0.413282,-0.13149,-0.482642,0.212726,0.762
0.763,0.155331,0,0.0848837,0,0.00582647,0,-3.52773,-8.60921,0.413467,-0.128741,-0.47345,0.209513,0.763
0.764,0.155331,0,0.0848837,0,0.00582647,0,-3.52783,-8.60969,0.413649,-0.126048,-0.464432,0.206348,0.764
0.765,0.155331,0,0.0848837,0,0.00582647,0,-3.52793,-8.61017,0.413828,-0.123411,-0.455586,0.203229,0.765
0.766,0.155331,0,0.0848837,0,0.00582647,0,-3.52803,-8.61064,0.414005,-0.120829,-0.446909,0.200155,0.766
0.767,0.155331,0,0.0848837,0,0.00582647,0,-3.52812,-8.61109,0.414179,-0.118299,-0.438397,0.197126,0.767
0.768,0.155331,0,0.0848837,0,0.00582647,0,-3.52821,-8.61154,0.414351,-0.115822,-0.430047,0.194142,0.768
0.769,0.155331,0,0.0848837,0,0.00582647,0,-3.5283,-8.61198,0.41452,-0.113397,-0.421857,0.191201,0.769
0.77,0.155331,0,0.0848837,0,0.00582647,0,-3.52839,-8.61242,0.414687,-0.111021,-0.413822,0.188303,0.77
0.771,0.155331,0,0.0848837,0,0.00582647,0,-3.52848,-8.61284,0.414851,-0.108694,-0.40594,0.185448,0.771
0.772,0.155331,0,0.0848837,0,0.00582647,0,-3.52856,-8.61326,0.415013,-0.106416,-0.398209,0.182634,0.772
0.773,0.155331,0,0.0848837,0,0.00582647,0,-3.52864,-8.61367,0.415173,-0.104184,-0.390625,0.179862,0.773
0.774,0.155331,0,0.0848837,0,0.00582647,0,-3.52873,-8.61407,0.41533,-0.101999,-0.383185,0.17713,0.774
0.775,0.155331,0,0.0848837,0,0.00582647,0,-3.5288,-8.61446,0.415485,-0.0998588,-0.375887,0.174439,0.775
0.776,0.155331,0,0.0848837,0,0.00582647,0,-3.52888,-8.61485,0.415638,-0.097763,-0.368728,0.171787,0.776
0.777,0.155331,0,0.0848837,0,0.00582647,0,-3.52896,-8.61523,0.415788,-0.0957106,-0.361705,0.169174,0.777
0.778,0.155331,0,0.0848837,0,0.00582647,0,-3.52903,-8.6156,0.415936,-0.0937006,-0.354816,0.1666,0.778
0.779,0.155331,0,0.0848837,0,0.00582647,0,-3.5291,-8.61596,0.416082,-0.0917322,-0.348059,0.164064,0.779
0.78,0.155331,0,0.0848837,0,0.00582647,0,-3.52917,-8.61632,0.416226,-0.0898046,-0.34143,0.161565,0.78
0.781,0.155331,0,0.0848837,0,0.00582647,0,-3.52924,-8.61667,0.416368,-0.0879169,-0.334927,0.159103,0.781
0.782,0.155331,0,0.0848837,0,0.00582647,0,-3.52931,-8.61701,0.416508,-0.0860683,-0.328548,0.156677,0.782
0.783,0.155331,0,0.0848837,0,0.00582647,0,-3.52937,-8.61735,0.416646,-0.084258,-0.322291,0.154287,0.783
0.784,0.155331,0,0.0848837,0,0.00582647,0,-3.52944,-8.61768,0.416781,-0.0824853,-0.316153,0.151933,0.784
0.785,0.155331,0,0.0848837,0,0.00582647,0,-3.5295,-8.61801,0.416915,-0.0807492,-0.310132,0.149613,0.785
0.786,0.155331,0,0.0848837,0,0.00582647,0,-3.52956,-8.61833,0.417047,-0.0790492,-0.304226,0.147328,0.786
0.787,0.155331,0,0.0848837,0,0.00582647,0,-3.52962,-8.61864,0.417177,-0.0773845,-0.298432,0.145076,0.787
0.788,0.155331,0,0.0848837,0,0.00582647,0,-3.52968,-8.61895,0.417305,-0.0757542,-0.292748,0.142858,0.788
0.789,0.155331,0,0.0848837,0,0.00582647,0,-3.52973,-8.61925,0.417431,-0.0741578,-0.287173,0.140673,0.789
0.79,0.155331,0,0.0848837,0,0.00582647,0,-3.52979,-8.61954,0.417555,-0.0725946,-0.281704,0.13852,0.79
0.791,0.155331,0,0.0848837,0,0.00582647,0,-3.52984,-8.61983,0.417677,-0.0710638,-0.276339,0.1364,0.791
0.792,0.155331,0,0.0848837,0,0.00582647,0,-3.5299,-8.62012,0.417797,-0.0695648,-0.271076,0.13431,0.792
0.793,0.155331,0,0.0848837,0,0.00582647,0,-3.52995,-8.6204,0.417916,-0.0680969,-0.265913,0.132252,0.793
0.794,0.155331,0,0.0848837,0,0.00582647,0,-3.53,-8.62067,0.418033,-0.0666595,-0.260849,0.130225,0.794
0.795,0.155331,0,0.0848837,0,0.00582647,0,-3.53005,-8.62094,0.418148,-0.065252,-0.255882,0.128228,0.795
0.796,0.155331,0,0.0848837,0,0.00582647,0,-3.5301,-8.6212,0.418262,-0.0638737,-0.251009,0.12626,0.796
0.797,0.155331,0,0.0848837,0,0.00582647,0,-3.53014,-8.62146,0.418374,-0.0625241,-0.246228,0.124322,0.797
0.798,0.155331,0,0.0848837,0,0.00582647,0,-3.53019,-8.62171,0.418484,-0.0612026,-0.241539,0.122413,0.798
0.799,0.155331,0,0.0848837,0,0.00582647,0,-3.53024,-8.62196,0.418592,-0.0599085,-0.236939,0.120532,0.799
0,0.155331,0,0.0848837,0,0.00582647,0,-3.53028,-8.6222,0.418699,-0.0586414,-0.232427,0.118679,0.8
