BST,AMR,ALR,AIR,ASR,ASO,AIO,RX,RY,RZ,RXu,RYu,RZu,SST
0,0,0,0,0,0,0,0,0,0,0,0,0,0
0,0,0,0,0,0,0,0,0,0,0,0,0,0
0,0,0,0,0,0,0,0,0,0,0,0,0,0
0.001,0,0,0,0,0,0,0,0,0,0,0,0,0.001
0.002,0,0,0,0,0,0,0,0,0,0,0,0,0.002
0.003,0,0,0,0,0,0,0,0,0,0,0,0,0.003
0.004,0,0,0,0,0,0,0,0,0,0,0,0,0.004
0.005,0,0,0,0,0,0,0,0,0,0,0,0,0.005
0.006,0,0,0,0,0,0,0,0,0,0,0,0,0.006
0.007,0,0,0,0,0,0,0,0,0,0,0,0,0.007
0.008,0,0,0,0,0,0,0,0,0,0,0,0,0.008
0.009,0,0,0,0,0,0,0,0,0,0,0,0,0.009
0.01,0,0,0,0,0,0,0,0,0,0,0,0,0.01
0.011,0,0,0,0,0,0,0,0,0,0,0,0,0.011
0.012,0,0,0,0,0,0,0,0,0,0,0,0,0.012
0.013,0,0,0,0,0,0,0,0,0,0,0,0,0.013
0.014,0,0,0,0,0,0,0,0,0,0,0,0,0.014
0.015,0,0,0,0,0,0,0,0,0,0,0,0,0.015
0.016,0,0,0,0,0,0,0,0,0,0,0,0,0.016
0.017,0,0,0,0,0,0,0,0,0,0,0,0,0.017
0.018,0,0,0,0,0,0,0,0,0,0,0,0,0.018
0.019,0,0,0,0,0,0,0,0,0,0,0,0,0.019
0.02,0,0,0,0,0,0,0,0,0,0,0,0,0.02
0.021,0,0,0,0,0,0,0,0,0,0,0,0,0.021
0.022,0,0,0,0,0,0,0,0,0,0,0,0,0.022
0.023,0,0,0,0,0,0,0,0,0,0,0,0,0.023
0.024,0,0,0,0,0,0,0,0,0,0,0,0,0.024
0.025,0,0,0,0,0,0,0,0,0,0,0,0,0.025
0.026,0,0,0,0,0,0,0,0,0,0,0,0,0.026
0.027,0,0,0,0,0,0,0,0,0,0,0,0,0.027
0.028,0,0,0,0,0,0,0,0,0,0,0,0,0.028
0.029,0,0,0,0,0,0,0,0,0,0,0,0,0.029
0.03,0,0,0,0,0,0,0,0,0,0,0,0,0.03
0.031,0,0,0,0,0,0,0,0,0,0,0,0,0.031
0.032,0,0,0,0,0,0,0,0,0,0,0,0,0.032
0.033,0,0,0,0,0,0,0,0,0,0,0,0,0.033
0.034,0,0,0,0,0,0,0,0,0,0,0,0,0.034
0.035,0,0,0,0,0,0,0,0,0,0,0,0,0.035
0.036,0,0,0,0,0,0,0,0,0,0,0,0,0.036
0.037,0,0,0,0,0,0,0,0,0,0,0,0,0.037
0.038,0,0,0,0,0,0,0,0,0,0,0,0,0.038
0.039,0,0,0,0,0,0,0,0,0,0,0,0,0.039
0.04,0,0,0,0,0,0,0,0,0,0,0,0,0.04
0.041,0,0,0,0,0,0,0,0,0,0,0,0,0.041
0.042,0,0,0,0,0,0,0,0,0,0,0,0,0.042
0.043,0,0,0,0,0,0,0,0,0,0,0,0,0.043
0.044,0,0,0,0,0,0,0,0,0,0,0,0,0.044
0.045,0,0,0,0,0,0,0,0,0,0,0,0,0.045
0.046,0,0,0,0,0,0,0,0,0,0,0,0,0.046
0.047,0,0,0,0,0,0,0,0,0,0,0,0,0.047
0.048,0,0,0,0,0,0,0,0,0,0,0,0,0.048
0.049,0,0,0,0,0,0,0,0,0,0,0,0,0.049
0.05,0,0,0,0,0,0,0,0,0,0,0,0,0.05
0.051,0,0,0,0,0,0,0,0,0,0,0,0,0.051
0.052,0,0,0,0,0,0,0,0,0,0,0,0,0.052
0.053,0,0,0,0,0,0,0,0,0,0,0,0,0.053
0.054,0,0,0,0,0,0,0,0,0,0,0,0,0.054
0.055,0,0,0,0,0,0,0,0,0,0,0,0,0.055
0.056,0,0,0,0,0,0,0,0,0,0,0,0,0.056
0.057,0,0,0,0,0,0,0,0,0,0,0,0,0.057
0.058,0,0,0,0,0,0,0,0,0,0,0,0,0.058
0.059,0,0,0,0,0,0,0,0,0,0,0,0,0.059
0.06,0,0,0,0,0,0,0,0,0,0,0,0,0.06
0.061,0,0,0,0,0,0,0,0,0,0,0,0,0.061
0.062,0,0,0,0,0,0,0,0,0,0,0,0,0.062
0.063,0,0,0,0,0,0,0,0,0,0,0,0,0.063
0.064,0,0,0,0,0,0,0,0,0,0,0,0,0.064
0.065,0,0,0,0,0,0,0,0,0,0,0,0,0.065
0.066,0,0,0,0,0,0,0,0,0,0,0,0,0.066
0.067,0,0,0,0,0,0,0,0,0,0,0,0,0.067
0.068,0,0,0,0,0,0,0,0,0,0,0,0,0.068
0.069,0,0,0,0,0,0,0,0,0,0,0,0,0.069
0.07,0,0,0,0,0,0,0,0,0,0,0,0,0.07
0.071,0,0,0,0,0,0,0,0,0,0,0,0,0.071
0.072,0,0,0,0,0,0,0,0,0,0,0,0,0.072
0.073,0,0,0,0,0,0,0,0,0,0,0,0,0.073
0.074,0,0,0,0,0,0,0,0,0,0,0,0,0.074
0.075,0,0,0,0,0,0,0,0,0,0,0,0,0.075
0.076,0,0,0,0,0,0,0,0,0,0,0,0,0.076
0.077,0,0,0,0,0,0,0,0,0,0,0,0,0.077
0.078,0,0,0,0,0,0,0,0,0,0,0,0,0.078
0.079,0,0,0,0,0,0,0,0,0,0,0,0,0.079
0.08,0,0,0,0,0,0,0,0,0,0,0,0,0.08
0.081,0,0,0,0,0,0,0,0,0,0,0,0,0.081
0.082,0,0,0,0,0,0,0,0,0,0,0,0,0.082
0.083,0,0,0,0,0,0,0,0,0,0,0,0,0.083
0.084,0,0,0,0,0,0,0,0,0,0,0,0,0.084
0.085,0,0,0,0,0,0,0,0,0,0,0,0,0.085
0.086,0,0,0,0,0,0,0,0,0,0,0,0,0.086
0.087,0,0,0,0,0,0,0,0,0,0,0,0,0.087
0.088,0,0,0,0,0,0,0,0,0,0,0,0,0.088
0.089,0,0,0,0,0,0,0,0,0,0,0,0,0.089
0.09,0,0,0,0,0,0,0,0,0,0,0,0,0.09
0.091,0,0,0,0,0,0,0,0,0,0,0,0,0.091
0.092,0,0,0,0,0,0,0,0,0,0,0,0,0.092
0.093,0,0,0,0,0,0,0,0,0,0,0,0,0.093
0.094,0,0,0,0,0,0,0,0,0,0,0,0,0.094
0.095,0,0,0,0,0,0,0,0,0,0,0,0,0.095
0.096,0,0,0,0,0,0,0,0,0,0,0,0,0.096
0.097,0,0,0,0,0,0,0,0,0,0,0,0,0.097
0.098,0,0,0,0,0,0,0,0,0,0,0,0,0.098
0.099,0,0,0,0,0,0,0,0,0,0,0,0,0.099
0.1,0,0,0,0,0,0,0,0,0,0,0,0,0.1
0.101,0,0,0,0,0,0,0,0,0,0,0,0,0.101
0.102,0,0,0,0,0,0,0,0,0,0,0,0,0.102
0.103,0,0,0,0,0,0,0,0,0,0,0,0,0.103
0.104,0,0,0,0,0,0,0,0,0,0,0,0,0.104
0.105,0,0,0,0,0,0,0,0,0,0,0,0,0.105
0.106,0,0,0,0,0,0,0,0,0,0,0,0,0.106
0.107,0,0,0,0,0,0,0,0,0,0,0,0,0.107
0.108,0,0,0,0,0,0,0,0,0,0,0,0,0.108
0.109,0,0,0,0,0,0,0,0,0,0,0,0,0.109
0.11,0,0,0,0,0,0,0,0,0,0,0,0,0.11
0.111,0,0,0,0,0,0,0,0,0,0,0,0,0.111
0.112,0,0,0,0,0,0,0,0,0,0,0,0,0.112
0.113,0,0,0,0,0,0,0,0,0,0,0,0,0.113
0.114,0,0,0,0,0,0,0,0,0,0,0,0,0.114
0.115,0,0,0,0,0,0,0,0,0,0,0,0,0.115
0.116,0,0,0,0,0,0,0,0,0,0,0,0,0.116
0.117,0,0,0,0,0,0,0,0,0,0,0,0,0.117
0.118,0,0,0,0,0,0,0,0,0,0,0,0,0.118
0.119,0,0,0,0,0,0,0,0,0,0,0,0,0.119
0.12,0,0,0,0,0,0,0,0,0,0,0,0,0.12
0.121,0,0,0,0,0,0,0,0,0,0,0,0,0.121
0.122,0,0,0,0,0,0,0,0,0,0,0,0,0.122
0.123,0,0,0,0,0,0,0,0,0,0,0,0,0.123
0.124,0,0,0,0,0,0,0,0,0,0,0,0,0.124
0.125,0,0,0,0,0,0,0,0,0,0,0,0,0.125
0.126,0,0,0,0,0,0,0,0,0,0,0,0,0.126
0.127,0,0,0,0,0,0,0,0,0,0,0,0,0.127
0.128,0,0,0,0,0,0,0,0,0,0,0,0,0.128
0.129,0,0,0,0,0,0,0,0,0,0,0,0,0.129
0.13,0,0,0,0,0,0,0,0,0,0,0,0,0.13
0.131,0,0,0,0,0,0,0,0,0,0,0,0,0.131
0.132,0,0,0,0,0,0,0,0,0,0,0,0,0.132
0.133,0,0,0,0,0,0,0,0,0,0,0,0,0.133
0.134,0,0,0,0,0,0,0,0,0,0,0,0,0.134
0.135,0,0,0,0,0,0,0,0,0,0,0,0,0.135
0.136,0,0,0,0,0,0,0,0,0,0,0,0,0.136
0.137,0,0,0,0,0,0,0,0,0,0,0,0,0.137
0.138,0,0,0,0,0,0,0,0,0,0,0,0,0.138
0.139,0,0,0,0,0,0,0,0,0,0,0,0,0.139
0.14,0,0,0,0,0,0,0,0,0,0,0,0,0.14
0.141,0,0,0,0,0,0,0,0,0,0,0,0,0.141
0.142,0,0,0,0,0,0,0,0,0,0,0,0,0.142
0.143,0,0,0,0,0,0,0,0,0,0,0,0,0.143
0.144,0,0,0,0,0,0,0,0,0,0,0,0,0.144
0.145,0,0,0,0,0,0,0,0,0,0,0,0,0.145
0.146,0,0,0,0,0,0,0,0,0,0,0,0,0.146
0.147,0,0,0,0,0,0,0,0,0,0,0,0,0.147
0.148,0,0,0,0,0,0,0,0,0,0,0,0,0.148
0.149,0,0,0,0,0,0,0,0,0,0,0,0,0.149
0.15,0,0,0,0,0,0,0,0,0,0,0,0,0.15
0.151,0,0,0,0,0,0,0,0,0,0,0,0,0.151
0.152,0,0,0,0,0,0,0,0,0,0,0,0,0.152
0.153,0,0,0,0,0,0,0,0,0,0,0,0,0.153
0.154,0,0,0,0,0,0,0,0,0,0,0,0,0.154
0.155,0,0,0,0,0,0,0,0,0,0,0,0,0.155
0.156,0,0,0,0,0,0,0,0,0,0,0,0,0.156
0.157,0,0,0,0,0,0,0,0,0,0,0,0,0.157
0.158,0,0,0,0,0,0,0,0,0,0,0,0,0.158
0.159,0,0,0,0,0,0,0,0,0,0,0,0,0.159
0.16,0,0,0,0,0,0,0,0,0,0,0,0,0.16
0.161,0,0,0,0,0,0,0,0,0,0,0,0,0.161
0.162,0,0,0,0,0,0,0,0,0,0,0,0,0.162
0.163,0,0,0,0,0,0,0,0,0,0,0,0,0.163
0.164,0,0,0,0,0,0,0,0,0,0,0,0,0.164
0.165,0,0,0,0,0,0,0,0,0,0,0,0,0.165
0.166,0,0,0,0,0,0,0,0,0,0,0,0,0.166
0.167,0,0,0,0,0,0,0,0,0,0,0,0,0.167
0.168,0,0,0,0,0,0,0,0,0,0,0,0,0.168
0.169,0,0,0,0,0,0,0,0,0,0,0,0,0.169
0.17,0,0,0,0,0,0,0,0,0,0,0,0,0.17
0.171,0,0,0,0,0,0,0,0,0,0,0,0,0.171
0.172,0,0,0,0,0,0,0,0,0,0,0,0,0.172
0.173,0,0,0,0,0,0,0,0,0,0,0,0,0.173
0.174,0,0,0,0,0,0,0,0,0,0,0,0,0.174
0.175,0,0,0,0,0,0,0,0,0,0,0,0,0.175
0.176,0,0,0,0,0,0,0,0,0,0,0,0,0.176
0.177,0,0,0,0,0,0,0,0,0,0,0,0,0.177
0.178,0,0,0,0,0,0,0,0,0,0,0,0,0.178
0.179,0,0,0,0,0,0,0,0,0,0,0,0,0.179
0.18,0,0,0,0,0,0,0,0,0,0,0,0,0.18
0.181,0,0,0,0,0,0,0,0,0,0,0,0,0.181
0.182,0,0,0,0,0,0,0,0,0,0,0,0,0.182
0.183,0,0,0,0,0,0,0,0,0,0,0,0,0.183
0.184,0,0,0,0,0,0,0,0,0,0,0,0,0.184
0.185,0,0,0,0,0,0,0,0,0,0,0,0,0.185
0.186,0,0,0,0,0,0,0,0,0,0,0,0,0.186
0.187,0,0,0,0,0,0,0,0,0,0,0,0,0.187
0.188,0,0,0,0,0,0,0,0,0,0,0,0,0.188
0.189,0,0,0,0,0,0,0,0,0,0,0,0,0.189
0.19,0,0,0,0,0,0,0,0,0,0,0,0,0.19
0.191,0,0,0,0,0,0,0,0,0,0,0,0,0.191
0.192,0,0,0,0,0,0,0,0,0,0,0,0,0.192
0.193,0,0,0,0,0,0,0,0,0,0,0,0,0.193
0.194,0,0,0,0,0,0,0,0,0,0,0,0,0.194
0.195,0,0,0,0,0,0,0,0,0,0,0,0,0.195
0.196,0,0,0,0,0,0,0,0,0,0,0,0,0.196
0.197,0,0,0,0,0,0,0,0,0,0,0,0,0.197
0.198,0,0,0,0,0,0,0,0,0,0,0,0,0.198
0.199,0,0,0,0,0,0,0,0,0,0,0,0,0.199
0.2,0,0,0,0,0,0,0,0,0,0,0,0,0.2
0.201,0,0,0,0,0,0,0,0,0,0,0,0,0.201
0.202,0,0,0,0,0,0,0,0,0,0,0,0,0.202
0.203,0,0,0,0,0,0,0,0,0,0,0,0,0.203
0.204,0,0,0,0,0,0,0,0,0,0,0,0,0.204
0.205,0,0,0,0,0,0,0,0,0,0,0,0,0.205
0.206,0,0,0,0,0,0,0,0,0,0,0,0,0.206
0.207,0,0,0,0,0,0,0,0,0,0,0,0,0.207
0.208,0,0,0,0,0,0,0,0,0,0,0,0,0.208
0.209,0,0,0,0,0,0,0,0,0,0,0,0,0.209
0.21,0,0,0,0,0,0,0,0,0,0,0,0,0.21
0.211,0,0,0,0,0,0,0,0,0,0,0,0,0.211
0.212,0,0,0,0,0,0,0,0,0,0,0,0,0.212
0.213,0,0,0,0,0,0,0,0,0,0,0,0,0.213
0.214,0,0,0,0,0,0,0,0,0,0,0,0,0.214
0.215,0,0,0,0,0,0,0,0,0,0,0,0,0.215
0.216,0,0,0,0,0,0,0,0,0,0,0,0,0.216
0.217,0,0,0,0,0,0,0,0,0,0,0,0,0.217
0.218,0,0,0,0,0,0,0,0,0,0,0,0,0.218
0.219,0,0,0,0,0,0,0,0,0,0,0,0,0.219
0.22,0,0,0,0,0,0,0,0,0,0,0,0,0.22
0.221,0,0,0,0,0,0,0,0,0,0,0,0,0.221
0.222,0,0,0,0,0,0,0,0,0,0,0,0,0.222
0.223,0,0,0,0,0,0,0,0,0,0,0,0,0.223
0.224,0,0,0,0,0,0,0,0,0,0,0,0,0.224
0.225,0,0,0,0,0,0,0,0,0,0,0,0,0.225
0.226,0,0,0,0,0,0,0,0,0,0,0,0,0.226
0.227,0,0,0,0,0,0,0,0,0,0,0,0,0.227
0.228,0,0,0,0,0,0,0,0,0,0,0,0,0.228
0.229,0,0,0,0,0,0,0,0,0,0,0,0,0.229
0.23,0,0,0,0,0,0,0,0,0,0,0,0,0.23
0.231,0,0,0,0,0,0,0,0,0,0,0,0,0.231
0.232,0,0,0,0,0,0,0,0,0,0,0,0,0.232
0.233,0,0,0,0,0,0,0,0,0,0,0,0,0.233
0.234,0,0,0,0,0,0,0,0,0,0,0,0,0.234
0.235,0,0,0,0,0,0,0,0,0,0,0,0,0.235
0.236,0,0,0,0,0,0,0,0,0,0,0,0,0.236
0.237,0,0,0,0,0,0,0,0,0,0,0,0,0.237
0.238,0,0,0,0,0,0,0,0,0,0,0,0,0.238
0.239,0,0,0,0,0,0,0,0,0,0,0,0,0.239
0.24,0,0,0,0,0,0,0,0,0,0,0,0,0.24
0.241,0,0,0,0,0,0,0,0,0,0,0,0,0.241
0.242,0,0,0,0,0,0,0,0,0,0,0,0,0.242
0.243,0,0,0,0,0,0,0,0,0,0,0,0,0.243
0.244,0,0,0,0,0,0,0,0,0,0,0,0,0.244
0.245,0,0,0,0,0,0,0,0,0,0,0,0,0.245
0.246,0,0,0,0,0,0,0,0,0,0,0,0,0.246
0.247,0,0,0,0,0,0,0,0,0,0,0,0,0.247
0.248,0,0,0,0,0,0,0,0,0,0,0,0,0.248
0.249,0,0,0,0,0,0,0,0,0,0,0,0,0.249
0.25,0,0,0,0,0,0,0,0,0,0,0,0,0.25
0.251,0,0,0,0,0,0,0,0,0,0,0,0,0.251
0.252,0,0,0,0,0,0,0,0,0,0,0,0,0.252
0.253,0,0,0,0,0,0,0,0,0,0,0,0,0.253
0.254,0,0,0,0,0,0,0,0,0,0,0,0,0.254
0.255,0,0,0,0,0,0,0,0,0,0,0,0,0.255
0.256,0,0,0,0,0,0,0,0,0,0,0,0,0.256
0.257,0,0,0,0,0,0,0,0,0,0,0,0,0.257
0.258,0,0,0,0,0,0,0,0,0,0,0,0,0.258
0.259,0,0,0,0,0,0,0,0,0,0,0,0,0.259
0.26,0,0,0,0,0,0,0,0,0,0,0,0,0.26
0.261,0,0,0,0,0,0,0,0,0,0,0,0,0.261
0.262,0,0,0,0,0,0,0,0,0,0,0,0,0.262
0.263,0,0,0,0,0,0,0,0,0,0,0,0,0.263
0.264,0,0,0,0,0,0,0,0,0,0,0,0,0.264
0.265,0,0,0,0,0,0,0,0,0,0,0,0,0.265
0.266,0,0,0,0,0,0,0,0,0,0,0,0,0.266
0.267,0,0,0,0,0,0,0,0,0,0,0,0,0.267
0.268,0,0,0,0,0,0,0,0,0,0,0,0,0.268
0.269,0,0,0,0,0,0,0,0,0,0,0,0,0.269
0.27,0,0,0,0,0,0,0,0,0,0,0,0,0.27
0.271,0,0,0,0,0,0,0,0,0,0,0,0,0.271
0.272,0,0,0,0,0,0,0,0,0,0,0,0,0.272
0.273,0,0,0,0,0,0,0,0,0,0,0,0,0.273
0.274,0,0,0,0,0,0,0,0,0,0,0,0,0.274
0.275,0,0,0,0,0,0,0,0,0,0,0,0,0.275
0.276,0,0,0,0,0,0,0,0,0,0,0,0,0.276
0.277,0,0,0,0,0,0,0,0,0,0,0,0,0.277
0.278,0,0,0,0,0,0,0,0,0,0,0,0,0.278
0.279,0,0,0,0,0,0,0,0,0,0,0,0,0.279
0.28,0,0,0,0,0,0,0,0,0,0,0,0,0.28
0.281,0,0,0,0,0,0,0,0,0,0,0,0,0.281
0.282,0,0,0,0,0,0,0,0,0,0,0,0,0.282
0.283,0,0,0,0,0,0,0,0,0,0,0,0,0.283
0.284,0,0,0,0,0,0,0,0,0,0,0,0,0.284
0.285,0,0,0,0,0,0,0,0,0,0,0,0,0.285
0.286,0,0,0,0,0,0,0,0,0,0,0,0,0.286
0.287,0,0,0,0,0,0,0,0,0,0,0,0,0.287
0.288,0,0,0,0,0,0,0,0,0,0,0,0,0.288
0.289,0,0,0,0,0,0,0,0,0,0,0,0,0.289
0.29,0,0,0,0,0,0,0,0,0,0,0,0,0.29
0.291,0,0,0,0,0,0,0,0,0,0,0,0,0.291
0.292,0,0,0,0,0,0,0,0,0,0,0,0,0.292
0.293,0,0,0,0,0,0,0,0,0,0,0,0,0.293
0.294,0,0,0,0,0,0,0,0,0,0,0,0,0.294
0.295,0,0,0,0,0,0,0,0,0,0,0,0,0.295
0.296,0,0,0,0,0,0,0,0,0,0,0,0,0.296
0.297,0,0,0,0,0,0,0,0,0,0,0,0,0.297
0.298,0,0,0,0,0,0,0,0,0,0,0,0,0.298
0.299,0,0,0,0,0,0,0,0,0,0,0,0,0.299
0.3,0,0,0,0,0,0,0,0,0,0,0,0,0.3
0.301,0,0,0,0,0,0,0,0,0,0,0,0,0.301
0.302,0,0,0,0,0,0,0,0,0,0,0,0,0.302
0.303,0,0,0,0,0,0,0,0,0,0,0,0,0.303
0.304,0,0,0,0,0,0,0,0,0,0,0,0,0.304
0.305,0,0,0,0,0,0,0,0,0,0,0,0,0.305
0.306,0,0,0,0,0,0,0,0,0,0,0,0,0.306
0.307,0,0,0,0,0,0,0,0,0,0,0,0,0.307
0.308,0,0,0,0,0,0,0,0,0,0,0,0,0.308
0.309,0,0,0,0,0,0,0,0,0,0,0,0,0.309
0.31,0,0,0,0,0,0,0,0,0,0,0,0,0.31
0.311,0,0,0,0,0,0,0,0,0,0,0,0,0.311
0.312,0,0,0,0,0,0,0,0,0,0,0,0,0.312
0.313,0,0,0,0,0,0,0,0,0,0,0,0,0.313
0.314,0,0,0,0,0,0,0,0,0,0,0,0,0.314
0.315,0,0,0,0,0,0,0,0,0,0,0,0,0.315
0.316,0,0,0,0,0,0,0,0,0,0,0,0,0.316
0.317,0,0,0,0,0,0,0,0,0,0,0,0,0.317
0.318,0,0,0,0,0,0,0,0,0,0,0,0,0.318
0.319,0,0,0,0,0,0,0,0,0,0,0,0,0.319
0.32,0,0,0,0,0,0,0,0,0,0,0,0,0.32
0.321,0,0,0,0,0,0,0,0,0,0,0,0,0.321
0.322,0,0,0,0,0,0,0,0,0,0,0,0,0.322
0.323,0,0,0,0,0,0,0,0,0,0,0,0,0.323
0.324,0,0,0,0,0,0,0,0,0,0,0,0,0.324
0.325,0,0,0,0,0,0,0,0,0,0,0,0,0.325
0.326,0,0,0,0,0,0,0,0,0,0,0,0,0.326
0.327,0,0,0,0,0,0,0,0,0,0,0,0,0.327
0.328,0,0,0,0,0,0,0,0,0,0,0,0,0.328
0.329,0,0,0,0,0,0,0,0,0,0,0,0,0.329
0.33,0,0,0,0,0,0,0,0,0,0,0,0,0.33
0.331,0,0,0,0,0,0,0,0,0,0,0,0,0.331
0.332,0,0,0,0,0,0,0,0,0,0,0,0,0.332
0.333,0,0,0,0,0,0,0,0,0,0,0,0,0.333
0.334,0,0,0,0,0,0,0,0,0,0,0,0,0.334
0.335,0,0,0,0,0,0,0,0,0,0,0,0,0.335
0.336,0,0,0,0,0,0,0,0,0,0,0,0,0.336
0.337,0,0,0,0,0,0,0,0,0,0,0,0,0.337
0.338,0,0,0,0,0,0,0,0,0,0,0,0,0.338
0.339,0,0,0,0,0,0,0,0,0,0,0,0,0.339
0.34,0,0,0,0,0,0,0,0,0,0,0,0,0.34
0.341,0,0,0,0,0,0,0,0,0,0,0,0,0.341
0.342,0,0,0,0,0,0,0,0,0,0,0,0,0.342
0.343,0,0,0,0,0,0,0,0,0,0,0,0,0.343
0.344,0,0,0,0,0,0,0,0,0,0,0,0,0.344
0.345,0,0,0,0,0,0,0,0,0,0,0,0,0.345
0.346,0,0,0,0,0,0,0,0,0,0,0,0,0.346
0.347,0,0,0,0,0,0,0,0,0,0,0,0,0.347
0.348,0,0,0,0,0,0,0,0,0,0,0,0,0.348
0.349,0,0,0,0,0,0,0,0,0,0,0,0,0.349
0.35,0,0,0,0,0,0,0,0,0,0,0,0,0.35
0.351,0,0,0,0,0,0,0,0,0,0,0,0,0.351
0.352,0,0,0,0,0,0,0,0,0,0,0,0,0.352
0.353,0,0,0,0,0,0,0,0,0,0,0,0,0.353
0.354,0,0,0,0,0,0,0,0,0,0,0,0,0.354
0.355,0,0,0,0,0,0,0,0,0,0,0,0,0.355
0.356,0,0,0,0,0,0,0,0,0,0,0,0,0.356
0.357,0,0,0,0,0,0,0,0,0,0,0,0,0.357
0.358,0,0,0,0,0,0,0,0,0,0,0,0,0.358
0.359,0,0,0,0,0,0,0,0,0,0,0,0,0.359
0.36,0,0,0,0,0,0,0,0,0,0,0,0,0.36
0.361,0,0,0,0,0,0,0,0,0,0,0,0,0.361
0.362,0,0,0,0,0,0,0,0,0,0,0,0,0.362
0.363,0,0,0,0,0,0,0,0,0,0,0,0,0.363
0.364,0,0,0,0,0,0,0,0,0,0,0,0,0.364
0.365,0,0,0,0,0,0,0,0,0,0,0,0,0.365
0.366,0,0,0,0,0,0,0,0,0,0,0,0,0.366
0.367,0,0,0,0,0,0,0,0,0,0,0,0,0.367
0.368,0,0,0,0,0,0,0,0,0,0,0,0,0.368
0.369,0,0,0,0,0,0,0,0,0,0,0,0,0.369
0.37,0,0,0,0,0,0,0,0,0,0,0,0,0.37
0.371,0,0,0,0,0,0,0,0,0,0,0,0,0.371
0.372,0,0,0,0,0,0,0,0,0,0,0,0,0.372
0.373,0,0,0,0,0,0,0,0,0,0,0,0,0.373
0.374,0,0,0,0,0,0,0,0,0,0,0,0,0.374
0.375,0,0,0,0,0,0,0,0,0,0,0,0,0.375
0.376,0,0,0,0,0,0,0,0,0,0,0,0,0.376
0.377,0,0,0,0,0,0,0,0,0,0,0,0,0.377
0.378,0,0,0,0,0,0,0,0,0,0,0,0,0.378
0.379,0,0,0,0,0,0,0,0,0,0,0,0,0.379
0.38,0,0,0,0,0,0,0,0,0,0,0,0,0.38
0.381,0,0,0,0,0,0,0,0,0,0,0,0,0.381
0.382,0,0,0,0,0,0,0,0,0,0,0,0,0.382
0.383,0,0,0,0,0,0,0,0,0,0,0,0,0.383
0.384,0,0,0,0,0,0,0,0,0,0,0,0,0.384
0.385,0,0,0,0,0,0,0,0,0,0,0,0,0.385
0.386,0,0,0,0,0,0,0,0,0,0,0,0,0.386
0.387,0,0,0,0,0,0,0,0,0,0,0,0,0.387
0.388,0,0,0,0,0,0,0,0,0,0,0,0,0.388
0.389,0,0,0,0,0,0,0,0,0,0,0,0,0.389
0.39,0,0,0,0,0,0,0,0,0,0,0,0,0.39
0.391,0,0,0,0,0,0,0,0,0,0,0,0,0.391
0.392,0,0,0,0,0,0,0,0,0,0,0,0,0.392
0.393,0,0,0,0,0,0,0,0,0,0,0,0,0.393
0.394,0,0,0,0,0,0,0,0,0,0,0,0,0.394
0.395,0,0,0,0,0,0,0,0,0,0,0,0,0.395
0.396,0,0,0,0,0,0,0,0,0,0,0,0,0.396
0.397,0,0,0,0,0,0,0,0,0,0,0,0,0.397
0.398,0,0,0,0,0,0,0,0,0,0,0,0,0.398
0.399,0,0,0,0,0,0,0,0,0,0,0,0,0.399
0.4,0,0,0,0,0,0,0,0,0,0,0,0,0.4
0.401,0,0,0,0,0,0,0,0,0,0,0,0,0.401
0.402,0,0,0,0,0,0,0,0,0,0,0,0,0.402
0.403,0,0,0,0,0,0,0,0,0,0,0,0,0.403
0.404,0,0,0,0,0,0,0,0,0,0,0,0,0.404
0.405,0,0,0,0,0,0,0,0,0,0,0,0,0.405
0.406,0,0,0,0,0,0,0,0,0,0,0,0,0.406
0.407,0,0,0,0,0,0,0,0,0,0,0,0,0.407
0.408,0,0,0,0,0,0,0,0,0,0,0,0,0.408
0.409,0,0,0,0,0,0,0,0,0,0,0,0,0.409
0.41,0,0,0,0,0,0,0,0,0,0,0,0,0.41
0.411,0,0,0,0,0,0,0,0,0,0,0,0,0.411
0.412,0,0,0,0,0,0,0,0,0,0,0,0,0.412
0.413,0,0,0,0,0,0,0,0,0,0,0,0,0.413
0.414,0,0,0,0,0,0,0,0,0,0,0,0,0.414
0.415,0,0,0,0,0,0,0,0,0,0,0,0,0.415
0.416,0,0,0,0,0,0,0,0,0,0,0,0,0.416
0.417,0,0,0,0,0,0,0,0,0,0,0,0,0.417
0.418,0,0,0,0,0,0,0,0,0,0,0,0,0.418
0.419,0,0,0,0,0,0,0,0,0,0,0,0,0.419
0.42,0,0,0,0,0,0,0,0,0,0,0,0,0.42
0.421,0,0,0,0,0,0,0,0,0,0,0,0,0.421
0.422,0,0,0,0,0,0,0,0,0,0,0,0,0.422
0.423,0,0,0,0,0,0,0,0,0,0,0,0,0.423
0.424,0,0,0,0,0,0,0,0,0,0,0,0,0.424
0.425,0,0,0,0,0,0,0,0,0,0,0,0,0.425
0.426,0,0,0,0,0,0,0,0,0,0,0,0,0.426
0.427,0,0,0,0,0,0,0,0,0,0,0,0,0.427
0.428,0,0,0,0,0,0,0,0,0,0,0,0,0.428
0.429,0,0,0,0,0,0,0,0,0,0,0,0,0.429
0.43,0,0,0,0,0,0,0,0,0,0,0,0,0.43
0.431,0,0,0,0,0,0,0,0,0,0,0,0,0.431
0.432,0,0,0,0,0,0,0,0,0,0,0,0,0.432
0.433,0,0,0,0,0,0,0,0,0,0,0,0,0.433
0.434,0,0,0,0,0,0,0,0,0,0,0,0,0.434
0.435,0,0,0,0,0,0,0,0,0,0,0,0,0.435
0.436,0,0,0,0,0,0,0,0,0,0,0,0,0.436
0.437,0,0,0,0,0,0,0,0,0,0,0,0,0.437
0.438,0,0,0,0,0,0,0,0,0,0,0,0,0.438
0.439,0,0,0,0,0,0,0,0,0,0,0,0,0.439
0.44,0,0,0,0,0,0,0,0,0,0,0,0,0.44
0.441,0,0,0,0,0,0,0,0,0,0,0,0,0.441
0.442,0,0,0,0,0,0,0,0,0,0,0,0,0.442
0.443,0,0,0,0,0,0,0,0,0,0,0,0,0.443
0.444,0,0,0,0,0,0,0,0,0,0,0,0,0.444
0.445,0,0,0,0,0,0,0,0,0,0,0,0,0.445
0.446,0,0,0,0,0,0,0,0,0,0,0,0,0.446
0.447,0,0,0,0,0,0,0,0,0,0,0,0,0.447
0.448,0,0,0,0,0,0,0,0,0,0,0,0,0.448
0.449,0,0,0,0,0,0,0,0,0,0,0,0,0.449
0.45,0,0,0,0,0,0,0,0,0,0,0,0,0.45
0.451,0,0,0,0,0,0,0,0,0,0,0,0,0.451
0.452,0,0,0,0,0,0,0,0,0,0,0,0,0.452
0.453,0,0,0,0,0,0,0,0,0,0,0,0,0.453
0.454,0,0,0,0,0,0,0,0,0,0,0,0,0.454
0.455,0,0,0,0,0,0,0,0,0,0,0,0,0.455
0.456,0,0,0,0,0,0,0,0,0,0,0,0,0.456
0.457,0,0,0,0,0,0,0,0,0,0,0,0,0.457
0.458,0,0,0,0,0,0,0,0,0,0,0,0,0.458
0.459,0,0,0,0,0,0,0,0,0,0,0,0,0.459
0.46,0,0,0,0,0,0,0,0,0,0,0,0,0.46
0.461,0,0,0,0,0,0,0,0,0,0,0,0,0.461
0.462,0,0,0,0,0,0,0,0,0,0,0,0,0.462
0.463,0,0,0,0,0,0,0,0,0,0,0,0,0.463
0.464,0,0,0,0,0,0,0,0,0,0,0,0,0.464
0.465,0,0,0,0,0,0,0,0,0,0,0,0,0.465
0.466,0,0,0,0,0,0,0,0,0,0,0,0,0.466
0.467,0,0,0,0,0,0,0,0,0,0,0,0,0.467
0.468,0,0,0,0,0,0,0,0,0,0,0,0,0.468
0.469,0,0,0,0,0,0,0,0,0,0,0,0,0.469
0.47,0,0,0,0,0,0,0,0,0,0,0,0,0.47
0.471,0,0,0,0,0,0,0,0,0,0,0,0,0.471
0.472,0,0,0,0,0,0,0,0,0,0,0,0,0.472
0.473,0,0,0,0,0,0,0,0,0,0,0,0,0.473
0.474,0,0,0,0,0,0,0,0,0,0,0,0,0.474
0.475,0,0,0,0,0,0,0,0,0,0,0,0,0.475
0.476,0,0,0,0,0,0,0,0,0,0,0,0,0.476
0.477,0,0,0,0,0,0,0,0,0,0,0,0,0.477
0.478,0,0,0,0,0,0,0,0,0,0,0,0,0.478
0.479,0,0,0,0,0,0,0,0,0,0,0,0,0.479
0.48,0,0,0,0,0,0,0,0,0,0,0,0,0.48
0.481,0,0,0,0,0,0,0,0,0,0,0,0,0.481
0.482,0,0,0,0,0,0,0,0,0,0,0,0,0.482
0.483,0,0,0,0,0,0,0,0,0,0,0,0,0.483
0.484,0,0,0,0,0,0,0,0,0,0,0,0,0.484
0.485,0,0,0,0,0,0,0,0,0,0,0,0,0.485
0.486,0,0,0,0,0,0,0,0,0,0,0,0,0.486
0.487,0,0,0,0,0,0,0,0,0,0,0,0,0.487
0.488,0,0,0,0,0,0,0,0,0,0,0,0,0.488
0.489,0,0,0,0,0,0,0,0,0,0,0,0,0.489
0.49,0,0,0,0,0,0,0,0,0,0,0,0,0.49
0.491,0,0,0,0,0,0,0,0,0,0,0,0,0.491
0.492,0,0,0,0,0,0,0,0,0,0,0,0,0.492
0.493,0,0,0,0,0,0,0,0,0,0,0,0,0.493
0.494,0,0,0,0,0,0,0,0,0,0,0,0,0.494
0.495,0,0,0,0,0,0,0,0,0,0,0,0,0.495
0.496,0,0,0,0,0,0,0,0,0,0,0,0,0.496
0.497,0,0,0,0,0,0,0,0,0,0,0,0,0.497
0.498,0,0,0,0,0,0,0,0,0,0,0,0,0.498
0.499,0,0,0,0,0,0,0,0,0,0,0,0,0.499
0.5,0,0,0,0,0,0,0,0,0,0,0,0,0.5
0.501,0,0,0,0,0,0,0,0,0,0,0,0,0.501
0.502,0,0,0,0,0,0,0,0,0,0,0,0,0.502
0.503,0,0,0,0,0,0,0,0,0,0,0,0,0.503
0.504,0,0,0,0,0,0,0,0,0,0,0,0,0.504
0.505,0,0,0,0,0,0,0,0,0,0,0,0,0.505
0.506,0,0,0,0,0,0,0,0,0,0,0,0,0.506
0.507,0,0,0,0,0,0,0,0,0,0,0,0,0.507
0.508,0,0,0,0,0,0,0,0,0,0,0,0,0.508
0.509,0,0,0,0,0,0,0,0,0,0,0,0,0.509
0.51,0,0,0,0,0,0,0,0,0,0,0,0,0.51
0.511,0,0,0,0,0,0,0,0,0,0,0,0,0.511
0.512,0,0,0,0,0,0,0,0,0,0,0,0,0.512
0.513,0,0,0,0,0,0,0,0,0,0,0,0,0.513
0.514,0,0,0,0,0,0,0,0,0,0,0,0,0.514
0.515,0,0,0,0,0,0,0,0,0,0,0,0,0.515
0.516,0,0,0,0,0,0,0,0,0,0,0,0,0.516
0.517,0,0,0,0,0,0,0,0,0,0,0,0,0.517
0.518,0,0,0,0,0,0,0,0,0,0,0,0,0.518
0.519,0,0,0,0,0,0,0,0,0,0,0,0,0.519
0.52,0,0,0,0,0,0,0,0,0,0,0,0,0.52
0.521,0,0,0,0,0,0,0,0,0,0,0,0,0.521
0.522,0,0,0,0,0,0,0,0,0,0,0,0,0.522
0.523,0,0,0,0,0,0,0,0,0,0,0,0,0.523
0.524,0,0,0,0,0,0,0,0,0,0,0,0,0.524
0.525,0,0,0,0,0,0,0,0,0,0,0,0,0.525
0.526,0,0,0,0,0,0,0,0,0,0,0,0,0.526
0.527,0,0,0,0,0,0,0,0,0,0,0,0,0.527
0.528,0,0,0,0,0,0,0,0,0,0,0,0,0.528
0.529,0,0,0,0,0,0,0,0,0,0,0,0,0.529
0.53,0,0,0,0,0,0,0,0,0,0,0,0,0.53
0.531,0,0,0,0,0,0,0,0,0,0,0,0,0.531
0.532,0,0,0,0,0,0,0,0,0,0,0,0,0.532
0.533,0,0,0,0,0,0,0,0,0,0,0,0,0.533
0.534,0,0,0,0,0,0,0,0,0,0,0,0,0.534
0.535,0,0,0,0,0,0,0,0,0,0,0,0,0.535
0.536,0,0,0,0,0,0,0,0,0,0,0,0,0.536
0.537,0,0,0,0,0,0,0,0,0,0,0,0,0.537
0.538,0.0407355,0,0,0,0,0,0,0,0,0,0,0,0.538
0.539,0.0947527,0,0,0,0,0,0,0,0,0,-19.9818,0,0.539
0.54,0.14863,0,0,0,0,0,0,-0.0199818,0,0,-56.9824,0,0.54
0.541,0.198379,0,0,0,0,0,0,-0.0769641,0,0,-102.7,0,0.541
0.542,0.243668,0,0.0094749,0,0,0,0,-0.179664,0,0,-150.665,0,0.542
0.543,0.285455,0,0.0241181,0,0,0,0,-0.330329,0,-3.56887,-196.925,0.594812,0.543
0.544,0.323238,0,0.0410572,0,0,0,-0.00356544,-0.527254,0.000594822,-10.9598,-239.96,1.82663,0.544
0.545,0.356012,0,0.0594243,0,0,0,-0.0145085,-0.767214,0.0024066,-21.1887,-278.806,3.53144,0.545
0.546,0.382564,0,0.0789072,0,0,0,-0.0356509,-1.04602,0.00586775,-33.3704,-312.502,5.56182,0.546
0.547,0.401852,0,0.0995961,0,0,0,-0.0689233,-1.35853,0.011236,-46.8886,-339.981,7.81538,0.547
0.548,0.412917,0,0.121089,0,0.000268706,0,-0.115636,-1.69852,0.0186445,-61.4293,-360.216,10.2404,0.548
0.549,0.414946,0,0.142856,0,0.00121807,0,-0.176783,-2.05875,0.0281621,-76.641,-372.264,12.7211,0.549
0.55,0.410906,0,0.164273,0,0.00250689,0,-0.253008,-2.43105,0.039742,-92.1019,-375.329,15.0685,0.55
0.551,0.404048,0,0.184709,0,0.0040021,0,-0.344541,-2.80644,0.0531651,-107.376,-370.561,17.223,0.551
0.552,0.395976,0,0.203559,0,0.00564231,0,-0.451182,-3.1771,0.0681775,-122.006,-360.271,19.1462,0.552
0.553,0.387498,0,0.220102,0,0.00740301,0,-0.572283,-3.53751,0.0845112,-135.534,-346.56,20.7966,0.553
0.554,0.379018,0,0.233632,0,0.00926822,0,-0.706745,-3.88426,0.101878,-147.457,-331.015,22.1156,0.554
0.555,0.370734,0,0.243541,0,0.0111913,0,-0.852978,-4.21553,0.119951,-157.261,-314.743,23.0351,0.555
0.556,0.362742,0,0.249182,0,0.013115,0,-1.00889,-4.53058,0.138348,-164.472,-298.479,23.4955,0.556
0.557,0.355081,0,0.249997,0,0.0149855,0,-1.17191,-4.82943,0.156641,-168.626,-282.706,23.4429,0.557
0.558,0.347766,0,0.245601,0,0.01674,0,-1.33905,-5.11255,0.17436,-169.304,-267.74,22.8312,0.558
0.559,0.340795,0,0.237617,0,0.0183236,0,-1.50687,-5.38075,0.190995,-166.182,-253.782,21.632,0.559
0.56,0.334159,0,0.227999,0,0.0196636,0,-1.67164,-5.63502,0.206012,-159.741,-240.865,19.9504,0.56
0.561,0.327848,0,0.217711,0,0.0206695,0,-1.83011,-5.87636,0.21899,-151.01,-228.904,17.9855,0.561
0.562,0.321847,0,0.207274,0,0.0212526,0,-1.98002,-6.10572,0.229712,-140.932,-217.792,15.9274,0.562
0.563,0.316144,0,0.196974,0,0.0213361,0,-2.12006,-6.32393,0.238153,-130.224,-207.434,13.9308,0.563
0.564,0.310724,0,0.186972,0,0.0211117,0,-2.24959,-6.53174,0.244439,-119.39,-197.745,12.1127,0.564
0.565,0.305574,0,0.177361,0,0.020748,0,-2.36848,-6.72981,0.248809,-108.745,-188.656,10.4998,0.565
0.566,0.300681,0,0.16819,0,0.0203271,0,-2.47691,-6.91874,0.251522,-98.4734,-180.103,9.07088,0.566
0.567,0.296032,0,0.159484,0,0.0198895,0,-2.57523,-7.09907,0.25281,-88.6786,-172.035,7.79694,0.567
0.568,0.291615,0,0.151263,0,0.0194549,0,-2.6639,-7.27128,0.25287,-79.417,-164.411,6.6528,0.568
0.569,0.287419,0,0.143533,0,0.0190325,0,-2.74344,-7.43582,0.251866,-70.7166,-157.194,5.6199,0.569
0.57,0.283432,0,0.136311,0,0.0186264,0,-2.81441,-7.5931,0.249939,-62.5873,-150.352,4.68515,0.57
0.571,0.279645,0,0.129594,0,0.0182383,0,-2.87736,-7.7435,0.247213,-55.0331,-143.858,3.84021,0.571
0.572,0.276047,0,0.123376,0,0.0178683,0,-2.93285,-7.88737,0.243795,-48.0484,-137.684,3.07888,0.572
0.573,0.272629,0,0.117661,0,0.0175163,0,-2.98145,-8.02503,0.239788,-41.6209,-131.81,2.39623,0.573
0.574,0.269382,0,0.112442,0,0.0171815,0,-3.0237,-8.15679,0.235281,-35.7399,-126.213,1.78892,0.574
0.575,0.266297,0,0.107697,0,0.0168633,0,-3.06014,-8.28292,0.23036,-30.391,-120.874,1.25391,0.575
0.576,0.263366,0,0.10341,0,0.0165609,0,-3.09128,-8.40369,0.225104,-25.5521,-115.777,0.78742,0.576
0.577,0.260582,0,0.0995648,0,0.0162737,0,-3.11764,-8.51934,0.219588,-21.2004,-110.905,0.385755,0.577
0.578,0.257937,0,0.0961392,0,0.0160007,0,-3.13969,-8.6301,0.213878,-17.3128,-106.246,0.0454427,0.578
0.579,0.255424,0,0.0931014,0,0.0157414,0,-3.15788,-8.73619,0.208039,-13.8638,-101.786,-0.237347,0.579
0.58,0.253037,0,0.0904356,0,0.0154951,0,-3.17264,-8.83781,0.202126,-10.8236,-97.5139,-0.467094,0.58
0.581,0.250769,0,0.0881276,0,0.015261,0,-3.18437,-8.93515,0.196192,-8.16641,-93.4203,-0.647584,0.581
0.582,0.248615,0,0.0861613,0,0.0150387,0,-3.19346,-9.02839,0.190284,-5.86928,-89.4947,-0.782089,0.582
0.583,0.246568,0,0.0845415,0,0.0148275,0,-3.20024,-9.1177,0.184446,-3.91064,-85.7279,-0.873675,0.583
0.584,0.244624,0,0.0832632,0.000287335,0.0146268,0,-3.20506,-9.20325,0.178715,-2.27734,-82.1099,-0.923993,0.584
0.585,0.242777,0,0.082304,0.000755017,0.0144362,0,-3.20823,-9.28518,0.17313,-0.849466,-78.6147,-0.952502,0.585
0.586,0.241022,0,0.0816425,0.00117659,0.0142551,0,-3.20996,-9.36361,0.167708,0.407178,-75.232,-0.964381,0.586
0.587,0.239355,0,0.0812679,0.00144336,0.0140831,0,-3.2104,-9.43867,0.162463,1.4352,-71.9667,-0.949561,0.587
0.588,0.237772,0,0.0811225,0.00155076,0.0139196,0,-3.2098,-9.51047,0.157416,2.16901,-68.825,-0.896627,0.588
0.589,0.236267,0,0.0810896,0.00158144,0.0137644,0,-3.20842,-9.57914,0.152601,2.59596,-65.8108,-0.803001,0.589
0.59,0.234838,0,0.0811109,0.00157491,0.0136169,0,-3.20658,-9.6448,0.148053,2.78639,-62.9258,-0.679945,0.59
0.591,0.23348,0,0.0811574,0.00155087,0.0134768,0,-3.20451,-9.70759,0.143794,2.81649,-60.1692,-0.539712,0.591
0.592,0.23219,0,0.0812148,0.00151911,0.0133436,0,-3.20236,-9.76764,0.139835,2.74657,-57.5384,-0.391913,0.592
0.593,0.230965,0,0.0812758,0.00148448,0.0132172,0,-3.20024,-9.82506,0.136176,2.61877,-55.0297,-0.243134,0.593
0.594,0.229801,0,0.0813371,0.00144935,0.013097,0,-3.19819,-9.87999,0.132812,2.46051,-52.6382,-0.0975203,0.594
0.595,0.228695,0,0.081397,0.00141487,0.0129829,0,-3.19626,-9.93255,0.129732,2.28883,-50.3592,0.0425041,0.595
0.596,0.227644,0,0.0814547,0.00138155,0.0128745,0,-3.19445,-9.98283,0.126925,2.11392,-48.1874,0.175645,0.596
0.597,0.226646,0,0.0815099,0.00134961,0.0127715,0,-3.19278,-10.031,0.124376,1.94165,-46.118,0.301312,0.597
0.598,0.225698,0,0.0815626,0.00131914,0.0126736,0,-3.19124,-10.077,0.122073,1.77525,-44.1459,0.419341,0.598
0.599,0.224797,0,0.0816128,0.00129012,0.0125807,0,-3.18983,-10.1211,0.120002,1.61635,-42.2665,0.529814,0.599
0.6,0.223941,0,0.0816604,0.00126252,0.0124923,0,-3.18854,-10.1633,0.118151,1.46569,-40.4752,0.632951,0.6
0.601,0.223128,0,0.0817058,0.00123628,0.0124084,0,-3.18736,-10.2038,0.116506,1.32345,-38.7677,0.729039,0.601
0.602,0.222356,0,0.0817489,0.00121134,0.0123287,0,-3.1863,-10.2425,0.115055,1.18955,-37.1399,0.818403,0.602
0.603,0.221622,0,0.0817898,0.00118764,0.012253,0,-3.18533,-10.2797,0.113788,1.06373,-35.5879,0.901376,0.603
0.604,0.220925,0,0.0818287,0.00116513,0.0121811,0,-3.18446,-10.3153,0.112693,0.945657,-34.1079,0.97829,0.604
0.605,0.220263,0,0.0818656,0.00114374,0.0121127,0,-3.18369,-10.3494,0.11176,0.83497,-32.6964,1.04947,0.605
0.606,0.219634,0,0.0819007,0.00112342,0.0120478,0,-3.18299,-10.3821,0.110979,0.731292,-31.3501,1.11522,0.606
0.607,0.219037,0,0.0819341,0.00110412,0.0119862,0,-3.18237,-10.4134,0.110341,0.634249,-30.0657,1.17585,0.607
0.608,0.218469,0,0.0819657,0.00108578,0.0119276,0,-3.18183,-10.4435,0.109838,0.543483,-28.8403,1.23164,0.608
0.609,0.21793,0,0.0819958,0.00106836,0.0118719,0,-3.18136,-10.4724,0.109461,0.458648,-27.6709,1.28285,0.609
0.61,0.217417,0,0.0820244,0.00105181,0.011819,0,-3.18094,-10.5001,0.109201,0.379411,-26.5549,1.32975,0.61
0.611,0.21693,0,0.0820516,0.00103609,0.0117688,0,-3.18059,-10.5267,0.109053,0.305459,-25.4897,1.37257,0.611
0.612,0.216468,0,0.0820774,0.00102115,0.0117211,0,-3.18029,-10.5522,0.109009,0.236496,-24.4727,1.41156,0.612
0.613,0.216029,0,0.0821019,0.00100696,0.0116757,0,-3.18005,-10.5767,0.109061,0.172239,-23.5017,1.44692,0.613
0.614,0.215611,0,0.0821252,0.000993482,0.0116327,0,-3.17985,-10.6003,0.109205,0.112422,-22.5744,1.47887,0.614
0.615,0.215215,0,0.0821473,0.000980675,0.0115918,0,-3.1797,-10.6229,0.109433,0.0567922,-21.6888,1.50759,0.615
0.616,0.214838,0,0.0821683,0.00096851,0.0109486,0,-3.17958,-10.6446,0.10974,0.00510923,-20.8428,1.53329,0.616
0.617,0.209539,0,0.0823679,0.000777279,0.0106398,0,-3.17951,-10.6655,0.110122,-0.095877,-20.0404,1.69292,0.617
0.618,0.206386,0,0.0824677,0.000685447,0.0104854,0,-3.17949,-10.6856,0.110711,-0.437692,-17.0711,1.88745,0.618
0.619,0.204821,0,0.0825177,0.000639531,0.0104082,0,-3.17975,-10.7028,0.111665,-0.769086,-13.9263,2.04331,0.619
0.62,0.204039,0,0.0825426,0.000616573,0.0103696,0,-3.18028,-10.7168,0.112955,-1.01396,-11.4237,2.14653,0.62
0.621,0.203648,0,0.0825551,0.000605094,0.0103503,0,-3.18101,-10.7283,0.114491,-1.17189,-9.63523,2.20478,0.621
0.622,0.203453,0,0.0825613,0.000599354,0.0103406,0,-3.18187,-10.738,0.116188,-1.26279,-8.41864,2.23012,0.622
0.623,0.203355,0,0.0825644,0.000596484,0.0103358,0,-3.1828,-10.7466,0.117979,-1.30755,-7.60571,2.23324,0.623
0.624,0.203306,0,0.082566,0.000595049,0.0103334,0,-3.18376,-10.7543,0.119818,-1.32255,-7.05938,2.2221,0.624
0.625,0.203282,0,0.0825668,0.000594332,0.0103322,0,-3.18474,-10.7615,0.121678,-1.31918,-6.6822,2.20218,0.625
0.626,0.20327,0,0.0825672,0.000593973,0.0103316,0,-3.18571,-10.7683,0.123538,-1.30489,-6.40971,2.17704,0.626
0.627,0.203263,0,0.0825674,0.000593794,0.0103313,0,-3.18667,-10.7748,0.125388,-1.28435,-6.20106,2.14893,0.627
0.628,0.20326,0,0.0825675,0.000593704,0.0103311,0,-3.18761,-10.7811,0.127221,-1.26039,-6.03113,2.11923,0.628
0.629,0.203259,0,0.0825675,0.000593659,0.010331,0,-3.18853,-10.7872,0.129034,-1.23472,-5.88477,2.08878,0.629
0.63,0.203258,0,0.0825675,0.000593637,0.010331,0,-3.18943,-10.7932,0.130824,-1.20833,-5.75301,2.05809,0.63
0.631,0.203258,0,0.0825676,0.000593626,0.010331,0,-3.19031,-10.7991,0.13259,-1.18178,-5.63057,2.02743,0.631
0.632,0.203258,0,0.0825676,0.00059362,0.010331,0,-3.19116,-10.8048,0.134331,-1.1554,-5.51438,1.99699,0.632
0.633,0.203257,0,0.0825676,0.000593617,0.010331,0,-3.192,-10.8104,0.136049,-1.12936,-5.40267,1.96685,0.633
0.634,0.203257,0,0.0825676,0.000593616,0.010331,0,-3.19281,-10.8159,0.137742,-1.10377,-5.2944,1.93708,0.634
0.635,0.203257,0,0.0825676,0.000593615,0.010331,0,-3.1936,-10.8213,0.139411,-1.07868,-5.18894,1.9077,0.635
0.636,0.203257,0,0.0825676,0.000593615,0.010331,0,-3.19437,-10.8266,0.141056,-1.0541,-5.08595,1.87872,0.636
0.637,0.203257,0,0.0825676,0.000593615,0.010331,0,-3.19512,-10.8318,0.142677,-1.03006,-4.98522,1.85015,0.637
0.638,0.203257,0,0.0825676,0.000593615,0.010331,0,-3.19585,-10.8369,0.144275,-1.00653,-4.8866,1.82198,0.638
0.639,0.203257,0,0.0825676,0.000593615,0.010331,0,-3.19656,-10.8419,0.14585,-0.983522,-4.78998,1.79423,0.639
0.64,0.203257,0,0.0825676,0.000593615,0.010331,0,-3.19725,-10.8467,0.147402,-0.961024,-4.69531,1.76688,0.64
0.641,0.203257,0,0.0825676,0.000593615,0.010331,0,-3.19792,-10.8515,0.148931,-0.939027,-4.60253,1.73993,0.641
0.642,0.203257,0,0.0825676,0.000593615,0.010331,0,-3.19858,-10.8562,0.150439,-0.917521,-4.51159,1.71337,0.642
0.643,0.203257,0,0.0825676,0.000593615,0.010331,0,-3.19922,-10.8608,0.151924,-0.896495,-4.42245,1.68721,0.643
0.644,0.203257,0,0.0825676,0.000593615,0.010331,0,-3.19984,-10.8653,0.153388,-0.875939,-4.33507,1.66142,0.644
0.645,0.203257,0,0.0825676,0.000593615,0.010331,0,-3.20044,-10.8698,0.154831,-0.855843,-4.24942,1.63602,0.645
0.646,0.203257,0,0.0825676,0.000593615,0.010331,0,-3.20103,-10.8741,0.156253,-0.836197,-4.16545,1.61099,0.646
0.647,0.203257,0,0.0825676,0.000593615,0.010331,0,-3.2016,-10.8783,0.157654,-0.81699,-4.08315,1.58633,0.647
0.648,0.203257,0,0.0825676,0.000593615,0.010331,0,-3.20216,-10.8825,0.159034,-0.798214,-4.00247,1.56203,0.648
0.649,0.203257,0,0.0825676,0.000593615,0.010331,0,-3.2027,-10.8866,0.160395,-0.779859,-3.92338,1.53809,0.649
0.65,0.203257,0,0.0825676,0.000593615,0.010331,0,-3.20323,-10.8906,0.161735,-0.761915,-3.84586,1.5145,0.65
0.651,0.203257,0,0.0825676,0.000593615,0.010331,0,-3.20374,-10.8945,0.163056,-0.744374,-3.76986,1.49127,0.651
0.652,0.203257,0,0.0825676,0.000593615,0.010331,0,-3.20424,-10.8984,0.164358,-0.727227,-3.69536,1.46837,0.652
0.653,0.203257,0,0.0825676,0.000593615,0.010331,0,-3.20472,-10.9021,0.165641,-0.710464,-3.62234,1.44582,0.653
0.654,0.203257,0,0.0825676,0.000593615,0.010331,0,-3.20519,-10.9058,0.166905,-0.694078,-3.55075,1.4236,0.654
0.655,0.203257,0,0.0825676,0.000593615,0.010331,0,-3.20565,-10.9095,0.16815,-0.67806,-3.48058,1.4017,0.655
0.656,0.203257,0,0.0825676,0.000593615,0.010331,0,-3.2061,-10.913,0.169377,-0.662402,-3.4118,1.38014,0.656
0.657,0.203257,0,0.0825676,0.000593615,0.010331,0,-3.20653,-10.9165,0.170586,-0.647096,-3.34437,1.35889,0.657
0.658,0.203257,0,0.0825676,0.000593615,0.010331,0,-3.20695,-10.9199,0.171777,-0.632134,-3.27828,1.33796,0.658
0.659,0.203257,0,0.0825676,0.000593615,0.010331,0,-3.20736,-10.9233,0.172951,-0.61751,-3.21349,1.31734,0.659
0.66,0.203257,0,0.0825676,0.000593615,0.010331,0,-3.20776,-10.9265,0.174107,-0.603214,-3.14998,1.29703,0.66
0.661,0.203257,0,0.0825676,0.000593615,0.010331,0,-3.20815,-10.9298,0.175247,-0.589241,-3.08772,1.27702,0.661
0.662,0.203257,0,0.0825676,0.000593615,0.010331,0,-3.20852,-10.9329,0.176369,-0.575582,-3.02669,1.2573,0.662
0.663,0.203257,0,0.0825676,0.000593615,0.010331,0,-3.20889,-10.936,0.177475,-0.562231,-2.96687,1.23788,0.663
0.664,0.203257,0,0.0825676,0.000593615,0.010331,0,-3.20924,-10.939,0.178565,-0.549182,-2.90823,1.21876,0.664
0.665,0.203257,0,0.0825676,0.000593615,0.010331,0,-3.20959,-10.942,0.179639,-0.536427,-2.85075,1.19991,0.665
0.666,0.203257,0,0.0825676,0.000593615,0.010331,0,-3.20993,-10.9449,0.180696,-0.523959,-2.7944,1.18135,0.666
0.667,0.203257,0,0.0825676,0.000593615,0.010331,0,-3.21025,-10.9478,0.181738,-0.511774,-2.73916,1.16307,0.667
0.668,0.203257,0,0.0825676,0.000593615,0.010331,0,-3.21057,-10.9506,0.182765,-0.499864,-2.68502,1.14506,0.668
0.669,0.203257,0,0.0825676,0.000593615,0.010331,0,-3.21088,-10.9533,0.183776,-0.488223,-2.63195,1.12732,0.669
0.67,0.203257,0,0.0825676,0.000593615,0.010331,0,-3.21118,-10.956,0.184772,-0.476845,-2.57992,1.10984,0.67
0.671,0.203257,0,0.0825676,0.000593615,0.010331,0,-3.21147,-10.9587,0.185754,-0.465724,-2.52893,1.09263,0.671
0.672,0.203257,0,0.0825676,0.000593615,0.010331,0,-3.21175,-10.9612,0.186721,-0.454856,-2.47894,1.07568,0.672
0.673,0.203257,0,0.0825676,0.000593615,0.010331,0,-3.21202,-10.9638,0.187673,-0.444233,-2.42993,1.05898,0.673
0.674,0.203257,0,0.0825676,0.000593615,0.010331,0,-3.21229,-10.9663,0.188611,-0.433851,-2.3819,1.04253,0.674
0.675,0.203257,0,0.0825676,0.000593615,0.010331,0,-3.21255,-10.9687,0.189536,-0.423705,-2.33481,1.02633,0.675
0.676,0.203257,0,0.0825676,0.000593615,0.010331,0,-3.2128,-10.9711,0.190446,-0.413788,-2.28866,1.01037,0.676
0.677,0.203257,0,0.0825676,0.000593615,0.010331,0,-3.21304,-10.9734,0.191343,-0.404097,-2.24342,0.994659,0.677
0.678,0.203257,0,0.0825676,0.000593615,0.010331,0,-3.21327,-10.9757,0.192227,-0.394626,-2.19907,0.97918,0.678
0.679,0.203257,0,0.0825676,0.000593615,0.010331,0,-3.2135,-10.978,0.193097,-0.385369,-2.15559,0.963934,0.679
0.68,0.203257,0,0.0825676,0.000593615,0.010331,0,-3.21373,-10.9802,0.193954,-0.376323,-2.11298,0.948918,0.68
0.681,0.203257,0,0.0825676,0.000593615,0.010331,0,-3.21394,-10.9823,0.194799,-0.367483,-2.07121,0.93413,0.681
0.682,0.203257,0,0.0825676,0.000593615,0.010331,0,-3.21415,-10.9845,0.19563,-0.358844,-2.03026,0.919565,0.682
0.683,0.203257,0,0.0825676,0.000593615,0.010331,0,-3.21435,-10.9865,0.19645,-0.350401,-1.99012,0.90522,0.683
0.684,0.203257,0,0.0825676,0.000593615,0.010331,0,-3.21455,-10.9886,0.197257,-0.34215,-1.95078,0.891092,0.684
0.685,0.203257,0,0.0825676,0.000593615,0.010331,0,-3.21474,-10.9906,0.198052,-0.334088,-1.91221,0.877179,0.685
0.686,0.203257,0,0.0825676,0.000593615,0.010331,0,-3.21493,-10.9925,0.198835,-0.326209,-1.87441,0.863476,0.686
0.687,0.203257,0,0.0825676,0.000593615,0.010331,0,-3.2151,-10.9945,0.199606,-0.31851,-1.83735,0.849981,0.687
0.688,0.203257,0,0.0825676,0.000593615,0.010331,0,-3.21528,-10.9963,0.200365,-0.310987,-1.80103,0.836691,0.688
0.689,0.203257,0,0.0825676,0.000593615,0.010331,0,-3.21545,-10.9982,0.201113,-0.303635,-1.76542,0.823603,0.689
0.69,0.203257,0,0.0825676,0.000593615,0.010331,0,-3.21561,-11,0.20185,-0.296451,-1.73052,0.810713,0.69
0.691,0.203257,0,0.0825676,0.000593615,0.010331,0,-3.21577,-11.0018,0.202576,-0.289431,-1.6963,0.79802,0.691
0.692,0.203257,0,0.0825676,0.000593615,0.010331,0,-3.21592,-11.0035,0.203291,-0.282572,-1.66277,0.78552,0.692
0.693,0.203257,0,0.0825676,0.000593615,0.010331,0,-3.21607,-11.0052,0.203994,-0.27587,-1.62989,0.77321,0.693
0.694,0.203257,0,0.0825676,0.000593615,0.010331,0,-3.21621,-11.0069,0.204688,-0.269321,-1.59767,0.761088,0.694
0.695,0.203257,0,0.0825676,0.000593615,0.010331,0,-3.21635,-11.0085,0.205371,-0.262922,-1.56608,0.74915,0.695
0.696,0.203257,0,0.0825676,0.000593615,0.010331,0,-3.21649,-11.0101,0.206043,-0.25667,-1.53512,0.737395,0.696
0.697,0.203257,0,0.0825676,0.000593615,0.010331,0,-3.21662,-11.0117,0.206705,-0.250561,-1.50477,0.725819,0.697
0.698,0.203257,0,0.0825676,0.000593615,0.010331,0,-3.21674,-11.0132,0.207358,-0.244592,-1.47501,0.714419,0.698
0.699,0.203257,0,0.0825676,0.000593615,0.010331,0,-3.21686,-11.0147,0.208,-0.238761,-1.44585,0.703194,0.699
0.7,0.203257,0,0.0825676,0.000593615,0.010331,0,-3.21698,-11.0162,0.208633,-0.233063,-1.41726,0.692141,0.7
0.701,0.203257,0,0.0825676,0.000593615,0.010331,0,-3.2171,-11.0177,0.209256,-0.227496,-1.38924,0.681257,0.701
0.702,0.203257,0,0.0825676,0.000593615,0.010331,0,-3.21721,-11.0191,0.209869,-0.222057,-1.36178,0.670539,0.702
0.703,0.203257,0,0.0825676,0.000593615,0.010331,0,-3.21731,-11.0205,0.210473,-0.216743,-1.33485,0.659986,0.703
0.704,0.203257,0,0.0825676,0.000593615,0.010331,0,-3.21742,-11.0219,0.211068,-0.211551,-1.30846,0.649594,0.704
0.705,0.203257,0,0.0825676,0.000593615,0.010331,0,-3.21752,-11.0232,0.211654,-0.206479,-1.28259,0.639361,0.705
0.706,0.203257,0,0.0825676,0.000593615,0.010331,0,-3.21761,-11.0245,0.212231,-0.201524,-1.25723,0.629286,0.706
0.707,0.203257,0,0.0825676,0.000593615,0.010331,0,-3.2177,-11.0258,0.212799,-0.196684,-1.23237,0.619366,0.707
0.708,0.203257,0,0.0825676,0.000593615,0.010331,0,-3.21779,-11.0271,0.213359,-0.191955,-1.208,0.609597,0.708
0.709,0.203257,0,0.0825676,0.000593615,0.010331,0,-3.21788,-11.0283,0.21391,-0.187335,-1.18412,0.599979,0.709
0.71,0.203257,0,0.0825676,0.000593615,0.010331,0,-3.21796,-11.0295,0.214453,-0.182821,-1.16071,0.590509,0.71
0.711,0.203257,0,0.0825676,0.000593615,0.010331,0,-3.21804,-11.0307,0.214987,-0.178413,-1.13776,0.581185,0.711
0.712,0.203257,0,0.0825676,0.000593615,0.010331,0,-3.21812,-11.0319,0.215513,-0.174106,-1.11526,0.572004,0.712
0.713,0.203257,0,0.0825676,0.000593615,0.010331,0,-3.2182,-11.0331,0.216031,-0.169899,-1.09321,0.562964,0.713
0.714,0.203257,0,0.0825676,0.000593615,0.010331,0,-3.21827,-11.0342,0.216541,-0.165789,-1.0716,0.554064,0.714
0.715,0.203257,0,0.0825676,0.000593615,0.010331,0,-3.21834,-11.0353,0.217044,-0.161774,-1.05041,0.545302,0.715
0.716,0.203257,0,0.0825676,0.000593615,0.010331,0,-3.21841,-11.0364,0.217538,-0.157853,-1.02964,0.536674,0.716
0.717,0.203257,0,0.0825676,0.000593615,0.010331,0,-3.21847,-11.0374,0.218025,-0.154023,-1.00928,0.52818,0.717
0.718,0.203257,0,0.0825676,0.000593615,0.010331,0,-3.21853,-11.0385,0.218505,-0.150281,-0.989325,0.519816,0.718
0.719,0.203257,0,0.0825676,0.000593615,0.010331,0,-3.21859,-11.0395,0.218977,-0.146627,-0.969764,0.511583,0.719
0.72,0.203257,0,0.0825676,0.000593615,0.010331,0,-3.21865,-11.0405,0.219442,-0.143057,-0.950589,0.503476,0.72
0.721,0.203257,0,0.0825676,0.000593615,0.010331,0,-3.21871,-11.0414,0.2199,-0.139571,-0.931794,0.495495,0.721
0.722,0.203257,0,0.0825676,0.000593615,0.010331,0,-3.21876,-11.0424,0.22035,-0.136165,-0.91337,0.487637,0.722
0.723,0.203257,0,0.0825676,0.000593615,0.010331,0,-3.21881,-11.0433,0.220794,-0.13284,-0.895311,0.479901,0.723
0.724,0.203257,0,0.0825676,0.000593615,0.010331,0,-3.21886,-11.0443,0.221231,-0.129591,-0.877608,0.472285,0.724
0.725,0.203257,0,0.0825676,0.000593615,0.010331,0,-3.21891,-11.0452,0.221661,-0.126419,-0.860256,0.464787,0.725
0.726,0.203257,0,0.0825676,0.000593615,0.010331,0,-3.21895,-11.0461,0.222085,-0.12332,-0.843247,0.457406,0.726
0.727,0.203257,0,0.0825676,0.000593615,0.010331,0,-3.219,-11.0469,0.222502,-0.120294,-0.826574,0.450139,0.727
0.728,0.203257,0,0.0825676,0.000593615,0.010331,0,-3.21904,-11.0478,0.222913,-0.117339,-0.810231,0.442985,0.728
0.729,0.203257,0,0.0825676,0.000593615,0.010331,0,-3.21908,-11.0486,0.223317,-0.114452,-0.794211,0.435942,0.729
0.73,0.203257,0,0.0825676,0.000593615,0.010331,0,-3.21911,-11.0494,0.223715,-0.111634,-0.778508,0.429008,0.73
0.731,0.203257,0,0.0825676,0.000593615,0.010331,0,-3.21915,-11.0502,0.224107,-0.108881,-0.763115,0.422182,0.731
0.732,0.203257,0,0.0825676,0.000593615,0.010331,0,-3.21919,-11.051,0.224493,-0.106193,-0.748026,0.415463,0.732
0.733,0.203257,0,0.0825676,0.000593615,0.010331,0,-3.21922,-11.0518,0.224873,-0.103568,-0.733236,0.408848,0.733
0.734,0.203257,0,0.0825676,0.000593615,0.010331,0,-3.21925,-11.0525,0.225246,-0.101005,-0.718739,0.402336,0.734
0.735,0.203257,0,0.0825676,0.000593615,0.010331,0,-3.21928,-11.0533,0.225615,-0.0985022,-0.704528,0.395926,0.735
0.736,0.203257,0,0.0825676,0.000593615,0.010331,0,-3.21931,-11.054,0.225977,-0.0960581,-0.690598,0.389615,0.736
0.737,0.203257,0,0.0825676,0.000593615,0.010331,0,-3.21934,-11.0547,0.226334,-0.0936715,-0.676943,0.383403,0.737
0.738,0.203257,0,0.0825676,0.000593615,0.010331,0,-3.21937,-11.0554,0.226685,-0.0913412,-0.663559,0.377288,0.738
0.739,0.203257,0,0.0825676,0.000593615,0.010331,0,-3.21939,-11.0561,0.227031,-0.0890658,-0.650439,0.371268,0.739
0.74,0.203257,0,0.0825676,0.000593615,0.010331,0,-3.21941,-11.0568,0.227372,-0.0868441,-0.637579,0.365343,0.74
0.741,0.203257,0,0.0825676,0.000593615,0.010331,0,-3.21944,-11.0574,0.227707,-0.0846749,-0.624973,0.35951,0.741
0.742,0.203257,0,0.0825676,0.000593615,0.010331,0,-3.21946,-11.0581,0.228037,-0.0825569,-0.612616,0.353768,0.742
0.743,0.203257,0,0.0825676,0.000593615,0.010331,0,-3.21948,-11.0587,0.228362,-0.0804891,-0.600503,0.348116,0.743
0.744,0.203257,0,0.0825676,0.000593615,0.010331,0,-3.2195,-11.0593,0.228681,-0.0784702,-0.58863,0.342552,0.744
0.745,0.203257,0,0.0825676,0.000593615,0.010331,0,-3.21952,-11.0599,0.228996,-0.0764991,-0.576992,0.337075,0.745
0.746,0.203257,0,0.0825676,0.000593615,0.010331,0,-3.21953,-11.0605,0.229306,-0.0745748,-0.565584,0.331685,0.746
0.747,0.203257,0,0.0825676,0.000593615,0.010331,0,-3.21955,-11.0611,0.229611,-0.0726962,-0.554402,0.326378,0.747
0.748,0.203257,0,0.0825676,0.000593615,0.010331,0,-3.21956,-11.0617,0.229911,-0.0708622,-0.54344,0.321155,0.748
0.749,0.203257,0,0.0825676,0.000593615,0.010331,0,-3.21958,-11.0622,0.230207,-0.0690718,-0.532696,0.316014,0.749
0.75,0.203257,0,0.0825676,0.000593615,0.010331,0,-3.21959,-11.0628,0.230498,-0.067324,-0.522164,0.310954,0.75
0.751,0.203257,0,0.0825676,0.000593615,0.010331,0,-3.2196,-11.0633,0.230784,-0.0656179,-0.51184,0.305973,0.751
0.752,0.203257,0,0.0825676,0.000593615,0.010331,0,-3.21961,-11.0638,0.231066,-0.0639524,-0.50172,0.30107,0.752
0.753,0.203257,0,0.0825676,0.000593615,0.010331,0,-3.21963,-11.0644,0.231344,-0.0623267,-0.491801,0.296244,0.753
0.754,0.203257,0,0.0825676,0.000593615,0.010331,0,-3.21964,-11.0649,0.231617,-0.0607398,-0.482077,0.291494,0.754
0.755,0.203257,0,0.0825676,0.000593615,0.010331,0,-3.21964,-11.0654,0.231886,-0.0591908,-0.472546,0.286819,0.755
0.756,0.203257,0,0.0825676,0.000593615,0.010331,0,-3.21965,-11.0659,0.232151,-0.0576789,-0.463204,0.282217,0.756
0.757,0.203257,0,0.0825676,0.000593615,0.010331,0,-3.21966,-11.0663,0.232412,-0.0562032,-0.454046,0.277688,0.757
0.758,0.203257,0,0.0825676,0.000593615,0.010331,0,-3.21967,-11.0668,0.232668,-0.0547629,-0.445069,0.27323,0.758
0.759,0.203257,0,0.0825676,0.000593615,0.010331,0,-3.21967,-11.0673,0.232921,-0.0533572,-0.436269,0.268842,0.759
0.76,0.203257,0,0.0825676,0.000593615,0.010331,0,-3.21968,-11.0677,0.233169,-0.0519852,-0.427644,0.264523,0.76
0.761,0.203257,0,0.0825676,0.000593615,0.010331,0,-3.21968,-11.0682,0.233414,-0.0506462,-0.419189,0.260273,0.761
0.762,0.203257,0,0.0825676,0.000593615,0.010331,0,-3.21969,-11.0686,0.233655,-0.0493394,-0.410902,0.256089,0.762
0.763,0.203257,0,0.0825676,0.000593615,0.010331,0,-3.21969,-11.069,0.233892,-0.0480641,-0.402778,0.251972,0.763
0.764,0.203257,0,0.0825676,0.000593615,0.010331,0,-3.2197,-11.0694,0.234125,-0.0468195,-0.394815,0.247919,0.764
0.765,0.203257,0,0.0825676,0.000593615,0.010331,0,-3.2197,-11.0698,0.234354,-0.045605,-0.38701,0.243931,0.765
0.766,0.203257,0,0.0825676,0.000593615,0.010331,0,-3.2197,-11.0702,0.234581,-0.0444199,-0.379358,0.240005,0.766
0.767,0.203257,0,0.0825676,0.000593615,0.010331,0,-3.2197,-11.0706,0.234803,-0.0432634,-0.371859,0.236141,0.767
0.768,0.203257,0,0.0825676,0.000593615,0.010331,0,-3.2197,-11.071,0.235022,-0.0421349,-0.364507,0.232339,0.768
0.769,0.203257,0,0.0825676,0.000593615,0.010331,0,-3.2197,-11.0714,0.235237,-0.0410338,-0.357301,0.228597,0.769
0.77,0.203257,0,0.0825676,0.000593615,0.010331,0,-3.2197,-11.0718,0.23545,-0.0399594,-0.350237,0.224914,0.77
0.771,0.203257,0,0.0825676,0.000593615,0.010331,0,-3.2197,-11.0721,0.235658,-0.038911,-0.343313,0.221289,0.771
0.772,0.203257,0,0.0825676,0.000593615,0.010331,0,-3.2197,-11.0725,0.235864,-0.0378882,-0.336526,0.217721,0.772
0.773,0.203257,0,0.0825676,0.000593615,0.010331,0,-3.2197,-11.0728,0.236066,-0.0368903,-0.329873,0.21421,0.773
0.774,0.203257,0,0.0825676,0.000593615,0.010331,0,-3.2197,-11.0732,0.236265,-0.0359167,-0.323351,0.210755,0.774
0.775,0.203257,0,0.0825676,0.000593615,0.010331,0,-3.2197,-11.0735,0.236461,-0.0349668,-0.316959,0.207355,0.775
0.776,0.203257,0,0.0825676,0.000593615,0.010331,0,-3.2197,-11.0738,0.236654,-0.0340402,-0.310693,0.204008,0.776
0.777,0.203257,0,0.0825676,0.000593615,0.010331,0,-3.2197,-11.0742,0.236844,-0.0331362,-0.304551,0.200715,0.777
0.778,0.203257,0,0.0825676,0.000593615,0.010331,0,-3.21969,-11.0745,0.23703,-0.0322543,-0.29853,0.197473,0.778
0.779,0.203257,0,0.0825676,0.000593615,0.010331,0,-3.21969,-11.0748,0.237214,-0.0313941,-0.292629,0.194284,0.779
0.78,0.203257,0,0.0825676,0.000593615,0.010331,0,-3.21969,-11.0751,0.237395,-0.0305549,-0.286844,0.191144,0.78
0.781,0.203257,0,0.0825676,0.000593615,0.010331,0,-3.21968,-11.0754,0.237573,-0.0297364,-0.281173,0.188055,0.781
0.782,0.203257,0,0.0825676,0.000593615,0.010331,0,-3.21968,-11.0757,0.237748,-0.028938,-0.275615,0.185015,0.782
0.783,0.203257,0,0.0825676,0.000593615,0.010331,0,-3.21967,-11.076,0.237921,-0.0281593,-0.270166,0.182023,0.783
0.784,0.203257,0,0.0825676,0.000593615,0.010331,0,-3.21967,-11.0762,0.238091,-0.0273998,-0.264826,0.179079,0.784
0.785,0.203257,0,0.0825676,0.000593615,0.010331,0,-3.21967,-11.0765,0.238258,-0.026659,-0.259591,0.176182,0.785
0.786,0.203257,0,0.0825676,0.000593615,0.010331,0,-3.21966,-11.0768,0.238422,-0.0259365,-0.254459,0.17333,0.786
0.787,0.203257,0,0.0825676,0.000593615,0.010331,0,-3.21966,-11.077,0.238584,-0.0252319,-0.249429,0.170524,0.787
0.788,0.203257,0,0.0825676,0.000593615,0.010331,0,-3.21965,-11.0773,0.238743,-0.0245448,-0.244498,0.167763,0.788
0.789,0.203257,0,0.0825676,0.000593615,0.010331,0,-3.21964,-11.0776,0.2389,-0.0238747,-0.239665,0.165046,0.789
0.79,0.203257,0,0.0825676,0.000593615,0.010331,0,-3.21964,-11.0778,0.239054,-0.0232213,-0.234927,0.162372,0.79
0.791,0.203257,0,0.0825676,0.000593615,0.010331,0,-3.21963,-11.078,0.239206,-0.0225842,-0.230283,0.159741,0.791
0.792,0.203257,0,0.0825676,0.000593615,0.010331,0,-3.21963,-11.0783,0.239355,-0.0219629,-0.225731,0.157151,0.792
0.793,0.203257,0,0.0825676,0.000593615,0.010331,0,-3.21962,-11.0785,0.239502,-0.0213571,-0.221269,0.154604,0.793
0.794,0.203257,0,0.0825676,0.000593615,0.010331,0,-3.21961,-11.0788,0.239647,-0.0207664,-0.216895,0.152096,0.794
0.795,0.203257,0,0.0825676,0.000593615,0.010331,0,-3.21961,-11.079,0.239789,-0.0201905,-0.212608,0.149629,0.795
0.796,0.203257,0,0.0825676,0.000593615,0.010331,0,-3.2196,-11.0792,0.239929,-0.0196291,-0.208405,0.147201,0.796
0.797,0.203257,0,0.0825676,0.000593615,0.010331,0,-3.21959,-11.0794,0.240067,-0.0190817,-0.204286,0.144812,0.797
0.798,0.203257,0,0.0825676,0.000593615,0.010331,0,-3.21959,-11.0796,0.240202,-0.018548,-0.200248,0.142461,0.798
0.799,0.203257,0,0.0825676,0.000593615,0.010331,0,-3.21958,-11.0798,0.240336,-0.0180278,-0.19629,0.140148,0.799
0,0.203257,0,0.0825676,0.000593615,0.010331,0,-3.21957,-11.08,0.240467,-0.0175207,-0.19241,0.137871,0.8
