BST,AMR,ALR,AIR,ASR,ASO,AIO,RX,RY,RZ,RXu,RYu,RZu,SST
0,0,0,0,0,0,0,0,0,0,0,0,0,0
0,0,0,0,0,0,0,0,0,0,0,0,0,0
0,0,0,0,0,0,0,0,0,0,0,0,0,0
0.001,0,0,0,0,0,0,0,0,0,0,0,0,0.001
0.002,0,0,0,0,0,0,0,0,0,0,0,0,0.002
0.003,0,0,0,0,0,0,0,0,0,0,0,0,0.003
0.004,0,0,0,0,0,0,0,0,0,0,0,0,0.004
0.005,0,0,0,0,0,0,0,0,0,0,0,0,0.005
0.006,0,0,0,0,0,0,0,0,0,0,0,0,0.006
0.007,0,0,0,0,0,0,0,0,0,0,0,0,0.007
0.008,0,0,0,0,0,0,0,0,0,0,0,0,0.008
0.009,0,0,0,0,0,0,0,0,0,0,0,0,0.009
0.01,0,0,0,0,0,0,0,0,0,0,0,0,0.01
0.011,0,0,0,0,0,0,0,0,0,0,0,0,0.011
0.012,0,0,0,0,0,0,0,0,0,0,0,0,0.012
0.013,0,0,0,0,0,0,0,0,0,0,0,0,0.013
0.014,0,0,0,0,0,0,0,0,0,0,0,0,0.014
0.015,0,0,0,0,0,0,0,0,0,0,0,0,0.015
0.016,0,0,0,0,0,0,0,0,0,0,0,0,0.016
0.017,0,0,0,0,0,0,0,0,0,0,0,0,0.017
0.018,0,0,0,0,0,0,0,0,0,0,0,0,0.018
0.019,0,0,0,0,0,0,0,0,0,0,0,0,0.019
0.02,0,0,0,0,0,0,0,0,0,0,0,0,0.02
0.021,0,0,0,0,0,0,0,0,0,0,0,0,0.021
0.022,0,0,0,0,0,0,0,0,0,0,0,0,0.022
0.023,0,0,0,0,0,0,0,0,0,0,0,0,0.023
0.024,0,0,0,0,0,0,0,0,0,0,0,0,0.024
0.025,0,0,0,0,0,0,0,0,0,0,0,0,0.025
0.026,0,0,0,0,0,0,0,0,0,0,0,0,0.026
0.027,0,0,0,0,0,0,0,0,0,0,0,0,0.027
0.028,0,0,0,0,0,0,0,0,0,0,0,0,0.028
0.029,0,0,0,0,0,0,0,0,0,0,0,0,0.029
0.03,0,0,0,0,0,0,0,0,0,0,0,0,0.03
0.031,0,0,0,0,0,0,0,0,0,0,0,0,0.031
0.032,0,0,0,0,0,0,0,0,0,0,0,0,0.032
0.033,0,0,0,0,0,0,0,0,0,0,0,0,0.033
0.034,0,0,0,0,0,0,0,0,0,0,0,0,0.034
0.035,0,0,0,0,0,0,0,0,0,0,0,0,0.035
0.036,0,0,0,0,0,0,0,0,0,0,0,0,0.036
0.037,0,0,0,0,0,0,0,0,0,0,0,0,0.037
0.038,0,0,0,0,0,0,0,0,0,0,0,0,0.038
0.039,0,0,0,0,0,0,0,0,0,0,0,0,0.039
0.04,0,0,0,0,0,0,0,0,0,0,0,0,0.04
0.041,0,0,0,0,0,0,0,0,0,0,0,0,0.041
0.042,0,0,0,0,0,0,0,0,0,0,0,0,0.042
0.043,0,0,0,0,0,0,0,0,0,0,0,0,0.043
0.044,0,0,0,0,0,0,0,0,0,0,0,0,0.044
0.045,0,0,0,0,0,0,0,0,0,0,0,0,0.045
0.046,0,0,0,0,0,0,0,0,0,0,0,0,0.046
0.047,0,0,0,0,0,0,0,0,0,0,0,0,0.047
0.048,0,0,0,0,0,0,0,0,0,0,0,0,0.048
0.049,0,0,0,0,0,0,0,0,0,0,0,0,0.049
0.05,0,0,0,0,0,0,0,0,0,0,0,0,0.05
0.051,0,0,0,0,0,0,0,0,0,0,0,0,0.051
0.052,0,0,0,0,0,0,0,0,0,0,0,0,0.052
0.053,0,0,0,0,0,0,0,0,0,0,0,0,0.053
0.054,0,0,0,0,0,0,0,0,0,0,0,0,0.054
0.055,0,0,0,0,0,0,0,0,0,0,0,0,0.055
0.056,0,0,0,0,0,0,0,0,0,0,0,0,0.056
0.057,0,0,0,0,0,0,0,0,0,0,0,0,0.057
0.058,0,0,0,0,0,0,0,0,0,0,0,0,0.058
0.059,0,0,0,0,0,0,0,0,0,0,0,0,0.059
0.06,0,0,0,0,0,0,0,0,0,0,0,0,0.06
0.061,0,0,0,0,0,0,0,0,0,0,0,0,0.061
0.062,0,0,0,0,0,0,0,0,0,0,0,0,0.062
0.063,0,0,0,0,0,0,0,0,0,0,0,0,0.063
0.064,0,0,0,0,0,0,0,0,0,0,0,0,0.064
0.065,0,0,0,0,0,0,0,0,0,0,0,0,0.065
0.066,0,0,0,0,0,0,0,0,0,0,0,0,0.066
0.067,0,0,0,0,0,0,0,0,0,0,0,0,0.067
0.068,0,0,0,0,0,0,0,0,0,0,0,0,0.068
0.069,0,0,0,0,0,0,0,0,0,0,0,0,0.069
0.07,0,0,0,0,0,0,0,0,0,0,0,0,0.07
0.071,0,0,0,0,0,0,0,0,0,0,0,0,0.071
0.072,0,0,0,0,0,0,0,0,0,0,0,0,0.072
0.073,0,0,0,0,0,0,0,0,0,0,0,0,0.073
0.074,0,0,0,0,0,0,0,0,0,0,0,0,0.074
0.075,0,0,0,0,0,0,0,0,0,0,0,0,0.075
0.076,0,0,0,0,0,0,0,0,0,0,0,0,0.076
0.077,0,0,0,0,0,0,0,0,0,0,0,0,0.077
0.078,0,0,0,0,0,0,0,0,0,0,0,0,0.078
0.079,0,0,0,0,0,0,0,0,0,0,0,0,0.079
0.08,0,0,0,0,0,0,0,0,0,0,0,0,0.08
0.081,0,0,0,0,0,0,0,0,0,0,0,0,0.081
0.082,0,0,0,0,0,0,0,0,0,0,0,0,0.082
0.083,0,0,0,0,0,0,0,0,0,0,0,0,0.083
0.084,0,0,0,0,0,0,0,0,0,0,0,0,0.084
0.085,0,0,0,0,0,0,0,0,0,0,0,0,0.085
0.086,0,0,0,0,0,0,0,0,0,0,0,0,0.086
0.087,0,0,0,0,0,0,0,0,0,0,0,0,0.087
0.088,0,0,0,0,0,0,0,0,0,0,0,0,0.088
0.089,0,0,0,0,0,0,0,0,0,0,0,0,0.089
0.09,0,0,0,0,0,0,0,0,0,0,0,0,0.09
0.091,0,0,0,0,0,0,0,0,0,0,0,0,0.091
0.092,0,0,0,0,0,0,0,0,0,0,0,0,0.092
0.093,0,0,0,0,0,0,0,0,0,0,0,0,0.093
0.094,0,0,0,0,0,0,0,0,0,0,0,0,0.094
0.095,0,0,0,0,0,0,0,0,0,0,0,0,0.095
0.096,0,0,0,0,0,0,0,0,0,0,0,0,0.096
0.097,0,0,0,0,0,0,0,0,0,0,0,0,0.097
0.098,0,0,0,0,0,0,0,0,0,0,0,0,0.098
0.099,0,0,0,0,0,0,0,0,0,0,0,0,0.099
0.1,0,0,0,0,0,0,0,0,0,0,0,0,0.1
0.101,0,0,0,0,0,0,0,0,0,0,0,0,0.101
0.102,0,0,0,0,0,0,0,0,0,0,0,0,0.102
0.103,0,0,0,0,0,0,0,0,0,0,0,0,0.103
0.104,0,0,0,0,0,0,0,0,0,0,0,0,0.104
0.105,0,0,0,0,0,0,0,0,0,0,0,0,0.105
0.106,0,0,0,0,0,0,0,0,0,0,0,0,0.106
0.107,0,0,0,0,0,0,0,0,0,0,0,0,0.107
0.108,0,0,0,0,0,0,0,0,0,0,0,0,0.108
0.109,0,0,0,0,0,0,0,0,0,0,0,0,0.109
0.11,0,0,0,0,0,0,0,0,0,0,0,0,0.11
0.111,0,0,0,0,0,0,0,0,0,0,0,0,0.111
0.112,0,0,0,0,0,0,0,0,0,0,0,0,0.112
0.113,0,0,0,0,0,0,0,0,0,0,0,0,0.113
0.114,0,0,0,0,0,0,0,0,0,0,0,0,0.114
0.115,0,0,0,0,0,0,0,0,0,0,0,0,0.115
0.116,0,0,0,0,0,0,0,0,0,0,0,0,0.116
0.117,0,0,0,0,0,0,0,0,0,0,0,0,0.117
0.118,0,0,0,0,0,0,0,0,0,0,0,0,0.118
0.119,0,0,0,0,0,0,0,0,0,0,0,0,0.119
0.12,0,0,0,0,0,0,0,0,0,0,0,0,0.12
0.121,0,0,0,0,0,0,0,0,0,0,0,0,0.121
0.122,0,0,0,0,0,0,0,0,0,0,0,0,0.122
0.123,0,0,0,0,0,0,0,0,0,0,0,0,0.123
0.124,0,0,0,0,0,0,0,0,0,0,0,0,0.124
0.125,0,0,0,0,0,0,0,0,0,0,0,0,0.125
0.126,0,0,0,0,0,0,0,0,0,0,0,0,0.126
0.127,0,0,0,0,0,0,0,0,0,0,0,0,0.127
0.128,0,0,0,0,0,0,0,0,0,0,0,0,0.128
0.129,0,0,0,0,0,0,0,0,0,0,0,0,0.129
0.13,0,0,0,0,0,0,0,0,0,0,0,0,0.13
0.131,0,0,0,0,0,0,0,0,0,0,0,0,0.131
0.132,0,0,0,0,0,0,0,0,0,0,0,0,0.132
0.133,0,0,0,0,0,0,0,0,0,0,0,0,0.133
0.134,0,0,0,0,0,0,0,0,0,0,0,0,0.134
0.135,0,0,0,0,0,0,0,0,0,0,0,0,0.135
0.136,0,0,0,0,0,0,0,0,0,0,0,0,0.136
0.137,0,0,0,0,0,0,0,0,0,0,0,0,0.137
0.138,0,0,0,0,0,0,0,0,0,0,0,0,0.138
0.139,0,0,0,0,0,0,0,0,0,0,0,0,0.139
0.14,0,0,0,0,0,0,0,0,0,0,0,0,0.14
0.141,0,0,0,0,0,0,0,0,0,0,0,0,0.141
0.142,0,0,0,0,0,0,0,0,0,0,0,0,0.142
0.143,0,0,0,0,0,0,0,0,0,0,0,0,0.143
0.144,0,0,0,0,0,0,0,0,0,0,0,0,0.144
0.145,0,0,0,0,0,0,0,0,0,0,0,0,0.145
0.146,0,0,0,0,0,0,0,0,0,0,0,0,0.146
0.147,0,0,0,0,0,0,0,0,0,0,0,0,0.147
0.148,0,0,0,0,0,0,0,0,0,0,0,0,0.148
0.149,0,0,0,0,0,0,0,0,0,0,0,0,0.149
0.15,0,0,0,0,0,0,0,0,0,0,0,0,0.15
0.151,0,0,0,0,0,0,0,0,0,0,0,0,0.151
0.152,0,0,0,0,0,0,0,0,0,0,0,0,0.152
0.153,0,0,0,0,0,0,0,0,0,0,0,0,0.153
0.154,0,0,0,0,0,0,0,0,0,0,0,0,0.154
0.155,0,0,0,0,0,0,0,0,0,0,0,0,0.155
0.156,0,0,0,0,0,0,0,0,0,0,0,0,0.156
0.157,0,0,0,0,0,0,0,0,0,0,0,0,0.157
0.158,0,0,0,0,0,0,0,0,0,0,0,0,0.158
0.159,0,0,0,0,0,0,0,0,0,0,0,0,0.159
0.16,0,0,0,0,0,0,0,0,0,0,0,0,0.16
0.161,0,0,0,0,0,0,0,0,0,0,0,0,0.161
0.162,0,0,0,0,0,0,0,0,0,0,0,0,0.162
0.163,0,0,0,0,0,0,0,0,0,0,0,0,0.163
0.164,0,0,0,0,0,0,0,0,0,0,0,0,0.164
0.165,0,0,0,0,0,0,0,0,0,0,0,0,0.165
0.166,0,0,0,0,0,0,0,0,0,0,0,0,0.166
0.167,0,0,0,0,0,0,0,0,0,0,0,0,0.167
0.168,0,0,0,0,0,0,0,0,0,0,0,0,0.168
0.169,0,0,0,0,0,0,0,0,0,0,0,0,0.169
0.17,0,0,0,0,0,0,0,0,0,0,0,0,0.17
0.171,0,0,0,0,0,0,0,0,0,0,0,0,0.171
0.172,0,0,0,0,0,0,0,0,0,0,0,0,0.172
0.173,0,0,0,0,0,0,0,0,0,0,0,0,0.173
0.174,0,0,0,0,0,0,0,0,0,0,0,0,0.174
0.175,0,0,0,0,0,0,0,0,0,0,0,0,0.175
0.176,0,0,0,0,0,0,0,0,0,0,0,0,0.176
0.177,0,0,0,0,0,0,0,0,0,0,0,0,0.177
0.178,0,0,0,0,0,0,0,0,0,0,0,0,0.178
0.179,0,0,0,0,0,0,0,0,0,0,0,0,0.179
0.18,0,0,0,0,0,0,0,0,0,0,0,0,0.18
0.181,0,0,0,0,0,0,0,0,0,0,0,0,0.181
0.182,0,0,0,0,0,0,0,0,0,0,0,0,0.182
0.183,0,0,0,0,0,0,0,0,0,0,0,0,0.183
0.184,0,0,0,0,0,0,0,0,0,0,0,0,0.184
0.185,0,0,0,0,0,0,0,0,0,0,0,0,0.185
0.186,0,0,0,0,0,0,0,0,0,0,0,0,0.186
0.187,0,0,0,0,0,0,0,0,0,0,0,0,0.187
0.188,0,0,0,0,0,0,0,0,0,0,0,0,0.188
0.189,0,0,0,0,0,0,0,0,0,0,0,0,0.189
0.19,0,0,0,0,0,0,0,0,0,0,0,0,0.19
0.191,0,0,0,0,0,0,0,0,0,0,0,0,0.191
0.192,0,0,0,0,0,0,0,0,0,0,0,0,0.192
0.193,0,0,0,0,0,0,0,0,0,0,0,0,0.193
0.194,0,0,0,0,0,0,0,0,0,0,0,0,0.194
0.195,0,0,0,0,0,0,0,0,0,0,0,0,0.195
0.196,0,0,0,0,0,0,0,0,0,0,0,0,0.196
0.197,0,0,0,0,0,0,0,0,0,0,0,0,0.197
0.198,0,0,0,0,0,0,0,0,0,0,0,0,0.198
0.199,0,0,0,0,0,0,0,0,0,0,0,0,0.199
0.2,0,0,0,0,0,0,0,0,0,0,0,0,0.2
0.201,0,0,0,0,0,0,0,0,0,0,0,0,0.201
0.202,0,0,0,0,0,0,0,0,0,0,0,0,0.202
0.203,0,0,0,0,0,0,0,0,0,0,0,0,0.203
0.204,0,0,0,0,0,0,0,0,0,0,0,0,0.204
0.205,0,0,0,0,0,0,0,0,0,0,0,0,0.205
0.206,0,0,0,0,0,0,0,0,0,0,0,0,0.206
0.207,0,0,0,0,0,0,0,0,0,0,0,0,0.207
0.208,0,0,0,0,0,0,0,0,0,0,0,0,0.208
0.209,0,0,0,0,0,0,0,0,0,0,0,0,0.209
0.21,0,0,0,0,0,0,0,0,0,0,0,0,0.21
0.211,0,0,0,0,0,0,0,0,0,0,0,0,0.211
0.212,0,0,0,0,0,0,0,0,0,0,0,0,0.212
0.213,0,0,0,0,0,0,0,0,0,0,0,0,0.213
0.214,0,0,0,0,0,0,0,0,0,0,0,0,0.214
0.215,0,0,0,0,0,0,0,0,0,0,0,0,0.215
0.216,0,0,0,0,0,0,0,0,0,0,0,0,0.216
0.217,0,0,0,0,0,0,0,0,0,0,0,0,0.217
0.218,0,0,0,0,0,0,0,0,0,0,0,0,0.218
0.219,0,0,0,0,0,0,0,0,0,0,0,0,0.219
0.22,0,0,0,0,0,0,0,0,0,0,0,0,0.22
0.221,0,0,0,0,0,0,0,0,0,0,0,0,0.221
0.222,0,0,0,0,0,0,0,0,0,0,0,0,0.222
0.223,0,0,0,0,0,0,0,0,0,0,0,0,0.223
0.224,0,0,0,0,0,0,0,0,0,0,0,0,0.224
0.225,0,0,0,0,0,0,0,0,0,0,0,0,0.225
0.226,0,0,0,0,0,0,0,0,0,0,0,0,0.226
0.227,0,0,0,0,0,0,0,0,0,0,0,0,0.227
0.228,0,0,0,0,0,0,0,0,0,0,0,0,0.228
0.229,0,0,0,0,0,0,0,0,0,0,0,0,0.229
0.23,0,0,0,0,0,0,0,0,0,0,0,0,0.23
0.231,0,0,0,0,0,0,0,0,0,0,0,0,0.231
0.232,0,0,0,0,0,0,0,0,0,0,0,0,0.232
0.233,0,0,0,0,0,0,0,0,0,0,0,0,0.233
0.234,0,0,0,0,0,0,0,0,0,0,0,0,0.234
0.235,0,0,0,0,0,0,0,0,0,0,0,0,0.235
0.236,0,0,0,0,0,0,0,0,0,0,0,0,0.236
0.237,0,0,0,0,0,0,0,0,0,0,0,0,0.237
0.238,0,0,0,0,0,0,0,0,0,0,0,0,0.238
0.239,0,0,0,0,0,0,0,0,0,0,0,0,0.239
0.24,0,0,0,0,0,0,0,0,0,0,0,0,0.24
0.241,0,0,0,0,0,0,0,0,0,0,0,0,0.241
0.242,0,0,0,0,0,0,0,0,0,0,0,0,0.242
0.243,0,0,0,0,0,0,0,0,0,0,0,0,0.243
0.244,0,0,0,0,0,0,0,0,0,0,0,0,0.244
0.245,0,0,0,0,0,0,0,0,0,0,0,0,0.245
0.246,0,0,0,0,0,0,0,0,0,0,0,0,0.246
0.247,0,0,0,0,0,0,0,0,0,0,0,0,0.247
0.248,0,0,0,0,0,0,0,0,0,0,0,0,0.248
0.249,0,0,0,0,0,0,0,0,0,0,0,0,0.249
0.25,0,0,0,0,0,0,0,0,0,0,0,0,0.25
0.251,0,0,0,0,0,0,0,0,0,0,0,0,0.251
0.252,0,0,0,0,0,0,0,0,0,0,0,0,0.252
0.253,0,0,0,0,0,0,0,0,0,0,0,0,0.253
0.254,0,0,0,0,0,0,0,0,0,0,0,0,0.254
0.255,0,0,0,0,0,0,0,0,0,0,0,0,0.255
0.256,0,0,0,0,0,0,0,0,0,0,0,0,0.256
0.257,0,0,0,0,0,0,0,0,0,0,0,0,0.257
0.258,0,0,0,0,0,0,0,0,0,0,0,0,0.258
0.259,0,0,0,0,0,0,0,0,0,0,0,0,0.259
0.26,0,0,0,0,0,0,0,0,0,0,0,0,0.26
0.261,0,0,0,0,0,0,0,0,0,0,0,0,0.261
0.262,0,0,0,0,0,0,0,0,0,0,0,0,0.262
0.263,0,0,0,0,0,0,0,0,0,0,0,0,0.263
0.264,0,0,0,0,0,0,0,0,0,0,0,0,0.264
0.265,0,0,0,0,0,0,0,0,0,0,0,0,0.265
0.266,0,0,0,0,0,0,0,0,0,0,0,0,0.266
0.267,0,0,0,0,0,0,0,0,0,0,0,0,0.267
0.268,0,0,0,0,0,0,0,0,0,0,0,0,0.268
0.269,0,0,0,0,0,0,0,0,0,0,0,0,0.269
0.27,0,0,0,0,0,0,0,0,0,0,0,0,0.27
0.271,0,0,0,0,0,0,0,0,0,0,0,0,0.271
0.272,0,0,0,0,0,0,0,0,0,0,0,0,0.272
0.273,0,0,0,0,0,0,0,0,0,0,0,0,0.273
0.274,0,0,0,0,0,0,0,0,0,0,0,0,0.274
0.275,0,0,0,0,0,0,0,0,0,0,0,0,0.275
0.276,0,0,0,0,0,0,0,0,0,0,0,0,0.276
0.277,0,0,0,0,0,0,0,0,0,0,0,0,0.277
0.278,0,0,0,0,0,0,0,0,0,0,0,0,0.278
0.279,0,0,0,0,0,0,0,0,0,0,0,0,0.279
0.28,0,0,0,0,0,0,0,0,0,0,0,0,0.28
0.281,0,0,0,0,0,0,0,0,0,0,0,0,0.281
0.282,0,0,0,0,0,0,0,0,0,0,0,0,0.282
0.283,0,0,0,0,0,0,0,0,0,0,0,0,0.283
0.284,0,0,0,0,0,0,0,0,0,0,0,0,0.284
0.285,0,0,0,0,0,0,0,0,0,0,0,0,0.285
0.286,0,0,0,0,0,0,0,0,0,0,0,0,0.286
0.287,0,0,0,0,0,0,0,0,0,0,0,0,0.287
0.288,0,0,0,0,0,0,0,0,0,0,0,0,0.288
0.289,0,0,0,0,0,0,0,0,0,0,0,0,0.289
0.29,0,0,0,0,0,0,0,0,0,0,0,0,0.29
0.291,0,0,0,0,0,0,0,0,0,0,0,0,0.291
0.292,0,0,0,0,0,0,0,0,0,0,0,0,0.292
0.293,0,0,0,0,0,0,0,0,0,0,0,0,0.293
0.294,0,0,0,0,0,0,0,0,0,0,0,0,0.294
0.295,0,0,0,0,0,0,0,0,0,0,0,0,0.295
0.296,0,0,0,0,0,0,0,0,0,0,0,0,0.296
0.297,0,0,0,0,0,0,0,0,0,0,0,0,0.297
0.298,0,0,0,0,0,0,0,0,0,0,0,0,0.298
0.299,0,0,0,0,0,0,0,0,0,0,0,0,0.299
0.3,0,0,0,0,0,0,0,0,0,0,0,0,0.3
0.301,0,0,0,0,0,0,0,0,0,0,0,0,0.301
0.302,0,0,0,0,0,0,0,0,0,0,0,0,0.302
0.303,0,0,0,0,0,0,0,0,0,0,0,0,0.303
0.304,0,0,0,0,0,0,0,0,0,0,0,0,0.304
0.305,0,0,0,0,0,0,0,0,0,0,0,0,0.305
0.306,0,0,0,0,0,0,0,0,0,0,0,0,0.306
0.307,0,0,0,0,0,0,0,0,0,0,0,0,0.307
0.308,0,0,0,0,0,0,0,0,0,0,0,0,0.308
0.309,0,0,0,0,0,0,0,0,0,0,0,0,0.309
0.31,0,0,0,0,0,0,0,0,0,0,0,0,0.31
0.311,0,0,0,0,0,0,0,0,0,0,0,0,0.311
0.312,0,0,0,0,0,0,0,0,0,0,0,0,0.312
0.313,0,0,0,0,0,0,0,0,0,0,0,0,0.313
0.314,0,0,0,0,0,0,0,0,0,0,0,0,0.314
0.315,0,0,0,0,0,0,0,0,0,0,0,0,0.315
0.316,0,0,0,0,0,0,0,0,0,0,0,0,0.316
0.317,0,0,0,0,0,0,0,0,0,0,0,0,0.317
0.318,0,0,0,0,0,0,0,0,0,0,0,0,0.318
0.319,0,0,0,0,0,0,0,0,0,0,0,0,0.319
0.32,0,0,0,0,0,0,0,0,0,0,0,0,0.32
0.321,0,0,0,0,0,0,0,0,0,0,0,0,0.321
0.322,0,0,0,0,0,0,0,0,0,0,0,0,0.322
0.323,0,0,0,0,0,0,0,0,0,0,0,0,0.323
0.324,0,0,0,0,0,0,0,0,0,0,0,0,0.324
0.325,0,0,0,0,0,0,0,0,0,0,0,0,0.325
0.326,0,0,0,0,0,0,0,0,0,0,0,0,0.326
0.327,0,0,0,0,0,0,0,0,0,0,0,0,0.327
0.328,0,0,0,0,0,0,0,0,0,0,0,0,0.328
0.329,0,0,0,0,0,0,0,0,0,0,0,0,0.329
0.33,0,0,0,0,0,0,0,0,0,0,0,0,0.33
0.331,0,0,0,0,0,0,0,0,0,0,0,0,0.331
0.332,0,0,0,0,0,0,0,0,0,0,0,0,0.332
0.333,0,0,0,0,0,0,0,0,0,0,0,0,0.333
0.334,0,0,0,0,0,0,0,0,0,0,0,0,0.334
0.335,0,0,0,0,0,0,0,0,0,0,0,0,0.335
0.336,0,0,0,0,0,0,0,0,0,0,0,0,0.336
0.337,0,0,0,0,0,0,0,0,0,0,0,0,0.337
0.338,0,0,0,0,0,0,0,0,0,0,0,0,0.338
0.339,0,0,0,0,0,0,0,0,0,0,0,0,0.339
0.34,0,0,0,0,0,0,0,0,0,0,0,0,0.34
0.341,0,0,0,0,0,0,0,0,0,0,0,0,0.341
0.342,0,0,0,0,0,0,0,0,0,0,0,0,0.342
0.343,0,0,0,0,0,0,0,0,0,0,0,0,0.343
0.344,0,0,0,0,0,0,0,0,0,0,0,0,0.344
0.345,0,0,0,0,0,0,0,0,0,0,0,0,0.345
0.346,0,0,0,0,0,0,0,0,0,0,0,0,0.346
0.347,0,0,0,0,0,0,0,0,0,0,0,0,0.347
0.348,0,0,0,0,0,0,0,0,0,0,0,0,0.348
0.349,0,0,0,0,0,0,0,0,0,0,0,0,0.349
0.35,0,0,0,0,0,0,0,0,0,0,0,0,0.35
0.351,0,0,0,0,0,0,0,0,0,0,0,0,0.351
0.352,0,0,0,0,0,0,0,0,0,0,0,0,0.352
0.353,0,0,0,0,0,0,0,0,0,0,0,0,0.353
0.354,0,0,0,0,0,0,0,0,0,0,0,0,0.354
0.355,0,0,0,0,0,0,0,0,0,0,0,0,0.355
0.356,0,0,0,0,0,0,0,0,0,0,0,0,0.356
0.357,0,0,0,0,0,0,0,0,0,0,0,0,0.357
0.358,0,0,0,0,0,0,0,0,0,0,0,0,0.358
0.359,0,0,0,0,0,0,0,0,0,0,0,0,0.359
0.36,0,0,0,0,0,0,0,0,0,0,0,0,0.36
0.361,0,0,0,0,0,0,0,0,0,0,0,0,0.361
0.362,0,0,0,0,0,0,0,0,0,0,0,0,0.362
0.363,0,0,0,0,0,0,0,0,0,0,0,0,0.363
0.364,0,0,0,0,0,0,0,0,0,0,0,0,0.364
0.365,0,0,0,0,0,0,0,0,0,0,0,0,0.365
0.366,0,0,0,0,0,0,0,0,0,0,0,0,0.366
0.367,0,0,0,0,0,0,0,0,0,0,0,0,0.367
0.368,0,0,0,0,0,0,0,0,0,0,0,0,0.368
0.369,0,0,0,0,0,0,0,0,0,0,0,0,0.369
0.37,0,0,0,0,0,0,0,0,0,0,0,0,0.37
0.371,0,0,0,0,0,0,0,0,0,0,0,0,0.371
0.372,0,0,0,0,0,0,0,0,0,0,0,0,0.372
0.373,0,0,0,0,0,0,0,0,0,0,0,0,0.373
0.374,0,0,0,0,0,0,0,0,0,0,0,0,0.374
0.375,0,0,0,0,0,0,0,0,0,0,0,0,0.375
0.376,0,0,0,0,0,0,0,0,0,0,0,0,0.376
0.377,0,0,0,0,0,0,0,0,0,0,0,0,0.377
0.378,0,0,0,0,0,0,0,0,0,0,0,0,0.378
0.379,0,0,0,0,0,0,0,0,0,0,0,0,0.379
0.38,0,0,0,0,0,0,0,0,0,0,0,0,0.38
0.381,0,0,0,0,0,0,0,0,0,0,0,0,0.381
0.382,0,0,0,0,0,0,0,0,0,0,0,0,0.382
0.383,0,0,0,0,0,0,0,0,0,0,0,0,0.383
0.384,0,0,0,0,0,0,0,0,0,0,0,0,0.384
0.385,0,0,0,0,0,0,0,0,0,0,0,0,0.385
0.386,0,0,0,0,0,0,0,0,0,0,0,0,0.386
0.387,0,0,0,0,0,0,0,0,0,0,0,0,0.387
0.388,0,0,0,0,0,0,0,0,0,0,0,0,0.388
0.389,0,0,0,0,0,0,0,0,0,0,0,0,0.389
0.39,0,0,0,0,0,0,0,0,0,0,0,0,0.39
0.391,0,0,0,0,0,0,0,0,0,0,0,0,0.391
0.392,0,0,0,0,0,0,0,0,0,0,0,0,0.392
0.393,0,0,0,0,0,0,0,0,0,0,0,0,0.393
0.394,0,0,0,0,0,0,0,0,0,0,0,0,0.394
0.395,0,0,0,0,0,0,0,0,0,0,0,0,0.395
0.396,0,0,0,0,0,0,0,0,0,0,0,0,0.396
0.397,0,0,0,0,0,0,0,0,0,0,0,0,0.397
0.398,0,0,0,0,0,0,0,0,0,0,0,0,0.398
0.399,0,0,0,0,0,0,0,0,0,0,0,0,0.399
0.4,0,0,0,0,0,0,0,0,0,0,0,0,0.4
0.401,0,0,0,0,0,0,0,0,0,0,0,0,0.401
0.402,0,0,0,0,0,0,0,0,0,0,0,0,0.402
0.403,0,0,0,0,0,0,0,0,0,0,0,0,0.403
0.404,0,0,0,0,0,0,0,0,0,0,0,0,0.404
0.405,0,0,0,0,0,0,0,0,0,0,0,0,0.405
0.406,0,0,0,0,0,0,0,0,0,0,0,0,0.406
0.407,0,0,0,0,0,0,0,0,0,0,0,0,0.407
0.408,0,0,0,0,0,0,0,0,0,0,0,0,0.408
0.409,0,0,0,0,0,0,0,0,0,0,0,0,0.409
0.41,0,0,0,0,0,0,0,0,0,0,0,0,0.41
0.411,0,0,0,0,0,0,0,0,0,0,0,0,0.411
0.412,0,0,0,0,0,0,0,0,0,0,0,0,0.412
0.413,0,0,0,0,0,0,0,0,0,0,0,0,0.413
0.414,0,0,0,0,0,0,0,0,0,0,0,0,0.414
0.415,0,0,0,0,0,0,0,0,0,0,0,0,0.415
0.416,0,0,0,0,0,0,0,0,0,0,0,0,0.416
0.417,0,0,0,0,0,0,0,0,0,0,0,0,0.417
0.418,0,0,0,0,0,0,0,0,0,0,0,0,0.418
0.419,0,0,0,0,0,0,0,0,0,0,0,0,0.419
0.42,0,0,0,0,0,0,0,0,0,0,0,0,0.42
0.421,0,0,0,0,0,0,0,0,0,0,0,0,0.421
0.422,0,0,0,0,0,0,0,0,0,0,0,0,0.422
0.423,0,0,0,0,0,0,0,0,0,0,0,0,0.423
0.424,0,0,0,0,0,0,0,0,0,0,0,0,0.424
0.425,0,0,0,0,0,0,0,0,0,0,0,0,0.425
0.426,0,0,0,0,0,0,0,0,0,0,0,0,0.426
0.427,0,0,0,0,0,0,0,0,0,0,0,0,0.427
0.428,0,0,0,0,0,0,0,0,0,0,0,0,0.428
0.429,0,0,0,0,0,0,0,0,0,0,0,0,0.429
0.43,0,0,0,0,0,0,0,0,0,0,0,0,0.43
0.431,0,0,0,0,0,0,0,0,0,0,0,0,0.431
0.432,0,0,0,0,0,0,0,0,0,0,0,0,0.432
0.433,0,0,0,0,0,0,0,0,0,0,0,0,0.433
0.434,0,0,0,0,0,0,0,0,0,0,0,0,0.434
0.435,0,0,0,0,0,0,0,0,0,0,0,0,0.435
0.436,0,0,0,0,0,0,0,0,0,0,0,0,0.436
0.437,0,0,0,0,0,0,0,0,0,0,0,0,0.437
0.438,0,0,0,0,0,0,0,0,0,0,0,0,0.438
0.439,0,0,0,0,0,0,0,0,0,0,0,0,0.439
0.44,0,0,0,0,0,0,0,0,0,0,0,0,0.44
0.441,0,0,0,0,0,0,0,0,0,0,0,0,0.441
0.442,0,0,0,0,0,0,0,0,0,0,0,0,0.442
0.443,0,0,0,0,0,0,0,0,0,0,0,0,0.443
0.444,0,0,0,0,0,0,0,0,0,0,0,0,0.444
0.445,0,0,0,0,0,0,0,0,0,0,0,0,0.445
0.446,0,0,0,0,0,0,0,0,0,0,0,0,0.446
0.447,0,0,0,0,0,0,0,0,0,0,0,0,0.447
0.448,0,0,0,0,0,0,0,0,0,0,0,0,0.448
0.449,0,0,0,0,0,0,0,0,0,0,0,0,0.449
0.45,0,0,0,0,0,0,0,0,0,0,0,0,0.45
0.451,0,0,0,0,0,0,0,0,0,0,0,0,0.451
0.452,0,0,0,0,0,0,0,0,0,0,0,0,0.452
0.453,0,0,0,0,0,0,0,0,0,0,0,0,0.453
0.454,0,0,0,0,0,0,0,0,0,0,0,0,0.454
0.455,0,0,0,0,0,0,0,0,0,0,0,0,0.455
0.456,0,0,0,0,0,0,0,0,0,0,0,0,0.456
0.457,0,0,0,0,0,0,0,0,0,0,0,0,0.457
0.458,0,0,0,0,0,0,0,0,0,0,0,0,0.458
0.459,0,0,0,0,0,0,0,0,0,0,0,0,0.459
0.46,0,0,0,0,0,0,0,0,0,0,0,0,0.46
0.461,0,0,0,0,0,0,0,0,0,0,0,0,0.461
0.462,0,0,0,0,0,0,0,0,0,0,0,0,0.462
0.463,0,0,0,0,0,0,0,0,0,0,0,0,0.463
0.464,0,0,0,0,0,0,0,0,0,0,0,0,0.464
0.465,0,0,0,0,0,0,0,0,0,0,0,0,0.465
0.466,0,0,0,0,0,0,0,0,0,0,0,0,0.466
0.467,0,0,0,0,0,0,0,0,0,0,0,0,0.467
0.468,0,0,0,0,0,0,0,0,0,0,0,0,0.468
0.469,0,0,0,0,0,0,0,0,0,0,0,0,0.469
0.47,0,0,0,0,0,0,0,0,0,0,0,0,0.47
0.471,0,0,0,0,0,0,0,0,0,0,0,0,0.471
0.472,0,0,0,0,0,0,0,0,0,0,0,0,0.472
0.473,0,0,0,0,0,0,0,0,0,0,0,0,0.473
0.474,0,0,0,0,0,0,0,0,0,0,0,0,0.474
0.475,0,0,0,0,0,0,0,0,0,0,0,0,0.475
0.476,0,0,0,0,0,0,0,0,0,0,0,0,0.476
0.477,0,0,0,0,0,0,0,0,0,0,0,0,0.477
0.478,0,0,0,0,0,0,0,0,0,0,0,0,0.478
0.479,0,0,0,0,0,0,0,0,0,0,0,0,0.479
0.48,0,0,0,0,0,0,0,0,0,0,0,0,0.48
0.481,0,0,0,0,0,0,0,0,0,0,0,0,0.481
0.482,0,0,0,0,0,0,0,0,0,0,0,0,0.482
0.483,0,0,0,0,0,0,0,0,0,0,0,0,0.483
0.484,0,0,0,0,0,0,0,0,0,0,0,0,0.484
0.485,0,0,0,0,0,0,0,0,0,0,0,0,0.485
0.486,0,0,0,0,0,0,0,0,0,0,0,0,0.486
0.487,0,0,0,0,0,0,0,0,0,0,0,0,0.487
0.488,0,0,0,0,0,0,0,0,0,0,0,0,0.488
0.489,0,0,0,0,0,0,0,0,0,0,0,0,0.489
0.49,0,0,0,0,0,0,0,0,0,0,0,0,0.49
0.491,0,0,0,0,0,0,0,0,0,0,0,0,0.491
0.492,0,0,0,0,0,0,0,0,0,0,0,0,0.492
0.493,0,0,0,0,0,0,0,0,0,0,0,0,0.493
0.494,0,0,0,0,0,0,0,0,0,0,0,0,0.494
0.495,0,0,0,0,0,0,0,0,0,0,0,0,0.495
0.496,0,0,0,0,0,0,0,0,0,0,0,0,0.496
0.497,0,0,0,0,0,0,0,0,0,0,0,0,0.497
0.498,0,0,0,0,0,0,0,0,0,0,0,0,0.498
0.499,0,0,0,0,0,0,0,0,0,0,0,0,0.499
0.5,0,0,0,0,0,0,0,0,0,0,0,0,0.5
0.501,0,0,0,0,0,0,0,0,0,0,0,0,0.501
0.502,0,0,0,0,0,0,0,0,0,0,0,0,0.502
0.503,0,0,0,0,0,0,0,0,0,0,0,0,0.503
0.504,0,0,0,0,0,0,0,0,0,0,0,0,0.504
0.505,0,0,0,0,0,0,0,0,0,0,0,0,0.505
0.506,0,0,0,0,0,0,0,0,0,0,0,0,0.506
0.507,0,0,0,0,0,0,0,0,0,0,0,0,0.507
0.508,0,0,0,0,0,0,0,0,0,0,0,0,0.508
0.509,0,0,0,0,0,0,0,0,0,0,0,0,0.509
0.51,0,0,0,0,0,0,0,0,0,0,0,0,0.51
0.511,0,0,0,0,0,0,0,0,0,0,0,0,0.511
0.512,0,0,0,0,0,0,0,0,0,0,0,0,0.512
0.513,0,0,0,0,0,0,0,0,0,0,0,0,0.513
0.514,0,0,0,0,0,0,0,0,0,0,0,0,0.514
0.515,0,0,0,0,0,0,0,0,0,0,0,0,0.515
0.516,0,0,0,0,0,0,0,0,0,0,0,0,0.516
0.517,0,0,0,0,0,0,0,0,0,0,0,0,0.517
0.518,0,0,0,0,0,0,0,0,0,0,0,0,0.518
0.519,0,0,0,0,0,0,0,0,0,0,0,0,0.519
0.52,0,0,0,0,0,0,0,0,0,0,0,0,0.52
0.521,0,0,0,0,0,0,0,0,0,0,0,0,0.521
0.522,0,0,0,0,0,0,0,0,0,0,0,0,0.522
0.523,0,0,0,0,0,0,0,0,0,0,0,0,0.523
0.524,0,0,0,0,0,0,0,0,0,0,0,0,0.524
0.525,0,0,0,0,0,0,0,0,0,0,0,0,0.525
0.526,0,0,0,0,0,0,0,0,0,0,0,0,0.526
0.527,0,0,0,0,0,0,0,0,0,0,0,0,0.527
0.528,0,0,0,0,0,0,0,0,0,0,0,0,0.528
0.529,0,0,0,0,0,0,0,0,0,0,0,0,0.529
0.53,0,0,0,0,0,0,0,0,0,0,0,0,0.53
0.531,0,0,0,0,0,0,0,0,0,0,0,0,0.531
0.532,0,0,0,0,0,0,0,0,0,0,0,0,0.532
0.533,0,0,0,0,0,0,0,0,0,0,0,0,0.533
0.534,0,0,0,0,0,0,0,0,0,0,0,0,0.534
0.535,0,0,0,0,0,0,0,0,0,0,0,0,0.535
0.536,0,0,0,0,0,0,0,0,0,0,0,0,0.536
0.537,0,0,0,0,0,0,0,0,0,0,0,0,0.537
0.538,0.0320191,0,0,0,0,0,0,0,0,0,0,0,0.538
0.539,0.0833669,0,0,0,0,0,0,0,0,0,-15.7062,0,0.539
0.54,0.136515,0,0,0,0,0,0,-0.0157062,0,0,-49.1498,0,0.54
0.541,0.185647,0,0,0,0,0,0,-0.064856,0,0,-92.6751,0,0.541
0.542,0.229637,0,0,0,0,0,0,-0.157531,0,0,-139.252,0,0.542
0.543,0.269054,0,0.00363178,0,0,0,0,-0.296783,0,0,-184.537,0,0.543
0.544,0.303686,0,0.0103473,0,0,0,0,-0.48132,0,-1.36788,-226.368,0.22798,0.544
0.545,0.332625,0,0.0177096,0,0,0,-0.00136597,-0.707688,0.000227988,-4.61589,-263.514,0.769314,0.545
0.546,0.354888,0,0.0249855,0,0,0,-0.00597243,-0.971202,0.000991078,-9.08183,-294.98,1.51364,0.546
0.547,0.369666,0,0.0321667,0,0,0,-0.0150291,-1.26618,0.00247418,-14.1221,-319.824,2.35371,0.547
0.548,0.376266,0,0.0394735,0,0,0,-0.029101,-1.58601,0.00474455,-19.3819,-337.213,3.23056,0.548
0.549,0.374947,0,0.0470021,0,0,0,-0.0483982,-1.92322,0.00780501,-24.7517,-346.433,4.12622,0.549
0.55,0.36986,0,0.05485,0,0,0,-0.0730212,-2.26966,0.0116408,-30.2091,-347.321,5.03732,0.55
0.551,0.363033,0,0.0630464,0,0,0,-0.103048,-2.61698,0.016239,-35.7784,-341.89,5.96838,0.551
0.552,0.355499,0,0.0714218,0,0,0,-0.138582,-2.95889,0.0215981,-41.4832,-332.263,6.92377,0.552
0.553,0.347783,0,0.0799695,0,0,0,-0.179749,-3.29116,0.0277264,-47.2717,-320.12,7.89519,0.553
0.554,0.34015,0,0.0885382,0,7.86791e-05,0,-0.226624,-3.61131,0.0346286,-53.113,-306.64,8.87782,0.554
0.555,0.332732,0,0.0968547,0,0.000365703,0,-0.279253,-3.91798,0.0423088,-58.928,-292.598,9.84164,0.555
0.556,0.325592,0,0.10476,0,0.000834877,0,-0.337605,-4.21062,0.0507439,-64.5623,-278.483,10.7241,0.556
0.557,0.318756,0,0.112,0,0.00147445,0,-0.401499,-4.48916,0.0598515,-69.8778,-264.6,11.4887,0.557
0.558,0.31223,0,0.118339,0,0.00226652,0,-0.47062,-4.75384,0.0695154,-74.7091,-251.134,12.1037,0.558
0.559,0.306011,0,0.123459,0,0.00319766,0,-0.544494,-5.00506,0.0795906,-78.8867,-238.197,12.5433,0.559
0.56,0.300093,0,0.12707,0,0.00423952,0,-0.622481,-5.24337,0.089909,-82.2077,-225.862,12.7781,0.56
0.561,0.294463,0,0.128807,0,0.00534062,0,-0.703741,-5.46936,0.100276,-84.4668,-214.174,12.7831,0.561
0.562,0.28911,0,0.128218,0,0.00644135,0,-0.787236,-5.68367,0.110474,-85.4318,-203.171,12.5359,0.562
0.563,0.284022,0,0.124885,0,0.00748446,0,-0.871698,-5.887,0.120265,-84.8274,-192.887,12.0124,0.563
0.564,0.279186,0,0.118508,0,0.00841608,0,-0.955589,-6.08004,0.12939,-82.3703,-183.357,11.1893,0.564
0.565,0.274592,0,0.110752,0,0.00918499,0,-1.03709,-6.26356,0.137566,-77.8196,-174.606,10.0507,0.565
0.566,0.270226,0,0.102551,0,0.00974343,0,-1.11416,-6.43832,0.144496,-71.6944,-166.554,8.70658,0.566
0.567,0.266078,0,0.0943738,0,0.0100472,0,-1.18523,-6.60501,0.149997,-64.6413,-159.102,7.28698,0.567
0.568,0.262137,0,0.086456,0,0.010062,0,-1.24941,-6.76423,0.154018,-57.1929,-152.158,5.90117,0.568
0.569,0.258393,0,0.0789138,0,0.00994255,0,-1.3063,-6.91648,0.156618,-49.7285,-145.653,4.62964,0.569
0.57,0.254836,0,0.0717998,0,0.00976224,0,-1.35587,-7.0622,0.157936,-42.481,-139.528,3.48609,0.57
0.571,0.251457,0,0.0651428,0,0.00955753,0,-1.39833,-7.20177,0.158121,-35.5857,-133.738,2.46297,0.571
0.572,0.248246,0,0.0589503,0,0.00934633,0,-1.43402,-7.33553,0.157313,-29.1186,-128.247,1.54839,0.572
0.573,0.245196,0,0.0532356,0,0.00913732,0,-1.46335,-7.46378,0.155638,-23.1166,-123.027,0.731151,0.573
0.574,0.242299,0,0.047998,0,0.00893458,0,-1.48678,-7.58678,0.153206,-17.5987,-118.055,0.0030123,0.574
0.575,0.239546,0,0.0432396,0.000246795,0.00873988,0,-1.50479,-7.7048,0.150119,-12.5693,-113.311,-0.642439,0.575
0.576,0.236931,0,0.0389534,0.00231683,0.00855386,0,-1.51785,-7.81806,0.146468,-7.93354,-108.763,-1.2253,0.576
0.577,0.234447,0,0.0351242,0.00504293,0.00837661,0,-1.52634,-7.92675,0.142324,-3.04154,-104.302,-1.85634,0.577
0.578,0.232087,0,0.0317652,0.00789426,0.00820797,0,-1.53003,-8.03096,0.137645,2.01931,-99.9282,-2.52237,0.578
0.579,0.229845,0,0.0288725,0.0106107,0.00804762,0,-1.52874,-8.13079,0.132404,6.99657,-95.6652,-3.182,0.579
0.58,0.227715,0,0.0264223,0.0130793,0.00789522,0,-1.52256,-8.22634,0.126613,11.66,-91.5358,-3.79713,0.58
0.581,0.225692,0,0.0244035,0.015238,0.00775041,0,-1.51181,-8.31774,0.12032,15.8558,-87.5554,-4.3422,0.581
0.582,0.22377,0,0.0228752,0.0169871,0.00761283,0,-1.49692,-8.40515,0.113599,19.4874,-83.732,-4.80101,0.582
0.583,0.221944,0,0.0219161,0.0182233,0.00748211,0,-1.47847,-8.48873,0.106536,22.4487,-80.0678,-5.15577,0.583
0.584,0.220209,0,0.0216089,0.0188461,0.00735793,0,-1.4571,-8.56863,0.0992365,24.6212,-76.5611,-5.38652,0.584
0.585,0.218561,0,0.0218991,0.0188947,0.00723995,0,-1.43358,-8.64503,0.0918222,25.8804,-73.2079,-5.47228,0.585
0.586,0.216995,0,0.0224658,0.0186748,0.00712787,0,-1.40881,-8.71808,0.0844362,26.2031,-70.0034,-5.40896,0.586
0.587,0.215508,0,0.0231497,0.018333,0.00702139,0,-1.3837,-8.78793,0.0772244,25.82,-66.9434,-5.23477,0.587
0.588,0.214094,0,0.0238722,0.0179418,0.00692024,0,-1.35894,-8.85473,0.0702933,24.9752,-64.0235,-4.99013,0.588
0.589,0.212752,0,0.0245949,0.017537,0.00682415,0,-1.33498,-8.91862,0.0637077,23.8598,-61.239,-4.70668,0.589
0.59,0.211477,0,0.0252997,0.0171357,0.00673286,0,-1.31208,-8.97973,0.0575005,22.6064,-58.5846,-4.4062,0.59
0.591,0.210265,0,0.0259783,0.0167462,0.00664613,0,-1.29038,-9.0382,0.0516827,21.2999,-56.0548,-4.1026,0.591
0.592,0.209114,0,0.0266276,0.016372,0.00656374,0,-1.26993,-9.09415,0.0462514,19.9926,-53.6438,-3.80425,0.592
0.593,0.208021,0,0.0272466,0.0160145,0.00648547,0,-1.25074,-9.14769,0.0411956,18.7145,-51.3463,-3.51593,0.593
0.594,0.206982,0,0.0278359,0.0156737,0.00641111,0,-1.23277,-9.19895,0.0365,17.4824,-49.1568,-3.24011,0.594
0.595,0.205996,0,0.0283962,0.0153495,0.00634047,0,-1.21599,-9.24802,0.0321471,16.3046,-47.0701,-2.97789,0.595
0.596,0.205058,0,0.0289288,0.0150413,0.00627337,0,-1.20033,-9.29502,0.0281187,15.1843,-45.0811,-2.72958,0.596
0.597,0.204168,0,0.0294349,0.0147483,0.00620961,0,-1.18575,-9.34003,0.0243964,14.1223,-43.1851,-2.49502,0.597
0.598,0.203322,0,0.0299158,0.0144699,0.00614905,0,-1.17218,-9.38316,0.0209628,13.1174,-41.3776,-2.27381,0.598
0.599,0.202518,0,0.0303727,0.0142054,0.00609151,0,-1.15958,-9.42448,0.0178007,12.1679,-39.6542,-2.0654,0.599
0.6,0.201754,0,0.0308068,0.0139542,0.00603685,0,-1.14789,-9.46409,0.014894,11.2714,-38.0108,-1.86922,0.6
0.601,0.201029,0,0.0312191,0.0137154,0.00598493,0,-1.13705,-9.50205,0.0122274,10.4254,-36.4434,-1.68464,0.601
0.602,0.20034,0,0.0316109,0.0134886,0.0059356,0,-1.12703,-9.53845,0.00978638,9.62755,-34.9484,-1.51107,0.602
0.603,0.199685,0,0.031983,0.0132732,0.00588873,0,-1.11777,-9.57337,0.00755739,8.87533,-33.5222,-1.34792,0.603
0.604,0.199063,0,0.0323366,0.0130685,0.00584421,0,-1.10924,-9.60686,0.00552752,8.16638,-32.1614,-1.19463,0.604
0.605,0.198472,0,0.0326725,0.012874,0.00580192,0,-1.10138,-9.63899,0.00368467,7.49841,-30.863,-1.05067,0.605
0.606,0.197911,0,0.0329916,0.0126893,0.00576174,0,-1.09416,-9.66983,0.00201742,6.86926,-29.6237,-0.915533,0.606
0.607,0.197378,0,0.0332947,0.0125138,0.00572357,0,-1.08754,-9.69943,0.000515026,6.27686,-28.4409,-0.788728,0.607
0.608,0.196871,0,0.0335827,0.0123471,0.00568731,0,-1.08149,-9.72785,-0.000832633,5.71924,-27.3116,-0.669803,0.608
0.609,0.19639,0,0.0338562,0.0121887,0.00565286,0,-1.07597,-9.75514,-0.0020351,5.19454,-26.2334,-0.558325,0.609
0.61,0.195933,0,0.0341161,0.0120382,0.00562013,0,-1.07096,-9.78136,-0.00310136,4.70099,-25.2038,-0.453885,0.61
0.611,0.195499,0,0.034363,0.0118953,0.00558904,0,-1.06642,-9.80655,-0.00403988,4.23693,-24.2204,-0.356096,0.611
0.612,0.195086,0,0.0345976,0.0117595,0.00555951,0,-1.06232,-9.83076,-0.00485866,3.80075,-23.281,-0.264592,0.612
0.613,0.194694,0,0.0348204,0.0116305,0.00553145,0,-1.05864,-9.85403,-0.00556521,3.39097,-22.3835,-0.179027,0.613
0.614,0.194322,0,0.0350321,0.0115079,0.00550479,0,-1.05535,-9.87641,-0.00616663,3.00615,-21.5259,-0.0990727,0.614
0.615,0.193968,0,0.0352332,0.0113915,0.00547947,0,-1.05243,-9.89793,-0.00666961,2.64495,-20.7062,-0.0244193,0.615
0.616,0.193632,0,0.0354243,0.0112809,0.00508144,0,-1.04986,-9.91863,-0.00708046,2.30609,-19.9227,0.0452269,0.616
0.617,0.18835,0,0.0372392,0.00954234,0.00489029,0,-1.04761,-9.93855,-0.00740513,1.95719,-19.1801,0.195265,0.617
0.618,0.185813,0,0.0381467,0.00870746,0.00479472,0,-1.04568,-9.95773,-0.00756294,0.374051,-16.2344,0.547925,0.618
0.619,0.184545,0,0.0386004,0.00829002,0.00474693,0,-1.04526,-9.97397,-0.00730753,-1.15099,-13.3733,0.867991,0.619
0.62,0.183911,0,0.0388273,0.0080813,0.00472304,0,-1.0463,-9.98736,-0.00667407,-2.29324,-11.1553,1.10078,0.62
0.621,0.183594,0,0.0389407,0.00797694,0.0047111,0,-1.04844,-9.99853,-0.00576337,-3.0517,-9.58676,1.25112,0.621
0.622,0.183435,0,0.0389974,0.00792476,0.00470512,0,-1.0513,-10.0081,-0.00467129,-3.51379,-8.522,1.33909,0.622
0.623,0.183356,0,0.0390258,0.00789867,0.00470213,0,-1.0546,-10.0167,-0.00347051,-3.77114,-7.80729,1.38438,0.623
0.624,0.183316,0,0.03904,0.00788563,0.00470064,0,-1.05816,-10.0245,-0.00221086,-3.89567,-7.32161,1.40212,0.624
0.625,0.183296,0,0.0390471,0.00787911,0.0046999,0,-1.06183,-10.0319,-0.000924546,-3.93754,-6.98043,1.4028,0.625
0.626,0.183286,0,0.0390506,0.00787584,0.00469952,0,-1.06554,-10.0389,0.000368421,-3.9296,-6.72836,1.39323,0.626
0.627,0.183281,0,0.0390524,0.00787421,0.00469934,0,-1.06925,-10.0456,0.001656,-3.89247,-6.53057,1.37769,0.627
0.628,0.183279,0,0.0390533,0.0078734,0.00469924,0,-1.07292,-10.0522,0.00293113,-3.83877,-6.36573,1.35881,0.628
0.629,0.183278,0,0.0390537,0.00787299,0.0046992,0,-1.07653,-10.0586,0.00418983,-3.77603,-6.22106,1.33814,0.629
0.63,0.183277,0,0.0390539,0.00787279,0.00469917,0,-1.08009,-10.0648,0.0054299,-3.7087,-6.08899,1.3166,0.63
0.631,0.183277,0,0.0390541,0.00787269,0.00469916,0,-1.08359,-10.0709,0.00665028,-3.63937,-5.96507,1.29475,0.631
0.632,0.183277,0,0.0390541,0.00787263,0.00469915,0,-1.08702,-10.0769,0.00785048,-3.5695,-5.84672,1.27287,0.632
0.633,0.183277,0,0.0390541,0.00787261,0.00469915,0,-1.09038,-10.0828,0.0090304,-3.49993,-5.73244,1.25115,0.633
0.634,0.183277,0,0.0390541,0.0078726,0.00469915,0,-1.09368,-10.0885,0.0101902,-3.43114,-5.62138,1.22969,0.634
0.635,0.183277,0,0.0390542,0.00787259,0.00469915,0,-1.09691,-10.0942,0.0113299,-3.36337,-5.51301,1.20852,0.635
0.636,0.183277,0,0.0390542,0.00787259,0.00469915,0,-1.10008,-10.0997,0.01245,-3.29675,-5.40703,1.18769,0.636
0.637,0.183277,0,0.0390542,0.00787259,0.00469915,0,-1.10318,-10.1051,0.0135508,-3.23134,-5.30326,1.1672,0.637
0.638,0.183277,0,0.0390542,0.00787258,0.00469915,0,-1.10622,-10.1105,0.0146324,-3.16717,-5.20158,1.14706,0.638
0.639,0.183277,0,0.0390542,0.00787258,0.00469915,0,-1.1092,-10.1157,0.0156954,-3.10424,-5.10189,1.12726,0.639
0.64,0.183277,0,0.0390542,0.00787258,0.00469915,0,-1.11212,-10.1208,0.0167399,-3.04254,-5.00414,1.10781,0.64
0.641,0.183277,0,0.0390542,0.00787258,0.00469915,0,-1.11499,-10.1258,0.0177663,-2.98206,-4.90828,1.08869,0.641
0.642,0.183277,0,0.0390542,0.00787258,0.00469915,0,-1.11779,-10.1308,0.018775,-2.92277,-4.81426,1.06991,0.642
0.643,0.183277,0,0.0390542,0.00787258,0.00469915,0,-1.12054,-10.1356,0.0197663,-2.86465,-4.72204,1.05146,0.643
0.644,0.183277,0,0.0390542,0.00787258,0.00469915,0,-1.12323,-10.1403,0.0207404,-2.80768,-4.63158,1.03332,0.644
0.645,0.183277,0,0.0390542,0.00787258,0.00469915,0,-1.12587,-10.145,0.0216977,-2.75185,-4.54286,1.01551,0.645
0.646,0.183277,0,0.0390542,0.00787258,0.00469915,0,-1.12846,-10.1496,0.0226384,-2.69712,-4.45583,0.998003,0.646
0.647,0.183277,0,0.0390542,0.00787258,0.00469915,0,-1.13099,-10.154,0.0235629,-2.64347,-4.37047,0.980804,0.647
0.648,0.183277,0,0.0390542,0.00787258,0.00469915,0,-1.13348,-10.1584,0.0244715,-2.59089,-4.28674,0.963905,0.648
0.649,0.183277,0,0.0390542,0.00787258,0.00469915,0,-1.13591,-10.1627,0.0253644,-2.53935,-4.20461,0.947301,0.649
0.65,0.183277,0,0.0390542,0.00787258,0.00469915,0,-1.13829,-10.167,0.026242,-2.48884,-4.12406,0.930986,0.65
0.651,0.183277,0,0.0390542,0.00787258,0.00469915,0,-1.14063,-10.1711,0.0271044,-2.43933,-4.04504,0.914955,0.651
0.652,0.183277,0,0.0390542,0.00787258,0.00469915,0,-1.14292,-10.1752,0.027952,-2.3908,-3.96754,0.899204,0.652
0.653,0.183277,0,0.0390542,0.00787258,0.00469915,0,-1.14516,-10.1791,0.0287849,-2.34324,-3.89151,0.883727,0.653
0.654,0.183277,0,0.0390542,0.00787258,0.00469915,0,-1.14736,-10.183,0.0296036,-2.29662,-3.81695,0.868518,0.654
0.655,0.183277,0,0.0390542,0.00787258,0.00469915,0,-1.14952,-10.1869,0.0304082,-2.25092,-3.74381,0.853575,0.655
0.656,0.183277,0,0.0390542,0.00787258,0.00469915,0,-1.15163,-10.1906,0.031199,-2.20613,-3.67207,0.838891,0.656
0.657,0.183277,0,0.0390542,0.00787258,0.00469915,0,-1.1537,-10.1943,0.0319761,-2.16224,-3.6017,0.824463,0.657
0.658,0.183277,0,0.0390542,0.00787258,0.00469915,0,-1.15572,-10.1979,0.03274,-2.11921,-3.53268,0.810285,0.658
0.659,0.183277,0,0.0390542,0.00787258,0.00469915,0,-1.15771,-10.2015,0.0334907,-2.07704,-3.46497,0.796353,0.659
0.66,0.183277,0,0.0390542,0.00787258,0.00469915,0,-1.15966,-10.205,0.0342285,-2.0357,-3.39857,0.782663,0.66
0.661,0.183277,0,0.0390542,0.00787258,0.00469915,0,-1.16156,-10.2084,0.0349537,-1.99519,-3.33343,0.769211,0.661
0.662,0.183277,0,0.0390542,0.00787258,0.00469915,0,-1.16343,-10.2117,0.0356665,-1.95548,-3.26955,0.755992,0.662
0.663,0.183277,0,0.0390542,0.00787258,0.00469915,0,-1.16526,-10.215,0.036367,-1.91656,-3.20688,0.743002,0.663
0.664,0.183277,0,0.0390542,0.00787258,0.00469915,0,-1.16706,-10.2182,0.0370556,-1.87841,-3.14542,0.730237,0.664
0.665,0.183277,0,0.0390542,0.00787258,0.00469915,0,-1.16882,-10.2214,0.0377323,-1.84102,-3.08513,0.717694,0.665
0.666,0.183277,0,0.0390542,0.00787258,0.00469915,0,-1.17054,-10.2245,0.0383975,-1.80437,-3.02599,0.705367,0.666
0.667,0.183277,0,0.0390542,0.00787258,0.00469915,0,-1.17223,-10.2275,0.0390513,-1.76845,-2.96799,0.693254,0.667
0.668,0.183277,0,0.0390542,0.00787258,0.00469915,0,-1.17388,-10.2305,0.0396939,-1.73324,-2.9111,0.681351,0.668
0.669,0.183277,0,0.0390542,0.00787258,0.00469915,0,-1.1755,-10.2334,0.0403255,-1.69874,-2.8553,0.669654,0.669
0.67,0.183277,0,0.0390542,0.00787258,0.00469915,0,-1.17709,-10.2363,0.0409463,-1.66492,-2.80056,0.658159,0.67
0.671,0.183277,0,0.0390542,0.00787258,0.00469915,0,-1.17865,-10.2391,0.0415565,-1.63177,-2.74688,0.646863,0.671
0.672,0.183277,0,0.0390542,0.00787258,0.00469915,0,-1.18017,-10.2419,0.0421563,-1.59928,-2.69422,0.635762,0.672
0.673,0.183277,0,0.0390542,0.00787258,0.00469915,0,-1.18167,-10.2446,0.0427458,-1.56743,-2.64257,0.624853,0.673
0.674,0.183277,0,0.0390542,0.00787258,0.00469915,0,-1.18313,-10.2473,0.0433253,-1.53622,-2.59191,0.614133,0.674
0.675,0.183277,0,0.0390542,0.00787258,0.00469915,0,-1.18457,-10.2499,0.0438949,-1.50563,-2.54222,0.603598,0.675
0.676,0.183277,0,0.0390542,0.00787258,0.00469915,0,-1.18597,-10.2524,0.0444547,-1.47565,-2.49348,0.593244,0.676
0.677,0.183277,0,0.0390542,0.00787258,0.00469915,0,-1.18735,-10.2549,0.045005,-1.44626,-2.44567,0.58307,0.677
0.678,0.183277,0,0.0390542,0.00787258,0.00469915,0,-1.1887,-10.2574,0.0455459,-1.41745,-2.39878,0.573071,0.678
0.679,0.183277,0,0.0390542,0.00787258,0.00469915,0,-1.19002,-10.2598,0.0460776,-1.38922,-2.35279,0.563244,0.679
0.68,0.183277,0,0.0390542,0.00787258,0.00469915,0,-1.19132,-10.2621,0.0466002,-1.36155,-2.30768,0.553587,0.68
0.681,0.183277,0,0.0390542,0.00787258,0.00469915,0,-1.19259,-10.2645,0.0471139,-1.33443,-2.26344,0.544097,0.681
0.682,0.183277,0,0.0390542,0.00787258,0.00469915,0,-1.19383,-10.2667,0.0476189,-1.30785,-2.22004,0.53477,0.682
0.683,0.183277,0,0.0390542,0.00787258,0.00469915,0,-1.19505,-10.269,0.0481152,-1.2818,-2.17747,0.525604,0.683
0.684,0.183277,0,0.0390542,0.00787258,0.00469915,0,-1.19625,-10.2712,0.0486031,-1.25626,-2.13572,0.516596,0.684
0.685,0.183277,0,0.0390542,0.00787258,0.00469915,0,-1.19742,-10.2733,0.0490827,-1.23124,-2.09477,0.507743,0.685
0.686,0.183277,0,0.0390542,0.00787258,0.00469915,0,-1.19857,-10.2754,0.0495541,-1.20671,-2.0546,0.499043,0.686
0.687,0.183277,0,0.0390542,0.00787258,0.00469915,0,-1.19969,-10.2775,0.0500175,-1.18267,-2.0152,0.490493,0.687
0.688,0.183277,0,0.0390542,0.00787258,0.00469915,0,-1.20079,-10.2795,0.050473,-1.1591,-1.97656,0.48209,0.688
0.689,0.183277,0,0.0390542,0.00787258,0.00469915,0,-1.20187,-10.2815,0.0509207,-1.13601,-1.93866,0.473831,0.689
0.69,0.183277,0,0.0390542,0.00787258,0.00469915,0,-1.20293,-10.2834,0.0513609,-1.11337,-1.90148,0.465715,0.69
0.691,0.183277,0,0.0390542,0.00787258,0.00469915,0,-1.20396,-10.2853,0.0517935,-1.09118,-1.86502,0.457738,0.691
0.692,0.183277,0,0.0390542,0.00787258,0.00469915,0,-1.20498,-10.2872,0.0522188,-1.06944,-1.82925,0.449899,0.692
0.693,0.183277,0,0.0390542,0.00787258,0.00469915,0,-1.20597,-10.2891,0.0526369,-1.04813,-1.79418,0.442194,0.693
0.694,0.183277,0,0.0390542,0.00787258,0.00469915,0,-1.20695,-10.2909,0.0530478,-1.02724,-1.75977,0.434622,0.694
0.695,0.183277,0,0.0390542,0.00787258,0.00469915,0,-1.2079,-10.2926,0.0534518,-1.00677,-1.72602,0.42718,0.695
0.696,0.183277,0,0.0390542,0.00787258,0.00469915,0,-1.20884,-10.2944,0.0538488,-0.986701,-1.69292,0.419866,0.696
0.697,0.183277,0,0.0390542,0.00787258,0.00469915,0,-1.20976,-10.2961,0.0542392,-0.967035,-1.66045,0.412678,0.697
0.698,0.183277,0,0.0390542,0.00787258,0.00469915,0,-1.21066,-10.2977,0.0546229,-0.94776,-1.62861,0.405614,0.698
0.699,0.183277,0,0.0390542,0.00787258,0.00469915,0,-1.21154,-10.2994,0.0550001,-0.928868,-1.59737,0.398671,0.699
0.7,0.183277,0,0.0390542,0.00787258,0.00469915,0,-1.2124,-10.301,0.0553709,-0.910352,-1.56674,0.391847,0.7
0.701,0.183277,0,0.0390542,0.00787258,0.00469915,0,-1.21324,-10.3025,0.0557353,-0.892204,-1.53669,0.38514,0.701
0.702,0.183277,0,0.0390542,0.00787258,0.00469915,0,-1.21407,-10.3041,0.0560936,-0.874417,-1.50722,0.378549,0.702
0.703,0.183277,0,0.0390542,0.00787258,0.00469915,0,-1.21488,-10.3056,0.0564458,-0.856985,-1.47831,0.37207,0.703
0.704,0.183277,0,0.0390542,0.00787258,0.00469915,0,-1.21568,-10.3071,0.0567921,-0.839899,-1.44996,0.365704,0.704
0.705,0.183277,0,0.0390542,0.00787258,0.00469915,0,-1.21646,-10.3086,0.0571324,-0.823153,-1.42215,0.359446,0.705
0.706,0.183277,0,0.0390542,0.00787258,0.00469915,0,-1.21722,-10.31,0.057467,-0.80674,-1.39487,0.353296,0.706
0.707,0.183277,0,0.0390542,0.00787258,0.00469915,0,-1.21797,-10.3114,0.0577959,-0.790654,-1.36812,0.347251,0.707
0.708,0.183277,0,0.0390542,0.00787258,0.00469915,0,-1.2187,-10.3128,0.0581192,-0.774888,-1.34188,0.34131,0.708
0.709,0.183277,0,0.0390542,0.00787258,0.00469915,0,-1.21942,-10.3141,0.058437,-0.759436,-1.31614,0.335471,0.709
0.71,0.183277,0,0.0390542,0.00787258,0.00469915,0,-1.22012,-10.3154,0.0587495,-0.744291,-1.2909,0.329732,0.71
0.711,0.183277,0,0.0390542,0.00787258,0.00469915,0,-1.22081,-10.3167,0.0590566,-0.729448,-1.26614,0.324092,0.711
0.712,0.183277,0,0.0390542,0.00787258,0.00469915,0,-1.22149,-10.318,0.0593585,-0.7149,-1.24185,0.318548,0.712
0.713,0.183277,0,0.0390542,0.00787258,0.00469915,0,-1.22215,-10.3192,0.0596553,-0.700642,-1.21803,0.3131,0.713
0.714,0.183277,0,0.0390542,0.00787258,0.00469915,0,-1.2228,-10.3205,0.0599471,-0.686667,-1.19467,0.307745,0.714
0.715,0.183277,0,0.0390542,0.00787258,0.00469915,0,-1.22343,-10.3217,0.0602339,-0.672971,-1.17175,0.302482,0.715
0.716,0.183277,0,0.0390542,0.00787258,0.00469915,0,-1.22405,-10.3229,0.0605159,-0.659547,-1.14928,0.297309,0.716
0.717,0.183277,0,0.0390542,0.00787258,0.00469915,0,-1.22466,-10.324,0.0607931,-0.64639,-1.12723,0.292224,0.717
0.718,0.183277,0,0.0390542,0.00787258,0.00469915,0,-1.22526,-10.3251,0.0610655,-0.633496,-1.10561,0.287227,0.718
0.719,0.183277,0,0.0390542,0.00787258,0.00469915,0,-1.22585,-10.3263,0.0613334,-0.620858,-1.0844,0.282316,0.719
0.72,0.183277,0,0.0390542,0.00787258,0.00469915,0,-1.22642,-10.3273,0.0615967,-0.608472,-1.0636,0.277489,0.72
0.721,0.183277,0,0.0390542,0.00787258,0.00469915,0,-1.22698,-10.3284,0.0618556,-0.596332,-1.0432,0.272744,0.721
0.722,0.183277,0,0.0390542,0.00787258,0.00469915,0,-1.22753,-10.3295,0.06211,-0.584434,-1.02319,0.268081,0.722
0.723,0.183277,0,0.0390542,0.00787258,0.00469915,0,-1.22807,-10.3305,0.0623602,-0.572773,-1.00356,0.263497,0.723
0.724,0.183277,0,0.0390542,0.00787258,0.00469915,0,-1.2286,-10.3315,0.0626061,-0.561344,-0.984309,0.258993,0.724
0.725,0.183277,0,0.0390542,0.00787258,0.00469915,0,-1.22912,-10.3325,0.0628478,-0.550143,-0.965428,0.254565,0.725
0.726,0.183277,0,0.0390542,0.00787258,0.00469915,0,-1.22963,-10.3335,0.0630855,-0.539165,-0.946908,0.250213,0.726
0.727,0.183277,0,0.0390542,0.00787258,0.00469915,0,-1.23013,-10.3344,0.0633191,-0.528405,-0.928743,0.245936,0.727
0.728,0.183277,0,0.0390542,0.00787258,0.00469915,0,-1.23061,-10.3353,0.0635488,-0.51786,-0.910927,0.241732,0.728
0.729,0.183277,0,0.0390542,0.00787258,0.00469915,0,-1.23109,-10.3363,0.0637746,-0.507524,-0.893453,0.2376,0.729
0.73,0.183277,0,0.0390542,0.00787258,0.00469915,0,-1.23156,-10.3372,0.0639965,-0.497395,-0.876313,0.233538,0.73
0.731,0.183277,0,0.0390542,0.00787258,0.00469915,0,-1.23202,-10.338,0.0642147,-0.487467,-0.859503,0.229547,0.731
0.732,0.183277,0,0.0390542,0.00787258,0.00469915,0,-1.23246,-10.3389,0.0644292,-0.477737,-0.843015,0.225623,0.732
0.733,0.183277,0,0.0390542,0.00787258,0.00469915,0,-1.2329,-10.3398,0.0646401,-0.468201,-0.826843,0.221767,0.733
0.734,0.183277,0,0.0390542,0.00787258,0.00469915,0,-1.23334,-10.3406,0.0648474,-0.458855,-0.810981,0.217977,0.734
0.735,0.183277,0,0.0390542,0.00787258,0.00469915,0,-1.23376,-10.3414,0.0650511,-0.449695,-0.795423,0.214252,0.735
0.736,0.183277,0,0.0390542,0.00787258,0.00469915,0,-1.23417,-10.3422,0.0652515,-0.440718,-0.780164,0.21059,0.736
0.737,0.183277,0,0.0390542,0.00787258,0.00469915,0,-1.23458,-10.343,0.0654484,-0.431919,-0.765197,0.206991,0.737
0.738,0.183277,0,0.0390542,0.00787258,0.00469915,0,-1.23497,-10.3438,0.065642,-0.423296,-0.750517,0.203454,0.738
0.739,0.183277,0,0.0390542,0.00787258,0.00469915,0,-1.23536,-10.3445,0.0658323,-0.414844,-0.736119,0.199977,0.739
0.74,0.183277,0,0.0390542,0.00787258,0.00469915,0,-1.23574,-10.3452,0.0660194,-0.406561,-0.721998,0.19656,0.74
0.741,0.183277,0,0.0390542,0.00787258,0.00469915,0,-1.23612,-10.346,0.0662034,-0.398443,-0.708147,0.193201,0.741
0.742,0.183277,0,0.0390542,0.00787258,0.00469915,0,-1.23648,-10.3467,0.0663842,-0.390486,-0.694561,0.189899,0.742
0.743,0.183277,0,0.0390542,0.00787258,0.00469915,0,-1.23684,-10.3474,0.0665619,-0.382689,-0.681236,0.186655,0.743
0.744,0.183277,0,0.0390542,0.00787258,0.00469915,0,-1.23719,-10.3481,0.0667367,-0.375046,-0.668167,0.183465,0.744
0.745,0.183277,0,0.0390542,0.00787258,0.00469915,0,-1.23754,-10.3487,0.0669085,-0.367556,-0.655349,0.18033,0.745
0.746,0.183277,0,0.0390542,0.00787258,0.00469915,0,-1.23788,-10.3494,0.0670774,-0.360215,-0.642776,0.177249,0.746
0.747,0.183277,0,0.0390542,0.00787258,0.00469915,0,-1.23821,-10.35,0.0672434,-0.353021,-0.630444,0.174221,0.747
0.748,0.183277,0,0.0390542,0.00787258,0.00469915,0,-1.23853,-10.3507,0.0674066,-0.345969,-0.61835,0.171244,0.748
0.749,0.183277,0,0.0390542,0.00787258,0.00469915,0,-1.23885,-10.3513,0.067567,-0.339059,-0.606487,0.168318,0.749
0.75,0.183277,0,0.0390542,0.00787258,0.00469915,0,-1.23916,-10.3519,0.0677248,-0.332286,-0.594851,0.165443,0.75
0.751,0.183277,0,0.0390542,0.00787258,0.00469915,0,-1.23946,-10.3525,0.0678798,-0.325648,-0.583439,0.162616,0.751
0.752,0.183277,0,0.0390542,0.00787258,0.00469915,0,-1.23976,-10.3531,0.0680323,-0.319142,-0.572246,0.159838,0.752
0.753,0.183277,0,0.0390542,0.00787258,0.00469915,0,-1.24005,-10.3537,0.0681821,-0.312767,-0.561267,0.157107,0.753
0.754,0.183277,0,0.0390542,0.00787258,0.00469915,0,-1.24034,-10.3542,0.0683295,-0.306518,-0.550499,0.154423,0.754
0.755,0.183277,0,0.0390542,0.00787258,0.00469915,0,-1.24062,-10.3548,0.0684743,-0.300394,-0.539937,0.151785,0.755
0.756,0.183277,0,0.0390542,0.00787258,0.00469915,0,-1.24089,-10.3553,0.0686167,-0.294392,-0.529579,0.149192,0.756
0.757,0.183277,0,0.0390542,0.00787258,0.00469915,0,-1.24116,-10.3559,0.0687566,-0.288509,-0.519418,0.146643,0.757
0.758,0.183277,0,0.0390542,0.00787258,0.00469915,0,-1.24143,-10.3564,0.0688942,-0.282744,-0.509453,0.144138,0.758
0.759,0.183277,0,0.0390542,0.00787258,0.00469915,0,-1.24168,-10.3569,0.0690295,-0.277094,-0.499679,0.141676,0.759
0.76,0.183277,0,0.0390542,0.00787258,0.00469915,0,-1.24194,-10.3574,0.0691625,-0.271556,-0.490093,0.139256,0.76
0.761,0.183277,0,0.0390542,0.00787258,0.00469915,0,-1.24219,-10.3579,0.0692932,-0.266129,-0.48069,0.136877,0.761
0.762,0.183277,0,0.0390542,0.00787258,0.00469915,0,-1.24243,-10.3584,0.0694217,-0.26081,-0.471468,0.134539,0.762
0.763,0.183277,0,0.0390542,0.00787258,0.00469915,0,-1.24267,-10.3589,0.0695481,-0.255598,-0.462422,0.13224,0.763
0.764,0.183277,0,0.0390542,0.00787258,0.00469915,0,-1.2429,-10.3593,0.0696723,-0.250489,-0.45355,0.129981,0.764
0.765,0.183277,0,0.0390542,0.00787258,0.00469915,0,-1.24313,-10.3598,0.0697944,-0.245482,-0.444849,0.127761,0.765
0.766,0.183277,0,0.0390542,0.00787258,0.00469915,0,-1.24335,-10.3602,0.0699144,-0.240575,-0.436314,0.125579,0.766
0.767,0.183277,0,0.0390542,0.00787258,0.00469915,0,-1.24357,-10.3607,0.0700324,-0.235765,-0.427943,0.123434,0.767
0.768,0.183277,0,0.0390542,0.00787258,0.00469915,0,-1.24379,-10.3611,0.0701484,-0.231052,-0.419732,0.121325,0.768
0.769,0.183277,0,0.0390542,0.00787258,0.00469915,0,-1.244,-10.3615,0.0702625,-0.226433,-0.411679,0.119253,0.769
0.77,0.183277,0,0.0390542,0.00787258,0.00469915,0,-1.2442,-10.3619,0.0703746,-0.221906,-0.403781,0.117216,0.77
0.771,0.183277,0,0.0390542,0.00787258,0.00469915,0,-1.24441,-10.3623,0.0704848,-0.217469,-0.396034,0.115214,0.771
0.772,0.183277,0,0.0390542,0.00787258,0.00469915,0,-1.2446,-10.3627,0.0705932,-0.213121,-0.388436,0.113246,0.772
0.773,0.183277,0,0.0390542,0.00787258,0.00469915,0,-1.2448,-10.3631,0.0706997,-0.208859,-0.380983,0.111311,0.773
0.774,0.183277,0,0.0390542,0.00787258,0.00469915,0,-1.24499,-10.3635,0.0708044,-0.204683,-0.373674,0.10941,0.774
0.775,0.183277,0,0.0390542,0.00787258,0.00469915,0,-1.24517,-10.3639,0.0709074,-0.200589,-0.366504,0.107541,0.775
0.776,0.183277,0,0.0390542,0.00787258,0.00469915,0,-1.24536,-10.3643,0.0710086,-0.196578,-0.359473,0.105705,0.776
0.777,0.183277,0,0.0390542,0.00787258,0.00469915,0,-1.24554,-10.3646,0.071108,-0.192646,-0.352576,0.103899,0.777
0.778,0.183277,0,0.0390542,0.00787258,0.00469915,0,-1.24571,-10.365,0.0712059,-0.188793,-0.345811,0.102124,0.778
0.779,0.183277,0,0.0390542,0.00787258,0.00469915,0,-1.24588,-10.3653,0.071302,-0.185017,-0.339176,0.10038,0.779
0.78,0.183277,0,0.0390542,0.00787258,0.00469915,0,-1.24605,-10.3657,0.0713965,-0.181316,-0.332669,0.0986656,0.78
0.781,0.183277,0,0.0390542,0.00787258,0.00469915,0,-1.24621,-10.366,0.0714895,-0.177689,-0.326286,0.0969804,0.781
0.782,0.183277,0,0.0390542,0.00787258,0.00469915,0,-1.24638,-10.3663,0.0715808,-0.174135,-0.320026,0.095324,0.782
0.783,0.183277,0,0.0390542,0.00787258,0.00469915,0,-1.24653,-10.3666,0.0716706,-0.170651,-0.313886,0.0936959,0.783
0.784,0.183277,0,0.0390542,0.00787258,0.00469915,0,-1.24669,-10.367,0.0717589,-0.167237,-0.307864,0.0920955,0.784
0.785,0.183277,0,0.0390542,0.00787258,0.00469915,0,-1.24684,-10.3673,0.0718457,-0.163891,-0.301957,0.0905226,0.785
0.786,0.183277,0,0.0390542,0.00787258,0.00469915,0,-1.24699,-10.3676,0.071931,-0.160612,-0.296164,0.0889765,0.786
0.787,0.183277,0,0.0390542,0.00787258,0.00469915,0,-1.24713,-10.3679,0.0720149,-0.157398,-0.290481,0.0874568,0.787
0.788,0.183277,0,0.0390542,0.00787258,0.00469915,0,-1.24728,-10.3682,0.0720974,-0.154249,-0.284908,0.085963,0.788
0.789,0.183277,0,0.0390542,0.00787258,0.00469915,0,-1.24742,-10.3685,0.0721784,-0.151162,-0.279442,0.0844948,0.789
0.79,0.183277,0,0.0390542,0.00787258,0.00469915,0,-1.24755,-10.3687,0.0722581,-0.148137,-0.27408,0.0830517,0.79
0.791,0.183277,0,0.0390542,0.00787258,0.00469915,0,-1.24769,-10.369,0.0723365,-0.145172,-0.268822,0.0816332,0.791
0.792,0.183277,0,0.0390542,0.00787258,0.00469915,0,-1.24782,-10.3693,0.0724135,-0.142267,-0.263664,0.0802389,0.792
0.793,0.183277,0,0.0390542,0.00787258,0.00469915,0,-1.24795,-10.3695,0.0724892,-0.139419,-0.258605,0.0788684,0.793
0.794,0.183277,0,0.0390542,0.00787258,0.00469915,0,-1.24807,-10.3698,0.0725636,-0.136629,-0.253644,0.0775214,0.794
0.795,0.183277,0,0.0390542,0.00787258,0.00469915,0,-1.2482,-10.3701,0.0726368,-0.133894,-0.248777,0.0761974,0.795
0.796,0.183277,0,0.0390542,0.00787258,0.00469915,0,-1.24832,-10.3703,0.0727087,-0.131214,-0.244004,0.0748959,0.796
0.797,0.183277,0,0.0390542,0.00787258,0.00469915,0,-1.24844,-10.3706,0.0727794,-0.128587,-0.239322,0.0736167,0.797
0.798,0.183277,0,0.0390542,0.00787258,0.00469915,0,-1.24855,-10.3708,0.072849,-0.126013,-0.234731,0.0723594,0.798
0.799,0.183277,0,0.0390542,0.00787258,0.00469915,0,-1.24867,-10.371,0.0729173,-0.12349,-0.230227,0.0711235,0.799
0,0.183277,0,0.0390542,0.00787258,0.00469915,0,-1.24878,-10.3713,0.0729845,-0.121017,-0.22581,0.0699087,0.8
