BST,AMR,ALR,AIR,ASR,ASO,AIO,RX,RY,RZ,RXu,RYu,RZu,SST
0,0,0,0,0,0,0,0,0,0,0,0,0,0
0,0,0,0,0,0,0,0,0,0,0,0,0,0
0,0,0,0,0,0,0,0,0,0,0,0,0,0
0.001,0,0,0,0,0,0,0,0,0,0,0,0,0.001
0.002,0,0,0,0,0,0,0,0,0,0,0,0,0.002
0.003,0,0,0,0,0,0,0,0,0,0,0,0,0.003
0.004,0,0,0,0,0,0,0,0,0,0,0,0,0.004
0.005,0,0,0,0,0,0,0,0,0,0,0,0,0.005
0.006,0,0,0,0,0,0,0,0,0,0,0,0,0.006
0.007,0,0,0,0,0,0,0,0,0,0,0,0,0.007
0.008,0,0,0,0,0,0,0,0,0,0,0,0,0.008
0.009,0,0,0,0,0,0,0,0,0,0,0,0,0.009
0.01,0,0,0,0,0,0,0,0,0,0,0,0,0.01
0.011,0,0,0,0,0,0,0,0,0,0,0,0,0.011
0.012,0,0,0,0,0,0,0,0,0,0,0,0,0.012
0.013,0,0,0,0,0,0,0,0,0,0,0,0,0.013
0.014,0,0,0,0,0,0,0,0,0,0,0,0,0.014
0.015,0,0,0,0,0,0,0,0,0,0,0,0,0.015
0.016,0,0,0,0,0,0,0,0,0,0,0,0,0.016
0.017,0,0,0,0,0,0,0,0,0,0,0,0,0.017
0.018,0,0,0,0,0,0,0,0,0,0,0,0,0.018
0.019,0,0,0,0,0,0,0,0,0,0,0,0,0.019
0.02,0,0,0,0,0,0,0,0,0,0,0,0,0.02
0.021,0,0,0,0,0,0,0,0,0,0,0,0,0.021
0.022,0,0,0,0,0,0,0,0,0,0,0,0,0.022
0.023,0,0,0,0,0,0,0,0,0,0,0,0,0.023
0.024,0,0,0,0,0,0,0,0,0,0,0,0,0.024
0.025,0,0,0,0,0,0,0,0,0,0,0,0,0.025
0.026,0,0,0,0,0,0,0,0,0,0,0,0,0.026
0.027,0,0,0,0,0,0,0,0,0,0,0,0,0.027
0.028,0,0,0,0,0,0,0,0,0,0,0,0,0.028
0.029,0,0,0,0,0,0,0,0,0,0,0,0,0.029
0.03,0,0,0,0,0,0,0,0,0,0,0,0,0.03
0.031,0,0,0,0,0,0,0,0,0,0,0,0,0.031
0.032,0,0,0,0,0,0,0,0,0,0,0,0,0.032
0.033,0,0,0,0,0,0,0,0,0,0,0,0,0.033
0.034,0,0,0,0,0,0,0,0,0,0,0,0,0.034
0.035,0,0,0,0,0,0,0,0,0,0,0,0,0.035
0.036,0,0,0,0,0,0,0,0,0,0,0,0,0.036
0.037,0,0,0,0,0,0,0,0,0,0,0,0,0.037
0.038,0,0,0,0,0,0,0,0,0,0,0,0,0.038
0.039,0,0,0,0,0,0,0,0,0,0,0,0,0.039
0.04,0,0,0,0,0,0,0,0,0,0,0,0,0.04
0.041,0,0,0,0,0,0,0,0,0,0,0,0,0.041
0.042,0,0,0,0,0,0,0,0,0,0,0,0,0.042
0.043,0,0,0,0,0,0,0,0,0,0,0,0,0.043
0.044,0,0,0,0,0,0,0,0,0,0,0,0,0.044
0.045,0,0,0,0,0,0,0,0,0,0,0,0,0.045
0.046,0,0,0,0,0,0,0,0,0,0,0,0,0.046
0.047,0,0,0,0,0,0,0,0,0,0,0,0,0.047
0.048,0,0,0,0,0,0,0,0,0,0,0,0,0.048
0.049,0,0,0,0,0,0,0,0,0,0,0,0,0.049
0.05,0,0,0,0,0,0,0,0,0,0,0,0,0.05
0.051,0,0,0,0,0,0,0,0,0,0,0,0,0.051
0.052,0,0,0,0,0,0,0,0,0,0,0,0,0.052
0.053,0,0,0,0,0,0,0,0,0,0,0,0,0.053
0.054,0,0,0,0,0,0,0,0,0,0,0,0,0.054
0.055,0,0,0,0,0,0,0,0,0,0,0,0,0.055
0.056,0,0,0,0,0,0,0,0,0,0,0,0,0.056
0.057,0,0,0,0,0,0,0,0,0,0,0,0,0.057
0.058,0,0,0,0,0,0,0,0,0,0,0,0,0.058
0.059,0,0,0,0,0,0,0,0,0,0,0,0,0.059
0.06,0,0,0,0,0,0,0,0,0,0,0,0,0.06
0.061,0,0,0,0,0,0,0,0,0,0,0,0,0.061
0.062,0,0,0,0,0,0,0,0,0,0,0,0,0.062
0.063,0,0,0,0,0,0,0,0,0,0,0,0,0.063
0.064,0,0,0,0,0,0,0,0,0,0,0,0,0.064
0.065,0,0,0,0,0,0,0,0,0,0,0,0,0.065
0.066,0,0,0,0,0,0,0,0,0,0,0,0,0.066
0.067,0,0,0,0,0,0,0,0,0,0,0,0,0.067
0.068,0,0,0,0,0,0,0,0,0,0,0,0,0.068
0.069,0,0,0,0,0,0,0,0,0,0,0,0,0.069
0.07,0,0,0,0,0,0,0,0,0,0,0,0,0.07
0.071,0,0,0,0,0,0,0,0,0,0,0,0,0.071
0.072,0,0,0,0,0,0,0,0,0,0,0,0,0.072
0.073,0,0,0,0,0,0,0,0,0,0,0,0,0.073
0.074,0,0,0,0,0,0,0,0,0,0,0,0,0.074
0.075,0,0,0,0,0,0,0,0,0,0,0,0,0.075
0.076,0,0,0,0,0,0,0,0,0,0,0,0,0.076
0.077,0,0,0,0,0,0,0,0,0,0,0,0,0.077
0.078,0,0,0,0,0,0,0,0,0,0,0,0,0.078
0.079,0,0,0,0,0,0,0,0,0,0,0,0,0.079
0.08,0,0,0,0,0,0,0,0,0,0,0,0,0.08
0.081,0,0,0,0,0,0,0,0,0,0,0,0,0.081
0.082,0,0,0,0,0,0,0,0,0,0,0,0,0.082
0.083,0,0,0,0,0,0,0,0,0,0,0,0,0.083
0.084,0,0,0,0,0,0,0,0,0,0,0,0,0.084
0.085,0,0,0,0,0,0,0,0,0,0,0,0,0.085
0.086,0,0,0,0,0,0,0,0,0,0,0,0,0.086
0.087,0,0,0,0,0,0,0,0,0,0,0,0,0.087
0.088,0,0,0,0,0,0,0,0,0,0,0,0,0.088
0.089,0,0,0,0,0,0,0,0,0,0,0,0,0.089
0.09,0,0,0,0,0,0,0,0,0,0,0,0,0.09
0.091,0,0,0,0,0,0,0,0,0,0,0,0,0.091
0.092,0,0,0,0,0,0,0,0,0,0,0,0,0.092
0.093,0,0,0,0,0,0,0,0,0,0,0,0,0.093
0.094,0,0,0,0,0,0,0,0,0,0,0,0,0.094
0.095,0,0,0,0,0,0,0,0,0,0,0,0,0.095
0.096,0,0,0,0,0,0,0,0,0,0,0,0,0.096
0.097,0,0,0,0,0,0,0,0,0,0,0,0,0.097
0.098,0,0,0,0,0,0,0,0,0,0,0,0,0.098
0.099,0,0,0,0,0,0,0,0,0,0,0,0,0.099
0.1,0,0,0,0,0,0,0,0,0,0,0,0,0.1
0.101,0,0,0,0,0,0,0,0,0,0,0,0,0.101
0.102,0,0,0,0,0,0,0,0,0,0,0,0,0.102
0.103,0,0,0,0,0,0,0,0,0,0,0,0,0.103
0.104,0,0,0,0,0,0,0,0,0,0,0,0,0.104
0.105,0,0,0,0,0,0,0,0,0,0,0,0,0.105
0.106,0,0,0,0,0,0,0,0,0,0,0,0,0.106
0.107,0,0,0,0,0,0,0,0,0,0,0,0,0.107
0.108,0,0,0,0,0,0,0,0,0,0,0,0,0.108
0.109,0,0,0,0,0,0,0,0,0,0,0,0,0.109
0.11,0,0,0,0,0,0,0,0,0,0,0,0,0.11
0.111,0,0,0,0,0,0,0,0,0,0,0,0,0.111
0.112,0,0,0,0,0,0,0,0,0,0,0,0,0.112
0.113,0,0,0,0,0,0,0,0,0,0,0,0,0.113
0.114,0,0,0,0,0,0,0,0,0,0,0,0,0.114
0.115,0,0,0,0,0,0,0,0,0,0,0,0,0.115
0.116,0,0,0,0,0,0,0,0,0,0,0,0,0.116
0.117,0,0,0,0,0,0,0,0,0,0,0,0,0.117
0.118,0,0,0,0,0,0,0,0,0,0,0,0,0.118
0.119,0,0,0,0,0,0,0,0,0,0,0,0,0.119
0.12,0,0,0,0,0,0,0,0,0,0,0,0,0.12
0.121,0,0,0,0,0,0,0,0,0,0,0,0,0.121
0.122,0,0,0,0,0,0,0,0,0,0,0,0,0.122
0.123,0,0,0,0,0,0,0,0,0,0,0,0,0.123
0.124,0,0,0,0,0,0,0,0,0,0,0,0,0.124
0.125,0,0,0,0,0,0,0,0,0,0,0,0,0.125
0.126,0,0,0,0,0,0,0,0,0,0,0,0,0.126
0.127,0,0,0,0,0,0,0,0,0,0,0,0,0.127
0.128,0,0,0,0,0,0,0,0,0,0,0,0,0.128
0.129,0,0,0,0,0,0,0,0,0,0,0,0,0.129
0.13,0,0,0,0,0,0,0,0,0,0,0,0,0.13
0.131,0,0,0,0,0,0,0,0,0,0,0,0,0.131
0.132,0,0,0,0,0,0,0,0,0,0,0,0,0.132
0.133,0,0,0,0,0,0,0,0,0,0,0,0,0.133
0.134,0,0,0,0,0,0,0,0,0,0,0,0,0.134
0.135,0,0,0,0,0,0,0,0,0,0,0,0,0.135
0.136,0,0,0,0,0,0,0,0,0,0,0,0,0.136
0.137,0,0,0,0,0,0,0,0,0,0,0,0,0.137
0.138,0,0,0,0,0,0,0,0,0,0,0,0,0.138
0.139,0,0,0,0,0,0,0,0,0,0,0,0,0.139
0.14,0,0,0,0,0,0,0,0,0,0,0,0,0.14
0.141,0,0,0,0,0,0,0,0,0,0,0,0,0.141
0.142,0,0,0,0,0,0,0,0,0,0,0,0,0.142
0.143,0,0,0,0,0,0,0,0,0,0,0,0,0.143
0.144,0,0,0,0,0,0,0,0,0,0,0,0,0.144
0.145,0,0,0,0,0,0,0,0,0,0,0,0,0.145
0.146,0,0,0,0,0,0,0,0,0,0,0,0,0.146
0.147,0,0,0,0,0,0,0,0,0,0,0,0,0.147
0.148,0,0,0,0,0,0,0,0,0,0,0,0,0.148
0.149,0,0,0,0,0,0,0,0,0,0,0,0,0.149
0.15,0,0,0,0,0,0,0,0,0,0,0,0,0.15
0.151,0,0,0,0,0,0,0,0,0,0,0,0,0.151
0.152,0,0,0,0,0,0,0,0,0,0,0,0,0.152
0.153,0,0,0,0,0,0,0,0,0,0,0,0,0.153
0.154,0,0,0,0,0,0,0,0,0,0,0,0,0.154
0.155,0,0,0,0,0,0,0,0,0,0,0,0,0.155
0.156,0,0,0,0,0,0,0,0,0,0,0,0,0.156
0.157,0,0,0,0,0,0,0,0,0,0,0,0,0.157
0.158,0,0,0,0,0,0,0,0,0,0,0,0,0.158
0.159,0,0,0,0,0,0,0,0,0,0,0,0,0.159
0.16,0,0,0,0,0,0,0,0,0,0,0,0,0.16
0.161,0,0,0,0,0,0,0,0,0,0,0,0,0.161
0.162,0,0,0,0,0,0,0,0,0,0,0,0,0.162
0.163,0,0,0,0,0,0,0,0,0,0,0,0,0.163
0.164,0,0,0,0,0,0,0,0,0,0,0,0,0.164
0.165,0,0,0,0,0,0,0,0,0,0,0,0,0.165
0.166,0,0,0,0,0,0,0,0,0,0,0,0,0.166
0.167,0,0,0,0,0,0,0,0,0,0,0,0,0.167
0.168,0,0,0,0,0,0,0,0,0,0,0,0,0.168
0.169,0,0,0,0,0,0,0,0,0,0,0,0,0.169
0.17,0,0,0,0,0,0,0,0,0,0,0,0,0.17
0.171,0,0,0,0,0,0,0,0,0,0,0,0,0.171
0.172,0,0,0,0,0,0,0,0,0,0,0,0,0.172
0.173,0,0,0,0,0,0,0,0,0,0,0,0,0.173
0.174,0,0,0,0,0,0,0,0,0,0,0,0,0.174
0.175,0,0,0,0,0,0,0,0,0,0,0,0,0.175
0.176,0,0,0,0,0,0,0,0,0,0,0,0,0.176
0.177,0,0,0,0,0,0,0,0,0,0,0,0,0.177
0.178,0,0,0,0,0,0,0,0,0,0,0,0,0.178
0.179,0,0,0,0,0,0,0,0,0,0,0,0,0.179
0.18,0,0,0,0,0,0,0,0,0,0,0,0,0.18
0.181,0,0,0,0,0,0,0,0,0,0,0,0,0.181
0.182,0,0,0,0,0,0,0,0,0,0,0,0,0.182
0.183,0,0,0,0,0,0,0,0,0,0,0,0,0.183
0.184,0,0,0,0,0,0,0,0,0,0,0,0,0.184
0.185,0,0,0,0,0,0,0,0,0,0,0,0,0.185
0.186,0,0,0,0,0,0,0,0,0,0,0,0,0.186
0.187,0,0,0,0,0,0,0,0,0,0,0,0,0.187
0.188,0,0,0,0,0,0,0,0,0,0,0,0,0.188
0.189,0,0,0,0,0,0,0,0,0,0,0,0,0.189
0.19,0,0,0,0,0,0,0,0,0,0,0,0,0.19
0.191,0,0,0,0,0,0,0,0,0,0,0,0,0.191
0.192,0,0,0,0,0,0,0,0,0,0,0,0,0.192
0.193,0,0,0,0,0,0,0,0,0,0,0,0,0.193
0.194,0,0,0,0,0,0,0,0,0,0,0,0,0.194
0.195,0,0,0,0,0,0,0,0,0,0,0,0,0.195
0.196,0,0,0,0,0,0,0,0,0,0,0,0,0.196
0.197,0,0,0,0,0,0,0,0,0,0,0,0,0.197
0.198,0,0,0,0,0,0,0,0,0,0,0,0,0.198
0.199,0,0,0,0,0,0,0,0,0,0,0,0,0.199
0.2,0,0,0,0,0,0,0,0,0,0,0,0,0.2
0.201,0,0,0,0,0,0,0,0,0,0,0,0,0.201
0.202,0,0,0,0,0,0,0,0,0,0,0,0,0.202
0.203,0,0,0,0,0,0,0,0,0,0,0,0,0.203
0.204,0,0,0,0,0,0,0,0,0,0,0,0,0.204
0.205,0,0,0,0,0,0,0,0,0,0,0,0,0.205
0.206,0,0,0,0,0,0,0,0,0,0,0,0,0.206
0.207,0,0,0,0,0,0,0,0,0,0,0,0,0.207
0.208,0,0,0,0,0,0,0,0,0,0,0,0,0.208
0.209,0,0,0,0,0,0,0,0,0,0,0,0,0.209
0.21,0,0,0,0,0,0,0,0,0,0,0,0,0.21
0.211,0,0,0,0,0,0,0,0,0,0,0,0,0.211
0.212,0,0,0,0,0,0,0,0,0,0,0,0,0.212
0.213,0,0,0,0,0,0,0,0,0,0,0,0,0.213
0.214,0,0,0,0,0,0,0,0,0,0,0,0,0.214
0.215,0,0,0,0,0,0,0,0,0,0,0,0,0.215
0.216,0,0,0,0,0,0,0,0,0,0,0,0,0.216
0.217,0,0,0,0,0,0,0,0,0,0,0,0,0.217
0.218,0,0,0,0,0,0,0,0,0,0,0,0,0.218
0.219,0,0,0,0,0,0,0,0,0,0,0,0,0.219
0.22,0,0,0,0,0,0,0,0,0,0,0,0,0.22
0.221,0,0,0,0,0,0,0,0,0,0,0,0,0.221
0.222,0,0,0,0,0,0,0,0,0,0,0,0,0.222
0.223,0,0,0,0,0,0,0,0,0,0,0,0,0.223
0.224,0,0,0,0,0,0,0,0,0,0,0,0,0.224
0.225,0,0,0,0,0,0,0,0,0,0,0,0,0.225
0.226,0,0,0,0,0,0,0,0,0,0,0,0,0.226
0.227,0,0,0,0,0,0,0,0,0,0,0,0,0.227
0.228,0,0,0,0,0,0,0,0,0,0,0,0,0.228
0.229,0,0,0,0,0,0,0,0,0,0,0,0,0.229
0.23,0,0,0,0,0,0,0,0,0,0,0,0,0.23
0.231,0,0,0,0,0,0,0,0,0,0,0,0,0.231
0.232,0,0,0,0,0,0,0,0,0,0,0,0,0.232
0.233,0,0,0,0,0,0,0,0,0,0,0,0,0.233
0.234,0,0,0,0,0,0,0,0,0,0,0,0,0.234
0.235,0,0,0,0,0,0,0,0,0,0,0,0,0.235
0.236,0,0,0,0,0,0,0,0,0,0,0,0,0.236
0.237,0,0,0,0,0,0,0,0,0,0,0,0,0.237
0.238,0,0,0,0,0,0,0,0,0,0,0,0,0.238
0.239,0,0,0,0,0,0,0,0,0,0,0,0,0.239
0.24,0,0,0,0,0,0,0,0,0,0,0,0,0.24
0.241,0,0,0,0,0,0,0,0,0,0,0,0,0.241
0.242,0,0,0,0,0,0,0,0,0,0,0,0,0.242
0.243,0,0,0,0,0,0,0,0,0,0,0,0,0.243
0.244,0,0,0,0,0,0,0,0,0,0,0,0,0.244
0.245,0,0,0,0,0,0,0,0,0,0,0,0,0.245
0.246,0,0,0,0,0,0,0,0,0,0,0,0,0.246
0.247,0,0,0,0,0,0,0,0,0,0,0,0,0.247
0.248,0,0,0,0,0,0,0,0,0,0,0,0,0.248
0.249,0,0,0,0,0,0,0,0,0,0,0,0,0.249
0.25,0,0,0,0,0,0,0,0,0,0,0,0,0.25
0.251,0,0,0,0,0,0,0,0,0,0,0,0,0.251
0.252,0,0,0,0,0,0,0,0,0,0,0,0,0.252
0.253,0,0,0,0,0,0,0,0,0,0,0,0,0.253
0.254,0,0,0,0,0,0,0,0,0,0,0,0,0.254
0.255,0,0,0,0,0,0,0,0,0,0,0,0,0.255
0.256,0,0,0,0,0,0,0,0,0,0,0,0,0.256
0.257,0,0,0,0,0,0,0,0,0,0,0,0,0.257
0.258,0,0,0,0,0,0,0,0,0,0,0,0,0.258
0.259,0,0,0,0,0,0,0,0,0,0,0,0,0.259
0.26,0,0,0,0,0,0,0,0,0,0,0,0,0.26
0.261,0,0,0,0,0,0,0,0,0,0,0,0,0.261
0.262,0,0,0,0,0,0,0,0,0,0,0,0,0.262
0.263,0,0,0,0,0,0,0,0,0,0,0,0,0.263
0.264,0,0,0,0,0,0,0,0,0,0,0,0,0.264
0.265,0,0,0,0,0,0,0,0,0,0,0,0,0.265
0.266,0,0,0,0,0,0,0,0,0,0,0,0,0.266
0.267,0,0,0,0,0,0,0,0,0,0,0,0,0.267
0.268,0,0,0,0,0,0,0,0,0,0,0,0,0.268
0.269,0,0,0,0,0,0,0,0,0,0,0,0,0.269
0.27,0,0,0,0,0,0,0,0,0,0,0,0,0.27
0.271,0,0,0,0,0,0,0,0,0,0,0,0,0.271
0.272,0,0,0,0,0,0,0,0,0,0,0,0,0.272
0.273,0,0,0,0,0,0,0,0,0,0,0,0,0.273
0.274,0,0,0,0,0,0,0,0,0,0,0,0,0.274
0.275,0,0,0,0,0,0,0,0,0,0,0,0,0.275
0.276,0,0,0,0,0,0,0,0,0,0,0,0,0.276
0.277,0,0,0,0,0,0,0,0,0,0,0,0,0.277
0.278,0,0,0,0,0,0,0,0,0,0,0,0,0.278
0.279,0,0,0,0,0,0,0,0,0,0,0,0,0.279
0.28,0,0,0,0,0,0,0,0,0,0,0,0,0.28
0.281,0,0,0,0,0,0,0,0,0,0,0,0,0.281
0.282,0,0,0,0,0,0,0,0,0,0,0,0,0.282
0.283,0,0,0,0,0,0,0,0,0,0,0,0,0.283
0.284,0,0,0,0,0,0,0,0,0,0,0,0,0.284
0.285,0,0,0,0,0,0,0,0,0,0,0,0,0.285
0.286,0,0,0,0,0,0,0,0,0,0,0,0,0.286
0.287,0,0,0,0,0,0,0,0,0,0,0,0,0.287
0.288,0,0,0,0,0,0,0,0,0,0,0,0,0.288
0.289,0,0,0,0,0,0,0,0,0,0,0,0,0.289
0.29,0,0,0,0,0,0,0,0,0,0,0,0,0.29
0.291,0,0,0,0,0,0,0,0,0,0,0,0,0.291
0.292,0,0,0,0,0,0,0,0,0,0,0,0,0.292
0.293,0,0,0,0,0,0,0,0,0,0,0,0,0.293
0.294,0,0,0,0,0,0,0,0,0,0,0,0,0.294
0.295,0,0,0,0,0,0,0,0,0,0,0,0,0.295
0.296,0,0,0,0,0,0,0,0,0,0,0,0,0.296
0.297,0,0,0,0,0,0,0,0,0,0,0,0,0.297
0.298,0,0,0,0,0,0,0,0,0,0,0,0,0.298
0.299,0,0,0,0,0,0,0,0,0,0,0,0,0.299
0.3,0,0,0,0,0,0,0,0,0,0,0,0,0.3
0.301,0,0,0,0,0,0,0,0,0,0,0,0,0.301
0.302,0,0,0,0,0,0,0,0,0,0,0,0,0.302
0.303,0,0,0,0,0,0,0,0,0,0,0,0,0.303
0.304,0,0,0,0,0,0,0,0,0,0,0,0,0.304
0.305,0,0,0,0,0,0,0,0,0,0,0,0,0.305
0.306,0,0,0,0,0,0,0,0,0,0,0,0,0.306
0.307,0,0,0,0,0,0,0,0,0,0,0,0,0.307
0.308,0,0,0,0,0,0,0,0,0,0,0,0,0.308
0.309,0,0,0,0,0,0,0,0,0,0,0,0,0.309
0.31,0,0,0,0,0,0,0,0,0,0,0,0,0.31
0.311,0,0,0,0,0,0,0,0,0,0,0,0,0.311
0.312,0,0,0,0,0,0,0,0,0,0,0,0,0.312
0.313,0,0,0,0,0,0,0,0,0,0,0,0,0.313
0.314,0,0,0,0,0,0,0,0,0,0,0,0,0.314
0.315,0,0,0,0,0,0,0,0,0,0,0,0,0.315
0.316,0,0,0,0,0,0,0,0,0,0,0,0,0.316
0.317,0,0,0,0,0,0,0,0,0,0,0,0,0.317
0.318,0,0,0,0,0,0,0,0,0,0,0,0,0.318
0.319,0,0,0,0,0,0,0,0,0,0,0,0,0.319
0.32,0,0,0,0,0,0,0,0,0,0,0,0,0.32
0.321,0,0,0,0,0,0,0,0,0,0,0,0,0.321
0.322,0,0,0,0,0,0,0,0,0,0,0,0,0.322
0.323,0,0,0,0,0,0,0,0,0,0,0,0,0.323
0.324,0,0,0,0,0,0,0,0,0,0,0,0,0.324
0.325,0,0,0,0,0,0,0,0,0,0,0,0,0.325
0.326,0,0,0,0,0,0,0,0,0,0,0,0,0.326
0.327,0,0,0,0,0,0,0,0,0,0,0,0,0.327
0.328,0,0,0,0,0,0,0,0,0,0,0,0,0.328
0.329,0,0,0,0,0,0,0,0,0,0,0,0,0.329
0.33,0,0,0,0,0,0,0,0,0,0,0,0,0.33
0.331,0,0,0,0,0,0,0,0,0,0,0,0,0.331
0.332,0,0,0,0,0,0,0,0,0,0,0,0,0.332
0.333,0,0,0,0,0,0,0,0,0,0,0,0,0.333
0.334,0,0,0,0,0,0,0,0,0,0,0,0,0.334
0.335,0,0,0,0,0,0,0,0,0,0,0,0,0.335
0.336,0,0,0,0,0,0,0,0,0,0,0,0,0.336
0.337,0,0,0,0,0,0,0,0,0,0,0,0,0.337
0.338,0,0,0,0,0,0,0,0,0,0,0,0,0.338
0.339,0,0,0,0,0,0,0,0,0,0,0,0,0.339
0.34,0,0,0,0,0,0,0,0,0,0,0,0,0.34
0.341,0,0,0,0,0,0,0,0,0,0,0,0,0.341
0.342,0,0,0,0,0,0,0,0,0,0,0,0,0.342
0.343,0,0,0,0,0,0,0,0,0,0,0,0,0.343
0.344,0,0,0,0,0,0,0,0,0,0,0,0,0.344
0.345,0,0,0,0,0,0,0,0,0,0,0,0,0.345
0.346,0,0,0,0,0,0,0,0,0,0,0,0,0.346
0.347,0,0,0,0,0,0,0,0,0,0,0,0,0.347
0.348,0,0,0,0,0,0,0,0,0,0,0,0,0.348
0.349,0,0,0,0,0,0,0,0,0,0,0,0,0.349
0.35,0,0,0,0,0,0,0,0,0,0,0,0,0.35
0.351,0,0,0,0,0,0,0,0,0,0,0,0,0.351
0.352,0,0,0,0,0,0,0,0,0,0,0,0,0.352
0.353,0,0,0,0,0,0,0,0,0,0,0,0,0.353
0.354,0,0,0,0,0,0,0,0,0,0,0,0,0.354
0.355,0,0,0,0,0,0,0,0,0,0,0,0,0.355
0.356,0,0,0,0,0,0,0,0,0,0,0,0,0.356
0.357,0,0,0,0,0,0,0,0,0,0,0,0,0.357
0.358,0,0,0,0,0,0,0,0,0,0,0,0,0.358
0.359,0,0,0,0,0,0,0,0,0,0,0,0,0.359
0.36,0,0,0,0,0,0,0,0,0,0,0,0,0.36
0.361,0,0,0,0,0,0,0,0,0,0,0,0,0.361
0.362,0,0,0,0,0,0,0,0,0,0,0,0,0.362
0.363,0,0,0,0,0,0,0,0,0,0,0,0,0.363
0.364,0,0,0,0,0,0,0,0,0,0,0,0,0.364
0.365,0,0,0,0,0,0,0,0,0,0,0,0,0.365
0.366,0,0,0,0,0,0,0,0,0,0,0,0,0.366
0.367,0,0,0,0,0,0,0,0,0,0,0,0,0.367
0.368,0,0,0,0,0,0,0,0,0,0,0,0,0.368
0.369,0,0,0,0,0,0,0,0,0,0,0,0,0.369
0.37,0,0,0,0,0,0,0,0,0,0,0,0,0.37
0.371,0,0,0,0,0,0,0,0,0,0,0,0,0.371
0.372,0,0,0,0,0,0,0,0,0,0,0,0,0.372
0.373,0,0,0,0,0,0,0,0,0,0,0,0,0.373
0.374,0,0,0,0,0,0,0,0,0,0,0,0,0.374
0.375,0,0,0,0,0,0,0,0,0,0,0,0,0.375
0.376,0,0,0,0,0,0,0,0,0,0,0,0,0.376
0.377,0,0,0,0,0,0,0,0,0,0,0,0,0.377
0.378,0,0,0,0,0,0,0,0,0,0,0,0,0.378
0.379,0,0,0,0,0,0,0,0,0,0,0,0,0.379
0.38,0,0,0,0,0,0,0,0,0,0,0,0,0.38
0.381,0,0,0,0,0,0,0,0,0,0,0,0,0.381
0.382,0,0,0,0,0,0,0,0,0,0,0,0,0.382
0.383,0,0,0,0,0,0,0,0,0,0,0,0,0.383
0.384,0,0,0,0,0,0,0,0,0,0,0,0,0.384
0.385,0,0,0,0,0,0,0,0,0,0,0,0,0.385
0.386,0,0,0,0,0,0,0,0,0,0,0,0,0.386
0.387,0,0,0,0,0,0,0,0,0,0,0,0,0.387
0.388,0,0,0,0,0,0,0,0,0,0,0,0,0.388
0.389,0,0,0,0,0,0,0,0,0,0,0,0,0.389
0.39,0,0,0,0,0,0,0,0,0,0,0,0,0.39
0.391,0,0,0,0,0,0,0,0,0,0,0,0,0.391
0.392,0,0,0,0,0,0,0,0,0,0,0,0,0.392
0.393,0,0,0,0,0,0,0,0,0,0,0,0,0.393
0.394,0,0,0,0,0,0,0,0,0,0,0,0,0.394
0.395,0,0,0,0,0,0,0,0,0,0,0,0,0.395
0.396,0,0,0,0,0,0,0,0,0,0,0,0,0.396
0.397,0,0,0,0,0,0,0,0,0,0,0,0,0.397
0.398,0,0,0,0,0,0,0,0,0,0,0,0,0.398
0.399,0,0,0,0,0,0,0,0,0,0,0,0,0.399
0.4,0,0,0,0,0,0,0,0,0,0,0,0,0.4
0.401,0,0,0,0,0,0,0,0,0,0,0,0,0.401
0.402,0,0,0,0,0,0,0,0,0,0,0,0,0.402
0.403,0,0,0,0,0,0,0,0,0,0,0,0,0.403
0.404,0,0,0,0,0,0,0,0,0,0,0,0,0.404
0.405,0,0,0,0,0,0,0,0,0,0,0,0,0.405
0.406,0,0,0,0,0,0,0,0,0,0,0,0,0.406
0.407,0,0,0,0,0,0,0,0,0,0,0,0,0.407
0.408,0,0,0,0,0,0,0,0,0,0,0,0,0.408
0.409,0,0,0,0,0,0,0,0,0,0,0,0,0.409
0.41,0,0,0,0,0,0,0,0,0,0,0,0,0.41
0.411,0,0,0,0,0,0,0,0,0,0,0,0,0.411
0.412,0,0,0,0,0,0,0,0,0,0,0,0,0.412
0.413,0,0,0,0,0,0,0,0,0,0,0,0,0.413
0.414,0,0,0,0,0,0,0,0,0,0,0,0,0.414
0.415,0,0,0,0,0,0,0,0,0,0,0,0,0.415
0.416,0,0,0,0,0,0,0,0,0,0,0,0,0.416
0.417,0,0,0,0,0,0,0,0,0,0,0,0,0.417
0.418,0,0,0,0,0,0,0,0,0,0,0,0,0.418
0.419,0,0,0,0,0,0,0,0,0,0,0,0,0.419
0.42,0,0,0,0,0,0,0,0,0,0,0,0,0.42
0.421,0,0,0,0,0,0,0,0,0,0,0,0,0.421
0.422,0,0,0,0,0,0,0,0,0,0,0,0,0.422
0.423,0,0,0,0,0,0,0,0,0,0,0,0,0.423
0.424,0,0,0,0,0,0,0,0,0,0,0,0,0.424
0.425,0,0,0,0,0,0,0,0,0,0,0,0,0.425
0.426,0,0,0,0,0,0,0,0,0,0,0,0,0.426
0.427,0,0,0,0,0,0,0,0,0,0,0,0,0.427
0.428,0,0,0,0,0,0,0,0,0,0,0,0,0.428
0.429,0,0,0,0,0,0,0,0,0,0,0,0,0.429
0.43,0,0,0,0,0,0,0,0,0,0,0,0,0.43
0.431,0,0,0,0,0,0,0,0,0,0,0,0,0.431
0.432,0,0,0,0,0,0,0,0,0,0,0,0,0.432
0.433,0,0,0,0,0,0,0,0,0,0,0,0,0.433
0.434,0,0,0,0,0,0,0,0,0,0,0,0,0.434
0.435,0,0,0,0,0,0,0,0,0,0,0,0,0.435
0.436,0,0,0,0,0,0,0,0,0,0,0,0,0.436
0.437,0,0,0,0,0,0,0,0,0,0,0,0,0.437
0.438,0,0,0,0,0,0,0,0,0,0,0,0,0.438
0.439,0,0,0,0,0,0,0,0,0,0,0,0,0.439
0.44,0,0,0,0,0,0,0,0,0,0,0,0,0.44
0.441,0,0,0,0,0,0,0,0,0,0,0,0,0.441
0.442,0,0,0,0,0,0,0,0,0,0,0,0,0.442
0.443,0,0,0,0,0,0,0,0,0,0,0,0,0.443
0.444,0,0,0,0,0,0,0,0,0,0,0,0,0.444
0.445,0,0,0,0,0,0,0,0,0,0,0,0,0.445
0.446,0,0,0,0,0,0,0,0,0,0,0,0,0.446
0.447,0,0,0,0,0,0,0,0,0,0,0,0,0.447
0.448,0,0,0,0,0,0,0,0,0,0,0,0,0.448
0.449,0,0,0,0,0,0,0,0,0,0,0,0,0.449
0.45,0,0,0,0,0,0,0,0,0,0,0,0,0.45
0.451,0,0,0,0,0,0,0,0,0,0,0,0,0.451
0.452,0,0,0,0,0,0,0,0,0,0,0,0,0.452
0.453,0,0,0,0,0,0,0,0,0,0,0,0,0.453
0.454,0,0,0,0,0,0,0,0,0,0,0,0,0.454
0.455,0,0,0,0,0,0,0,0,0,0,0,0,0.455
0.456,0,0,0,0,0,0,0,0,0,0,0,0,0.456
0.457,0,0,0,0,0,0,0,0,0,0,0,0,0.457
0.458,0,0,0,0,0,0,0,0,0,0,0,0,0.458
0.459,0,0,0,0,0,0,0,0,0,0,0,0,0.459
0.46,0,0,0,0,0,0,0,0,0,0,0,0,0.46
0.461,0,0,0,0,0,0,0,0,0,0,0,0,0.461
0.462,0,0,0,0,0,0,0,0,0,0,0,0,0.462
0.463,0,0,0,0,0,0,0,0,0,0,0,0,0.463
0.464,0,0,0,0,0,0,0,0,0,0,0,0,0.464
0.465,0,0,0,0,0,0,0,0,0,0,0,0,0.465
0.466,0,0,0,0,0,0,0,0,0,0,0,0,0.466
0.467,0,0,0,0,0,0,0,0,0,0,0,0,0.467
0.468,0,0,0,0,0,0,0,0,0,0,0,0,0.468
0.469,0,0,0,0,0,0,0,0,0,0,0,0,0.469
0.47,0,0,0,0,0,0,0,0,0,0,0,0,0.47
0.471,0,0,0,0,0,0,0,0,0,0,0,0,0.471
0.472,0,0,0,0,0,0,0,0,0,0,0,0,0.472
0.473,0,0,0,0,0,0,0,0,0,0,0,0,0.473
0.474,0,0,0,0,0,0,0,0,0,0,0,0,0.474
0.475,0,0,0,0,0,0,0,0,0,0,0,0,0.475
0.476,0,0,0,0,0,0,0,0,0,0,0,0,0.476
0.477,0,0,0,0,0,0,0,0,0,0,0,0,0.477
0.478,0,0,0,0,0,0,0,0,0,0,0,0,0.478
0.479,0,0,0,0,0,0,0,0,0,0,0,0,0.479
0.48,0,0,0,0,0,0,0,0,0,0,0,0,0.48
0.481,0,0,0,0,0,0,0,0,0,0,0,0,0.481
0.482,0,0,0,0,0,0,0,0,0,0,0,0,0.482
0.483,0,0,0,0,0,0,0,0,0,0,0,0,0.483
0.484,0,0,0,0,0,0,0,0,0,0,0,0,0.484
0.485,0,0,0,0,0,0,0,0,0,0,0,0,0.485
0.486,0,0,0,0,0,0,0,0,0,0,0,0,0.486
0.487,0,0,0,0,0,0,0,0,0,0,0,0,0.487
0.488,0,0,0,0,0,0,0,0,0,0,0,0,0.488
0.489,0,0,0,0,0,0,0,0,0,0,0,0,0.489
0.49,0,0,0,0,0,0,0,0,0,0,0,0,0.49
0.491,0,0,0,0,0,0,0,0,0,0,0,0,0.491
0.492,0,0,0,0,0,0,0,0,0,0,0,0,0.492
0.493,0,0,0,0,0,0,0,0,0,0,0,0,0.493
0.494,0,0,0,0,0,0,0,0,0,0,0,0,0.494
0.495,0,0,0,0,0,0,0,0,0,0,0,0,0.495
0.496,0,0,0,0,0,0,0,0,0,0,0,0,0.496
0.497,0,0,0,0,0,0,0,0,0,0,0,0,0.497
0.498,0,0,0,0,0,0,0,0,0,0,0,0,0.498
0.499,0,0,0,0,0,0,0,0,0,0,0,0,0.499
0.5,0,0,0,0,0,0,0,0,0,0,0,0,0.5
0.501,0,0,0,0,0,0,0,0,0,0,0,0,0.501
0.502,0,0,0,0,0,0,0,0,0,0,0,0,0.502
0.503,0,0,0,0,0,0,0,0,0,0,0,0,0.503
0.504,0,0,0,0,0,0,0,0,0,0,0,0,0.504
0.505,0,0,0,0,0,0,0,0,0,0,0,0,0.505
0.506,0,0,0,0,0,0,0,0,0,0,0,0,0.506
0.507,0,0,0,0,0,0,0,0,0,0,0,0,0.507
0.508,0,0,0,0,0,0,0,0,0,0,0,0,0.508
0.509,0,0,0,0,0,0,0,0,0,0,0,0,0.509
0.51,0,0,0,0,0,0,0,0,0,0,0,0,0.51
0.511,0,0,0,0,0,0,0,0,0,0,0,0,0.511
0.512,0,0,0,0,0,0,0,0,0,0,0,0,0.512
0.513,0,0,0,0,0,0,0,0,0,0,0,0,0.513
0.514,0,0,0,0,0,0,0,0,0,0,0,0,0.514
0.515,0,0,0,0,0,0,0,0,0,0,0,0,0.515
0.516,0,0,0,0,0,0,0,0,0,0,0,0,0.516
0.517,0,0,0,0,0,0,0,0,0,0,0,0,0.517
0.518,0,0,0,0,0,0,0,0,0,0,0,0,0.518
0.519,0,0,0,0,0,0,0,0,0,0,0,0,0.519
0.52,0,0,0,0,0,0,0,0,0,0,0,0,0.52
0.521,0,0,0,0,0,0,0,0,0,0,0,0,0.521
0.522,0,0,0,0,0,0,0,0,0,0,0,0,0.522
0.523,0,0,0,0,0,0,0,0,0,0,0,0,0.523
0.524,0,0,0,0,0,0,0,0,0,0,0,0,0.524
0.525,0,0,0,0,0,0,0,0,0,0,0,0,0.525
0.526,0,0,0,0,0,0,0,0,0,0,0,0,0.526
0.527,0,0,0,0,0,0,0,0,0,0,0,0,0.527
0.528,0,0,0,0,0,0,0,0,0,0,0,0,0.528
0.529,0,0,0,0,0,0,0,0,0,0,0,0,0.529
0.53,0,0,0,0,0,0,0,0,0,0,0,0,0.53
0.531,0,0,0,0,0,0,0,0,0,0,0,0,0.531
0.532,0,0,0,0,0,0,0,0,0,0,0,0,0.532
0.533,0,0,0,0,0,0,0,0,0,0,0,0,0.533
0.534,0,0,0,0,0,0,0,0,0,0,0,0,0.534
0.535,0,0,0,0,0,0,0,0,0,0,0,0,0.535
0.536,0,0,0,0,0,0,0,0,0,0,0,0,0.536
0.537,0.0278216,0,0,0,0,0,0,0,0,0,0,0,0.537
0.538,0.0792844,0,0,0,0,0,0,0,0,0,-13.6472,0,0.538
0.539,0.133982,0,0,0,0,0,0,-0.0136472,0,0,-46.0649,0,0.539
0.54,0.185021,0,0,0,0,0,0,-0.0597121,0,0,-89.8275,0,0.54
0.541,0.230794,0,0,0,0,0,0,-0.14954,0,0,-137.49,0,0.541
0.542,0.271706,0,0.00203563,0,0,0,0,-0.28703,0,0,-184.244,0,0.542
0.543,0.307659,0,0.00759049,0,0,0,0,-0.471274,0,-0.766709,-227.646,0.127785,0.543
0.544,0.337732,0,0.0137321,0,0,0,-0.000765658,-0.69892,0.000127789,-3.26166,-266.306,0.543611,0.544
0.545,0.360848,0,0.0194546,0,0,0,-0.00402073,-0.965226,0.000667881,-6.87803,-299.152,1.14634,0.545
0.546,0.376002,0,0.0245032,0,0,0,-0.0108798,-1.26438,0.00179338,-10.9004,-325.167,1.81674,0.546
0.547,0.38232,0,0.0288906,0,0,0,-0.0217414,-1.58954,0.00354881,-14.8447,-343.391,2.47427,0.547
0.548,0.380816,0,0.0326597,0,0,0,-0.0365211,-1.93294,0.00589368,-18.4571,-352.975,3.07683,0.548
0.549,0.375579,0,0.0357346,0,0,0,-0.0548819,-2.28591,0.00874714,-21.6221,-354.055,3.60549,0.549
0.55,0.368616,0,0.0380093,0,0,0,-0.0763736,-2.63997,0.0120161,-24.2547,-348.788,4.04644,0.55
0.551,0.360952,0,0.0393946,0,0,0,-0.100463,-2.98877,0.0156014,-26.2757,-339.371,4.38679,0.551
0.552,0.35311,0,0.0397901,0,0,0,-0.126541,-3.32814,0.0193983,-27.6158,-327.523,4.61526,0.552
0.553,0.345354,0,0.0391119,0,0,0,-0.15393,-3.65568,0.0232968,-28.2078,-314.444,4.72077,0.553
0.554,0.337818,0,0.0373046,0,0,0,-0.181891,-3.97013,0.0271806,-27.9918,-300.925,4.69343,0.554
0.555,0.330562,0,0.0343439,0,0,0,-0.209623,-4.27107,0.0309277,-26.9235,-287.459,4.52582,0.555
0.556,0.323615,0,0.0302244,0,0,0,-0.236287,-4.55855,0.0344115,-24.9787,-274.344,4.21382,0.556
0.557,0.316982,0,0.0249785,0,0,0,-0.26102,-4.8329,0.0375037,-22.1512,-261.751,3.75624,0.557
0.558,0.310662,0,0.0186723,0,0,0,-0.282954,-5.09467,0.0400766,-18.4586,-249.769,3.15581,0.558
0.559,0.304646,0,0.0115505,0.00199728,0,0,-0.301242,-5.34445,0.0420065,-13.9435,-238.439,2.41938,0.559
0.56,0.298923,0,0.00577524,0.00702144,0,0,-0.315076,-5.5829,0.0431773,-7.97782,-227.664,1.44206,0.56
0.561,0.293482,0,0.00288762,0.0134499,0,0,-0.323035,-5.81057,0.0433683,-0.663833,-217.22,0.240585,0.561
0.562,0.288309,0,0.00144381,0.0204675,0,0,-0.323799,-6.02779,0.0423791,6.74418,-206.973,-0.976255,0.562
0.563,0.283394,0,0.000721905,0.0276286,0,0,-0.317282,-6.23475,0.0402213,13.8101,-196.947,-2.13607,0.563
0.564,0.278723,0,0.000360953,0.0346862,0,0,-0.303824,-6.43168,0.0369754,20.408,-187.203,-3.2182,0.564
0.565,0.274285,0,0.000180476,0.0414233,0,0,-0.283891,-6.61887,0.0327379,26.518,-177.796,-4.21972,0.565
0.566,0.270068,0,9.02381e-05,0.0475641,0,0,-0.257964,-6.79664,0.0276031,32.1212,-168.766,-5.13779,0.566
0.567,0.266062,0,4.51191e-05,0.0528224,0,0,-0.226546,-6.96538,0.0216638,37.1427,-160.145,-5.96024,0.567
0.568,0.262255,0,2.25595e-05,0.0569319,0,0,-0.190209,-7.1255,0.0150214,41.4584,-151.962,-6.66658,0.568
0.569,0.258639,0,1.12798e-05,0.0596571,0,0,-0.149647,-7.27744,0.00779453,44.9174,-144.238,-7.23183,0.569
0.57,0.255204,0,5.63988e-06,0.0607798,0,0,-0.105701,-7.42166,0.00012421,47.3636,-136.992,-7.63006,0.57
0.571,0.25194,0,2.81994e-06,0.0605323,0,0,-0.0593645,-7.55864,-0.00782516,48.6437,-130.238,-7.83581,0.571
0.572,0.24884,0,1.40997e-06,0.0596525,0,0,-0.0117785,-7.68886,-0.0158658,48.7753,-123.965,-7.85204,0.572
0.573,0.245894,0,7.04985e-07,0.0584942,0,0,0.0359333,-7.81283,-0.0238148,48.0559,-118.12,-7.7283,0.573
0.574,0.243096,0,3.52493e-07,0.0572327,0,0,0.0829389,-7.93095,-0.0315407,46.7855,-112.645,-7.51458,0.574
0.575,0.240437,0,1.76246e-07,0.0559536,0,0,0.1287,-8.04361,-0.0389632,45.1955,-107.495,-7.24935,0.575
0.576,0.237912,0,8.81232e-08,0.0546982,0,0,0.172905,-8.15112,-0.0460407,43.4445,-102.632,-6.95895,0.576
0.577,0.235513,0,4.40616e-08,0.0534854,0,0,0.215398,-8.25377,-0.0527578,41.6343,-98.0295,-6.6602,0.577
0.578,0.233233,0,2.20308e-08,0.0523231,0,0,0.256119,-8.35183,-0.0591152,39.8267,-93.6648,-6.36326,0.578
0.579,0.231068,0,1.10154e-08,0.0512139,0,0,0.295073,-8.44552,-0.0651235,38.0576,-89.5208,-6.07394,0.579
0.58,0.229011,0,5.5077e-09,0.0501577,0,0,0.332297,-8.53507,-0.0707978,36.3465,-85.583,-5.79533,0.58
0.581,0.227057,0,2.75385e-09,0.049153,0,0,0.367849,-8.62068,-0.0761561,34.7031,-81.8388,-5.52892,0.581
0.582,0.2252,0,1.37692e-09,0.048198,0,0,0.401793,-8.70256,-0.0812166,33.1314,-78.2773,-5.2752,0.582
0.583,0.223437,0,6.88462e-10,0.0472903,0,0,0.434201,-8.78087,-0.0859978,31.6318,-74.8884,-5.03414,0.583
0.584,0.221761,0,3.44231e-10,0.0464279,0,0,0.465143,-8.85579,-0.0905173,30.2031,-71.6629,-4.80538,0.584
0.585,0.22017,0,1.72116e-10,0.0456085,0,0,0.494688,-8.92749,-0.0947917,28.843,-68.5922,-4.58846,0.585
0.586,0.218658,0,8.60578e-11,0.0448301,0,0,0.522903,-8.99612,-0.0988367,27.5487,-65.6684,-4.3828,0.586
0.587,0.217221,0,4.30289e-11,0.0440905,0,0,0.549853,-9.06183,-0.102667,26.3172,-62.8838,-4.18783,0.587
0.588,0.215856,0,2.15144e-11,0.043388,0,0,0.575599,-9.12475,-0.106297,25.1455,-60.2314,-4.00297,0.588
0.589,0.21456,0,1.07572e-11,0.0427205,0,0,0.600198,-9.18502,-0.109738,24.0307,-57.7044,-3.82766,0.589
0.59,0.213328,0,5.37861e-12,0.0420864,0,0,0.623708,-9.24276,-0.113003,22.9698,-55.2966,-3.66137,0.59
0.591,0.212158,0,2.68931e-12,0.0414841,0,0,0.64618,-9.29809,-0.116102,21.9602,-53.0019,-3.50359,0.591
0.592,0.211047,0,1.34465e-12,0.0409118,0,0,0.667664,-9.35113,-0.119046,20.9993,-50.8146,-3.35385,0.592
0.593,0.209991,0,6.72327e-13,0.0403682,0,0,0.688209,-9.40198,-0.121845,20.0846,-48.7294,-3.2117,0.593
0.594,0.208988,0,3.36163e-13,0.0398517,0,0,0.707859,-9.45074,-0.124507,19.2137,-46.7411,-3.07671,0.594
0.595,0.208035,0,1.68082e-13,0.0393611,0,0,0.726656,-9.49752,-0.127041,18.3844,-44.8449,-2.94849,0.595
0.596,0.207129,0,8.40408e-14,0.0388949,0,0,0.744643,-9.5424,-0.129453,17.5946,-43.0362,-2.82666,0.596
0.597,0.206269,0,4.20204e-14,0.0384521,0,0,0.761856,-9.58547,-0.131752,16.8423,-41.3107,-2.71088,0.597
0.598,0.205452,0,2.10102e-14,0.0380315,0,0,0.778333,-9.62681,-0.133944,16.1256,-39.6643,-2.6008,0.598
0.599,0.204676,0,1.05051e-14,0.0376318,0,0,0.794109,-9.66651,-0.136035,15.4427,-38.0931,-2.49612,0.599
0.6,0.203938,0,5.25255e-15,0.0372522,0,0,0.809217,-9.70463,-0.138031,14.792,-36.5933,-2.39655,0.6
0.601,0.203238,0,2.62628e-15,0.0368915,0,0,0.823687,-9.74126,-0.139938,14.1718,-35.1615,-2.30181,0.601
0.602,0.202572,0,1.31314e-15,0.0365489,0,0,0.837551,-9.77645,-0.141761,13.5805,-33.7943,-2.21164,0.602
0.603,0.20194,0,6.56569e-16,0.0362234,0,0,0.850835,-9.81027,-0.143503,13.0169,-32.4886,-2.12579,0.603
0.604,0.201339,0,3.28284e-16,0.0359142,0,0,0.863568,-9.84279,-0.145171,12.4794,-31.2414,-2.04405,0.604
0.605,0.200769,0,1.64142e-16,0.0356204,0,0,0.875775,-9.87405,-0.146767,11.9667,-30.0498,-1.96618,0.605
0.606,0.200227,0,8.20711e-17,0.0353413,0,0,0.887479,-9.90413,-0.148297,11.4778,-28.9111,-1.89199,0.606
0.607,0.199712,0,0.000131953,0.0350762,0,0,0.898705,-9.93307,-0.149762,11.0113,-27.8228,-1.82128,0.607
0.608,0.191618,0,0.00431939,0.0309089,0,0,0.909473,-9.96092,-0.151168,10.5168,-26.7742,-1.74563,0.608
0.609,0.18773,0,0.0064131,0.0289078,0,0,0.919758,-9.98771,-0.152509,7.09485,-22.3443,-1.18183,0.609
0.61,0.185787,0,0.00745996,0.0279072,0,0,0.926708,-10.0101,-0.153344,3.70003,-18.032,-0.622283,0.61
0.611,0.184815,0,0.00798339,0.0274069,0,0,0.93035,-10.0281,-0.15368,1.10104,-14.6959,-0.194856,0.611
0.612,0.184329,0,0.00824511,0.0271567,0,0,0.931459,-10.0428,-0.153636,-0.673918,-12.3482,0.0958939,0.612
0.613,0.184086,0,0.00837597,0.0270316,0,0,0.930837,-10.0552,-0.153334,-1.80486,-10.768,0.279977,0.613
0.614,0.183965,0,0.00844139,0.0269691,0,0,0.929113,-10.0659,-0.152872,-2.48762,-9.72088,0.389952,0.614
0.615,0.183904,0,0.00847411,0.0269378,0,0,0.926723,-10.0756,-0.152316,-2.87778,-9.0225,0.451647,0.615
0.616,0.183874,0,0.00849047,0.0269222,0,0,0.923951,-10.0846,-0.15171,-3.08458,-8.54385,0.483165,0.616
0.617,0.183859,0,0.00849864,0.0269144,0,0,0.920977,-10.0932,-0.151079,-3.17977,-8.20043,0.496382,0.617
0.618,0.183851,0,0.00850273,0.0269105,0,0,0.917909,-10.1014,-0.150441,-3.20858,-7.93909,0.498767,0.618
0.619,0.183847,0,0.00850478,0.0269085,0,0,0.914812,-10.1093,-0.149805,-3.19871,-7.72729,0.49489,0.619
0.62,0.183845,0,0.0085058,0.0269075,0,0,0.911723,-10.117,-0.149177,-3.16677,-7.5455,0.487486,0.62
0.621,0.183844,0,0.00850631,0.026907,0,0,0.908665,-10.1246,-0.14856,-3.12258,-7.38217,0.478167,0.621
0.622,0.183844,0,0.00850657,0.0269068,0,0,0.905649,-10.1319,-0.147956,-3.07185,-7.23054,0.467872,0.622
0.623,0.183844,0,0.00850669,0.0269067,0,0,0.902681,-10.1392,-0.147364,-3.0179,-7.08669,0.457139,0.623
0.624,0.183844,0,0.00850676,0.0269066,0,0,0.899765,-10.1462,-0.146786,-2.9626,-6.94836,0.446273,0.624
0.625,0.183843,0,0.00850679,0.0269066,0,0,0.896901,-10.1532,-0.146222,-2.90702,-6.81421,0.435447,0.625
0.626,0.183843,0,0.00850681,0.0269066,0,0,0.894091,-10.16,-0.145672,-2.85176,-6.68349,0.424756,0.626
0.627,0.183843,0,0.00850681,0.0269066,0,0,0.891335,-10.1667,-0.145134,-2.79715,-6.55574,0.414249,0.627
0.628,0.183843,0,0.00850682,0.0269066,0,0,0.88863,-10.1732,-0.14461,-2.74335,-6.4307,0.403953,0.628
0.629,0.183843,0,0.00850682,0.0269066,0,0,0.885977,-10.1796,-0.144098,-2.69046,-6.30819,0.393881,0.629
0.63,0.183843,0,0.00850682,0.0269066,0,0,0.883375,-10.1859,-0.143599,-2.63852,-6.18809,0.384035,0.63
0.631,0.183843,0,0.00850682,0.0269066,0,0,0.880822,-10.1921,-0.143112,-2.58754,-6.07031,0.374417,0.631
0.632,0.183843,0,0.00850682,0.0269066,0,0,0.878319,-10.1982,-0.142637,-2.53752,-5.95479,0.365023,0.632
0.633,0.183843,0,0.00850682,0.0269066,0,0,0.875863,-10.2041,-0.142173,-2.48846,-5.84149,0.35585,0.633
0.634,0.183843,0,0.00850682,0.0269066,0,0,0.873455,-10.21,-0.141721,-2.44035,-5.73034,0.346895,0.634
0.635,0.183843,0,0.00850682,0.0269066,0,0,0.871093,-10.2157,-0.14128,-2.39315,-5.6213,0.338151,0.635
0.636,0.183843,0,0.00850682,0.0269066,0,0,0.868776,-10.2213,-0.140849,-2.34687,-5.51434,0.329616,0.636
0.637,0.183843,0,0.00850682,0.0269066,0,0,0.866504,-10.2268,-0.140429,-2.30149,-5.40941,0.321283,0.637
0.638,0.183843,0,0.00850682,0.0269066,0,0,0.864275,-10.2322,-0.14002,-2.25698,-5.30647,0.313149,0.638
0.639,0.183843,0,0.00850682,0.0269066,0,0,0.862089,-10.2375,-0.13962,-2.21333,-5.20549,0.305209,0.639
0.64,0.183843,0,0.00850682,0.0269066,0,0,0.859945,-10.2427,-0.139231,-2.17052,-5.10643,0.297458,0.64
0.641,0.183843,0,0.00850682,0.0269066,0,0,0.857842,-10.2478,-0.13885,-2.12855,-5.00925,0.289892,0.641
0.642,0.183843,0,0.00850682,0.0269066,0,0,0.855779,-10.2528,-0.13848,-2.08738,-4.91392,0.282507,0.642
0.643,0.183843,0,0.00850682,0.0269066,0,0,0.853756,-10.2577,-0.138118,-2.04701,-4.8204,0.275298,0.643
0.644,0.183843,0,0.00850682,0.0269066,0,0,0.851772,-10.2625,-0.137765,-2.00742,-4.72865,0.268261,0.644
0.645,0.183843,0,0.00850682,0.0269066,0,0,0.849826,-10.2673,-0.137421,-1.9686,-4.63865,0.261393,0.645
0.646,0.183843,0,0.00850682,0.0269066,0,0,0.847917,-10.2719,-0.137086,-1.93053,-4.55036,0.25469,0.646
0.647,0.183843,0,0.00850682,0.0269066,0,0,0.846045,-10.2764,-0.136759,-1.89319,-4.46375,0.248146,0.647
0.648,0.183843,0,0.00850682,0.0269066,0,0,0.844209,-10.2809,-0.136439,-1.85658,-4.37878,0.24176,0.648
0.649,0.183843,0,0.00850682,0.0269066,0,0,0.842408,-10.2853,-0.136128,-1.82067,-4.29543,0.235527,0.649
0.65,0.183843,0,0.00850682,0.0269066,0,0,0.840641,-10.2896,-0.135825,-1.78546,-4.21366,0.229444,0.65
0.651,0.183843,0,0.00850682,0.0269066,0,0,0.838909,-10.2938,-0.135529,-1.75093,-4.13345,0.223507,0.651
0.652,0.183843,0,0.00850682,0.0269066,0,0,0.837209,-10.2979,-0.13524,-1.71707,-4.05476,0.217713,0.652
0.653,0.183843,0,0.00850682,0.0269066,0,0,0.835543,-10.302,-0.134958,-1.68386,-3.97757,0.212058,0.653
0.654,0.183843,0,0.00850682,0.0269066,0,0,0.833908,-10.3059,-0.134684,-1.6513,-3.90185,0.20654,0.654
0.655,0.183843,0,0.00850682,0.0269066,0,0,0.832304,-10.3098,-0.134416,-1.61937,-3.82756,0.201154,0.655
0.656,0.183843,0,0.00850682,0.0269066,0,0,0.830732,-10.3137,-0.134155,-1.58805,-3.75469,0.195899,0.656
0.657,0.183843,0,0.00850682,0.0269066,0,0,0.829189,-10.3174,-0.133901,-1.55734,-3.68321,0.19077,0.657
0.658,0.183843,0,0.00850682,0.0269066,0,0,0.827676,-10.3211,-0.133653,-1.52722,-3.61308,0.185765,0.658
0.659,0.183843,0,0.00850682,0.0269066,0,0,0.826193,-10.3247,-0.133411,-1.49769,-3.54429,0.180882,0.659
0.66,0.183843,0,0.00850682,0.0269066,0,0,0.824737,-10.3282,-0.133175,-1.46873,-3.4768,0.176117,0.66
0.661,0.183843,0,0.00850682,0.0269066,0,0,0.82331,-10.3317,-0.132945,-1.44032,-3.4106,0.171467,0.661
0.662,0.183843,0,0.00850682,0.0269066,0,0,0.821909,-10.3351,-0.132721,-1.41247,-3.34566,0.16693,0.662
0.663,0.183843,0,0.00850682,0.0269066,0,0,0.820536,-10.3385,-0.132503,-1.38516,-3.28195,0.162503,0.663
0.664,0.183843,0,0.00850682,0.0269066,0,0,0.819189,-10.3417,-0.13229,-1.35837,-3.21946,0.158184,0.664
0.665,0.183843,0,0.00850682,0.0269066,0,0,0.817868,-10.345,-0.132082,-1.3321,-3.15815,0.15397,0.665
0.666,0.183843,0,0.00850682,0.0269066,0,0,0.816572,-10.3481,-0.13188,-1.30634,-3.09801,0.149859,0.666
0.667,0.183843,0,0.00850682,0.0269066,0,0,0.815301,-10.3512,-0.131683,-1.28108,-3.03902,0.145848,0.667
0.668,0.183843,0,0.00850682,0.0269066,0,0,0.814055,-10.3543,-0.131491,-1.25631,-2.98114,0.141935,0.668
0.669,0.183843,0,0.00850682,0.0269066,0,0,0.812832,-10.3572,-0.131303,-1.23202,-2.92437,0.138117,0.669
0.67,0.183843,0,0.00850682,0.0269066,0,0,0.811633,-10.3602,-0.131121,-1.20819,-2.86868,0.134393,0.67
0.671,0.183843,0,0.00850682,0.0269066,0,0,0.810457,-10.363,-0.130943,-1.18483,-2.81404,0.13076,0.671
0.672,0.183843,0,0.00850682,0.0269066,0,0,0.809303,-10.3658,-0.130769,-1.16192,-2.76045,0.127217,0.672
0.673,0.183843,0,0.00850682,0.0269066,0,0,0.808172,-10.3686,-0.130601,-1.13945,-2.70788,0.12376,0.673
0.674,0.183843,0,0.00850682,0.0269066,0,0,0.807062,-10.3713,-0.130436,-1.11742,-2.65631,0.120388,0.674
0.675,0.183843,0,0.00850682,0.0269066,0,0,0.805973,-10.3739,-0.130275,-1.09581,-2.60571,0.117099,0.675
0.676,0.183843,0,0.00850682,0.0269066,0,0,0.804906,-10.3766,-0.130119,-1.07463,-2.55608,0.113891,0.676
0.677,0.183843,0,0.00850682,0.0269066,0,0,0.803858,-10.3791,-0.129967,-1.05385,-2.5074,0.110763,0.677
0.678,0.183843,0,0.00850682,0.0269066,0,0,0.802831,-10.3816,-0.129819,-1.03347,-2.45964,0.107711,0.678
0.679,0.183843,0,0.00850682,0.0269066,0,0,0.801824,-10.3841,-0.129674,-1.01349,-2.41279,0.104735,0.679
0.68,0.183843,0,0.00850682,0.0269066,0,0,0.800836,-10.3865,-0.129533,-0.993893,-2.36684,0.101833,0.68
0.681,0.183843,0,0.00850682,0.0269066,0,0,0.799867,-10.3888,-0.129396,-0.974677,-2.32175,0.099003,0.681
0.682,0.183843,0,0.00850682,0.0269066,0,0,0.798916,-10.3912,-0.129262,-0.955832,-2.27753,0.096243,0.682
0.683,0.183843,0,0.00850682,0.0269066,0,0,0.797984,-10.3934,-0.129132,-0.937352,-2.23415,0.0935517,0.683
0.684,0.183843,0,0.00850682,0.0269066,0,0,0.797069,-10.3957,-0.129006,-0.919229,-2.19159,0.0909273,0.684
0.685,0.183843,0,0.00850682,0.0269066,0,0,0.796172,-10.3979,-0.128882,-0.901457,-2.14984,0.0883684,0.685
0.686,0.183843,0,0.00850682,0.0269066,0,0,0.795292,-10.4,-0.128762,-0.884029,-2.10889,0.0858734,0.686
0.687,0.183843,0,0.00850682,0.0269066,0,0,0.79443,-10.4021,-0.128645,-0.866938,-2.06872,0.0834407,0.687
0.688,0.183843,0,0.00850682,0.0269066,0,0,0.793583,-10.4042,-0.128531,-0.850178,-2.02931,0.081069,0.688
0.689,0.183843,0,0.00850682,0.0269066,0,0,0.792753,-10.4062,-0.12842,-0.833742,-1.99065,0.0787567,0.689
0.69,0.183843,0,0.00850682,0.0269066,0,0,0.791939,-10.4082,-0.128312,-0.817623,-1.95273,0.0765026,0.69
0.691,0.183843,0,0.00850682,0.0269066,0,0,0.79114,-10.4102,-0.128207,-0.801817,-1.91553,0.0743051,0.691
0.692,0.183843,0,0.00850682,0.0269066,0,0,0.790357,-10.4121,-0.128104,-0.786316,-1.87904,0.072163,0.692
0.693,0.183843,0,0.00850682,0.0269066,0,0,0.789589,-10.414,-0.128005,-0.771116,-1.84324,0.0700749,0.693
0.694,0.183843,0,0.00850682,0.0269066,0,0,0.788835,-10.4158,-0.127907,-0.756209,-1.80813,0.0680396,0.694
0.695,0.183843,0,0.00850682,0.0269066,0,0,0.788096,-10.4176,-0.127813,-0.741591,-1.77368,0.0660558,0.695
0.696,0.183843,0,0.00850682,0.0269066,0,0,0.787371,-10.4194,-0.127721,-0.727255,-1.73989,0.0641223,0.696
0.697,0.183843,0,0.00850682,0.0269066,0,0,0.78666,-10.4211,-0.127631,-0.713197,-1.70674,0.0622379,0.697
0.698,0.183843,0,0.00850682,0.0269066,0,0,0.785962,-10.4228,-0.127544,-0.699411,-1.67422,0.0604015,0.698
0.699,0.183843,0,0.00850682,0.0269066,0,0,0.785278,-10.4245,-0.12746,-0.685891,-1.64233,0.0586119,0.699
0.7,0.183843,0,0.00850682,0.0269066,0,0,0.784607,-10.4261,-0.127377,-0.672633,-1.61104,0.0568679,0.7
0.701,0.183843,0,0.00850682,0.0269066,0,0,0.783949,-10.4277,-0.127297,-0.659632,-1.58034,0.0551686,0.701
0.702,0.183843,0,0.00850682,0.0269066,0,0,0.783304,-10.4293,-0.127219,-0.646882,-1.55023,0.0535128,0.702
0.703,0.183843,0,0.00850682,0.0269066,0,0,0.782671,-10.4309,-0.127143,-0.634378,-1.5207,0.0518995,0.703
0.704,0.183843,0,0.00850682,0.0269066,0,0,0.78205,-10.4324,-0.127069,-0.622117,-1.49172,0.0503276,0.704
0.705,0.183843,0,0.00850682,0.0269066,0,0,0.781441,-10.4339,-0.126997,-0.610093,-1.4633,0.0487963,0.705
0.706,0.183843,0,0.00850682,0.0269066,0,0,0.780843,-10.4353,-0.126927,-0.598301,-1.43542,0.0473045,0.706
0.707,0.183843,0,0.00850682,0.0269066,0,0,0.780257,-10.4368,-0.126859,-0.586737,-1.40807,0.0458513,0.707
0.708,0.183843,0,0.00850682,0.0269066,0,0,0.779682,-10.4382,-0.126793,-0.575397,-1.38124,0.0444357,0.708
0.709,0.183843,0,0.00850682,0.0269066,0,0,0.779119,-10.4396,-0.126729,-0.564277,-1.35492,0.0430569,0.709
0.71,0.183843,0,0.00850682,0.0269066,0,0,0.778566,-10.4409,-0.126666,-0.553371,-1.32911,0.041714,0.71
0.711,0.183843,0,0.00850682,0.0269066,0,0,0.778023,-10.4422,-0.126606,-0.542677,-1.30378,0.0404061,0.711
0.712,0.183843,0,0.00850682,0.0269066,0,0,0.777491,-10.4436,-0.126546,-0.532189,-1.27894,0.0391323,0.712
0.713,0.183843,0,0.00850682,0.0269066,0,0,0.77697,-10.4448,-0.126489,-0.521904,-1.25457,0.0378919,0.713
0.714,0.183843,0,0.00850682,0.0269066,0,0,0.776458,-10.4461,-0.126433,-0.511818,-1.23067,0.0366841,0.714
0.715,0.183843,0,0.00850682,0.0269066,0,0,0.775956,-10.4473,-0.126379,-0.501928,-1.20722,0.035508,0.715
0.716,0.183843,0,0.00850682,0.0269066,0,0,0.775463,-10.4485,-0.126326,-0.492228,-1.18421,0.0343629,0.716
0.717,0.183843,0,0.00850682,0.0269066,0,0,0.774981,-10.4497,-0.126275,-0.482716,-1.16165,0.033248,0.717
0.718,0.183843,0,0.00850682,0.0269066,0,0,0.774507,-10.4509,-0.126225,-0.473388,-1.13951,0.0321627,0.718
0.719,0.183843,0,0.00850682,0.0269066,0,0,0.774042,-10.452,-0.126177,-0.464241,-1.1178,0.0311062,0.719
0.72,0.183843,0,0.00850682,0.0269066,0,0,0.773587,-10.4531,-0.12613,-0.45527,-1.0965,0.0300778,0.72
0.721,0.183843,0,0.00850682,0.0269066,0,0,0.77314,-10.4542,-0.126084,-0.446473,-1.0756,0.0290767,0.721
0.722,0.183843,0,0.00850682,0.0269066,0,0,0.772701,-10.4553,-0.12604,-0.437846,-1.05511,0.0281025,0.722
0.723,0.183843,0,0.00850682,0.0269066,0,0,0.772271,-10.4563,-0.125997,-0.429386,-1.035,0.0271543,0.723
0.724,0.183843,0,0.00850682,0.0269066,0,0,0.771849,-10.4574,-0.125955,-0.42109,-1.01528,0.0262317,0.724
0.725,0.183843,0,0.00850682,0.0269066,0,0,0.771436,-10.4584,-0.125914,-0.412954,-0.995932,0.0253338,0.725
0.726,0.183843,0,0.00850682,0.0269066,0,0,0.77103,-10.4594,-0.125875,-0.404975,-0.976953,0.0244602,0.726
0.727,0.183843,0,0.00850682,0.0269066,0,0,0.770632,-10.4604,-0.125837,-0.397151,-0.958336,0.0236103,0.727
0.728,0.183843,0,0.00850682,0.0269066,0,0,0.770241,-10.4613,-0.1258,-0.389478,-0.940074,0.0227834,0.728
0.729,0.183843,0,0.00850682,0.0269066,0,0,0.769858,-10.4623,-0.125764,-0.381953,-0.922159,0.021979,0.729
0.73,0.183843,0,0.00850682,0.0269066,0,0,0.769483,-10.4632,-0.125729,-0.374574,-0.904586,0.0211966,0.73
0.731,0.183843,0,0.00850682,0.0269066,0,0,0.769114,-10.4641,-0.125695,-0.367337,-0.887348,0.0204356,0.731
0.732,0.183843,0,0.00850682,0.0269066,0,0,0.768753,-10.465,-0.125662,-0.360241,-0.870438,0.0196955,0.732
0.733,0.183843,0,0.00850682,0.0269066,0,0,0.768399,-10.4658,-0.12563,-0.353282,-0.85385,0.0189758,0.733
0.734,0.183843,0,0.00850682,0.0269066,0,0,0.768051,-10.4667,-0.125599,-0.346457,-0.837578,0.0182759,0.734
0.735,0.183843,0,0.00850682,0.0269066,0,0,0.76771,-10.4675,-0.125569,-0.339764,-0.821616,0.0175954,0.735
0.736,0.183843,0,0.00850682,0.0269066,0,0,0.767375,-10.4684,-0.12554,-0.333201,-0.805958,0.0169338,0.736
0.737,0.183843,0,0.00850682,0.0269066,0,0,0.767047,-10.4692,-0.125512,-0.326765,-0.790599,0.0162907,0.737
0.738,0.183843,0,0.00850682,0.0269066,0,0,0.766725,-10.47,-0.125484,-0.320453,-0.775532,0.0156655,0.738
0.739,0.183843,0,0.00850682,0.0269066,0,0,0.76641,-10.4707,-0.125458,-0.314263,-0.760752,0.0150579,0.739
0.74,0.183843,0,0.00850682,0.0269066,0,0,0.7661,-10.4715,-0.125432,-0.308193,-0.746254,0.0144673,0.74
0.741,0.183843,0,0.00850682,0.0269066,0,0,0.765797,-10.4722,-0.125407,-0.30224,-0.732032,0.0138934,0.741
0.742,0.183843,0,0.00850682,0.0269066,0,0,0.765499,-10.473,-0.125383,-0.296402,-0.718081,0.0133358,0.742
0.743,0.183843,0,0.00850682,0.0269066,0,0,0.765207,-10.4737,-0.12536,-0.290677,-0.704396,0.012794,0.743
0.744,0.183843,0,0.00850682,0.0269066,0,0,0.76492,-10.4744,-0.125338,-0.285063,-0.690972,0.0122677,0.744
0.745,0.183843,0,0.00850682,0.0269066,0,0,0.764639,-10.4751,-0.125316,-0.279558,-0.677803,0.0117564,0.745
0.746,0.183843,0,0.00850682,0.0269066,0,0,0.764363,-10.4758,-0.125295,-0.274158,-0.664886,0.0112598,0.746
0.747,0.183843,0,0.00850682,0.0269066,0,0,0.764093,-10.4764,-0.125274,-0.268864,-0.652214,0.0107776,0.747
0.748,0.183843,0,0.00850682,0.0269066,0,0,0.763827,-10.4771,-0.125254,-0.263671,-0.639784,0.0103093,0.748
0.749,0.183843,0,0.00850682,0.0269066,0,0,0.763567,-10.4777,-0.125235,-0.258579,-0.627591,0.00985456,0.749
0.75,0.183843,0,0.00850682,0.0269066,0,0,0.763312,-10.4783,-0.125217,-0.253586,-0.61563,0.00941312,0.75
0.751,0.183843,0,0.00850682,0.0269066,0,0,0.763062,-10.479,-0.125199,-0.248689,-0.603897,0.0089846,0.751
0.752,0.183843,0,0.00850682,0.0269066,0,0,0.762816,-10.4796,-0.125181,-0.243886,-0.592387,0.00856868,0.752
0.753,0.183843,0,0.00850682,0.0269066,0,0,0.762575,-10.4802,-0.125165,-0.239177,-0.581097,0.00816503,0.753
0.754,0.183843,0,0.00850682,0.0269066,0,0,0.762339,-10.4807,-0.125148,-0.234558,-0.570022,0.00777335,0.754
0.755,0.183843,0,0.00850682,0.0269066,0,0,0.762107,-10.4813,-0.125133,-0.230029,-0.559158,0.00739334,0.755
0.756,0.183843,0,0.00850682,0.0269066,0,0,0.76188,-10.4819,-0.125118,-0.225588,-0.548501,0.00702468,0.756
0.757,0.183843,0,0.00850682,0.0269066,0,0,0.761657,-10.4824,-0.125103,-0.221232,-0.538047,0.0066671,0.757
0.758,0.183843,0,0.00850682,0.0269066,0,0,0.761439,-10.483,-0.125089,-0.21696,-0.527792,0.0063203,0.758
0.759,0.183843,0,0.00850682,0.0269066,0,0,0.761224,-10.4835,-0.125076,-0.212771,-0.517733,0.00598402,0.759
0.76,0.183843,0,0.00850682,0.0269066,0,0,0.761014,-10.484,-0.125062,-0.208663,-0.507866,0.00565798,0.76
0.761,0.183843,0,0.00850682,0.0269066,0,0,0.760807,-10.4845,-0.12505,-0.204635,-0.498186,0.00534191,0.761
0.762,0.183843,0,0.00850682,0.0269066,0,0,0.760605,-10.485,-0.125038,-0.200684,-0.488691,0.00503557,0.762
0.763,0.183843,0,0.00850682,0.0269066,0,0,0.760406,-10.4855,-0.125026,-0.19681,-0.479377,0.00473869,0.763
0.764,0.183843,0,0.00850682,0.0269066,0,0,0.760212,-10.486,-0.125015,-0.19301,-0.47024,0.00445103,0.764
0.765,0.183843,0,0.00850682,0.0269066,0,0,0.76002,-10.4864,-0.125004,-0.189284,-0.461278,0.00417236,0.765
0.766,0.183843,0,0.00850682,0.0269066,0,0,0.759833,-10.4869,-0.124993,-0.18563,-0.452486,0.00390244,0.766
0.767,0.183843,0,0.00850682,0.0269066,0,0,0.759649,-10.4874,-0.124983,-0.182047,-0.443862,0.00364103,0.767
0.768,0.183843,0,0.00850682,0.0269066,0,0,0.759469,-10.4878,-0.124974,-0.178532,-0.435402,0.00338793,0.768
0.769,0.183843,0,0.00850682,0.0269066,0,0,0.759292,-10.4882,-0.124964,-0.175086,-0.427103,0.0031429,0.769
0.77,0.183843,0,0.00850682,0.0269066,0,0,0.759119,-10.4887,-0.124955,-0.171706,-0.418962,0.00290575,0.77
0.771,0.183843,0,0.00850682,0.0269066,0,0,0.758949,-10.4891,-0.124947,-0.168392,-0.410977,0.00267625,0.771
0.772,0.183843,0,0.00850682,0.0269066,0,0,0.758782,-10.4895,-0.124938,-0.165142,-0.403144,0.00245421,0.772
0.773,0.183843,0,0.00850682,0.0269066,0,0,0.758618,-10.4899,-0.124931,-0.161954,-0.39546,0.00223943,0.773
0.774,0.183843,0,0.00850682,0.0269066,0,0,0.758457,-10.4903,-0.124923,-0.158829,-0.387922,0.00203173,0.774
0.775,0.183843,0,0.00850682,0.0269066,0,0,0.7583,-10.4907,-0.124916,-0.155763,-0.380529,0.0018309,0.775
0.776,0.183843,0,0.00850682,0.0269066,0,0,0.758145,-10.4911,-0.124909,-0.152757,-0.373276,0.00163677,0.776
0.777,0.183843,0,0.00850682,0.0269066,0,0,0.757994,-10.4914,-0.124902,-0.149809,-0.366161,0.00144916,0.777
0.778,0.183843,0,0.00850682,0.0269066,0,0,0.757845,-10.4918,-0.124896,-0.146918,-0.359182,0.0012679,0.778
0.779,0.183843,0,0.00850682,0.0269066,0,0,0.757699,-10.4922,-0.124889,-0.144082,-0.352336,0.0010928,0.779
0.78,0.183843,0,0.00850682,0.0269066,0,0,0.757556,-10.4925,-0.124884,-0.141302,-0.34562,0.00092372,0.78
0.781,0.183843,0,0.00850682,0.0269066,0,0,0.757416,-10.4929,-0.124878,-0.138575,-0.339032,0.000760481,0.781
0.782,0.183843,0,0.00850682,0.0269066,0,0,0.757279,-10.4932,-0.124873,-0.135901,-0.33257,0.00060293,0.782
0.783,0.183843,0,0.00850682,0.0269066,0,0,0.757144,-10.4935,-0.124868,-0.133278,-0.326231,0.000450913,0.783
0.784,0.183843,0,0.00850682,0.0269066,0,0,0.757011,-10.4939,-0.124863,-0.130707,-0.320013,0.000304278,0.784
0.785,0.183843,0,0.00850682,0.0269066,0,0,0.756881,-10.4942,-0.124858,-0.128185,-0.313914,0.000162878,0.785
0.786,0.183843,0,0.00850682,0.0269066,0,0,0.756754,-10.4945,-0.124854,-0.125711,-0.30793,2.65713e-05,0.786
0.787,0.183843,0,0.00850682,0.0269066,0,0,0.756629,-10.4948,-0.12485,-0.123286,-0.302061,-0.000104783,0.787
0.788,0.183843,0,0.00850682,0.0269066,0,0,0.756506,-10.4951,-0.124846,-0.120907,-0.296303,-0.00023132,0.788
0.789,0.183843,0,0.00850682,0.0269066,0,0,0.756386,-10.4954,-0.124842,-0.118574,-0.290656,-0.000353175,0.789
0.79,0.183843,0,0.00850682,0.0269066,0,0,0.756268,-10.4957,-0.124838,-0.116286,-0.285115,-0.000470475,0.79
0.791,0.183843,0,0.00850682,0.0269066,0,0,0.756153,-10.496,-0.124835,-0.114043,-0.279681,-0.000583348,0.791
0.792,0.183843,0,0.00850682,0.0269066,0,0,0.756039,-10.4962,-0.124832,-0.111843,-0.27435,-0.000691917,0.792
0.793,0.183843,0,0.00850682,0.0269066,0,0,0.755928,-10.4965,-0.124829,-0.109685,-0.269121,-0.000796302,0.793
0.794,0.183843,0,0.00850682,0.0269066,0,0,0.755819,-10.4968,-0.124826,-0.107569,-0.263991,-0.000896621,0.794
0.795,0.183843,0,0.00850682,0.0269066,0,0,0.755712,-10.4971,-0.124823,-0.105494,-0.258959,-0.000992988,0.795
0.796,0.183843,0,0.00850682,0.0269066,0,0,0.755607,-10.4973,-0.124821,-0.103459,-0.254023,-0.00108551,0.796
0.797,0.183843,0,0.00850682,0.0269066,0,0,0.755503,-10.4976,-0.124819,-0.101463,-0.249181,-0.00117431,0.797
0.798,0.183843,0,0.00850682,0.0269066,0,0,0.755402,-10.4978,-0.124817,-0.0995061,-0.244431,-0.00125948,0.798
0.799,0.183843,0,0.00850682,0.0269066,0,0,0.755303,-10.4981,-0.124815,-0.0975868,-0.239772,-0.00134113,0.799
0,0.183843,0,0.00850682,0.0269066,0,0,0.755206,-10.4983,-0.124813,-0.0957044,-0.235202,-0.00141935,0.8
