BST,AMR,ALR,AIR,ASR,ASO,AIO,RX,RY,RZ,RXu,RYu,RZu,SST
0,0,0,0,0,0,0,0,0,0,0,0,0,0
0,0,0,0,0,0,0,0,0,0,0,0,0,0
0,0,0,0,0,0,0,0,0,0,0,0,0,0
0.001,0,0,0,0,0,0,0,0,0,0,0,0,0.001
0.002,0,0,0,0,0,0,0,0,0,0,0,0,0.002
0.003,0,0,0,0,0,0,0,0,0,0,0,0,0.003
0.004,0,0,0,0,0,0,0,0,0,0,0,0,0.004
0.005,0,0,0,0,0,0,0,0,0,0,0,0,0.005
0.006,0,0,0,0,0,0,0,0,0,0,0,0,0.006
0.007,0,0,0,0,0,0,0,0,0,0,0,0,0.007
0.008,0,0,0,0,0,0,0,0,0,0,0,0,0.008
0.009,0,0,0,0,0,0,0,0,0,0,0,0,0.009
0.01,0,0,0,0,0,0,0,0,0,0,0,0,0.01
0.011,0,0,0,0,0,0,0,0,0,0,0,0,0.011
0.012,0,0,0,0,0,0,0,0,0,0,0,0,0.012
0.013,0,0,0,0,0,0,0,0,0,0,0,0,0.013
0.014,0,0,0,0,0,0,0,0,0,0,0,0,0.014
0.015,0,0,0,0,0,0,0,0,0,0,0,0,0.015
0.016,0,0,0,0,0,0,0,0,0,0,0,0,0.016
0.017,0,0,0,0,0,0,0,0,0,0,0,0,0.017
0.018,0,0,0,0,0,0,0,0,0,0,0,0,0.018
0.019,0,0,0,0,0,0,0,0,0,0,0,0,0.019
0.02,0,0,0,0,0,0,0,0,0,0,0,0,0.02
0.021,0,0,0,0,0,0,0,0,0,0,0,0,0.021
0.022,0,0,0,0,0,0,0,0,0,0,0,0,0.022
0.023,0,0,0,0,0,0,0,0,0,0,0,0,0.023
0.024,0,0,0,0,0,0,0,0,0,0,0,0,0.024
0.025,0,0,0,0,0,0,0,0,0,0,0,0,0.025
0.026,0,0,0,0,0,0,0,0,0,0,0,0,0.026
0.027,0,0,0,0,0,0,0,0,0,0,0,0,0.027
0.028,0,0,0,0,0,0,0,0,0,0,0,0,0.028
0.029,0,0,0,0,0,0,0,0,0,0,0,0,0.029
0.03,0,0,0,0,0,0,0,0,0,0,0,0,0.03
0.031,0,0,0,0,0,0,0,0,0,0,0,0,0.031
0.032,0,0,0,0,0,0,0,0,0,0,0,0,0.032
0.033,0,0,0,0,0,0,0,0,0,0,0,0,0.033
0.034,0,0,0,0,0,0,0,0,0,0,0,0,0.034
0.035,0,0,0,0,0,0,0,0,0,0,0,0,0.035
0.036,0,0,0,0,0,0,0,0,0,0,0,0,0.036
0.037,0,0,0,0,0,0,0,0,0,0,0,0,0.037
0.038,0,0,0,0,0,0,0,0,0,0,0,0,0.038
0.039,0,0,0,0,0,0,0,0,0,0,0,0,0.039
0.04,0,0,0,0,0,0,0,0,0,0,0,0,0.04
0.041,0,0,0,0,0,0,0,0,0,0,0,0,0.041
0.042,0,0,0,0,0,0,0,0,0,0,0,0,0.042
0.043,0,0,0,0,0,0,0,0,0,0,0,0,0.043
0.044,0,0,0,0,0,0,0,0,0,0,0,0,0.044
0.045,0,0,0,0,0,0,0,0,0,0,0,0,0.045
0.046,0,0,0,0,0,0,0,0,0,0,0,0,0.046
0.047,0,0,0,0,0,0,0,0,0,0,0,0,0.047
0.048,0,0,0,0,0,0,0,0,0,0,0,0,0.048
0.049,0,0,0,0,0,0,0,0,0,0,0,0,0.049
0.05,0,0,0,0,0,0,0,0,0,0,0,0,0.05
0.051,0,0,0,0,0,0,0,0,0,0,0,0,0.051
0.052,0,0,0,0,0,0,0,0,0,0,0,0,0.052
0.053,0,0,0,0,0,0,0,0,0,0,0,0,0.053
0.054,0,0,0,0,0,0,0,0,0,0,0,0,0.054
0.055,0,0,0,0,0,0,0,0,0,0,0,0,0.055
0.056,0,0,0,0,0,0,0,0,0,0,0,0,0.056
0.057,0,0,0,0,0,0,0,0,0,0,0,0,0.057
0.058,0,0,0,0,0,0,0,0,0,0,0,0,0.058
0.059,0,0,0,0,0,0,0,0,0,0,0,0,0.059
0.06,0,0,0,0,0,0,0,0,0,0,0,0,0.06
0.061,0,0,0,0,0,0,0,0,0,0,0,0,0.061
0.062,0,0,0,0,0,0,0,0,0,0,0,0,0.062
0.063,0,0,0,0,0,0,0,0,0,0,0,0,0.063
0.064,0,0,0,0,0,0,0,0,0,0,0,0,0.064
0.065,0,0,0,0,0,0,0,0,0,0,0,0,0.065
0.066,0,0,0,0,0,0,0,0,0,0,0,0,0.066
0.067,0,0,0,0,0,0,0,0,0,0,0,0,0.067
0.068,0,0,0,0,0,0,0,0,0,0,0,0,0.068
0.069,0,0,0,0,0,0,0,0,0,0,0,0,0.069
0.07,0,0,0,0,0,0,0,0,0,0,0,0,0.07
0.071,0,0,0,0,0,0,0,0,0,0,0,0,0.071
0.072,0,0,0,0,0,0,0,0,0,0,0,0,0.072
0.073,0,0,0,0,0,0,0,0,0,0,0,0,0.073
0.074,0,0,0,0,0,0,0,0,0,0,0,0,0.074
0.075,0,0,0,0,0,0,0,0,0,0,0,0,0.075
0.076,0,0,0,0,0,0,0,0,0,0,0,0,0.076
0.077,0,0,0,0,0,0,0,0,0,0,0,0,0.077
0.078,0,0,0,0,0,0,0,0,0,0,0,0,0.078
0.079,0,0,0,0,0,0,0,0,0,0,0,0,0.079
0.08,0,0,0,0,0,0,0,0,0,0,0,0,0.08
0.081,0,0,0,0,0,0,0,0,0,0,0,0,0.081
0.082,0,0,0,0,0,0,0,0,0,0,0,0,0.082
0.083,0,0,0,0,0,0,0,0,0,0,0,0,0.083
0.084,0,0,0,0,0,0,0,0,0,0,0,0,0.084
0.085,0,0,0,0,0,0,0,0,0,0,0,0,0.085
0.086,0,0,0,0,0,0,0,0,0,0,0,0,0.086
0.087,0,0,0,0,0,0,0,0,0,0,0,0,0.087
0.088,0,0,0,0,0,0,0,0,0,0,0,0,0.088
0.089,0,0,0,0,0,0,0,0,0,0,0,0,0.089
0.09,0,0,0,0,0,0,0,0,0,0,0,0,0.09
0.091,0,0,0,0,0,0,0,0,0,0,0,0,0.091
0.092,0,0,0,0,0,0,0,0,0,0,0,0,0.092
0.093,0,0,0,0,0,0,0,0,0,0,0,0,0.093
0.094,0,0,0,0,0,0,0,0,0,0,0,0,0.094
0.095,0,0,0,0,0,0,0,0,0,0,0,0,0.095
0.096,0,0,0,0,0,0,0,0,0,0,0,0,0.096
0.097,0,0,0,0,0,0,0,0,0,0,0,0,0.097
0.098,0,0,0,0,0,0,0,0,0,0,0,0,0.098
0.099,0,0,0,0,0,0,0,0,0,0,0,0,0.099
0.1,0,0,0,0,0,0,0,0,0,0,0,0,0.1
0.101,0,0,0,0,0,0,0,0,0,0,0,0,0.101
0.102,0,0,0,0,0,0,0,0,0,0,0,0,0.102
0.103,0,0,0,0,0,0,0,0,0,0,0,0,0.103
0.104,0,0,0,0,0,0,0,0,0,0,0,0,0.104
0.105,0,0,0,0,0,0,0,0,0,0,0,0,0.105
0.106,0,0,0,0,0,0,0,0,0,0,0,0,0.106
0.107,0,0,0,0,0,0,0,0,0,0,0,0,0.107
0.108,0,0,0,0,0,0,0,0,0,0,0,0,0.108
0.109,0,0,0,0,0,0,0,0,0,0,0,0,0.109
0.11,0,0,0,0,0,0,0,0,0,0,0,0,0.11
0.111,0,0,0,0,0,0,0,0,0,0,0,0,0.111
0.112,0,0,0,0,0,0,0,0,0,0,0,0,0.112
0.113,0,0,0,0,0,0,0,0,0,0,0,0,0.113
0.114,0,0,0,0,0,0,0,0,0,0,0,0,0.114
0.115,0,0,0,0,0,0,0,0,0,0,0,0,0.115
0.116,0,0,0,0,0,0,0,0,0,0,0,0,0.116
0.117,0,0,0,0,0,0,0,0,0,0,0,0,0.117
0.118,0,0,0,0,0,0,0,0,0,0,0,0,0.118
0.119,0,0,0,0,0,0,0,0,0,0,0,0,0.119
0.12,0,0,0,0,0,0,0,0,0,0,0,0,0.12
0.121,0,0,0,0,0,0,0,0,0,0,0,0,0.121
0.122,0,0,0,0,0,0,0,0,0,0,0,0,0.122
0.123,0,0,0,0,0,0,0,0,0,0,0,0,0.123
0.124,0,0,0,0,0,0,0,0,0,0,0,0,0.124
0.125,0,0,0,0,0,0,0,0,0,0,0,0,0.125
0.126,0,0,0,0,0,0,0,0,0,0,0,0,0.126
0.127,0,0,0,0,0,0,0,0,0,0,0,0,0.127
0.128,0,0,0,0,0,0,0,0,0,0,0,0,0.128
0.129,0,0,0,0,0,0,0,0,0,0,0,0,0.129
0.13,0,0,0,0,0,0,0,0,0,0,0,0,0.13
0.131,0,0,0,0,0,0,0,0,0,0,0,0,0.131
0.132,0,0,0,0,0,0,0,0,0,0,0,0,0.132
0.133,0,0,0,0,0,0,0,0,0,0,0,0,0.133
0.134,0,0,0,0,0,0,0,0,0,0,0,0,0.134
0.135,0,0,0,0,0,0,0,0,0,0,0,0,0.135
0.136,0,0,0,0,0,0,0,0,0,0,0,0,0.136
0.137,0,0,0,0,0,0,0,0,0,0,0,0,0.137
0.138,0,0,0,0,0,0,0,0,0,0,0,0,0.138
0.139,0,0,0,0,0,0,0,0,0,0,0,0,0.139
0.14,0,0,0,0,0,0,0,0,0,0,0,0,0.14
0.141,0,0,0,0,0,0,0,0,0,0,0,0,0.141
0.142,0,0,0,0,0,0,0,0,0,0,0,0,0.142
0.143,0,0,0,0,0,0,0,0,0,0,0,0,0.143
0.144,0,0,0,0,0,0,0,0,0,0,0,0,0.144
0.145,0,0,0,0,0,0,0,0,0,0,0,0,0.145
0.146,0,0,0,0,0,0,0,0,0,0,0,0,0.146
0.147,0,0,0,0,0,0,0,0,0,0,0,0,0.147
0.148,0,0,0,0,0,0,0,0,0,0,0,0,0.148
0.149,0,0,0,0,0,0,0,0,0,0,0,0,0.149
0.15,0,0,0,0,0,0,0,0,0,0,0,0,0.15
0.151,0,0,0,0,0,0,0,0,0,0,0,0,0.151
0.152,0,0,0,0,0,0,0,0,0,0,0,0,0.152
0.153,0,0,0,0,0,0,0,0,0,0,0,0,0.153
0.154,0,0,0,0,0,0,0,0,0,0,0,0,0.154
0.155,0,0,0,0,0,0,0,0,0,0,0,0,0.155
0.156,0,0,0,0,0,0,0,0,0,0,0,0,0.156
0.157,0,0,0,0,0,0,0,0,0,0,0,0,0.157
0.158,0,0,0,0,0,0,0,0,0,0,0,0,0.158
0.159,0,0,0,0,0,0,0,0,0,0,0,0,0.159
0.16,0,0,0,0,0,0,0,0,0,0,0,0,0.16
0.161,0,0,0,0,0,0,0,0,0,0,0,0,0.161
0.162,0,0,0,0,0,0,0,0,0,0,0,0,0.162
0.163,0,0,0,0,0,0,0,0,0,0,0,0,0.163
0.164,0,0,0,0,0,0,0,0,0,0,0,0,0.164
0.165,0,0,0,0,0,0,0,0,0,0,0,0,0.165
0.166,0,0,0,0,0,0,0,0,0,0,0,0,0.166
0.167,0,0,0,0,0,0,0,0,0,0,0,0,0.167
0.168,0,0,0,0,0,0,0,0,0,0,0,0,0.168
0.169,0,0,0,0,0,0,0,0,0,0,0,0,0.169
0.17,0,0,0,0,0,0,0,0,0,0,0,0,0.17
0.171,0,0,0,0,0,0,0,0,0,0,0,0,0.171
0.172,0,0,0,0,0,0,0,0,0,0,0,0,0.172
0.173,0,0,0,0,0,0,0,0,0,0,0,0,0.173
0.174,0,0,0,0,0,0,0,0,0,0,0,0,0.174
0.175,0,0,0,0,0,0,0,0,0,0,0,0,0.175
0.176,0,0,0,0,0,0,0,0,0,0,0,0,0.176
0.177,0,0,0,0,0,0,0,0,0,0,0,0,0.177
0.178,0,0,0,0,0,0,0,0,0,0,0,0,0.178
0.179,0,0,0,0,0,0,0,0,0,0,0,0,0.179
0.18,0,0,0,0,0,0,0,0,0,0,0,0,0.18
0.181,0,0,0,0,0,0,0,0,0,0,0,0,0.181
0.182,0,0,0,0,0,0,0,0,0,0,0,0,0.182
0.183,0,0,0,0,0,0,0,0,0,0,0,0,0.183
0.184,0,0,0,0,0,0,0,0,0,0,0,0,0.184
0.185,0,0,0,0,0,0,0,0,0,0,0,0,0.185
0.186,0,0,0,0,0,0,0,0,0,0,0,0,0.186
0.187,0,0,0,0,0,0,0,0,0,0,0,0,0.187
0.188,0,0,0,0,0,0,0,0,0,0,0,0,0.188
0.189,0,0,0,0,0,0,0,0,0,0,0,0,0.189
0.19,0,0,0,0,0,0,0,0,0,0,0,0,0.19
0.191,0,0,0,0,0,0,0,0,0,0,0,0,0.191
0.192,0,0,0,0,0,0,0,0,0,0,0,0,0.192
0.193,0,0,0,0,0,0,0,0,0,0,0,0,0.193
0.194,0,0,0,0,0,0,0,0,0,0,0,0,0.194
0.195,0,0,0,0,0,0,0,0,0,0,0,0,0.195
0.196,0,0,0,0,0,0,0,0,0,0,0,0,0.196
0.197,0,0,0,0,0,0,0,0,0,0,0,0,0.197
0.198,0,0,0,0,0,0,0,0,0,0,0,0,0.198
0.199,0,0,0,0,0,0,0,0,0,0,0,0,0.199
0.2,0,0,0,0,0,0,0,0,0,0,0,0,0.2
0.201,0,0,0,0,0,0,0,0,0,0,0,0,0.201
0.202,0,0,0,0,0,0,0,0,0,0,0,0,0.202
0.203,0,0,0,0,0,0,0,0,0,0,0,0,0.203
0.204,0,0,0,0,0,0,0,0,0,0,0,0,0.204
0.205,0,0,0,0,0,0,0,0,0,0,0,0,0.205
0.206,0,0,0,0,0,0,0,0,0,0,0,0,0.206
0.207,0,0,0,0,0,0,0,0,0,0,0,0,0.207
0.208,0,0,0,0,0,0,0,0,0,0,0,0,0.208
0.209,0,0,0,0,0,0,0,0,0,0,0,0,0.209
0.21,0,0,0,0,0,0,0,0,0,0,0,0,0.21
0.211,0,0,0,0,0,0,0,0,0,0,0,0,0.211
0.212,0,0,0,0,0,0,0,0,0,0,0,0,0.212
0.213,0,0,0,0,0,0,0,0,0,0,0,0,0.213
0.214,0,0,0,0,0,0,0,0,0,0,0,0,0.214
0.215,0,0,0,0,0,0,0,0,0,0,0,0,0.215
0.216,0,0,0,0,0,0,0,0,0,0,0,0,0.216
0.217,0,0,0,0,0,0,0,0,0,0,0,0,0.217
0.218,0,0,0,0,0,0,0,0,0,0,0,0,0.218
0.219,0,0,0,0,0,0,0,0,0,0,0,0,0.219
0.22,0,0,0,0,0,0,0,0,0,0,0,0,0.22
0.221,0,0,0,0,0,0,0,0,0,0,0,0,0.221
0.222,0,0,0,0,0,0,0,0,0,0,0,0,0.222
0.223,0,0,0,0,0,0,0,0,0,0,0,0,0.223
0.224,0,0,0,0,0,0,0,0,0,0,0,0,0.224
0.225,0,0,0,0,0,0,0,0,0,0,0,0,0.225
0.226,0,0,0,0,0,0,0,0,0,0,0,0,0.226
0.227,0,0,0,0,0,0,0,0,0,0,0,0,0.227
0.228,0,0,0,0,0,0,0,0,0,0,0,0,0.228
0.229,0,0,0,0,0,0,0,0,0,0,0,0,0.229
0.23,0,0,0,0,0,0,0,0,0,0,0,0,0.23
0.231,0,0,0,0,0,0,0,0,0,0,0,0,0.231
0.232,0,0,0,0,0,0,0,0,0,0,0,0,0.232
0.233,0,0,0,0,0,0,0,0,0,0,0,0,0.233
0.234,0,0,0,0,0,0,0,0,0,0,0,0,0.234
0.235,0,0,0,0,0,0,0,0,0,0,0,0,0.235
0.236,0,0,0,0,0,0,0,0,0,0,0,0,0.236
0.237,0,0,0,0,0,0,0,0,0,0,0,0,0.237
0.238,0,0,0,0,0,0,0,0,0,0,0,0,0.238
0.239,0,0,0,0,0,0,0,0,0,0,0,0,0.239
0.24,0,0,0,0,0,0,0,0,0,0,0,0,0.24
0.241,0,0,0,0,0,0,0,0,0,0,0,0,0.241
0.242,0,0,0,0,0,0,0,0,0,0,0,0,0.242
0.243,0,0,0,0,0,0,0,0,0,0,0,0,0.243
0.244,0,0,0,0,0,0,0,0,0,0,0,0,0.244
0.245,0,0,0,0,0,0,0,0,0,0,0,0,0.245
0.246,0,0,0,0,0,0,0,0,0,0,0,0,0.246
0.247,0,0,0,0,0,0,0,0,0,0,0,0,0.247
0.248,0,0,0,0,0,0,0,0,0,0,0,0,0.248
0.249,0,0,0,0,0,0,0,0,0,0,0,0,0.249
0.25,0,0,0,0,0,0,0,0,0,0,0,0,0.25
0.251,0,0,0,0,0,0,0,0,0,0,0,0,0.251
0.252,0,0,0,0,0,0,0,0,0,0,0,0,0.252
0.253,0,0,0,0,0,0,0,0,0,0,0,0,0.253
0.254,0,0,0,0,0,0,0,0,0,0,0,0,0.254
0.255,0,0,0,0,0,0,0,0,0,0,0,0,0.255
0.256,0,0,0,0,0,0,0,0,0,0,0,0,0.256
0.257,0,0,0,0,0,0,0,0,0,0,0,0,0.257
0.258,0,0,0,0,0,0,0,0,0,0,0,0,0.258
0.259,0,0,0,0,0,0,0,0,0,0,0,0,0.259
0.26,0,0,0,0,0,0,0,0,0,0,0,0,0.26
0.261,0,0,0,0,0,0,0,0,0,0,0,0,0.261
0.262,0,0,0,0,0,0,0,0,0,0,0,0,0.262
0.263,0,0,0,0,0,0,0,0,0,0,0,0,0.263
0.264,0,0,0,0,0,0,0,0,0,0,0,0,0.264
0.265,0,0,0,0,0,0,0,0,0,0,0,0,0.265
0.266,0,0,0,0,0,0,0,0,0,0,0,0,0.266
0.267,0,0,0,0,0,0,0,0,0,0,0,0,0.267
0.268,0,0,0,0,0,0,0,0,0,0,0,0,0.268
0.269,0,0,0,0,0,0,0,0,0,0,0,0,0.269
0.27,0,0,0,0,0,0,0,0,0,0,0,0,0.27
0.271,0,0,0,0,0,0,0,0,0,0,0,0,0.271
0.272,0,0,0,0,0,0,0,0,0,0,0,0,0.272
0.273,0,0,0,0,0,0,0,0,0,0,0,0,0.273
0.274,0,0,0,0,0,0,0,0,0,0,0,0,0.274
0.275,0,0,0,0,0,0,0,0,0,0,0,0,0.275
0.276,0,0,0,0,0,0,0,0,0,0,0,0,0.276
0.277,0,0,0,0,0,0,0,0,0,0,0,0,0.277
0.278,0,0,0,0,0,0,0,0,0,0,0,0,0.278
0.279,0,0,0,0,0,0,0,0,0,0,0,0,0.279
0.28,0,0,0,0,0,0,0,0,0,0,0,0,0.28
0.281,0,0,0,0,0,0,0,0,0,0,0,0,0.281
0.282,0,0,0,0,0,0,0,0,0,0,0,0,0.282
0.283,0,0,0,0,0,0,0,0,0,0,0,0,0.283
0.284,0,0,0,0,0,0,0,0,0,0,0,0,0.284
0.285,0,0,0,0,0,0,0,0,0,0,0,0,0.285
0.286,0,0,0,0,0,0,0,0,0,0,0,0,0.286
0.287,0,0,0,0,0,0,0,0,0,0,0,0,0.287
0.288,0,0,0,0,0,0,0,0,0,0,0,0,0.288
0.289,0,0,0,0,0,0,0,0,0,0,0,0,0.289
0.29,0,0,0,0,0,0,0,0,0,0,0,0,0.29
0.291,0,0,0,0,0,0,0,0,0,0,0,0,0.291
0.292,0,0,0,0,0,0,0,0,0,0,0,0,0.292
0.293,0,0,0,0,0,0,0,0,0,0,0,0,0.293
0.294,0,0,0,0,0,0,0,0,0,0,0,0,0.294
0.295,0,0,0,0,0,0,0,0,0,0,0,0,0.295
0.296,0,0,0,0,0,0,0,0,0,0,0,0,0.296
0.297,0,0,0,0,0,0,0,0,0,0,0,0,0.297
0.298,0,0,0,0,0,0,0,0,0,0,0,0,0.298
0.299,0,0,0,0,0,0,0,0,0,0,0,0,0.299
0.3,0,0,0,0,0,0,0,0,0,0,0,0,0.3
0.301,0,0,0,0,0,0,0,0,0,0,0,0,0.301
0.302,0,0,0,0,0,0,0,0,0,0,0,0,0.302
0.303,0,0,0,0,0,0,0,0,0,0,0,0,0.303
0.304,0,0,0,0,0,0,0,0,0,0,0,0,0.304
0.305,0,0,0,0,0,0,0,0,0,0,0,0,0.305
0.306,0,0,0,0,0,0,0,0,0,0,0,0,0.306
0.307,0,0,0,0,0,0,0,0,0,0,0,0,0.307
0.308,0,0,0,0,0,0,0,0,0,0,0,0,0.308
0.309,0,0,0,0,0,0,0,0,0,0,0,0,0.309
0.31,0,0,0,0,0,0,0,0,0,0,0,0,0.31
0.311,0,0,0,0,0,0,0,0,0,0,0,0,0.311
0.312,0,0,0,0,0,0,0,0,0,0,0,0,0.312
0.313,0,0,0,0,0,0,0,0,0,0,0,0,0.313
0.314,0,0,0,0,0,0,0,0,0,0,0,0,0.314
0.315,0,0,0,0,0,0,0,0,0,0,0,0,0.315
0.316,0,0,0,0,0,0,0,0,0,0,0,0,0.316
0.317,0,0,0,0,0,0,0,0,0,0,0,0,0.317
0.318,0,0,0,0,0,0,0,0,0,0,0,0,0.318
0.319,0,0,0,0,0,0,0,0,0,0,0,0,0.319
0.32,0,0,0,0,0,0,0,0,0,0,0,0,0.32
0.321,0,0,0,0,0,0,0,0,0,0,0,0,0.321
0.322,0,0,0,0,0,0,0,0,0,0,0,0,0.322
0.323,0,0,0,0,0,0,0,0,0,0,0,0,0.323
0.324,0,0,0,0,0,0,0,0,0,0,0,0,0.324
0.325,0,0,0,0,0,0,0,0,0,0,0,0,0.325
0.326,0,0,0,0,0,0,0,0,0,0,0,0,0.326
0.327,0,0,0,0,0,0,0,0,0,0,0,0,0.327
0.328,0,0,0,0,0,0,0,0,0,0,0,0,0.328
0.329,0,0,0,0,0,0,0,0,0,0,0,0,0.329
0.33,0,0,0,0,0,0,0,0,0,0,0,0,0.33
0.331,0,0,0,0,0,0,0,0,0,0,0,0,0.331
0.332,0,0,0,0,0,0,0,0,0,0,0,0,0.332
0.333,0,0,0,0,0,0,0,0,0,0,0,0,0.333
0.334,0,0,0,0,0,0,0,0,0,0,0,0,0.334
0.335,0,0,0,0,0,0,0,0,0,0,0,0,0.335
0.336,0,0,0,0,0,0,0,0,0,0,0,0,0.336
0.337,0,0,0,0,0,0,0,0,0,0,0,0,0.337
0.338,0,0,0,0,0,0,0,0,0,0,0,0,0.338
0.339,0,0,0,0,0,0,0,0,0,0,0,0,0.339
0.34,0,0,0,0,0,0,0,0,0,0,0,0,0.34
0.341,0,0,0,0,0,0,0,0,0,0,0,0,0.341
0.342,0,0,0,0,0,0,0,0,0,0,0,0,0.342
0.343,0,0,0,0,0,0,0,0,0,0,0,0,0.343
0.344,0,0,0,0,0,0,0,0,0,0,0,0,0.344
0.345,0,0,0,0,0,0,0,0,0,0,0,0,0.345
0.346,0,0,0,0,0,0,0,0,0,0,0,0,0.346
0.347,0,0,0,0,0,0,0,0,0,0,0,0,0.347
0.348,0,0,0,0,0,0,0,0,0,0,0,0,0.348
0.349,0,0,0,0,0,0,0,0,0,0,0,0,0.349
0.35,0,0,0,0,0,0,0,0,0,0,0,0,0.35
0.351,0,0,0,0,0,0,0,0,0,0,0,0,0.351
0.352,0,0,0,0,0,0,0,0,0,0,0,0,0.352
0.353,0,0,0,0,0,0,0,0,0,0,0,0,0.353
0.354,0,0,0,0,0,0,0,0,0,0,0,0,0.354
0.355,0,0,0,0,0,0,0,0,0,0,0,0,0.355
0.356,0,0,0,0,0,0,0,0,0,0,0,0,0.356
0.357,0,0,0,0,0,0,0,0,0,0,0,0,0.357
0.358,0,0,0,0,0,0,0,0,0,0,0,0,0.358
0.359,0,0,0,0,0,0,0,0,0,0,0,0,0.359
0.36,0,0,0,0,0,0,0,0,0,0,0,0,0.36
0.361,0,0,0,0,0,0,0,0,0,0,0,0,0.361
0.362,0,0,0,0,0,0,0,0,0,0,0,0,0.362
0.363,0,0,0,0,0,0,0,0,0,0,0,0,0.363
0.364,0,0,0,0,0,0,0,0,0,0,0,0,0.364
0.365,0,0,0,0,0,0,0,0,0,0,0,0,0.365
0.366,0,0,0,0,0,0,0,0,0,0,0,0,0.366
0.367,0,0,0,0,0,0,0,0,0,0,0,0,0.367
0.368,0,0,0,0,0,0,0,0,0,0,0,0,0.368
0.369,0,0,0,0,0,0,0,0,0,0,0,0,0.369
0.37,0,0,0,0,0,0,0,0,0,0,0,0,0.37
0.371,0,0,0,0,0,0,0,0,0,0,0,0,0.371
0.372,0,0,0,0,0,0,0,0,0,0,0,0,0.372
0.373,0,0,0,0,0,0,0,0,0,0,0,0,0.373
0.374,0,0,0,0,0,0,0,0,0,0,0,0,0.374
0.375,0,0,0,0,0,0,0,0,0,0,0,0,0.375
0.376,0,0,0,0,0,0,0,0,0,0,0,0,0.376
0.377,0,0,0,0,0,0,0,0,0,0,0,0,0.377
0.378,0,0,0,0,0,0,0,0,0,0,0,0,0.378
0.379,0,0,0,0,0,0,0,0,0,0,0,0,0.379
0.38,0,0,0,0,0,0,0,0,0,0,0,0,0.38
0.381,0,0,0,0,0,0,0,0,0,0,0,0,0.381
0.382,0,0,0,0,0,0,0,0,0,0,0,0,0.382
0.383,0,0,0,0,0,0,0,0,0,0,0,0,0.383
0.384,0,0,0,0,0,0,0,0,0,0,0,0,0.384
0.385,0,0,0,0,0,0,0,0,0,0,0,0,0.385
0.386,0,0,0,0,0,0,0,0,0,0,0,0,0.386
0.387,0,0,0,0,0,0,0,0,0,0,0,0,0.387
0.388,0,0,0,0,0,0,0,0,0,0,0,0,0.388
0.389,0,0,0,0,0,0,0,0,0,0,0,0,0.389
0.39,0,0,0,0,0,0,0,0,0,0,0,0,0.39
0.391,0,0,0,0,0,0,0,0,0,0,0,0,0.391
0.392,0,0,0,0,0,0,0,0,0,0,0,0,0.392
0.393,0,0,0,0,0,0,0,0,0,0,0,0,0.393
0.394,0,0,0,0,0,0,0,0,0,0,0,0,0.394
0.395,0,0,0,0,0,0,0,0,0,0,0,0,0.395
0.396,0,0,0,0,0,0,0,0,0,0,0,0,0.396
0.397,0,0,0,0,0,0,0,0,0,0,0,0,0.397
0.398,0,0,0,0,0,0,0,0,0,0,0,0,0.398
0.399,0,0,0,0,0,0,0,0,0,0,0,0,0.399
0.4,0,0,0,0,0,0,0,0,0,0,0,0,0.4
0.401,0,0,0,0,0,0,0,0,0,0,0,0,0.401
0.402,0,0,0,0,0,0,0,0,0,0,0,0,0.402
0.403,0,0,0,0,0,0,0,0,0,0,0,0,0.403
0.404,0,0,0,0,0,0,0,0,0,0,0,0,0.404
0.405,0,0,0,0,0,0,0,0,0,0,0,0,0.405
0.406,0,0,0,0,0,0,0,0,0,0,0,0,0.406
0.407,0,0,0,0,0,0,0,0,0,0,0,0,0.407
0.408,0,0,0,0,0,0,0,0,0,0,0,0,0.408
0.409,0,0,0,0,0,0,0,0,0,0,0,0,0.409
0.41,0,0,0,0,0,0,0,0,0,0,0,0,0.41
0.411,0,0,0,0,0,0,0,0,0,0,0,0,0.411
0.412,0,0,0,0,0,0,0,0,0,0,0,0,0.412
0.413,0,0,0,0,0,0,0,0,0,0,0,0,0.413
0.414,0,0,0,0,0,0,0,0,0,0,0,0,0.414
0.415,0,0,0,0,0,0,0,0,0,0,0,0,0.415
0.416,0,0,0,0,0,0,0,0,0,0,0,0,0.416
0.417,0,0,0,0,0,0,0,0,0,0,0,0,0.417
0.418,0,0,0,0,0,0,0,0,0,0,0,0,0.418
0.419,0,0,0,0,0,0,0,0,0,0,0,0,0.419
0.42,0,0,0,0,0,0,0,0,0,0,0,0,0.42
0.421,0,0,0,0,0,0,0,0,0,0,0,0,0.421
0.422,0,0,0,0,0,0,0,0,0,0,0,0,0.422
0.423,0,0,0,0,0,0,0,0,0,0,0,0,0.423
0.424,0,0,0,0,0,0,0,0,0,0,0,0,0.424
0.425,0,0,0,0,0,0,0,0,0,0,0,0,0.425
0.426,0,0,0,0,0,0,0,0,0,0,0,0,0.426
0.427,0,0,0,0,0,0,0,0,0,0,0,0,0.427
0.428,0,0,0,0,0,0,0,0,0,0,0,0,0.428
0.429,0,0,0,0,0,0,0,0,0,0,0,0,0.429
0.43,0,0,0,0,0,0,0,0,0,0,0,0,0.43
0.431,0,0,0,0,0,0,0,0,0,0,0,0,0.431
0.432,0,0,0,0,0,0,0,0,0,0,0,0,0.432
0.433,0,0,0,0,0,0,0,0,0,0,0,0,0.433
0.434,0,0,0,0,0,0,0,0,0,0,0,0,0.434
0.435,0,0,0,0,0,0,0,0,0,0,0,0,0.435
0.436,0,0,0,0,0,0,0,0,0,0,0,0,0.436
0.437,0,0,0,0,0,0,0,0,0,0,0,0,0.437
0.438,0,0,0,0,0,0,0,0,0,0,0,0,0.438
0.439,0,0,0,0,0,0,0,0,0,0,0,0,0.439
0.44,0,0,0,0,0,0,0,0,0,0,0,0,0.44
0.441,0,0,0,0,0,0,0,0,0,0,0,0,0.441
0.442,0,0,0,0,0,0,0,0,0,0,0,0,0.442
0.443,0,0,0,0,0,0,0,0,0,0,0,0,0.443
0.444,0,0,0,0,0,0,0,0,0,0,0,0,0.444
0.445,0,0,0,0,0,0,0,0,0,0,0,0,0.445
0.446,0,0,0,0,0,0,0,0,0,0,0,0,0.446
0.447,0,0,0,0,0,0,0,0,0,0,0,0,0.447
0.448,0,0,0,0,0,0,0,0,0,0,0,0,0.448
0.449,0,0,0,0,0,0,0,0,0,0,0,0,0.449
0.45,0,0,0,0,0,0,0,0,0,0,0,0,0.45
0.451,0,0,0,0,0,0,0,0,0,0,0,0,0.451
0.452,0,0,0,0,0,0,0,0,0,0,0,0,0.452
0.453,0,0,0,0,0,0,0,0,0,0,0,0,0.453
0.454,0,0,0,0,0,0,0,0,0,0,0,0,0.454
0.455,0,0,0,0,0,0,0,0,0,0,0,0,0.455
0.456,0,0,0,0,0,0,0,0,0,0,0,0,0.456
0.457,0,0,0,0,0,0,0,0,0,0,0,0,0.457
0.458,0,0,0,0,0,0,0,0,0,0,0,0,0.458
0.459,0,0,0,0,0,0,0,0,0,0,0,0,0.459
0.46,0,0,0,0,0,0,0,0,0,0,0,0,0.46
0.461,0,0,0,0,0,0,0,0,0,0,0,0,0.461
0.462,0,0,0,0,0,0,0,0,0,0,0,0,0.462
0.463,0,0,0,0,0,0,0,0,0,0,0,0,0.463
0.464,0,0,0,0,0,0,0,0,0,0,0,0,0.464
0.465,0,0,0,0,0,0,0,0,0,0,0,0,0.465
0.466,0,0,0,0,0,0,0,0,0,0,0,0,0.466
0.467,0,0,0,0,0,0,0,0,0,0,0,0,0.467
0.468,0,0,0,0,0,0,0,0,0,0,0,0,0.468
0.469,0,0,0,0,0,0,0,0,0,0,0,0,0.469
0.47,0,0,0,0,0,0,0,0,0,0,0,0,0.47
0.471,0,0,0,0,0,0,0,0,0,0,0,0,0.471
0.472,0,0,0,0,0,0,0,0,0,0,0,0,0.472
0.473,0,0,0,0,0,0,0,0,0,0,0,0,0.473
0.474,0,0,0,0,0,0,0,0,0,0,0,0,0.474
0.475,0,0,0,0,0,0,0,0,0,0,0,0,0.475
0.476,0,0,0,0,0,0,0,0,0,0,0,0,0.476
0.477,0,0,0,0,0,0,0,0,0,0,0,0,0.477
0.478,0,0,0,0,0,0,0,0,0,0,0,0,0.478
0.479,0,0,0,0,0,0,0,0,0,0,0,0,0.479
0.48,0,0,0,0,0,0,0,0,0,0,0,0,0.48
0.481,0,0,0,0,0,0,0,0,0,0,0,0,0.481
0.482,0,0,0,0,0,0,0,0,0,0,0,0,0.482
0.483,0,0,0,0,0,0,0,0,0,0,0,0,0.483
0.484,0,0,0,0,0,0,0,0,0,0,0,0,0.484
0.485,0,0,0,0,0,0,0,0,0,0,0,0,0.485
0.486,0,0,0,0,0,0,0,0,0,0,0,0,0.486
0.487,0,0,0,0,0,0,0,0,0,0,0,0,0.487
0.488,0,0,0,0,0,0,0,0,0,0,0,0,0.488
0.489,0,0,0,0,0,0,0,0,0,0,0,0,0.489
0.49,0,0,0,0,0,0,0,0,0,0,0,0,0.49
0.491,0,0,0,0,0,0,0,0,0,0,0,0,0.491
0.492,0,0,0,0,0,0,0,0,0,0,0,0,0.492
0.493,0,0,0,0,0,0,0,0,0,0,0,0,0.493
0.494,0,0,0,0,0,0,0,0,0,0,0,0,0.494
0.495,0,0,0,0,0,0,0,0,0,0,0,0,0.495
0.496,0,0,0,0,0,0,0,0,0,0,0,0,0.496
0.497,0,0,0,0,0,0,0,0,0,0,0,0,0.497
0.498,0,0,0,0,0,0,0,0,0,0,0,0,0.498
0.499,0,0,0,0,0,0,0,0,0,0,0,0,0.499
0.5,0,0,0,0,0,0,0,0,0,0,0,0,0.5
0.501,0,0,0,0,0,0,0,0,0,0,0,0,0.501
0.502,0,0,0,0,0,0,0,0,0,0,0,0,0.502
0.503,0,0,0,0,0,0,0,0,0,0,0,0,0.503
0.504,0,0,0,0,0,0,0,0,0,0,0,0,0.504
0.505,0,0,0,0,0,0,0,0,0,0,0,0,0.505
0.506,0,0,0,0,0,0,0,0,0,0,0,0,0.506
0.507,0,0,0,0,0,0,0,0,0,0,0,0,0.507
0.508,0,0,0,0,0,0,0,0,0,0,0,0,0.508
0.509,0,0,0,0,0,0,0,0,0,0,0,0,0.509
0.51,0,0,0,0,0,0,0,0,0,0,0,0,0.51
0.511,0,0,0,0,0,0,0,0,0,0,0,0,0.511
0.512,0,0,0,0,0,0,0,0,0,0,0,0,0.512
0.513,0,0,0,0,0,0,0,0,0,0,0,0,0.513
0.514,0,0,0,0,0,0,0,0,0,0,0,0,0.514
0.515,0,0,0,0,0,0,0,0,0,0,0,0,0.515
0.516,0,0,0,0,0,0,0,0,0,0,0,0,0.516
0.517,0,0,0,0,0,0,0,0,0,0,0,0,0.517
0.518,0,0,0,0,0,0,0,0,0,0,0,0,0.518
0.519,0,0,0,0,0,0,0,0,0,0,0,0,0.519
0.52,0,0,0,0,0,0,0,0,0,0,0,0,0.52
0.521,0,0,0,0,0,0,0,0,0,0,0,0,0.521
0.522,0,0,0,0,0,0,0,0,0,0,0,0,0.522
0.523,0,0,0,0,0,0,0,0,0,0,0,0,0.523
0.524,0,0,0,0,0,0,0,0,0,0,0,0,0.524
0.525,0,0,0,0,0,0,0,0,0,0,0,0,0.525
0.526,0,0,0,0,0,0,0,0,0,0,0,0,0.526
0.527,0,0,0,0,0,0,0,0,0,0,0,0,0.527
0.528,0,0,0,0,0,0,0,0,0,0,0,0,0.528
0.529,0,0,0,0,0,0,0,0,0,0,0,0,0.529
0.53,0,0,0,0,0,0,0,0,0,0,0,0,0.53
0.531,0,0,0,0,0,0,0,0,0,0,0,0,0.531
0.532,0,0,0,0,0,0,0,0,0,0,0,0,0.532
0.533,0,0,0,0,0,0,0,0,0,0,0,0,0.533
0.534,0,0,0,0,0,0,0,0,0,0,0,0,0.534
0.535,0,0,0,0,0,0,0,0,0,0,0,0,0.535
0.536,0,0,0,0,0,0,0,0,0,0,0,0,0.536
0.537,0.00718299,0,0,0,0,0,0,0,0,0,0,0,0.537
0.538,0.0527206,0,0,0,0,0,0,0,0,0,-3.52344,0,0.538
0.539,0.107022,0,0,0,0,0,0,-0.00352344,0,0,-27.7129,0,0.539
0.54,0.159671,0,0,0,0,0,0,-0.0312364,0,0,-67.0372,0,0.54
0.541,0.207807,0,0,0,0,0,0,-0.0982735,0,0,-113.31,0,0.541
0.542,0.25164,0,0.00855941,0,0,0,0,-0.211583,0,0,-160.69,0,0.542
0.543,0.291992,0,0.0218737,0,0,0,0,-0.372273,0,-3.22398,-205.862,0.53733,0.543
0.544,0.328217,0,0.0374782,0,0,0,-0.00322049,-0.578135,0.000537341,-9.93297,-247.571,1.65549,0.544
0.545,0.359259,0,0.0546585,0,0,0,-0.0131369,-0.825706,0.002179,-19.3039,-284.915,3.21732,0.545
0.546,0.383952,0,0.0731328,0,0,0,-0.0323954,-1.11062,0.00533132,-30.5978,-316.938,5.0997,0.546
0.547,0.401326,0,0.0929946,0,0,0,-0.0628978,-1.42756,0.0102528,-43.2888,-342.604,7.21535,0.547
0.548,0.410423,0,0.113847,0,0.000256395,0,-0.106016,-1.77017,0.0170941,-57.1128,-360.938,9.52084,0.548
0.549,0.410425,0,0.135168,0,0.00116067,0,-0.162855,-2.13113,0.0259513,-71.7474,-371.032,11.9077,0.549
0.55,0.405488,0,0.156353,0,0.00239926,0,-0.234199,-2.50219,0.0368119,-86.7889,-372.105,14.1958,0.55
0.551,0.398277,0,0.176808,0,0.00384584,0,-0.320434,-2.87435,0.0494987,-101.815,-365.89,16.3246,0.551
0.552,0.390123,0,0.195904,0,0.0054423,0,-0.421531,-3.24033,0.0637947,-116.385,-354.713,18.2555,0.552
0.553,0.381696,0,0.212922,0,0.00716322,0,-0.537031,-3.59517,0.0794651,-130.039,-340.547,19.9442,0.553
0.554,0.373331,0,0.227156,0,0.0089933,0,-0.666017,-3.93588,0.0962496,-142.273,-324.838,21.3305,0.554
0.555,0.365192,0,0.238008,0,0.0108856,0,-0.807083,-4.26095,0.113844,-152.571,-308.577,22.3453,0.555
0.556,0.357355,0,0.244808,0,0.0127811,0,-0.958313,-4.56981,0.131891,-160.455,-292.421,22.9285,0.556
0.557,0.349852,0,0.246949,0,0.0146286,0,-1.11733,-4.86257,0.149983,-165.452,-276.799,23.0247,0.557
0.558,0.342691,0,0.24404,0,0.0163696,0,-1.28128,-5.13977,0.167669,-167.118,-261.996,22.5832,0.558
0.559,0.33587,0,0.236619,0,0.0179448,0,-1.44689,-5.4022,0.184456,-165.11,-248.193,21.5715,0.559
0.56,0.329378,0,0.22713,0,0.0192756,0,-1.61056,-5.65086,0.199822,-159.491,-235.465,20.0255,0.56
0.561,0.323204,0,0.216774,0,0.0202711,0,-1.76872,-5.8868,0.213287,-151.254,-223.725,18.14,0.561
0.562,0.317335,0,0.20619,0,0.0208463,0,-1.91882,-6.11098,0.224572,-141.415,-212.858,16.1183,0.562
0.563,0.311757,0,0.195723,0,0.0209281,0,-2.05927,-6.32425,0.233606,-130.779,-202.751,14.1293,0.563
0.564,0.306456,0,0.185562,0,0.0207078,0,-2.18929,-6.52738,0.240482,-119.917,-193.316,12.3005,0.564
0.565,0.301419,0,0.175805,0,0.0203507,0,-2.30865,-6.72103,0.245421,-109.193,-184.473,10.6662,0.565
0.566,0.296633,0,0.166502,0,0.0199375,0,-2.41746,-6.90578,0.24867,-98.819,-176.156,9.21094,0.566
0.567,0.292087,0,0.157678,0,0.0195079,0,-2.51607,-7.08217,0.250455,-88.9172,-168.314,7.90889,0.567
0.568,0.287767,0,0.14934,0,0.0190812,0,-2.60492,-7.25067,0.250971,-79.5508,-160.903,6.73669,0.568
0.569,0.283663,0,0.141502,0,0.0186666,0,-2.68454,-7.41171,0.250384,-70.7488,-153.887,5.67629,0.569
0.57,0.279764,0,0.134178,0,0.0182679,0,-2.75549,-7.56569,0.248833,-62.523,-147.236,4.71512,0.57
0.571,0.27606,0,0.127363,0,0.0178869,0,-2.81833,-7.71299,0.246444,-54.8787,-140.921,3.84522,0.571
0.572,0.272541,0,0.121054,0,0.0175238,0,-2.87363,-7.85393,0.243327,-47.8092,-134.918,3.06028,0.572
0.573,0.269198,0,0.115256,0,0.0171782,0,-2.92195,-7.98883,0.239585,-41.3036,-129.205,2.35557,0.573
0.574,0.266022,0,0.10996,0,0.0168495,0,-2.96385,-8.11798,0.235309,-35.3513,-123.76,1.72786,0.574
0.575,0.263005,0,0.105147,0,0.0165372,0,-2.99986,-8.24167,0.230588,-29.9376,-118.564,1.17402,0.575
0.576,0.260139,0,0.100795,0,0.0162404,0,-3.03053,-8.36013,0.225503,-25.0411,-113.602,0.69037,0.576
0.577,0.257416,0,0.0968932,0,0.0159584,0,-3.05635,-8.47361,0.22013,-20.638,-108.858,0.273059,0.577
0.578,0.254829,0,0.0934185,0,0.0156905,0,-3.07782,-8.58233,0.214537,-16.7052,-104.319,-0.0814258,0.578
0.579,0.252372,0,0.0903369,0,0.0154359,0,-3.09538,-8.68649,0.208791,-13.2179,-99.9716,-0.376828,0.579
0.58,0.250037,0,0.0876254,0,0.0151941,0,-3.10948,-8.7863,0.202949,-10.1453,-95.8066,-0.617783,0.58
0.581,0.247819,0,0.0852748,0,0.0149644,0,-3.12052,-8.88193,0.197066,-7.45844,-91.814,-0.80862,0.581
0.582,0.245712,0,0.0832697,0,0.0147461,0,-3.12889,-8.97356,0.19119,-5.13466,-87.9841,-0.95261,0.582
0.583,0.243711,0,0.0816155,0.000384248,0.0145388,0,-3.13493,-9.06136,0.185365,-3.15261,-84.3076,-1.05279,0.583
0.584,0.241809,0,0.0803055,0.00106507,0.0143418,0,-3.13899,-9.14549,0.179632,-1.35502,-80.7531,-1.13484,0.584
0.585,0.240003,0,0.0793269,0.00173678,0.0141547,0,-3.14124,-9.22606,0.174006,0.313438,-77.3047,-1.20748,0.585
0.586,0.238287,0,0.0786568,0.00227093,0.0139769,0,-3.14181,-9.30318,0.168492,1.7733,-73.9682,-1.25696,0.586
0.587,0.236656,0,0.0782779,0.00260571,0.0138081,0,-3.1409,-9.37697,0.163113,2.94416,-70.752,-1.2694,0.587
0.588,0.235108,0,0.0781596,0.00272958,0.0136476,0,-3.13881,-9.44754,0.157899,3.76875,-67.6619,-1.23479,0.588
0.589,0.233636,0,0.0781679,0.00275244,0.0134952,0,-3.13586,-9.51504,0.152893,4.22673,-64.7002,-1.14928,0.589
0.59,0.232238,0,0.0782362,0.00272675,0.0133504,0,-3.13242,-9.57958,0.148141,4.4015,-61.8672,-1.02634,0.59
0.591,0.23091,0,0.0783312,0.00267862,0.0132129,0,-3.12876,-9.6413,0.143673,4.38468,-59.1615,-0.880792,0.591
0.592,0.229649,0,0.0784366,0.00262106,0.0130822,0,-3.12508,-9.70032,0.139506,4.24911,-56.58,-0.724355,0.592
0.593,0.228451,0,0.0785443,0.00256044,0.0129581,0,-3.12148,-9.75678,0.135643,4.04575,-54.1184,-0.565094,0.593
0.594,0.227312,0,0.0786504,0.00249989,0.0128401,0,-3.11804,-9.81078,0.13208,3.80776,-51.7721,-0.408124,0.594
0.595,0.22623,0,0.0787531,0.00244089,0.0127281,0,-3.11478,-9.86246,0.128809,3.55573,-49.536,-0.256468,0.595
0.596,0.225203,0,0.0788516,0.00238409,0.0126217,0,-3.11174,-9.91191,0.125817,3.30194,-47.4052,-0.111777,0.596
0.597,0.224227,0,0.0789456,0.00232977,0.0125205,0,-3.10891,-9.95924,0.123091,3.05341,-45.3746,0.0251585,0.597
0.598,0.223299,0,0.0790351,0.00227797,0.0124245,0,-3.10628,-10.0045,0.120618,2.81395,-43.4394,0.154067,0.598
0.599,0.222418,0,0.0791203,0.00222867,0.0123332,0,-3.10386,-10.0479,0.118384,2.58549,-41.5951,0.274979,0.599
0.6,0.221582,0,0.0792013,0.00218179,0.0122465,0,-3.10162,-10.0895,0.116376,2.36879,-39.8371,0.388097,0.6
0.601,0.220786,0,0.0792783,0.00213723,0.0121642,0,-3.09957,-10.1293,0.11458,2.16403,-38.1612,0.493711,0.601
0.602,0.220031,0,0.0793514,0.00209489,0.0120859,0,-3.09768,-10.1674,0.112985,1.97099,-36.5634,0.592155,0.602
0.603,0.219314,0,0.0794209,0.00205466,0.0120116,0,-3.09596,-10.204,0.111578,1.7893,-35.0399,0.683779,0.603
0.604,0.218632,0,0.079487,0.00201644,0.011941,0,-3.09439,-10.239,0.110349,1.61847,-33.587,0.768932,0.604
0.605,0.217984,0,0.0795497,0.00198013,0.0118739,0,-3.09296,-10.2726,0.109287,1.45799,-32.2012,0.847959,0.605
0.606,0.217369,0,0.0796093,0.00194563,0.0118102,0,-3.09166,-10.3048,0.108381,1.30734,-30.8793,0.921189,0.606
0.607,0.216785,0,0.0796659,0.00191286,0.0117497,0,-3.09049,-10.3356,0.107624,1.16599,-29.6181,0.988941,0.607
0.608,0.216229,0,0.0797196,0.00188173,0.0116921,0,-3.08944,-10.3653,0.107004,1.03346,-28.4147,1.05152,0.608
0.609,0.215702,0,0.0797707,0.00185215,0.0116375,0,-3.08849,-10.3937,0.106515,0.909247,-27.2663,1.1092,0.609
0.61,0.215201,0,0.0798193,0.00182405,0.0115856,0,-3.08765,-10.421,0.106147,0.792912,-26.1702,1.16227,0.61
0.611,0.214725,0,0.0798654,0.00179736,0.0115363,0,-3.0869,-10.4472,0.105894,0.684013,-25.1238,1.21098,0.611
0.612,0.214273,0,0.0799092,0.001772,0.0114894,0,-3.08624,-10.4723,0.105748,0.582139,-24.1248,1.25558,0.612
0.613,0.213843,0,0.0799508,0.00174791,0.0114449,0,-3.08567,-10.4965,0.105702,0.486899,-23.1708,1.2963,0.613
0.614,0.213435,0,0.0799903,0.00172502,0.0114027,0,-3.08517,-10.5197,0.10575,0.397924,-22.2597,1.33336,0.614
0.615,0.213047,0,0.0800279,0.00170328,0.0113625,0,-3.08475,-10.542,0.105886,0.314862,-21.3895,1.36697,0.615
0.616,0.212679,0,0.0800635,0.00168262,0.0113243,0,-3.0844,-10.5634,0.106103,0.237382,-20.5581,1.39733,0.616
0.617,0.212329,0,0.0800974,0.001663,0.0107246,0,-3.08411,-10.584,0.106398,0.165174,-19.7637,1.42463,0.617
0.618,0.206829,0,0.0804194,0.00135457,0.0104366,0,-3.08387,-10.6038,0.106763,0.0486164,-19.0103,1.57664,0.618
0.619,0.204187,0,0.0805804,0.00120646,0.0102926,0,-3.08372,-10.6229,0.107324,-0.391225,-15.9843,1.77768,0.619
0.62,0.202867,0,0.0806609,0.00113241,0.0102206,0,-3.08394,-10.639,0.108255,-0.805175,-13.0456,1.93996,0.62
0.621,0.202206,0,0.0807012,0.00109538,0.0101846,0,-3.08451,-10.6521,0.109512,-1.10915,-10.7689,2.0482,0.621
0.622,0.201876,0,0.0807213,0.00107687,0.0101666,0,-3.08535,-10.663,0.111004,-1.30556,-9.16108,2.11007,0.622
0.623,0.201711,0,0.0807313,0.00106761,0.0101576,0,-3.08635,-10.6722,0.112646,-1.41977,-8.07238,2.13803,0.623
0.624,0.201628,0,0.0807364,0.00106298,0.0101531,0,-3.08745,-10.6804,0.114376,-1.47763,-7.34451,2.14312,0.624
0.625,0.201587,0,0.0807389,0.00106067,0.0101509,0,-3.0886,-10.6878,0.116152,-1.49916,-6.85283,2.13357,0.625
0.626,0.201567,0,0.0807401,0.00105951,0.0101497,0,-3.08976,-10.6948,0.117944,-1.49829,-6.51019,2.11501,0.626
0.627,0.201556,0,0.0807408,0.00105893,0.0101492,0,-3.09093,-10.7014,0.119736,-1.48407,-6.2595,2.09112,0.627
0.628,0.201551,0,0.0807411,0.00105864,0.0101489,0,-3.09208,-10.7078,0.121518,-1.46218,-6.06479,2.06418,0.628
0.629,0.201549,0,0.0807412,0.0010585,0.0101487,0,-3.09322,-10.714,0.123282,-1.43605,-5.90405,2.03562,0.629
0.63,0.201547,0,0.0807413,0.00105842,0.0101487,0,-3.09433,-10.72,0.125027,-1.40776,-5.76405,2.00628,0.63
0.631,0.201547,0,0.0807414,0.00105839,0.0101486,0,-3.09542,-10.7258,0.126749,-1.37851,-5.63697,1.97668,0.631
0.632,0.201546,0,0.0807414,0.00105837,0.0101486,0,-3.09648,-10.7316,0.128448,-1.349,-5.51821,1.9471,0.632
0.633,0.201546,0,0.0807414,0.00105836,0.0101486,0,-3.09752,-10.7372,0.130124,-1.31961,-5.40511,1.91773,0.633
0.634,0.201546,0,0.0807414,0.00105836,0.0101486,0,-3.09853,-10.7427,0.131775,-1.29058,-5.29613,1.88866,0.634
0.635,0.201546,0,0.0807414,0.00105835,0.0101486,0,-3.09952,-10.7481,0.133404,-1.26203,-5.19035,1.85993,0.635
0.636,0.201546,0,0.0807414,0.00105835,0.0101486,0,-3.10048,-10.7533,0.135008,-1.234,-5.08726,1.83158,0.636
0.637,0.201546,0,0.0807414,0.00105835,0.0101486,0,-3.10142,-10.7585,0.13659,-1.20654,-4.98652,1.80363,0.637
0.638,0.201546,0,0.0807414,0.00105835,0.0101486,0,-3.10233,-10.7636,0.138148,-1.17965,-4.88796,1.77607,0.638
0.639,0.201546,0,0.0807414,0.00105835,0.0101486,0,-3.10323,-10.7686,0.139684,-1.15333,-4.79145,1.74891,0.639
0.64,0.201546,0,0.0807414,0.00105835,0.0101486,0,-3.1041,-10.7735,0.141198,-1.12758,-4.69689,1.72215,0.64
0.641,0.201546,0,0.0807414,0.00105835,0.0101486,0,-3.10494,-10.7782,0.14269,-1.1024,-4.60423,1.69578,0.641
0.642,0.201546,0,0.0807414,0.00105835,0.0101486,0,-3.10577,-10.7829,0.144159,-1.07776,-4.51341,1.6698,0.642
0.643,0.201546,0,0.0807414,0.00105835,0.0101486,0,-3.10658,-10.7875,0.145608,-1.05366,-4.42439,1.6442,0.643
0.644,0.201546,0,0.0807414,0.00105835,0.0101486,0,-3.10737,-10.792,0.147035,-1.03009,-4.33712,1.61898,0.644
0.645,0.201546,0,0.0807414,0.00105835,0.0101486,0,-3.10813,-10.7965,0.148441,-1.00704,-4.25158,1.59413,0.645
0.646,0.201546,0,0.0807414,0.00105835,0.0101486,0,-3.10888,-10.8008,0.149827,-0.984493,-4.16772,1.56965,0.646
0.647,0.201546,0,0.0807414,0.00105835,0.0101486,0,-3.10961,-10.805,0.151193,-0.962442,-4.08552,1.54554,0.647
0.648,0.201546,0,0.0807414,0.00105835,0.0101486,0,-3.11032,-10.8092,0.152538,-0.940875,-4.00493,1.52178,0.648
0.649,0.201546,0,0.0807414,0.00105835,0.0101486,0,-3.11101,-10.8133,0.153864,-0.919783,-3.92594,1.49837,0.649
0.65,0.201546,0,0.0807414,0.00105835,0.0101486,0,-3.11169,-10.8173,0.15517,-0.899154,-3.8485,1.47532,0.65
0.651,0.201546,0,0.0807414,0.00105835,0.0101486,0,-3.11234,-10.8212,0.156457,-0.87898,-3.77258,1.4526,0.651
0.652,0.201546,0,0.0807414,0.00105835,0.0101486,0,-3.11298,-10.825,0.157726,-0.859249,-3.69816,1.43022,0.652
0.653,0.201546,0,0.0807414,0.00105835,0.0101486,0,-3.11361,-10.8288,0.158975,-0.839953,-3.62521,1.40818,0.653
0.654,0.201546,0,0.0807414,0.00105835,0.0101486,0,-3.11422,-10.8325,0.160206,-0.821082,-3.5537,1.38646,0.654
0.655,0.201546,0,0.0807414,0.00105835,0.0101486,0,-3.11481,-10.8361,0.161419,-0.802626,-3.48359,1.36507,0.655
0.656,0.201546,0,0.0807414,0.00105835,0.0101486,0,-3.11539,-10.8397,0.162614,-0.784577,-3.41487,1.344,0.656
0.657,0.201546,0,0.0807414,0.00105835,0.0101486,0,-3.11595,-10.8432,0.163792,-0.766926,-3.3475,1.32324,0.657
0.658,0.201546,0,0.0807414,0.00105835,0.0101486,0,-3.1165,-10.8466,0.164952,-0.749664,-3.28146,1.3028,0.658
0.659,0.201546,0,0.0807414,0.00105835,0.0101486,0,-3.11703,-10.8499,0.166095,-0.732783,-3.21672,1.28265,0.659
0.66,0.201546,0,0.0807414,0.00105835,0.0101486,0,-3.11756,-10.8532,0.167221,-0.716275,-3.15326,1.26281,0.66
0.661,0.201546,0,0.0807414,0.00105835,0.0101486,0,-3.11806,-10.8564,0.16833,-0.700131,-3.09105,1.24327,0.661
0.662,0.201546,0,0.0807414,0.00105835,0.0101486,0,-3.11856,-10.8596,0.169423,-0.684343,-3.03006,1.22402,0.662
0.663,0.201546,0,0.0807414,0.00105835,0.0101486,0,-3.11904,-10.8627,0.170499,-0.668904,-2.97028,1.20506,0.663
0.664,0.201546,0,0.0807414,0.00105835,0.0101486,0,-3.11951,-10.8657,0.17156,-0.653806,-2.91167,1.18638,0.664
0.665,0.201546,0,0.0807414,0.00105835,0.0101486,0,-3.11996,-10.8687,0.172605,-0.639041,-2.85422,1.16798,0.665
0.666,0.201546,0,0.0807414,0.00105835,0.0101486,0,-3.12041,-10.8716,0.173634,-0.624604,-2.79791,1.14986,0.666
0.667,0.201546,0,0.0807414,0.00105835,0.0101486,0,-3.12084,-10.8745,0.174648,-0.610485,-2.7427,1.13202,0.667
0.668,0.201546,0,0.0807414,0.00105835,0.0101486,0,-3.12126,-10.8773,0.175647,-0.596679,-2.68858,1.11444,0.668
0.669,0.201546,0,0.0807414,0.00105835,0.0101486,0,-3.12168,-10.88,0.176631,-0.583178,-2.63553,1.09712,0.669
0.67,0.201546,0,0.0807414,0.00105835,0.0101486,0,-3.12208,-10.8827,0.177601,-0.569976,-2.58353,1.08007,0.67
0.671,0.201546,0,0.0807414,0.00105835,0.0101486,0,-3.12247,-10.8853,0.178556,-0.557067,-2.53255,1.06327,0.671
0.672,0.201546,0,0.0807414,0.00105835,0.0101486,0,-3.12285,-10.8879,0.179496,-0.544444,-2.48257,1.04673,0.672
0.673,0.201546,0,0.0807414,0.00105835,0.0101486,0,-3.12321,-10.8905,0.180423,-0.5321,-2.43358,1.03044,0.673
0.674,0.201546,0,0.0807414,0.00105835,0.0101486,0,-3.12357,-10.8929,0.181336,-0.52003,-2.38556,1.01439,0.674
0.675,0.201546,0,0.0807414,0.00105835,0.0101486,0,-3.12392,-10.8954,0.182235,-0.508228,-2.33849,0.998583,0.675
0.676,0.201546,0,0.0807414,0.00105835,0.0101486,0,-3.12427,-10.8978,0.18312,-0.496687,-2.29234,0.983017,0.676
0.677,0.201546,0,0.0807414,0.00105835,0.0101486,0,-3.1246,-10.9001,0.183993,-0.485403,-2.2471,0.967687,0.677
0.678,0.201546,0,0.0807414,0.00105835,0.0101486,0,-3.12492,-10.9024,0.184852,-0.474369,-2.20276,0.952589,0.678
0.679,0.201546,0,0.0807414,0.00105835,0.0101486,0,-3.12523,-10.9047,0.185698,-0.463581,-2.15929,0.93772,0.679
0.68,0.201546,0,0.0807414,0.00105835,0.0101486,0,-3.12554,-10.9069,0.186532,-0.453032,-2.11668,0.923076,0.68
0.681,0.201546,0,0.0807414,0.00105835,0.0101486,0,-3.12584,-10.909,0.187353,-0.442717,-2.0749,0.908654,0.681
0.682,0.201546,0,0.0807414,0.00105835,0.0101486,0,-3.12613,-10.9111,0.188162,-0.432632,-2.03396,0.894452,0.682
0.683,0.201546,0,0.0807414,0.00105835,0.0101486,0,-3.12641,-10.9132,0.188959,-0.422771,-1.99382,0.880465,0.683
0.684,0.201546,0,0.0807414,0.00105835,0.0101486,0,-3.12668,-10.9153,0.189743,-0.41313,-1.95447,0.86669,0.684
0.685,0.201546,0,0.0807414,0.00105835,0.0101486,0,-3.12695,-10.9173,0.190516,-0.403703,-1.91589,0.853126,0.685
0.686,0.201546,0,0.0807414,0.00105835,0.0101486,0,-3.12721,-10.9192,0.191277,-0.394486,-1.87808,0.839767,0.686
0.687,0.201546,0,0.0807414,0.00105835,0.0101486,0,-3.12746,-10.9211,0.192027,-0.385475,-1.84102,0.826612,0.687
0.688,0.201546,0,0.0807414,0.00105835,0.0101486,0,-3.12771,-10.923,0.192765,-0.376664,-1.80468,0.813658,0.688
0.689,0.201546,0,0.0807414,0.00105835,0.0101486,0,-3.12795,-10.9249,0.193492,-0.36805,-1.76907,0.800901,0.689
0.69,0.201546,0,0.0807414,0.00105835,0.0101486,0,-3.12818,-10.9267,0.194208,-0.359627,-1.73415,0.788339,0.69
0.691,0.201546,0,0.0807414,0.00105835,0.0101486,0,-3.12841,-10.9285,0.194914,-0.351393,-1.69993,0.775968,0.691
0.692,0.201546,0,0.0807414,0.00105835,0.0101486,0,-3.12862,-10.9302,0.195608,-0.343343,-1.66638,0.763787,0.692
0.693,0.201546,0,0.0807414,0.00105835,0.0101486,0,-3.12884,-10.9319,0.196292,-0.335472,-1.63349,0.751791,0.693
0.694,0.201546,0,0.0807414,0.00105835,0.0101486,0,-3.12905,-10.9336,0.196966,-0.327777,-1.60125,0.739979,0.694
0.695,0.201546,0,0.0807414,0.00105835,0.0101486,0,-3.12925,-10.9352,0.19763,-0.320255,-1.56964,0.728348,0.695
0.696,0.201546,0,0.0807414,0.00105835,0.0101486,0,-3.12944,-10.9368,0.198283,-0.3129,-1.53866,0.716895,0.696
0.697,0.201546,0,0.0807414,0.00105835,0.0101486,0,-3.12964,-10.9384,0.198927,-0.30571,-1.5083,0.705617,0.697
0.698,0.201546,0,0.0807414,0.00105835,0.0101486,0,-3.12982,-10.9399,0.19956,-0.29868,-1.47853,0.694512,0.698
0.699,0.201546,0,0.0807414,0.00105835,0.0101486,0,-3.13,-10.9415,0.200184,-0.291808,-1.44934,0.683577,0.699
0.7,0.201546,0,0.0807414,0.00105835,0.0101486,0,-3.13018,-10.9429,0.200799,-0.28509,-1.42074,0.672811,0.7
0.701,0.201546,0,0.0807414,0.00105835,0.0101486,0,-3.13035,-10.9444,0.201404,-0.278523,-1.3927,0.662209,0.701
0.702,0.201546,0,0.0807414,0.00105835,0.0101486,0,-3.13051,-10.9458,0.202,-0.272103,-1.36521,0.65177,0.702
0.703,0.201546,0,0.0807414,0.00105835,0.0101486,0,-3.13067,-10.9472,0.202587,-0.265826,-1.33826,0.641492,0.703
0.704,0.201546,0,0.0807414,0.00105835,0.0101486,0,-3.13083,-10.9486,0.203165,-0.259691,-1.31185,0.631372,0.704
0.705,0.201546,0,0.0807414,0.00105835,0.0101486,0,-3.13098,-10.9499,0.203734,-0.253693,-1.28596,0.621408,0.705
0.706,0.201546,0,0.0807414,0.00105835,0.0101486,0,-3.13113,-10.9513,0.204295,-0.24783,-1.26057,0.611597,0.706
0.707,0.201546,0,0.0807414,0.00105835,0.0101486,0,-3.13127,-10.9526,0.204847,-0.242098,-1.23569,0.601937,0.707
0.708,0.201546,0,0.0807414,0.00105835,0.0101486,0,-3.13141,-10.9538,0.20539,-0.236496,-1.2113,0.592426,0.708
0.709,0.201546,0,0.0807414,0.00105835,0.0101486,0,-3.13154,-10.9551,0.205925,-0.231019,-1.18739,0.583061,0.709
0.71,0.201546,0,0.0807414,0.00105835,0.0101486,0,-3.13167,-10.9563,0.206452,-0.225666,-1.16396,0.573841,0.71
0.711,0.201546,0,0.0807414,0.00105835,0.0101486,0,-3.1318,-10.9575,0.206971,-0.220433,-1.14098,0.564764,0.711
0.712,0.201546,0,0.0807414,0.00105835,0.0101486,0,-3.13192,-10.9586,0.207482,-0.215317,-1.11846,0.555826,0.712
0.713,0.201546,0,0.0807414,0.00105835,0.0101486,0,-3.13204,-10.9598,0.207985,-0.210317,-1.09639,0.547027,0.713
0.714,0.201546,0,0.0807414,0.00105835,0.0101486,0,-3.13216,-10.9609,0.20848,-0.20543,-1.07475,0.538364,0.714
0.715,0.201546,0,0.0807414,0.00105835,0.0101486,0,-3.13227,-10.962,0.208968,-0.200653,-1.05353,0.529835,0.715
0.716,0.201546,0,0.0807414,0.00105835,0.0101486,0,-3.13238,-10.9631,0.209448,-0.195984,-1.03274,0.521437,0.716
0.717,0.201546,0,0.0807414,0.00105835,0.0101486,0,-3.13249,-10.9642,0.209921,-0.19142,-1.01235,0.51317,0.717
0.718,0.201546,0,0.0807414,0.00105835,0.0101486,0,-3.13259,-10.9652,0.210387,-0.186959,-0.992371,0.505031,0.718
0.719,0.201546,0,0.0807414,0.00105835,0.0101486,0,-3.13269,-10.9662,0.210845,-0.182598,-0.972783,0.497018,0.719
0.72,0.201546,0,0.0807414,0.00105835,0.0101486,0,-3.13279,-10.9672,0.211297,-0.178337,-0.953582,0.489129,0.72
0.721,0.201546,0,0.0807414,0.00105835,0.0101486,0,-3.13288,-10.9682,0.211741,-0.174172,-0.93476,0.481363,0.721
0.722,0.201546,0,0.0807414,0.00105835,0.0101486,0,-3.13297,-10.9691,0.212178,-0.1701,-0.91631,0.473717,0.722
0.723,0.201546,0,0.0807414,0.00105835,0.0101486,0,-3.13306,-10.9701,0.212609,-0.166122,-0.898223,0.46619,0.723
0.724,0.201546,0,0.0807414,0.00105835,0.0101486,0,-3.13315,-10.971,0.213033,-0.162233,-0.880494,0.45878,0.724
0.725,0.201546,0,0.0807414,0.00105835,0.0101486,0,-3.13323,-10.9719,0.213451,-0.158432,-0.863114,0.451485,0.725
0.726,0.201546,0,0.0807414,0.00105835,0.0101486,0,-3.13331,-10.9728,0.213862,-0.154718,-0.846078,0.444304,0.726
0.727,0.201546,0,0.0807414,0.00105835,0.0101486,0,-3.13339,-10.9737,0.214267,-0.151087,-0.829378,0.437234,0.727
0.728,0.201546,0,0.0807414,0.00105835,0.0101486,0,-3.13346,-10.9745,0.214665,-0.147539,-0.813007,0.430275,0.728
0.729,0.201546,0,0.0807414,0.00105835,0.0101486,0,-3.13354,-10.9754,0.215058,-0.144072,-0.79696,0.423423,0.729
0.73,0.201546,0,0.0807414,0.00105835,0.0101486,0,-3.13361,-10.9762,0.215444,-0.140683,-0.781229,0.416679,0.73
0.731,0.201546,0,0.0807414,0.00105835,0.0101486,0,-3.13367,-10.977,0.215824,-0.137372,-0.765809,0.41004,0.731
0.732,0.201546,0,0.0807414,0.00105835,0.0101486,0,-3.13374,-10.9778,0.216199,-0.134135,-0.750693,0.403504,0.732
0.733,0.201546,0,0.0807414,0.00105835,0.0101486,0,-3.1338,-10.9785,0.216567,-0.130973,-0.735876,0.39707,0.733
0.734,0.201546,0,0.0807414,0.00105835,0.0101486,0,-3.13387,-10.9793,0.21693,-0.127882,-0.721351,0.390737,0.734
0.735,0.201546,0,0.0807414,0.00105835,0.0101486,0,-3.13393,-10.98,0.217288,-0.124862,-0.707113,0.384503,0.735
0.736,0.201546,0,0.0807414,0.00105835,0.0101486,0,-3.13398,-10.9808,0.217639,-0.12191,-0.693156,0.378366,0.736
0.737,0.201546,0,0.0807414,0.00105835,0.0101486,0,-3.13404,-10.9815,0.217986,-0.119026,-0.679474,0.372325,0.737
0.738,0.201546,0,0.0807414,0.00105835,0.0101486,0,-3.13409,-10.9822,0.218326,-0.116208,-0.666063,0.366378,0.738
0.739,0.201546,0,0.0807414,0.00105835,0.0101486,0,-3.13415,-10.9829,0.218662,-0.113454,-0.652916,0.360525,0.739
0.74,0.201546,0,0.0807414,0.00105835,0.0101486,0,-3.1342,-10.9835,0.218992,-0.110763,-0.640028,0.354763,0.74
0.741,0.201546,0,0.0807414,0.00105835,0.0101486,0,-3.13425,-10.9842,0.219318,-0.108133,-0.627396,0.349091,0.741
0.742,0.201546,0,0.0807414,0.00105835,0.0101486,0,-3.13429,-10.9848,0.219638,-0.105564,-0.615012,0.343508,0.742
0.743,0.201546,0,0.0807414,0.00105835,0.0101486,0,-3.13434,-10.9855,0.219953,-0.103053,-0.602873,0.338013,0.743
0.744,0.201546,0,0.0807414,0.00105835,0.0101486,0,-3.13438,-10.9861,0.220263,-0.1006,-0.590973,0.332604,0.744
0.745,0.201546,0,0.0807414,0.00105835,0.0101486,0,-3.13442,-10.9867,0.220568,-0.0982026,-0.579309,0.32728,0.745
0.746,0.201546,0,0.0807414,0.00105835,0.0101486,0,-3.13447,-10.9873,0.220869,-0.0958605,-0.567875,0.322039,0.746
0.747,0.201546,0,0.0807414,0.00105835,0.0101486,0,-3.1345,-10.9879,0.221165,-0.0935722,-0.556666,0.316881,0.747
0.748,0.201546,0,0.0807414,0.00105835,0.0101486,0,-3.13454,-10.9885,0.221456,-0.0913363,-0.545679,0.311804,0.748
0.749,0.201546,0,0.0807414,0.00105835,0.0101486,0,-3.13458,-10.989,0.221743,-0.0891518,-0.534908,0.306806,0.749
0.75,0.201546,0,0.0807414,0.00105835,0.0101486,0,-3.13461,-10.9896,0.222025,-0.0870174,-0.52435,0.301887,0.75
0.751,0.201546,0,0.0807414,0.00105835,0.0101486,0,-3.13465,-10.9901,0.222303,-0.0849322,-0.514001,0.297045,0.751
0.752,0.201546,0,0.0807414,0.00105835,0.0101486,0,-3.13468,-10.9906,0.222577,-0.0828949,-0.503856,0.29228,0.752
0.753,0.201546,0,0.0807414,0.00105835,0.0101486,0,-3.13471,-10.9912,0.222846,-0.0809044,-0.493911,0.28759,0.753
0.754,0.201546,0,0.0807414,0.00105835,0.0101486,0,-3.13474,-10.9917,0.223111,-0.0789599,-0.484163,0.282973,0.754
0.755,0.201546,0,0.0807414,0.00105835,0.0101486,0,-3.13477,-10.9922,0.223372,-0.0770601,-0.474607,0.278429,0.755
0.756,0.201546,0,0.0807414,0.00105835,0.0101486,0,-3.1348,-10.9927,0.223629,-0.0752042,-0.465239,0.273957,0.756
0.757,0.201546,0,0.0807414,0.00105835,0.0101486,0,-3.13483,-10.9931,0.223881,-0.0733911,-0.456057,0.269556,0.757
0.758,0.201546,0,0.0807414,0.00105835,0.0101486,0,-3.13485,-10.9936,0.22413,-0.0716199,-0.447055,0.265223,0.758
0.759,0.201546,0,0.0807414,0.00105835,0.0101486,0,-3.13488,-10.9941,0.224375,-0.0698896,-0.438232,0.260959,0.759
0.76,0.201546,0,0.0807414,0.00105835,0.0101486,0,-3.1349,-10.9945,0.224616,-0.0681993,-0.429582,0.256763,0.76
0.761,0.201546,0,0.0807414,0.00105835,0.0101486,0,-3.13493,-10.995,0.224853,-0.0665481,-0.421104,0.252633,0.761
0.762,0.201546,0,0.0807414,0.00105835,0.0101486,0,-3.13495,-10.9954,0.225087,-0.0649351,-0.412792,0.248568,0.762
0.763,0.201546,0,0.0807414,0.00105835,0.0101486,0,-3.13497,-10.9958,0.225317,-0.0633596,-0.404645,0.244567,0.763
0.764,0.201546,0,0.0807414,0.00105835,0.0101486,0,-3.13499,-10.9962,0.225543,-0.0618205,-0.396659,0.240629,0.764
0.765,0.201546,0,0.0807414,0.00105835,0.0101486,0,-3.13501,-10.9966,0.225765,-0.0603172,-0.38883,0.236754,0.765
0.766,0.201546,0,0.0807414,0.00105835,0.0101486,0,-3.13503,-10.997,0.225985,-0.0588487,-0.381156,0.23294,0.766
0.767,0.201546,0,0.0807414,0.00105835,0.0101486,0,-3.13504,-10.9974,0.2262,-0.0574144,-0.373633,0.229187,0.767
0.768,0.201546,0,0.0807414,0.00105835,0.0101486,0,-3.13506,-10.9978,0.226413,-0.0560135,-0.366259,0.225492,0.768
0.769,0.201546,0,0.0807414,0.00105835,0.0101486,0,-3.13508,-10.9982,0.226622,-0.0546451,-0.359031,0.221857,0.769
0.77,0.201546,0,0.0807414,0.00105835,0.0101486,0,-3.13509,-10.9986,0.226827,-0.0533086,-0.351945,0.218279,0.77
0.771,0.201546,0,0.0807414,0.00105835,0.0101486,0,-3.13511,-10.9989,0.22703,-0.0520032,-0.344999,0.214758,0.771
0.772,0.201546,0,0.0807414,0.00105835,0.0101486,0,-3.13512,-10.9993,0.227229,-0.0507283,-0.33819,0.211292,0.772
0.773,0.201546,0,0.0807414,0.00105835,0.0101486,0,-3.13513,-10.9996,0.227425,-0.0494831,-0.331515,0.207882,0.773
0.774,0.201546,0,0.0807414,0.00105835,0.0101486,0,-3.13515,-11,0.227618,-0.048267,-0.324972,0.204525,0.774
0.775,0.201546,0,0.0807414,0.00105835,0.0101486,0,-3.13516,-11.0003,0.227808,-0.0470794,-0.318559,0.201222,0.775
0.776,0.201546,0,0.0807414,0.00105835,0.0101486,0,-3.13517,-11.0006,0.227995,-0.0459195,-0.312272,0.197972,0.776
0.777,0.201546,0,0.0807414,0.00105835,0.0101486,0,-3.13518,-11.001,0.228179,-0.0447867,-0.306109,0.194773,0.777
0.778,0.201546,0,0.0807414,0.00105835,0.0101486,0,-3.13519,-11.0013,0.22836,-0.0436805,-0.300068,0.191625,0.778
0.779,0.201546,0,0.0807414,0.00105835,0.0101486,0,-3.1352,-11.0016,0.228538,-0.0426002,-0.294146,0.188527,0.779
0.78,0.201546,0,0.0807414,0.00105835,0.0101486,0,-3.13521,-11.0019,0.228713,-0.0415453,-0.288341,0.185478,0.78
0.781,0.201546,0,0.0807414,0.00105835,0.0101486,0,-3.13522,-11.0022,0.228886,-0.0405151,-0.28265,0.182478,0.781
0.782,0.201546,0,0.0807414,0.00105835,0.0101486,0,-3.13523,-11.0025,0.229056,-0.0395092,-0.277072,0.179525,0.782
0.783,0.201546,0,0.0807414,0.00105835,0.0101486,0,-3.13524,-11.0028,0.229223,-0.0385269,-0.271604,0.17662,0.783
0.784,0.201546,0,0.0807414,0.00105835,0.0101486,0,-3.13524,-11.0031,0.229388,-0.0375677,-0.266244,0.17376,0.784
0.785,0.201546,0,0.0807414,0.00105835,0.0101486,0,-3.13525,-11.0033,0.22955,-0.0366311,-0.26099,0.170947,0.785
0.786,0.201546,0,0.0807414,0.00105835,0.0101486,0,-3.13526,-11.0036,0.229709,-0.0357166,-0.255839,0.168178,0.786
0.787,0.201546,0,0.0807414,0.00105835,0.0101486,0,-3.13526,-11.0039,0.229866,-0.0348237,-0.25079,0.165453,0.787
0.788,0.201546,0,0.0807414,0.00105835,0.0101486,0,-3.13527,-11.0041,0.23002,-0.0339518,-0.245841,0.162772,0.788
0.789,0.201546,0,0.0807414,0.00105835,0.0101486,0,-3.13527,-11.0044,0.230172,-0.0331006,-0.240989,0.160134,0.789
0.79,0.201546,0,0.0807414,0.00105835,0.0101486,0,-3.13528,-11.0046,0.230321,-0.0322695,-0.236234,0.157537,0.79
0.791,0.201546,0,0.0807414,0.00105835,0.0101486,0,-3.13528,-11.0049,0.230468,-0.0314581,-0.231572,0.154982,0.791
0.792,0.201546,0,0.0807414,0.00105835,0.0101486,0,-3.13528,-11.0051,0.230613,-0.0306659,-0.227002,0.152468,0.792
0.793,0.201546,0,0.0807414,0.00105835,0.0101486,0,-3.13529,-11.0054,0.230756,-0.0298925,-0.222522,0.149994,0.793
0.794,0.201546,0,0.0807414,0.00105835,0.0101486,0,-3.13529,-11.0056,0.230896,-0.0291375,-0.218131,0.14756,0.794
0.795,0.201546,0,0.0807414,0.00105835,0.0101486,0,-3.13529,-11.0058,0.231034,-0.0284004,-0.213826,0.145165,0.795
0.796,0.201546,0,0.0807414,0.00105835,0.0101486,0,-3.1353,-11.006,0.23117,-0.0276808,-0.209607,0.142807,0.796
0.797,0.201546,0,0.0807414,0.00105835,0.0101486,0,-3.1353,-11.0062,0.231303,-0.0269783,-0.205471,0.140488,0.797
0.798,0.201546,0,0.0807414,0.00105835,0.0101486,0,-3.1353,-11.0065,0.231435,-0.0262926,-0.201416,0.138206,0.798
0.799,0.201546,0,0.0807414,0.00105835,0.0101486,0,-3.1353,-11.0067,0.231564,-0.0256233,-0.197441,0.13596,0.799
0.8,0.201546,0,0.0807414,0.00105835,0.0101486,0,-3.1353,-11.0069,0.231691,-0.0249699,-0.193545,0.13375,0.8
0.801,0.201546,0,0.0807414,0.00105835,0.0101486,0,-3.1353,-11.0071,0.231816,-0.0243321,-0.189726,0.131576,0.801
0.802,0.201546,0,0.0807414,0.00105835,0.0101486,0,-3.1353,-11.0073,0.23194,-0.0237096,-0.185982,0.129436,0.802
0.803,0.201546,0,0.0807414,0.00105835,0.0101486,0,-3.13531,-11.0075,0.232061,-0.023102,-0.182312,0.127331,0.803
0.804,0.201546,0,0.0807414,0.00105835,0.0101486,0,-3.13531,-11.0077,0.23218,-0.0225089,-0.178715,0.125259,0.804
0.805,0.201546,0,0.0807414,0.00105835,0.0101486,0,-3.13531,-11.0078,0.232298,-0.0219301,-0.175188,0.123221,0.805
0.806,0.201546,0,0.0807414,0.00105835,0.0101486,0,-3.13531,-11.008,0.232413,-0.0213652,-0.171731,0.121215,0.806
0.807,0.201546,0,0.0807414,0.00105835,0.0101486,0,-3.1353,-11.0082,0.232527,-0.0208138,-0.168342,0.119242,0.807
0.808,0.201546,0,0.0807414,0.00105835,0.0101486,0,-3.1353,-11.0084,0.232639,-0.0202757,-0.165021,0.1173,0.808
0.809,0.201546,0,0.0807414,0.00105835,0.0101486,0,-3.1353,-11.0085,0.232749,-0.0197506,-0.161764,0.115389,0.809
0.81,0.201546,0,0.0807414,0.00105835,0.0101486,0,-3.1353,-11.0087,0.232858,-0.0192381,-0.158572,0.113509,0.81
0.811,0.201546,0,0.0807414,0.00105835,0.0101486,0,-3.1353,-11.0089,0.232964,-0.018738,-0.155444,0.11166,0.811
0.812,0.201546,0,0.0807414,0.00105835,0.0101486,0,-3.1353,-11.009,0.233069,-0.01825,-0.152376,0.10984,0.812
0.813,0.201546,0,0.0807414,0.00105835,0.0101486,0,-3.1353,-11.0092,0.233172,-0.0177738,-0.14937,0.108049,0.813
0.814,0.201546,0,0.0807414,0.00105835,0.0101486,0,-3.1353,-11.0093,0.233274,-0.0173091,-0.146422,0.106287,0.814
0.815,0.201546,0,0.0807414,0.00105835,0.0101486,0,-3.1353,-11.0095,0.233374,-0.0168557,-0.143533,0.104553,0.815
0.816,0.201546,0,0.0807414,0.00105835,0.0101486,0,-3.13529,-11.0097,0.233472,-0.0164132,-0.140701,0.102848,0.816
0.817,0.201546,0,0.0807414,0.00105835,0.0101486,0,-3.13529,-11.0098,0.233569,-0.0159815,-0.137925,0.101169,0.817
0.818,0.201546,0,0.0807414,0.00105835,0.0101486,0,-3.13529,-11.0099,0.233664,-0.0155604,-0.135204,0.0995181,0.818
0.819,0.201546,0,0.0807414,0.00105835,0.0101486,0,-3.13529,-11.0101,0.233758,-0.0151494,-0.132536,0.0978935,0.819
0.82,0.201546,0,0.0807414,0.00105835,0.0101486,0,-3.13528,-11.0102,0.23385,-0.0147485,-0.129921,0.096295,0.82
0.821,0.201546,0,0.0807414,0.00105835,0.0101486,0,-3.13528,-11.0104,0.233941,-0.0143574,-0.127357,0.0947223,0.821
0.822,0.201546,0,0.0807414,0.00105835,0.0101486,0,-3.13528,-11.0105,0.23403,-0.0139758,-0.124845,0.093175,0.822
0.823,0.201546,0,0.0807414,0.00105835,0.0101486,0,-3.13528,-11.0106,0.234118,-0.0136036,-0.122381,0.0916525,0.823
0.824,0.201546,0,0.0807414,0.00105835,0.0101486,0,-3.13527,-11.0107,0.234204,-0.0132404,-0.119967,0.0901547,0.824
0.825,0.201546,0,0.0807414,0.00105835,0.0101486,0,-3.13527,-11.0109,0.234289,-0.0128862,-0.1176,0.088681,0.825
0.826,0.201546,0,0.0807414,0.00105835,0.0101486,0,-3.13527,-11.011,0.234373,-0.0125407,-0.115279,0.0872311,0.826
0.827,0.201546,0,0.0807414,0.00105835,0.0101486,0,-3.13526,-11.0111,0.234455,-0.0122036,-0.113005,0.0858045,0.827
0.828,0.201546,0,0.0807414,0.00105835,0.0101486,0,-3.13526,-11.0112,0.234536,-0.0118749,-0.110775,0.0844011,0.828
0.829,0.201546,0,0.0807414,0.00105835,0.0101486,0,-3.13526,-11.0113,0.234616,-0.0115542,-0.10859,0.0830202,0.829
0.83,0.201546,0,0.0807414,0.00105835,0.0101486,0,-3.13525,-11.0115,0.234694,-0.0112415,-0.106447,0.0816617,0.83
0.831,0.201546,0,0.0807414,0.00105835,0.0101486,0,-3.13525,-11.0116,0.234772,-0.0109365,-0.104347,0.0803251,0.831
0.832,0.201546,0,0.0807414,0.00105835,0.0101486,0,-3.13525,-11.0117,0.234848,-0.010639,-0.102289,0.0790102,0.832
0.833,0.201546,0,0.0807414,0.00105835,0.0101486,0,-3.13524,-11.0118,0.234922,-0.0103489,-0.100271,0.0777165,0.833
0.834,0.201546,0,0.0807414,0.00105835,0.0101486,0,-3.13524,-11.0119,0.234996,-0.010066,-0.0982923,0.0764437,0.834
0.835,0.201546,0,0.0807414,0.00105835,0.0101486,0,-3.13524,-11.012,0.235068,-0.00979006,-0.0963531,0.0751915,0.835
0.836,0.201546,0,0.0807414,0.00105835,0.0101486,0,-3.13523,-11.0121,0.235139,-0.00952103,-0.0944522,0.0739596,0.836
0.837,0.201546,0,0.0807414,0.00105835,0.0101486,0,-3.13523,-11.0122,0.235209,-0.0092587,-0.0925888,0.0727475,0.837
0.838,0.201546,0,0.0807414,0.00105835,0.0101486,0,-3.13522,-11.0123,0.235278,-0.0090029,-0.0907621,0.0715552,0.838
0.839,0.201546,0,0.0807414,0.00105835,0.0101486,0,-3.13522,-11.0124,0.235346,-0.0087535,-0.0889715,0.0703821,0.839
0.84,0.201546,0,0.0807414,0.00105835,0.0101486,0,-3.13522,-11.0125,0.235412,-0.00851032,-0.0872163,0.069228,0.84
0.841,0.201546,0,0.0807414,0.00105835,0.0101486,0,-3.13521,-11.0126,0.235478,-0.00827324,-0.0854957,0.0680926,0.841
0.842,0.201546,0,0.0807414,0.00105835,0.0101486,0,-3.13521,-11.0126,0.235542,-0.0080421,-0.083809,0.0669757,0.842
0.843,0.201546,0,0.0807414,0.00105835,0.0101486,0,-3.1352,-11.0127,0.235606,-0.00781676,-0.0821557,0.0658768,0.843
0.844,0.201546,0,0.0807414,0.00105835,0.0101486,0,-3.1352,-11.0128,0.235668,-0.00759709,-0.0805349,0.0647957,0.844
0.845,0.201546,0,0.0807414,0.00105835,0.0101486,0,-3.1352,-11.0129,0.23573,-0.00738295,-0.0789462,0.0637322,0.845
0.846,0.201546,0,0.0807414,0.00105835,0.0101486,0,-3.13519,-11.013,0.23579,-0.00717421,-0.0773888,0.0626859,0.846
0.847,0.201546,0,0.0807414,0.00105835,0.0101486,0,-3.13519,-11.0131,0.23585,-0.00697075,-0.0758621,0.0616566,0.847
0.848,0.201546,0,0.0807414,0.00105835,0.0101486,0,-3.13518,-11.0131,0.235908,-0.00677243,-0.0743656,0.060644,0.848
0.849,0.201546,0,0.0807414,0.00105835,0.0101486,0,-3.13518,-11.0132,0.235966,-0.00657913,-0.0728986,0.0596479,0.849
0.85,0.201546,0,0.0807414,0.00105835,0.0101486,0,-3.13518,-11.0133,0.236022,-0.00639075,-0.0714605,0.0586679,0.85
0.851,0.201546,0,0.0807414,0.00105835,0.0101486,0,-3.13517,-11.0134,0.236078,-0.00620714,-0.0700508,0.0577038,0.851
0.852,0.201546,0,0.0807414,0.00105835,0.0101486,0,-3.13517,-11.0134,0.236133,-0.00602822,-0.068669,0.0567554,0.852
0.853,0.201546,0,0.0807414,0.00105835,0.0101486,0,-3.13516,-11.0135,0.236187,-0.00585385,-0.0673144,0.0558224,0.853
0.854,0.201546,0,0.0807414,0.00105835,0.0101486,0,-3.13516,-11.0136,0.23624,-0.00568394,-0.0659865,0.0549046,0.854
0.855,0.201546,0,0.0807414,0.00105835,0.0101486,0,-3.13515,-11.0137,0.236292,-0.00551838,-0.0646849,0.0540017,0.855
0.856,0.201546,0,0.0807414,0.00105835,0.0101486,0,-3.13515,-11.0137,0.236343,-0.00535706,-0.0634089,0.0531135,0.856
0.857,0.201546,0,0.0807414,0.00105835,0.0101486,0,-3.13515,-11.0138,0.236394,-0.00519988,-0.0621581,0.0522397,0.857
0.858,0.201546,0,0.0807414,0.00105835,0.0101486,0,-3.13514,-11.0139,0.236443,-0.00504674,-0.060932,0.0513801,0.858
0.859,0.201546,0,0.0807414,0.00105835,0.0101486,0,-3.13514,-11.0139,0.236492,-0.00489755,-0.0597301,0.0505346,0.859
0.86,0.201546,0,0.0807414,0.00105835,0.0101486,0,-3.13513,-11.014,0.23654,-0.00475221,-0.0585519,0.0497028,0.86
0.861,0.201546,0,0.0807414,0.00105835,0.0101486,0,-3.13513,-11.014,0.236588,-0.00461063,-0.0573969,0.0488845,0.861
0.862,0.201546,0,0.0807414,0.00105835,0.0101486,0,-3.13512,-11.0141,0.236634,-0.00447271,-0.0562648,0.0480795,0.862
0.863,0.201546,0,0.0807414,0.00105835,0.0101486,0,-3.13512,-11.0142,0.23668,-0.00433837,-0.055155,0.0472877,0.863
0.864,0.201546,0,0.0807414,0.00105835,0.0101486,0,-3.13512,-11.0142,0.236725,-0.00420752,-0.054067,0.0465088,0.864
0.865,0.201546,0,0.0807414,0.00105835,0.0101486,0,-3.13511,-11.0143,0.236769,-0.00408008,-0.0530006,0.0457425,0.865
0.866,0.201546,0,0.0807414,0.00105835,0.0101486,0,-3.13511,-11.0143,0.236813,-0.00395597,-0.0519552,0.0449888,0.866
0.867,0.201546,0,0.0807414,0.00105835,0.0101486,0,-3.1351,-11.0144,0.236856,-0.0038351,-0.0509304,0.0442473,0.867
0.868,0.201546,0,0.0807414,0.00105835,0.0101486,0,-3.1351,-11.0144,0.236898,-0.0037174,-0.0499258,0.0435179,0.868
0.869,0.201546,0,0.0807414,0.00105835,0.0101486,0,-3.13509,-11.0145,0.236939,-0.00360279,-0.0489411,0.0428005,0.869
0.87,0.201546,0,0.0807414,0.00105835,0.0101486,0,-3.13509,-11.0145,0.23698,-0.00349119,-0.0479758,0.0420947,0.87
0.871,0.201546,0,0.0807414,0.00105835,0.0101486,0,-3.13509,-11.0146,0.23702,-0.00338254,-0.0470295,0.0414004,0.871
0.872,0.201546,0,0.0807414,0.00105835,0.0101486,0,-3.13508,-11.0146,0.23706,-0.00327675,-0.0461019,0.0407175,0.872
0.873,0.201546,0,0.0807414,0.00105835,0.0101486,0,-3.13508,-11.0147,0.237099,-0.00317376,-0.0451926,0.0400457,0.873
0.874,0.201546,0,0.0807414,0.00105835,0.0101486,0,-3.13507,-11.0147,0.237137,-0.00307351,-0.0443013,0.0393849,0.874
0.875,0.201546,0,0.0807414,0.00105835,0.0101486,0,-3.13507,-11.0148,0.237174,-0.00297592,-0.0434275,0.0387349,0.875
0.876,0.201546,0,0.0807414,0.00105835,0.0101486,0,-3.13507,-11.0148,0.237211,-0.00288093,-0.042571,0.0380955,0.876
0.877,0.201546,0,0.0807414,0.00105835,0.0101486,0,-3.13506,-11.0149,0.237248,-0.00278847,-0.0417314,0.0374666,0.877
0.878,0.201546,0,0.0807414,0.00105835,0.0101486,0,-3.13506,-11.0149,0.237284,-0.00269849,-0.0409083,0.0368479,0.878
0.879,0.201546,0,0.0807414,0.00105835,0.0101486,0,-3.13505,-11.015,0.237319,-0.00261092,-0.0401015,0.0362393,0.879
0.88,0.201546,0,0.0807414,0.00105835,0.0101486,0,-3.13505,-11.015,0.237353,-0.0025257,-0.0393106,0.0356407,0.88
0.881,0.201546,0,0.0807414,0.00105835,0.0101486,0,-3.13505,-11.015,0.237387,-0.00244278,-0.0385353,0.0350519,0.881
0.882,0.201546,0,0.0807414,0.00105835,0.0101486,0,-3.13504,-11.0151,0.237421,-0.0023621,-0.0377753,0.0344727,0.882
0.883,0.201546,0,0.0807414,0.00105835,0.0101486,0,-3.13504,-11.0151,0.237454,-0.00228361,-0.0370303,0.033903,0.883
0.884,0.201546,0,0.0807414,0.00105835,0.0101486,0,-3.13503,-11.0152,0.237486,-0.00220724,-0.0363,0.0333426,0.884
0.885,0.201546,0,0.0807414,0.00105835,0.0101486,0,-3.13503,-11.0152,0.237518,-0.00213295,-0.0355841,0.0327914,0.885
0.886,0.201546,0,0.0807414,0.00105835,0.0101486,0,-3.13503,-11.0152,0.23755,-0.00206069,-0.0348824,0.0322492,0.886
0.887,0.201546,0,0.0807414,0.00105835,0.0101486,0,-3.13502,-11.0153,0.23758,-0.0019904,-0.0341944,0.0317159,0.887
0.888,0.201546,0,0.0807414,0.00105835,0.0101486,0,-3.13502,-11.0153,0.237611,-0.00192204,-0.0335201,0.0311913,0.888
0.889,0.201546,0,0.0807414,0.00105835,0.0101486,0,-3.13501,-11.0153,0.237641,-0.00185556,-0.032859,0.0306753,0.889
0.89,0.201546,0,0.0807414,0.00105835,0.0101486,0,-3.13501,-11.0154,0.23767,-0.00179091,-0.032211,0.0301678,0.89
0.891,0.201546,0,0.0807414,0.00105835,0.0101486,0,-3.13501,-11.0154,0.237699,-0.00172804,-0.0315758,0.0296685,0.891
0.892,0.201546,0,0.0807414,0.00105835,0.0101486,0,-3.135,-11.0155,0.237727,-0.00166692,-0.0309531,0.0291775,0.892
0.893,0.201546,0,0.0807414,0.00105835,0.0101486,0,-3.135,-11.0155,0.237755,-0.0016075,-0.0303427,0.0286945,0.893
0.894,0.201546,0,0.0807414,0.00105835,0.0101486,0,-3.135,-11.0155,0.237783,-0.00154973,-0.0297443,0.0282194,0.894
0.895,0.201546,0,0.0807414,0.00105835,0.0101486,0,-3.13499,-11.0155,0.23781,-0.00149357,-0.0291578,0.0277522,0.895
0.896,0.201546,0,0.0807414,0.00105835,0.0101486,0,-3.13499,-11.0156,0.237836,-0.00143899,-0.0285828,0.0272925,0.896
0.897,0.201546,0,0.0807414,0.00105835,0.0101486,0,-3.13498,-11.0156,0.237863,-0.00138595,-0.0280191,0.0268405,0.897
0.898,0.201546,0,0.0807414,0.00105835,0.0101486,0,-3.13498,-11.0156,0.237888,-0.00133439,-0.0274666,0.0263958,0.898
0.899,0.201546,0,0.0807414,0.00105835,0.0101486,0,-3.13498,-11.0157,0.237914,-0.0012843,-0.026925,0.0259585,0.899
0.9,0.201546,0,0.0807414,0.00105835,0.0101486,0,-3.13497,-11.0157,0.237939,-0.00123563,-0.026394,0.0255283,0.9
0.901,0.201546,0,0.0807414,0.00105835,0.0101486,0,-3.13497,-11.0157,0.237963,-0.00118834,-0.0258736,0.0251052,0.901
0.902,0.201546,0,0.0807414,0.00105835,0.0101486,0,-3.13497,-11.0157,0.237987,-0.0011424,-0.0253634,0.024689,0.902
0.903,0.201546,0,0.0807414,0.00105835,0.0101486,0,-3.13496,-11.0158,0.238011,-0.00109778,-0.0248632,0.0242797,0.903
0.904,0.201546,0,0.0807414,0.00105835,0.0101486,0,-3.13496,-11.0158,0.238034,-0.00105444,-0.024373,0.0238771,0.904
0.905,0.201546,0,0.0807414,0.00105835,0.0101486,0,-3.13496,-11.0158,0.238057,-0.00101235,-0.0238924,0.0234811,0.905
0.906,0.201546,0,0.0807414,0.00105835,0.0101486,0,-3.13495,-11.0159,0.23808,-0.000971474,-0.0234213,0.0230916,0.906
0.907,0.201546,0,0.0807414,0.00105835,0.0101486,0,-3.13495,-11.0159,0.238102,-0.000931787,-0.0229594,0.0227085,0.907
0.908,0.201546,0,0.0807414,0.00105835,0.0101486,0,-3.13495,-11.0159,0.238124,-0.000893256,-0.0225067,0.0223318,0.908
0.909,0.201546,0,0.0807414,0.00105835,0.0101486,0,-3.13494,-11.0159,0.238145,-0.000855852,-0.0220629,0.0219612,0.909
0.91,0.201546,0,0.0807414,0.00105835,0.0101486,0,-3.13494,-11.0159,0.238166,-0.000819545,-0.0216279,0.0215967,0.91
0.911,0.201546,0,0.0807414,0.00105835,0.0101486,0,-3.13494,-11.016,0.238187,-0.000784308,-0.0212015,0.0212382,0.911
0.912,0.201546,0,0.0807414,0.00105835,0.0101486,0,-3.13493,-11.016,0.238207,-0.000750113,-0.0207834,0.0208856,0.912
0.913,0.201546,0,0.0807414,0.00105835,0.0101486,0,-3.13493,-11.016,0.238228,-0.000716932,-0.0203736,0.0205388,0.913
0.914,0.201546,0,0.0807414,0.00105835,0.0101486,0,-3.13493,-11.016,0.238247,-0.00068474,-0.0199719,0.0201977,0.914
0.915,0.201546,0,0.0807414,0.00105835,0.0101486,0,-3.13493,-11.0161,0.238267,-0.000653512,-0.0195781,0.0198623,0.915
0.916,0.201546,0,0.0807414,0.00105835,0.0101486,0,-3.13492,-11.0161,0.238286,-0.000623221,-0.0191921,0.0195323,0.916
0.917,0.201546,0,0.0807414,0.00105835,0.0101486,0,-3.13492,-11.0161,0.238305,-0.000593845,-0.0188137,0.0192078,0.917
0.918,0.201546,0,0.0807414,0.00105835,0.0101486,0,-3.13492,-11.0161,0.238323,-0.000565358,-0.0184428,0.0188887,0.918
0.919,0.201546,0,0.0807414,0.00105835,0.0101486,0,-3.13491,-11.0161,0.238341,-0.000537738,-0.0180792,0.0185748,0.919
0.92,0.201546,0,0.0807414,0.00105835,0.0101486,0,-3.13491,-11.0162,0.238359,-0.000510961,-0.0177227,0.018266,0.92
0.921,0.201546,0,0.0807414,0.00105835,0.0101486,0,-3.13491,-11.0162,0.238377,-0.000485007,-0.0173733,0.0179624,0.921
0.922,0.201546,0,0.0807414,0.00105835,0.0101486,0,-3.13491,-11.0162,0.238394,-0.000459853,-0.0170308,0.0176637,0.922
0.923,0.201546,0,0.0807414,0.00105835,0.0101486,0,-3.1349,-11.0162,0.238411,-0.000435479,-0.016695,0.01737,0.923
0.924,0.201546,0,0.0807414,0.00105835,0.0101486,0,-3.1349,-11.0162,0.238428,-0.000411863,-0.0163658,0.0170812,0.924
0.925,0.201546,0,0.0807414,0.00105835,0.0101486,0,-3.1349,-11.0162,0.238444,-0.000388986,-0.0160432,0.016797,0.925
0.926,0.201546,0,0.0807414,0.00105835,0.0101486,0,-3.13489,-11.0163,0.238461,-0.000366828,-0.0157269,0.0165176,0.926
0.927,0.201546,0,0.0807414,0.00105835,0.0101486,0,-3.13489,-11.0163,0.238476,-0.00034537,-0.0154168,0.0162428,0.927
0.928,0.201546,0,0.0807414,0.00105835,0.0101486,0,-3.13489,-11.0163,0.238492,-0.000324594,-0.0151129,0.0159725,0.928
0.929,0.201546,0,0.0807414,0.00105835,0.0101486,0,-3.13489,-11.0163,0.238508,-0.000304481,-0.014815,0.0157067,0.929
0.93,0.201546,0,0.0807414,0.00105835,0.0101486,0,-3.13488,-11.0163,0.238523,-0.000285014,-0.0145229,0.0154453,0.93
0.931,0.201546,0,0.0807414,0.00105835,0.0101486,0,-3.13488,-11.0163,0.238538,-0.000266175,-0.0142366,0.0151882,0.931
0.932,0.201546,0,0.0807414,0.00105835,0.0101486,0,-3.13488,-11.0164,0.238552,-0.000247947,-0.0139559,0.0149353,0.932
0.933,0.201546,0,0.0807414,0.00105835,0.0101486,0,-3.13488,-11.0164,0.238567,-0.000230314,-0.0136808,0.0146866,0.933
0.934,0.201546,0,0.0807414,0.00105835,0.0101486,0,-3.13487,-11.0164,0.238581,-0.000213261,-0.0134111,0.014442,0.934
0.935,0.201546,0,0.0807414,0.00105835,0.0101486,0,-3.13487,-11.0164,0.238595,-0.000196771,-0.0131467,0.0142015,0.935
0.936,0.201546,0,0.0807414,0.00105835,0.0101486,0,-3.13487,-11.0164,0.238608,-0.000180829,-0.0128876,0.0139649,0.936
0.937,0.201546,0,0.0807414,0.00105835,0.0101486,0,-3.13487,-11.0164,0.238622,-0.00016542,-0.0126335,0.0137323,0.937
0.938,0.201546,0,0.0807414,0.00105835,0.0101486,0,-3.13486,-11.0164,0.238635,-0.00015053,-0.0123845,0.0135034,0.938
0.939,0.201546,0,0.0807414,0.00105835,0.0101486,0,-3.13486,-11.0165,0.238648,-0.000136145,-0.0121403,0.0132784,0.939
0.94,0.201546,0,0.0807414,0.00105835,0.0101486,0,-3.13486,-11.0165,0.238661,-0.000122251,-0.011901,0.0130571,0.94
0.941,0.201546,0,0.0807414,0.00105835,0.0101486,0,-3.13486,-11.0165,0.238674,-0.000108834,-0.0116664,0.0128395,0.941
0.942,0.201546,0,0.0807414,0.00105835,0.0101486,0,-3.13485,-11.0165,0.238686,-9.58807e-05,-0.0114364,0.0126254,0.942
0.943,0.201546,0,0.0807414,0.00105835,0.0101486,0,-3.13485,-11.0165,0.238698,-8.33792e-05,-0.011211,0.0124149,0.943
0.944,0.201546,0,0.0807414,0.00105835,0.0101486,0,-3.13485,-11.0165,0.23871,-7.13167e-05,-0.01099,0.0122079,0.944
0.945,0.201546,0,0.0807414,0.00105835,0.0101486,0,-3.13485,-11.0165,0.238722,-5.9681e-05,-0.0107734,0.0120043,0.945
0.946,0.201546,0,0.0807414,0.00105835,0.0101486,0,-3.13485,-11.0165,0.238734,-4.84603e-05,-0.010561,0.011804,0.946
0.947,0.201546,0,0.0807414,0.00105835,0.0101486,0,-3.13484,-11.0166,0.238745,-3.76429e-05,-0.0103528,0.0116071,0.947
0.948,0.201546,0,0.0807414,0.00105835,0.0101486,0,-3.13484,-11.0166,0.238756,-2.72177e-05,-0.0101488,0.0114135,0.948
0.949,0.201546,0,0.0807414,0.00105835,0.0101486,0,-3.13484,-11.0166,0.238767,-1.71736e-05,-0.00994872,0.011223,0.949
0.95,0.201546,0,0.0807414,0.00105835,0.0101486,0,-3.13484,-11.0166,0.238778,-7.49985e-06,-0.00975262,0.0110357,0.95
0.951,0.201546,0,0.0807414,0.00105835,0.0101486,0,-3.13484,-11.0166,0.238789,1.81389e-06,-0.00956039,0.0108515,0.951
0.952,0.201546,0,0.0807414,0.00105835,0.0101486,0,-3.13483,-11.0166,0.2388,1.07778e-05,-0.00937195,0.0106704,0.952
0.953,0.201546,0,0.0807414,0.00105835,0.0101486,0,-3.13483,-11.0166,0.23881,1.94019e-05,-0.00918722,0.0104922,0.953
0.954,0.201546,0,0.0807414,0.00105835,0.0101486,0,-3.13483,-11.0166,0.23882,2.76958e-05,-0.00900614,0.0103171,0.954
0.955,0.201546,0,0.0807414,0.00105835,0.0101486,0,-3.13483,-11.0166,0.23883,3.5669e-05,-0.00882863,0.0101448,0.955
0.956,0.201546,0,0.0807414,0.00105835,0.0101486,0,-3.13483,-11.0166,0.23884,4.33305e-05,-0.00865461,0.00997535,0.956
0.957,0.201546,0,0.0807414,0.00105835,0.0101486,0,-3.13482,-11.0167,0.23885,5.06894e-05,-0.00848403,0.00980873,0.957
0.958,0.201546,0,0.0807414,0.00105835,0.0101486,0,-3.13482,-11.0167,0.238859,5.77545e-05,-0.00831682,0.00964487,0.958
0.959,0.201546,0,0.0807414,0.00105835,0.0101486,0,-3.13482,-11.0167,0.238868,6.45341e-05,-0.0081529,0.00948373,0.959
0.96,0.201546,0,0.0807414,0.00105835,0.0101486,0,-3.13482,-11.0167,0.238878,7.10366e-05,-0.00799221,0.00932526,0.96
0.961,0.201546,0,0.0746293,0.00717044,0.0101486,0,-3.13482,-11.0167,0.238887,7.72701e-05,-0.00783469,0.00916943,0.961
0.962,0.201546,0,0.0608105,0.0209892,0.0101486,0,-3.13481,-11.0167,0.238895,4.55616,-0.0471484,-0.75033,0.962
0.963,0.201546,0,0.0463294,0.0355926,0.0101486,0,-3.13041,-11.0167,0.23813,17.252,-0.156975,-2.86645,0.963
0.964,0.201546,0,0.0336454,0.0486752,0.0101486,0,-3.11371,-11.0167,0.235205,34.7247,-0.300448,-5.77845,0.964
0.965,0.201546,0,0.0232785,0.0597303,0.0101486,0,-3.08011,-11.0167,0.22931,53.3575,-0.432373,-8.88291,0.965
0.966,0.201546,0,0.0150164,0.0689343,0.0101486,0,-3.02849,-11.0166,0.22025,70.8232,-0.524449,-11.7914,0.966
0.967,0.201546,0,0.00868279,0.0764172,0.0101486,0,-2.95996,-11.0165,0.208226,86.033,-0.565246,-14.322,0.967
0.968,0.201546,0,0.00439252,0.082022,0.0101486,0,-2.87672,-11.0164,0.193624,98.5392,-0.552868,-16.4001,0.968
0.969,0.201026,0.000519713,0.00231825,0.0855374,0.0101486,0,-2.78137,-11.0161,0.176909,108.025,-0.488538,-17.9729,0.969
0.97,0.200173,0.0013728,0.00260499,0.0867777,0.0101486,0,-2.67685,-11.0157,0.158596,114.198,0.116653,-18.9919,0.97
0.971,0.199266,0.00228998,0.00448302,0.0864681,0.0101486,0,-2.56634,-11.0147,0.139275,116.81,1.34112,-19.4162,0.971
0.972,0.198404,0.00317965,0.00714048,0.0853734,0.0101486,0,-2.4533,-11.0125,0.119575,116.323,2.95419,-19.3233,0.972
0.973,0.197608,0.00402154,0.0101488,0.0838903,0.0101486,0,-2.34071,-11.0087,0.100036,113.602,4.73148,-18.858,0.973
0.974,0.196873,0.00481946,0.0132798,0.0822312,0.0101486,0,-2.23073,-11.0032,0.0810376,109.436,6.52724,-18.1525,0.974
0.975,0.196207,0.00556429,0.0164118,0.0805111,0.0101486,0,-2.12477,-10.996,0.0628179,104.426,8.26505,-17.3074,0.975
0.976,0.195628,0.00623665,0.0194799,0.0787923,0.0101486,0,-2.02365,-10.9871,0.0455111,98.9865,9.89533,-16.3922,0.976
0.977,0.195156,0.00681483,0.0224502,0.0771085,0.0101486,0,-1.92777,-10.9766,0.0291793,93.3929,11.3742,-15.4527,0.977
0.978,0.194811,0.0072783,0.025306,0.075478,0.0101486,0,-1.8373,-10.9647,0.0138372,87.818,12.6595,-14.518,0.978
0.979,0.194609,0.0076082,0.0280401,0.0739097,0.0101486,0,-1.75222,-10.9516,-0.000529691,82.3673,13.7116,-13.6053,0.979
0.98,0.194565,0.00778753,0.0306508,0.0724077,0.0101486,0,-1.6724,-10.9375,-0.0139538,77.1019,14.4946,-12.7248,0.98
0.981,0.194689,0.0078018,0.0331395,0.070973,0.0101486,0,-1.59767,-10.9226,-0.0264777,72.055,14.9769,-11.8819,0.981
0.982,0.194917,0.00771333,0.0355093,0.0696051,0.0101486,0,-1.52783,-10.9073,-0.0381488,67.2419,15.1319,-11.0789,0.982
0.983,0.19519,0.00757803,0.0377641,0.0683023,0.0101486,0,-1.46265,-10.8919,-0.0490167,62.667,15.0089,-10.3163,0.983
0.984,0.195477,0.00742338,0.0399084,0.0670626,0.0101486,0,-1.40189,-10.8766,-0.0591287,58.3277,14.6911,-9.59363,0.984
0.985,0.195764,0.00726306,0.0419471,0.0658835,0.0101486,0,-1.34533,-10.8617,-0.0685289,54.2181,14.2521,-8.90959,0.985
0.986,0.196045,0.00710385,0.0438849,0.0647624,0.0101486,0,-1.29276,-10.8473,-0.0772578,50.33,13.7457,-8.26273,0.986
0.987,0.196315,0.006949,0.0457264,0.0636967,0.0101486,0,-1.24396,-10.8333,-0.085353,46.6546,13.208,-7.65148,0.987
0.988,0.196574,0.00679999,0.0474763,0.062684,0.0101486,0,-1.19871,-10.82,-0.0928495,43.1825,12.6618,-7.0742,0.988
0.989,0.19906,0.0044188,0.0641088,0.0467517,0.0101486,0,-1.15683,-10.8072,-0.0997805,39.904,12.1211,-6.52928,0.989
0.99,0.200303,0.00327533,0.0724251,0.0391007,0.0101486,0,-1.11812,-10.7949,-0.106177,25.6391,9.54284,-4.1533,0.99
0.991,0.200924,0.00270359,0.0765833,0.0352752,0.0101486,0,-1.09324,-10.7853,-0.110215,11.8197,7.03097,-1.85162,0.991
0.992,0.201235,0.00241773,0.0786623,0.0333625,0.0101486,0,-1.08175,-10.7782,-0.111963,1.34242,5.10047,-0.107276,0.992
0.993,0.201391,0.00227479,0.0797019,0.0324061,0.0101486,0,-1.08041,-10.7731,-0.111974,-5.76274,3.76017,1.07455,0.993
0.994,0.201468,0.00220333,0.0802216,0.0319279,0.0101486,0,-1.08595,-10.7694,-0.110808,-10.2549,2.87865,1.82036,0.994
0.995,0.201507,0.00216759,0.0804815,0.0316888,0.0101486,0,-1.09585,-10.7665,-0.1089,-12.9363,2.31602,2.26393,0.995
0.996,0.201527,0.00214973,0.0806115,0.0315693,0.0101486,0,-1.10835,-10.7643,-0.106551,-14.4386,1.96183,2.51067,0.996
0.997,0.201536,0.00214079,0.0806764,0.0315095,0.0101486,0,-1.1223,-10.7624,-0.103957,-15.2035,1.73871,2.63429,0.997
0.998,0.201541,0.00213632,0.0807089,0.0314796,0.0101486,0,-1.137,-10.7607,-0.101242,-15.5205,1.59592,2.68316,0.998
0.999,0.201544,0.00213409,0.0807252,0.0314647,0.0101486,0,-1.152,-10.7591,-0.0984787,-15.5717,1.50149,2.6877,0.999
0,0.201544,0.00213409,0.0807252,0.0314647,0.0101486,0,-1.16706,-10.7577,-0.0957127,-15.4688,1.43584,2.66655,1
