BST,AMR,ALR,AIR,ASR,ASO,AIO,RX,RY,RZ,RXu,RYu,RZu,SST
0,0,0,0,0,0,0,0,0,0,0,0,0,0
0,0,0,0,0,0,0,0,0,0,0,0,0,0
0,0,0,0,0,0,0,0,0,0,0,0,0,0
0.001,0,0,0,0,0,0,0,0,0,0,0,0,0.001
0.002,0,0,0,0,0,0,0,0,0,0,0,0,0.002
0.003,0,0,0,0,0,0,0,0,0,0,0,0,0.003
0.004,0,0,0,0,0,0,0,0,0,0,0,0,0.004
0.005,0,0,0,0,0,0,0,0,0,0,0,0,0.005
0.006,0,0,0,0,0,0,0,0,0,0,0,0,0.006
0.007,0,0,0,0,0,0,0,0,0,0,0,0,0.007
0.008,0,0,0,0,0,0,0,0,0,0,0,0,0.008
0.009,0,0,0,0,0,0,0,0,0,0,0,0,0.009
0.01,0,0,0,0,0,0,0,0,0,0,0,0,0.01
0.011,0,0,0,0,0,0,0,0,0,0,0,0,0.011
0.012,0,0,0,0,0,0,0,0,0,0,0,0,0.012
0.013,0,0,0,0,0,0,0,0,0,0,0,0,0.013
0.014,0,0,0,0,0,0,0,0,0,0,0,0,0.014
0.015,0,0,0,0,0,0,0,0,0,0,0,0,0.015
0.016,0,0,0,0,0,0,0,0,0,0,0,0,0.016
0.017,0,0,0,0,0,0,0,0,0,0,0,0,0.017
0.018,0,0,0,0,0,0,0,0,0,0,0,0,0.018
0.019,0,0,0,0,0,0,0,0,0,0,0,0,0.019
0.02,0,0,0,0,0,0,0,0,0,0,0,0,0.02
0.021,0,0,0,0,0,0,0,0,0,0,0,0,0.021
0.022,0,0,0,0,0,0,0,0,0,0,0,0,0.022
0.023,0,0,0,0,0,0,0,0,0,0,0,0,0.023
0.024,0,0,0,0,0,0,0,0,0,0,0,0,0.024
0.025,0,0,0,0,0,0,0,0,0,0,0,0,0.025
0.026,0,0,0,0,0,0,0,0,0,0,0,0,0.026
0.027,0,0,0,0,0,0,0,0,0,0,0,0,0.027
0.028,0,0,0,0,0,0,0,0,0,0,0,0,0.028
0.029,0,0,0,0,0,0,0,0,0,0,0,0,0.029
0.03,0,0,0,0,0,0,0,0,0,0,0,0,0.03
0.031,0,0,0,0,0,0,0,0,0,0,0,0,0.031
0.032,0,0,0,0,0,0,0,0,0,0,0,0,0.032
0.033,0,0,0,0,0,0,0,0,0,0,0,0,0.033
0.034,0,0,0,0,0,0,0,0,0,0,0,0,0.034
0.035,0,0,0,0,0,0,0,0,0,0,0,0,0.035
0.036,0,0,0,0,0,0,0,0,0,0,0,0,0.036
0.037,0,0,0,0,0,0,0,0,0,0,0,0,0.037
0.038,0,0,0,0,0,0,0,0,0,0,0,0,0.038
0.039,0,0,0,0,0,0,0,0,0,0,0,0,0.039
0.04,0,0,0,0,0,0,0,0,0,0,0,0,0.04
0.041,0,0,0,0,0,0,0,0,0,0,0,0,0.041
0.042,0,0,0,0,0,0,0,0,0,0,0,0,0.042
0.043,0,0,0,0,0,0,0,0,0,0,0,0,0.043
0.044,0,0,0,0,0,0,0,0,0,0,0,0,0.044
0.045,0,0,0,0,0,0,0,0,0,0,0,0,0.045
0.046,0,0,0,0,0,0,0,0,0,0,0,0,0.046
0.047,0,0,0,0,0,0,0,0,0,0,0,0,0.047
0.048,0,0,0,0,0,0,0,0,0,0,0,0,0.048
0.049,0,0,0,0,0,0,0,0,0,0,0,0,0.049
0.05,0,0,0,0,0,0,0,0,0,0,0,0,0.05
0.051,0,0,0,0,0,0,0,0,0,0,0,0,0.051
0.052,0,0,0,0,0,0,0,0,0,0,0,0,0.052
0.053,0,0,0,0,0,0,0,0,0,0,0,0,0.053
0.054,0,0,0,0,0,0,0,0,0,0,0,0,0.054
0.055,0,0,0,0,0,0,0,0,0,0,0,0,0.055
0.056,0,0,0,0,0,0,0,0,0,0,0,0,0.056
0.057,0,0,0,0,0,0,0,0,0,0,0,0,0.057
0.058,0,0,0,0,0,0,0,0,0,0,0,0,0.058
0.059,0,0,0,0,0,0,0,0,0,0,0,0,0.059
0.06,0,0,0,0,0,0,0,0,0,0,0,0,0.06
0.061,0,0,0,0,0,0,0,0,0,0,0,0,0.061
0.062,0,0,0,0,0,0,0,0,0,0,0,0,0.062
0.063,0,0,0,0,0,0,0,0,0,0,0,0,0.063
0.064,0,0,0,0,0,0,0,0,0,0,0,0,0.064
0.065,0,0,0,0,0,0,0,0,0,0,0,0,0.065
0.066,0,0,0,0,0,0,0,0,0,0,0,0,0.066
0.067,0,0,0,0,0,0,0,0,0,0,0,0,0.067
0.068,0,0,0,0,0,0,0,0,0,0,0,0,0.068
0.069,0,0,0,0,0,0,0,0,0,0,0,0,0.069
0.07,0,0,0,0,0,0,0,0,0,0,0,0,0.07
0.071,0,0,0,0,0,0,0,0,0,0,0,0,0.071
0.072,0,0,0,0,0,0,0,0,0,0,0,0,0.072
0.073,0,0,0,0,0,0,0,0,0,0,0,0,0.073
0.074,0,0,0,0,0,0,0,0,0,0,0,0,0.074
0.075,0,0,0,0,0,0,0,0,0,0,0,0,0.075
0.076,0,0,0,0,0,0,0,0,0,0,0,0,0.076
0.077,0,0,0,0,0,0,0,0,0,0,0,0,0.077
0.078,0,0,0,0,0,0,0,0,0,0,0,0,0.078
0.079,0,0,0,0,0,0,0,0,0,0,0,0,0.079
0.08,0,0,0,0,0,0,0,0,0,0,0,0,0.08
0.081,0,0,0,0,0,0,0,0,0,0,0,0,0.081
0.082,0,0,0,0,0,0,0,0,0,0,0,0,0.082
0.083,0,0,0,0,0,0,0,0,0,0,0,0,0.083
0.084,0,0,0,0,0,0,0,0,0,0,0,0,0.084
0.085,0,0,0,0,0,0,0,0,0,0,0,0,0.085
0.086,0,0,0,0,0,0,0,0,0,0,0,0,0.086
0.087,0,0,0,0,0,0,0,0,0,0,0,0,0.087
0.088,0,0,0,0,0,0,0,0,0,0,0,0,0.088
0.089,0,0,0,0,0,0,0,0,0,0,0,0,0.089
0.09,0,0,0,0,0,0,0,0,0,0,0,0,0.09
0.091,0,0,0,0,0,0,0,0,0,0,0,0,0.091
0.092,0,0,0,0,0,0,0,0,0,0,0,0,0.092
0.093,0,0,0,0,0,0,0,0,0,0,0,0,0.093
0.094,0,0,0,0,0,0,0,0,0,0,0,0,0.094
0.095,0,0,0,0,0,0,0,0,0,0,0,0,0.095
0.096,0,0,0,0,0,0,0,0,0,0,0,0,0.096
0.097,0,0,0,0,0,0,0,0,0,0,0,0,0.097
0.098,0,0,0,0,0,0,0,0,0,0,0,0,0.098
0.099,0,0,0,0,0,0,0,0,0,0,0,0,0.099
0.1,0,0,0,0,0,0,0,0,0,0,0,0,0.1
0.101,0,0,0,0,0,0,0,0,0,0,0,0,0.101
0.102,0,0,0,0,0,0,0,0,0,0,0,0,0.102
0.103,0,0,0,0,0,0,0,0,0,0,0,0,0.103
0.104,0,0,0,0,0,0,0,0,0,0,0,0,0.104
0.105,0,0,0,0,0,0,0,0,0,0,0,0,0.105
0.106,0,0,0,0,0,0,0,0,0,0,0,0,0.106
0.107,0,0,0,0,0,0,0,0,0,0,0,0,0.107
0.108,0,0,0,0,0,0,0,0,0,0,0,0,0.108
0.109,0,0,0,0,0,0,0,0,0,0,0,0,0.109
0.11,0,0,0,0,0,0,0,0,0,0,0,0,0.11
0.111,0,0,0,0,0,0,0,0,0,0,0,0,0.111
0.112,0,0,0,0,0,0,0,0,0,0,0,0,0.112
0.113,0,0,0,0,0,0,0,0,0,0,0,0,0.113
0.114,0,0,0,0,0,0,0,0,0,0,0,0,0.114
0.115,0,0,0,0,0,0,0,0,0,0,0,0,0.115
0.116,0,0,0,0,0,0,0,0,0,0,0,0,0.116
0.117,0,0,0,0,0,0,0,0,0,0,0,0,0.117
0.118,0,0,0,0,0,0,0,0,0,0,0,0,0.118
0.119,0,0,0,0,0,0,0,0,0,0,0,0,0.119
0.12,0,0,0,0,0,0,0,0,0,0,0,0,0.12
0.121,0,0,0,0,0,0,0,0,0,0,0,0,0.121
0.122,0,0,0,0,0,0,0,0,0,0,0,0,0.122
0.123,0,0,0,0,0,0,0,0,0,0,0,0,0.123
0.124,0,0,0,0,0,0,0,0,0,0,0,0,0.124
0.125,0,0,0,0,0,0,0,0,0,0,0,0,0.125
0.126,0,0,0,0,0,0,0,0,0,0,0,0,0.126
0.127,0,0,0,0,0,0,0,0,0,0,0,0,0.127
0.128,0,0,0,0,0,0,0,0,0,0,0,0,0.128
0.129,0,0,0,0,0,0,0,0,0,0,0,0,0.129
0.13,0,0,0,0,0,0,0,0,0,0,0,0,0.13
0.131,0,0,0,0,0,0,0,0,0,0,0,0,0.131
0.132,0,0,0,0,0,0,0,0,0,0,0,0,0.132
0.133,0,0,0,0,0,0,0,0,0,0,0,0,0.133
0.134,0,0,0,0,0,0,0,0,0,0,0,0,0.134
0.135,0,0,0,0,0,0,0,0,0,0,0,0,0.135
0.136,0,0,0,0,0,0,0,0,0,0,0,0,0.136
0.137,0,0,0,0,0,0,0,0,0,0,0,0,0.137
0.138,0,0,0,0,0,0,0,0,0,0,0,0,0.138
0.139,0,0,0,0,0,0,0,0,0,0,0,0,0.139
0.14,0,0,0,0,0,0,0,0,0,0,0,0,0.14
0.141,0,0,0,0,0,0,0,0,0,0,0,0,0.141
0.142,0,0,0,0,0,0,0,0,0,0,0,0,0.142
0.143,0,0,0,0,0,0,0,0,0,0,0,0,0.143
0.144,0,0,0,0,0,0,0,0,0,0,0,0,0.144
0.145,0,0,0,0,0,0,0,0,0,0,0,0,0.145
0.146,0,0,0,0,0,0,0,0,0,0,0,0,0.146
0.147,0,0,0,0,0,0,0,0,0,0,0,0,0.147
0.148,0,0,0,0,0,0,0,0,0,0,0,0,0.148
0.149,0,0,0,0,0,0,0,0,0,0,0,0,0.149
0.15,0,0,0,0,0,0,0,0,0,0,0,0,0.15
0.151,0,0,0,0,0,0,0,0,0,0,0,0,0.151
0.152,0,0,0,0,0,0,0,0,0,0,0,0,0.152
0.153,0,0,0,0,0,0,0,0,0,0,0,0,0.153
0.154,0,0,0,0,0,0,0,0,0,0,0,0,0.154
0.155,0,0,0,0,0,0,0,0,0,0,0,0,0.155
0.156,0,0,0,0,0,0,0,0,0,0,0,0,0.156
0.157,0,0,0,0,0,0,0,0,0,0,0,0,0.157
0.158,0,0,0,0,0,0,0,0,0,0,0,0,0.158
0.159,0,0,0,0,0,0,0,0,0,0,0,0,0.159
0.16,0,0,0,0,0,0,0,0,0,0,0,0,0.16
0.161,0,0,0,0,0,0,0,0,0,0,0,0,0.161
0.162,0,0,0,0,0,0,0,0,0,0,0,0,0.162
0.163,0,0,0,0,0,0,0,0,0,0,0,0,0.163
0.164,0,0,0,0,0,0,0,0,0,0,0,0,0.164
0.165,0,0,0,0,0,0,0,0,0,0,0,0,0.165
0.166,0,0,0,0,0,0,0,0,0,0,0,0,0.166
0.167,0,0,0,0,0,0,0,0,0,0,0,0,0.167
0.168,0,0,0,0,0,0,0,0,0,0,0,0,0.168
0.169,0,0,0,0,0,0,0,0,0,0,0,0,0.169
0.17,0,0,0,0,0,0,0,0,0,0,0,0,0.17
0.171,0,0,0,0,0,0,0,0,0,0,0,0,0.171
0.172,0,0,0,0,0,0,0,0,0,0,0,0,0.172
0.173,0,0,0,0,0,0,0,0,0,0,0,0,0.173
0.174,0,0,0,0,0,0,0,0,0,0,0,0,0.174
0.175,0,0,0,0,0,0,0,0,0,0,0,0,0.175
0.176,0,0,0,0,0,0,0,0,0,0,0,0,0.176
0.177,0,0,0,0,0,0,0,0,0,0,0,0,0.177
0.178,0,0,0,0,0,0,0,0,0,0,0,0,0.178
0.179,0,0,0,0,0,0,0,0,0,0,0,0,0.179
0.18,0,0,0,0,0,0,0,0,0,0,0,0,0.18
0.181,0,0,0,0,0,0,0,0,0,0,0,0,0.181
0.182,0,0,0,0,0,0,0,0,0,0,0,0,0.182
0.183,0,0,0,0,0,0,0,0,0,0,0,0,0.183
0.184,0,0,0,0,0,0,0,0,0,0,0,0,0.184
0.185,0,0,0,0,0,0,0,0,0,0,0,0,0.185
0.186,0,0,0,0,0,0,0,0,0,0,0,0,0.186
0.187,0,0,0,0,0,0,0,0,0,0,0,0,0.187
0.188,0,0,0,0,0,0,0,0,0,0,0,0,0.188
0.189,0,0,0,0,0,0,0,0,0,0,0,0,0.189
0.19,0,0,0,0,0,0,0,0,0,0,0,0,0.19
0.191,0,0,0,0,0,0,0,0,0,0,0,0,0.191
0.192,0,0,0,0,0,0,0,0,0,0,0,0,0.192
0.193,0,0,0,0,0,0,0,0,0,0,0,0,0.193
0.194,0,0,0,0,0,0,0,0,0,0,0,0,0.194
0.195,0,0,0,0,0,0,0,0,0,0,0,0,0.195
0.196,0,0,0,0,0,0,0,0,0,0,0,0,0.196
0.197,0,0,0,0,0,0,0,0,0,0,0,0,0.197
0.198,0,0,0,0,0,0,0,0,0,0,0,0,0.198
0.199,0,0,0,0,0,0,0,0,0,0,0,0,0.199
0.2,0,0,0,0,0,0,0,0,0,0,0,0,0.2
0.201,0,0,0,0,0,0,0,0,0,0,0,0,0.201
0.202,0,0,0,0,0,0,0,0,0,0,0,0,0.202
0.203,0,0,0,0,0,0,0,0,0,0,0,0,0.203
0.204,0,0,0,0,0,0,0,0,0,0,0,0,0.204
0.205,0,0,0,0,0,0,0,0,0,0,0,0,0.205
0.206,0,0,0,0,0,0,0,0,0,0,0,0,0.206
0.207,0,0,0,0,0,0,0,0,0,0,0,0,0.207
0.208,0,0,0,0,0,0,0,0,0,0,0,0,0.208
0.209,0,0,0,0,0,0,0,0,0,0,0,0,0.209
0.21,0,0,0,0,0,0,0,0,0,0,0,0,0.21
0.211,0,0,0,0,0,0,0,0,0,0,0,0,0.211
0.212,0,0,0,0,0,0,0,0,0,0,0,0,0.212
0.213,0,0,0,0,0,0,0,0,0,0,0,0,0.213
0.214,0,0,0,0,0,0,0,0,0,0,0,0,0.214
0.215,0,0,0,0,0,0,0,0,0,0,0,0,0.215
0.216,0,0,0,0,0,0,0,0,0,0,0,0,0.216
0.217,0,0,0,0,0,0,0,0,0,0,0,0,0.217
0.218,0,0,0,0,0,0,0,0,0,0,0,0,0.218
0.219,0,0,0,0,0,0,0,0,0,0,0,0,0.219
0.22,0,0,0,0,0,0,0,0,0,0,0,0,0.22
0.221,0,0,0,0,0,0,0,0,0,0,0,0,0.221
0.222,0,0,0,0,0,0,0,0,0,0,0,0,0.222
0.223,0,0,0,0,0,0,0,0,0,0,0,0,0.223
0.224,0,0,0,0,0,0,0,0,0,0,0,0,0.224
0.225,0,0,0,0,0,0,0,0,0,0,0,0,0.225
0.226,0,0,0,0,0,0,0,0,0,0,0,0,0.226
0.227,0,0,0,0,0,0,0,0,0,0,0,0,0.227
0.228,0,0,0,0,0,0,0,0,0,0,0,0,0.228
0.229,0,0,0,0,0,0,0,0,0,0,0,0,0.229
0.23,0,0,0,0,0,0,0,0,0,0,0,0,0.23
0.231,0,0,0,0,0,0,0,0,0,0,0,0,0.231
0.232,0,0,0,0,0,0,0,0,0,0,0,0,0.232
0.233,0,0,0,0,0,0,0,0,0,0,0,0,0.233
0.234,0,0,0,0,0,0,0,0,0,0,0,0,0.234
0.235,0,0,0,0,0,0,0,0,0,0,0,0,0.235
0.236,0,0,0,0,0,0,0,0,0,0,0,0,0.236
0.237,0,0,0,0,0,0,0,0,0,0,0,0,0.237
0.238,0,0,0,0,0,0,0,0,0,0,0,0,0.238
0.239,0,0,0,0,0,0,0,0,0,0,0,0,0.239
0.24,0,0,0,0,0,0,0,0,0,0,0,0,0.24
0.241,0,0,0,0,0,0,0,0,0,0,0,0,0.241
0.242,0,0,0,0,0,0,0,0,0,0,0,0,0.242
0.243,0,0,0,0,0,0,0,0,0,0,0,0,0.243
0.244,0,0,0,0,0,0,0,0,0,0,0,0,0.244
0.245,0,0,0,0,0,0,0,0,0,0,0,0,0.245
0.246,0,0,0,0,0,0,0,0,0,0,0,0,0.246
0.247,0,0,0,0,0,0,0,0,0,0,0,0,0.247
0.248,0,0,0,0,0,0,0,0,0,0,0,0,0.248
0.249,0,0,0,0,0,0,0,0,0,0,0,0,0.249
0.25,0,0,0,0,0,0,0,0,0,0,0,0,0.25
0.251,0,0,0,0,0,0,0,0,0,0,0,0,0.251
0.252,0,0,0,0,0,0,0,0,0,0,0,0,0.252
0.253,0,0,0,0,0,0,0,0,0,0,0,0,0.253
0.254,0,0,0,0,0,0,0,0,0,0,0,0,0.254
0.255,0,0,0,0,0,0,0,0,0,0,0,0,0.255
0.256,0,0,0,0,0,0,0,0,0,0,0,0,0.256
0.257,0,0,0,0,0,0,0,0,0,0,0,0,0.257
0.258,0,0,0,0,0,0,0,0,0,0,0,0,0.258
0.259,0,0,0,0,0,0,0,0,0,0,0,0,0.259
0.26,0,0,0,0,0,0,0,0,0,0,0,0,0.26
0.261,0,0,0,0,0,0,0,0,0,0,0,0,0.261
0.262,0,0,0,0,0,0,0,0,0,0,0,0,0.262
0.263,0,0,0,0,0,0,0,0,0,0,0,0,0.263
0.264,0,0,0,0,0,0,0,0,0,0,0,0,0.264
0.265,0,0,0,0,0,0,0,0,0,0,0,0,0.265
0.266,0,0,0,0,0,0,0,0,0,0,0,0,0.266
0.267,0,0,0,0,0,0,0,0,0,0,0,0,0.267
0.268,0,0,0,0,0,0,0,0,0,0,0,0,0.268
0.269,0,0,0,0,0,0,0,0,0,0,0,0,0.269
0.27,0,0,0,0,0,0,0,0,0,0,0,0,0.27
0.271,0,0,0,0,0,0,0,0,0,0,0,0,0.271
0.272,0,0,0,0,0,0,0,0,0,0,0,0,0.272
0.273,0,0,0,0,0,0,0,0,0,0,0,0,0.273
0.274,0,0,0,0,0,0,0,0,0,0,0,0,0.274
0.275,0,0,0,0,0,0,0,0,0,0,0,0,0.275
0.276,0,0,0,0,0,0,0,0,0,0,0,0,0.276
0.277,0,0,0,0,0,0,0,0,0,0,0,0,0.277
0.278,0,0,0,0,0,0,0,0,0,0,0,0,0.278
0.279,0,0,0,0,0,0,0,0,0,0,0,0,0.279
0.28,0,0,0,0,0,0,0,0,0,0,0,0,0.28
0.281,0,0,0,0,0,0,0,0,0,0,0,0,0.281
0.282,0,0,0,0,0,0,0,0,0,0,0,0,0.282
0.283,0,0,0,0,0,0,0,0,0,0,0,0,0.283
0.284,0,0,0,0,0,0,0,0,0,0,0,0,0.284
0.285,0,0,0,0,0,0,0,0,0,0,0,0,0.285
0.286,0,0,0,0,0,0,0,0,0,0,0,0,0.286
0.287,0,0,0,0,0,0,0,0,0,0,0,0,0.287
0.288,0,0,0,0,0,0,0,0,0,0,0,0,0.288
0.289,0,0,0,0,0,0,0,0,0,0,0,0,0.289
0.29,0,0,0,0,0,0,0,0,0,0,0,0,0.29
0.291,0,0,0,0,0,0,0,0,0,0,0,0,0.291
0.292,0,0,0,0,0,0,0,0,0,0,0,0,0.292
0.293,0,0,0,0,0,0,0,0,0,0,0,0,0.293
0.294,0,0,0,0,0,0,0,0,0,0,0,0,0.294
0.295,0,0,0,0,0,0,0,0,0,0,0,0,0.295
0.296,0,0,0,0,0,0,0,0,0,0,0,0,0.296
0.297,0,0,0,0,0,0,0,0,0,0,0,0,0.297
0.298,0,0,0,0,0,0,0,0,0,0,0,0,0.298
0.299,0,0,0,0,0,0,0,0,0,0,0,0,0.299
0.3,0,0,0,0,0,0,0,0,0,0,0,0,0.3
0.301,0,0,0,0,0,0,0,0,0,0,0,0,0.301
0.302,0,0,0,0,0,0,0,0,0,0,0,0,0.302
0.303,0,0,0,0,0,0,0,0,0,0,0,0,0.303
0.304,0,0,0,0,0,0,0,0,0,0,0,0,0.304
0.305,0,0,0,0,0,0,0,0,0,0,0,0,0.305
0.306,0,0,0,0,0,0,0,0,0,0,0,0,0.306
0.307,0,0,0,0,0,0,0,0,0,0,0,0,0.307
0.308,0,0,0,0,0,0,0,0,0,0,0,0,0.308
0.309,0,0,0,0,0,0,0,0,0,0,0,0,0.309
0.31,0,0,0,0,0,0,0,0,0,0,0,0,0.31
0.311,0,0,0,0,0,0,0,0,0,0,0,0,0.311
0.312,0,0,0,0,0,0,0,0,0,0,0,0,0.312
0.313,0,0,0,0,0,0,0,0,0,0,0,0,0.313
0.314,0,0,0,0,0,0,0,0,0,0,0,0,0.314
0.315,0,0,0,0,0,0,0,0,0,0,0,0,0.315
0.316,0,0,0,0,0,0,0,0,0,0,0,0,0.316
0.317,0,0,0,0,0,0,0,0,0,0,0,0,0.317
0.318,0,0,0,0,0,0,0,0,0,0,0,0,0.318
0.319,0,0,0,0,0,0,0,0,0,0,0,0,0.319
0.32,0,0,0,0,0,0,0,0,0,0,0,0,0.32
0.321,0,0,0,0,0,0,0,0,0,0,0,0,0.321
0.322,0,0,0,0,0,0,0,0,0,0,0,0,0.322
0.323,0,0,0,0,0,0,0,0,0,0,0,0,0.323
0.324,0,0,0,0,0,0,0,0,0,0,0,0,0.324
0.325,0,0,0,0,0,0,0,0,0,0,0,0,0.325
0.326,0,0,0,0,0,0,0,0,0,0,0,0,0.326
0.327,0,0,0,0,0,0,0,0,0,0,0,0,0.327
0.328,0,0,0,0,0,0,0,0,0,0,0,0,0.328
0.329,0,0,0,0,0,0,0,0,0,0,0,0,0.329
0.33,0,0,0,0,0,0,0,0,0,0,0,0,0.33
0.331,0,0,0,0,0,0,0,0,0,0,0,0,0.331
0.332,0,0,0,0,0,0,0,0,0,0,0,0,0.332
0.333,0,0,0,0,0,0,0,0,0,0,0,0,0.333
0.334,0,0,0,0,0,0,0,0,0,0,0,0,0.334
0.335,0,0,0,0,0,0,0,0,0,0,0,0,0.335
0.336,0,0,0,0,0,0,0,0,0,0,0,0,0.336
0.337,0,0,0,0,0,0,0,0,0,0,0,0,0.337
0.338,0,0,0,0,0,0,0,0,0,0,0,0,0.338
0.339,0,0,0,0,0,0,0,0,0,0,0,0,0.339
0.34,0,0,0,0,0,0,0,0,0,0,0,0,0.34
0.341,0,0,0,0,0,0,0,0,0,0,0,0,0.341
0.342,0,0,0,0,0,0,0,0,0,0,0,0,0.342
0.343,0,0,0,0,0,0,0,0,0,0,0,0,0.343
0.344,0,0,0,0,0,0,0,0,0,0,0,0,0.344
0.345,0,0,0,0,0,0,0,0,0,0,0,0,0.345
0.346,0,0,0,0,0,0,0,0,0,0,0,0,0.346
0.347,0,0,0,0,0,0,0,0,0,0,0,0,0.347
0.348,0,0,0,0,0,0,0,0,0,0,0,0,0.348
0.349,0,0,0,0,0,0,0,0,0,0,0,0,0.349
0.35,0,0,0,0,0,0,0,0,0,0,0,0,0.35
0.351,0,0,0,0,0,0,0,0,0,0,0,0,0.351
0.352,0,0,0,0,0,0,0,0,0,0,0,0,0.352
0.353,0,0,0,0,0,0,0,0,0,0,0,0,0.353
0.354,0,0,0,0,0,0,0,0,0,0,0,0,0.354
0.355,0,0,0,0,0,0,0,0,0,0,0,0,0.355
0.356,0,0,0,0,0,0,0,0,0,0,0,0,0.356
0.357,0,0,0,0,0,0,0,0,0,0,0,0,0.357
0.358,0,0,0,0,0,0,0,0,0,0,0,0,0.358
0.359,0,0,0,0,0,0,0,0,0,0,0,0,0.359
0.36,0,0,0,0,0,0,0,0,0,0,0,0,0.36
0.361,0,0,0,0,0,0,0,0,0,0,0,0,0.361
0.362,0,0,0,0,0,0,0,0,0,0,0,0,0.362
0.363,0,0,0,0,0,0,0,0,0,0,0,0,0.363
0.364,0,0,0,0,0,0,0,0,0,0,0,0,0.364
0.365,0,0,0,0,0,0,0,0,0,0,0,0,0.365
0.366,0,0,0,0,0,0,0,0,0,0,0,0,0.366
0.367,0,0,0,0,0,0,0,0,0,0,0,0,0.367
0.368,0,0,0,0,0,0,0,0,0,0,0,0,0.368
0.369,0,0,0,0,0,0,0,0,0,0,0,0,0.369
0.37,0,0,0,0,0,0,0,0,0,0,0,0,0.37
0.371,0,0,0,0,0,0,0,0,0,0,0,0,0.371
0.372,0,0,0,0,0,0,0,0,0,0,0,0,0.372
0.373,0,0,0,0,0,0,0,0,0,0,0,0,0.373
0.374,0,0,0,0,0,0,0,0,0,0,0,0,0.374
0.375,0,0,0,0,0,0,0,0,0,0,0,0,0.375
0.376,0,0,0,0,0,0,0,0,0,0,0,0,0.376
0.377,0,0,0,0,0,0,0,0,0,0,0,0,0.377
0.378,0,0,0,0,0,0,0,0,0,0,0,0,0.378
0.379,0,0,0,0,0,0,0,0,0,0,0,0,0.379
0.38,0,0,0,0,0,0,0,0,0,0,0,0,0.38
0.381,0,0,0,0,0,0,0,0,0,0,0,0,0.381
0.382,0,0,0,0,0,0,0,0,0,0,0,0,0.382
0.383,0,0,0,0,0,0,0,0,0,0,0,0,0.383
0.384,0,0,0,0,0,0,0,0,0,0,0,0,0.384
0.385,0,0,0,0,0,0,0,0,0,0,0,0,0.385
0.386,0,0,0,0,0,0,0,0,0,0,0,0,0.386
0.387,0,0,0,0,0,0,0,0,0,0,0,0,0.387
0.388,0,0,0,0,0,0,0,0,0,0,0,0,0.388
0.389,0,0,0,0,0,0,0,0,0,0,0,0,0.389
0.39,0,0,0,0,0,0,0,0,0,0,0,0,0.39
0.391,0,0,0,0,0,0,0,0,0,0,0,0,0.391
0.392,0,0,0,0,0,0,0,0,0,0,0,0,0.392
0.393,0,0,0,0,0,0,0,0,0,0,0,0,0.393
0.394,0,0,0,0,0,0,0,0,0,0,0,0,0.394
0.395,0,0,0,0,0,0,0,0,0,0,0,0,0.395
0.396,0,0,0,0,0,0,0,0,0,0,0,0,0.396
0.397,0,0,0,0,0,0,0,0,0,0,0,0,0.397
0.398,0,0,0,0,0,0,0,0,0,0,0,0,0.398
0.399,0,0,0,0,0,0,0,0,0,0,0,0,0.399
0.4,0,0,0,0,0,0,0,0,0,0,0,0,0.4
0.401,0,0,0,0,0,0,0,0,0,0,0,0,0.401
0.402,0,0,0,0,0,0,0,0,0,0,0,0,0.402
0.403,0,0,0,0,0,0,0,0,0,0,0,0,0.403
0.404,0,0,0,0,0,0,0,0,0,0,0,0,0.404
0.405,0,0,0,0,0,0,0,0,0,0,0,0,0.405
0.406,0,0,0,0,0,0,0,0,0,0,0,0,0.406
0.407,0,0,0,0,0,0,0,0,0,0,0,0,0.407
0.408,0,0,0,0,0,0,0,0,0,0,0,0,0.408
0.409,0,0,0,0,0,0,0,0,0,0,0,0,0.409
0.41,0,0,0,0,0,0,0,0,0,0,0,0,0.41
0.411,0,0,0,0,0,0,0,0,0,0,0,0,0.411
0.412,0,0,0,0,0,0,0,0,0,0,0,0,0.412
0.413,0,0,0,0,0,0,0,0,0,0,0,0,0.413
0.414,0,0,0,0,0,0,0,0,0,0,0,0,0.414
0.415,0,0,0,0,0,0,0,0,0,0,0,0,0.415
0.416,0,0,0,0,0,0,0,0,0,0,0,0,0.416
0.417,0,0,0,0,0,0,0,0,0,0,0,0,0.417
0.418,0,0,0,0,0,0,0,0,0,0,0,0,0.418
0.419,0,0,0,0,0,0,0,0,0,0,0,0,0.419
0.42,0,0,0,0,0,0,0,0,0,0,0,0,0.42
0.421,0,0,0,0,0,0,0,0,0,0,0,0,0.421
0.422,0,0,0,0,0,0,0,0,0,0,0,0,0.422
0.423,0,0,0,0,0,0,0,0,0,0,0,0,0.423
0.424,0,0,0,0,0,0,0,0,0,0,0,0,0.424
0.425,0,0,0,0,0,0,0,0,0,0,0,0,0.425
0.426,0,0,0,0,0,0,0,0,0,0,0,0,0.426
0.427,0,0,0,0,0,0,0,0,0,0,0,0,0.427
0.428,0,0,0,0,0,0,0,0,0,0,0,0,0.428
0.429,0,0,0,0,0,0,0,0,0,0,0,0,0.429
0.43,0,0,0,0,0,0,0,0,0,0,0,0,0.43
0.431,0,0,0,0,0,0,0,0,0,0,0,0,0.431
0.432,0,0,0,0,0,0,0,0,0,0,0,0,0.432
0.433,0,0,0,0,0,0,0,0,0,0,0,0,0.433
0.434,0,0,0,0,0,0,0,0,0,0,0,0,0.434
0.435,0,0,0,0,0,0,0,0,0,0,0,0,0.435
0.436,0,0,0,0,0,0,0,0,0,0,0,0,0.436
0.437,0,0,0,0,0,0,0,0,0,0,0,0,0.437
0.438,0,0,0,0,0,0,0,0,0,0,0,0,0.438
0.439,0,0,0,0,0,0,0,0,0,0,0,0,0.439
0.44,0,0,0,0,0,0,0,0,0,0,0,0,0.44
0.441,0,0,0,0,0,0,0,0,0,0,0,0,0.441
0.442,0,0,0,0,0,0,0,0,0,0,0,0,0.442
0.443,0,0,0,0,0,0,0,0,0,0,0,0,0.443
0.444,0,0,0,0,0,0,0,0,0,0,0,0,0.444
0.445,0,0,0,0,0,0,0,0,0,0,0,0,0.445
0.446,0,0,0,0,0,0,0,0,0,0,0,0,0.446
0.447,0,0,0,0,0,0,0,0,0,0,0,0,0.447
0.448,0,0,0,0,0,0,0,0,0,0,0,0,0.448
0.449,0,0,0,0,0,0,0,0,0,0,0,0,0.449
0.45,0,0,0,0,0,0,0,0,0,0,0,0,0.45
0.451,0,0,0,0,0,0,0,0,0,0,0,0,0.451
0.452,0,0,0,0,0,0,0,0,0,0,0,0,0.452
0.453,0,0,0,0,0,0,0,0,0,0,0,0,0.453
0.454,0,0,0,0,0,0,0,0,0,0,0,0,0.454
0.455,0,0,0,0,0,0,0,0,0,0,0,0,0.455
0.456,0,0,0,0,0,0,0,0,0,0,0,0,0.456
0.457,0,0,0,0,0,0,0,0,0,0,0,0,0.457
0.458,0,0,0,0,0,0,0,0,0,0,0,0,0.458
0.459,0,0,0,0,0,0,0,0,0,0,0,0,0.459
0.46,0,0,0,0,0,0,0,0,0,0,0,0,0.46
0.461,0,0,0,0,0,0,0,0,0,0,0,0,0.461
0.462,0,0,0,0,0,0,0,0,0,0,0,0,0.462
0.463,0,0,0,0,0,0,0,0,0,0,0,0,0.463
0.464,0,0,0,0,0,0,0,0,0,0,0,0,0.464
0.465,0,0,0,0,0,0,0,0,0,0,0,0,0.465
0.466,0,0,0,0,0,0,0,0,0,0,0,0,0.466
0.467,0,0,0,0,0,0,0,0,0,0,0,0,0.467
0.468,0,0,0,0,0,0,0,0,0,0,0,0,0.468
0.469,0,0,0,0,0,0,0,0,0,0,0,0,0.469
0.47,0,0,0,0,0,0,0,0,0,0,0,0,0.47
0.471,0,0,0,0,0,0,0,0,0,0,0,0,0.471
0.472,0,0,0,0,0,0,0,0,0,0,0,0,0.472
0.473,0,0,0,0,0,0,0,0,0,0,0,0,0.473
0.474,0,0,0,0,0,0,0,0,0,0,0,0,0.474
0.475,0,0,0,0,0,0,0,0,0,0,0,0,0.475
0.476,0,0,0,0,0,0,0,0,0,0,0,0,0.476
0.477,0,0,0,0,0,0,0,0,0,0,0,0,0.477
0.478,0,0,0,0,0,0,0,0,0,0,0,0,0.478
0.479,0,0,0,0,0,0,0,0,0,0,0,0,0.479
0.48,0,0,0,0,0,0,0,0,0,0,0,0,0.48
0.481,0,0,0,0,0,0,0,0,0,0,0,0,0.481
0.482,0,0,0,0,0,0,0,0,0,0,0,0,0.482
0.483,0,0,0,0,0,0,0,0,0,0,0,0,0.483
0.484,0,0,0,0,0,0,0,0,0,0,0,0,0.484
0.485,0,0,0,0,0,0,0,0,0,0,0,0,0.485
0.486,0,0,0,0,0,0,0,0,0,0,0,0,0.486
0.487,0,0,0,0,0,0,0,0,0,0,0,0,0.487
0.488,0,0,0,0,0,0,0,0,0,0,0,0,0.488
0.489,0,0,0,0,0,0,0,0,0,0,0,0,0.489
0.49,0,0,0,0,0,0,0,0,0,0,0,0,0.49
0.491,0,0,0,0,0,0,0,0,0,0,0,0,0.491
0.492,0,0,0,0,0,0,0,0,0,0,0,0,0.492
0.493,0,0,0,0,0,0,0,0,0,0,0,0,0.493
0.494,0,0,0,0,0,0,0,0,0,0,0,0,0.494
0.495,0,0,0,0,0,0,0,0,0,0,0,0,0.495
0.496,0,0,0,0,0,0,0,0,0,0,0,0,0.496
0.497,0,0,0,0,0,0,0,0,0,0,0,0,0.497
0.498,0,0,0,0,0,0,0,0,0,0,0,0,0.498
0.499,0,0,0,0,0,0,0,0,0,0,0,0,0.499
0.5,0,0,0,0,0,0,0,0,0,0,0,0,0.5
0.501,0,0,0,0,0,0,0,0,0,0,0,0,0.501
0.502,0,0,0,0,0,0,0,0,0,0,0,0,0.502
0.503,0,0,0,0,0,0,0,0,0,0,0,0,0.503
0.504,0,0,0,0,0,0,0,0,0,0,0,0,0.504
0.505,0,0,0,0,0,0,0,0,0,0,0,0,0.505
0.506,0,0,0,0,0,0,0,0,0,0,0,0,0.506
0.507,0,0,0,0,0,0,0,0,0,0,0,0,0.507
0.508,0,0,0,0,0,0,0,0,0,0,0,0,0.508
0.509,0,0,0,0,0,0,0,0,0,0,0,0,0.509
0.51,0,0,0,0,0,0,0,0,0,0,0,0,0.51
0.511,0,0,0,0,0,0,0,0,0,0,0,0,0.511
0.512,0,0,0,0,0,0,0,0,0,0,0,0,0.512
0.513,0,0,0,0,0,0,0,0,0,0,0,0,0.513
0.514,0,0,0,0,0,0,0,0,0,0,0,0,0.514
0.515,0,0,0,0,0,0,0,0,0,0,0,0,0.515
0.516,0,0,0,0,0,0,0,0,0,0,0,0,0.516
0.517,0,0,0,0,0,0,0,0,0,0,0,0,0.517
0.518,0,0,0,0,0,0,0,0,0,0,0,0,0.518
0.519,0,0,0,0,0,0,0,0,0,0,0,0,0.519
0.52,0,0,0,0,0,0,0,0,0,0,0,0,0.52
0.521,0,0,0,0,0,0,0,0,0,0,0,0,0.521
0.522,0,0,0,0,0,0,0,0,0,0,0,0,0.522
0.523,0,0,0,0,0,0,0,0,0,0,0,0,0.523
0.524,0,0,0,0,0,0,0,0,0,0,0,0,0.524
0.525,0,0,0,0,0,0,0,0,0,0,0,0,0.525
0.526,0,0,0,0,0,0,0,0,0,0,0,0,0.526
0.527,0,0,0,0,0,0,0,0,0,0,0,0,0.527
0.528,0,0,0,0,0,0,0,0,0,0,0,0,0.528
0.529,0,0,0,0,0,0,0,0,0,0,0,0,0.529
0.53,0,0,0,0,0,0,0,0,0,0,0,0,0.53
0.531,0,0,0,0,0,0,0,0,0,0,0,0,0.531
0.532,0,0,0,0,0,0,0,0,0,0,0,0,0.532
0.533,0,0,0,0,0,0,0,0,0,0,0,0,0.533
0.534,0,0,0,0,0,0,0,0,0,0,0,0,0.534
0.535,0,0,0,0,0,0,0,0,0,0,0,0,0.535
0.536,0,0,0,0,0,0,0,0,0,0,0,0,0.536
0.537,0.0315393,0,0,0,0,0,0,0,0,0,0,0,0.537
0.538,0.0820617,0,0,0,0,0,0,0,0,0,-15.4708,0,0.538
0.539,0.134521,0,0,0,0,0,0,-0.0154708,0,0,-48.3859,0,0.539
0.54,0.183335,0,0,0,0,0,0,-0.0638567,0,0,-91.2973,0,0.54
0.541,0.227598,0,0.00483883,0,0,0,0,-0.155154,0,0,-137.402,0,0.541
0.542,0.268142,0,0.0161682,0,0,0,0,-0.292556,0,-1.82264,-182.431,0.303774,0.542
0.543,0.304879,0,0.0301992,0,0,0,-0.00182109,-0.474987,0.000303778,-7.04775,-224.444,1.17462,0.543
0.544,0.336962,0,0.0457263,0,0,0,-0.00885916,-0.699431,0.00147131,-15.0606,-262.486,2.5101,0.544
0.545,0.363362,0,0.062572,0,0,0,-0.0238896,-0.961917,0.003941,-25.049,-295.686,4.17487,0.545
0.546,0.383032,0,0.0806513,0,0,0,-0.0488706,-1.25761,0.00799315,-36.4879,-323.11,6.08164,0.546
0.547,0.395099,0,0.0999514,0,0,0,-0.0852309,-1.58072,0.0138006,-49.0457,-343.797,8.17562,0.547
0.548,0.398715,0,0.120006,0,0.000398218,0,-0.134065,-1.92453,0.0214677,-62.5269,-356.872,10.4249,0.548
0.549,0.39563,0,0.140255,0,0.00130833,0,-0.19627,-2.28143,0.031063,-76.6138,-361.541,12.6912,0.549
0.55,0.389414,0,0.160115,0,0.00250597,0,-0.272427,-2.64301,0.0425247,-90.9132,-358.342,14.8402,0.55
0.551,0.381817,0,0.179025,0,0.00389916,0,-0.362734,-3.00142,0.0556749,-105.011,-349.412,16.8168,0.551
0.552,0.37372,0,0.196387,0,0.0054454,0,-0.46698,-3.35093,0.0702994,-118.485,-336.826,18.5794,0.552
0.553,0.365566,0,0.211542,0,0.00712439,0,-0.584537,-3.68789,0.0861601,-130.894,-322.191,20.0806,0.553
0.554,0.357573,0,0.223828,0,0.00891338,0,-0.714348,-4.01027,0.102988,-141.769,-306.637,21.2615,0.554
0.555,0.349847,0,0.23267,0,0.0107671,0,-0.854895,-4.31715,0.120467,-150.631,-290.92,22.0575,0.555
0.556,0.342433,0,0.237486,0,0.0126273,0,-1.00419,-4.60837,0.138232,-157.031,-275.537,22.4129,0.556
0.557,0.33535,0,0.237729,0,0.014441,0,-1.1598,-4.88426,0.15587,-160.546,-260.813,22.2794,0.557
0.558,0.328597,0,0.233044,0,0.0161518,0,-1.3189,-5.14547,0.172927,-160.777,-246.96,21.6144,0.558
0.559,0.322168,0,0.225044,0,0.0176876,0,-1.47824,-5.39286,0.188916,-157.421,-234.119,20.3912,0.559
0.56,0.316052,0,0.215557,0,0.0189602,0,-1.63431,-5.62742,0.203325,-150.962,-222.282,18.7187,0.56
0.561,0.310237,0,0.205509,0,0.0198803,0,-1.78405,-5.85015,0.215756,-142.385,-211.351,16.7934,0.561
0.562,0.30471,0,0.195391,0,0.0203685,0,-1.92539,-6.06192,0.226015,-132.589,-201.211,14.801,0.562
0.563,0.299457,0,0.185469,0,0.0203575,0,-2.05713,-6.26352,0.234093,-122.259,-191.765,12.8898,0.563
0.564,0.294466,0,0.175884,0,0.020101,0,-2.17873,-6.45562,0.240126,-111.87,-182.931,11.1695,0.564
0.565,0.289724,0,0.166717,0,0.0197344,0,-2.29012,-6.63884,0.24436,-101.705,-174.639,9.64752,0.565
0.566,0.285218,0,0.158006,0,0.0193246,0,-2.39152,-6.81373,0.24704,-91.9346,-166.831,8.2997,0.566
0.567,0.280937,0,0.149764,0,0.0189045,0,-2.48329,-6.98076,0.24838,-82.6498,-159.459,7.0981,0.567
0.568,0.27687,0,0.141998,0,0.01849,0,-2.56592,-7.14038,0.248564,-73.896,-152.485,6.01922,0.568
0.569,0.273006,0,0.134733,0,0.0180884,0,-2.63992,-7.29298,0.247744,-65.6926,-145.877,5.04583,0.569
0.57,0.269335,0,0.127976,0,0.0177031,0,-2.70582,-7.43894,0.246052,-58.0512,-139.606,4.167,0.57
0.571,0.265848,0,0.121722,0,0.017335,0,-2.76419,-7.57858,0.243603,-50.9741,-133.646,3.3754,0.571
0.572,0.262535,0,0.115977,0,0.0169844,0,-2.81558,-7.71223,0.240502,-44.4539,-127.973,2.66535,0.572
0.573,0.259387,0,0.110733,0,0.0166508,0,-2.86052,-7.84018,0.236845,-38.4832,-122.568,2.03316,0.573
0.574,0.256397,0,0.105963,0,0.0163337,0,-2.89957,-7.9627,0.232721,-33.048,-117.412,1.47529,0.574
0.575,0.253557,0,0.10165,0,0.0160323,0,-2.93324,-8.08004,0.228211,-28.1262,-112.487,0.98757,0.575
0.576,0.250858,0,0.0977745,0,0.0157458,0,-2.96204,-8.19243,0.223393,-23.6938,-107.78,0.565923,0.576
0.577,0.248295,0,0.0943135,0,0.0154737,0,-2.98646,-8.30009,0.218337,-19.7256,-103.277,0.206368,0.577
0.578,0.245859,0,0.0912376,0,0.0152152,0,-3.00694,-8.40324,0.213108,-16.1951,-98.966,-0.0951836,0.578
0.579,0.243546,0,0.0885324,0,0.0149695,0,-3.02391,-8.50206,0.207764,-13.0726,-94.8371,-0.343235,0.579
0.58,0.241348,0,0.0861816,0,0.0147362,0,-3.03778,-8.59675,0.202359,-10.3331,-90.88,-0.5415,0.58
0.581,0.23926,0,0.0841725,0,0.0145145,0,-3.04893,-8.68748,0.196941,-7.95319,-87.0851,-0.693356,0.581
0.582,0.237276,0,0.0825063,0,0.0143039,0,-3.05769,-8.7744,0.191555,-5.91243,-83.4433,-0.801725,0.582
0.583,0.235391,0,0.0811755,0,0.0141038,0,-3.06442,-8.85768,0.186242,-4.19696,-79.945,-0.8684,0.583
0.584,0.233601,0,0.0801616,0,0.0139138,0,-3.06942,-8.93747,0.181039,-2.79352,-76.5813,-0.895087,0.584
0.585,0.2319,0,0.0794381,4.85328e-05,0.0137332,0,-3.07299,-9.01389,0.175983,-1.68534,-73.3448,-0.884085,0.585
0.586,0.230285,0,0.0789877,0.000165086,0.0135616,0,-3.07544,-9.08708,0.171108,-0.83256,-70.2264,-0.841554,0.586
0.587,0.22875,0,0.0787695,0.000217291,0.0133987,0,-3.07701,-9.15716,0.166441,-0.197791,-67.2178,-0.773255,0.587
0.588,0.227292,0,0.0786671,0.000239521,0.0132439,0,-3.07792,-9.22424,0.162004,0.206261,-64.3215,-0.676612,0.588
0.589,0.225906,0,0.0786222,0.000246958,0.0130968,0,-3.07838,-9.28843,0.157821,0.430982,-61.5412,-0.559746,0.589
0.59,0.22459,0,0.0786058,0.000247181,0.0129571,0,-3.07858,-9.34986,0.153906,0.532737,-58.8786,-0.431621,0.59
0.591,0.22334,0,0.0786034,0.000243972,0.0128243,0,-3.07864,-9.40863,0.150264,0.556358,-56.3335,-0.299286,0.591
0.592,0.222152,0,0.0786076,0.000239214,0.0126983,0,-3.07864,-9.46486,0.146895,0.533271,-53.9036,-0.167562,0.592
0.593,0.221024,0,0.0786149,0.000233838,0.0125785,0,-3.07861,-9.51868,0.14379,0.484018,-51.5855,-0.0394672,0.593
0.594,0.219952,0,0.0786234,0.000228304,0.0124647,0,-3.0786,-9.57019,0.140941,0.421428,-49.375,0.0832585,0.594
0.595,0.218934,0,0.0786324,0.000222833,0.0123565,0,-3.07861,-9.6195,0.138336,0.353236,-47.2676,0.19971,0.595
0.596,0.217967,0,0.0786413,0.000217529,0.0122538,0,-3.07865,-9.66671,0.135964,0.283964,-45.2587,0.309506,0.596
0.597,0.217048,0,0.07865,0.000212435,0.0121563,0,-3.07873,-9.71192,0.133812,0.216157,-43.3438,0.412577,0.597
0.598,0.216174,0,0.0786583,0.00020757,0.0120636,0,-3.07884,-9.75522,0.131868,0.151181,-41.5184,0.509037,0.598
0.599,0.215345,0,0.0786663,0.000202935,0.0119755,0,-3.07899,-9.79671,0.130121,0.0897155,-39.778,0.599096,0.599
0.6,0.214557,0,0.0786739,0.000198525,0.0118919,0,-3.07916,-9.83646,0.12856,0.0320364,-38.1187,0.683018,0.6
0.601,0.213809,0,0.0786811,0.000194332,0.0118124,0,-3.07937,-9.87456,0.127174,-0.0218063,-36.5364,0.76109,0.601
0.602,0.213097,0,0.078688,0.000190347,0.0117369,0,-3.0796,-9.91108,0.125953,-0.071879,-35.0273,0.833602,0.602
0.603,0.212422,0,0.0786945,0.000186561,0.0116652,0,-3.07986,-9.9461,0.124888,-0.118316,-33.588,0.900842,0.603
0.604,0.21178,0,0.0787008,0.000182963,0.011597,0,-3.08013,-9.97969,0.123969,-0.161285,-32.2148,0.96309,0.604
0.605,0.21117,0,0.0787067,0.000179545,0.0115323,0,-3.08043,-10.0119,0.123188,-0.200963,-30.9047,1.02062,0.605
0.606,0.210591,0,0.0787123,0.000176298,0.0114708,0,-3.08074,-10.0428,0.122536,-0.237529,-29.6546,1.07368,0.606
0.607,0.210041,0,0.0787176,0.000173213,0.0114124,0,-3.08107,-10.0725,0.122006,-0.271163,-28.4615,1.12252,0.607
0.608,0.209518,0,0.0787227,0.000170283,0.0113569,0,-3.08142,-10.101,0.121591,-0.302035,-27.3227,1.16737,0.608
0.609,0.209022,0,0.0787275,0.000167499,0.0113042,0,-3.08177,-10.1283,0.121283,-0.330307,-26.2355,1.20846,0.609
0.61,0.20855,0,0.078732,0.000164854,0.0112541,0,-3.08214,-10.1546,0.121076,-0.356138,-25.1974,1.246,0.61
0.611,0.208102,0,0.0787364,0.000162341,0.0112065,0,-3.08252,-10.1798,0.120964,-0.379674,-24.2061,1.28018,0.611
0.612,0.207676,0,0.0787405,0.000159954,0.0111613,0,-3.0829,-10.2041,0.12094,-0.401055,-23.2592,1.3112,0.612
0.613,0.207271,0,0.0787444,0.000157686,0.0111184,0,-3.08329,-10.2274,0.121,-0.420411,-22.3548,1.33923,0.613
0.614,0.206887,0,0.0787481,0.000155531,0.0110776,0,-3.08369,-10.2497,0.121137,-0.437868,-21.4906,1.36445,0.614
0.615,0.206522,0,0.0787517,0.000153484,0.0104363,0,-3.08409,-10.2713,0.121347,-0.453542,-20.6648,1.38701,0.615
0.616,0.200784,0,0.0787853,0.000121314,0.0101284,0,-3.08449,-10.292,0.121624,-0.520102,-19.882,1.54356,0.616
0.617,0.198029,0,0.078802,0.000105866,0.00997441,0,-3.08493,-10.3119,0.122103,-0.724084,-16.7214,1.71781,0.617
0.618,0.196651,0,0.0788104,9.81412e-05,0.00989742,0,-3.0855,-10.3287,0.122932,-0.908884,-13.6516,1.85197,0.618
0.619,0.195962,0,0.0788146,9.4279e-05,0.00985893,0,-3.08621,-10.3424,0.124065,-1.03942,-11.2737,1.9389,0.619
0.62,0.195618,0,0.0788167,9.2348e-05,0.00983968,0,-3.087,-10.3538,0.125416,-1.11877,-9.59461,1.98691,0.62
0.621,0.195446,0,0.0788178,9.13824e-05,0.00983006,0,-3.08785,-10.3635,0.126908,-1.15967,-8.45789,2.00689,0.621
0.622,0.195359,0,0.0788183,9.08997e-05,0.00982525,0,-3.08873,-10.372,0.128482,-1.17451,-7.69813,2.00813,0.622
0.623,0.195316,0,0.0788186,9.06583e-05,0.00982284,0,-3.08961,-10.3798,0.130099,-1.17278,-7.18506,1.99741,0.623
0.624,0.195295,0,0.0788187,9.05376e-05,0.00982164,0,-3.09049,-10.3871,0.131733,-1.16096,-6.82765,1.97936,0.624
0.625,0.195284,0,0.0788188,9.04772e-05,0.00982104,0,-3.09136,-10.394,0.133368,-1.14326,-6.56624,1.95695,0.625
0.626,0.195279,0,0.0788188,9.04471e-05,0.00982074,0,-3.09221,-10.4007,0.134994,-1.1223,-6.36326,1.93208,0.626
0.627,0.195276,0,0.0788188,9.0432e-05,0.00982059,0,-3.09304,-10.4072,0.136607,-1.09966,-6.19572,1.90589,0.627
0.628,0.195275,0,0.0788188,9.04244e-05,0.00982051,0,-3.09385,-10.4135,0.138202,-1.07629,-6.04983,1.87909,0.628
0.629,0.195274,0,0.0788188,9.04207e-05,0.00982047,0,-3.09464,-10.4196,0.139778,-1.05272,-5.91739,1.85209,0.629
0.63,0.195274,0,0.0788188,9.04188e-05,0.00982046,0,-3.09541,-10.4256,0.141333,-1.02927,-5.79362,1.82514,0.63
0.631,0.195274,0,0.0788188,9.04178e-05,0.00982045,0,-3.09617,-10.4315,0.142868,-1.00611,-5.67575,1.79836,0.631
0.632,0.195273,0,0.0788188,9.04174e-05,0.00982044,0,-3.0969,-10.4373,0.144383,-0.983328,-5.56213,1.77185,0.632
0.633,0.195273,0,0.0788188,9.04171e-05,0.00982044,0,-3.09761,-10.4429,0.145876,-0.960985,-5.45185,1.74565,0.633
0.634,0.195273,0,0.0788188,9.0417e-05,0.00982044,0,-3.0983,-10.4484,0.147349,-0.939097,-5.34435,1.71979,0.634
0.635,0.195273,0,0.0788188,9.04169e-05,0.00982044,0,-3.09898,-10.4539,0.148801,-0.917675,-5.2393,1.69426,0.635
0.636,0.195273,0,0.0788188,9.04169e-05,0.00982044,0,-3.09964,-10.4592,0.150234,-0.896716,-5.1365,1.66909,0.636
0.637,0.195273,0,0.0788188,9.04169e-05,0.00982044,0,-3.10028,-10.4644,0.151646,-0.876218,-5.03582,1.64426,0.637
0.638,0.195273,0,0.0788188,9.04169e-05,0.00982044,0,-3.1009,-10.4695,0.153039,-0.856173,-4.93717,1.61978,0.638
0.639,0.195273,0,0.0788188,9.04169e-05,0.00982044,0,-3.10151,-10.4746,0.154412,-0.836572,-4.84047,1.59565,0.639
0.64,0.195273,0,0.0788188,9.04169e-05,0.00982044,0,-3.1021,-10.4795,0.155766,-0.817408,-4.74569,1.57185,0.64
0.641,0.195273,0,0.0788188,9.04169e-05,0.00982044,0,-3.10267,-10.4843,0.157101,-0.798671,-4.65277,1.54839,0.641
0.642,0.195273,0,0.0788188,9.04169e-05,0.00982044,0,-3.10323,-10.489,0.158417,-0.780351,-4.56167,1.52527,0.642
0.643,0.195273,0,0.0788188,9.04169e-05,0.00982044,0,-3.10378,-10.4937,0.159715,-0.762441,-4.47236,1.50248,0.643
0.644,0.195273,0,0.0788188,9.04169e-05,0.00982044,0,-3.10431,-10.4982,0.160995,-0.74493,-4.38479,1.48,0.644
0.645,0.195273,0,0.0788188,9.04169e-05,0.00982044,0,-3.10482,-10.5027,0.162256,-0.727811,-4.29894,1.45785,0.645
0.646,0.195273,0,0.0788188,9.04169e-05,0.00982044,0,-3.10532,-10.507,0.1635,-0.711075,-4.21476,1.43602,0.646
0.647,0.195273,0,0.0788188,9.04169e-05,0.00982044,0,-3.10581,-10.5113,0.164726,-0.694714,-4.13224,1.4145,0.647
0.648,0.195273,0,0.0788188,9.04169e-05,0.00982044,0,-3.10628,-10.5155,0.165935,-0.678718,-4.05132,1.39328,0.648
0.649,0.195273,0,0.0788188,9.04169e-05,0.00982044,0,-3.10674,-10.5197,0.167126,-0.663081,-3.97199,1.37237,0.649
0.65,0.195273,0,0.0788188,9.04169e-05,0.00982044,0,-3.10719,-10.5237,0.168301,-0.647793,-3.89422,1.35176,0.65
0.651,0.195273,0,0.0788188,9.04169e-05,0.00982044,0,-3.10763,-10.5277,0.169459,-0.632849,-3.81796,1.33144,0.651
0.652,0.195273,0,0.0788188,9.04169e-05,0.00982044,0,-3.10805,-10.5315,0.170601,-0.61824,-3.74319,1.31142,0.652
0.653,0.195273,0,0.0788188,9.04169e-05,0.00982044,0,-3.10847,-10.5353,0.171727,-0.603958,-3.66989,1.29168,0.653
0.654,0.195273,0,0.0788188,9.04169e-05,0.00982044,0,-3.10887,-10.5391,0.172836,-0.589997,-3.59802,1.27223,0.654
0.655,0.195273,0,0.0788188,9.04169e-05,0.00982044,0,-3.10926,-10.5427,0.17393,-0.576349,-3.52756,1.25306,0.655
0.656,0.195273,0,0.0788188,9.04169e-05,0.00982044,0,-3.10964,-10.5463,0.175008,-0.563008,-3.45848,1.23416,0.656
0.657,0.195273,0,0.0788188,9.04169e-05,0.00982044,0,-3.11001,-10.5499,0.176071,-0.549966,-3.39075,1.21554,0.657
0.658,0.195273,0,0.0788188,9.04169e-05,0.00982044,0,-3.11036,-10.5533,0.177118,-0.537218,-3.32434,1.19718,0.658
0.659,0.195273,0,0.0788188,9.04169e-05,0.00982044,0,-3.11071,-10.5567,0.178151,-0.524757,-3.25923,1.17909,0.659
0.66,0.195273,0,0.0788188,9.04169e-05,0.00982044,0,-3.11105,-10.56,0.179168,-0.512576,-3.1954,1.16127,0.66
0.661,0.195273,0,0.0788188,9.04169e-05,0.00982044,0,-3.11138,-10.5633,0.180171,-0.500669,-3.13282,1.1437,0.661
0.662,0.195273,0,0.0788188,9.04169e-05,0.00982044,0,-3.1117,-10.5665,0.18116,-0.48903,-3.07146,1.12638,0.662
0.663,0.195273,0,0.0788188,9.04169e-05,0.00982044,0,-3.11201,-10.5696,0.182135,-0.477654,-3.0113,1.10932,0.663
0.664,0.195273,0,0.0788188,9.04169e-05,0.00982044,0,-3.11231,-10.5726,0.183095,-0.466534,-2.95232,1.0925,0.664
0.665,0.195273,0,0.0788188,9.04169e-05,0.00982044,0,-3.1126,-10.5757,0.184042,-0.455665,-2.89449,1.07593,0.665
0.666,0.195273,0,0.0788188,9.04169e-05,0.00982044,0,-3.11289,-10.5786,0.184975,-0.445042,-2.8378,1.0596,0.666
0.667,0.195273,0,0.0788188,9.04169e-05,0.00982044,0,-3.11316,-10.5815,0.185894,-0.434658,-2.78221,1.04351,0.667
0.668,0.195273,0,0.0788188,9.04169e-05,0.00982044,0,-3.11343,-10.5843,0.186801,-0.424509,-2.72772,1.02765,0.668
0.669,0.195273,0,0.0788188,9.04169e-05,0.00982044,0,-3.11369,-10.5871,0.187694,-0.414589,-2.67429,1.01203,0.669
0.67,0.195273,0,0.0788188,9.04169e-05,0.00982044,0,-3.11394,-10.5898,0.188574,-0.404894,-2.6219,0.996632,0.67
0.671,0.195273,0,0.0788188,9.04169e-05,0.00982044,0,-3.11419,-10.5925,0.189442,-0.395418,-2.57054,0.98146,0.671
0.672,0.195273,0,0.0788188,9.04169e-05,0.00982044,0,-3.11443,-10.5951,0.190297,-0.386156,-2.52019,0.966509,0.672
0.673,0.195273,0,0.0788188,9.04169e-05,0.00982044,0,-3.11466,-10.5977,0.191139,-0.377104,-2.47082,0.951778,0.673
0.674,0.195273,0,0.0788188,9.04169e-05,0.00982044,0,-3.11488,-10.6002,0.191969,-0.368258,-2.42242,0.937263,0.674
0.675,0.195273,0,0.0788188,9.04169e-05,0.00982044,0,-3.1151,-10.6027,0.192788,-0.359612,-2.37497,0.92296,0.675
0.676,0.195273,0,0.0788188,9.04169e-05,0.00982044,0,-3.11531,-10.6051,0.193594,-0.351162,-2.32844,0.908868,0.676
0.677,0.195273,0,0.0788188,9.04169e-05,0.00982044,0,-3.11552,-10.6075,0.194389,-0.342903,-2.28283,0.894983,0.677
0.678,0.195273,0,0.0788188,9.04169e-05,0.00982044,0,-3.11572,-10.6098,0.195171,-0.334833,-2.23811,0.881302,0.678
0.679,0.195273,0,0.0788188,9.04169e-05,0.00982044,0,-3.11591,-10.6121,0.195943,-0.326945,-2.19427,0.867822,0.679
0.68,0.195273,0,0.0788188,9.04169e-05,0.00982044,0,-3.1161,-10.6143,0.196703,-0.319238,-2.15128,0.854541,0.68
0.681,0.195273,0,0.0788188,9.04169e-05,0.00982044,0,-3.11628,-10.6165,0.197452,-0.311705,-2.10914,0.841456,0.681
0.682,0.195273,0,0.0788188,9.04169e-05,0.00982044,0,-3.11645,-10.6187,0.198191,-0.304344,-2.06782,0.828564,0.682
0.683,0.195273,0,0.0788188,9.04169e-05,0.00982044,0,-3.11662,-10.6208,0.198918,-0.29715,-2.02731,0.815862,0.683
0.684,0.195273,0,0.0788188,9.04169e-05,0.00982044,0,-3.11679,-10.6229,0.199635,-0.29012,-1.98759,0.803348,0.684
0.685,0.195273,0,0.0788188,9.04169e-05,0.00982044,0,-3.11695,-10.6249,0.200341,-0.283251,-1.94865,0.791019,0.685
0.686,0.195273,0,0.0788188,9.04169e-05,0.00982044,0,-3.1171,-10.6269,0.201037,-0.276538,-1.91048,0.778873,0.686
0.687,0.195273,0,0.0788188,9.04169e-05,0.00982044,0,-3.11725,-10.6288,0.201722,-0.269978,-1.87305,0.766907,0.687
0.688,0.195273,0,0.0788188,9.04169e-05,0.00982044,0,-3.1174,-10.6307,0.202398,-0.263569,-1.83635,0.755118,0.688
0.689,0.195273,0,0.0788188,9.04169e-05,0.00982044,0,-3.11754,-10.6326,0.203063,-0.257305,-1.80038,0.743505,0.689
0.69,0.195273,0,0.0788188,9.04169e-05,0.00982044,0,-3.11768,-10.6344,0.203719,-0.251185,-1.7651,0.732063,0.69
0.691,0.195273,0,0.0788188,9.04169e-05,0.00982044,0,-3.11781,-10.6362,0.204365,-0.245205,-1.73052,0.720792,0.691
0.692,0.195273,0,0.0788188,9.04169e-05,0.00982044,0,-3.11794,-10.638,0.205002,-0.239362,-1.69662,0.709689,0.692
0.693,0.195273,0,0.0788188,9.04169e-05,0.00982044,0,-3.11806,-10.6397,0.205629,-0.233652,-1.66338,0.69875,0.693
0.694,0.195273,0,0.0788188,9.04169e-05,0.00982044,0,-3.11818,-10.6414,0.206247,-0.228074,-1.63079,0.687975,0.694
0.695,0.195273,0,0.0788188,9.04169e-05,0.00982044,0,-3.11829,-10.6431,0.206855,-0.222623,-1.59884,0.677361,0.695
0.696,0.195273,0,0.0788188,9.04169e-05,0.00982044,0,-3.11841,-10.6447,0.207455,-0.217297,-1.56751,0.666904,0.696
0.697,0.195273,0,0.0788188,9.04169e-05,0.00982044,0,-3.11851,-10.6463,0.208046,-0.212094,-1.5368,0.656604,0.697
0.698,0.195273,0,0.0788188,9.04169e-05,0.00982044,0,-3.11862,-10.6479,0.208628,-0.20701,-1.50669,0.646458,0.698
0.699,0.195273,0,0.0788188,9.04169e-05,0.00982044,0,-3.11872,-10.6495,0.209201,-0.202043,-1.47717,0.636464,0.699
0.7,0.195273,0,0.0788188,9.04169e-05,0.00982044,0,-3.11882,-10.651,0.209766,-0.19719,-1.44823,0.626619,0.7
0.701,0.195273,0,0.0788188,9.04169e-05,0.00982044,0,-3.11891,-10.6524,0.210323,-0.192449,-1.41986,0.616922,0.701
0.702,0.195273,0,0.0788188,9.04169e-05,0.00982044,0,-3.119,-10.6539,0.210871,-0.187818,-1.39204,0.60737,0.702
0.703,0.195273,0,0.0788188,9.04169e-05,0.00982044,0,-3.11909,-10.6553,0.211411,-0.183293,-1.36476,0.597961,0.703
0.704,0.195273,0,0.0788188,9.04169e-05,0.00982044,0,-3.11918,-10.6567,0.211943,-0.178872,-1.33802,0.588693,0.704
0.705,0.195273,0,0.0788188,9.04169e-05,0.00982044,0,-3.11926,-10.6581,0.212467,-0.174553,-1.31181,0.579565,0.705
0.706,0.195273,0,0.0788188,9.04169e-05,0.00982044,0,-3.11934,-10.6594,0.212983,-0.170334,-1.2861,0.570574,0.706
0.707,0.195273,0,0.0788188,9.04169e-05,0.00982044,0,-3.11941,-10.6607,0.213492,-0.166213,-1.26091,0.561718,0.707
0.708,0.195273,0,0.0788188,9.04169e-05,0.00982044,0,-3.11949,-10.662,0.213993,-0.162186,-1.2362,0.552995,0.708
0.709,0.195273,0,0.0788188,9.04169e-05,0.00982044,0,-3.11956,-10.6633,0.214486,-0.158253,-1.21198,0.544404,0.709
0.71,0.195273,0,0.0788188,9.04169e-05,0.00982044,0,-3.11963,-10.6645,0.214972,-0.154412,-1.18823,0.535942,0.71
0.711,0.195273,0,0.0788188,9.04169e-05,0.00982044,0,-3.11969,-10.6658,0.215451,-0.150659,-1.16495,0.527608,0.711
0.712,0.195273,0,0.0788188,9.04169e-05,0.00982044,0,-3.11976,-10.6669,0.215923,-0.146993,-1.14213,0.519399,0.712
0.713,0.195273,0,0.0788188,9.04169e-05,0.00982044,0,-3.11982,-10.6681,0.216387,-0.143412,-1.11975,0.511315,0.713
0.714,0.195273,0,0.0788188,9.04169e-05,0.00982044,0,-3.11988,-10.6693,0.216845,-0.139914,-1.09781,0.503353,0.714
0.715,0.195273,0,0.0788188,9.04169e-05,0.00982044,0,-3.11993,-10.6704,0.217295,-0.136498,-1.0763,0.495511,0.715
0.716,0.195273,0,0.0788188,9.04169e-05,0.00982044,0,-3.11999,-10.6715,0.217739,-0.133161,-1.05521,0.487787,0.716
0.717,0.195273,0,0.0788188,9.04169e-05,0.00982044,0,-3.12004,-10.6726,0.218176,-0.129901,-1.03454,0.480181,0.717
0.718,0.195273,0,0.0788188,9.04169e-05,0.00982044,0,-3.12009,-10.6736,0.218607,-0.126718,-1.01426,0.47269,0.718
0.719,0.195273,0,0.0788188,9.04169e-05,0.00982044,0,-3.12014,-10.6747,0.219031,-0.123609,-0.994392,0.465313,0.719
0.72,0.195273,0,0.0788188,9.04169e-05,0.00982044,0,-3.12018,-10.6757,0.219449,-0.120572,-0.974908,0.458047,0.72
0.721,0.195273,0,0.0788188,9.04169e-05,0.00982044,0,-3.12023,-10.6767,0.21986,-0.117606,-0.955806,0.450892,0.721
0.722,0.195273,0,0.0788188,9.04169e-05,0.00982044,0,-3.12027,-10.6777,0.220265,-0.11471,-0.937079,0.443845,0.722
0.723,0.195273,0,0.0788188,9.04169e-05,0.00982044,0,-3.12031,-10.6786,0.220664,-0.111881,-0.918718,0.436906,0.723
0.724,0.195273,0,0.0788188,9.04169e-05,0.00982044,0,-3.12035,-10.6796,0.221058,-0.109118,-0.900717,0.430072,0.724
0.725,0.195273,0,0.0788188,9.04169e-05,0.00982044,0,-3.12039,-10.6805,0.221445,-0.10642,-0.883069,0.423342,0.725
0.726,0.195273,0,0.0788188,9.04169e-05,0.00982044,0,-3.12042,-10.6814,0.221826,-0.103786,-0.865766,0.416714,0.726
0.727,0.195273,0,0.0788188,9.04169e-05,0.00982044,0,-3.12046,-10.6823,0.222201,-0.101213,-0.848803,0.410188,0.727
0.728,0.195273,0,0.0788188,9.04169e-05,0.00982044,0,-3.12049,-10.6831,0.222571,-0.0987,-0.832172,0.40376,0.728
0.729,0.195273,0,0.0788188,9.04169e-05,0.00982044,0,-3.12052,-10.684,0.222935,-0.0962464,-0.815866,0.397431,0.729
0.73,0.195273,0,0.0788188,9.04169e-05,0.00982044,0,-3.12055,-10.6848,0.223294,-0.0938505,-0.799881,0.391199,0.73
0.731,0.195273,0,0.0788188,9.04169e-05,0.00982044,0,-3.12058,-10.6857,0.223647,-0.091511,-0.784208,0.385062,0.731
0.732,0.195273,0,0.0788188,9.04169e-05,0.00982044,0,-3.12061,-10.6865,0.223995,-0.0892266,-0.768843,0.379018,0.732
0.733,0.195273,0,0.0788188,9.04169e-05,0.00982044,0,-3.12063,-10.6872,0.224338,-0.086996,-0.753778,0.373067,0.733
0.734,0.195273,0,0.0788188,9.04169e-05,0.00982044,0,-3.12066,-10.688,0.224675,-0.084818,-0.739009,0.367207,0.734
0.735,0.195273,0,0.0788188,9.04169e-05,0.00982044,0,-3.12068,-10.6888,0.225007,-0.0826914,-0.724529,0.361437,0.735
0.736,0.195273,0,0.0788188,9.04169e-05,0.00982044,0,-3.1207,-10.6895,0.225334,-0.0806151,-0.710333,0.355755,0.736
0.737,0.195273,0,0.0788188,9.04169e-05,0.00982044,0,-3.12072,-10.6902,0.225656,-0.0785878,-0.696415,0.35016,0.737
0.738,0.195273,0,0.0788188,9.04169e-05,0.00982044,0,-3.12074,-10.691,0.225974,-0.0766086,-0.68277,0.344651,0.738
0.739,0.195273,0,0.0788188,9.04169e-05,0.00982044,0,-3.12076,-10.6917,0.226286,-0.0746762,-0.669393,0.339227,0.739
0.74,0.195273,0,0.0788188,9.04169e-05,0.00982044,0,-3.12078,-10.6923,0.226594,-0.0727897,-0.656277,0.333886,0.74
0.741,0.195273,0,0.0788188,9.04169e-05,0.00982044,0,-3.12079,-10.693,0.226897,-0.0709479,-0.643418,0.328626,0.741
0.742,0.195273,0,0.0788188,9.04169e-05,0.00982044,0,-3.12081,-10.6937,0.227195,-0.0691499,-0.630812,0.323448,0.742
0.743,0.195273,0,0.0788188,9.04169e-05,0.00982044,0,-3.12083,-10.6943,0.227489,-0.0673946,-0.618452,0.318349,0.743
0.744,0.195273,0,0.0788188,9.04169e-05,0.00982044,0,-3.12084,-10.695,0.227778,-0.0656811,-0.606334,0.313329,0.744
0.745,0.195273,0,0.0788188,9.04169e-05,0.00982044,0,-3.12085,-10.6956,0.228063,-0.0640085,-0.594454,0.308386,0.745
0.746,0.195273,0,0.0788188,9.04169e-05,0.00982044,0,-3.12086,-10.6962,0.228343,-0.0623757,-0.582807,0.303519,0.746
0.747,0.195273,0,0.0788188,9.04169e-05,0.00982044,0,-3.12087,-10.6968,0.228619,-0.0607818,-0.571388,0.298727,0.747
0.748,0.195273,0,0.0788188,9.04169e-05,0.00982044,0,-3.12089,-10.6974,0.228891,-0.0592261,-0.560193,0.294009,0.748
0.749,0.195273,0,0.0788188,9.04169e-05,0.00982044,0,-3.12089,-10.698,0.229159,-0.0577075,-0.549217,0.289363,0.749
0.75,0.195273,0,0.0788188,9.04169e-05,0.00982044,0,-3.1209,-10.6985,0.229422,-0.0562253,-0.538456,0.28479,0.75
0.751,0.195273,0,0.0788188,9.04169e-05,0.00982044,0,-3.12091,-10.6991,0.229682,-0.0547786,-0.527906,0.280287,0.751
0.752,0.195273,0,0.0788188,9.04169e-05,0.00982044,0,-3.12092,-10.6996,0.229938,-0.0533666,-0.517563,0.275853,0.752
0.753,0.195273,0,0.0788188,9.04169e-05,0.00982044,0,-3.12093,-10.7001,0.230189,-0.0519885,-0.507423,0.271489,0.753
0.754,0.195273,0,0.0788188,9.04169e-05,0.00982044,0,-3.12093,-10.7007,0.230437,-0.0506435,-0.497481,0.267191,0.754
0.755,0.195273,0,0.0788188,9.04169e-05,0.00982044,0,-3.12094,-10.7012,0.230681,-0.0493309,-0.487734,0.26296,0.755
0.756,0.195273,0,0.0788188,9.04169e-05,0.00982044,0,-3.12094,-10.7017,0.230921,-0.0480499,-0.478178,0.258795,0.756
0.757,0.195273,0,0.0788188,9.04169e-05,0.00982044,0,-3.12095,-10.7022,0.231158,-0.0467998,-0.468809,0.254694,0.757
0.758,0.195273,0,0.0788188,9.04169e-05,0.00982044,0,-3.12095,-10.7027,0.23139,-0.0455798,-0.459624,0.250657,0.758
0.759,0.195273,0,0.0788188,9.04169e-05,0.00982044,0,-3.12095,-10.7031,0.23162,-0.0443894,-0.450619,0.246682,0.759
0.76,0.195273,0,0.0788188,9.04169e-05,0.00982044,0,-3.12095,-10.7036,0.231845,-0.0432277,-0.44179,0.242769,0.76
0.761,0.195273,0,0.0788188,9.04169e-05,0.00982044,0,-3.12096,-10.704,0.232068,-0.0420941,-0.433134,0.238916,0.761
0.762,0.195273,0,0.0788188,9.04169e-05,0.00982044,0,-3.12096,-10.7045,0.232286,-0.040988,-0.424648,0.235124,0.762
0.763,0.195273,0,0.0788188,9.04169e-05,0.00982044,0,-3.12096,-10.7049,0.232502,-0.0399088,-0.416328,0.23139,0.763
0.764,0.195273,0,0.0788188,9.04169e-05,0.00982044,0,-3.12096,-10.7054,0.232714,-0.0388558,-0.408172,0.227714,0.764
0.765,0.195273,0,0.0788188,9.04169e-05,0.00982044,0,-3.12096,-10.7058,0.232923,-0.0378284,-0.400175,0.224096,0.765
0.766,0.195273,0,0.0788188,9.04169e-05,0.00982044,0,-3.12096,-10.7062,0.233128,-0.036826,-0.392334,0.220534,0.766
0.767,0.195273,0,0.0788188,9.04169e-05,0.00982044,0,-3.12096,-10.7066,0.233331,-0.0358481,-0.384648,0.217027,0.767
0.768,0.195273,0,0.0788188,9.04169e-05,0.00982044,0,-3.12096,-10.707,0.23353,-0.034894,-0.377112,0.213575,0.768
0.769,0.195273,0,0.0788188,9.04169e-05,0.00982044,0,-3.12096,-10.7074,0.233726,-0.0339632,-0.369724,0.210176,0.769
0.77,0.195273,0,0.0788188,9.04169e-05,0.00982044,0,-3.12095,-10.7078,0.233919,-0.0330552,-0.36248,0.206831,0.77
0.771,0.195273,0,0.0788188,9.04169e-05,0.00982044,0,-3.12095,-10.7081,0.234109,-0.0321695,-0.355378,0.203538,0.771
0.772,0.195273,0,0.0788188,9.04169e-05,0.00982044,0,-3.12095,-10.7085,0.234296,-0.0313054,-0.348416,0.200296,0.772
0.773,0.195273,0,0.0788188,9.04169e-05,0.00982044,0,-3.12095,-10.7089,0.234481,-0.0304626,-0.34159,0.197104,0.773
0.774,0.195273,0,0.0788188,9.04169e-05,0.00982044,0,-3.12094,-10.7092,0.234662,-0.0296405,-0.334898,0.193963,0.774
0.775,0.195273,0,0.0788188,9.04169e-05,0.00982044,0,-3.12094,-10.7096,0.23484,-0.0288387,-0.328337,0.19087,0.775
0.776,0.195273,0,0.0788188,9.04169e-05,0.00982044,0,-3.12094,-10.7099,0.235016,-0.0280566,-0.321904,0.187826,0.776
0.777,0.195273,0,0.0788188,9.04169e-05,0.00982044,0,-3.12093,-10.7102,0.235189,-0.0272938,-0.315598,0.18483,0.777
0.778,0.195273,0,0.0788188,9.04169e-05,0.00982044,0,-3.12093,-10.7105,0.23536,-0.0265499,-0.309415,0.18188,0.778
0.779,0.195273,0,0.0788188,9.04169e-05,0.00982044,0,-3.12092,-10.7109,0.235527,-0.0258244,-0.303353,0.178976,0.779
0.78,0.195273,0,0.0788188,9.04169e-05,0.00982044,0,-3.12092,-10.7112,0.235692,-0.0251169,-0.29741,0.176118,0.78
0.781,0.195273,0,0.0788188,9.04169e-05,0.00982044,0,-3.12091,-10.7115,0.235855,-0.0244269,-0.291584,0.173305,0.781
0.782,0.195273,0,0.0788188,9.04169e-05,0.00982044,0,-3.12091,-10.7118,0.236015,-0.0237541,-0.285871,0.170536,0.782
0.783,0.195273,0,0.0788188,9.04169e-05,0.00982044,0,-3.1209,-10.7121,0.236172,-0.023098,-0.280271,0.16781,0.783
0.784,0.195273,0,0.0788188,9.04169e-05,0.00982044,0,-3.1209,-10.7124,0.236327,-0.0224582,-0.27478,0.165127,0.784
0.785,0.195273,0,0.0788188,9.04169e-05,0.00982044,0,-3.12089,-10.7127,0.23648,-0.0218345,-0.269397,0.162486,0.785
0.786,0.195273,0,0.0788188,9.04169e-05,0.00982044,0,-3.12088,-10.7129,0.23663,-0.0212263,-0.264119,0.159886,0.786
0.787,0.195273,0,0.0788188,9.04169e-05,0.00982044,0,-3.12088,-10.7132,0.236778,-0.0206333,-0.258945,0.157328,0.787
0.788,0.195273,0,0.0788188,9.04169e-05,0.00982044,0,-3.12087,-10.7135,0.236923,-0.0200552,-0.253873,0.154809,0.788
0.789,0.195273,0,0.0788188,9.04169e-05,0.00982044,0,-3.12086,-10.7137,0.237067,-0.0194916,-0.248899,0.15233,0.789
0.79,0.195273,0,0.0788188,9.04169e-05,0.00982044,0,-3.12086,-10.714,0.237208,-0.0189421,-0.244023,0.14989,0.79
0.791,0.195273,0,0.0788188,9.04169e-05,0.00982044,0,-3.12085,-10.7142,0.237346,-0.0184065,-0.239243,0.147488,0.791
0.792,0.195273,0,0.0788188,9.04169e-05,0.00982044,0,-3.12084,-10.7145,0.237483,-0.0178844,-0.234556,0.145124,0.792
0.793,0.195273,0,0.0788188,9.04169e-05,0.00982044,0,-3.12084,-10.7147,0.237618,-0.0173755,-0.229961,0.142798,0.793
0.794,0.195273,0,0.0788188,9.04169e-05,0.00982044,0,-3.12083,-10.715,0.23775,-0.0168795,-0.225456,0.140508,0.794
0.795,0.195273,0,0.0788188,9.04169e-05,0.00982044,0,-3.12082,-10.7152,0.23788,-0.016396,-0.22104,0.138254,0.795
0.796,0.195273,0,0.0788188,9.04169e-05,0.00982044,0,-3.12081,-10.7154,0.238009,-0.0159248,-0.21671,0.136035,0.796
0.797,0.195273,0,0.0788188,9.04169e-05,0.00982044,0,-3.12081,-10.7157,0.238135,-0.0154656,-0.212464,0.133852,0.797
0.798,0.195273,0,0.0788188,9.04169e-05,0.00982044,0,-3.1208,-10.7159,0.238259,-0.015018,-0.208302,0.131703,0.798
0.799,0.195273,0,0.0788188,9.04169e-05,0.00982044,0,-3.12079,-10.7161,0.238381,-0.0145819,-0.204222,0.129587,0.799
0,0.195273,0,0.0788188,9.04169e-05,0.00982044,0,-3.12078,-10.7163,0.238502,-0.0141569,-0.200221,0.127506,0.8
