BST,AMR,ALR,AIR,ASR,ASO,AIO,RX,RY,RZ,RXu,RYu,RZu,SST
0,0,0,0,0,0,0,0,0,0,0,0,0,0
0,0,0,0,0,0,0,0,0,0,0,0,0,0
0,0,0,0,0,0,0,0,0,0,0,0,0,0
0.001,0,0,0,0,0,0,0,0,0,0,0,0,0.001
0.002,0,0,0,0,0,0,0,0,0,0,0,0,0.002
0.003,0,0,0,0,0,0,0,0,0,0,0,0,0.003
0.004,0,0,0,0,0,0,0,0,0,0,0,0,0.004
0.005,0,0,0,0,0,0,0,0,0,0,0,0,0.005
0.006,0,0,0,0,0,0,0,0,0,0,0,0,0.006
0.007,0,0,0,0,0,0,0,0,0,0,0,0,0.007
0.008,0,0,0,0,0,0,0,0,0,0,0,0,0.008
0.009,0,0,0,0,0,0,0,0,0,0,0,0,0.009
0.01,0,0,0,0,0,0,0,0,0,0,0,0,0.01
0.011,0,0,0,0,0,0,0,0,0,0,0,0,0.011
0.012,0,0,0,0,0,0,0,0,0,0,0,0,0.012
0.013,0,0,0,0,0,0,0,0,0,0,0,0,0.013
0.014,0,0,0,0,0,0,0,0,0,0,0,0,0.014
0.015,0,0,0,0,0,0,0,0,0,0,0,0,0.015
0.016,0,0,0,0,0,0,0,0,0,0,0,0,0.016
0.017,0,0,0,0,0,0,0,0,0,0,0,0,0.017
0.018,0,0,0,0,0,0,0,0,0,0,0,0,0.018
0.019,0,0,0,0,0,0,0,0,0,0,0,0,0.019
0.02,0,0,0,0,0,0,0,0,0,0,0,0,0.02
0.021,0,0,0,0,0,0,0,0,0,0,0,0,0.021
0.022,0,0,0,0,0,0,0,0,0,0,0,0,0.022
0.023,0,0,0,0,0,0,0,0,0,0,0,0,0.023
0.024,0,0,0,0,0,0,0,0,0,0,0,0,0.024
0.025,0,0,0,0,0,0,0,0,0,0,0,0,0.025
0.026,0,0,0,0,0,0,0,0,0,0,0,0,0.026
0.027,0,0,0,0,0,0,0,0,0,0,0,0,0.027
0.028,0,0,0,0,0,0,0,0,0,0,0,0,0.028
0.029,0,0,0,0,0,0,0,0,0,0,0,0,0.029
0.03,0,0,0,0,0,0,0,0,0,0,0,0,0.03
0.031,0,0,0,0,0,0,0,0,0,0,0,0,0.031
0.032,0,0,0,0,0,0,0,0,0,0,0,0,0.032
0.033,0,0,0,0,0,0,0,0,0,0,0,0,0.033
0.034,0,0,0,0,0,0,0,0,0,0,0,0,0.034
0.035,0,0,0,0,0,0,0,0,0,0,0,0,0.035
0.036,0,0,0,0,0,0,0,0,0,0,0,0,0.036
0.037,0,0,0,0,0,0,0,0,0,0,0,0,0.037
0.038,0,0,0,0,0,0,0,0,0,0,0,0,0.038
0.039,0,0,0,0,0,0,0,0,0,0,0,0,0.039
0.04,0,0,0,0,0,0,0,0,0,0,0,0,0.04
0.041,0,0,0,0,0,0,0,0,0,0,0,0,0.041
0.042,0,0,0,0,0,0,0,0,0,0,0,0,0.042
0.043,0,0,0,0,0,0,0,0,0,0,0,0,0.043
0.044,0,0,0,0,0,0,0,0,0,0,0,0,0.044
0.045,0,0,0,0,0,0,0,0,0,0,0,0,0.045
0.046,0,0,0,0,0,0,0,0,0,0,0,0,0.046
0.047,0,0,0,0,0,0,0,0,0,0,0,0,0.047
0.048,0,0,0,0,0,0,0,0,0,0,0,0,0.048
0.049,0,0,0,0,0,0,0,0,0,0,0,0,0.049
0.05,0,0,0,0,0,0,0,0,0,0,0,0,0.05
0.051,0,0,0,0,0,0,0,0,0,0,0,0,0.051
0.052,0,0,0,0,0,0,0,0,0,0,0,0,0.052
0.053,0,0,0,0,0,0,0,0,0,0,0,0,0.053
0.054,0,0,0,0,0,0,0,0,0,0,0,0,0.054
0.055,0,0,0,0,0,0,0,0,0,0,0,0,0.055
0.056,0,0,0,0,0,0,0,0,0,0,0,0,0.056
0.057,0,0,0,0,0,0,0,0,0,0,0,0,0.057
0.058,0,0,0,0,0,0,0,0,0,0,0,0,0.058
0.059,0,0,0,0,0,0,0,0,0,0,0,0,0.059
0.06,0,0,0,0,0,0,0,0,0,0,0,0,0.06
0.061,0,0,0,0,0,0,0,0,0,0,0,0,0.061
0.062,0,0,0,0,0,0,0,0,0,0,0,0,0.062
0.063,0,0,0,0,0,0,0,0,0,0,0,0,0.063
0.064,0,0,0,0,0,0,0,0,0,0,0,0,0.064
0.065,0,0,0,0,0,0,0,0,0,0,0,0,0.065
0.066,0,0,0,0,0,0,0,0,0,0,0,0,0.066
0.067,0,0,0,0,0,0,0,0,0,0,0,0,0.067
0.068,0,0,0,0,0,0,0,0,0,0,0,0,0.068
0.069,0,0,0,0,0,0,0,0,0,0,0,0,0.069
0.07,0,0,0,0,0,0,0,0,0,0,0,0,0.07
0.071,0,0,0,0,0,0,0,0,0,0,0,0,0.071
0.072,0,0,0,0,0,0,0,0,0,0,0,0,0.072
0.073,0,0,0,0,0,0,0,0,0,0,0,0,0.073
0.074,0,0,0,0,0,0,0,0,0,0,0,0,0.074
0.075,0,0,0,0,0,0,0,0,0,0,0,0,0.075
0.076,0,0,0,0,0,0,0,0,0,0,0,0,0.076
0.077,0,0,0,0,0,0,0,0,0,0,0,0,0.077
0.078,0,0,0,0,0,0,0,0,0,0,0,0,0.078
0.079,0,0,0,0,0,0,0,0,0,0,0,0,0.079
0.08,0,0,0,0,0,0,0,0,0,0,0,0,0.08
0.081,0,0,0,0,0,0,0,0,0,0,0,0,0.081
0.082,0,0,0,0,0,0,0,0,0,0,0,0,0.082
0.083,0,0,0,0,0,0,0,0,0,0,0,0,0.083
0.084,0,0,0,0,0,0,0,0,0,0,0,0,0.084
0.085,0,0,0,0,0,0,0,0,0,0,0,0,0.085
0.086,0,0,0,0,0,0,0,0,0,0,0,0,0.086
0.087,0,0,0,0,0,0,0,0,0,0,0,0,0.087
0.088,0,0,0,0,0,0,0,0,0,0,0,0,0.088
0.089,0,0,0,0,0,0,0,0,0,0,0,0,0.089
0.09,0,0,0,0,0,0,0,0,0,0,0,0,0.09
0.091,0,0,0,0,0,0,0,0,0,0,0,0,0.091
0.092,0,0,0,0,0,0,0,0,0,0,0,0,0.092
0.093,0,0,0,0,0,0,0,0,0,0,0,0,0.093
0.094,0,0,0,0,0,0,0,0,0,0,0,0,0.094
0.095,0,0,0,0,0,0,0,0,0,0,0,0,0.095
0.096,0,0,0,0,0,0,0,0,0,0,0,0,0.096
0.097,0,0,0,0,0,0,0,0,0,0,0,0,0.097
0.098,0,0,0,0,0,0,0,0,0,0,0,0,0.098
0.099,0,0,0,0,0,0,0,0,0,0,0,0,0.099
0.1,0,0,0,0,0,0,0,0,0,0,0,0,0.1
0.101,0,0,0,0,0,0,0,0,0,0,0,0,0.101
0.102,0,0,0,0,0,0,0,0,0,0,0,0,0.102
0.103,0,0,0,0,0,0,0,0,0,0,0,0,0.103
0.104,0,0,0,0,0,0,0,0,0,0,0,0,0.104
0.105,0,0,0,0,0,0,0,0,0,0,0,0,0.105
0.106,0,0,0,0,0,0,0,0,0,0,0,0,0.106
0.107,0,0,0,0,0,0,0,0,0,0,0,0,0.107
0.108,0,0,0,0,0,0,0,0,0,0,0,0,0.108
0.109,0,0,0,0,0,0,0,0,0,0,0,0,0.109
0.11,0,0,0,0,0,0,0,0,0,0,0,0,0.11
0.111,0,0,0,0,0,0,0,0,0,0,0,0,0.111
0.112,0,0,0,0,0,0,0,0,0,0,0,0,0.112
0.113,0,0,0,0,0,0,0,0,0,0,0,0,0.113
0.114,0,0,0,0,0,0,0,0,0,0,0,0,0.114
0.115,0,0,0,0,0,0,0,0,0,0,0,0,0.115
0.116,0,0,0,0,0,0,0,0,0,0,0,0,0.116
0.117,0,0,0,0,0,0,0,0,0,0,0,0,0.117
0.118,0,0,0,0,0,0,0,0,0,0,0,0,0.118
0.119,0,0,0,0,0,0,0,0,0,0,0,0,0.119
0.12,0,0,0,0,0,0,0,0,0,0,0,0,0.12
0.121,0,0,0,0,0,0,0,0,0,0,0,0,0.121
0.122,0,0,0,0,0,0,0,0,0,0,0,0,0.122
0.123,0,0,0,0,0,0,0,0,0,0,0,0,0.123
0.124,0,0,0,0,0,0,0,0,0,0,0,0,0.124
0.125,0,0,0,0,0,0,0,0,0,0,0,0,0.125
0.126,0,0,0,0,0,0,0,0,0,0,0,0,0.126
0.127,0,0,0,0,0,0,0,0,0,0,0,0,0.127
0.128,0,0,0,0,0,0,0,0,0,0,0,0,0.128
0.129,0,0,0,0,0,0,0,0,0,0,0,0,0.129
0.13,0,0,0,0,0,0,0,0,0,0,0,0,0.13
0.131,0,0,0,0,0,0,0,0,0,0,0,0,0.131
0.132,0,0,0,0,0,0,0,0,0,0,0,0,0.132
0.133,0,0,0,0,0,0,0,0,0,0,0,0,0.133
0.134,0,0,0,0,0,0,0,0,0,0,0,0,0.134
0.135,0,0,0,0,0,0,0,0,0,0,0,0,0.135
0.136,0,0,0,0,0,0,0,0,0,0,0,0,0.136
0.137,0,0,0,0,0,0,0,0,0,0,0,0,0.137
0.138,0,0,0,0,0,0,0,0,0,0,0,0,0.138
0.139,0,0,0,0,0,0,0,0,0,0,0,0,0.139
0.14,0,0,0,0,0,0,0,0,0,0,0,0,0.14
0.141,0,0,0,0,0,0,0,0,0,0,0,0,0.141
0.142,0,0,0,0,0,0,0,0,0,0,0,0,0.142
0.143,0,0,0,0,0,0,0,0,0,0,0,0,0.143
0.144,0,0,0,0,0,0,0,0,0,0,0,0,0.144
0.145,0,0,0,0,0,0,0,0,0,0,0,0,0.145
0.146,0,0,0,0,0,0,0,0,0,0,0,0,0.146
0.147,0,0,0,0,0,0,0,0,0,0,0,0,0.147
0.148,0,0,0,0,0,0,0,0,0,0,0,0,0.148
0.149,0,0,0,0,0,0,0,0,0,0,0,0,0.149
0.15,0,0,0,0,0,0,0,0,0,0,0,0,0.15
0.151,0,0,0,0,0,0,0,0,0,0,0,0,0.151
0.152,0,0,0,0,0,0,0,0,0,0,0,0,0.152
0.153,0,0,0,0,0,0,0,0,0,0,0,0,0.153
0.154,0,0,0,0,0,0,0,0,0,0,0,0,0.154
0.155,0,0,0,0,0,0,0,0,0,0,0,0,0.155
0.156,0,0,0,0,0,0,0,0,0,0,0,0,0.156
0.157,0,0,0,0,0,0,0,0,0,0,0,0,0.157
0.158,0,0,0,0,0,0,0,0,0,0,0,0,0.158
0.159,0,0,0,0,0,0,0,0,0,0,0,0,0.159
0.16,0,0,0,0,0,0,0,0,0,0,0,0,0.16
0.161,0,0,0,0,0,0,0,0,0,0,0,0,0.161
0.162,0,0,0,0,0,0,0,0,0,0,0,0,0.162
0.163,0,0,0,0,0,0,0,0,0,0,0,0,0.163
0.164,0,0,0,0,0,0,0,0,0,0,0,0,0.164
0.165,0,0,0,0,0,0,0,0,0,0,0,0,0.165
0.166,0,0,0,0,0,0,0,0,0,0,0,0,0.166
0.167,0,0,0,0,0,0,0,0,0,0,0,0,0.167
0.168,0,0,0,0,0,0,0,0,0,0,0,0,0.168
0.169,0,0,0,0,0,0,0,0,0,0,0,0,0.169
0.17,0,0,0,0,0,0,0,0,0,0,0,0,0.17
0.171,0,0,0,0,0,0,0,0,0,0,0,0,0.171
0.172,0,0,0,0,0,0,0,0,0,0,0,0,0.172
0.173,0,0,0,0,0,0,0,0,0,0,0,0,0.173
0.174,0,0,0,0,0,0,0,0,0,0,0,0,0.174
0.175,0,0,0,0,0,0,0,0,0,0,0,0,0.175
0.176,0,0,0,0,0,0,0,0,0,0,0,0,0.176
0.177,0,0,0,0,0,0,0,0,0,0,0,0,0.177
0.178,0,0,0,0,0,0,0,0,0,0,0,0,0.178
0.179,0,0,0,0,0,0,0,0,0,0,0,0,0.179
0.18,0,0,0,0,0,0,0,0,0,0,0,0,0.18
0.181,0,0,0,0,0,0,0,0,0,0,0,0,0.181
0.182,0,0,0,0,0,0,0,0,0,0,0,0,0.182
0.183,0,0,0,0,0,0,0,0,0,0,0,0,0.183
0.184,0,0,0,0,0,0,0,0,0,0,0,0,0.184
0.185,0,0,0,0,0,0,0,0,0,0,0,0,0.185
0.186,0,0,0,0,0,0,0,0,0,0,0,0,0.186
0.187,0,0,0,0,0,0,0,0,0,0,0,0,0.187
0.188,0,0,0,0,0,0,0,0,0,0,0,0,0.188
0.189,0,0,0,0,0,0,0,0,0,0,0,0,0.189
0.19,0,0,0,0,0,0,0,0,0,0,0,0,0.19
0.191,0,0,0,0,0,0,0,0,0,0,0,0,0.191
0.192,0,0,0,0,0,0,0,0,0,0,0,0,0.192
0.193,0,0,0,0,0,0,0,0,0,0,0,0,0.193
0.194,0,0,0,0,0,0,0,0,0,0,0,0,0.194
0.195,0,0,0,0,0,0,0,0,0,0,0,0,0.195
0.196,0,0,0,0,0,0,0,0,0,0,0,0,0.196
0.197,0,0,0,0,0,0,0,0,0,0,0,0,0.197
0.198,0,0,0,0,0,0,0,0,0,0,0,0,0.198
0.199,0,0,0,0,0,0,0,0,0,0,0,0,0.199
0.2,0,0,0,0,0,0,0,0,0,0,0,0,0.2
0.201,0,0,0,0,0,0,0,0,0,0,0,0,0.201
0.202,0,0,0,0,0,0,0,0,0,0,0,0,0.202
0.203,0,0,0,0,0,0,0,0,0,0,0,0,0.203
0.204,0,0,0,0,0,0,0,0,0,0,0,0,0.204
0.205,0,0,0,0,0,0,0,0,0,0,0,0,0.205
0.206,0,0,0,0,0,0,0,0,0,0,0,0,0.206
0.207,0,0,0,0,0,0,0,0,0,0,0,0,0.207
0.208,0,0,0,0,0,0,0,0,0,0,0,0,0.208
0.209,0,0,0,0,0,0,0,0,0,0,0,0,0.209
0.21,0,0,0,0,0,0,0,0,0,0,0,0,0.21
0.211,0,0,0,0,0,0,0,0,0,0,0,0,0.211
0.212,0,0,0,0,0,0,0,0,0,0,0,0,0.212
0.213,0,0,0,0,0,0,0,0,0,0,0,0,0.213
0.214,0,0,0,0,0,0,0,0,0,0,0,0,0.214
0.215,0,0,0,0,0,0,0,0,0,0,0,0,0.215
0.216,0,0,0,0,0,0,0,0,0,0,0,0,0.216
0.217,0,0,0,0,0,0,0,0,0,0,0,0,0.217
0.218,0,0,0,0,0,0,0,0,0,0,0,0,0.218
0.219,0,0,0,0,0,0,0,0,0,0,0,0,0.219
0.22,0,0,0,0,0,0,0,0,0,0,0,0,0.22
0.221,0,0,0,0,0,0,0,0,0,0,0,0,0.221
0.222,0,0,0,0,0,0,0,0,0,0,0,0,0.222
0.223,0,0,0,0,0,0,0,0,0,0,0,0,0.223
0.224,0,0,0,0,0,0,0,0,0,0,0,0,0.224
0.225,0,0,0,0,0,0,0,0,0,0,0,0,0.225
0.226,0,0,0,0,0,0,0,0,0,0,0,0,0.226
0.227,0,0,0,0,0,0,0,0,0,0,0,0,0.227
0.228,0,0,0,0,0,0,0,0,0,0,0,0,0.228
0.229,0,0,0,0,0,0,0,0,0,0,0,0,0.229
0.23,0,0,0,0,0,0,0,0,0,0,0,0,0.23
0.231,0,0,0,0,0,0,0,0,0,0,0,0,0.231
0.232,0,0,0,0,0,0,0,0,0,0,0,0,0.232
0.233,0,0,0,0,0,0,0,0,0,0,0,0,0.233
0.234,0,0,0,0,0,0,0,0,0,0,0,0,0.234
0.235,0,0,0,0,0,0,0,0,0,0,0,0,0.235
0.236,0,0,0,0,0,0,0,0,0,0,0,0,0.236
0.237,0,0,0,0,0,0,0,0,0,0,0,0,0.237
0.238,0,0,0,0,0,0,0,0,0,0,0,0,0.238
0.239,0,0,0,0,0,0,0,0,0,0,0,0,0.239
0.24,0,0,0,0,0,0,0,0,0,0,0,0,0.24
0.241,0,0,0,0,0,0,0,0,0,0,0,0,0.241
0.242,0,0,0,0,0,0,0,0,0,0,0,0,0.242
0.243,0,0,0,0,0,0,0,0,0,0,0,0,0.243
0.244,0,0,0,0,0,0,0,0,0,0,0,0,0.244
0.245,0,0,0,0,0,0,0,0,0,0,0,0,0.245
0.246,0,0,0,0,0,0,0,0,0,0,0,0,0.246
0.247,0,0,0,0,0,0,0,0,0,0,0,0,0.247
0.248,0,0,0,0,0,0,0,0,0,0,0,0,0.248
0.249,0,0,0,0,0,0,0,0,0,0,0,0,0.249
0.25,0,0,0,0,0,0,0,0,0,0,0,0,0.25
0.251,0,0,0,0,0,0,0,0,0,0,0,0,0.251
0.252,0,0,0,0,0,0,0,0,0,0,0,0,0.252
0.253,0,0,0,0,0,0,0,0,0,0,0,0,0.253
0.254,0,0,0,0,0,0,0,0,0,0,0,0,0.254
0.255,0,0,0,0,0,0,0,0,0,0,0,0,0.255
0.256,0,0,0,0,0,0,0,0,0,0,0,0,0.256
0.257,0,0,0,0,0,0,0,0,0,0,0,0,0.257
0.258,0,0,0,0,0,0,0,0,0,0,0,0,0.258
0.259,0,0,0,0,0,0,0,0,0,0,0,0,0.259
0.26,0,0,0,0,0,0,0,0,0,0,0,0,0.26
0.261,0,0,0,0,0,0,0,0,0,0,0,0,0.261
0.262,0,0,0,0,0,0,0,0,0,0,0,0,0.262
0.263,0,0,0,0,0,0,0,0,0,0,0,0,0.263
0.264,0,0,0,0,0,0,0,0,0,0,0,0,0.264
0.265,0,0,0,0,0,0,0,0,0,0,0,0,0.265
0.266,0,0,0,0,0,0,0,0,0,0,0,0,0.266
0.267,0,0,0,0,0,0,0,0,0,0,0,0,0.267
0.268,0,0,0,0,0,0,0,0,0,0,0,0,0.268
0.269,0,0,0,0,0,0,0,0,0,0,0,0,0.269
0.27,0,0,0,0,0,0,0,0,0,0,0,0,0.27
0.271,0,0,0,0,0,0,0,0,0,0,0,0,0.271
0.272,0,0,0,0,0,0,0,0,0,0,0,0,0.272
0.273,0,0,0,0,0,0,0,0,0,0,0,0,0.273
0.274,0,0,0,0,0,0,0,0,0,0,0,0,0.274
0.275,0,0,0,0,0,0,0,0,0,0,0,0,0.275
0.276,0,0,0,0,0,0,0,0,0,0,0,0,0.276
0.277,0,0,0,0,0,0,0,0,0,0,0,0,0.277
0.278,0,0,0,0,0,0,0,0,0,0,0,0,0.278
0.279,0,0,0,0,0,0,0,0,0,0,0,0,0.279
0.28,0,0,0,0,0,0,0,0,0,0,0,0,0.28
0.281,0,0,0,0,0,0,0,0,0,0,0,0,0.281
0.282,0,0,0,0,0,0,0,0,0,0,0,0,0.282
0.283,0,0,0,0,0,0,0,0,0,0,0,0,0.283
0.284,0,0,0,0,0,0,0,0,0,0,0,0,0.284
0.285,0,0,0,0,0,0,0,0,0,0,0,0,0.285
0.286,0,0,0,0,0,0,0,0,0,0,0,0,0.286
0.287,0,0,0,0,0,0,0,0,0,0,0,0,0.287
0.288,0,0,0,0,0,0,0,0,0,0,0,0,0.288
0.289,0,0,0,0,0,0,0,0,0,0,0,0,0.289
0.29,0,0,0,0,0,0,0,0,0,0,0,0,0.29
0.291,0,0,0,0,0,0,0,0,0,0,0,0,0.291
0.292,0,0,0,0,0,0,0,0,0,0,0,0,0.292
0.293,0,0,0,0,0,0,0,0,0,0,0,0,0.293
0.294,0,0,0,0,0,0,0,0,0,0,0,0,0.294
0.295,0,0,0,0,0,0,0,0,0,0,0,0,0.295
0.296,0,0,0,0,0,0,0,0,0,0,0,0,0.296
0.297,0,0,0,0,0,0,0,0,0,0,0,0,0.297
0.298,0,0,0,0,0,0,0,0,0,0,0,0,0.298
0.299,0,0,0,0,0,0,0,0,0,0,0,0,0.299
0.3,0,0,0,0,0,0,0,0,0,0,0,0,0.3
0.301,0,0,0,0,0,0,0,0,0,0,0,0,0.301
0.302,0,0,0,0,0,0,0,0,0,0,0,0,0.302
0.303,0,0,0,0,0,0,0,0,0,0,0,0,0.303
0.304,0,0,0,0,0,0,0,0,0,0,0,0,0.304
0.305,0,0,0,0,0,0,0,0,0,0,0,0,0.305
0.306,0,0,0,0,0,0,0,0,0,0,0,0,0.306
0.307,0,0,0,0,0,0,0,0,0,0,0,0,0.307
0.308,0,0,0,0,0,0,0,0,0,0,0,0,0.308
0.309,0,0,0,0,0,0,0,0,0,0,0,0,0.309
0.31,0,0,0,0,0,0,0,0,0,0,0,0,0.31
0.311,0,0,0,0,0,0,0,0,0,0,0,0,0.311
0.312,0,0,0,0,0,0,0,0,0,0,0,0,0.312
0.313,0,0,0,0,0,0,0,0,0,0,0,0,0.313
0.314,0,0,0,0,0,0,0,0,0,0,0,0,0.314
0.315,0,0,0,0,0,0,0,0,0,0,0,0,0.315
0.316,0,0,0,0,0,0,0,0,0,0,0,0,0.316
0.317,0,0,0,0,0,0,0,0,0,0,0,0,0.317
0.318,0,0,0,0,0,0,0,0,0,0,0,0,0.318
0.319,0,0,0,0,0,0,0,0,0,0,0,0,0.319
0.32,0,0,0,0,0,0,0,0,0,0,0,0,0.32
0.321,0,0,0,0,0,0,0,0,0,0,0,0,0.321
0.322,0,0,0,0,0,0,0,0,0,0,0,0,0.322
0.323,0,0,0,0,0,0,0,0,0,0,0,0,0.323
0.324,0,0,0,0,0,0,0,0,0,0,0,0,0.324
0.325,0,0,0,0,0,0,0,0,0,0,0,0,0.325
0.326,0,0,0,0,0,0,0,0,0,0,0,0,0.326
0.327,0,0,0,0,0,0,0,0,0,0,0,0,0.327
0.328,0,0,0,0,0,0,0,0,0,0,0,0,0.328
0.329,0,0,0,0,0,0,0,0,0,0,0,0,0.329
0.33,0,0,0,0,0,0,0,0,0,0,0,0,0.33
0.331,0,0,0,0,0,0,0,0,0,0,0,0,0.331
0.332,0,0,0,0,0,0,0,0,0,0,0,0,0.332
0.333,0,0,0,0,0,0,0,0,0,0,0,0,0.333
0.334,0,0,0,0,0,0,0,0,0,0,0,0,0.334
0.335,0,0,0,0,0,0,0,0,0,0,0,0,0.335
0.336,0,0,0,0,0,0,0,0,0,0,0,0,0.336
0.337,0,0,0,0,0,0,0,0,0,0,0,0,0.337
0.338,0,0,0,0,0,0,0,0,0,0,0,0,0.338
0.339,0,0,0,0,0,0,0,0,0,0,0,0,0.339
0.34,0,0,0,0,0,0,0,0,0,0,0,0,0.34
0.341,0,0,0,0,0,0,0,0,0,0,0,0,0.341
0.342,0,0,0,0,0,0,0,0,0,0,0,0,0.342
0.343,0,0,0,0,0,0,0,0,0,0,0,0,0.343
0.344,0,0,0,0,0,0,0,0,0,0,0,0,0.344
0.345,0,0,0,0,0,0,0,0,0,0,0,0,0.345
0.346,0,0,0,0,0,0,0,0,0,0,0,0,0.346
0.347,0,0,0,0,0,0,0,0,0,0,0,0,0.347
0.348,0,0,0,0,0,0,0,0,0,0,0,0,0.348
0.349,0,0,0,0,0,0,0,0,0,0,0,0,0.349
0.35,0,0,0,0,0,0,0,0,0,0,0,0,0.35
0.351,0,0,0,0,0,0,0,0,0,0,0,0,0.351
0.352,0,0,0,0,0,0,0,0,0,0,0,0,0.352
0.353,0,0,0,0,0,0,0,0,0,0,0,0,0.353
0.354,0,0,0,0,0,0,0,0,0,0,0,0,0.354
0.355,0,0,0,0,0,0,0,0,0,0,0,0,0.355
0.356,0,0,0,0,0,0,0,0,0,0,0,0,0.356
0.357,0,0,0,0,0,0,0,0,0,0,0,0,0.357
0.358,0,0,0,0,0,0,0,0,0,0,0,0,0.358
0.359,0,0,0,0,0,0,0,0,0,0,0,0,0.359
0.36,0,0,0,0,0,0,0,0,0,0,0,0,0.36
0.361,0,0,0,0,0,0,0,0,0,0,0,0,0.361
0.362,0,0,0,0,0,0,0,0,0,0,0,0,0.362
0.363,0,0,0,0,0,0,0,0,0,0,0,0,0.363
0.364,0,0,0,0,0,0,0,0,0,0,0,0,0.364
0.365,0,0,0,0,0,0,0,0,0,0,0,0,0.365
0.366,0,0,0,0,0,0,0,0,0,0,0,0,0.366
0.367,0,0,0,0,0,0,0,0,0,0,0,0,0.367
0.368,0,0,0,0,0,0,0,0,0,0,0,0,0.368
0.369,0,0,0,0,0,0,0,0,0,0,0,0,0.369
0.37,0,0,0,0,0,0,0,0,0,0,0,0,0.37
0.371,0,0,0,0,0,0,0,0,0,0,0,0,0.371
0.372,0,0,0,0,0,0,0,0,0,0,0,0,0.372
0.373,0,0,0,0,0,0,0,0,0,0,0,0,0.373
0.374,0,0,0,0,0,0,0,0,0,0,0,0,0.374
0.375,0,0,0,0,0,0,0,0,0,0,0,0,0.375
0.376,0,0,0,0,0,0,0,0,0,0,0,0,0.376
0.377,0,0,0,0,0,0,0,0,0,0,0,0,0.377
0.378,0,0,0,0,0,0,0,0,0,0,0,0,0.378
0.379,0,0,0,0,0,0,0,0,0,0,0,0,0.379
0.38,0,0,0,0,0,0,0,0,0,0,0,0,0.38
0.381,0,0,0,0,0,0,0,0,0,0,0,0,0.381
0.382,0,0,0,0,0,0,0,0,0,0,0,0,0.382
0.383,0,0,0,0,0,0,0,0,0,0,0,0,0.383
0.384,0,0,0,0,0,0,0,0,0,0,0,0,0.384
0.385,0,0,0,0,0,0,0,0,0,0,0,0,0.385
0.386,0,0,0,0,0,0,0,0,0,0,0,0,0.386
0.387,0,0,0,0,0,0,0,0,0,0,0,0,0.387
0.388,0,0,0,0,0,0,0,0,0,0,0,0,0.388
0.389,0,0,0,0,0,0,0,0,0,0,0,0,0.389
0.39,0,0,0,0,0,0,0,0,0,0,0,0,0.39
0.391,0,0,0,0,0,0,0,0,0,0,0,0,0.391
0.392,0,0,0,0,0,0,0,0,0,0,0,0,0.392
0.393,0,0,0,0,0,0,0,0,0,0,0,0,0.393
0.394,0,0,0,0,0,0,0,0,0,0,0,0,0.394
0.395,0,0,0,0,0,0,0,0,0,0,0,0,0.395
0.396,0,0,0,0,0,0,0,0,0,0,0,0,0.396
0.397,0,0,0,0,0,0,0,0,0,0,0,0,0.397
0.398,0,0,0,0,0,0,0,0,0,0,0,0,0.398
0.399,0,0,0,0,0,0,0,0,0,0,0,0,0.399
0.4,0,0,0,0,0,0,0,0,0,0,0,0,0.4
0.401,0,0,0,0,0,0,0,0,0,0,0,0,0.401
0.402,0,0,0,0,0,0,0,0,0,0,0,0,0.402
0.403,0,0,0,0,0,0,0,0,0,0,0,0,0.403
0.404,0,0,0,0,0,0,0,0,0,0,0,0,0.404
0.405,0,0,0,0,0,0,0,0,0,0,0,0,0.405
0.406,0,0,0,0,0,0,0,0,0,0,0,0,0.406
0.407,0,0,0,0,0,0,0,0,0,0,0,0,0.407
0.408,0,0,0,0,0,0,0,0,0,0,0,0,0.408
0.409,0,0,0,0,0,0,0,0,0,0,0,0,0.409
0.41,0,0,0,0,0,0,0,0,0,0,0,0,0.41
0.411,0,0,0,0,0,0,0,0,0,0,0,0,0.411
0.412,0,0,0,0,0,0,0,0,0,0,0,0,0.412
0.413,0,0,0,0,0,0,0,0,0,0,0,0,0.413
0.414,0,0,0,0,0,0,0,0,0,0,0,0,0.414
0.415,0,0,0,0,0,0,0,0,0,0,0,0,0.415
0.416,0,0,0,0,0,0,0,0,0,0,0,0,0.416
0.417,0,0,0,0,0,0,0,0,0,0,0,0,0.417
0.418,0,0,0,0,0,0,0,0,0,0,0,0,0.418
0.419,0,0,0,0,0,0,0,0,0,0,0,0,0.419
0.42,0,0,0,0,0,0,0,0,0,0,0,0,0.42
0.421,0,0,0,0,0,0,0,0,0,0,0,0,0.421
0.422,0,0,0,0,0,0,0,0,0,0,0,0,0.422
0.423,0,0,0,0,0,0,0,0,0,0,0,0,0.423
0.424,0,0,0,0,0,0,0,0,0,0,0,0,0.424
0.425,0,0,0,0,0,0,0,0,0,0,0,0,0.425
0.426,0,0,0,0,0,0,0,0,0,0,0,0,0.426
0.427,0,0,0,0,0,0,0,0,0,0,0,0,0.427
0.428,0,0,0,0,0,0,0,0,0,0,0,0,0.428
0.429,0,0,0,0,0,0,0,0,0,0,0,0,0.429
0.43,0,0,0,0,0,0,0,0,0,0,0,0,0.43
0.431,0,0,0,0,0,0,0,0,0,0,0,0,0.431
0.432,0,0,0,0,0,0,0,0,0,0,0,0,0.432
0.433,0,0,0,0,0,0,0,0,0,0,0,0,0.433
0.434,0,0,0,0,0,0,0,0,0,0,0,0,0.434
0.435,0,0,0,0,0,0,0,0,0,0,0,0,0.435
0.436,0,0,0,0,0,0,0,0,0,0,0,0,0.436
0.437,0,0,0,0,0,0,0,0,0,0,0,0,0.437
0.438,0,0,0,0,0,0,0,0,0,0,0,0,0.438
0.439,0,0,0,0,0,0,0,0,0,0,0,0,0.439
0.44,0,0,0,0,0,0,0,0,0,0,0,0,0.44
0.441,0,0,0,0,0,0,0,0,0,0,0,0,0.441
0.442,0,0,0,0,0,0,0,0,0,0,0,0,0.442
0.443,0,0,0,0,0,0,0,0,0,0,0,0,0.443
0.444,0,0,0,0,0,0,0,0,0,0,0,0,0.444
0.445,0,0,0,0,0,0,0,0,0,0,0,0,0.445
0.446,0,0,0,0,0,0,0,0,0,0,0,0,0.446
0.447,0,0,0,0,0,0,0,0,0,0,0,0,0.447
0.448,0,0,0,0,0,0,0,0,0,0,0,0,0.448
0.449,0,0,0,0,0,0,0,0,0,0,0,0,0.449
0.45,0,0,0,0,0,0,0,0,0,0,0,0,0.45
0.451,0,0,0,0,0,0,0,0,0,0,0,0,0.451
0.452,0,0,0,0,0,0,0,0,0,0,0,0,0.452
0.453,0,0,0,0,0,0,0,0,0,0,0,0,0.453
0.454,0,0,0,0,0,0,0,0,0,0,0,0,0.454
0.455,0,0,0,0,0,0,0,0,0,0,0,0,0.455
0.456,0,0,0,0,0,0,0,0,0,0,0,0,0.456
0.457,0,0,0,0,0,0,0,0,0,0,0,0,0.457
0.458,0,0,0,0,0,0,0,0,0,0,0,0,0.458
0.459,0,0,0,0,0,0,0,0,0,0,0,0,0.459
0.46,0,0,0,0,0,0,0,0,0,0,0,0,0.46
0.461,0,0,0,0,0,0,0,0,0,0,0,0,0.461
0.462,0,0,0,0,0,0,0,0,0,0,0,0,0.462
0.463,0,0,0,0,0,0,0,0,0,0,0,0,0.463
0.464,0,0,0,0,0,0,0,0,0,0,0,0,0.464
0.465,0,0,0,0,0,0,0,0,0,0,0,0,0.465
0.466,0,0,0,0,0,0,0,0,0,0,0,0,0.466
0.467,0,0,0,0,0,0,0,0,0,0,0,0,0.467
0.468,0,0,0,0,0,0,0,0,0,0,0,0,0.468
0.469,0,0,0,0,0,0,0,0,0,0,0,0,0.469
0.47,0,0,0,0,0,0,0,0,0,0,0,0,0.47
0.471,0,0,0,0,0,0,0,0,0,0,0,0,0.471
0.472,0,0,0,0,0,0,0,0,0,0,0,0,0.472
0.473,0,0,0,0,0,0,0,0,0,0,0,0,0.473
0.474,0,0,0,0,0,0,0,0,0,0,0,0,0.474
0.475,0,0,0,0,0,0,0,0,0,0,0,0,0.475
0.476,0,0,0,0,0,0,0,0,0,0,0,0,0.476
0.477,0,0,0,0,0,0,0,0,0,0,0,0,0.477
0.478,0,0,0,0,0,0,0,0,0,0,0,0,0.478
0.479,0,0,0,0,0,0,0,0,0,0,0,0,0.479
0.48,0,0,0,0,0,0,0,0,0,0,0,0,0.48
0.481,0,0,0,0,0,0,0,0,0,0,0,0,0.481
0.482,0,0,0,0,0,0,0,0,0,0,0,0,0.482
0.483,0,0,0,0,0,0,0,0,0,0,0,0,0.483
0.484,0,0,0,0,0,0,0,0,0,0,0,0,0.484
0.485,0,0,0,0,0,0,0,0,0,0,0,0,0.485
0.486,0,0,0,0,0,0,0,0,0,0,0,0,0.486
0.487,0,0,0,0,0,0,0,0,0,0,0,0,0.487
0.488,0,0,0,0,0,0,0,0,0,0,0,0,0.488
0.489,0,0,0,0,0,0,0,0,0,0,0,0,0.489
0.49,0,0,0,0,0,0,0,0,0,0,0,0,0.49
0.491,0,0,0,0,0,0,0,0,0,0,0,0,0.491
0.492,0,0,0,0,0,0,0,0,0,0,0,0,0.492
0.493,0,0,0,0,0,0,0,0,0,0,0,0,0.493
0.494,0,0,0,0,0,0,0,0,0,0,0,0,0.494
0.495,0,0,0,0,0,0,0,0,0,0,0,0,0.495
0.496,0,0,0,0,0,0,0,0,0,0,0,0,0.496
0.497,0,0,0,0,0,0,0,0,0,0,0,0,0.497
0.498,0,0,0,0,0,0,0,0,0,0,0,0,0.498
0.499,0,0,0,0,0,0,0,0,0,0,0,0,0.499
0.5,0,0,0,0,0,0,0,0,0,0,0,0,0.5
0.501,0,0,0,0,0,0,0,0,0,0,0,0,0.501
0.502,0,0,0,0,0,0,0,0,0,0,0,0,0.502
0.503,0,0,0,0,0,0,0,0,0,0,0,0,0.503
0.504,0,0,0,0,0,0,0,0,0,0,0,0,0.504
0.505,0,0,0,0,0,0,0,0,0,0,0,0,0.505
0.506,0,0,0,0,0,0,0,0,0,0,0,0,0.506
0.507,0,0,0,0,0,0,0,0,0,0,0,0,0.507
0.508,0,0,0,0,0,0,0,0,0,0,0,0,0.508
0.509,0,0,0,0,0,0,0,0,0,0,0,0,0.509
0.51,0,0,0,0,0,0,0,0,0,0,0,0,0.51
0.511,0,0,0,0,0,0,0,0,0,0,0,0,0.511
0.512,0,0,0,0,0,0,0,0,0,0,0,0,0.512
0.513,0,0,0,0,0,0,0,0,0,0,0,0,0.513
0.514,0,0,0,0,0,0,0,0,0,0,0,0,0.514
0.515,0,0,0,0,0,0,0,0,0,0,0,0,0.515
0.516,0,0,0,0,0,0,0,0,0,0,0,0,0.516
0.517,0,0,0,0,0,0,0,0,0,0,0,0,0.517
0.518,0,0,0,0,0,0,0,0,0,0,0,0,0.518
0.519,0,0,0,0,0,0,0,0,0,0,0,0,0.519
0.52,0,0,0,0,0,0,0,0,0,0,0,0,0.52
0.521,0,0,0,0,0,0,0,0,0,0,0,0,0.521
0.522,0,0,0,0,0,0,0,0,0,0,0,0,0.522
0.523,0,0,0,0,0,0,0,0,0,0,0,0,0.523
0.524,0,0,0,0,0,0,0,0,0,0,0,0,0.524
0.525,0,0,0,0,0,0,0,0,0,0,0,0,0.525
0.526,0,0,0,0,0,0,0,0,0,0,0,0,0.526
0.527,0,0,0,0,0,0,0,0,0,0,0,0,0.527
0.528,0,0,0,0,0,0,0,0,0,0,0,0,0.528
0.529,0,0,0,0,0,0,0,0,0,0,0,0,0.529
0.53,0,0,0,0,0,0,0,0,0,0,0,0,0.53
0.531,0,0,0,0,0,0,0,0,0,0,0,0,0.531
0.532,0,0,0,0,0,0,0,0,0,0,0,0,0.532
0.533,0,0,0,0,0,0,0,0,0,0,0,0,0.533
0.534,0,0,0,0,0,0,0,0,0,0,0,0,0.534
0.535,0,0,0,0,0,0,0,0,0,0,0,0,0.535
0.536,0,0,0,0,0,0,0,0,0,0,0,0,0.536
0.537,0,0,0,0,0,0,0,0,0,0,0,0,0.537
0.538,0,0,0,0,0,0,0,0,0,0,0,0,0.538
0.539,0,0,0,0,0,0,0,0,0,0,0,0,0.539
0.54,0,0,0,0,0,0,0,0,0,0,0,0,0.54
0.541,0,0,0,0,0,0,0,0,0,0,0,0,0.541
0.542,0,0,0,0,0,0,0,0,0,0,0,0,0.542
0.543,0.0350084,0,0,0,0,0,0,0,0,0,0,0,0.543
0.544,0.0865873,0,0,0,0,0,0,0,0,0,-17.1725,0,0.544
0.545,0.140859,0,0,0,0,0,0,-0.0171725,0,0,-51.5003,0,0.545
0.546,0.193029,0,0.0109216,0,0,0,0,-0.0686728,0,0,-96.0291,0,0.546
0.547,0.24213,0,0.0332243,0,0,0,0,-0.164702,0,-4.11405,-144.258,0.685675,0.547
0.548,0.288439,0,0.0603154,0,0,0,-0.00411208,-0.30896,0.000685678,-14.6772,-192.17,2.4462,0.548
0.549,0.331316,0,0.0897086,0,0,0,-0.0187762,-0.50113,0.00311812,-30.3936,-237.931,5.0656,0.549
0.55,0.369568,0,0.120458,0,0,0,-0.0491262,-0.739063,0.00810594,-49.578,-280.311,8.26309,0.55
0.551,0.401774,0,0.152062,0,0.000953275,0,-0.0986007,-1.01938,0.0161294,-70.9266,-318.098,11.8218,0.551
0.552,0.426625,0,0.183944,0,0.00285657,0,-0.169327,-1.3375,0.0274055,-93.4492,-349.952,15.3705,0.552
0.553,0.44299,0,0.215225,0,0.00513386,0,-0.262441,-1.68749,0.0417456,-116.376,-374.58,18.6747,0.553
0.554,0.449911,0,0.245072,0,0.00757916,0,-0.378317,-2.06216,0.0587117,-138.997,-390.863,21.6886,0.554
0.555,0.447694,0,0.272697,0,0.010106,0,-0.516626,-2.45315,0.0778314,-160.645,-397.87,24.3876,0.555
0.556,0.441214,0,0.297033,0,0.0126805,0,-0.676381,-2.85123,0.0986497,-180.697,-395.408,26.7357,0.556
0.557,0.432826,0,0.316952,0,0.0152469,0,-0.855979,-3.24692,0.120743,-198.44,-385.896,28.6593,0.557
0.558,0.42371,0,0.331312,0,0.0177328,0,-1.05312,-3.6332,0.143671,-213.1,-371.911,30.0668,0.558
0.559,0.414456,0,0.339187,0,0.0200569,0,-1.26474,-4.00561,0.166944,-223.877,-355.524,30.8605,0.559
0.56,0.405353,0,0.339779,0,0.0221421,0,-1.48701,-4.36172,0.190006,-230.047,-338.222,30.9559,0.56
0.561,0.396542,0,0.334114,0,0.0239137,0,-1.71537,-4.70064,0.212239,-230.987,-321.013,30.2837,0.561
0.562,0.388083,0,0.325553,0,0.0253032,0,-1.94466,-5.02241,0.23297,-226.812,-304.487,28.8968,0.562
0.563,0.379999,0,0.31571,0,0.0262425,0,-2.16984,-5.3277,0.251589,-218.909,-288.839,27.0565,0.563
0.564,0.372292,0,0.305378,0,0.0266733,0,-2.38725,-5.61736,0.26776,-208.67,-274.106,25.0232,0.564
0.565,0.364955,0,0.294944,0,0.0265439,0,-2.59458,-5.89227,0.281409,-197.166,-260.259,23.0005,0.565
0.566,0.357977,0,0.284616,0,0.0261573,0,-2.79059,-6.1533,0.292664,-185.133,-247.252,21.1325,0.566
0.567,0.351342,0,0.274537,0,0.0256575,0,-2.97475,-6.40129,0.301787,-173.021,-235.024,19.4376,0.567
0.568,0.345036,0,0.26481,0,0.0251161,0,-3.14696,-6.63701,0.309046,-161.111,-223.518,17.8993,0.568
0.569,0.339043,0,0.255501,0,0.0245683,0,-3.30742,-6.86117,0.314686,-149.582,-212.675,16.4964,0.569
0.57,0.333349,0,0.246651,0,0.024031,0,-3.45649,-7.07444,0.318915,-138.543,-202.447,15.2115,0.57
0.571,0.327938,0,0.238282,0,0.023512,0,-3.59467,-7.27744,0.321916,-128.059,-192.786,14.0318,0.571
0.572,0.322798,0,0.230405,0,0.0230146,0,-3.72248,-7.47073,0.323849,-118.166,-183.652,12.9484,0.572
0.573,0.317914,0,0.223021,0,0.0225398,0,-3.84052,-7.65483,0.324855,-108.878,-175.008,11.9546,0.573
0.574,0.313274,0,0.216121,0,0.0220877,0,-3.94937,-7.83025,0.325063,-100.194,-166.818,11.0452,0.574
0.575,0.308867,0,0.209695,0,0.0216575,0,-4.04963,-7.99743,0.324588,-92.1032,-159.054,10.2153,0.575
0.576,0.304679,0,0.203737,0,0.0212486,0,-4.14187,-8.15681,0.323535,-84.5891,-151.686,9.46069,0.576
0.577,0.300701,0,0.198243,0,0.0208599,0,-4.22668,-8.30878,0.322,-77.6329,-144.69,8.77752,0.577
0.578,0.296921,0,0.193196,0,0.0204906,0,-4.30459,-8.45372,0.320069,-71.2162,-138.04,8.16263,0.578
0.579,0.293331,0,0.188588,0,0.0201397,0,-4.37614,-8.59199,0.317823,-65.3176,-131.715,7.61261,0.579
0.58,0.28992,0,0.184399,0,0.0198063,0,-4.44183,-8.7239,0.315335,-59.9159,-125.694,7.12433,0.58
0.581,0.28668,0,0.180633,0,0.0194895,0,-4.50215,-8.84977,0.312673,-54.9872,-119.958,6.69431,0.581
0.582,0.283601,0,0.17728,0,0.0191886,0,-4.55756,-8.96988,0.309897,-50.5144,-114.488,6.32025,0.582
0.583,0.280677,0,0.174323,0,0.0189028,0,-4.60852,-9.08451,0.307066,-46.4804,-109.268,5.99994,0.583
0.584,0.277899,0,0.171733,0,0.0186312,0,-4.65545,-9.19391,0.304231,-42.8645,-104.283,5.73054,0.584
0.585,0.27526,0,0.169495,0,0.0183732,0,-4.69876,-9.29831,0.301443,-39.641,-99.5178,5.50843,0.585
0.586,0.272752,0,0.16759,0,0.0181281,0,-4.73883,-9.39794,0.298745,-36.7859,-94.9614,5.33028,0.586
0.587,0.27037,0,0.165992,0,0.0178952,0,-4.77604,-9.49302,0.296178,-34.2762,-90.602,5.19288,0.587
0.588,0.268107,0,0.164636,0,0.017674,0,-4.81071,-9.58374,0.293776,-32.0864,-86.4293,5.09264,0.588
0.589,0.265958,0,0.163428,0,0.0174639,0,-4.84316,-9.67029,0.291572,-30.1753,-82.4372,5.02335,0.589
0.59,0.263915,0,0.16232,0,0.0172642,0,-4.87367,-9.75286,0.289589,-28.4836,-78.6234,4.97572,0.59
0.591,0.261975,0,0.161287,0,0.0170746,0,-4.90245,-9.83162,0.287842,-26.9599,-74.9856,4.94184,0.591
0.592,0.260132,0,0.160316,0,0.0168944,0,-4.92967,-9.90675,0.286335,-25.5661,-71.5194,4.91593,0.592
0.593,0.258381,0,0.159398,0,0.0167232,0,-4.95545,-9.97843,0.285068,-24.2754,-68.2193,4.89416,0.593
0.594,0.256718,0,0.158528,0,0.0165606,0,-4.97991,-10.0468,0.284035,-23.0696,-65.079,4.87407,0.594
0.595,0.255137,0,0.157704,0,0.0164062,0,-5.00312,-10.1121,0.283229,-21.9363,-62.0916,4.85419,0.595
0.596,0.253636,0,0.156921,0,0.0162594,0,-5.02516,-10.1744,0.282641,-20.8668,-59.2499,4.83365,0.596
0.597,0.25221,0,0.156178,0,0.01612,0,-5.04609,-10.2338,0.28226,-19.855,-56.5469,4.81196,0.597
0.598,0.250855,0,0.155472,0,0.0159875,0,-5.06598,-10.2906,0.282077,-18.8962,-53.9759,4.78887,0.598
0.599,0.249568,0,0.154801,0,0.0158617,0,-5.08488,-10.3447,0.282081,-17.9866,-51.5301,4.76427,0.599
0.6,0.248345,0,0.154164,0,0.0157422,0,-5.10283,-10.3965,0.282262,-17.123,-49.2034,4.73814,0.6
0.601,0.247184,0,0.153559,0,0.0156286,0,-5.11989,-10.4459,0.282611,-16.3029,-46.9896,4.71049,0.601
0.602,0.24608,0,0.152984,0,0.0155208,0,-5.1361,-10.4931,0.283118,-15.5237,-44.8831,4.68137,0.602
0.603,0.245032,0,0.152438,0,0.0154183,0,-5.1515,-10.5383,0.283773,-14.7833,-42.8784,4.65085,0.603
0.604,0.244036,0,0.151919,0,0.0153209,0,-5.16614,-10.5814,0.284569,-14.0796,-40.9704,4.619,0.604
0.605,0.24309,0,0.151426,0,0.0152284,0,-5.18005,-10.6226,0.285495,-13.4107,-39.1542,4.58588,0.605
0.606,0.242191,0,0.150958,0,0.0151406,0,-5.19327,-10.662,0.286546,-12.7748,-37.4251,4.55159,0.606
0.607,0.241337,0,0.150513,0,0.0150571,0,-5.20583,-10.6997,0.287711,-12.1702,-35.7788,4.51618,0.607
0.608,0.240526,0,0.15009,0,0.0149778,0,-5.21776,-10.7357,0.288984,-11.5953,-34.2111,4.47975,0.608
0.609,0.239755,0,0.149689,0,0.0149025,0,-5.2291,-10.7702,0.290358,-11.0486,-32.718,4.44236,0.609
0.61,0.239023,0,0.149307,0,0.0148309,0,-5.23988,-10.8032,0.291826,-10.5286,-31.2959,4.40408,0.61
0.611,0.238327,0,0.148945,0,0.0147629,0,-5.25011,-10.8348,0.293381,-10.0341,-29.9412,4.36499,0.611
0.612,0.237667,0,0.148601,0,0.0146983,0,-5.25984,-10.865,0.295017,-9.56367,-28.6505,4.32515,0.612
0.613,0.237039,0,0.148274,0,0.0146369,0,-5.26908,-10.8939,0.296729,-9.11616,-27.4206,4.28463,0.613
0.614,0.236443,0,0.147963,0,0.0145787,0,-5.27786,-10.9216,0.298509,-8.69041,-26.2486,4.24349,0.614
0.615,0.235876,0,0.147668,0,0.0145233,0,-5.2862,-10.9481,0.300354,-8.28532,-25.1316,4.20178,0.615
0.616,0.235338,0,0.147388,0,0.0144707,0,-5.29412,-10.9735,0.302257,-7.89985,-24.0667,4.15958,0.616
0.617,0.234827,0,0.147121,0,0.0144207,0,-5.30165,-10.9979,0.304214,-7.53303,-23.0516,4.11693,0.617
0.618,0.234341,0,0.146868,0,0.0143732,0,-5.3088,-11.0212,0.30622,-7.18392,-22.0837,4.07388,0.618
0.619,0.233879,0,0.146628,0,0.0136269,0,-5.31559,-11.0436,0.308271,-6.85163,-21.1607,4.0305,0.619
0.62,0.226627,0,0.14285,0,0.0132685,0,-5.32205,-11.065,0.310362,-6.59963,-20.2825,4.14458,0.62
0.621,0.223144,0,0.141035,0,0.0130893,0,-5.32821,-11.0856,0.31265,-5.32772,-16.6835,4.08231,0.621
0.622,0.221403,0,0.140128,0,0.0129998,0,-5.33304,-11.1026,0.315214,-4.07862,-13.1912,3.98104,0.622
0.623,0.220532,0,0.139675,0,0.012955,0,-5.33658,-11.1161,0.318004,-3.11063,-10.4944,3.88152,0.623
0.624,0.220096,0,0.139448,0,0.0129326,0,-5.33912,-11.1269,0.320947,-2.43107,-8.60121,3.79357,0.624
0.625,0.219879,0,0.139334,0,0.0129214,0,-5.34097,-11.1358,0.323981,-1.97688,-7.33192,3.71684,0.625
0.626,0.21977,0,0.139278,0,0.0129158,0,-5.34235,-11.1435,0.327057,-1.68001,-6.49641,3.64855,0.626
0.627,0.219716,0,0.139249,0,0.012913,0,-5.34344,-11.1503,0.330143,-1.48641,-5.94483,3.58603,0.627
0.628,0.219688,0,0.139235,0,0.0129116,0,-5.34433,-11.1565,0.333218,-1.35811,-5.57231,3.52732,0.628
0.629,0.219675,0,0.139228,0,0.0129109,0,-5.3451,-11.1624,0.336269,-1.27009,-5.31008,3.47116,0.629
0.63,0.219668,0,0.139224,0,0.0129105,0,-5.34578,-11.168,0.339287,-1.20657,-5.11481,3.41677,0.63
0.631,0.219665,0,0.139223,0,0.0129103,0,-5.34641,-11.1734,0.342269,-1.15783,-4.95992,3.36369,0.631
0.632,0.219663,0,0.139222,0,0.0129102,0,-5.347,-11.1787,0.345212,-1.11803,-4.82947,3.31165,0.632
0.633,0.219662,0,0.139221,0,0.0129102,0,-5.34755,-11.1838,0.348114,-1.08368,-4.71399,3.26053,0.633
0.634,0.219662,0,0.139221,0,0.0129102,0,-5.34808,-11.1888,0.350976,-1.05275,-4.60795,3.21022,0.634
0.635,0.219661,0,0.139221,0,0.0129102,0,-5.34859,-11.1937,0.353796,-1.02405,-4.5081,3.16069,0.635
0.636,0.219661,0,0.139221,0,0.0129102,0,-5.34907,-11.1985,0.356576,-0.996885,-4.41259,3.11191,0.636
0.637,0.219661,0,0.139221,0,0.0129102,0,-5.34954,-11.2032,0.359315,-0.970855,-4.32034,3.06385,0.637
0.638,0.219661,0,0.139221,0,0.0129102,0,-5.34998,-11.2077,0.362014,-0.945725,-4.2307,3.01651,0.638
0.639,0.219661,0,0.139221,0,0.0129102,0,-5.35041,-11.2122,0.364673,-0.921355,-4.14331,2.96987,0.639
0.64,0.219661,0,0.139221,0,0.0129102,0,-5.35082,-11.2166,0.367294,-0.89766,-4.05795,2.92393,0.64
0.641,0.219661,0,0.139221,0,0.0129102,0,-5.35122,-11.221,0.369876,-0.874591,-3.97445,2.87866,0.641
0.642,0.219661,0,0.139221,0,0.0129102,0,-5.3516,-11.2252,0.37242,-0.85211,-3.89274,2.83407,0.642
0.643,0.219661,0,0.139221,0,0.0129102,0,-5.35196,-11.2293,0.374927,-0.830192,-3.81275,2.79014,0.643
0.644,0.219661,0,0.139221,0,0.0129102,0,-5.35231,-11.2334,0.377396,-0.808815,-3.73443,2.74687,0.644
0.645,0.219661,0,0.139221,0,0.0129102,0,-5.35265,-11.2374,0.37983,-0.787963,-3.65772,2.70424,0.645
0.646,0.219661,0,0.139221,0,0.0129102,0,-5.35297,-11.2412,0.382227,-0.767623,-3.58259,2.66225,0.646
0.647,0.219661,0,0.139221,0,0.0129102,0,-5.35328,-11.2451,0.384589,-0.747781,-3.50901,2.62089,0.647
0.648,0.219661,0,0.139221,0,0.0129102,0,-5.35357,-11.2488,0.386915,-0.728425,-3.43694,2.58014,0.648
0.649,0.219661,0,0.139221,0,0.0129102,0,-5.35385,-11.2525,0.389208,-0.709542,-3.36635,2.54001,0.649
0.65,0.219661,0,0.139221,0,0.0129102,0,-5.35412,-11.2561,0.391466,-0.691121,-3.29722,2.50047,0.65
0.651,0.219661,0,0.139221,0,0.0129102,0,-5.35438,-11.2596,0.393691,-0.673152,-3.2295,2.46153,0.651
0.652,0.219661,0,0.139221,0,0.0129102,0,-5.35462,-11.263,0.395882,-0.655624,-3.16317,2.42318,0.652
0.653,0.219661,0,0.139221,0,0.0129102,0,-5.35486,-11.2664,0.398041,-0.638526,-3.0982,2.38539,0.653
0.654,0.219661,0,0.139221,0,0.0129102,0,-5.35508,-11.2697,0.400168,-0.621847,-3.03456,2.34818,0.654
0.655,0.219661,0,0.139221,0,0.0129102,0,-5.35529,-11.2729,0.402263,-0.605579,-2.97224,2.31153,0.655
0.656,0.219661,0,0.139221,0,0.0129102,0,-5.35549,-11.2761,0.404327,-0.589711,-2.91119,2.27543,0.656
0.657,0.219661,0,0.139221,0,0.0129102,0,-5.35569,-11.2792,0.40636,-0.574234,-2.85139,2.23987,0.657
0.658,0.219661,0,0.139221,0,0.0129102,0,-5.35587,-11.2823,0.408363,-0.559138,-2.79283,2.20485,0.658
0.659,0.219661,0,0.139221,0,0.0129102,0,-5.35604,-11.2853,0.410335,-0.544415,-2.73546,2.17035,0.659
0.66,0.219661,0,0.139221,0,0.0129102,0,-5.35621,-11.2882,0.412278,-0.530056,-2.67928,2.13638,0.66
0.661,0.219661,0,0.139221,0,0.0129102,0,-5.35636,-11.2911,0.414192,-0.516051,-2.62424,2.10292,0.661
0.662,0.219661,0,0.139221,0,0.0129102,0,-5.35651,-11.2939,0.416078,-0.502393,-2.57034,2.06997,0.662
0.663,0.219661,0,0.139221,0,0.0129102,0,-5.35665,-11.2966,0.417935,-0.489073,-2.51755,2.03752,0.663
0.664,0.219661,0,0.139221,0,0.0129102,0,-5.35678,-11.2993,0.419764,-0.476083,-2.46583,2.00556,0.664
0.665,0.219661,0,0.139221,0,0.0129102,0,-5.3569,-11.302,0.421565,-0.463416,-2.41518,1.97408,0.665
0.666,0.219661,0,0.139221,0,0.0129102,0,-5.35702,-11.3045,0.423339,-0.451063,-2.36558,1.94309,0.666
0.667,0.219661,0,0.139221,0,0.0129102,0,-5.35713,-11.3071,0.425087,-0.439017,-2.31699,1.91256,0.667
0.668,0.219661,0,0.139221,0,0.0129102,0,-5.35723,-11.3096,0.426808,-0.427271,-2.26939,1.88249,0.668
0.669,0.219661,0,0.139221,0,0.0129102,0,-5.35732,-11.312,0.428504,-0.415818,-2.22278,1.85289,0.669
0.67,0.219661,0,0.139221,0,0.0129102,0,-5.35741,-11.3144,0.430173,-0.40465,-2.17712,1.82373,0.67
0.671,0.219661,0,0.139221,0,0.0129102,0,-5.35749,-11.3167,0.431818,-0.393762,-2.1324,1.79502,0.671
0.672,0.219661,0,0.139221,0,0.0129102,0,-5.35757,-11.319,0.433437,-0.383145,-2.0886,1.76675,0.672
0.673,0.219661,0,0.139221,0,0.0129102,0,-5.35764,-11.3213,0.435032,-0.372794,-2.0457,1.73891,0.673
0.674,0.219661,0,0.139221,0,0.0129102,0,-5.3577,-11.3235,0.436603,-0.362702,-2.00368,1.71149,0.674
0.675,0.219661,0,0.139221,0,0.0129102,0,-5.35776,-11.3256,0.43815,-0.352863,-1.96252,1.68449,0.675
0.676,0.219661,0,0.139221,0,0.0129102,0,-5.35781,-11.3277,0.439674,-0.343271,-1.92221,1.65791,0.676
0.677,0.219661,0,0.139221,0,0.0129102,0,-5.35786,-11.3298,0.441174,-0.33392,-1.88273,1.63173,0.677
0.678,0.219661,0,0.139221,0,0.0129102,0,-5.35791,-11.3318,0.442652,-0.324805,-1.84406,1.60595,0.678
0.679,0.219661,0,0.139221,0,0.0129102,0,-5.35795,-11.3338,0.444107,-0.315919,-1.80618,1.58057,0.679
0.68,0.219661,0,0.139221,0,0.0129102,0,-5.35798,-11.3358,0.44554,-0.307257,-1.76908,1.55558,0.68
0.681,0.219661,0,0.139221,0,0.0129102,0,-5.35801,-11.3377,0.446951,-0.298814,-1.73274,1.53097,0.681
0.682,0.219661,0,0.139221,0,0.0129102,0,-5.35804,-11.3395,0.448341,-0.290584,-1.69715,1.50674,0.682
0.683,0.219661,0,0.139221,0,0.0129102,0,-5.35806,-11.3414,0.449709,-0.282562,-1.66229,1.48288,0.683
0.684,0.219661,0,0.139221,0,0.0129102,0,-5.35807,-11.3431,0.451057,-0.274743,-1.62815,1.45939,0.684
0.685,0.219661,0,0.139221,0,0.0129102,0,-5.35809,-11.3449,0.452383,-0.267123,-1.5947,1.43626,0.685
0.686,0.219661,0,0.139221,0,0.0129102,0,-5.3581,-11.3466,0.45369,-0.259697,-1.56195,1.41348,0.686
0.687,0.219661,0,0.139221,0,0.0129102,0,-5.35811,-11.3483,0.454977,-0.252459,-1.52987,1.39106,0.687
0.688,0.219661,0,0.139221,0,0.0129102,0,-5.35811,-11.35,0.456244,-0.245405,-1.49844,1.36898,0.688
0.689,0.219661,0,0.139221,0,0.0129102,0,-5.35811,-11.3516,0.457491,-0.238532,-1.46767,1.34724,0.689
0.69,0.219661,0,0.139221,0,0.0129102,0,-5.35811,-11.3532,0.458719,-0.231833,-1.43752,1.32584,0.69
0.691,0.219661,0,0.139221,0,0.0129102,0,-5.3581,-11.3547,0.459929,-0.225306,-1.408,1.30477,0.691
0.692,0.219661,0,0.139221,0,0.0129102,0,-5.35809,-11.3563,0.46112,-0.218946,-1.37908,1.28403,0.692
0.693,0.219661,0,0.139221,0,0.0129102,0,-5.35808,-11.3577,0.462292,-0.212749,-1.35075,1.2636,0.693
0.694,0.219661,0,0.139221,0,0.0129102,0,-5.35806,-11.3592,0.463447,-0.206711,-1.32301,1.24349,0.694
0.695,0.219661,0,0.139221,0,0.0129102,0,-5.35805,-11.3606,0.464584,-0.200828,-1.29584,1.2237,0.695
0.696,0.219661,0,0.139221,0,0.0129102,0,-5.35803,-11.362,0.465703,-0.195097,-1.26922,1.20421,0.696
0.697,0.219661,0,0.139221,0,0.0129102,0,-5.358,-11.3634,0.466805,-0.189513,-1.24316,1.18502,0.697
0.698,0.219661,0,0.139221,0,0.0129102,0,-5.35798,-11.3648,0.46789,-0.184073,-1.21762,1.16613,0.698
0.699,0.219661,0,0.139221,0,0.0129102,0,-5.35795,-11.3661,0.468958,-0.178774,-1.19262,1.14753,0.699
0.7,0.219661,0,0.139221,0,0.0129102,0,-5.35793,-11.3674,0.47001,-0.173612,-1.16812,1.12923,0.7
0.701,0.219661,0,0.139221,0,0.0129102,0,-5.35789,-11.3687,0.471046,-0.168584,-1.14413,1.1112,0.701
0.702,0.219661,0,0.139221,0,0.0129102,0,-5.35786,-11.3699,0.472065,-0.163686,-1.12064,1.09346,0.702
0.703,0.219661,0,0.139221,0,0.0129102,0,-5.35783,-11.3711,0.473069,-0.158916,-1.09762,1.07599,0.703
0.704,0.219661,0,0.139221,0,0.0129102,0,-5.35779,-11.3723,0.474057,-0.154269,-1.07508,1.0588,0.704
0.705,0.219661,0,0.139221,0,0.0129102,0,-5.35775,-11.3735,0.47503,-0.149744,-1.053,1.04187,0.705
0.706,0.219661,0,0.139221,0,0.0129102,0,-5.35772,-11.3746,0.475988,-0.145337,-1.03138,1.02521,0.706
0.707,0.219661,0,0.139221,0,0.0129102,0,-5.35767,-11.3757,0.476931,-0.141046,-1.0102,1.00881,0.707
0.708,0.219661,0,0.139221,0,0.0129102,0,-5.35763,-11.3768,0.477859,-0.136866,-0.989451,0.99266,0.708
0.709,0.219661,0,0.139221,0,0.0129102,0,-5.35759,-11.3779,0.478773,-0.132797,-0.969132,0.976765,0.709
0.71,0.219661,0,0.139221,0,0.0129102,0,-5.35754,-11.379,0.479673,-0.128834,-0.949231,0.961119,0.71
0.711,0.219661,0,0.139221,0,0.0129102,0,-5.3575,-11.38,0.480558,-0.124976,-0.929739,0.945718,0.711
0.712,0.219661,0,0.139221,0,0.0129102,0,-5.35745,-11.381,0.48143,-0.12122,-0.910647,0.930557,0.712
0.713,0.219661,0,0.139221,0,0.0129102,0,-5.3574,-11.382,0.482289,-0.117562,-0.891947,0.915634,0.713
0.714,0.219661,0,0.139221,0,0.0129102,0,-5.35735,-11.383,0.483133,-0.114002,-0.873632,0.900944,0.714
0.715,0.219661,0,0.139221,0,0.0129102,0,-5.3573,-11.384,0.483965,-0.110536,-0.855693,0.886485,0.715
0.716,0.219661,0,0.139221,0,0.0129102,0,-5.35725,-11.3849,0.484784,-0.107162,-0.838122,0.872252,0.716
0.717,0.219661,0,0.139221,0,0.0129102,0,-5.3572,-11.3858,0.48559,-0.103877,-0.820913,0.858243,0.717
0.718,0.219661,0,0.139221,0,0.0129102,0,-5.35715,-11.3867,0.486384,-0.100681,-0.804057,0.844453,0.718
0.719,0.219661,0,0.139221,0,0.0129102,0,-5.35709,-11.3876,0.487165,-0.0975693,-0.787548,0.83088,0.719
0.72,0.219661,0,0.139221,0,0.0129102,0,-5.35704,-11.3884,0.487934,-0.0945412,-0.771377,0.81752,0.72
0.721,0.219661,0,0.139221,0,0.0129102,0,-5.35699,-11.3893,0.48869,-0.0915942,-0.755539,0.80437,0.721
0.722,0.219661,0,0.139221,0,0.0129102,0,-5.35693,-11.3901,0.489435,-0.0887264,-0.740027,0.791427,0.722
0.723,0.219661,0,0.139221,0,0.0129102,0,-5.35687,-11.3909,0.490169,-0.0859357,-0.724833,0.778688,0.723
0.724,0.219661,0,0.139221,0,0.0129102,0,-5.35682,-11.3917,0.490891,-0.0832203,-0.709951,0.766149,0.724
0.725,0.219661,0,0.139221,0,0.0129102,0,-5.35676,-11.3925,0.491601,-0.0805783,-0.695375,0.753808,0.725
0.726,0.219661,0,0.139221,0,0.0129102,0,-5.3567,-11.3933,0.4923,-0.0780077,-0.681099,0.741661,0.726
0.727,0.219661,0,0.139221,0,0.0129102,0,-5.35664,-11.394,0.492989,-0.0755069,-0.667116,0.729706,0.727
0.728,0.219661,0,0.139221,0,0.0129102,0,-5.35659,-11.3947,0.493666,-0.0730741,-0.65342,0.71794,0.728
0.729,0.219661,0,0.139221,0,0.0129102,0,-5.35653,-11.3955,0.494333,-0.0707075,-0.640006,0.706359,0.729
0.73,0.219661,0,0.139221,0,0.0129102,0,-5.35647,-11.3962,0.49499,-0.0684055,-0.626867,0.694961,0.73
0.731,0.219661,0,0.139221,0,0.0129102,0,-5.35641,-11.3968,0.495636,-0.0661665,-0.613998,0.683743,0.731
0.732,0.219661,0,0.139221,0,0.0129102,0,-5.35635,-11.3975,0.496272,-0.0639889,-0.601393,0.672702,0.732
0.733,0.219661,0,0.139221,0,0.0129102,0,-5.35629,-11.3982,0.496898,-0.0618712,-0.589048,0.661836,0.733
0.734,0.219661,0,0.139221,0,0.0129102,0,-5.35623,-11.3988,0.497514,-0.0598118,-0.576956,0.651142,0.734
0.735,0.219661,0,0.139221,0,0.0129102,0,-5.35617,-11.3995,0.49812,-0.0578092,-0.565113,0.640617,0.735
0.736,0.219661,0,0.139221,0,0.0129102,0,-5.35611,-11.4001,0.498717,-0.0558621,-0.553513,0.630259,0.736
0.737,0.219661,0,0.139221,0,0.0129102,0,-5.35605,-11.4007,0.499305,-0.0539689,-0.542151,0.620064,0.737
0.738,0.219661,0,0.139221,0,0.0129102,0,-5.35599,-11.4013,0.499883,-0.0521284,-0.531022,0.610032,0.738
0.739,0.219661,0,0.139221,0,0.0129102,0,-5.35593,-11.4019,0.500452,-0.0503392,-0.520123,0.600158,0.739
0.74,0.219661,0,0.139221,0,0.0129102,0,-5.35587,-11.4025,0.501012,-0.0486,-0.509447,0.590442,0.74
0.741,0.219661,0,0.139221,0,0.0129102,0,-5.35581,-11.403,0.501563,-0.0469095,-0.49899,0.580879,0.741
0.742,0.219661,0,0.139221,0,0.0129102,0,-5.35575,-11.4036,0.502106,-0.0452665,-0.488749,0.571468,0.742
0.743,0.219661,0,0.139221,0,0.0129102,0,-5.35569,-11.4041,0.50264,-0.0436697,-0.478717,0.562207,0.743
0.744,0.219661,0,0.139221,0,0.0129102,0,-5.35563,-11.4046,0.503165,-0.0421181,-0.468892,0.553093,0.744
0.745,0.219661,0,0.139221,0,0.0129102,0,-5.35557,-11.4052,0.503682,-0.0406103,-0.459269,0.544124,0.745
0.746,0.219661,0,0.139221,0,0.0129102,0,-5.35551,-11.4057,0.504191,-0.0391454,-0.449843,0.535297,0.746
0.747,0.219661,0,0.139221,0,0.0129102,0,-5.35545,-11.4062,0.504692,-0.0377222,-0.440611,0.526611,0.747
0.748,0.219661,0,0.139221,0,0.0129102,0,-5.35539,-11.4067,0.505185,-0.0363395,-0.431569,0.518064,0.748
0.749,0.219661,0,0.139221,0,0.0129102,0,-5.35533,-11.4071,0.50567,-0.0349965,-0.422712,0.509652,0.749
0.75,0.219661,0,0.139221,0,0.0129102,0,-5.35527,-11.4076,0.506147,-0.033692,-0.414037,0.501375,0.75
0.751,0.219661,0,0.139221,0,0.0129102,0,-5.35521,-11.4081,0.506617,-0.0324251,-0.405541,0.493229,0.751
0.752,0.219661,0,0.139221,0,0.0129102,0,-5.35515,-11.4085,0.50708,-0.0311948,-0.397219,0.485213,0.752
0.753,0.219661,0,0.139221,0,0.0129102,0,-5.35509,-11.4089,0.507535,-0.0300001,-0.389068,0.477326,0.753
0.754,0.219661,0,0.139221,0,0.0129102,0,-5.35503,-11.4094,0.507982,-0.0288402,-0.381084,0.469564,0.754
0.755,0.219661,0,0.139221,0,0.0129102,0,-5.35497,-11.4098,0.508423,-0.027714,-0.373264,0.461926,0.755
0.756,0.219661,0,0.139221,0,0.0129102,0,-5.35492,-11.4102,0.508857,-0.0266208,-0.365605,0.45441,0.756
0.757,0.219661,0,0.139221,0,0.0129102,0,-5.35486,-11.4106,0.509283,-0.0255597,-0.358103,0.447014,0.757
0.758,0.219661,0,0.139221,0,0.0129102,0,-5.3548,-11.411,0.509703,-0.0245298,-0.350756,0.439737,0.758
0.759,0.219661,0,0.139221,0,0.0129102,0,-5.35474,-11.4114,0.510117,-0.0235303,-0.343559,0.432575,0.759
0.76,0.219661,0,0.139221,0,0.0129102,0,-5.35469,-11.4118,0.510523,-0.0225605,-0.33651,0.425529,0.76
0.761,0.219661,0,0.139221,0,0.0129102,0,-5.35463,-11.4122,0.510923,-0.0216195,-0.329606,0.418595,0.761
0.762,0.219661,0,0.139221,0,0.0129102,0,-5.35457,-11.4125,0.511317,-0.0207066,-0.322843,0.411772,0.762
0.763,0.219661,0,0.139221,0,0.0129102,0,-5.35452,-11.4129,0.511705,-0.019821,-0.31622,0.405059,0.763
0.764,0.219661,0,0.139221,0,0.0129102,0,-5.35446,-11.4132,0.512086,-0.0189621,-0.309732,0.398453,0.764
0.765,0.219661,0,0.139221,0,0.0129102,0,-5.35441,-11.4136,0.512461,-0.0181291,-0.303378,0.391953,0.765
0.766,0.219661,0,0.139221,0,0.0129102,0,-5.35435,-11.4139,0.51283,-0.0173213,-0.297154,0.385557,0.766
0.767,0.219661,0,0.139221,0,0.0129102,0,-5.3543,-11.4143,0.513194,-0.0165381,-0.291058,0.379264,0.767
0.768,0.219661,0,0.139221,0,0.0129102,0,-5.35424,-11.4146,0.513551,-0.0157789,-0.285088,0.373072,0.768
0.769,0.219661,0,0.139221,0,0.0129102,0,-5.35419,-11.4149,0.513903,-0.0150429,-0.27924,0.36698,0.769
0.77,0.219661,0,0.139221,0,0.0129102,0,-5.35414,-11.4152,0.514249,-0.0143296,-0.273511,0.360985,0.77
0.771,0.219661,0,0.139221,0,0.0129102,0,-5.35408,-11.4155,0.51459,-0.0136383,-0.267901,0.355086,0.771
0.772,0.219661,0,0.139221,0,0.0129102,0,-5.35403,-11.4158,0.514925,-0.0129685,-0.262406,0.349283,0.772
0.773,0.219661,0,0.139221,0,0.0129102,0,-5.35398,-11.4161,0.515255,-0.0123196,-0.257023,0.343572,0.773
0.774,0.219661,0,0.139221,0,0.0129102,0,-5.35393,-11.4164,0.515579,-0.011691,-0.251752,0.337954,0.774
0.775,0.219661,0,0.139221,0,0.0129102,0,-5.35387,-11.4167,0.515899,-0.0110822,-0.246588,0.332426,0.775
0.776,0.219661,0,0.139221,0,0.0129102,0,-5.35382,-11.417,0.516213,-0.0104926,-0.24153,0.326987,0.776
0.777,0.219661,0,0.139221,0,0.0129102,0,-5.35377,-11.4172,0.516522,-0.00992183,-0.236577,0.321635,0.777
0.778,0.219661,0,0.139221,0,0.0129102,0,-5.35372,-11.4175,0.516826,-0.00936923,-0.231725,0.31637,0.778
0.779,0.219661,0,0.139221,0,0.0129102,0,-5.35367,-11.4178,0.517126,-0.00883437,-0.226972,0.311189,0.779
0.78,0.219661,0,0.139221,0,0.0129102,0,-5.35362,-11.418,0.51742,-0.00831675,-0.222317,0.306092,0.78
0.781,0.219661,0,0.139221,0,0.0129102,0,-5.35357,-11.4183,0.51771,-0.00781591,-0.217758,0.301078,0.781
0.782,0.219661,0,0.139221,0,0.0129102,0,-5.35353,-11.4185,0.517995,-0.00733138,-0.213292,0.296144,0.782
0.783,0.219661,0,0.139221,0,0.0129102,0,-5.35348,-11.4188,0.518275,-0.00686273,-0.208918,0.29129,0.783
0.784,0.219661,0,0.139221,0,0.0129102,0,-5.35343,-11.419,0.518551,-0.00640952,-0.204634,0.286514,0.784
0.785,0.219661,0,0.139221,0,0.0129102,0,-5.35338,-11.4192,0.518823,-0.00597132,-0.200438,0.281815,0.785
0.786,0.219661,0,0.139221,0,0.0129102,0,-5.35334,-11.4194,0.51909,-0.00554772,-0.196328,0.277192,0.786
0.787,0.219661,0,0.139221,0,0.0129102,0,-5.35329,-11.4197,0.519353,-0.00513831,-0.192302,0.272644,0.787
0.788,0.219661,0,0.139221,0,0.0129102,0,-5.35324,-11.4199,0.519612,-0.00474271,-0.188359,0.268169,0.788
0.789,0.219661,0,0.139221,0,0.0129102,0,-5.3532,-11.4201,0.519866,-0.00436053,-0.184497,0.263767,0.789
0.79,0.219661,0,0.139221,0,0.0129102,0,-5.35315,-11.4203,0.520116,-0.0039914,-0.180714,0.259436,0.79
0.791,0.219661,0,0.139221,0,0.0129102,0,-5.35311,-11.4205,0.520363,-0.00363495,-0.177009,0.255175,0.791
0.792,0.219661,0,0.139221,0,0.0129102,0,-5.35306,-11.4207,0.520605,-0.00329083,-0.17338,0.250983,0.792
0.793,0.219661,0,0.139221,0,0.0129102,0,-5.35302,-11.4209,0.520843,-0.00295869,-0.169825,0.246859,0.793
0.794,0.219661,0,0.139221,0,0.0129102,0,-5.35298,-11.4211,0.521078,-0.0026382,-0.166344,0.242802,0.794
0.795,0.219661,0,0.139221,0,0.0129102,0,-5.35293,-11.4213,0.521309,-0.00232903,-0.162933,0.23881,0.795
0.796,0.219661,0,0.139221,0,0.0129102,0,-5.35289,-11.4215,0.521536,-0.00203086,-0.159593,0.234883,0.796
0.797,0.219661,0,0.139221,0,0.0129102,0,-5.35285,-11.4217,0.521759,-0.00174337,-0.156322,0.23102,0.797
0.798,0.219661,0,0.139221,0,0.0129102,0,-5.35281,-11.4218,0.521979,-0.00146628,-0.153117,0.227219,0.798
0.799,0.219661,0,0.139221,0,0.0129102,0,-5.35276,-11.422,0.522195,-0.00119927,-0.149978,0.22348,0.799
0,0.219661,0,0.139221,0,0.0129102,0,-5.35272,-11.4222,0.522408,-0.000942053,-0.146904,0.219802,0.8
