BST,AMR,ALR,AIR,ASR,ASO,AIO,RX,RY,RZ,RXu,RYu,RZu,SST
0,0,0,0,0,0,0,0,0,0,0,0,0,0
0,0,0,0,0,0,0,0,0,0,0,0,0,0
0,0,0,0,0,0,0,0,0,0,0,0,0,0
0.001,0,0,0,0,0,0,0,0,0,0,0,0,0.001
0.002,0,0,0,0,0,0,0,0,0,0,0,0,0.002
0.003,0,0,0,0,0,0,0,0,0,0,0,0,0.003
0.004,0,0,0,0,0,0,0,0,0,0,0,0,0.004
0.005,0,0,0,0,0,0,0,0,0,0,0,0,0.005
0.006,0,0,0,0,0,0,0,0,0,0,0,0,0.006
0.007,0,0,0,0,0,0,0,0,0,0,0,0,0.007
0.008,0,0,0,0,0,0,0,0,0,0,0,0,0.008
0.009,0,0,0,0,0,0,0,0,0,0,0,0,0.009
0.01,0,0,0,0,0,0,0,0,0,0,0,0,0.01
0.011,0,0,0,0,0,0,0,0,0,0,0,0,0.011
0.012,0,0,0,0,0,0,0,0,0,0,0,0,0.012
0.013,0,0,0,0,0,0,0,0,0,0,0,0,0.013
0.014,0,0,0,0,0,0,0,0,0,0,0,0,0.014
0.015,0,0,0,0,0,0,0,0,0,0,0,0,0.015
0.016,0,0,0,0,0,0,0,0,0,0,0,0,0.016
0.017,0,0,0,0,0,0,0,0,0,0,0,0,0.017
0.018,0,0,0,0,0,0,0,0,0,0,0,0,0.018
0.019,0,0,0,0,0,0,0,0,0,0,0,0,0.019
0.02,0,0,0,0,0,0,0,0,0,0,0,0,0.02
0.021,0,0,0,0,0,0,0,0,0,0,0,0,0.021
0.022,0,0,0,0,0,0,0,0,0,0,0,0,0.022
0.023,0,0,0,0,0,0,0,0,0,0,0,0,0.023
0.024,0,0,0,0,0,0,0,0,0,0,0,0,0.024
0.025,0,0,0,0,0,0,0,0,0,0,0,0,0.025
0.026,0,0,0,0,0,0,0,0,0,0,0,0,0.026
0.027,0,0,0,0,0,0,0,0,0,0,0,0,0.027
0.028,0,0,0,0,0,0,0,0,0,0,0,0,0.028
0.029,0,0,0,0,0,0,0,0,0,0,0,0,0.029
0.03,0,0,0,0,0,0,0,0,0,0,0,0,0.03
0.031,0,0,0,0,0,0,0,0,0,0,0,0,0.031
0.032,0,0,0,0,0,0,0,0,0,0,0,0,0.032
0.033,0,0,0,0,0,0,0,0,0,0,0,0,0.033
0.034,0,0,0,0,0,0,0,0,0,0,0,0,0.034
0.035,0,0,0,0,0,0,0,0,0,0,0,0,0.035
0.036,0,0,0,0,0,0,0,0,0,0,0,0,0.036
0.037,0,0,0,0,0,0,0,0,0,0,0,0,0.037
0.038,0,0,0,0,0,0,0,0,0,0,0,0,0.038
0.039,0,0,0,0,0,0,0,0,0,0,0,0,0.039
0.04,0,0,0,0,0,0,0,0,0,0,0,0,0.04
0.041,0,0,0,0,0,0,0,0,0,0,0,0,0.041
0.042,0,0,0,0,0,0,0,0,0,0,0,0,0.042
0.043,0,0,0,0,0,0,0,0,0,0,0,0,0.043
0.044,0,0,0,0,0,0,0,0,0,0,0,0,0.044
0.045,0,0,0,0,0,0,0,0,0,0,0,0,0.045
0.046,0,0,0,0,0,0,0,0,0,0,0,0,0.046
0.047,0,0,0,0,0,0,0,0,0,0,0,0,0.047
0.048,0,0,0,0,0,0,0,0,0,0,0,0,0.048
0.049,0,0,0,0,0,0,0,0,0,0,0,0,0.049
0.05,0,0,0,0,0,0,0,0,0,0,0,0,0.05
0.051,0,0,0,0,0,0,0,0,0,0,0,0,0.051
0.052,0,0,0,0,0,0,0,0,0,0,0,0,0.052
0.053,0,0,0,0,0,0,0,0,0,0,0,0,0.053
0.054,0,0,0,0,0,0,0,0,0,0,0,0,0.054
0.055,0,0,0,0,0,0,0,0,0,0,0,0,0.055
0.056,0,0,0,0,0,0,0,0,0,0,0,0,0.056
0.057,0,0,0,0,0,0,0,0,0,0,0,0,0.057
0.058,0,0,0,0,0,0,0,0,0,0,0,0,0.058
0.059,0,0,0,0,0,0,0,0,0,0,0,0,0.059
0.06,0,0,0,0,0,0,0,0,0,0,0,0,0.06
0.061,0,0,0,0,0,0,0,0,0,0,0,0,0.061
0.062,0,0,0,0,0,0,0,0,0,0,0,0,0.062
0.063,0,0,0,0,0,0,0,0,0,0,0,0,0.063
0.064,0,0,0,0,0,0,0,0,0,0,0,0,0.064
0.065,0,0,0,0,0,0,0,0,0,0,0,0,0.065
0.066,0,0,0,0,0,0,0,0,0,0,0,0,0.066
0.067,0,0,0,0,0,0,0,0,0,0,0,0,0.067
0.068,0,0,0,0,0,0,0,0,0,0,0,0,0.068
0.069,0,0,0,0,0,0,0,0,0,0,0,0,0.069
0.07,0,0,0,0,0,0,0,0,0,0,0,0,0.07
0.071,0,0,0,0,0,0,0,0,0,0,0,0,0.071
0.072,0,0,0,0,0,0,0,0,0,0,0,0,0.072
0.073,0,0,0,0,0,0,0,0,0,0,0,0,0.073
0.074,0,0,0,0,0,0,0,0,0,0,0,0,0.074
0.075,0,0,0,0,0,0,0,0,0,0,0,0,0.075
0.076,0,0,0,0,0,0,0,0,0,0,0,0,0.076
0.077,0,0,0,0,0,0,0,0,0,0,0,0,0.077
0.078,0,0,0,0,0,0,0,0,0,0,0,0,0.078
0.079,0,0,0,0,0,0,0,0,0,0,0,0,0.079
0.08,0,0,0,0,0,0,0,0,0,0,0,0,0.08
0.081,0,0,0,0,0,0,0,0,0,0,0,0,0.081
0.082,0,0,0,0,0,0,0,0,0,0,0,0,0.082
0.083,0,0,0,0,0,0,0,0,0,0,0,0,0.083
0.084,0,0,0,0,0,0,0,0,0,0,0,0,0.084
0.085,0,0,0,0,0,0,0,0,0,0,0,0,0.085
0.086,0,0,0,0,0,0,0,0,0,0,0,0,0.086
0.087,0,0,0,0,0,0,0,0,0,0,0,0,0.087
0.088,0,0,0,0,0,0,0,0,0,0,0,0,0.088
0.089,0,0,0,0,0,0,0,0,0,0,0,0,0.089
0.09,0,0,0,0,0,0,0,0,0,0,0,0,0.09
0.091,0,0,0,0,0,0,0,0,0,0,0,0,0.091
0.092,0,0,0,0,0,0,0,0,0,0,0,0,0.092
0.093,0,0,0,0,0,0,0,0,0,0,0,0,0.093
0.094,0,0,0,0,0,0,0,0,0,0,0,0,0.094
0.095,0,0,0,0,0,0,0,0,0,0,0,0,0.095
0.096,0,0,0,0,0,0,0,0,0,0,0,0,0.096
0.097,0,0,0,0,0,0,0,0,0,0,0,0,0.097
0.098,0,0,0,0,0,0,0,0,0,0,0,0,0.098
0.099,0,0,0,0,0,0,0,0,0,0,0,0,0.099
0.1,0,0,0,0,0,0,0,0,0,0,0,0,0.1
0.101,0,0,0,0,0,0,0,0,0,0,0,0,0.101
0.102,0,0,0,0,0,0,0,0,0,0,0,0,0.102
0.103,0,0,0,0,0,0,0,0,0,0,0,0,0.103
0.104,0,0,0,0,0,0,0,0,0,0,0,0,0.104
0.105,0,0,0,0,0,0,0,0,0,0,0,0,0.105
0.106,0,0,0,0,0,0,0,0,0,0,0,0,0.106
0.107,0,0,0,0,0,0,0,0,0,0,0,0,0.107
0.108,0,0,0,0,0,0,0,0,0,0,0,0,0.108
0.109,0,0,0,0,0,0,0,0,0,0,0,0,0.109
0.11,0,0,0,0,0,0,0,0,0,0,0,0,0.11
0.111,0,0,0,0,0,0,0,0,0,0,0,0,0.111
0.112,0,0,0,0,0,0,0,0,0,0,0,0,0.112
0.113,0,0,0,0,0,0,0,0,0,0,0,0,0.113
0.114,0,0,0,0,0,0,0,0,0,0,0,0,0.114
0.115,0,0,0,0,0,0,0,0,0,0,0,0,0.115
0.116,0,0,0,0,0,0,0,0,0,0,0,0,0.116
0.117,0,0,0,0,0,0,0,0,0,0,0,0,0.117
0.118,0,0,0,0,0,0,0,0,0,0,0,0,0.118
0.119,0,0,0,0,0,0,0,0,0,0,0,0,0.119
0.12,0,0,0,0,0,0,0,0,0,0,0,0,0.12
0.121,0,0,0,0,0,0,0,0,0,0,0,0,0.121
0.122,0,0,0,0,0,0,0,0,0,0,0,0,0.122
0.123,0,0,0,0,0,0,0,0,0,0,0,0,0.123
0.124,0,0,0,0,0,0,0,0,0,0,0,0,0.124
0.125,0,0,0,0,0,0,0,0,0,0,0,0,0.125
0.126,0,0,0,0,0,0,0,0,0,0,0,0,0.126
0.127,0,0,0,0,0,0,0,0,0,0,0,0,0.127
0.128,0,0,0,0,0,0,0,0,0,0,0,0,0.128
0.129,0,0,0,0,0,0,0,0,0,0,0,0,0.129
0.13,0,0,0,0,0,0,0,0,0,0,0,0,0.13
0.131,0,0,0,0,0,0,0,0,0,0,0,0,0.131
0.132,0,0,0,0,0,0,0,0,0,0,0,0,0.132
0.133,0,0,0,0,0,0,0,0,0,0,0,0,0.133
0.134,0,0,0,0,0,0,0,0,0,0,0,0,0.134
0.135,0,0,0,0,0,0,0,0,0,0,0,0,0.135
0.136,0,0,0,0,0,0,0,0,0,0,0,0,0.136
0.137,0,0,0,0,0,0,0,0,0,0,0,0,0.137
0.138,0,0,0,0,0,0,0,0,0,0,0,0,0.138
0.139,0,0,0,0,0,0,0,0,0,0,0,0,0.139
0.14,0,0,0,0,0,0,0,0,0,0,0,0,0.14
0.141,0,0,0,0,0,0,0,0,0,0,0,0,0.141
0.142,0,0,0,0,0,0,0,0,0,0,0,0,0.142
0.143,0,0,0,0,0,0,0,0,0,0,0,0,0.143
0.144,0,0,0,0,0,0,0,0,0,0,0,0,0.144
0.145,0,0,0,0,0,0,0,0,0,0,0,0,0.145
0.146,0,0,0,0,0,0,0,0,0,0,0,0,0.146
0.147,0,0,0,0,0,0,0,0,0,0,0,0,0.147
0.148,0,0,0,0,0,0,0,0,0,0,0,0,0.148
0.149,0,0,0,0,0,0,0,0,0,0,0,0,0.149
0.15,0,0,0,0,0,0,0,0,0,0,0,0,0.15
0.151,0,0,0,0,0,0,0,0,0,0,0,0,0.151
0.152,0,0,0,0,0,0,0,0,0,0,0,0,0.152
0.153,0,0,0,0,0,0,0,0,0,0,0,0,0.153
0.154,0,0,0,0,0,0,0,0,0,0,0,0,0.154
0.155,0,0,0,0,0,0,0,0,0,0,0,0,0.155
0.156,0,0,0,0,0,0,0,0,0,0,0,0,0.156
0.157,0,0,0,0,0,0,0,0,0,0,0,0,0.157
0.158,0,0,0,0,0,0,0,0,0,0,0,0,0.158
0.159,0,0,0,0,0,0,0,0,0,0,0,0,0.159
0.16,0,0,0,0,0,0,0,0,0,0,0,0,0.16
0.161,0,0,0,0,0,0,0,0,0,0,0,0,0.161
0.162,0,0,0,0,0,0,0,0,0,0,0,0,0.162
0.163,0,0,0,0,0,0,0,0,0,0,0,0,0.163
0.164,0,0,0,0,0,0,0,0,0,0,0,0,0.164
0.165,0,0,0,0,0,0,0,0,0,0,0,0,0.165
0.166,0,0,0,0,0,0,0,0,0,0,0,0,0.166
0.167,0,0,0,0,0,0,0,0,0,0,0,0,0.167
0.168,0,0,0,0,0,0,0,0,0,0,0,0,0.168
0.169,0,0,0,0,0,0,0,0,0,0,0,0,0.169
0.17,0,0,0,0,0,0,0,0,0,0,0,0,0.17
0.171,0,0,0,0,0,0,0,0,0,0,0,0,0.171
0.172,0,0,0,0,0,0,0,0,0,0,0,0,0.172
0.173,0,0,0,0,0,0,0,0,0,0,0,0,0.173
0.174,0,0,0,0,0,0,0,0,0,0,0,0,0.174
0.175,0,0,0,0,0,0,0,0,0,0,0,0,0.175
0.176,0,0,0,0,0,0,0,0,0,0,0,0,0.176
0.177,0,0,0,0,0,0,0,0,0,0,0,0,0.177
0.178,0,0,0,0,0,0,0,0,0,0,0,0,0.178
0.179,0,0,0,0,0,0,0,0,0,0,0,0,0.179
0.18,0,0,0,0,0,0,0,0,0,0,0,0,0.18
0.181,0,0,0,0,0,0,0,0,0,0,0,0,0.181
0.182,0,0,0,0,0,0,0,0,0,0,0,0,0.182
0.183,0,0,0,0,0,0,0,0,0,0,0,0,0.183
0.184,0,0,0,0,0,0,0,0,0,0,0,0,0.184
0.185,0,0,0,0,0,0,0,0,0,0,0,0,0.185
0.186,0,0,0,0,0,0,0,0,0,0,0,0,0.186
0.187,0,0,0,0,0,0,0,0,0,0,0,0,0.187
0.188,0,0,0,0,0,0,0,0,0,0,0,0,0.188
0.189,0,0,0,0,0,0,0,0,0,0,0,0,0.189
0.19,0,0,0,0,0,0,0,0,0,0,0,0,0.19
0.191,0,0,0,0,0,0,0,0,0,0,0,0,0.191
0.192,0,0,0,0,0,0,0,0,0,0,0,0,0.192
0.193,0,0,0,0,0,0,0,0,0,0,0,0,0.193
0.194,0,0,0,0,0,0,0,0,0,0,0,0,0.194
0.195,0,0,0,0,0,0,0,0,0,0,0,0,0.195
0.196,0,0,0,0,0,0,0,0,0,0,0,0,0.196
0.197,0,0,0,0,0,0,0,0,0,0,0,0,0.197
0.198,0,0,0,0,0,0,0,0,0,0,0,0,0.198
0.199,0,0,0,0,0,0,0,0,0,0,0,0,0.199
0.2,0,0,0,0,0,0,0,0,0,0,0,0,0.2
0.201,0,0,0,0,0,0,0,0,0,0,0,0,0.201
0.202,0,0,0,0,0,0,0,0,0,0,0,0,0.202
0.203,0,0,0,0,0,0,0,0,0,0,0,0,0.203
0.204,0,0,0,0,0,0,0,0,0,0,0,0,0.204
0.205,0,0,0,0,0,0,0,0,0,0,0,0,0.205
0.206,0,0,0,0,0,0,0,0,0,0,0,0,0.206
0.207,0,0,0,0,0,0,0,0,0,0,0,0,0.207
0.208,0,0,0,0,0,0,0,0,0,0,0,0,0.208
0.209,0,0,0,0,0,0,0,0,0,0,0,0,0.209
0.21,0,0,0,0,0,0,0,0,0,0,0,0,0.21
0.211,0,0,0,0,0,0,0,0,0,0,0,0,0.211
0.212,0,0,0,0,0,0,0,0,0,0,0,0,0.212
0.213,0,0,0,0,0,0,0,0,0,0,0,0,0.213
0.214,0,0,0,0,0,0,0,0,0,0,0,0,0.214
0.215,0,0,0,0,0,0,0,0,0,0,0,0,0.215
0.216,0,0,0,0,0,0,0,0,0,0,0,0,0.216
0.217,0,0,0,0,0,0,0,0,0,0,0,0,0.217
0.218,0,0,0,0,0,0,0,0,0,0,0,0,0.218
0.219,0,0,0,0,0,0,0,0,0,0,0,0,0.219
0.22,0,0,0,0,0,0,0,0,0,0,0,0,0.22
0.221,0,0,0,0,0,0,0,0,0,0,0,0,0.221
0.222,0,0,0,0,0,0,0,0,0,0,0,0,0.222
0.223,0,0,0,0,0,0,0,0,0,0,0,0,0.223
0.224,0,0,0,0,0,0,0,0,0,0,0,0,0.224
0.225,0,0,0,0,0,0,0,0,0,0,0,0,0.225
0.226,0,0,0,0,0,0,0,0,0,0,0,0,0.226
0.227,0,0,0,0,0,0,0,0,0,0,0,0,0.227
0.228,0,0,0,0,0,0,0,0,0,0,0,0,0.228
0.229,0,0,0,0,0,0,0,0,0,0,0,0,0.229
0.23,0,0,0,0,0,0,0,0,0,0,0,0,0.23
0.231,0,0,0,0,0,0,0,0,0,0,0,0,0.231
0.232,0,0,0,0,0,0,0,0,0,0,0,0,0.232
0.233,0,0,0,0,0,0,0,0,0,0,0,0,0.233
0.234,0,0,0,0,0,0,0,0,0,0,0,0,0.234
0.235,0,0,0,0,0,0,0,0,0,0,0,0,0.235
0.236,0,0,0,0,0,0,0,0,0,0,0,0,0.236
0.237,0,0,0,0,0,0,0,0,0,0,0,0,0.237
0.238,0,0,0,0,0,0,0,0,0,0,0,0,0.238
0.239,0,0,0,0,0,0,0,0,0,0,0,0,0.239
0.24,0,0,0,0,0,0,0,0,0,0,0,0,0.24
0.241,0,0,0,0,0,0,0,0,0,0,0,0,0.241
0.242,0,0,0,0,0,0,0,0,0,0,0,0,0.242
0.243,0,0,0,0,0,0,0,0,0,0,0,0,0.243
0.244,0,0,0,0,0,0,0,0,0,0,0,0,0.244
0.245,0,0,0,0,0,0,0,0,0,0,0,0,0.245
0.246,0,0,0,0,0,0,0,0,0,0,0,0,0.246
0.247,0,0,0,0,0,0,0,0,0,0,0,0,0.247
0.248,0,0,0,0,0,0,0,0,0,0,0,0,0.248
0.249,0,0,0,0,0,0,0,0,0,0,0,0,0.249
0.25,0,0,0,0,0,0,0,0,0,0,0,0,0.25
0.251,0,0,0,0,0,0,0,0,0,0,0,0,0.251
0.252,0,0,0,0,0,0,0,0,0,0,0,0,0.252
0.253,0,0,0,0,0,0,0,0,0,0,0,0,0.253
0.254,0,0,0,0,0,0,0,0,0,0,0,0,0.254
0.255,0,0,0,0,0,0,0,0,0,0,0,0,0.255
0.256,0,0,0,0,0,0,0,0,0,0,0,0,0.256
0.257,0,0,0,0,0,0,0,0,0,0,0,0,0.257
0.258,0,0,0,0,0,0,0,0,0,0,0,0,0.258
0.259,0,0,0,0,0,0,0,0,0,0,0,0,0.259
0.26,0,0,0,0,0,0,0,0,0,0,0,0,0.26
0.261,0,0,0,0,0,0,0,0,0,0,0,0,0.261
0.262,0,0,0,0,0,0,0,0,0,0,0,0,0.262
0.263,0,0,0,0,0,0,0,0,0,0,0,0,0.263
0.264,0,0,0,0,0,0,0,0,0,0,0,0,0.264
0.265,0,0,0,0,0,0,0,0,0,0,0,0,0.265
0.266,0,0,0,0,0,0,0,0,0,0,0,0,0.266
0.267,0,0,0,0,0,0,0,0,0,0,0,0,0.267
0.268,0,0,0,0,0,0,0,0,0,0,0,0,0.268
0.269,0,0,0,0,0,0,0,0,0,0,0,0,0.269
0.27,0,0,0,0,0,0,0,0,0,0,0,0,0.27
0.271,0,0,0,0,0,0,0,0,0,0,0,0,0.271
0.272,0,0,0,0,0,0,0,0,0,0,0,0,0.272
0.273,0,0,0,0,0,0,0,0,0,0,0,0,0.273
0.274,0,0,0,0,0,0,0,0,0,0,0,0,0.274
0.275,0,0,0,0,0,0,0,0,0,0,0,0,0.275
0.276,0,0,0,0,0,0,0,0,0,0,0,0,0.276
0.277,0,0,0,0,0,0,0,0,0,0,0,0,0.277
0.278,0,0,0,0,0,0,0,0,0,0,0,0,0.278
0.279,0,0,0,0,0,0,0,0,0,0,0,0,0.279
0.28,0,0,0,0,0,0,0,0,0,0,0,0,0.28
0.281,0,0,0,0,0,0,0,0,0,0,0,0,0.281
0.282,0,0,0,0,0,0,0,0,0,0,0,0,0.282
0.283,0,0,0,0,0,0,0,0,0,0,0,0,0.283
0.284,0,0,0,0,0,0,0,0,0,0,0,0,0.284
0.285,0,0,0,0,0,0,0,0,0,0,0,0,0.285
0.286,0,0,0,0,0,0,0,0,0,0,0,0,0.286
0.287,0,0,0,0,0,0,0,0,0,0,0,0,0.287
0.288,0,0,0,0,0,0,0,0,0,0,0,0,0.288
0.289,0,0,0,0,0,0,0,0,0,0,0,0,0.289
0.29,0,0,0,0,0,0,0,0,0,0,0,0,0.29
0.291,0,0,0,0,0,0,0,0,0,0,0,0,0.291
0.292,0,0,0,0,0,0,0,0,0,0,0,0,0.292
0.293,0,0,0,0,0,0,0,0,0,0,0,0,0.293
0.294,0,0,0,0,0,0,0,0,0,0,0,0,0.294
0.295,0,0,0,0,0,0,0,0,0,0,0,0,0.295
0.296,0,0,0,0,0,0,0,0,0,0,0,0,0.296
0.297,0,0,0,0,0,0,0,0,0,0,0,0,0.297
0.298,0,0,0,0,0,0,0,0,0,0,0,0,0.298
0.299,0,0,0,0,0,0,0,0,0,0,0,0,0.299
0.3,0,0,0,0,0,0,0,0,0,0,0,0,0.3
0.301,0,0,0,0,0,0,0,0,0,0,0,0,0.301
0.302,0,0,0,0,0,0,0,0,0,0,0,0,0.302
0.303,0,0,0,0,0,0,0,0,0,0,0,0,0.303
0.304,0,0,0,0,0,0,0,0,0,0,0,0,0.304
0.305,0,0,0,0,0,0,0,0,0,0,0,0,0.305
0.306,0,0,0,0,0,0,0,0,0,0,0,0,0.306
0.307,0,0,0,0,0,0,0,0,0,0,0,0,0.307
0.308,0,0,0,0,0,0,0,0,0,0,0,0,0.308
0.309,0,0,0,0,0,0,0,0,0,0,0,0,0.309
0.31,0,0,0,0,0,0,0,0,0,0,0,0,0.31
0.311,0,0,0,0,0,0,0,0,0,0,0,0,0.311
0.312,0,0,0,0,0,0,0,0,0,0,0,0,0.312
0.313,0,0,0,0,0,0,0,0,0,0,0,0,0.313
0.314,0,0,0,0,0,0,0,0,0,0,0,0,0.314
0.315,0,0,0,0,0,0,0,0,0,0,0,0,0.315
0.316,0,0,0,0,0,0,0,0,0,0,0,0,0.316
0.317,0,0,0,0,0,0,0,0,0,0,0,0,0.317
0.318,0,0,0,0,0,0,0,0,0,0,0,0,0.318
0.319,0,0,0,0,0,0,0,0,0,0,0,0,0.319
0.32,0,0,0,0,0,0,0,0,0,0,0,0,0.32
0.321,0,0,0,0,0,0,0,0,0,0,0,0,0.321
0.322,0,0,0,0,0,0,0,0,0,0,0,0,0.322
0.323,0,0,0,0,0,0,0,0,0,0,0,0,0.323
0.324,0,0,0,0,0,0,0,0,0,0,0,0,0.324
0.325,0,0,0,0,0,0,0,0,0,0,0,0,0.325
0.326,0,0,0,0,0,0,0,0,0,0,0,0,0.326
0.327,0,0,0,0,0,0,0,0,0,0,0,0,0.327
0.328,0,0,0,0,0,0,0,0,0,0,0,0,0.328
0.329,0,0,0,0,0,0,0,0,0,0,0,0,0.329
0.33,0,0,0,0,0,0,0,0,0,0,0,0,0.33
0.331,0,0,0,0,0,0,0,0,0,0,0,0,0.331
0.332,0,0,0,0,0,0,0,0,0,0,0,0,0.332
0.333,0,0,0,0,0,0,0,0,0,0,0,0,0.333
0.334,0,0,0,0,0,0,0,0,0,0,0,0,0.334
0.335,0,0,0,0,0,0,0,0,0,0,0,0,0.335
0.336,0,0,0,0,0,0,0,0,0,0,0,0,0.336
0.337,0,0,0,0,0,0,0,0,0,0,0,0,0.337
0.338,0,0,0,0,0,0,0,0,0,0,0,0,0.338
0.339,0,0,0,0,0,0,0,0,0,0,0,0,0.339
0.34,0,0,0,0,0,0,0,0,0,0,0,0,0.34
0.341,0,0,0,0,0,0,0,0,0,0,0,0,0.341
0.342,0,0,0,0,0,0,0,0,0,0,0,0,0.342
0.343,0,0,0,0,0,0,0,0,0,0,0,0,0.343
0.344,0,0,0,0,0,0,0,0,0,0,0,0,0.344
0.345,0,0,0,0,0,0,0,0,0,0,0,0,0.345
0.346,0,0,0,0,0,0,0,0,0,0,0,0,0.346
0.347,0,0,0,0,0,0,0,0,0,0,0,0,0.347
0.348,0,0,0,0,0,0,0,0,0,0,0,0,0.348
0.349,0,0,0,0,0,0,0,0,0,0,0,0,0.349
0.35,0,0,0,0,0,0,0,0,0,0,0,0,0.35
0.351,0,0,0,0,0,0,0,0,0,0,0,0,0.351
0.352,0,0,0,0,0,0,0,0,0,0,0,0,0.352
0.353,0,0,0,0,0,0,0,0,0,0,0,0,0.353
0.354,0,0,0,0,0,0,0,0,0,0,0,0,0.354
0.355,0,0,0,0,0,0,0,0,0,0,0,0,0.355
0.356,0,0,0,0,0,0,0,0,0,0,0,0,0.356
0.357,0,0,0,0,0,0,0,0,0,0,0,0,0.357
0.358,0,0,0,0,0,0,0,0,0,0,0,0,0.358
0.359,0,0,0,0,0,0,0,0,0,0,0,0,0.359
0.36,0,0,0,0,0,0,0,0,0,0,0,0,0.36
0.361,0,0,0,0,0,0,0,0,0,0,0,0,0.361
0.362,0,0,0,0,0,0,0,0,0,0,0,0,0.362
0.363,0,0,0,0,0,0,0,0,0,0,0,0,0.363
0.364,0,0,0,0,0,0,0,0,0,0,0,0,0.364
0.365,0,0,0,0,0,0,0,0,0,0,0,0,0.365
0.366,0,0,0,0,0,0,0,0,0,0,0,0,0.366
0.367,0,0,0,0,0,0,0,0,0,0,0,0,0.367
0.368,0,0,0,0,0,0,0,0,0,0,0,0,0.368
0.369,0,0,0,0,0,0,0,0,0,0,0,0,0.369
0.37,0,0,0,0,0,0,0,0,0,0,0,0,0.37
0.371,0,0,0,0,0,0,0,0,0,0,0,0,0.371
0.372,0,0,0,0,0,0,0,0,0,0,0,0,0.372
0.373,0,0,0,0,0,0,0,0,0,0,0,0,0.373
0.374,0,0,0,0,0,0,0,0,0,0,0,0,0.374
0.375,0,0,0,0,0,0,0,0,0,0,0,0,0.375
0.376,0,0,0,0,0,0,0,0,0,0,0,0,0.376
0.377,0,0,0,0,0,0,0,0,0,0,0,0,0.377
0.378,0,0,0,0,0,0,0,0,0,0,0,0,0.378
0.379,0,0,0,0,0,0,0,0,0,0,0,0,0.379
0.38,0,0,0,0,0,0,0,0,0,0,0,0,0.38
0.381,0,0,0,0,0,0,0,0,0,0,0,0,0.381
0.382,0,0,0,0,0,0,0,0,0,0,0,0,0.382
0.383,0,0,0,0,0,0,0,0,0,0,0,0,0.383
0.384,0,0,0,0,0,0,0,0,0,0,0,0,0.384
0.385,0,0,0,0,0,0,0,0,0,0,0,0,0.385
0.386,0,0,0,0,0,0,0,0,0,0,0,0,0.386
0.387,0,0,0,0,0,0,0,0,0,0,0,0,0.387
0.388,0,0,0,0,0,0,0,0,0,0,0,0,0.388
0.389,0,0,0,0,0,0,0,0,0,0,0,0,0.389
0.39,0,0,0,0,0,0,0,0,0,0,0,0,0.39
0.391,0,0,0,0,0,0,0,0,0,0,0,0,0.391
0.392,0,0,0,0,0,0,0,0,0,0,0,0,0.392
0.393,0,0,0,0,0,0,0,0,0,0,0,0,0.393
0.394,0,0,0,0,0,0,0,0,0,0,0,0,0.394
0.395,0,0,0,0,0,0,0,0,0,0,0,0,0.395
0.396,0,0,0,0,0,0,0,0,0,0,0,0,0.396
0.397,0,0,0,0,0,0,0,0,0,0,0,0,0.397
0.398,0,0,0,0,0,0,0,0,0,0,0,0,0.398
0.399,0,0,0,0,0,0,0,0,0,0,0,0,0.399
0.4,0,0,0,0,0,0,0,0,0,0,0,0,0.4
0.401,0,0,0,0,0,0,0,0,0,0,0,0,0.401
0.402,0,0,0,0,0,0,0,0,0,0,0,0,0.402
0.403,0,0,0,0,0,0,0,0,0,0,0,0,0.403
0.404,0,0,0,0,0,0,0,0,0,0,0,0,0.404
0.405,0,0,0,0,0,0,0,0,0,0,0,0,0.405
0.406,0,0,0,0,0,0,0,0,0,0,0,0,0.406
0.407,0,0,0,0,0,0,0,0,0,0,0,0,0.407
0.408,0,0,0,0,0,0,0,0,0,0,0,0,0.408
0.409,0,0,0,0,0,0,0,0,0,0,0,0,0.409
0.41,0,0,0,0,0,0,0,0,0,0,0,0,0.41
0.411,0,0,0,0,0,0,0,0,0,0,0,0,0.411
0.412,0,0,0,0,0,0,0,0,0,0,0,0,0.412
0.413,0,0,0,0,0,0,0,0,0,0,0,0,0.413
0.414,0,0,0,0,0,0,0,0,0,0,0,0,0.414
0.415,0,0,0,0,0,0,0,0,0,0,0,0,0.415
0.416,0,0,0,0,0,0,0,0,0,0,0,0,0.416
0.417,0,0,0,0,0,0,0,0,0,0,0,0,0.417
0.418,0,0,0,0,0,0,0,0,0,0,0,0,0.418
0.419,0,0,0,0,0,0,0,0,0,0,0,0,0.419
0.42,0,0,0,0,0,0,0,0,0,0,0,0,0.42
0.421,0,0,0,0,0,0,0,0,0,0,0,0,0.421
0.422,0,0,0,0,0,0,0,0,0,0,0,0,0.422
0.423,0,0,0,0,0,0,0,0,0,0,0,0,0.423
0.424,0,0,0,0,0,0,0,0,0,0,0,0,0.424
0.425,0,0,0,0,0,0,0,0,0,0,0,0,0.425
0.426,0,0,0,0,0,0,0,0,0,0,0,0,0.426
0.427,0,0,0,0,0,0,0,0,0,0,0,0,0.427
0.428,0,0,0,0,0,0,0,0,0,0,0,0,0.428
0.429,0,0,0,0,0,0,0,0,0,0,0,0,0.429
0.43,0,0,0,0,0,0,0,0,0,0,0,0,0.43
0.431,0,0,0,0,0,0,0,0,0,0,0,0,0.431
0.432,0,0,0,0,0,0,0,0,0,0,0,0,0.432
0.433,0,0,0,0,0,0,0,0,0,0,0,0,0.433
0.434,0,0,0,0,0,0,0,0,0,0,0,0,0.434
0.435,0,0,0,0,0,0,0,0,0,0,0,0,0.435
0.436,0,0,0,0,0,0,0,0,0,0,0,0,0.436
0.437,0,0,0,0,0,0,0,0,0,0,0,0,0.437
0.438,0,0,0,0,0,0,0,0,0,0,0,0,0.438
0.439,0,0,0,0,0,0,0,0,0,0,0,0,0.439
0.44,0,0,0,0,0,0,0,0,0,0,0,0,0.44
0.441,0,0,0,0,0,0,0,0,0,0,0,0,0.441
0.442,0,0,0,0,0,0,0,0,0,0,0,0,0.442
0.443,0,0,0,0,0,0,0,0,0,0,0,0,0.443
0.444,0,0,0,0,0,0,0,0,0,0,0,0,0.444
0.445,0,0,0,0,0,0,0,0,0,0,0,0,0.445
0.446,0,0,0,0,0,0,0,0,0,0,0,0,0.446
0.447,0,0,0,0,0,0,0,0,0,0,0,0,0.447
0.448,0,0,0,0,0,0,0,0,0,0,0,0,0.448
0.449,0,0,0,0,0,0,0,0,0,0,0,0,0.449
0.45,0,0,0,0,0,0,0,0,0,0,0,0,0.45
0.451,0,0,0,0,0,0,0,0,0,0,0,0,0.451
0.452,0,0,0,0,0,0,0,0,0,0,0,0,0.452
0.453,0,0,0,0,0,0,0,0,0,0,0,0,0.453
0.454,0,0,0,0,0,0,0,0,0,0,0,0,0.454
0.455,0,0,0,0,0,0,0,0,0,0,0,0,0.455
0.456,0,0,0,0,0,0,0,0,0,0,0,0,0.456
0.457,0,0,0,0,0,0,0,0,0,0,0,0,0.457
0.458,0,0,0,0,0,0,0,0,0,0,0,0,0.458
0.459,0,0,0,0,0,0,0,0,0,0,0,0,0.459
0.46,0,0,0,0,0,0,0,0,0,0,0,0,0.46
0.461,0,0,0,0,0,0,0,0,0,0,0,0,0.461
0.462,0,0,0,0,0,0,0,0,0,0,0,0,0.462
0.463,0,0,0,0,0,0,0,0,0,0,0,0,0.463
0.464,0,0,0,0,0,0,0,0,0,0,0,0,0.464
0.465,0,0,0,0,0,0,0,0,0,0,0,0,0.465
0.466,0,0,0,0,0,0,0,0,0,0,0,0,0.466
0.467,0,0,0,0,0,0,0,0,0,0,0,0,0.467
0.468,0,0,0,0,0,0,0,0,0,0,0,0,0.468
0.469,0,0,0,0,0,0,0,0,0,0,0,0,0.469
0.47,0,0,0,0,0,0,0,0,0,0,0,0,0.47
0.471,0,0,0,0,0,0,0,0,0,0,0,0,0.471
0.472,0,0,0,0,0,0,0,0,0,0,0,0,0.472
0.473,0,0,0,0,0,0,0,0,0,0,0,0,0.473
0.474,0,0,0,0,0,0,0,0,0,0,0,0,0.474
0.475,0,0,0,0,0,0,0,0,0,0,0,0,0.475
0.476,0,0,0,0,0,0,0,0,0,0,0,0,0.476
0.477,0,0,0,0,0,0,0,0,0,0,0,0,0.477
0.478,0,0,0,0,0,0,0,0,0,0,0,0,0.478
0.479,0,0,0,0,0,0,0,0,0,0,0,0,0.479
0.48,0,0,0,0,0,0,0,0,0,0,0,0,0.48
0.481,0,0,0,0,0,0,0,0,0,0,0,0,0.481
0.482,0,0,0,0,0,0,0,0,0,0,0,0,0.482
0.483,0,0,0,0,0,0,0,0,0,0,0,0,0.483
0.484,0,0,0,0,0,0,0,0,0,0,0,0,0.484
0.485,0,0,0,0,0,0,0,0,0,0,0,0,0.485
0.486,0,0,0,0,0,0,0,0,0,0,0,0,0.486
0.487,0,0,0,0,0,0,0,0,0,0,0,0,0.487
0.488,0,0,0,0,0,0,0,0,0,0,0,0,0.488
0.489,0,0,0,0,0,0,0,0,0,0,0,0,0.489
0.49,0,0,0,0,0,0,0,0,0,0,0,0,0.49
0.491,0,0,0,0,0,0,0,0,0,0,0,0,0.491
0.492,0,0,0,0,0,0,0,0,0,0,0,0,0.492
0.493,0,0,0,0,0,0,0,0,0,0,0,0,0.493
0.494,0,0,0,0,0,0,0,0,0,0,0,0,0.494
0.495,0,0,0,0,0,0,0,0,0,0,0,0,0.495
0.496,0,0,0,0,0,0,0,0,0,0,0,0,0.496
0.497,0,0,0,0,0,0,0,0,0,0,0,0,0.497
0.498,0,0,0,0,0,0,0,0,0,0,0,0,0.498
0.499,0,0,0,0,0,0,0,0,0,0,0,0,0.499
0.5,0,0,0,0,0,0,0,0,0,0,0,0,0.5
0.501,0,0,0,0,0,0,0,0,0,0,0,0,0.501
0.502,0,0,0,0,0,0,0,0,0,0,0,0,0.502
0.503,0,0,0,0,0,0,0,0,0,0,0,0,0.503
0.504,0,0,0,0,0,0,0,0,0,0,0,0,0.504
0.505,0,0,0,0,0,0,0,0,0,0,0,0,0.505
0.506,0,0,0,0,0,0,0,0,0,0,0,0,0.506
0.507,0,0,0,0,0,0,0,0,0,0,0,0,0.507
0.508,0,0,0,0,0,0,0,0,0,0,0,0,0.508
0.509,0,0,0,0,0,0,0,0,0,0,0,0,0.509
0.51,0,0,0,0,0,0,0,0,0,0,0,0,0.51
0.511,0,0,0,0,0,0,0,0,0,0,0,0,0.511
0.512,0,0,0,0,0,0,0,0,0,0,0,0,0.512
0.513,0,0,0,0,0,0,0,0,0,0,0,0,0.513
0.514,0,0,0,0,0,0,0,0,0,0,0,0,0.514
0.515,0,0,0,0,0,0,0,0,0,0,0,0,0.515
0.516,0,0,0,0,0,0,0,0,0,0,0,0,0.516
0.517,0,0,0,0,0,0,0,0,0,0,0,0,0.517
0.518,0,0,0,0,0,0,0,0,0,0,0,0,0.518
0.519,0,0,0,0,0,0,0,0,0,0,0,0,0.519
0.52,0,0,0,0,0,0,0,0,0,0,0,0,0.52
0.521,0,0,0,0,0,0,0,0,0,0,0,0,0.521
0.522,0,0,0,0,0,0,0,0,0,0,0,0,0.522
0.523,0,0,0,0,0,0,0,0,0,0,0,0,0.523
0.524,0,0,0,0,0,0,0,0,0,0,0,0,0.524
0.525,0,0,0,0,0,0,0,0,0,0,0,0,0.525
0.526,0,0,0,0,0,0,0,0,0,0,0,0,0.526
0.527,0,0,0,0,0,0,0,0,0,0,0,0,0.527
0.528,0,0,0,0,0,0,0,0,0,0,0,0,0.528
0.529,0,0,0,0,0,0,0,0,0,0,0,0,0.529
0.53,0,0,0,0,0,0,0,0,0,0,0,0,0.53
0.531,0,0,0,0,0,0,0,0,0,0,0,0,0.531
0.532,0,0,0,0,0,0,0,0,0,0,0,0,0.532
0.533,0,0,0,0,0,0,0,0,0,0,0,0,0.533
0.534,0,0,0,0,0,0,0,0,0,0,0,0,0.534
0.535,0,0,0,0,0,0,0,0,0,0,0,0,0.535
0.536,0,0,0,0,0,0,0,0,0,0,0,0,0.536
0.537,0,0,0,0,0,0,0,0,0,0,0,0,0.537
0.538,0,0,0,0,0,0,0,0,0,0,0,0,0.538
0.539,0,0,0,0,0,0,0,0,0,0,0,0,0.539
0.54,0,0,0,0,0,0,0,0,0,0,0,0,0.54
0.541,0.0179805,0,0,0,0,0,0,0,0,0,0,0,0.541
0.542,0.0631179,0,0,0,0,0,0,0,0,0,-8.81988,0,0.542
0.543,0.113027,0,0,0,0,0,0,-0.00881988,0,0,-35.5972,0,0.543
0.544,0.159935,0,0,0,0,0,0,-0.0444171,0,0,-74.085,0,0.544
0.545,0.201776,0,0,0,0,0,0,-0.118502,0,0,-117.037,0,0.545
0.546,0.238743,0,0.00312624,0,0,0,0,-0.23554,0,0,-159.527,0,0.546
0.547,0.271077,0,0.00953186,0,0,0,0,-0.395066,0,-1.17751,-198.907,0.196252,0.547
0.548,0.29813,0,0.0165352,0,0,0,-0.00117616,-0.593974,0.000196257,-4.20889,-233.889,0.701482,0.548
0.549,0.319119,0,0.0233578,0,0,0,-0.00537783,-0.827862,0.000892975,-8.42817,-263.579,1.40469,0.549
0.55,0.333355,0,0.030035,0,0,0,-0.0137861,-1.09144,0.00227307,-13.1735,-287.184,2.19561,0.55
0.551,0.340352,0,0.0369949,0,0,0,-0.026919,-1.37863,0.00439997,-18.0978,-304,3.0165,0.551
0.552,0.339763,0,0.0446839,0,0,0,-0.0449477,-1.68263,0.00727447,-23.1743,-313.467,3.86314,0.552
0.553,0.335468,0,0.0534082,0,0,0,-0.0680157,-1.9961,0.0108933,-28.556,-315.181,4.76138,0.553
0.554,0.329439,0,0.0633502,0,0,0,-0.0964188,-2.31128,0.0152832,-34.4376,-310.882,5.74404,0.554
0.555,0.322683,0,0.0744751,0,0,0,-0.130646,-2.62218,0.0205083,-40.9875,-302.507,6.83955,0.555
0.556,0.315713,0,0.0866035,0,4.64847e-05,0,-0.171352,-2.9247,0.0266645,-48.2762,-291.614,8.06,0.556
0.557,0.308792,0,0.0994553,0,0.000376531,0,-0.219261,-3.21633,0.0338617,-56.2636,-279.315,9.38891,0.557
0.558,0.302051,0,0.112667,0,0.000932269,0,-0.275057,-3.49568,0.0421948,-64.7984,-266.345,10.7447,0.558
0.559,0.295552,0,0.1258,0,0.00168936,0,-0.339277,-3.76208,0.0516784,-73.662,-253.181,12.074,0.559
0.56,0.289325,0,0.13847,0,0.00263704,0,-0.412243,-4.01533,0.0622758,-82.5716,-240.134,13.3268,0.56
0.561,0.283376,0,0.150324,0,0.00375351,0,-0.494001,-4.25555,0.073903,-91.2325,-227.398,14.4554,0.561
0.562,0.277706,0,0.160846,0,0.00501666,0,-0.584304,-4.48306,0.0864318,-99.3587,-215.097,15.4185,0.562
0.563,0.272308,0,0.169522,0,0.00639596,0,-0.682625,-4.69831,0.0996965,-106.612,-203.321,16.1684,0.563
0.564,0.267172,0,0.175885,0,0.0078301,0,-0.788107,-4.90181,0.113488,-112.628,-192.138,16.6566,0.564
0.565,0.262289,0,0.179302,0,0.00924071,0,-0.899534,-5.09416,0.127551,-117.056,-181.603,16.8444,0.565
0.566,0.257647,0,0.179094,0,0.0105505,0,-1.01534,-5.276,0.141598,-119.494,-171.77,16.6924,0.566
0.567,0.253235,0,0.174826,0,0.0116881,0,-1.13358,-5.44804,0.155302,-119.497,-162.699,16.1585,0.567
0.568,0.249042,0,0.168804,0,0.0125872,0,-1.25184,-5.61103,0.168298,-116.697,-154.439,15.2128,0.568
0.569,0.245058,0,0.162131,0,0.013186,0,-1.36737,-5.76576,0.18019,-111.792,-146.895,14.0024,0.569
0.57,0.241273,0,0.155362,0,0.0134302,0,-1.47811,-5.91295,0.190736,-105.594,-139.953,12.6917,0.57
0.571,0.237677,0,0.148771,0,0.0133751,0,-1.58276,-6.05318,0.199862,-98.762,-133.514,11.416,0.571
0.572,0.23426,0,0.142491,0,0.013182,0,-1.6807,-6.18696,0.207629,-91.7501,-127.499,10.2519,0.572
0.573,0.231014,0,0.136591,0,0.012928,0,-1.77175,-6.3147,0.214175,-84.8404,-121.847,9.21061,0.573
0.574,0.227931,0,0.131093,0,0.0126515,0,-1.85599,-6.43678,0.219648,-78.201,-116.511,8.28341,0.574
0.575,0.225001,0,0.126014,0,0.0123711,0,-1.93368,-6.5535,0.224182,-71.9233,-111.454,7.45706,0.575
0.576,0.222218,0,0.121354,0,0.012096,0,-2.00518,-6.66514,0.227898,-66.0564,-106.65,6.72003,0.576
0.577,0.219574,0,0.11711,0,0.0118302,0,-2.07089,-6.77196,0.230903,-60.6222,-102.077,6.06322,0.577
0.578,0.217062,0,0.113269,0,0.0115755,0,-2.13123,-6.87419,0.23329,-55.6251,-97.7159,5.47949,0.578
0.579,0.214676,0,0.109831,0,0.0113324,0,-2.18663,-6.97204,0.235145,-51.0588,-93.552,4.9631,0.579
0.58,0.212409,0,0.106791,0,0.0111009,0,-2.23752,-7.06571,0.236545,-46.915,-89.5714,4.51,0.58
0.581,0.210255,0,0.104131,0,0.0108806,0,-2.28431,-7.15539,0.237563,-43.1829,-85.7617,4.11696,0.581
0.582,0.208209,0,0.101829,0,0.0106713,0,-2.32741,-7.24125,0.238263,-39.846,-82.1121,3.78049,0.582
0.583,0.206265,0,0.0998703,0,0.0104724,0,-2.36719,-7.32345,0.23871,-36.8837,-78.6134,3.49691,0.583
0.584,0.204419,0,0.0982344,0,0.0102833,0,-2.40405,-7.40214,0.238959,-34.2756,-75.2568,3.26283,0.584
0.585,0.202665,0,0.0968945,0,0.0101038,0,-2.43831,-7.47747,0.239063,-31.9999,-72.0349,3.07471,0.585
0.586,0.200998,0,0.0957592,0,0.00993313,0,-2.47031,-7.54957,0.23907,-30.0316,-68.9412,2.92865,0.586
0.587,0.199415,0,0.0947487,0,0.00977103,0,-2.50035,-7.61857,0.239024,-28.3205,-65.9737,2.81653,0.587
0.588,0.197911,0,0.0938229,0,0.00961704,0,-2.52867,-7.6846,0.238959,-26.8078,-63.1326,2.72884,0.588
0.589,0.196482,0,0.0929603,0,0.00947074,0,-2.55549,-7.7478,0.2389,-25.4452,-60.4169,2.65784,0.589
0.59,0.195125,0,0.0921494,0,0.00933176,0,-2.58094,-7.80827,0.238861,-24.1975,-57.8244,2.59799,0.59
0.591,0.193835,0,0.0913833,0,0.00919973,0,-2.60514,-7.86615,0.238852,-23.0405,-55.3514,2.54558,0.591
0.592,0.19261,0,0.0906576,0,0.00907429,0,-2.62818,-7.92156,0.238879,-21.9581,-52.9936,2.49823,0.592
0.593,0.191447,0,0.0899693,0,0.00895513,0,-2.65013,-7.97462,0.238946,-20.9393,-50.7462,2.45442,0.593
0.594,0.190341,0,0.0893159,0,0.00884193,0,-2.67105,-8.02542,0.239052,-19.9764,-48.6044,2.4132,0.594
0.595,0.189291,0,0.0886955,0,0.00873439,0,-2.69101,-8.07409,0.239199,-19.064,-46.563,2.37397,0.595
0.596,0.188293,0,0.0881062,0,0.00863222,0,-2.71004,-8.12071,0.239386,-18.1981,-44.6175,2.33633,0.596
0.597,0.187345,0,0.0875464,0,0.00853517,0,-2.72821,-8.16539,0.239613,-17.3755,-42.7629,2.30004,0.597
0.598,0.186445,0,0.0870147,0,0.00844296,0,-2.74555,-8.20821,0.239877,-16.5933,-40.995,2.26491,0.598
0.599,0.185589,0,0.0865096,0,0.00835537,0,-2.7621,-8.24927,0.240179,-15.8494,-39.3094,2.23082,0.599
0.6,0.184777,0,0.0860297,0,0.00827216,0,-2.7779,-8.28864,0.240517,-15.1416,-37.702,2.19766,0.6
0.601,0.184004,0,0.0855738,0,0.0081931,0,-2.79299,-8.3264,0.240888,-14.4679,-36.169,2.16537,0.601
0.602,0.183271,0,0.0851408,0,0.008118,0,-2.8074,-8.36263,0.241293,-13.8267,-34.7067,2.13387,0.602
0.603,0.182574,0,0.0847294,0,0.00804666,0,-2.82116,-8.3974,0.241729,-13.2161,-33.3115,2.10311,0.603
0.604,0.181912,0,0.0843385,0,0.00797888,0,-2.83431,-8.43078,0.242195,-12.6348,-31.9803,2.07304,0.604
0.605,0.181283,0,0.0839672,0,0.00791449,0,-2.84687,-8.46282,0.242689,-12.0812,-30.7098,2.04362,0.605
0.606,0.180686,0,0.0836145,0,0.00785332,0,-2.85887,-8.49359,0.243211,-11.5539,-29.4971,2.01481,0.606
0.607,0.180118,0,0.0832794,0,0.00779521,0,-2.87035,-8.52316,0.243758,-11.0516,-28.3394,1.98658,0.607
0.608,0.179579,0,0.082961,0,0.00774,0,-2.88131,-8.55156,0.244329,-10.5731,-27.2339,1.95889,0.608
0.609,0.179067,0,0.0826586,0,0.00768756,0,-2.8918,-8.57886,0.244923,-10.1172,-26.1781,1.93172,0.609
0.61,0.178581,0,0.0823713,0,0.00763773,0,-2.90182,-8.6051,0.245539,-9.68274,-25.1696,1.90505,0.61
0.611,0.178118,0,0.0820983,0,0.0075904,0,-2.91141,-8.63033,0.246174,-9.26867,-24.2062,1.87883,0.611
0.612,0.177679,0,0.081839,0,0.00754543,0,-2.92058,-8.6546,0.246829,-8.87399,-23.2855,1.85307,0.612
0.613,0.177262,0,0.0815927,0,0.00750272,0,-2.92936,-8.67795,0.247501,-8.49774,-22.4057,1.82773,0.613
0.614,0.176866,0,0.0813587,0,0.00683128,0,-2.93775,-8.70042,0.248189,-8.13901,-21.5646,1.8028,0.614
0.615,0.170636,0,0.0776804,0,0.00650884,0,-2.94578,-8.72205,0.248892,-7.85084,-20.7692,1.92151,0.615
0.616,0.167644,0,0.075914,0,0.00634762,0,-2.9535,-8.74289,0.249754,-6.41899,-17.5563,1.84407,0.616
0.617,0.166149,0,0.0750308,0,0.00626701,0,-2.95978,-8.76052,0.250702,-5.01626,-14.4354,1.73264,0.617
0.618,0.165401,0,0.0745893,0,0.00622671,0,-2.96464,-8.77503,0.251698,-3.93113,-12.0169,1.63408,0.618
0.619,0.165027,0,0.0743685,0,0.00620656,0,-2.96842,-8.78711,0.252721,-3.17022,-10.3075,1.55775,0.619
0.62,0.16484,0,0.0742581,0,0.00619648,0,-2.97143,-8.79749,0.253755,-2.66181,-9.14835,1.50091,0.62
0.621,0.164746,0,0.0742029,0,0.00619144,0,-2.97393,-8.8067,0.254792,-2.32913,-8.37143,1.45827,0.621
0.622,0.1647,0,0.0741753,0,0.00618892,0,-2.9761,-8.81513,0.255826,-2.11147,-7.84459,1.42513,0.622
0.623,0.164676,0,0.0741615,0,0.00618766,0,-2.97806,-8.82304,0.256854,-1.96632,-7.47549,1.39805,0.623
0.624,0.164665,0,0.0741546,0,0.00618703,0,-2.97987,-8.83058,0.257874,-1.86576,-7.20364,1.37474,0.624
0.625,0.164659,0,0.0741511,0,0.00618672,0,-2.98158,-8.83785,0.258884,-1.79223,-6.99101,1.35375,0.625
0.626,0.164656,0,0.0741494,0,0.00618656,0,-2.98322,-8.8449,0.259884,-1.73493,-6.81431,1.3342,0.626
0.627,0.164654,0,0.0741485,0,0.00618648,0,-2.9848,-8.85177,0.260874,-1.68742,-6.65955,1.31556,0.627
0.628,0.164654,0,0.0741481,0,0.00618644,0,-2.98634,-8.85849,0.261852,-1.64586,-6.51847,1.29754,0.628
0.629,0.164653,0,0.0741479,0,0.00618642,0,-2.98783,-8.86507,0.26282,-1.608,-6.38624,1.27994,0.629
0.63,0.164653,0,0.0741478,0,0.00618641,0,-2.98929,-8.87151,0.263777,-1.57255,-6.26001,1.26268,0.63
0.631,0.164653,0,0.0741477,0,0.00618641,0,-2.99072,-8.87783,0.264723,-1.53876,-6.13818,1.24568,0.631
0.632,0.164653,0,0.0741477,0,0.00618641,0,-2.99211,-8.88403,0.265658,-1.50617,-6.01979,1.22893,0.632
0.633,0.164653,0,0.0741477,0,0.0061864,0,-2.99348,-8.8901,0.266582,-1.47454,-5.90428,1.2124,0.633
0.634,0.164653,0,0.0741477,0,0.0061864,0,-2.99481,-8.89606,0.267495,-1.44373,-5.79132,1.19608,0.634
0.635,0.164653,0,0.0741477,0,0.0061864,0,-2.99612,-8.90191,0.268398,-1.41365,-5.6807,1.17996,0.635
0.636,0.164653,0,0.0741477,0,0.0061864,0,-2.99739,-8.90764,0.26929,-1.38423,-5.5723,1.16404,0.636
0.637,0.164653,0,0.0741477,0,0.0061864,0,-2.99864,-8.91327,0.270172,-1.35545,-5.46602,1.14831,0.637
0.638,0.164653,0,0.0741477,0,0.0061864,0,-2.99986,-8.91879,0.271043,-1.32727,-5.3618,1.13278,0.638
0.639,0.164653,0,0.0741477,0,0.0061864,0,-3.00105,-8.9242,0.271904,-1.29968,-5.25958,1.11743,0.639
0.64,0.164653,0,0.0741477,0,0.0061864,0,-3.00222,-8.92951,0.272755,-1.27266,-5.15932,1.10227,0.64
0.641,0.164653,0,0.0741477,0,0.0061864,0,-3.00336,-8.93472,0.273596,-1.2462,-5.06097,1.0873,0.641
0.642,0.164653,0,0.0741477,0,0.0061864,0,-3.00448,-8.93983,0.274426,-1.22029,-4.9645,1.07251,0.642
0.643,0.164653,0,0.0741477,0,0.0061864,0,-3.00557,-8.94484,0.275247,-1.19491,-4.86987,1.0579,0.643
0.644,0.164653,0,0.0741477,0,0.0061864,0,-3.00664,-8.94976,0.276058,-1.17005,-4.77704,1.04347,0.644
0.645,0.164653,0,0.0741477,0,0.0061864,0,-3.00769,-8.95459,0.276859,-1.1457,-4.68597,1.02922,0.645
0.646,0.164653,0,0.0741477,0,0.0061864,0,-3.00871,-8.95932,0.277651,-1.12185,-4.59664,1.01515,0.646
0.647,0.164653,0,0.0741477,0,0.0061864,0,-3.00971,-8.96397,0.278433,-1.0985,-4.50901,1.00125,0.647
0.648,0.164653,0,0.0741477,0,0.0061864,0,-3.01069,-8.96852,0.279206,-1.07563,-4.42306,0.987525,0.648
0.649,0.164653,0,0.0741477,0,0.0061864,0,-3.01164,-8.97299,0.279969,-1.05322,-4.33873,0.973969,0.649
0.65,0.164653,0,0.0741477,0,0.0061864,0,-3.01258,-8.97737,0.280723,-1.03128,-4.25602,0.960582,0.65
0.651,0.164653,0,0.0741477,0,0.0061864,0,-3.01349,-8.98167,0.281467,-1.00979,-4.17488,0.947363,0.651
0.652,0.164653,0,0.0741477,0,0.0061864,0,-3.01439,-8.98589,0.282203,-0.988742,-4.09528,0.934309,0.652
0.653,0.164653,0,0.0741477,0,0.0061864,0,-3.01526,-8.99003,0.28293,-0.968128,-4.0172,0.92142,0.653
0.654,0.164653,0,0.0741477,0,0.0061864,0,-3.01612,-8.99409,0.283647,-0.94794,-3.94061,0.908692,0.654
0.655,0.164653,0,0.0741477,0,0.0061864,0,-3.01696,-8.99808,0.284356,-0.928167,-3.86547,0.896126,0.655
0.656,0.164653,0,0.0741477,0,0.0061864,0,-3.01778,-9.00198,0.285056,-0.908802,-3.79177,0.883717,0.656
0.657,0.164653,0,0.0741477,0,0.0061864,0,-3.01858,-9.00582,0.285747,-0.889837,-3.71947,0.871467,0.657
0.658,0.164653,0,0.0741477,0,0.0061864,0,-3.01936,-9.00958,0.28643,-0.871262,-3.64855,0.859371,0.658
0.659,0.164653,0,0.0741477,0,0.0061864,0,-3.02013,-9.01326,0.287105,-0.853071,-3.57898,0.84743,0.659
0.66,0.164653,0,0.0741477,0,0.0061864,0,-3.02087,-9.01688,0.28777,-0.835256,-3.51074,0.83564,0.66
0.661,0.164653,0,0.0741477,0,0.0061864,0,-3.02161,-9.02043,0.288428,-0.817808,-3.44379,0.824001,0.661
0.662,0.164653,0,0.0741477,0,0.0061864,0,-3.02232,-9.02392,0.289077,-0.80072,-3.37813,0.812511,0.662
0.663,0.164653,0,0.0741477,0,0.0061864,0,-3.02302,-9.02733,0.289719,-0.783985,-3.31371,0.801169,0.663
0.664,0.164653,0,0.0741477,0,0.0061864,0,-3.02371,-9.03068,0.290352,-0.767596,-3.25052,0.789972,0.664
0.665,0.164653,0,0.0741477,0,0.0061864,0,-3.02438,-9.03397,0.290977,-0.751545,-3.18853,0.778919,0.665
0.666,0.164653,0,0.0741477,0,0.0061864,0,-3.02503,-9.0372,0.291594,-0.735826,-3.12773,0.768008,0.666
0.667,0.164653,0,0.0741477,0,0.0061864,0,-3.02567,-9.04036,0.292204,-0.720432,-3.06808,0.757239,0.667
0.668,0.164653,0,0.0741477,0,0.0061864,0,-3.0263,-9.04346,0.292805,-0.705356,-3.00957,0.746609,0.668
0.669,0.164653,0,0.0741477,0,0.0061864,0,-3.02691,-9.04651,0.293399,-0.690592,-2.95218,0.736117,0.669
0.67,0.164653,0,0.0741477,0,0.0061864,0,-3.02751,-9.0495,0.293986,-0.676133,-2.89588,0.725761,0.67
0.671,0.164653,0,0.0741477,0,0.0061864,0,-3.02809,-9.05243,0.294565,-0.661973,-2.84065,0.715539,0.671
0.672,0.164653,0,0.0741477,0,0.0061864,0,-3.02867,-9.0553,0.295136,-0.648106,-2.78648,0.705452,0.672
0.673,0.164653,0,0.0741477,0,0.0061864,0,-3.02922,-9.05812,0.295701,-0.634527,-2.73333,0.695495,0.673
0.674,0.164653,0,0.0741477,0,0.0061864,0,-3.02977,-9.06089,0.296258,-0.621228,-2.68121,0.685669,0.674
0.675,0.164653,0,0.0741477,0,0.0061864,0,-3.03031,-9.0636,0.296808,-0.608204,-2.63007,0.675972,0.675
0.676,0.164653,0,0.0741477,0,0.0061864,0,-3.03083,-9.06626,0.29735,-0.59545,-2.57991,0.666402,0.676
0.677,0.164653,0,0.0741477,0,0.0061864,0,-3.03134,-9.06887,0.297886,-0.58296,-2.5307,0.656958,0.677
0.678,0.164653,0,0.0741477,0,0.0061864,0,-3.03184,-9.07144,0.298415,-0.570729,-2.48244,0.647639,0.678
0.679,0.164653,0,0.0741477,0,0.0061864,0,-3.03233,-9.07395,0.298937,-0.558752,-2.43509,0.638442,0.679
0.68,0.164653,0,0.0741477,0,0.0061864,0,-3.03281,-9.07641,0.299452,-0.547022,-2.38865,0.629367,0.68
0.681,0.164653,0,0.0741477,0,0.0061864,0,-3.03327,-9.07883,0.299961,-0.535536,-2.34309,0.620412,0.681
0.682,0.164653,0,0.0741477,0,0.0061864,0,-3.03373,-9.08121,0.300462,-0.524288,-2.2984,0.611576,0.682
0.683,0.164653,0,0.0741477,0,0.0061864,0,-3.03417,-9.08353,0.300958,-0.513273,-2.25456,0.602857,0.683
0.684,0.164653,0,0.0741477,0,0.0061864,0,-3.03461,-9.08582,0.301447,-0.502487,-2.21156,0.594254,0.684
0.685,0.164653,0,0.0741477,0,0.0061864,0,-3.03504,-9.08806,0.301929,-0.491924,-2.16937,0.585766,0.685
0.686,0.164653,0,0.0741477,0,0.0061864,0,-3.03545,-9.09025,0.302405,-0.481581,-2.12799,0.577391,0.686
0.687,0.164653,0,0.0741477,0,0.0061864,0,-3.03586,-9.09241,0.302875,-0.471452,-2.08741,0.569128,0.687
0.688,0.164653,0,0.0741477,0,0.0061864,0,-3.03626,-9.09452,0.303338,-0.461533,-2.04759,0.560975,0.688
0.689,0.164653,0,0.0741477,0,0.0061864,0,-3.03665,-9.0966,0.303796,-0.451821,-2.00853,0.552932,0.689
0.69,0.164653,0,0.0741477,0,0.0061864,0,-3.03703,-9.09863,0.304247,-0.44231,-1.97022,0.544997,0.69
0.691,0.164653,0,0.0741477,0,0.0061864,0,-3.0374,-9.10063,0.304693,-0.432997,-1.93264,0.537169,0.691
0.692,0.164653,0,0.0741477,0,0.0061864,0,-3.03776,-9.10259,0.305132,-0.423877,-1.89578,0.529446,0.692
0.693,0.164653,0,0.0741477,0,0.0061864,0,-3.03812,-9.10451,0.305566,-0.414947,-1.85961,0.521827,0.693
0.694,0.164653,0,0.0741477,0,0.0061864,0,-3.03847,-9.10639,0.305994,-0.406202,-1.82414,0.514311,0.694
0.695,0.164653,0,0.0741477,0,0.0061864,0,-3.03881,-9.10824,0.306416,-0.39764,-1.78935,0.506897,0.695
0.696,0.164653,0,0.0741477,0,0.0061864,0,-3.03914,-9.11006,0.306833,-0.389255,-1.75521,0.499583,0.696
0.697,0.164653,0,0.0741477,0,0.0061864,0,-3.03946,-9.11184,0.307244,-0.381045,-1.72173,0.492369,0.697
0.698,0.164653,0,0.0741477,0,0.0061864,0,-3.03978,-9.11358,0.307649,-0.373005,-1.68889,0.485252,0.698
0.699,0.164653,0,0.0741477,0,0.0061864,0,-3.04009,-9.11529,0.308049,-0.365133,-1.65667,0.478233,0.699
0.7,0.164653,0,0.0741477,0,0.0061864,0,-3.04039,-9.11697,0.308444,-0.357425,-1.62507,0.471309,0.7
0.701,0.164653,0,0.0741477,0,0.0061864,0,-3.04069,-9.11862,0.308833,-0.349877,-1.59407,0.464479,0.701
0.702,0.164653,0,0.0741477,0,0.0061864,0,-3.04098,-9.12024,0.309217,-0.342486,-1.56366,0.457743,0.702
0.703,0.164653,0,0.0741477,0,0.0061864,0,-3.04126,-9.12182,0.309596,-0.33525,-1.53383,0.451099,0.703
0.704,0.164653,0,0.0741477,0,0.0061864,0,-3.04153,-9.12338,0.30997,-0.328164,-1.50458,0.444545,0.704
0.705,0.164653,0,0.0741477,0,0.0061864,0,-3.0418,-9.1249,0.310339,-0.321226,-1.47587,0.438082,0.705
0.706,0.164653,0,0.0741477,0,0.0061864,0,-3.04207,-9.1264,0.310703,-0.314432,-1.44772,0.431708,0.706
0.707,0.164653,0,0.0741477,0,0.0061864,0,-3.04232,-9.12787,0.311062,-0.30778,-1.4201,0.425421,0.707
0.708,0.164653,0,0.0741477,0,0.0061864,0,-3.04258,-9.12931,0.311415,-0.301267,-1.39301,0.419221,0.708
0.709,0.164653,0,0.0741477,0,0.0061864,0,-3.04282,-9.13072,0.311765,-0.294889,-1.36644,0.413106,0.709
0.71,0.164653,0,0.0741477,0,0.0061864,0,-3.04306,-9.13211,0.312109,-0.288645,-1.34037,0.407075,0.71
0.711,0.164653,0,0.0741477,0,0.0061864,0,-3.0433,-9.13347,0.312449,-0.282531,-1.3148,0.401128,0.711
0.712,0.164653,0,0.0741477,0,0.0061864,0,-3.04353,-9.1348,0.312784,-0.276545,-1.28972,0.395264,0.712
0.713,0.164653,0,0.0741477,0,0.0061864,0,-3.04375,-9.13611,0.313114,-0.270683,-1.26512,0.38948,0.713
0.714,0.164653,0,0.0741477,0,0.0061864,0,-3.04397,-9.1374,0.31344,-0.264944,-1.24098,0.383777,0.714
0.715,0.164653,0,0.0741477,0,0.0061864,0,-3.04418,-9.13866,0.313761,-0.259325,-1.21731,0.378153,0.715
0.716,0.164653,0,0.0741477,0,0.0061864,0,-3.04439,-9.13989,0.314078,-0.253823,-1.19409,0.372607,0.716
0.717,0.164653,0,0.0741477,0,0.0061864,0,-3.0446,-9.14111,0.314391,-0.248437,-1.17131,0.367138,0.717
0.718,0.164653,0,0.0741477,0,0.0061864,0,-3.0448,-9.14229,0.314699,-0.243163,-1.14896,0.361746,0.718
0.719,0.164653,0,0.0741477,0,0.0061864,0,-3.04499,-9.14346,0.315003,-0.237999,-1.12704,0.356429,0.719
0.72,0.164653,0,0.0741477,0,0.0061864,0,-3.04518,-9.14461,0.315303,-0.232943,-1.10554,0.351186,0.72
0.721,0.164653,0,0.0741477,0,0.0061864,0,-3.04537,-9.14573,0.315599,-0.227993,-1.08445,0.346016,0.721
0.722,0.164653,0,0.0741477,0,0.0061864,0,-3.04555,-9.14683,0.315891,-0.223146,-1.06376,0.340919,0.722
0.723,0.164653,0,0.0741477,0,0.0061864,0,-3.04573,-9.14791,0.316178,-0.218401,-1.04347,0.335894,0.723
0.724,0.164653,0,0.0741477,0,0.0061864,0,-3.0459,-9.14897,0.316462,-0.213756,-1.02356,0.330938,0.724
0.725,0.164653,0,0.0741477,0,0.0061864,0,-3.04607,-9.15001,0.316741,-0.209207,-1.00404,0.326053,0.725
0.726,0.164653,0,0.0741477,0,0.0061864,0,-3.04623,-9.15103,0.317017,-0.204754,-0.984882,0.321236,0.726
0.727,0.164653,0,0.0741477,0,0.0061864,0,-3.0464,-9.15203,0.317289,-0.200394,-0.966093,0.316487,0.727
0.728,0.164653,0,0.0741477,0,0.0061864,0,-3.04655,-9.15301,0.317557,-0.196126,-0.947663,0.311805,0.728
0.729,0.164653,0,0.0741477,0,0.0061864,0,-3.04671,-9.15397,0.317821,-0.191947,-0.929584,0.307189,0.729
0.73,0.164653,0,0.0741477,0,0.0061864,0,-3.04686,-9.15492,0.318082,-0.187855,-0.91185,0.302639,0.73
0.731,0.164653,0,0.0741477,0,0.0061864,0,-3.04701,-9.15585,0.318339,-0.18385,-0.894454,0.298152,0.731
0.732,0.164653,0,0.0741477,0,0.0061864,0,-3.04715,-9.15675,0.318593,-0.179928,-0.877391,0.293729,0.732
0.733,0.164653,0,0.0741477,0,0.0061864,0,-3.04729,-9.15765,0.318842,-0.176089,-0.860652,0.289369,0.733
0.734,0.164653,0,0.0741477,0,0.0061864,0,-3.04743,-9.15852,0.319089,-0.17233,-0.844233,0.285071,0.734
0.735,0.164653,0,0.0741477,0,0.0061864,0,-3.04756,-9.15938,0.319332,-0.16865,-0.828128,0.280833,0.735
0.736,0.164653,0,0.0741477,0,0.0061864,0,-3.04769,-9.16022,0.319571,-0.165048,-0.812329,0.276656,0.736
0.737,0.164653,0,0.0741477,0,0.0061864,0,-3.04782,-9.16105,0.319807,-0.161521,-0.796832,0.272539,0.737
0.738,0.164653,0,0.0741477,0,0.0061864,0,-3.04794,-9.16186,0.32004,-0.158068,-0.78163,0.26848,0.738
0.739,0.164653,0,0.0741477,0,0.0061864,0,-3.04806,-9.16265,0.320269,-0.154688,-0.766719,0.264479,0.739
0.74,0.164653,0,0.0741477,0,0.0061864,0,-3.04818,-9.16343,0.320496,-0.151379,-0.752092,0.260535,0.74
0.741,0.164653,0,0.0741477,0,0.0061864,0,-3.0483,-9.1642,0.320719,-0.14814,-0.737744,0.256647,0.741
0.742,0.164653,0,0.0741477,0,0.0061864,0,-3.04841,-9.16495,0.320939,-0.144968,-0.72367,0.252815,0.742
0.743,0.164653,0,0.0741477,0,0.0061864,0,-3.04852,-9.16568,0.321155,-0.141864,-0.709864,0.249038,0.743
0.744,0.164653,0,0.0741477,0,0.0061864,0,-3.04863,-9.1664,0.321369,-0.138824,-0.696322,0.245315,0.744
0.745,0.164653,0,0.0741477,0,0.0061864,0,-3.04873,-9.16711,0.32158,-0.135849,-0.683038,0.241645,0.745
0.746,0.164653,0,0.0741477,0,0.0061864,0,-3.04884,-9.16781,0.321787,-0.132937,-0.670007,0.238028,0.746
0.747,0.164653,0,0.0741477,0,0.0061864,0,-3.04894,-9.16849,0.321992,-0.130085,-0.657225,0.234463,0.747
0.748,0.164653,0,0.0741477,0,0.0061864,0,-3.04904,-9.16916,0.322194,-0.127294,-0.644687,0.230949,0.748
0.749,0.164653,0,0.0741477,0,0.0061864,0,-3.04913,-9.16981,0.322392,-0.124562,-0.632388,0.227486,0.749
0.75,0.164653,0,0.0741477,0,0.0061864,0,-3.04922,-9.17046,0.322588,-0.121887,-0.620324,0.224072,0.75
0.751,0.164653,0,0.0741477,0,0.0061864,0,-3.04932,-9.17109,0.322782,-0.119269,-0.60849,0.220708,0.751
0.752,0.164653,0,0.0741477,0,0.0061864,0,-3.0494,-9.17171,0.322972,-0.116705,-0.596881,0.217393,0.752
0.753,0.164653,0,0.0741477,0,0.0061864,0,-3.04949,-9.17232,0.32316,-0.114196,-0.585495,0.214125,0.753
0.754,0.164653,0,0.0741477,0,0.0061864,0,-3.04958,-9.17291,0.323345,-0.11174,-0.574325,0.210904,0.754
0.755,0.164653,0,0.0741477,0,0.0061864,0,-3.04966,-9.1735,0.323527,-0.109336,-0.563368,0.207731,0.755
0.756,0.164653,0,0.0741477,0,0.0061864,0,-3.04974,-9.17407,0.323707,-0.106983,-0.552621,0.204603,0.756
0.757,0.164653,0,0.0741477,0,0.0061864,0,-3.04982,-9.17463,0.323884,-0.104679,-0.542079,0.20152,0.757
0.758,0.164653,0,0.0741477,0,0.0061864,0,-3.0499,-9.17519,0.324059,-0.102424,-0.531737,0.198482,0.758
0.759,0.164653,0,0.0741477,0,0.0061864,0,-3.04997,-9.17573,0.324231,-0.100216,-0.521593,0.195489,0.759
0.76,0.164653,0,0.0741477,0,0.0061864,0,-3.05004,-9.17626,0.324401,-0.0980558,-0.511643,0.192538,0.76
0.761,0.164653,0,0.0741477,0,0.0061864,0,-3.05011,-9.17678,0.324568,-0.0959408,-0.501882,0.189631,0.761
0.762,0.164653,0,0.0741477,0,0.0061864,0,-3.05018,-9.17729,0.324733,-0.0938705,-0.492308,0.186766,0.762
0.763,0.164653,0,0.0741477,0,0.0061864,0,-3.05025,-9.17779,0.324895,-0.0918441,-0.482916,0.183943,0.763
0.764,0.164653,0,0.0741477,0,0.0061864,0,-3.05032,-9.17828,0.325055,-0.0898606,-0.473703,0.181161,0.764
0.765,0.164653,0,0.0741477,0,0.0061864,0,-3.05038,-9.17877,0.325213,-0.087919,-0.464667,0.178419,0.765
0.766,0.164653,0,0.0741477,0,0.0061864,0,-3.05045,-9.17924,0.325368,-0.0860186,-0.455802,0.175718,0.766
0.767,0.164653,0,0.0741477,0,0.0061864,0,-3.05051,-9.17971,0.325521,-0.0841585,-0.447107,0.173056,0.767
0.768,0.164653,0,0.0741477,0,0.0061864,0,-3.05057,-9.18016,0.325672,-0.0823378,-0.438578,0.170432,0.768
0.769,0.164653,0,0.0741477,0,0.0061864,0,-3.05063,-9.18061,0.325821,-0.0805557,-0.430211,0.167848,0.769
0.77,0.164653,0,0.0741477,0,0.0061864,0,-3.05068,-9.18105,0.325968,-0.0788114,-0.422004,0.165301,0.77
0.771,0.164653,0,0.0741477,0,0.0061864,0,-3.05074,-9.18148,0.326112,-0.0771041,-0.413953,0.162791,0.771
0.772,0.164653,0,0.0741477,0,0.0061864,0,-3.05079,-9.1819,0.326254,-0.0754331,-0.406057,0.160319,0.772
0.773,0.164653,0,0.0741477,0,0.0061864,0,-3.05085,-9.18231,0.326395,-0.0737975,-0.39831,0.157882,0.773
0.774,0.164653,0,0.0741477,0,0.0061864,0,-3.0509,-9.18272,0.326533,-0.0721967,-0.390712,0.155482,0.774
0.775,0.164653,0,0.0741477,0,0.0061864,0,-3.05095,-9.18312,0.326669,-0.0706298,-0.383259,0.153117,0.775
0.776,0.164653,0,0.0741477,0,0.0061864,0,-3.051,-9.18351,0.326803,-0.0690963,-0.375947,0.150786,0.776
0.777,0.164653,0,0.0741477,0,0.0061864,0,-3.05105,-9.18389,0.326936,-0.0675954,-0.368776,0.14849,0.777
0.778,0.164653,0,0.0741477,0,0.0061864,0,-3.05109,-9.18427,0.327066,-0.0661264,-0.361741,0.146228,0.778
0.779,0.164653,0,0.0741477,0,0.0061864,0,-3.05114,-9.18464,0.327194,-0.0646886,-0.35484,0.143999,0.779
0.78,0.164653,0,0.0741477,0,0.0061864,0,-3.05118,-9.185,0.327321,-0.0632815,-0.348071,0.141803,0.78
0.781,0.164653,0,0.0741477,0,0.0061864,0,-3.05123,-9.18535,0.327446,-0.0619043,-0.341431,0.139639,0.781
0.782,0.164653,0,0.0741477,0,0.0061864,0,-3.05127,-9.1857,0.327568,-0.0605564,-0.334918,0.137507,0.782
0.783,0.164653,0,0.0741477,0,0.0061864,0,-3.05131,-9.18604,0.327689,-0.0592373,-0.328529,0.135407,0.783
0.784,0.164653,0,0.0741477,0,0.0061864,0,-3.05135,-9.18638,0.327809,-0.0579462,-0.322262,0.133338,0.784
0.785,0.164653,0,0.0741477,0,0.0061864,0,-3.05139,-9.18671,0.327926,-0.0566827,-0.316115,0.1313,0.785
0.786,0.164653,0,0.0741477,0,0.0061864,0,-3.05143,-9.18703,0.328042,-0.0554461,-0.310084,0.129291,0.786
0.787,0.164653,0,0.0741477,0,0.0061864,0,-3.05147,-9.18735,0.328156,-0.0542359,-0.304169,0.127313,0.787
0.788,0.164653,0,0.0741477,0,0.0061864,0,-3.0515,-9.18766,0.328268,-0.0530515,-0.298367,0.125364,0.788
0.789,0.164653,0,0.0741477,0,0.0061864,0,-3.05154,-9.18796,0.328379,-0.0518925,-0.292675,0.123444,0.789
0.79,0.164653,0,0.0741477,0,0.0061864,0,-3.05157,-9.18826,0.328488,-0.0507581,-0.287092,0.121552,0.79
0.791,0.164653,0,0.0741477,0,0.0061864,0,-3.0516,-9.18855,0.328596,-0.049648,-0.281616,0.119689,0.791
0.792,0.164653,0,0.0741477,0,0.0061864,0,-3.05164,-9.18884,0.328702,-0.0485616,-0.276244,0.117853,0.792
0.793,0.164653,0,0.0741477,0,0.0061864,0,-3.05167,-9.18912,0.328806,-0.0474985,-0.270974,0.116045,0.793
0.794,0.164653,0,0.0741477,0,0.0061864,0,-3.0517,-9.1894,0.328909,-0.0464581,-0.265805,0.114263,0.794
0.795,0.164653,0,0.0741477,0,0.0061864,0,-3.05173,-9.18967,0.32901,-0.0454399,-0.260735,0.112508,0.795
0.796,0.164653,0,0.0741477,0,0.0061864,0,-3.05176,-9.18994,0.32911,-0.0444435,-0.255762,0.110779,0.796
0.797,0.164653,0,0.0741477,0,0.0061864,0,-3.05179,-9.1902,0.329208,-0.0434685,-0.250883,0.109076,0.797
0.798,0.164653,0,0.0741477,0,0.0061864,0,-3.05182,-9.19046,0.329305,-0.0425144,-0.246097,0.107399,0.798
0.799,0.164653,0,0.0741477,0,0.0061864,0,-3.05184,-9.19071,0.3294,-0.0415807,-0.241403,0.105747,0.799
0,0.164653,0,0.0741477,0,0.0061864,0,-3.05187,-9.19095,0.329494,-0.0406669,-0.236798,0.104119,0.8
