BST,AMR,ALR,AIR,ASR,ASO,AIO,RX,RY,RZ,RXu,RYu,RZu,SST
0,0,0,0,0,0,0,0,0,0,0,0,0,0
0,0,0,0,0,0,0,0,0,0,0,0,0,0
0,0,0,0,0,0,0,0,0,0,0,0,0,0
0.001,0,0,0,0,0,0,0,0,0,0,0,0,0.001
0.002,0,0,0,0,0,0,0,0,0,0,0,0,0.002
0.003,0,0,0,0,0,0,0,0,0,0,0,0,0.003
0.004,0,0,0,0,0,0,0,0,0,0,0,0,0.004
0.005,0,0,0,0,0,0,0,0,0,0,0,0,0.005
0.006,0,0,0,0,0,0,0,0,0,0,0,0,0.006
0.007,0,0,0,0,0,0,0,0,0,0,0,0,0.007
0.008,0,0,0,0,0,0,0,0,0,0,0,0,0.008
0.009,0,0,0,0,0,0,0,0,0,0,0,0,0.009
0.01,0,0,0,0,0,0,0,0,0,0,0,0,0.01
0.011,0,0,0,0,0,0,0,0,0,0,0,0,0.011
0.012,0,0,0,0,0,0,0,0,0,0,0,0,0.012
0.013,0,0,0,0,0,0,0,0,0,0,0,0,0.013
0.014,0,0,0,0,0,0,0,0,0,0,0,0,0.014
0.015,0,0,0,0,0,0,0,0,0,0,0,0,0.015
0.016,0,0,0,0,0,0,0,0,0,0,0,0,0.016
0.017,0,0,0,0,0,0,0,0,0,0,0,0,0.017
0.018,0,0,0,0,0,0,0,0,0,0,0,0,0.018
0.019,0,0,0,0,0,0,0,0,0,0,0,0,0.019
0.02,0,0,0,0,0,0,0,0,0,0,0,0,0.02
0.021,0,0,0,0,0,0,0,0,0,0,0,0,0.021
0.022,0,0,0,0,0,0,0,0,0,0,0,0,0.022
0.023,0,0,0,0,0,0,0,0,0,0,0,0,0.023
0.024,0,0,0,0,0,0,0,0,0,0,0,0,0.024
0.025,0,0,0,0,0,0,0,0,0,0,0,0,0.025
0.026,0,0,0,0,0,0,0,0,0,0,0,0,0.026
0.027,0,0,0,0,0,0,0,0,0,0,0,0,0.027
0.028,0,0,0,0,0,0,0,0,0,0,0,0,0.028
0.029,0,0,0,0,0,0,0,0,0,0,0,0,0.029
0.03,0,0,0,0,0,0,0,0,0,0,0,0,0.03
0.031,0,0,0,0,0,0,0,0,0,0,0,0,0.031
0.032,0,0,0,0,0,0,0,0,0,0,0,0,0.032
0.033,0,0,0,0,0,0,0,0,0,0,0,0,0.033
0.034,0,0,0,0,0,0,0,0,0,0,0,0,0.034
0.035,0,0,0,0,0,0,0,0,0,0,0,0,0.035
0.036,0,0,0,0,0,0,0,0,0,0,0,0,0.036
0.037,0,0,0,0,0,0,0,0,0,0,0,0,0.037
0.038,0,0,0,0,0,0,0,0,0,0,0,0,0.038
0.039,0,0,0,0,0,0,0,0,0,0,0,0,0.039
0.04,0,0,0,0,0,0,0,0,0,0,0,0,0.04
0.041,0,0,0,0,0,0,0,0,0,0,0,0,0.041
0.042,0,0,0,0,0,0,0,0,0,0,0,0,0.042
0.043,0,0,0,0,0,0,0,0,0,0,0,0,0.043
0.044,0,0,0,0,0,0,0,0,0,0,0,0,0.044
0.045,0,0,0,0,0,0,0,0,0,0,0,0,0.045
0.046,0,0,0,0,0,0,0,0,0,0,0,0,0.046
0.047,0,0,0,0,0,0,0,0,0,0,0,0,0.047
0.048,0,0,0,0,0,0,0,0,0,0,0,0,0.048
0.049,0,0,0,0,0,0,0,0,0,0,0,0,0.049
0.05,0,0,0,0,0,0,0,0,0,0,0,0,0.05
0.051,0,0,0,0,0,0,0,0,0,0,0,0,0.051
0.052,0,0,0,0,0,0,0,0,0,0,0,0,0.052
0.053,0,0,0,0,0,0,0,0,0,0,0,0,0.053
0.054,0,0,0,0,0,0,0,0,0,0,0,0,0.054
0.055,0,0,0,0,0,0,0,0,0,0,0,0,0.055
0.056,0,0,0,0,0,0,0,0,0,0,0,0,0.056
0.057,0,0,0,0,0,0,0,0,0,0,0,0,0.057
0.058,0,0,0,0,0,0,0,0,0,0,0,0,0.058
0.059,0,0,0,0,0,0,0,0,0,0,0,0,0.059
0.06,0,0,0,0,0,0,0,0,0,0,0,0,0.06
0.061,0,0,0,0,0,0,0,0,0,0,0,0,0.061
0.062,0,0,0,0,0,0,0,0,0,0,0,0,0.062
0.063,0,0,0,0,0,0,0,0,0,0,0,0,0.063
0.064,0,0,0,0,0,0,0,0,0,0,0,0,0.064
0.065,0,0,0,0,0,0,0,0,0,0,0,0,0.065
0.066,0,0,0,0,0,0,0,0,0,0,0,0,0.066
0.067,0,0,0,0,0,0,0,0,0,0,0,0,0.067
0.068,0,0,0,0,0,0,0,0,0,0,0,0,0.068
0.069,0,0,0,0,0,0,0,0,0,0,0,0,0.069
0.07,0,0,0,0,0,0,0,0,0,0,0,0,0.07
0.071,0,0,0,0,0,0,0,0,0,0,0,0,0.071
0.072,0,0,0,0,0,0,0,0,0,0,0,0,0.072
0.073,0,0,0,0,0,0,0,0,0,0,0,0,0.073
0.074,0,0,0,0,0,0,0,0,0,0,0,0,0.074
0.075,0,0,0,0,0,0,0,0,0,0,0,0,0.075
0.076,0,0,0,0,0,0,0,0,0,0,0,0,0.076
0.077,0,0,0,0,0,0,0,0,0,0,0,0,0.077
0.078,0,0,0,0,0,0,0,0,0,0,0,0,0.078
0.079,0,0,0,0,0,0,0,0,0,0,0,0,0.079
0.08,0,0,0,0,0,0,0,0,0,0,0,0,0.08
0.081,0,0,0,0,0,0,0,0,0,0,0,0,0.081
0.082,0,0,0,0,0,0,0,0,0,0,0,0,0.082
0.083,0,0,0,0,0,0,0,0,0,0,0,0,0.083
0.084,0,0,0,0,0,0,0,0,0,0,0,0,0.084
0.085,0,0,0,0,0,0,0,0,0,0,0,0,0.085
0.086,0,0,0,0,0,0,0,0,0,0,0,0,0.086
0.087,0,0,0,0,0,0,0,0,0,0,0,0,0.087
0.088,0,0,0,0,0,0,0,0,0,0,0,0,0.088
0.089,0,0,0,0,0,0,0,0,0,0,0,0,0.089
0.09,0,0,0,0,0,0,0,0,0,0,0,0,0.09
0.091,0,0,0,0,0,0,0,0,0,0,0,0,0.091
0.092,0,0,0,0,0,0,0,0,0,0,0,0,0.092
0.093,0,0,0,0,0,0,0,0,0,0,0,0,0.093
0.094,0,0,0,0,0,0,0,0,0,0,0,0,0.094
0.095,0,0,0,0,0,0,0,0,0,0,0,0,0.095
0.096,0,0,0,0,0,0,0,0,0,0,0,0,0.096
0.097,0,0,0,0,0,0,0,0,0,0,0,0,0.097
0.098,0,0,0,0,0,0,0,0,0,0,0,0,0.098
0.099,0,0,0,0,0,0,0,0,0,0,0,0,0.099
0.1,0,0,0,0,0,0,0,0,0,0,0,0,0.1
0.101,0,0,0,0,0,0,0,0,0,0,0,0,0.101
0.102,0,0,0,0,0,0,0,0,0,0,0,0,0.102
0.103,0,0,0,0,0,0,0,0,0,0,0,0,0.103
0.104,0,0,0,0,0,0,0,0,0,0,0,0,0.104
0.105,0,0,0,0,0,0,0,0,0,0,0,0,0.105
0.106,0,0,0,0,0,0,0,0,0,0,0,0,0.106
0.107,0,0,0,0,0,0,0,0,0,0,0,0,0.107
0.108,0,0,0,0,0,0,0,0,0,0,0,0,0.108
0.109,0,0,0,0,0,0,0,0,0,0,0,0,0.109
0.11,0,0,0,0,0,0,0,0,0,0,0,0,0.11
0.111,0,0,0,0,0,0,0,0,0,0,0,0,0.111
0.112,0,0,0,0,0,0,0,0,0,0,0,0,0.112
0.113,0,0,0,0,0,0,0,0,0,0,0,0,0.113
0.114,0,0,0,0,0,0,0,0,0,0,0,0,0.114
0.115,0,0,0,0,0,0,0,0,0,0,0,0,0.115
0.116,0,0,0,0,0,0,0,0,0,0,0,0,0.116
0.117,0,0,0,0,0,0,0,0,0,0,0,0,0.117
0.118,0,0,0,0,0,0,0,0,0,0,0,0,0.118
0.119,0,0,0,0,0,0,0,0,0,0,0,0,0.119
0.12,0,0,0,0,0,0,0,0,0,0,0,0,0.12
0.121,0,0,0,0,0,0,0,0,0,0,0,0,0.121
0.122,0,0,0,0,0,0,0,0,0,0,0,0,0.122
0.123,0,0,0,0,0,0,0,0,0,0,0,0,0.123
0.124,0,0,0,0,0,0,0,0,0,0,0,0,0.124
0.125,0,0,0,0,0,0,0,0,0,0,0,0,0.125
0.126,0,0,0,0,0,0,0,0,0,0,0,0,0.126
0.127,0,0,0,0,0,0,0,0,0,0,0,0,0.127
0.128,0,0,0,0,0,0,0,0,0,0,0,0,0.128
0.129,0,0,0,0,0,0,0,0,0,0,0,0,0.129
0.13,0,0,0,0,0,0,0,0,0,0,0,0,0.13
0.131,0,0,0,0,0,0,0,0,0,0,0,0,0.131
0.132,0,0,0,0,0,0,0,0,0,0,0,0,0.132
0.133,0,0,0,0,0,0,0,0,0,0,0,0,0.133
0.134,0,0,0,0,0,0,0,0,0,0,0,0,0.134
0.135,0,0,0,0,0,0,0,0,0,0,0,0,0.135
0.136,0,0,0,0,0,0,0,0,0,0,0,0,0.136
0.137,0,0,0,0,0,0,0,0,0,0,0,0,0.137
0.138,0,0,0,0,0,0,0,0,0,0,0,0,0.138
0.139,0,0,0,0,0,0,0,0,0,0,0,0,0.139
0.14,0,0,0,0,0,0,0,0,0,0,0,0,0.14
0.141,0,0,0,0,0,0,0,0,0,0,0,0,0.141
0.142,0,0,0,0,0,0,0,0,0,0,0,0,0.142
0.143,0,0,0,0,0,0,0,0,0,0,0,0,0.143
0.144,0,0,0,0,0,0,0,0,0,0,0,0,0.144
0.145,0,0,0,0,0,0,0,0,0,0,0,0,0.145
0.146,0,0,0,0,0,0,0,0,0,0,0,0,0.146
0.147,0,0,0,0,0,0,0,0,0,0,0,0,0.147
0.148,0,0,0,0,0,0,0,0,0,0,0,0,0.148
0.149,0,0,0,0,0,0,0,0,0,0,0,0,0.149
0.15,0,0,0,0,0,0,0,0,0,0,0,0,0.15
0.151,0,0,0,0,0,0,0,0,0,0,0,0,0.151
0.152,0,0,0,0,0,0,0,0,0,0,0,0,0.152
0.153,0,0,0,0,0,0,0,0,0,0,0,0,0.153
0.154,0,0,0,0,0,0,0,0,0,0,0,0,0.154
0.155,0,0,0,0,0,0,0,0,0,0,0,0,0.155
0.156,0,0,0,0,0,0,0,0,0,0,0,0,0.156
0.157,0,0,0,0,0,0,0,0,0,0,0,0,0.157
0.158,0,0,0,0,0,0,0,0,0,0,0,0,0.158
0.159,0,0,0,0,0,0,0,0,0,0,0,0,0.159
0.16,0,0,0,0,0,0,0,0,0,0,0,0,0.16
0.161,0,0,0,0,0,0,0,0,0,0,0,0,0.161
0.162,0,0,0,0,0,0,0,0,0,0,0,0,0.162
0.163,0,0,0,0,0,0,0,0,0,0,0,0,0.163
0.164,0,0,0,0,0,0,0,0,0,0,0,0,0.164
0.165,0,0,0,0,0,0,0,0,0,0,0,0,0.165
0.166,0,0,0,0,0,0,0,0,0,0,0,0,0.166
0.167,0,0,0,0,0,0,0,0,0,0,0,0,0.167
0.168,0,0,0,0,0,0,0,0,0,0,0,0,0.168
0.169,0,0,0,0,0,0,0,0,0,0,0,0,0.169
0.17,0,0,0,0,0,0,0,0,0,0,0,0,0.17
0.171,0,0,0,0,0,0,0,0,0,0,0,0,0.171
0.172,0,0,0,0,0,0,0,0,0,0,0,0,0.172
0.173,0,0,0,0,0,0,0,0,0,0,0,0,0.173
0.174,0,0,0,0,0,0,0,0,0,0,0,0,0.174
0.175,0,0,0,0,0,0,0,0,0,0,0,0,0.175
0.176,0,0,0,0,0,0,0,0,0,0,0,0,0.176
0.177,0,0,0,0,0,0,0,0,0,0,0,0,0.177
0.178,0,0,0,0,0,0,0,0,0,0,0,0,0.178
0.179,0,0,0,0,0,0,0,0,0,0,0,0,0.179
0.18,0,0,0,0,0,0,0,0,0,0,0,0,0.18
0.181,0,0,0,0,0,0,0,0,0,0,0,0,0.181
0.182,0,0,0,0,0,0,0,0,0,0,0,0,0.182
0.183,0,0,0,0,0,0,0,0,0,0,0,0,0.183
0.184,0,0,0,0,0,0,0,0,0,0,0,0,0.184
0.185,0,0,0,0,0,0,0,0,0,0,0,0,0.185
0.186,0,0,0,0,0,0,0,0,0,0,0,0,0.186
0.187,0,0,0,0,0,0,0,0,0,0,0,0,0.187
0.188,0,0,0,0,0,0,0,0,0,0,0,0,0.188
0.189,0,0,0,0,0,0,0,0,0,0,0,0,0.189
0.19,0,0,0,0,0,0,0,0,0,0,0,0,0.19
0.191,0,0,0,0,0,0,0,0,0,0,0,0,0.191
0.192,0,0,0,0,0,0,0,0,0,0,0,0,0.192
0.193,0,0,0,0,0,0,0,0,0,0,0,0,0.193
0.194,0,0,0,0,0,0,0,0,0,0,0,0,0.194
0.195,0,0,0,0,0,0,0,0,0,0,0,0,0.195
0.196,0,0,0,0,0,0,0,0,0,0,0,0,0.196
0.197,0,0,0,0,0,0,0,0,0,0,0,0,0.197
0.198,0,0,0,0,0,0,0,0,0,0,0,0,0.198
0.199,0,0,0,0,0,0,0,0,0,0,0,0,0.199
0.2,0,0,0,0,0,0,0,0,0,0,0,0,0.2
0.201,0,0,0,0,0,0,0,0,0,0,0,0,0.201
0.202,0,0,0,0,0,0,0,0,0,0,0,0,0.202
0.203,0,0,0,0,0,0,0,0,0,0,0,0,0.203
0.204,0,0,0,0,0,0,0,0,0,0,0,0,0.204
0.205,0,0,0,0,0,0,0,0,0,0,0,0,0.205
0.206,0,0,0,0,0,0,0,0,0,0,0,0,0.206
0.207,0,0,0,0,0,0,0,0,0,0,0,0,0.207
0.208,0,0,0,0,0,0,0,0,0,0,0,0,0.208
0.209,0,0,0,0,0,0,0,0,0,0,0,0,0.209
0.21,0,0,0,0,0,0,0,0,0,0,0,0,0.21
0.211,0,0,0,0,0,0,0,0,0,0,0,0,0.211
0.212,0,0,0,0,0,0,0,0,0,0,0,0,0.212
0.213,0,0,0,0,0,0,0,0,0,0,0,0,0.213
0.214,0,0,0,0,0,0,0,0,0,0,0,0,0.214
0.215,0,0,0,0,0,0,0,0,0,0,0,0,0.215
0.216,0,0,0,0,0,0,0,0,0,0,0,0,0.216
0.217,0,0,0,0,0,0,0,0,0,0,0,0,0.217
0.218,0,0,0,0,0,0,0,0,0,0,0,0,0.218
0.219,0,0,0,0,0,0,0,0,0,0,0,0,0.219
0.22,0,0,0,0,0,0,0,0,0,0,0,0,0.22
0.221,0,0,0,0,0,0,0,0,0,0,0,0,0.221
0.222,0,0,0,0,0,0,0,0,0,0,0,0,0.222
0.223,0,0,0,0,0,0,0,0,0,0,0,0,0.223
0.224,0,0,0,0,0,0,0,0,0,0,0,0,0.224
0.225,0,0,0,0,0,0,0,0,0,0,0,0,0.225
0.226,0,0,0,0,0,0,0,0,0,0,0,0,0.226
0.227,0,0,0,0,0,0,0,0,0,0,0,0,0.227
0.228,0,0,0,0,0,0,0,0,0,0,0,0,0.228
0.229,0,0,0,0,0,0,0,0,0,0,0,0,0.229
0.23,0,0,0,0,0,0,0,0,0,0,0,0,0.23
0.231,0,0,0,0,0,0,0,0,0,0,0,0,0.231
0.232,0,0,0,0,0,0,0,0,0,0,0,0,0.232
0.233,0,0,0,0,0,0,0,0,0,0,0,0,0.233
0.234,0,0,0,0,0,0,0,0,0,0,0,0,0.234
0.235,0,0,0,0,0,0,0,0,0,0,0,0,0.235
0.236,0,0,0,0,0,0,0,0,0,0,0,0,0.236
0.237,0,0,0,0,0,0,0,0,0,0,0,0,0.237
0.238,0,0,0,0,0,0,0,0,0,0,0,0,0.238
0.239,0,0,0,0,0,0,0,0,0,0,0,0,0.239
0.24,0,0,0,0,0,0,0,0,0,0,0,0,0.24
0.241,0,0,0,0,0,0,0,0,0,0,0,0,0.241
0.242,0,0,0,0,0,0,0,0,0,0,0,0,0.242
0.243,0,0,0,0,0,0,0,0,0,0,0,0,0.243
0.244,0,0,0,0,0,0,0,0,0,0,0,0,0.244
0.245,0,0,0,0,0,0,0,0,0,0,0,0,0.245
0.246,0,0,0,0,0,0,0,0,0,0,0,0,0.246
0.247,0,0,0,0,0,0,0,0,0,0,0,0,0.247
0.248,0,0,0,0,0,0,0,0,0,0,0,0,0.248
0.249,0,0,0,0,0,0,0,0,0,0,0,0,0.249
0.25,0,0,0,0,0,0,0,0,0,0,0,0,0.25
0.251,0,0,0,0,0,0,0,0,0,0,0,0,0.251
0.252,0,0,0,0,0,0,0,0,0,0,0,0,0.252
0.253,0,0,0,0,0,0,0,0,0,0,0,0,0.253
0.254,0,0,0,0,0,0,0,0,0,0,0,0,0.254
0.255,0,0,0,0,0,0,0,0,0,0,0,0,0.255
0.256,0,0,0,0,0,0,0,0,0,0,0,0,0.256
0.257,0,0,0,0,0,0,0,0,0,0,0,0,0.257
0.258,0,0,0,0,0,0,0,0,0,0,0,0,0.258
0.259,0,0,0,0,0,0,0,0,0,0,0,0,0.259
0.26,0,0,0,0,0,0,0,0,0,0,0,0,0.26
0.261,0,0,0,0,0,0,0,0,0,0,0,0,0.261
0.262,0,0,0,0,0,0,0,0,0,0,0,0,0.262
0.263,0,0,0,0,0,0,0,0,0,0,0,0,0.263
0.264,0,0,0,0,0,0,0,0,0,0,0,0,0.264
0.265,0,0,0,0,0,0,0,0,0,0,0,0,0.265
0.266,0,0,0,0,0,0,0,0,0,0,0,0,0.266
0.267,0,0,0,0,0,0,0,0,0,0,0,0,0.267
0.268,0,0,0,0,0,0,0,0,0,0,0,0,0.268
0.269,0,0,0,0,0,0,0,0,0,0,0,0,0.269
0.27,0,0,0,0,0,0,0,0,0,0,0,0,0.27
0.271,0,0,0,0,0,0,0,0,0,0,0,0,0.271
0.272,0,0,0,0,0,0,0,0,0,0,0,0,0.272
0.273,0,0,0,0,0,0,0,0,0,0,0,0,0.273
0.274,0,0,0,0,0,0,0,0,0,0,0,0,0.274
0.275,0,0,0,0,0,0,0,0,0,0,0,0,0.275
0.276,0,0,0,0,0,0,0,0,0,0,0,0,0.276
0.277,0,0,0,0,0,0,0,0,0,0,0,0,0.277
0.278,0,0,0,0,0,0,0,0,0,0,0,0,0.278
0.279,0,0,0,0,0,0,0,0,0,0,0,0,0.279
0.28,0,0,0,0,0,0,0,0,0,0,0,0,0.28
0.281,0,0,0,0,0,0,0,0,0,0,0,0,0.281
0.282,0,0,0,0,0,0,0,0,0,0,0,0,0.282
0.283,0,0,0,0,0,0,0,0,0,0,0,0,0.283
0.284,0,0,0,0,0,0,0,0,0,0,0,0,0.284
0.285,0,0,0,0,0,0,0,0,0,0,0,0,0.285
0.286,0,0,0,0,0,0,0,0,0,0,0,0,0.286
0.287,0,0,0,0,0,0,0,0,0,0,0,0,0.287
0.288,0,0,0,0,0,0,0,0,0,0,0,0,0.288
0.289,0,0,0,0,0,0,0,0,0,0,0,0,0.289
0.29,0,0,0,0,0,0,0,0,0,0,0,0,0.29
0.291,0,0,0,0,0,0,0,0,0,0,0,0,0.291
0.292,0,0,0,0,0,0,0,0,0,0,0,0,0.292
0.293,0,0,0,0,0,0,0,0,0,0,0,0,0.293
0.294,0,0,0,0,0,0,0,0,0,0,0,0,0.294
0.295,0,0,0,0,0,0,0,0,0,0,0,0,0.295
0.296,0,0,0,0,0,0,0,0,0,0,0,0,0.296
0.297,0,0,0,0,0,0,0,0,0,0,0,0,0.297
0.298,0,0,0,0,0,0,0,0,0,0,0,0,0.298
0.299,0,0,0,0,0,0,0,0,0,0,0,0,0.299
0.3,0,0,0,0,0,0,0,0,0,0,0,0,0.3
0.301,0,0,0,0,0,0,0,0,0,0,0,0,0.301
0.302,0,0,0,0,0,0,0,0,0,0,0,0,0.302
0.303,0,0,0,0,0,0,0,0,0,0,0,0,0.303
0.304,0,0,0,0,0,0,0,0,0,0,0,0,0.304
0.305,0,0,0,0,0,0,0,0,0,0,0,0,0.305
0.306,0,0,0,0,0,0,0,0,0,0,0,0,0.306
0.307,0,0,0,0,0,0,0,0,0,0,0,0,0.307
0.308,0,0,0,0,0,0,0,0,0,0,0,0,0.308
0.309,0,0,0,0,0,0,0,0,0,0,0,0,0.309
0.31,0,0,0,0,0,0,0,0,0,0,0,0,0.31
0.311,0,0,0,0,0,0,0,0,0,0,0,0,0.311
0.312,0,0,0,0,0,0,0,0,0,0,0,0,0.312
0.313,0,0,0,0,0,0,0,0,0,0,0,0,0.313
0.314,0,0,0,0,0,0,0,0,0,0,0,0,0.314
0.315,0,0,0,0,0,0,0,0,0,0,0,0,0.315
0.316,0,0,0,0,0,0,0,0,0,0,0,0,0.316
0.317,0,0,0,0,0,0,0,0,0,0,0,0,0.317
0.318,0,0,0,0,0,0,0,0,0,0,0,0,0.318
0.319,0,0,0,0,0,0,0,0,0,0,0,0,0.319
0.32,0,0,0,0,0,0,0,0,0,0,0,0,0.32
0.321,0,0,0,0,0,0,0,0,0,0,0,0,0.321
0.322,0,0,0,0,0,0,0,0,0,0,0,0,0.322
0.323,0,0,0,0,0,0,0,0,0,0,0,0,0.323
0.324,0,0,0,0,0,0,0,0,0,0,0,0,0.324
0.325,0,0,0,0,0,0,0,0,0,0,0,0,0.325
0.326,0,0,0,0,0,0,0,0,0,0,0,0,0.326
0.327,0,0,0,0,0,0,0,0,0,0,0,0,0.327
0.328,0,0,0,0,0,0,0,0,0,0,0,0,0.328
0.329,0,0,0,0,0,0,0,0,0,0,0,0,0.329
0.33,0,0,0,0,0,0,0,0,0,0,0,0,0.33
0.331,0,0,0,0,0,0,0,0,0,0,0,0,0.331
0.332,0,0,0,0,0,0,0,0,0,0,0,0,0.332
0.333,0,0,0,0,0,0,0,0,0,0,0,0,0.333
0.334,0,0,0,0,0,0,0,0,0,0,0,0,0.334
0.335,0,0,0,0,0,0,0,0,0,0,0,0,0.335
0.336,0,0,0,0,0,0,0,0,0,0,0,0,0.336
0.337,0,0,0,0,0,0,0,0,0,0,0,0,0.337
0.338,0,0,0,0,0,0,0,0,0,0,0,0,0.338
0.339,0,0,0,0,0,0,0,0,0,0,0,0,0.339
0.34,0,0,0,0,0,0,0,0,0,0,0,0,0.34
0.341,0,0,0,0,0,0,0,0,0,0,0,0,0.341
0.342,0,0,0,0,0,0,0,0,0,0,0,0,0.342
0.343,0,0,0,0,0,0,0,0,0,0,0,0,0.343
0.344,0,0,0,0,0,0,0,0,0,0,0,0,0.344
0.345,0,0,0,0,0,0,0,0,0,0,0,0,0.345
0.346,0,0,0,0,0,0,0,0,0,0,0,0,0.346
0.347,0,0,0,0,0,0,0,0,0,0,0,0,0.347
0.348,0,0,0,0,0,0,0,0,0,0,0,0,0.348
0.349,0,0,0,0,0,0,0,0,0,0,0,0,0.349
0.35,0,0,0,0,0,0,0,0,0,0,0,0,0.35
0.351,0,0,0,0,0,0,0,0,0,0,0,0,0.351
0.352,0,0,0,0,0,0,0,0,0,0,0,0,0.352
0.353,0,0,0,0,0,0,0,0,0,0,0,0,0.353
0.354,0,0,0,0,0,0,0,0,0,0,0,0,0.354
0.355,0,0,0,0,0,0,0,0,0,0,0,0,0.355
0.356,0,0,0,0,0,0,0,0,0,0,0,0,0.356
0.357,0,0,0,0,0,0,0,0,0,0,0,0,0.357
0.358,0,0,0,0,0,0,0,0,0,0,0,0,0.358
0.359,0,0,0,0,0,0,0,0,0,0,0,0,0.359
0.36,0,0,0,0,0,0,0,0,0,0,0,0,0.36
0.361,0,0,0,0,0,0,0,0,0,0,0,0,0.361
0.362,0,0,0,0,0,0,0,0,0,0,0,0,0.362
0.363,0,0,0,0,0,0,0,0,0,0,0,0,0.363
0.364,0,0,0,0,0,0,0,0,0,0,0,0,0.364
0.365,0,0,0,0,0,0,0,0,0,0,0,0,0.365
0.366,0,0,0,0,0,0,0,0,0,0,0,0,0.366
0.367,0,0,0,0,0,0,0,0,0,0,0,0,0.367
0.368,0,0,0,0,0,0,0,0,0,0,0,0,0.368
0.369,0,0,0,0,0,0,0,0,0,0,0,0,0.369
0.37,0,0,0,0,0,0,0,0,0,0,0,0,0.37
0.371,0,0,0,0,0,0,0,0,0,0,0,0,0.371
0.372,0,0,0,0,0,0,0,0,0,0,0,0,0.372
0.373,0,0,0,0,0,0,0,0,0,0,0,0,0.373
0.374,0,0,0,0,0,0,0,0,0,0,0,0,0.374
0.375,0,0,0,0,0,0,0,0,0,0,0,0,0.375
0.376,0,0,0,0,0,0,0,0,0,0,0,0,0.376
0.377,0,0,0,0,0,0,0,0,0,0,0,0,0.377
0.378,0,0,0,0,0,0,0,0,0,0,0,0,0.378
0.379,0,0,0,0,0,0,0,0,0,0,0,0,0.379
0.38,0,0,0,0,0,0,0,0,0,0,0,0,0.38
0.381,0,0,0,0,0,0,0,0,0,0,0,0,0.381
0.382,0,0,0,0,0,0,0,0,0,0,0,0,0.382
0.383,0,0,0,0,0,0,0,0,0,0,0,0,0.383
0.384,0,0,0,0,0,0,0,0,0,0,0,0,0.384
0.385,0,0,0,0,0,0,0,0,0,0,0,0,0.385
0.386,0,0,0,0,0,0,0,0,0,0,0,0,0.386
0.387,0,0,0,0,0,0,0,0,0,0,0,0,0.387
0.388,0,0,0,0,0,0,0,0,0,0,0,0,0.388
0.389,0,0,0,0,0,0,0,0,0,0,0,0,0.389
0.39,0,0,0,0,0,0,0,0,0,0,0,0,0.39
0.391,0,0,0,0,0,0,0,0,0,0,0,0,0.391
0.392,0,0,0,0,0,0,0,0,0,0,0,0,0.392
0.393,0,0,0,0,0,0,0,0,0,0,0,0,0.393
0.394,0,0,0,0,0,0,0,0,0,0,0,0,0.394
0.395,0,0,0,0,0,0,0,0,0,0,0,0,0.395
0.396,0,0,0,0,0,0,0,0,0,0,0,0,0.396
0.397,0,0,0,0,0,0,0,0,0,0,0,0,0.397
0.398,0,0,0,0,0,0,0,0,0,0,0,0,0.398
0.399,0,0,0,0,0,0,0,0,0,0,0,0,0.399
0.4,0,0,0,0,0,0,0,0,0,0,0,0,0.4
0.401,0,0,0,0,0,0,0,0,0,0,0,0,0.401
0.402,0,0,0,0,0,0,0,0,0,0,0,0,0.402
0.403,0,0,0,0,0,0,0,0,0,0,0,0,0.403
0.404,0,0,0,0,0,0,0,0,0,0,0,0,0.404
0.405,0,0,0,0,0,0,0,0,0,0,0,0,0.405
0.406,0,0,0,0,0,0,0,0,0,0,0,0,0.406
0.407,0,0,0,0,0,0,0,0,0,0,0,0,0.407
0.408,0,0,0,0,0,0,0,0,0,0,0,0,0.408
0.409,0,0,0,0,0,0,0,0,0,0,0,0,0.409
0.41,0,0,0,0,0,0,0,0,0,0,0,0,0.41
0.411,0,0,0,0,0,0,0,0,0,0,0,0,0.411
0.412,0,0,0,0,0,0,0,0,0,0,0,0,0.412
0.413,0,0,0,0,0,0,0,0,0,0,0,0,0.413
0.414,0,0,0,0,0,0,0,0,0,0,0,0,0.414
0.415,0,0,0,0,0,0,0,0,0,0,0,0,0.415
0.416,0,0,0,0,0,0,0,0,0,0,0,0,0.416
0.417,0,0,0,0,0,0,0,0,0,0,0,0,0.417
0.418,0,0,0,0,0,0,0,0,0,0,0,0,0.418
0.419,0,0,0,0,0,0,0,0,0,0,0,0,0.419
0.42,0,0,0,0,0,0,0,0,0,0,0,0,0.42
0.421,0,0,0,0,0,0,0,0,0,0,0,0,0.421
0.422,0,0,0,0,0,0,0,0,0,0,0,0,0.422
0.423,0,0,0,0,0,0,0,0,0,0,0,0,0.423
0.424,0,0,0,0,0,0,0,0,0,0,0,0,0.424
0.425,0,0,0,0,0,0,0,0,0,0,0,0,0.425
0.426,0,0,0,0,0,0,0,0,0,0,0,0,0.426
0.427,0,0,0,0,0,0,0,0,0,0,0,0,0.427
0.428,0,0,0,0,0,0,0,0,0,0,0,0,0.428
0.429,0,0,0,0,0,0,0,0,0,0,0,0,0.429
0.43,0,0,0,0,0,0,0,0,0,0,0,0,0.43
0.431,0,0,0,0,0,0,0,0,0,0,0,0,0.431
0.432,0,0,0,0,0,0,0,0,0,0,0,0,0.432
0.433,0,0,0,0,0,0,0,0,0,0,0,0,0.433
0.434,0,0,0,0,0,0,0,0,0,0,0,0,0.434
0.435,0,0,0,0,0,0,0,0,0,0,0,0,0.435
0.436,0,0,0,0,0,0,0,0,0,0,0,0,0.436
0.437,0,0,0,0,0,0,0,0,0,0,0,0,0.437
0.438,0,0,0,0,0,0,0,0,0,0,0,0,0.438
0.439,0,0,0,0,0,0,0,0,0,0,0,0,0.439
0.44,0,0,0,0,0,0,0,0,0,0,0,0,0.44
0.441,0,0,0,0,0,0,0,0,0,0,0,0,0.441
0.442,0,0,0,0,0,0,0,0,0,0,0,0,0.442
0.443,0,0,0,0,0,0,0,0,0,0,0,0,0.443
0.444,0,0,0,0,0,0,0,0,0,0,0,0,0.444
0.445,0,0,0,0,0,0,0,0,0,0,0,0,0.445
0.446,0,0,0,0,0,0,0,0,0,0,0,0,0.446
0.447,0,0,0,0,0,0,0,0,0,0,0,0,0.447
0.448,0,0,0,0,0,0,0,0,0,0,0,0,0.448
0.449,0,0,0,0,0,0,0,0,0,0,0,0,0.449
0.45,0,0,0,0,0,0,0,0,0,0,0,0,0.45
0.451,0,0,0,0,0,0,0,0,0,0,0,0,0.451
0.452,0,0,0,0,0,0,0,0,0,0,0,0,0.452
0.453,0,0,0,0,0,0,0,0,0,0,0,0,0.453
0.454,0,0,0,0,0,0,0,0,0,0,0,0,0.454
0.455,0,0,0,0,0,0,0,0,0,0,0,0,0.455
0.456,0,0,0,0,0,0,0,0,0,0,0,0,0.456
0.457,0,0,0,0,0,0,0,0,0,0,0,0,0.457
0.458,0,0,0,0,0,0,0,0,0,0,0,0,0.458
0.459,0,0,0,0,0,0,0,0,0,0,0,0,0.459
0.46,0,0,0,0,0,0,0,0,0,0,0,0,0.46
0.461,0,0,0,0,0,0,0,0,0,0,0,0,0.461
0.462,0,0,0,0,0,0,0,0,0,0,0,0,0.462
0.463,0,0,0,0,0,0,0,0,0,0,0,0,0.463
0.464,0,0,0,0,0,0,0,0,0,0,0,0,0.464
0.465,0,0,0,0,0,0,0,0,0,0,0,0,0.465
0.466,0,0,0,0,0,0,0,0,0,0,0,0,0.466
0.467,0,0,0,0,0,0,0,0,0,0,0,0,0.467
0.468,0,0,0,0,0,0,0,0,0,0,0,0,0.468
0.469,0,0,0,0,0,0,0,0,0,0,0,0,0.469
0.47,0,0,0,0,0,0,0,0,0,0,0,0,0.47
0.471,0,0,0,0,0,0,0,0,0,0,0,0,0.471
0.472,0,0,0,0,0,0,0,0,0,0,0,0,0.472
0.473,0,0,0,0,0,0,0,0,0,0,0,0,0.473
0.474,0,0,0,0,0,0,0,0,0,0,0,0,0.474
0.475,0,0,0,0,0,0,0,0,0,0,0,0,0.475
0.476,0,0,0,0,0,0,0,0,0,0,0,0,0.476
0.477,0,0,0,0,0,0,0,0,0,0,0,0,0.477
0.478,0,0,0,0,0,0,0,0,0,0,0,0,0.478
0.479,0,0,0,0,0,0,0,0,0,0,0,0,0.479
0.48,0,0,0,0,0,0,0,0,0,0,0,0,0.48
0.481,0,0,0,0,0,0,0,0,0,0,0,0,0.481
0.482,0,0,0,0,0,0,0,0,0,0,0,0,0.482
0.483,0,0,0,0,0,0,0,0,0,0,0,0,0.483
0.484,0,0,0,0,0,0,0,0,0,0,0,0,0.484
0.485,0,0,0,0,0,0,0,0,0,0,0,0,0.485
0.486,0,0,0,0,0,0,0,0,0,0,0,0,0.486
0.487,0,0,0,0,0,0,0,0,0,0,0,0,0.487
0.488,0,0,0,0,0,0,0,0,0,0,0,0,0.488
0.489,0,0,0,0,0,0,0,0,0,0,0,0,0.489
0.49,0,0,0,0,0,0,0,0,0,0,0,0,0.49
0.491,0,0,0,0,0,0,0,0,0,0,0,0,0.491
0.492,0,0,0,0,0,0,0,0,0,0,0,0,0.492
0.493,0,0,0,0,0,0,0,0,0,0,0,0,0.493
0.494,0,0,0,0,0,0,0,0,0,0,0,0,0.494
0.495,0,0,0,0,0,0,0,0,0,0,0,0,0.495
0.496,0,0,0,0,0,0,0,0,0,0,0,0,0.496
0.497,0,0,0,0,0,0,0,0,0,0,0,0,0.497
0.498,0,0,0,0,0,0,0,0,0,0,0,0,0.498
0.499,0,0,0,0,0,0,0,0,0,0,0,0,0.499
0.5,0,0,0,0,0,0,0,0,0,0,0,0,0.5
0.501,0,0,0,0,0,0,0,0,0,0,0,0,0.501
0.502,0,0,0,0,0,0,0,0,0,0,0,0,0.502
0.503,0,0,0,0,0,0,0,0,0,0,0,0,0.503
0.504,0,0,0,0,0,0,0,0,0,0,0,0,0.504
0.505,0,0,0,0,0,0,0,0,0,0,0,0,0.505
0.506,0,0,0,0,0,0,0,0,0,0,0,0,0.506
0.507,0,0,0,0,0,0,0,0,0,0,0,0,0.507
0.508,0,0,0,0,0,0,0,0,0,0,0,0,0.508
0.509,0,0,0,0,0,0,0,0,0,0,0,0,0.509
0.51,0,0,0,0,0,0,0,0,0,0,0,0,0.51
0.511,0,0,0,0,0,0,0,0,0,0,0,0,0.511
0.512,0,0,0,0,0,0,0,0,0,0,0,0,0.512
0.513,0,0,0,0,0,0,0,0,0,0,0,0,0.513
0.514,0,0,0,0,0,0,0,0,0,0,0,0,0.514
0.515,0,0,0,0,0,0,0,0,0,0,0,0,0.515
0.516,0,0,0,0,0,0,0,0,0,0,0,0,0.516
0.517,0,0,0,0,0,0,0,0,0,0,0,0,0.517
0.518,0,0,0,0,0,0,0,0,0,0,0,0,0.518
0.519,0,0,0,0,0,0,0,0,0,0,0,0,0.519
0.52,0,0,0,0,0,0,0,0,0,0,0,0,0.52
0.521,0,0,0,0,0,0,0,0,0,0,0,0,0.521
0.522,0,0,0,0,0,0,0,0,0,0,0,0,0.522
0.523,0,0,0,0,0,0,0,0,0,0,0,0,0.523
0.524,0,0,0,0,0,0,0,0,0,0,0,0,0.524
0.525,0,0,0,0,0,0,0,0,0,0,0,0,0.525
0.526,0,0,0,0,0,0,0,0,0,0,0,0,0.526
0.527,0,0,0,0,0,0,0,0,0,0,0,0,0.527
0.528,0,0,0,0,0,0,0,0,0,0,0,0,0.528
0.529,0,0,0,0,0,0,0,0,0,0,0,0,0.529
0.53,0,0,0,0,0,0,0,0,0,0,0,0,0.53
0.531,0,0,0,0,0,0,0,0,0,0,0,0,0.531
0.532,0,0,0,0,0,0,0,0,0,0,0,0,0.532
0.533,0,0,0,0,0,0,0,0,0,0,0,0,0.533
0.534,0,0,0,0,0,0,0,0,0,0,0,0,0.534
0.535,0,0,0,0,0,0,0,0,0,0,0,0,0.535
0.536,0,0,0,0,0,0,0,0,0,0,0,0,0.536
0.537,0,0,0,0,0,0,0,0,0,0,0,0,0.537
0.538,0,0,0,0,0,0,0,0,0,0,0,0,0.538
0.539,0,0,0,0,0,0,0,0,0,0,0,0,0.539
0.54,0,0,0,0,0,0,0,0,0,0,0,0,0.54
0.541,0,0,0,0,0,0,0,0,0,0,0,0,0.541
0.542,0.025155,0,0,0,0,0,0,0,0,0,0,0,0.542
0.543,0.0707216,0,0,0,0,0,0,0,0,0,-12.3391,0,0.543
0.544,0.118628,0,0,0,0,0,0,-0.0123391,0,0,-41.1771,0,0.544
0.545,0.162742,0,0,0,0,0,0,-0.0535162,0,0,-79.7376,0,0.545
0.546,0.201675,0,0,0,0,0,0,-0.133254,0,0,-121.312,0,0.546
0.547,0.235845,0,0,0,0,0,0,-0.254566,0,0,-161.603,0,0.547
0.548,0.265213,0,0.00295352,0,0,0,0,-0.416169,0,0,-198.522,0,0.548
0.549,0.289057,0,0.00760499,0,0,0,0,-0.614691,0,-1.11235,-230.854,0.185391,0.549
0.55,0.306553,0,0.0128883,0,0,0,-0.00111036,-0.845545,0.000185402,-3.44859,-257.671,0.574765,0.55
0.551,0.316981,0,0.0187481,0,0,0,-0.00455054,-1.10322,0.000755236,-6.65503,-278.152,1.10917,0.551
0.552,0.319785,0,0.0255976,0,0,0,-0.0111846,-1.38137,0.00184252,-10.5126,-291.569,1.75212,0.552
0.553,0.317395,0,0.0339818,0,0,0,-0.0216564,-1.67294,0.00353821,-15.053,-297.319,2.50902,0.553
0.554,0.312515,0,0.0441319,0,0,0,-0.0366394,-1.97026,0.00593587,-20.4919,-296.323,3.41595,0.554
0.555,0.3065,0,0.0559282,0,0,0,-0.0570203,-2.26658,0.00916424,-27.0229,-290.439,4.50545,0.555
0.556,0.300045,0,0.0692578,0,0,0,-0.0838763,-2.55703,0.0133839,-34.6942,-281.368,5.7858,0.556
0.557,0.29351,0,0.0836911,0,4.84809e-05,0,-0.118331,-2.8384,0.0187632,-43.4782,-270.384,7.25269,0.557
0.558,0.287078,0,0.0987592,0,0.000337794,0,-0.161477,-3.1088,0.0254657,-53.1845,-258.374,8.86417,0.558
0.559,0.28084,0,0.114113,0,0.000830569,0,-0.214219,-3.3672,0.0336136,-63.5116,-245.919,10.5231,0.559
0.56,0.274841,0,0.129411,0,0.0015024,0,-0.277166,-3.61316,0.0432339,-74.1644,-233.396,12.1641,0.56
0.561,0.269099,0,0.14417,0,0.00232283,0,-0.350634,-3.84661,0.0542908,-84.8554,-221.043,13.7366,0.561
0.562,0.263619,0,0.157739,0,0.00327268,0,-0.434656,-4.06773,0.0667024,-95.2515,-209.018,15.191,0.562
0.563,0.258396,0,0.169534,0,0.0043396,0,-0.52894,-4.27686,0.0803416,-104.936,-197.435,16.4657,0.563
0.564,0.253424,0,0.179048,0,0.00549757,0,-0.632781,-4.47444,0.0950249,-113.473,-186.382,17.4959,0.564
0.565,0.248695,0,0.185765,0,0.00668869,0,-0.745046,-4.661,0.110509,-120.456,-175.924,18.2236,0.565
0.566,0.244199,0,0.188987,0,0.00784212,0,-0.864203,-4.83715,0.126496,-125.491,-166.118,18.6018,0.566
0.567,0.239924,0,0.188008,0,0.00888846,0,-0.988332,-5.00353,0.142648,-128.134,-157.025,18.5813,0.567
0.568,0.235862,0,0.183558,0,0.00976288,0,-1.11508,-5.16085,0.158578,-127.911,-148.705,18.1116,0.568
0.569,0.232001,0,0.177628,0,0.0104058,0,-1.24161,-5.30988,0.173855,-124.875,-141.155,17.2306,0.569
0.57,0.228333,0,0.171184,0,0.0107627,0,-1.36517,-5.45137,0.188084,-119.835,-134.267,16.1003,0.57
0.571,0.224848,0,0.164709,0,0.0107933,0,-1.48378,-5.58598,0.201039,-113.605,-127.929,14.8822,0.571
0.572,0.221537,0,0.158441,0,0.0106718,0,-1.59625,-5.71426,0.212659,-106.818,-122.048,13.703,0.572
0.573,0.218391,0,0.152496,0,0.0104812,0,-1.70204,-5.83664,0.223008,-99.892,-116.548,12.6048,0.573
0.574,0.215402,0,0.146938,0,0.0102624,0,-1.801,-5.95351,0.232193,-93.0857,-111.373,11.5973,0.574
0.575,0.212563,0,0.14179,0,0.0100357,0,-1.89324,-6.06519,0.240329,-86.5576,-106.481,10.6796,0.575
0.576,0.209866,0,0.137055,0,0.00981091,0,-1.97903,-6.17197,0.247525,-80.3956,-101.84,9.84668,0.576
0.577,0.207303,0,0.132723,0,0.00959264,0,-2.05875,-6.27409,0.253886,-74.6428,-97.427,9.09302,0.577
0.578,0.204869,0,0.128793,0,0.00938291,0,-2.13277,-6.37178,0.259506,-69.3136,-93.2222,8.4129,0.578
0.579,0.202556,0,0.125255,0,0.00918248,0,-2.20154,-6.46525,0.264475,-64.4104,-89.21,7.80185,0.579
0.58,0.200359,0,0.122101,0,0.00899148,0,-2.26545,-6.55469,0.268872,-59.9269,-85.377,7.25595,0.58
0.581,0.198271,0,0.11931,0,0.00880973,0,-2.32493,-6.64029,0.272773,-55.8519,-81.7111,6.77171,0.581
0.582,0.196288,0,0.116868,0,0.00863692,0,-2.38038,-6.72221,0.276248,-52.1679,-78.2021,6.34539,0.582
0.583,0.194405,0,0.114757,0,0.00847267,0,-2.43219,-6.80061,0.279361,-48.8557,-74.8407,5.97339,0.583
0.584,0.192615,0,0.112957,0,0.0083166,0,-2.48071,-6.87563,0.282173,-45.8956,-71.6186,5.6523,0.584
0.585,0.190915,0,0.111387,0,0.00816831,0,-2.5263,-6.94743,0.284738,-43.2654,-68.5284,5.37844,0.585
0.586,0.1893,0,0.109967,0,0.00802743,0,-2.56928,-7.01613,0.287108,-40.9208,-65.5668,5.14455,0.586
0.587,0.187765,0,0.108652,0,0.00789358,0,-2.60993,-7.08186,0.289325,-38.8045,-62.7329,4.94127,0.587
0.588,0.186308,0,0.10742,0,0.00776643,0,-2.64847,-7.14475,0.291421,-36.868,-60.0254,4.7607,0.588
0.589,0.184923,0,0.106259,0,0.00764563,0,-2.68509,-7.20493,0.293418,-35.075,-57.4416,4.59706,0.589
0.59,0.183607,0,0.10516,0,0.00753087,0,-2.71993,-7.26253,0.295334,-33.4002,-54.9776,4.44635,0.59
0.591,0.182358,0,0.104118,0,0.00742184,0,-2.75309,-7.31765,0.297181,-31.826,-52.629,4.30589,0.591
0.592,0.18117,0,0.10313,0,0.00731827,0,-2.78469,-7.37043,0.298969,-30.3401,-50.3909,4.17387,0.592
0.593,0.180042,0,0.102191,0,0.00721988,0,-2.81481,-7.42096,0.300704,-28.9335,-48.2583,4.04908,0.593
0.594,0.178971,0,0.1013,0,0.00712641,0,-2.84353,-7.46936,0.302393,-27.5997,-46.2263,3.93064,0.594
0.595,0.177953,0,0.100453,0,0.00703761,0,-2.87091,-7.51573,0.304039,-26.3334,-44.2899,3.81794,0.595
0.596,0.176986,0,0.0996489,0,0.00695325,0,-2.89703,-7.56015,0.305648,-25.1302,-42.4446,3.71048,0.596
0.597,0.176067,0,0.0988849,0,0.00687311,0,-2.92196,-7.60273,0.307222,-23.9865,-40.6857,3.60787,0.597
0.598,0.175194,0,0.098159,0,0.00679697,0,-2.94574,-7.64355,0.308765,-22.8989,-39.009,3.50979,0.598
0.599,0.174365,0,0.0974695,0,0.00672464,0,-2.96844,-7.68268,0.310279,-21.8644,-37.4104,3.41595,0.599
0.6,0.173578,0,0.0968145,0,0.00665593,0,-2.9901,-7.72022,0.311766,-20.8801,-35.886,3.32608,0.6
0.601,0.172829,0,0.0961922,0,0.00659066,0,-3.01079,-7.75623,0.313229,-19.9436,-34.4321,3.23997,0.601
0.602,0.172119,0,0.0956011,0,0.00652864,0,-3.03054,-7.79079,0.314669,-19.0524,-33.0452,3.15738,0.602
0.603,0.171443,0,0.0950394,0,0.00646973,0,-3.0494,-7.82395,0.316088,-18.2041,-31.7221,3.07813,0.603
0.604,0.170802,0,0.0945059,0,0.00641377,0,-3.06741,-7.85579,0.317488,-17.3966,-30.4595,3.00202,0.604
0.605,0.170192,0,0.0939991,0,0.0063606,0,-3.08462,-7.88637,0.318868,-16.6278,-29.2546,2.9289,0.605
0.606,0.169613,0,0.0935176,0,0.00631009,0,-3.10106,-7.91574,0.320232,-15.8958,-28.1043,2.85859,0.606
0.607,0.169063,0,0.0930601,0,0.00626211,0,-3.11677,-7.94396,0.321578,-15.1987,-27.0062,2.79095,0.607
0.608,0.168541,0,0.0926256,0,0.00621652,0,-3.13178,-7.97108,0.32291,-14.5348,-25.9575,2.72584,0.608
0.609,0.168044,0,0.0922128,0,0.00617322,0,-3.14614,-7.99714,0.324226,-13.9025,-24.956,2.66313,0.609
0.61,0.167573,0,0.0918206,0,0.00613208,0,-3.15986,-8.02221,0.325528,-13.3001,-23.9992,2.60269,0.61
0.611,0.167125,0,0.091448,0,0.00609299,0,-3.17298,-8.04631,0.326817,-12.7262,-23.0852,2.5444,0.611
0.612,0.166699,0,0.091094,0,0.00605586,0,-3.18552,-8.0695,0.328092,-12.1794,-22.2117,2.48816,0.612
0.613,0.166295,0,0.0907578,0,0.00602059,0,-3.19753,-8.09182,0.329354,-11.6583,-21.3767,2.43387,0.613
0.614,0.16591,0,0.0904384,0,0.00546617,0,-3.20901,-8.1133,0.330605,-11.1616,-20.5786,2.38143,0.614
0.615,0.159873,0,0.0854173,0,0.00519993,0,-3.22,-8.13398,0.331843,-10.7326,-19.8227,2.44904,0.615
0.616,0.156973,0,0.0830061,0,0.00506681,0,-3.23054,-8.15391,0.333188,-8.70723,-16.7823,2.24588,0.616
0.617,0.155524,0,0.0818005,0,0.00500025,0,-3.23906,-8.17079,0.334498,-6.73095,-13.8293,2.01869,0.617
0.618,0.154799,0,0.0811977,0,0.00496697,0,-3.24561,-8.18471,0.335745,-5.20642,-11.5404,1.8334,0.618
0.619,0.154436,0,0.0808963,0,0.00495033,0,-3.25065,-8.19634,0.336934,-4.14079,-9.92194,1.69792,0.619
0.62,0.154255,0,0.0807456,0,0.00494201,0,-3.25463,-8.20634,0.338078,-3.43182,-8.82361,1.60283,0.62
0.621,0.154164,0,0.0806703,0,0.00493785,0,-3.2579,-8.21524,0.339189,-2.97074,-8.08661,1.53627,0.621
0.622,0.154119,0,0.0806326,0,0.00493577,0,-3.26072,-8.2234,0.340274,-2.67172,-7.586,1.48846,0.622
0.623,0.154097,0,0.0806138,0,0.00493473,0,-3.26324,-8.23106,0.34134,-2.47472,-7.23451,1.45249,0.623
0.624,0.154085,0,0.0806044,0,0.00493421,0,-3.26556,-8.23836,0.342389,-2.34038,-6.97497,1.42379,0.624
0.625,0.15408,0,0.0805997,0,0.00493395,0,-3.26775,-8.24541,0.343424,-2.24391,-6.77142,1.39951,0.625
0.626,0.154077,0,0.0805973,0,0.00493382,0,-3.26985,-8.25225,0.344445,-2.17015,-6.60186,1.3779,0.626
0.627,0.154075,0,0.0805961,0,0.00493375,0,-3.27188,-8.25892,0.345455,-2.10998,-6.45307,1.35793,0.627
0.628,0.154075,0,0.0805955,0,0.00493372,0,-3.27384,-8.26544,0.346453,-2.05802,-6.31725,1.33897,0.628
0.629,0.154074,0,0.0805952,0,0.0049337,0,-3.27576,-8.27182,0.347439,-2.01112,-6.18982,1.32068,0.629
0.63,0.154074,0,0.0805951,0,0.00493369,0,-3.27763,-8.27808,0.348414,-1.96745,-6.06811,1.30286,0.63
0.631,0.154074,0,0.080595,0,0.00493369,0,-3.27946,-8.28421,0.349378,-1.92596,-5.95058,1.2854,0.631
0.632,0.154074,0,0.080595,0,0.00493369,0,-3.28125,-8.29023,0.350331,-1.88603,-5.83634,1.26821,0.632
0.633,0.154074,0,0.080595,0,0.00493369,0,-3.283,-8.29612,0.351273,-1.84731,-5.72486,1.25127,0.633
0.634,0.154074,0,0.0805949,0,0.00493369,0,-3.28471,-8.30191,0.352204,-1.8096,-5.61582,1.23456,0.634
0.635,0.154074,0,0.0805949,0,0.00493369,0,-3.28639,-8.30759,0.353124,-1.77277,-5.50903,1.21806,0.635
0.636,0.154074,0,0.0805949,0,0.00493369,0,-3.28803,-8.31316,0.354034,-1.73676,-5.40437,1.20176,0.636
0.637,0.154074,0,0.0805949,0,0.00493369,0,-3.28963,-8.31862,0.354933,-1.70152,-5.30175,1.18566,0.637
0.638,0.154074,0,0.0805949,0,0.00493369,0,-3.29121,-8.32398,0.355822,-1.667,-5.2011,1.16976,0.638
0.639,0.154074,0,0.0805949,0,0.00493369,0,-3.29275,-8.32924,0.3567,-1.63319,-5.10239,1.15405,0.639
0.64,0.154074,0,0.0805949,0,0.00493369,0,-3.29426,-8.3344,0.357569,-1.60007,-5.00555,1.13853,0.64
0.641,0.154074,0,0.0805949,0,0.00493369,0,-3.29573,-8.33947,0.358427,-1.56761,-4.91055,1.1232,0.641
0.642,0.154074,0,0.0805949,0,0.00493369,0,-3.29718,-8.34443,0.359275,-1.53582,-4.81736,1.10805,0.642
0.643,0.154074,0,0.0805949,0,0.00493369,0,-3.29859,-8.34931,0.360113,-1.50466,-4.72593,1.09309,0.643
0.644,0.154074,0,0.0805949,0,0.00493369,0,-3.29997,-8.35409,0.360941,-1.47413,-4.63624,1.07831,0.644
0.645,0.154074,0,0.0805949,0,0.00493369,0,-3.30133,-8.35878,0.361759,-1.44421,-4.54825,1.06371,0.645
0.646,0.154074,0,0.0805949,0,0.00493369,0,-3.30266,-8.36338,0.362568,-1.4149,-4.46193,1.04929,0.646
0.647,0.154074,0,0.0805949,0,0.00493369,0,-3.30395,-8.3679,0.363367,-1.38618,-4.37725,1.03504,0.647
0.648,0.154074,0,0.0805949,0,0.00493369,0,-3.30523,-8.37233,0.364156,-1.35803,-4.29417,1.02097,0.648
0.649,0.154074,0,0.0805949,0,0.00493369,0,-3.30647,-8.37667,0.364936,-1.33045,-4.21266,1.00708,0.649
0.65,0.154074,0,0.0805949,0,0.00493369,0,-3.30769,-8.38093,0.365707,-1.30343,-4.1327,0.99335,0.65
0.651,0.154074,0,0.0805949,0,0.00493369,0,-3.30888,-8.38512,0.366468,-1.27695,-4.05426,0.979794,0.651
0.652,0.154074,0,0.0805949,0,0.00493369,0,-3.31005,-8.38922,0.36722,-1.25101,-3.9773,0.966407,0.652
0.653,0.154074,0,0.0805949,0,0.00493369,0,-3.31119,-8.39325,0.367964,-1.22559,-3.90181,0.953186,0.653
0.654,0.154074,0,0.0805949,0,0.00493369,0,-3.31231,-8.3972,0.368698,-1.20068,-3.82774,0.940129,0.654
0.655,0.154074,0,0.0805949,0,0.00493369,0,-3.3134,-8.40107,0.369423,-1.17627,-3.75509,0.927235,0.655
0.656,0.154074,0,0.0805949,0,0.00493369,0,-3.31448,-8.40488,0.370139,-1.15235,-3.6838,0.914503,0.656
0.657,0.154074,0,0.0805949,0,0.00493369,0,-3.31552,-8.40861,0.370847,-1.12892,-3.61387,0.90193,0.657
0.658,0.154074,0,0.0805949,0,0.00493369,0,-3.31655,-8.41227,0.371546,-1.10596,-3.54527,0.889514,0.658
0.659,0.154074,0,0.0805949,0,0.00493369,0,-3.31756,-8.41586,0.372236,-1.08346,-3.47797,0.877255,0.659
0.66,0.154074,0,0.0805949,0,0.00493369,0,-3.31854,-8.41938,0.372918,-1.06142,-3.41194,0.865151,0.66
0.661,0.154074,0,0.0805949,0,0.00493369,0,-3.3195,-8.42284,0.373591,-1.03982,-3.34717,0.853199,0.661
0.662,0.154074,0,0.0805949,0,0.00493369,0,-3.32045,-8.42623,0.374256,-1.01866,-3.28363,0.841399,0.662
0.663,0.154074,0,0.0805949,0,0.00493369,0,-3.32137,-8.42956,0.374913,-0.997922,-3.22129,0.829748,0.663
0.664,0.154074,0,0.0805949,0,0.00493369,0,-3.32227,-8.43282,0.375562,-0.977605,-3.16013,0.818245,0.664
0.665,0.154074,0,0.0805949,0,0.00493369,0,-3.32315,-8.43602,0.376203,-0.957698,-3.10014,0.806889,0.665
0.666,0.154074,0,0.0805949,0,0.00493369,0,-3.32402,-8.43916,0.376835,-0.938193,-3.04128,0.795678,0.666
0.667,0.154074,0,0.0805949,0,0.00493369,0,-3.32487,-8.44225,0.37746,-0.919082,-2.98354,0.784609,0.667
0.668,0.154074,0,0.0805949,0,0.00493369,0,-3.32569,-8.44527,0.378077,-0.900356,-2.92689,0.773683,0.668
0.669,0.154074,0,0.0805949,0,0.00493369,0,-3.3265,-8.44824,0.378686,-0.882009,-2.87132,0.762897,0.669
0.67,0.154074,0,0.0805949,0,0.00493369,0,-3.3273,-8.45115,0.379288,-0.864033,-2.81681,0.752249,0.67
0.671,0.154074,0,0.0805949,0,0.00493369,0,-3.32808,-8.454,0.379882,-0.84642,-2.76333,0.741739,0.671
0.672,0.154074,0,0.0805949,0,0.00493369,0,-3.32884,-8.4568,0.380468,-0.829163,-2.71086,0.731364,0.672
0.673,0.154074,0,0.0805949,0,0.00493369,0,-3.32958,-8.45955,0.381047,-0.812255,-2.65939,0.721123,0.673
0.674,0.154074,0,0.0805949,0,0.00493369,0,-3.33031,-8.46225,0.381619,-0.795688,-2.60889,0.711015,0.674
0.675,0.154074,0,0.0805949,0,0.00493369,0,-3.33102,-8.4649,0.382183,-0.779457,-2.55936,0.701038,0.675
0.676,0.154074,0,0.0805949,0,0.00493369,0,-3.33172,-8.46749,0.38274,-0.763554,-2.51076,0.69119,0.676
0.677,0.154074,0,0.0805949,0,0.00493369,0,-3.3324,-8.47004,0.383291,-0.747972,-2.46309,0.681471,0.677
0.678,0.154074,0,0.0805949,0,0.00493369,0,-3.33307,-8.47254,0.383834,-0.732706,-2.41632,0.671879,0.678
0.679,0.154074,0,0.0805949,0,0.00493369,0,-3.33372,-8.47499,0.38437,-0.717748,-2.37044,0.662411,0.679
0.68,0.154074,0,0.0805949,0,0.00493369,0,-3.33436,-8.47739,0.384899,-0.703094,-2.32542,0.653068,0.68
0.681,0.154074,0,0.0805949,0,0.00493369,0,-3.33499,-8.47975,0.385421,-0.688735,-2.28127,0.643847,0.681
0.682,0.154074,0,0.0805949,0,0.00493369,0,-3.3356,-8.48207,0.385937,-0.674668,-2.23795,0.634747,0.682
0.683,0.154074,0,0.0805949,0,0.00493369,0,-3.3362,-8.48434,0.386446,-0.660885,-2.19545,0.625767,0.683
0.684,0.154074,0,0.0805949,0,0.00493369,0,-3.33679,-8.48657,0.386949,-0.647381,-2.15376,0.616905,0.684
0.685,0.154074,0,0.0805949,0,0.00493369,0,-3.33736,-8.48875,0.387444,-0.634151,-2.11287,0.60816,0.685
0.686,0.154074,0,0.0805949,0,0.00493369,0,-3.33792,-8.4909,0.387934,-0.621189,-2.07274,0.599531,0.686
0.687,0.154074,0,0.0805949,0,0.00493369,0,-3.33847,-8.493,0.388417,-0.608489,-2.03338,0.591016,0.687
0.688,0.154074,0,0.0805949,0,0.00493369,0,-3.33901,-8.49507,0.388894,-0.596047,-1.99477,0.582613,0.688
0.689,0.154074,0,0.0805949,0,0.00493369,0,-3.33954,-8.49709,0.389365,-0.583856,-1.95689,0.574323,0.689
0.69,0.154074,0,0.0805949,0,0.00493369,0,-3.34005,-8.49908,0.389829,-0.571913,-1.91973,0.566142,0.69
0.691,0.154074,0,0.0805949,0,0.00493369,0,-3.34056,-8.50103,0.390287,-0.560212,-1.88327,0.558071,0.691
0.692,0.154074,0,0.0805949,0,0.00493369,0,-3.34105,-8.50294,0.39074,-0.548748,-1.84751,0.550107,0.692
0.693,0.154074,0,0.0805949,0,0.00493369,0,-3.34153,-8.50482,0.391186,-0.537516,-1.81243,0.542249,0.693
0.694,0.154074,0,0.0805949,0,0.00493369,0,-3.34201,-8.50666,0.391627,-0.526513,-1.77801,0.534497,0.694
0.695,0.154074,0,0.0805949,0,0.00493369,0,-3.34247,-8.50846,0.392061,-0.515732,-1.74424,0.526848,0.695
0.696,0.154074,0,0.0805949,0,0.00493369,0,-3.34292,-8.51024,0.39249,-0.50517,-1.71112,0.519303,0.696
0.697,0.154074,0,0.0805949,0,0.00493369,0,-3.34336,-8.51197,0.392914,-0.494823,-1.67862,0.511858,0.697
0.698,0.154074,0,0.0805949,0,0.00493369,0,-3.3438,-8.51368,0.393331,-0.484685,-1.64674,0.504514,0.698
0.699,0.154074,0,0.0805949,0,0.00493369,0,-3.34422,-8.51535,0.393743,-0.474753,-1.61547,0.497269,0.699
0.7,0.154074,0,0.0805949,0,0.00493369,0,-3.34463,-8.51699,0.39415,-0.465023,-1.58479,0.490121,0.7
0.701,0.154074,0,0.0805949,0,0.00493369,0,-3.34504,-8.51861,0.394551,-0.45549,-1.55469,0.48307,0.701
0.702,0.154074,0,0.0805949,0,0.00493369,0,-3.34544,-8.52019,0.394947,-0.446151,-1.52517,0.476115,0.702
0.703,0.154074,0,0.0805949,0,0.00493369,0,-3.34582,-8.52174,0.395338,-0.437002,-1.4962,0.469254,0.703
0.704,0.154074,0,0.0805949,0,0.00493369,0,-3.3462,-8.52326,0.395723,-0.428038,-1.46779,0.462486,0.704
0.705,0.154074,0,0.0805949,0,0.00493369,0,-3.34658,-8.52475,0.396104,-0.419257,-1.43991,0.45581,0.705
0.706,0.154074,0,0.0805949,0,0.00493369,0,-3.34694,-8.52621,0.396479,-0.410654,-1.41257,0.449224,0.706
0.707,0.154074,0,0.0805949,0,0.00493369,0,-3.3473,-8.52765,0.396849,-0.402225,-1.38574,0.442729,0.707
0.708,0.154074,0,0.0805949,0,0.00493369,0,-3.34764,-8.52906,0.397214,-0.393968,-1.35942,0.436322,0.708
0.709,0.154074,0,0.0805949,0,0.00493369,0,-3.34798,-8.53044,0.397574,-0.385879,-1.33361,0.430003,0.709
0.71,0.154074,0,0.0805949,0,0.00493369,0,-3.34832,-8.5318,0.397929,-0.377955,-1.30828,0.42377,0.71
0.711,0.154074,0,0.0805949,0,0.00493369,0,-3.34864,-8.53313,0.39828,-0.370191,-1.28343,0.417623,0.711
0.712,0.154074,0,0.0805949,0,0.00493369,0,-3.34896,-8.53443,0.398626,-0.362586,-1.25906,0.411559,0.712
0.713,0.154074,0,0.0805949,0,0.00493369,0,-3.34927,-8.53572,0.398967,-0.355135,-1.23515,0.40558,0.713
0.714,0.154074,0,0.0805949,0,0.00493369,0,-3.34958,-8.53697,0.399303,-0.347835,-1.21169,0.399682,0.714
0.715,0.154074,0,0.0805949,0,0.00493369,0,-3.34988,-8.53821,0.399635,-0.340685,-1.18868,0.393865,0.715
0.716,0.154074,0,0.0805949,0,0.00493369,0,-3.35017,-8.53941,0.399962,-0.333679,-1.1661,0.388129,0.716
0.717,0.154074,0,0.0805949,0,0.00493369,0,-3.35046,-8.5406,0.400285,-0.326817,-1.14395,0.382472,0.717
0.718,0.154074,0,0.0805949,0,0.00493369,0,-3.35073,-8.54177,0.400604,-0.320094,-1.12223,0.376893,0.718
0.719,0.154074,0,0.0805949,0,0.00493369,0,-3.35101,-8.54291,0.400918,-0.313508,-1.10091,0.371391,0.719
0.72,0.154074,0,0.0805949,0,0.00493369,0,-3.35128,-8.54403,0.401228,-0.307056,-1.08001,0.365966,0.72
0.721,0.154074,0,0.0805949,0,0.00493369,0,-3.35154,-8.54513,0.401533,-0.300735,-1.05949,0.360616,0.721
0.722,0.154074,0,0.0805949,0,0.00493369,0,-3.35179,-8.54621,0.401835,-0.294544,-1.03937,0.35534,0.722
0.723,0.154074,0,0.0805949,0,0.00493369,0,-3.35204,-8.54727,0.402132,-0.288478,-1.01963,0.350137,0.723
0.724,0.154074,0,0.0805949,0,0.00493369,0,-3.35229,-8.5483,0.402425,-0.282536,-1.00027,0.345007,0.724
0.725,0.154074,0,0.0805949,0,0.00493369,0,-3.35253,-8.54932,0.402714,-0.276715,-0.981269,0.339948,0.725
0.726,0.154074,0,0.0805949,0,0.00493369,0,-3.35276,-8.55032,0.402999,-0.271013,-0.962633,0.33496,0.726
0.727,0.154074,0,0.0805949,0,0.00493369,0,-3.35299,-8.5513,0.403281,-0.265427,-0.94435,0.330041,0.727
0.728,0.154074,0,0.0805949,0,0.00493369,0,-3.35322,-8.55227,0.403558,-0.259955,-0.926415,0.325191,0.728
0.729,0.154074,0,0.0805949,0,0.00493369,0,-3.35344,-8.55321,0.403832,-0.254595,-0.90882,0.32041,0.729
0.73,0.154074,0,0.0805949,0,0.00493369,0,-3.35365,-8.55413,0.404101,-0.249344,-0.891559,0.315695,0.73
0.731,0.154074,0,0.0805949,0,0.00493369,0,-3.35386,-8.55504,0.404367,-0.2442,-0.874627,0.311046,0.731
0.732,0.154074,0,0.0805949,0,0.00493369,0,-3.35406,-8.55593,0.404629,-0.239161,-0.858015,0.306462,0.732
0.733,0.154074,0,0.0805949,0,0.00493369,0,-3.35427,-8.55681,0.404888,-0.234225,-0.84172,0.301943,0.733
0.734,0.154074,0,0.0805949,0,0.00493369,0,-3.35446,-8.55767,0.405143,-0.22939,-0.825733,0.297488,0.734
0.735,0.154074,0,0.0805949,0,0.00493369,0,-3.35465,-8.55851,0.405395,-0.224653,-0.810051,0.293095,0.735
0.736,0.154074,0,0.0805949,0,0.00493369,0,-3.35484,-8.55933,0.405642,-0.220013,-0.794666,0.288764,0.736
0.737,0.154074,0,0.0805949,0,0.00493369,0,-3.35502,-8.56014,0.405887,-0.215468,-0.779573,0.284494,0.737
0.738,0.154074,0,0.0805949,0,0.00493369,0,-3.3552,-8.56094,0.406128,-0.211016,-0.764767,0.280285,0.738
0.739,0.154074,0,0.0805949,0,0.00493369,0,-3.35538,-8.56172,0.406366,-0.206655,-0.750243,0.276135,0.739
0.74,0.154074,0,0.0805949,0,0.00493369,0,-3.35555,-8.56248,0.4066,-0.202383,-0.735994,0.272044,0.74
0.741,0.154074,0,0.0805949,0,0.00493369,0,-3.35572,-8.56324,0.406831,-0.198198,-0.722015,0.268011,0.741
0.742,0.154074,0,0.0805949,0,0.00493369,0,-3.35588,-8.56397,0.407059,-0.194099,-0.708303,0.264035,0.742
0.743,0.154074,0,0.0805949,0,0.00493369,0,-3.35604,-8.56469,0.407284,-0.190083,-0.69485,0.260116,0.743
0.744,0.154074,0,0.0805949,0,0.00493369,0,-3.3562,-8.5654,0.407505,-0.18615,-0.681654,0.256252,0.744
0.745,0.154074,0,0.0805949,0,0.00493369,0,-3.35636,-8.5661,0.407723,-0.182297,-0.668707,0.252443,0.745
0.746,0.154074,0,0.0805949,0,0.00493369,0,-3.35651,-8.56678,0.407939,-0.178524,-0.656007,0.248689,0.746
0.747,0.154074,0,0.0805949,0,0.00493369,0,-3.35665,-8.56745,0.408151,-0.174827,-0.643548,0.244988,0.747
0.748,0.154074,0,0.0805949,0,0.00493369,0,-3.3568,-8.56811,0.40836,-0.171206,-0.631326,0.24134,0.748
0.749,0.154074,0,0.0805949,0,0.00493369,0,-3.35694,-8.56875,0.408566,-0.167659,-0.619335,0.237744,0.749
0.75,0.154074,0,0.0805949,0,0.00493369,0,-3.35707,-8.56938,0.40877,-0.164184,-0.607573,0.234199,0.75
0.751,0.154074,0,0.0805949,0,0.00493369,0,-3.35721,-8.57,0.40897,-0.160781,-0.596034,0.230705,0.751
0.752,0.154074,0,0.0805949,0,0.00493369,0,-3.35734,-8.57061,0.409168,-0.157448,-0.584714,0.227261,0.752
0.753,0.154074,0,0.0805949,0,0.00493369,0,-3.35747,-8.57121,0.409363,-0.154183,-0.573609,0.223867,0.753
0.754,0.154074,0,0.0805949,0,0.00493369,0,-3.35759,-8.5718,0.409555,-0.150985,-0.562715,0.220521,0.754
0.755,0.154074,0,0.0805949,0,0.00493369,0,-3.35772,-8.57237,0.409744,-0.147852,-0.552028,0.217223,0.755
0.756,0.154074,0,0.0805949,0,0.00493369,0,-3.35784,-8.57293,0.409931,-0.144783,-0.541543,0.213973,0.756
0.757,0.154074,0,0.0805949,0,0.00493369,0,-3.35795,-8.57349,0.410114,-0.141778,-0.531258,0.210769,0.757
0.758,0.154074,0,0.0805949,0,0.00493369,0,-3.35807,-8.57403,0.410296,-0.138834,-0.521169,0.207612,0.758
0.759,0.154074,0,0.0805949,0,0.00493369,0,-3.35818,-8.57456,0.410475,-0.13595,-0.511271,0.2045,0.759
0.76,0.154074,0,0.0805949,0,0.00493369,0,-3.35829,-8.57508,0.410651,-0.133126,-0.501561,0.201433,0.76
0.761,0.154074,0,0.0805949,0,0.00493369,0,-3.3584,-8.5756,0.410824,-0.13036,-0.492035,0.19841,0.761
0.762,0.154074,0,0.0805949,0,0.00493369,0,-3.3585,-8.5761,0.410996,-0.12765,-0.482691,0.195431,0.762
0.763,0.154074,0,0.0805949,0,0.00493369,0,-3.35861,-8.57659,0.411164,-0.124996,-0.473524,0.192495,0.763
0.764,0.154074,0,0.0805949,0,0.00493369,0,-3.35871,-8.57708,0.41133,-0.122396,-0.46453,0.189601,0.764
0.765,0.154074,0,0.0805949,0,0.00493369,0,-3.3588,-8.57755,0.411494,-0.11985,-0.455708,0.186749,0.765
0.766,0.154074,0,0.0805949,0,0.00493369,0,-3.3589,-8.57802,0.411656,-0.117356,-0.447054,0.183939,0.766
0.767,0.154074,0,0.0805949,0,0.00493369,0,-3.35899,-8.57847,0.411815,-0.114914,-0.438563,0.181169,0.767
0.768,0.154074,0,0.0805949,0,0.00493369,0,-3.35908,-8.57892,0.411972,-0.112521,-0.430234,0.17844,0.768
0.769,0.154074,0,0.0805949,0,0.00493369,0,-3.35917,-8.57936,0.412127,-0.110178,-0.422064,0.17575,0.769
0.77,0.154074,0,0.0805949,0,0.00493369,0,-3.35926,-8.57979,0.412279,-0.107883,-0.414048,0.1731,0.77
0.771,0.154074,0,0.0805949,0,0.00493369,0,-3.35935,-8.58022,0.412429,-0.105635,-0.406185,0.170488,0.771
0.772,0.154074,0,0.0805949,0,0.00493369,0,-3.35943,-8.58063,0.412577,-0.103434,-0.398471,0.167914,0.772
0.773,0.154074,0,0.0805949,0,0.00493369,0,-3.35951,-8.58104,0.412723,-0.101277,-0.390903,0.165377,0.773
0.774,0.154074,0,0.0805949,0,0.00493369,0,-3.35959,-8.58144,0.412867,-0.0991652,-0.383479,0.162878,0.774
0.775,0.154074,0,0.0805949,0,0.00493369,0,-3.35967,-8.58183,0.413009,-0.0970967,-0.376197,0.160415,0.775
0.776,0.154074,0,0.0805949,0,0.00493369,0,-3.35975,-8.58222,0.413148,-0.0950707,-0.369052,0.157988,0.776
0.777,0.154074,0,0.0805949,0,0.00493369,0,-3.35982,-8.5826,0.413286,-0.0930865,-0.362044,0.155597,0.777
0.778,0.154074,0,0.0805949,0,0.00493369,0,-3.35989,-8.58297,0.413422,-0.0911431,-0.355168,0.15324,0.778
0.779,0.154074,0,0.0805949,0,0.00493369,0,-3.35996,-8.58333,0.413555,-0.0892398,-0.348423,0.150918,0.779
0.78,0.154074,0,0.0805949,0,0.00493369,0,-3.36003,-8.58369,0.413687,-0.0873757,-0.341806,0.14863,0.78
0.781,0.154074,0,0.0805949,0,0.00493369,0,-3.3601,-8.58404,0.413817,-0.0855499,-0.335315,0.146376,0.781
0.782,0.154074,0,0.0805949,0,0.00493369,0,-3.36017,-8.58438,0.413945,-0.0837618,-0.328947,0.144155,0.782
0.783,0.154074,0,0.0805949,0,0.00493369,0,-3.36023,-8.58472,0.414071,-0.0820106,-0.3227,0.141966,0.783
0.784,0.154074,0,0.0805949,0,0.00493369,0,-3.3603,-8.58505,0.414195,-0.0802955,-0.316572,0.139809,0.784
0.785,0.154074,0,0.0805949,0,0.00493369,0,-3.36036,-8.58537,0.414317,-0.0786158,-0.31056,0.137685,0.785
0.786,0.154074,0,0.0805949,0,0.00493369,0,-3.36042,-8.58569,0.414438,-0.0769707,-0.304662,0.135591,0.786
0.787,0.154074,0,0.0805949,0,0.00493369,0,-3.36048,-8.586,0.414557,-0.0753595,-0.298877,0.133528,0.787
0.788,0.154074,0,0.0805949,0,0.00493369,0,-3.36054,-8.58631,0.414674,-0.0737816,-0.293201,0.131496,0.788
0.789,0.154074,0,0.0805949,0,0.00493369,0,-3.36059,-8.58661,0.414789,-0.0722363,-0.287633,0.129494,0.789
0.79,0.154074,0,0.0805949,0,0.00493369,0,-3.36065,-8.5869,0.414903,-0.0707229,-0.282171,0.127521,0.79
0.791,0.154074,0,0.0805949,0,0.00493369,0,-3.3607,-8.58719,0.415015,-0.0692407,-0.276812,0.125577,0.791
0.792,0.154074,0,0.0805949,0,0.00493369,0,-3.36076,-8.58748,0.415125,-0.0677892,-0.271555,0.123662,0.792
0.793,0.154074,0,0.0805949,0,0.00493369,0,-3.36081,-8.58775,0.415234,-0.0663676,-0.266399,0.121776,0.793
0.794,0.154074,0,0.0805949,0,0.00493369,0,-3.36086,-8.58803,0.415341,-0.0649755,-0.26134,0.119917,0.794
0.795,0.154074,0,0.0805949,0,0.00493369,0,-3.36091,-8.5883,0.415447,-0.0636121,-0.256377,0.118086,0.795
0.796,0.154074,0,0.0805949,0,0.00493369,0,-3.36095,-8.58856,0.415551,-0.0622769,-0.251508,0.116282,0.796
0.797,0.154074,0,0.0805949,0,0.00493369,0,-3.361,-8.58882,0.415653,-0.0609693,-0.246732,0.114505,0.797
0.798,0.154074,0,0.0805949,0,0.00493369,0,-3.36105,-8.58907,0.415754,-0.0596887,-0.242047,0.112754,0.798
0.799,0.154074,0,0.0805949,0,0.00493369,0,-3.36109,-8.58932,0.415854,-0.0584347,-0.23745,0.111029,0.799
0,0.154074,0,0.0805949,0,0.00493369,0,-3.36114,-8.58956,0.415952,-0.0572066,-0.232941,0.10933,0.8
