BST,AMR,ALR,AIR,ASR,ASO,AIO,RX,RY,RZ,RXu,RYu,RZu,SST
0,0,0,0,0,0,0,0,0,0,0,0,0,0
0,0,0,0,0,0,0,0,0,0,0,0,0,0
0,0,0,0,0,0,0,0,0,0,0,0,0,0
0.001,0,0,0,0,0,0,0,0,0,0,0,0,0.001
0.002,0,0,0,0,0,0,0,0,0,0,0,0,0.002
0.003,0,0,0,0,0,0,0,0,0,0,0,0,0.003
0.004,0,0,0,0,0,0,0,0,0,0,0,0,0.004
0.005,0,0,0,0,0,0,0,0,0,0,0,0,0.005
0.006,0,0,0,0,0,0,0,0,0,0,0,0,0.006
0.007,0,0,0,0,0,0,0,0,0,0,0,0,0.007
0.008,0,0,0,0,0,0,0,0,0,0,0,0,0.008
0.009,0,0,0,0,0,0,0,0,0,0,0,0,0.009
0.01,0,0,0,0,0,0,0,0,0,0,0,0,0.01
0.011,0,0,0,0,0,0,0,0,0,0,0,0,0.011
0.012,0,0,0,0,0,0,0,0,0,0,0,0,0.012
0.013,0,0,0,0,0,0,0,0,0,0,0,0,0.013
0.014,0,0,0,0,0,0,0,0,0,0,0,0,0.014
0.015,0,0,0,0,0,0,0,0,0,0,0,0,0.015
0.016,0,0,0,0,0,0,0,0,0,0,0,0,0.016
0.017,0,0,0,0,0,0,0,0,0,0,0,0,0.017
0.018,0,0,0,0,0,0,0,0,0,0,0,0,0.018
0.019,0,0,0,0,0,0,0,0,0,0,0,0,0.019
0.02,0,0,0,0,0,0,0,0,0,0,0,0,0.02
0.021,0,0,0,0,0,0,0,0,0,0,0,0,0.021
0.022,0,0,0,0,0,0,0,0,0,0,0,0,0.022
0.023,0,0,0,0,0,0,0,0,0,0,0,0,0.023
0.024,0,0,0,0,0,0,0,0,0,0,0,0,0.024
0.025,0,0,0,0,0,0,0,0,0,0,0,0,0.025
0.026,0,0,0,0,0,0,0,0,0,0,0,0,0.026
0.027,0,0,0,0,0,0,0,0,0,0,0,0,0.027
0.028,0,0,0,0,0,0,0,0,0,0,0,0,0.028
0.029,0,0,0,0,0,0,0,0,0,0,0,0,0.029
0.03,0,0,0,0,0,0,0,0,0,0,0,0,0.03
0.031,0,0,0,0,0,0,0,0,0,0,0,0,0.031
0.032,0,0,0,0,0,0,0,0,0,0,0,0,0.032
0.033,0,0,0,0,0,0,0,0,0,0,0,0,0.033
0.034,0,0,0,0,0,0,0,0,0,0,0,0,0.034
0.035,0,0,0,0,0,0,0,0,0,0,0,0,0.035
0.036,0,0,0,0,0,0,0,0,0,0,0,0,0.036
0.037,0,0,0,0,0,0,0,0,0,0,0,0,0.037
0.038,0,0,0,0,0,0,0,0,0,0,0,0,0.038
0.039,0,0,0,0,0,0,0,0,0,0,0,0,0.039
0.04,0,0,0,0,0,0,0,0,0,0,0,0,0.04
0.041,0,0,0,0,0,0,0,0,0,0,0,0,0.041
0.042,0,0,0,0,0,0,0,0,0,0,0,0,0.042
0.043,0,0,0,0,0,0,0,0,0,0,0,0,0.043
0.044,0,0,0,0,0,0,0,0,0,0,0,0,0.044
0.045,0,0,0,0,0,0,0,0,0,0,0,0,0.045
0.046,0,0,0,0,0,0,0,0,0,0,0,0,0.046
0.047,0,0,0,0,0,0,0,0,0,0,0,0,0.047
0.048,0,0,0,0,0,0,0,0,0,0,0,0,0.048
0.049,0,0,0,0,0,0,0,0,0,0,0,0,0.049
0.05,0,0,0,0,0,0,0,0,0,0,0,0,0.05
0.051,0,0,0,0,0,0,0,0,0,0,0,0,0.051
0.052,0,0,0,0,0,0,0,0,0,0,0,0,0.052
0.053,0,0,0,0,0,0,0,0,0,0,0,0,0.053
0.054,0,0,0,0,0,0,0,0,0,0,0,0,0.054
0.055,0,0,0,0,0,0,0,0,0,0,0,0,0.055
0.056,0,0,0,0,0,0,0,0,0,0,0,0,0.056
0.057,0,0,0,0,0,0,0,0,0,0,0,0,0.057
0.058,0,0,0,0,0,0,0,0,0,0,0,0,0.058
0.059,0,0,0,0,0,0,0,0,0,0,0,0,0.059
0.06,0,0,0,0,0,0,0,0,0,0,0,0,0.06
0.061,0,0,0,0,0,0,0,0,0,0,0,0,0.061
0.062,0,0,0,0,0,0,0,0,0,0,0,0,0.062
0.063,0,0,0,0,0,0,0,0,0,0,0,0,0.063
0.064,0,0,0,0,0,0,0,0,0,0,0,0,0.064
0.065,0,0,0,0,0,0,0,0,0,0,0,0,0.065
0.066,0,0,0,0,0,0,0,0,0,0,0,0,0.066
0.067,0,0,0,0,0,0,0,0,0,0,0,0,0.067
0.068,0,0,0,0,0,0,0,0,0,0,0,0,0.068
0.069,0,0,0,0,0,0,0,0,0,0,0,0,0.069
0.07,0,0,0,0,0,0,0,0,0,0,0,0,0.07
0.071,0,0,0,0,0,0,0,0,0,0,0,0,0.071
0.072,0,0,0,0,0,0,0,0,0,0,0,0,0.072
0.073,0,0,0,0,0,0,0,0,0,0,0,0,0.073
0.074,0,0,0,0,0,0,0,0,0,0,0,0,0.074
0.075,0,0,0,0,0,0,0,0,0,0,0,0,0.075
0.076,0,0,0,0,0,0,0,0,0,0,0,0,0.076
0.077,0,0,0,0,0,0,0,0,0,0,0,0,0.077
0.078,0,0,0,0,0,0,0,0,0,0,0,0,0.078
0.079,0,0,0,0,0,0,0,0,0,0,0,0,0.079
0.08,0,0,0,0,0,0,0,0,0,0,0,0,0.08
0.081,0,0,0,0,0,0,0,0,0,0,0,0,0.081
0.082,0,0,0,0,0,0,0,0,0,0,0,0,0.082
0.083,0,0,0,0,0,0,0,0,0,0,0,0,0.083
0.084,0,0,0,0,0,0,0,0,0,0,0,0,0.084
0.085,0,0,0,0,0,0,0,0,0,0,0,0,0.085
0.086,0,0,0,0,0,0,0,0,0,0,0,0,0.086
0.087,0,0,0,0,0,0,0,0,0,0,0,0,0.087
0.088,0,0,0,0,0,0,0,0,0,0,0,0,0.088
0.089,0,0,0,0,0,0,0,0,0,0,0,0,0.089
0.09,0,0,0,0,0,0,0,0,0,0,0,0,0.09
0.091,0,0,0,0,0,0,0,0,0,0,0,0,0.091
0.092,0,0,0,0,0,0,0,0,0,0,0,0,0.092
0.093,0,0,0,0,0,0,0,0,0,0,0,0,0.093
0.094,0,0,0,0,0,0,0,0,0,0,0,0,0.094
0.095,0,0,0,0,0,0,0,0,0,0,0,0,0.095
0.096,0,0,0,0,0,0,0,0,0,0,0,0,0.096
0.097,0,0,0,0,0,0,0,0,0,0,0,0,0.097
0.098,0,0,0,0,0,0,0,0,0,0,0,0,0.098
0.099,0,0,0,0,0,0,0,0,0,0,0,0,0.099
0.1,0,0,0,0,0,0,0,0,0,0,0,0,0.1
0.101,0,0,0,0,0,0,0,0,0,0,0,0,0.101
0.102,0,0,0,0,0,0,0,0,0,0,0,0,0.102
0.103,0,0,0,0,0,0,0,0,0,0,0,0,0.103
0.104,0,0,0,0,0,0,0,0,0,0,0,0,0.104
0.105,0,0,0,0,0,0,0,0,0,0,0,0,0.105
0.106,0,0,0,0,0,0,0,0,0,0,0,0,0.106
0.107,0,0,0,0,0,0,0,0,0,0,0,0,0.107
0.108,0,0,0,0,0,0,0,0,0,0,0,0,0.108
0.109,0,0,0,0,0,0,0,0,0,0,0,0,0.109
0.11,0,0,0,0,0,0,0,0,0,0,0,0,0.11
0.111,0,0,0,0,0,0,0,0,0,0,0,0,0.111
0.112,0,0,0,0,0,0,0,0,0,0,0,0,0.112
0.113,0,0,0,0,0,0,0,0,0,0,0,0,0.113
0.114,0,0,0,0,0,0,0,0,0,0,0,0,0.114
0.115,0,0,0,0,0,0,0,0,0,0,0,0,0.115
0.116,0,0,0,0,0,0,0,0,0,0,0,0,0.116
0.117,0,0,0,0,0,0,0,0,0,0,0,0,0.117
0.118,0,0,0,0,0,0,0,0,0,0,0,0,0.118
0.119,0,0,0,0,0,0,0,0,0,0,0,0,0.119
0.12,0,0,0,0,0,0,0,0,0,0,0,0,0.12
0.121,0,0,0,0,0,0,0,0,0,0,0,0,0.121
0.122,0,0,0,0,0,0,0,0,0,0,0,0,0.122
0.123,0,0,0,0,0,0,0,0,0,0,0,0,0.123
0.124,0,0,0,0,0,0,0,0,0,0,0,0,0.124
0.125,0,0,0,0,0,0,0,0,0,0,0,0,0.125
0.126,0,0,0,0,0,0,0,0,0,0,0,0,0.126
0.127,0,0,0,0,0,0,0,0,0,0,0,0,0.127
0.128,0,0,0,0,0,0,0,0,0,0,0,0,0.128
0.129,0,0,0,0,0,0,0,0,0,0,0,0,0.129
0.13,0,0,0,0,0,0,0,0,0,0,0,0,0.13
0.131,0,0,0,0,0,0,0,0,0,0,0,0,0.131
0.132,0,0,0,0,0,0,0,0,0,0,0,0,0.132
0.133,0,0,0,0,0,0,0,0,0,0,0,0,0.133
0.134,0,0,0,0,0,0,0,0,0,0,0,0,0.134
0.135,0,0,0,0,0,0,0,0,0,0,0,0,0.135
0.136,0,0,0,0,0,0,0,0,0,0,0,0,0.136
0.137,0,0,0,0,0,0,0,0,0,0,0,0,0.137
0.138,0,0,0,0,0,0,0,0,0,0,0,0,0.138
0.139,0,0,0,0,0,0,0,0,0,0,0,0,0.139
0.14,0,0,0,0,0,0,0,0,0,0,0,0,0.14
0.141,0,0,0,0,0,0,0,0,0,0,0,0,0.141
0.142,0,0,0,0,0,0,0,0,0,0,0,0,0.142
0.143,0,0,0,0,0,0,0,0,0,0,0,0,0.143
0.144,0,0,0,0,0,0,0,0,0,0,0,0,0.144
0.145,0,0,0,0,0,0,0,0,0,0,0,0,0.145
0.146,0,0,0,0,0,0,0,0,0,0,0,0,0.146
0.147,0,0,0,0,0,0,0,0,0,0,0,0,0.147
0.148,0,0,0,0,0,0,0,0,0,0,0,0,0.148
0.149,0,0,0,0,0,0,0,0,0,0,0,0,0.149
0.15,0,0,0,0,0,0,0,0,0,0,0,0,0.15
0.151,0,0,0,0,0,0,0,0,0,0,0,0,0.151
0.152,0,0,0,0,0,0,0,0,0,0,0,0,0.152
0.153,0,0,0,0,0,0,0,0,0,0,0,0,0.153
0.154,0,0,0,0,0,0,0,0,0,0,0,0,0.154
0.155,0,0,0,0,0,0,0,0,0,0,0,0,0.155
0.156,0,0,0,0,0,0,0,0,0,0,0,0,0.156
0.157,0,0,0,0,0,0,0,0,0,0,0,0,0.157
0.158,0,0,0,0,0,0,0,0,0,0,0,0,0.158
0.159,0,0,0,0,0,0,0,0,0,0,0,0,0.159
0.16,0,0,0,0,0,0,0,0,0,0,0,0,0.16
0.161,0,0,0,0,0,0,0,0,0,0,0,0,0.161
0.162,0,0,0,0,0,0,0,0,0,0,0,0,0.162
0.163,0,0,0,0,0,0,0,0,0,0,0,0,0.163
0.164,0,0,0,0,0,0,0,0,0,0,0,0,0.164
0.165,0,0,0,0,0,0,0,0,0,0,0,0,0.165
0.166,0,0,0,0,0,0,0,0,0,0,0,0,0.166
0.167,0,0,0,0,0,0,0,0,0,0,0,0,0.167
0.168,0,0,0,0,0,0,0,0,0,0,0,0,0.168
0.169,0,0,0,0,0,0,0,0,0,0,0,0,0.169
0.17,0,0,0,0,0,0,0,0,0,0,0,0,0.17
0.171,0,0,0,0,0,0,0,0,0,0,0,0,0.171
0.172,0,0,0,0,0,0,0,0,0,0,0,0,0.172
0.173,0,0,0,0,0,0,0,0,0,0,0,0,0.173
0.174,0,0,0,0,0,0,0,0,0,0,0,0,0.174
0.175,0,0,0,0,0,0,0,0,0,0,0,0,0.175
0.176,0,0,0,0,0,0,0,0,0,0,0,0,0.176
0.177,0,0,0,0,0,0,0,0,0,0,0,0,0.177
0.178,0,0,0,0,0,0,0,0,0,0,0,0,0.178
0.179,0,0,0,0,0,0,0,0,0,0,0,0,0.179
0.18,0,0,0,0,0,0,0,0,0,0,0,0,0.18
0.181,0,0,0,0,0,0,0,0,0,0,0,0,0.181
0.182,0,0,0,0,0,0,0,0,0,0,0,0,0.182
0.183,0,0,0,0,0,0,0,0,0,0,0,0,0.183
0.184,0,0,0,0,0,0,0,0,0,0,0,0,0.184
0.185,0,0,0,0,0,0,0,0,0,0,0,0,0.185
0.186,0,0,0,0,0,0,0,0,0,0,0,0,0.186
0.187,0,0,0,0,0,0,0,0,0,0,0,0,0.187
0.188,0,0,0,0,0,0,0,0,0,0,0,0,0.188
0.189,0,0,0,0,0,0,0,0,0,0,0,0,0.189
0.19,0,0,0,0,0,0,0,0,0,0,0,0,0.19
0.191,0,0,0,0,0,0,0,0,0,0,0,0,0.191
0.192,0,0,0,0,0,0,0,0,0,0,0,0,0.192
0.193,0,0,0,0,0,0,0,0,0,0,0,0,0.193
0.194,0,0,0,0,0,0,0,0,0,0,0,0,0.194
0.195,0,0,0,0,0,0,0,0,0,0,0,0,0.195
0.196,0,0,0,0,0,0,0,0,0,0,0,0,0.196
0.197,0,0,0,0,0,0,0,0,0,0,0,0,0.197
0.198,0,0,0,0,0,0,0,0,0,0,0,0,0.198
0.199,0,0,0,0,0,0,0,0,0,0,0,0,0.199
0.2,0,0,0,0,0,0,0,0,0,0,0,0,0.2
0.201,0,0,0,0,0,0,0,0,0,0,0,0,0.201
0.202,0,0,0,0,0,0,0,0,0,0,0,0,0.202
0.203,0,0,0,0,0,0,0,0,0,0,0,0,0.203
0.204,0,0,0,0,0,0,0,0,0,0,0,0,0.204
0.205,0,0,0,0,0,0,0,0,0,0,0,0,0.205
0.206,0,0,0,0,0,0,0,0,0,0,0,0,0.206
0.207,0,0,0,0,0,0,0,0,0,0,0,0,0.207
0.208,0,0,0,0,0,0,0,0,0,0,0,0,0.208
0.209,0,0,0,0,0,0,0,0,0,0,0,0,0.209
0.21,0,0,0,0,0,0,0,0,0,0,0,0,0.21
0.211,0,0,0,0,0,0,0,0,0,0,0,0,0.211
0.212,0,0,0,0,0,0,0,0,0,0,0,0,0.212
0.213,0,0,0,0,0,0,0,0,0,0,0,0,0.213
0.214,0,0,0,0,0,0,0,0,0,0,0,0,0.214
0.215,0,0,0,0,0,0,0,0,0,0,0,0,0.215
0.216,0,0,0,0,0,0,0,0,0,0,0,0,0.216
0.217,0,0,0,0,0,0,0,0,0,0,0,0,0.217
0.218,0,0,0,0,0,0,0,0,0,0,0,0,0.218
0.219,0,0,0,0,0,0,0,0,0,0,0,0,0.219
0.22,0,0,0,0,0,0,0,0,0,0,0,0,0.22
0.221,0,0,0,0,0,0,0,0,0,0,0,0,0.221
0.222,0,0,0,0,0,0,0,0,0,0,0,0,0.222
0.223,0,0,0,0,0,0,0,0,0,0,0,0,0.223
0.224,0,0,0,0,0,0,0,0,0,0,0,0,0.224
0.225,0,0,0,0,0,0,0,0,0,0,0,0,0.225
0.226,0,0,0,0,0,0,0,0,0,0,0,0,0.226
0.227,0,0,0,0,0,0,0,0,0,0,0,0,0.227
0.228,0,0,0,0,0,0,0,0,0,0,0,0,0.228
0.229,0,0,0,0,0,0,0,0,0,0,0,0,0.229
0.23,0,0,0,0,0,0,0,0,0,0,0,0,0.23
0.231,0,0,0,0,0,0,0,0,0,0,0,0,0.231
0.232,0,0,0,0,0,0,0,0,0,0,0,0,0.232
0.233,0,0,0,0,0,0,0,0,0,0,0,0,0.233
0.234,0,0,0,0,0,0,0,0,0,0,0,0,0.234
0.235,0,0,0,0,0,0,0,0,0,0,0,0,0.235
0.236,0,0,0,0,0,0,0,0,0,0,0,0,0.236
0.237,0,0,0,0,0,0,0,0,0,0,0,0,0.237
0.238,0,0,0,0,0,0,0,0,0,0,0,0,0.238
0.239,0,0,0,0,0,0,0,0,0,0,0,0,0.239
0.24,0,0,0,0,0,0,0,0,0,0,0,0,0.24
0.241,0,0,0,0,0,0,0,0,0,0,0,0,0.241
0.242,0,0,0,0,0,0,0,0,0,0,0,0,0.242
0.243,0,0,0,0,0,0,0,0,0,0,0,0,0.243
0.244,0,0,0,0,0,0,0,0,0,0,0,0,0.244
0.245,0,0,0,0,0,0,0,0,0,0,0,0,0.245
0.246,0,0,0,0,0,0,0,0,0,0,0,0,0.246
0.247,0,0,0,0,0,0,0,0,0,0,0,0,0.247
0.248,0,0,0,0,0,0,0,0,0,0,0,0,0.248
0.249,0,0,0,0,0,0,0,0,0,0,0,0,0.249
0.25,0,0,0,0,0,0,0,0,0,0,0,0,0.25
0.251,0,0,0,0,0,0,0,0,0,0,0,0,0.251
0.252,0,0,0,0,0,0,0,0,0,0,0,0,0.252
0.253,0,0,0,0,0,0,0,0,0,0,0,0,0.253
0.254,0,0,0,0,0,0,0,0,0,0,0,0,0.254
0.255,0,0,0,0,0,0,0,0,0,0,0,0,0.255
0.256,0,0,0,0,0,0,0,0,0,0,0,0,0.256
0.257,0,0,0,0,0,0,0,0,0,0,0,0,0.257
0.258,0,0,0,0,0,0,0,0,0,0,0,0,0.258
0.259,0,0,0,0,0,0,0,0,0,0,0,0,0.259
0.26,0,0,0,0,0,0,0,0,0,0,0,0,0.26
0.261,0,0,0,0,0,0,0,0,0,0,0,0,0.261
0.262,0,0,0,0,0,0,0,0,0,0,0,0,0.262
0.263,0,0,0,0,0,0,0,0,0,0,0,0,0.263
0.264,0,0,0,0,0,0,0,0,0,0,0,0,0.264
0.265,0,0,0,0,0,0,0,0,0,0,0,0,0.265
0.266,0,0,0,0,0,0,0,0,0,0,0,0,0.266
0.267,0,0,0,0,0,0,0,0,0,0,0,0,0.267
0.268,0,0,0,0,0,0,0,0,0,0,0,0,0.268
0.269,0,0,0,0,0,0,0,0,0,0,0,0,0.269
0.27,0,0,0,0,0,0,0,0,0,0,0,0,0.27
0.271,0,0,0,0,0,0,0,0,0,0,0,0,0.271
0.272,0,0,0,0,0,0,0,0,0,0,0,0,0.272
0.273,0,0,0,0,0,0,0,0,0,0,0,0,0.273
0.274,0,0,0,0,0,0,0,0,0,0,0,0,0.274
0.275,0,0,0,0,0,0,0,0,0,0,0,0,0.275
0.276,0,0,0,0,0,0,0,0,0,0,0,0,0.276
0.277,0,0,0,0,0,0,0,0,0,0,0,0,0.277
0.278,0,0,0,0,0,0,0,0,0,0,0,0,0.278
0.279,0,0,0,0,0,0,0,0,0,0,0,0,0.279
0.28,0,0,0,0,0,0,0,0,0,0,0,0,0.28
0.281,0,0,0,0,0,0,0,0,0,0,0,0,0.281
0.282,0,0,0,0,0,0,0,0,0,0,0,0,0.282
0.283,0,0,0,0,0,0,0,0,0,0,0,0,0.283
0.284,0,0,0,0,0,0,0,0,0,0,0,0,0.284
0.285,0,0,0,0,0,0,0,0,0,0,0,0,0.285
0.286,0,0,0,0,0,0,0,0,0,0,0,0,0.286
0.287,0,0,0,0,0,0,0,0,0,0,0,0,0.287
0.288,0,0,0,0,0,0,0,0,0,0,0,0,0.288
0.289,0,0,0,0,0,0,0,0,0,0,0,0,0.289
0.29,0,0,0,0,0,0,0,0,0,0,0,0,0.29
0.291,0,0,0,0,0,0,0,0,0,0,0,0,0.291
0.292,0,0,0,0,0,0,0,0,0,0,0,0,0.292
0.293,0,0,0,0,0,0,0,0,0,0,0,0,0.293
0.294,0,0,0,0,0,0,0,0,0,0,0,0,0.294
0.295,0,0,0,0,0,0,0,0,0,0,0,0,0.295
0.296,0,0,0,0,0,0,0,0,0,0,0,0,0.296
0.297,0,0,0,0,0,0,0,0,0,0,0,0,0.297
0.298,0,0,0,0,0,0,0,0,0,0,0,0,0.298
0.299,0,0,0,0,0,0,0,0,0,0,0,0,0.299
0.3,0,0,0,0,0,0,0,0,0,0,0,0,0.3
0.301,0,0,0,0,0,0,0,0,0,0,0,0,0.301
0.302,0,0,0,0,0,0,0,0,0,0,0,0,0.302
0.303,0,0,0,0,0,0,0,0,0,0,0,0,0.303
0.304,0,0,0,0,0,0,0,0,0,0,0,0,0.304
0.305,0,0,0,0,0,0,0,0,0,0,0,0,0.305
0.306,0,0,0,0,0,0,0,0,0,0,0,0,0.306
0.307,0,0,0,0,0,0,0,0,0,0,0,0,0.307
0.308,0,0,0,0,0,0,0,0,0,0,0,0,0.308
0.309,0,0,0,0,0,0,0,0,0,0,0,0,0.309
0.31,0,0,0,0,0,0,0,0,0,0,0,0,0.31
0.311,0,0,0,0,0,0,0,0,0,0,0,0,0.311
0.312,0,0,0,0,0,0,0,0,0,0,0,0,0.312
0.313,0,0,0,0,0,0,0,0,0,0,0,0,0.313
0.314,0,0,0,0,0,0,0,0,0,0,0,0,0.314
0.315,0,0,0,0,0,0,0,0,0,0,0,0,0.315
0.316,0,0,0,0,0,0,0,0,0,0,0,0,0.316
0.317,0,0,0,0,0,0,0,0,0,0,0,0,0.317
0.318,0,0,0,0,0,0,0,0,0,0,0,0,0.318
0.319,0,0,0,0,0,0,0,0,0,0,0,0,0.319
0.32,0,0,0,0,0,0,0,0,0,0,0,0,0.32
0.321,0,0,0,0,0,0,0,0,0,0,0,0,0.321
0.322,0,0,0,0,0,0,0,0,0,0,0,0,0.322
0.323,0,0,0,0,0,0,0,0,0,0,0,0,0.323
0.324,0,0,0,0,0,0,0,0,0,0,0,0,0.324
0.325,0,0,0,0,0,0,0,0,0,0,0,0,0.325
0.326,0,0,0,0,0,0,0,0,0,0,0,0,0.326
0.327,0,0,0,0,0,0,0,0,0,0,0,0,0.327
0.328,0,0,0,0,0,0,0,0,0,0,0,0,0.328
0.329,0,0,0,0,0,0,0,0,0,0,0,0,0.329
0.33,0,0,0,0,0,0,0,0,0,0,0,0,0.33
0.331,0,0,0,0,0,0,0,0,0,0,0,0,0.331
0.332,0,0,0,0,0,0,0,0,0,0,0,0,0.332
0.333,0,0,0,0,0,0,0,0,0,0,0,0,0.333
0.334,0,0,0,0,0,0,0,0,0,0,0,0,0.334
0.335,0,0,0,0,0,0,0,0,0,0,0,0,0.335
0.336,0,0,0,0,0,0,0,0,0,0,0,0,0.336
0.337,0,0,0,0,0,0,0,0,0,0,0,0,0.337
0.338,0,0,0,0,0,0,0,0,0,0,0,0,0.338
0.339,0,0,0,0,0,0,0,0,0,0,0,0,0.339
0.34,0,0,0,0,0,0,0,0,0,0,0,0,0.34
0.341,0,0,0,0,0,0,0,0,0,0,0,0,0.341
0.342,0,0,0,0,0,0,0,0,0,0,0,0,0.342
0.343,0,0,0,0,0,0,0,0,0,0,0,0,0.343
0.344,0,0,0,0,0,0,0,0,0,0,0,0,0.344
0.345,0,0,0,0,0,0,0,0,0,0,0,0,0.345
0.346,0,0,0,0,0,0,0,0,0,0,0,0,0.346
0.347,0,0,0,0,0,0,0,0,0,0,0,0,0.347
0.348,0,0,0,0,0,0,0,0,0,0,0,0,0.348
0.349,0,0,0,0,0,0,0,0,0,0,0,0,0.349
0.35,0,0,0,0,0,0,0,0,0,0,0,0,0.35
0.351,0,0,0,0,0,0,0,0,0,0,0,0,0.351
0.352,0,0,0,0,0,0,0,0,0,0,0,0,0.352
0.353,0,0,0,0,0,0,0,0,0,0,0,0,0.353
0.354,0,0,0,0,0,0,0,0,0,0,0,0,0.354
0.355,0,0,0,0,0,0,0,0,0,0,0,0,0.355
0.356,0,0,0,0,0,0,0,0,0,0,0,0,0.356
0.357,0,0,0,0,0,0,0,0,0,0,0,0,0.357
0.358,0,0,0,0,0,0,0,0,0,0,0,0,0.358
0.359,0,0,0,0,0,0,0,0,0,0,0,0,0.359
0.36,0,0,0,0,0,0,0,0,0,0,0,0,0.36
0.361,0,0,0,0,0,0,0,0,0,0,0,0,0.361
0.362,0,0,0,0,0,0,0,0,0,0,0,0,0.362
0.363,0,0,0,0,0,0,0,0,0,0,0,0,0.363
0.364,0,0,0,0,0,0,0,0,0,0,0,0,0.364
0.365,0,0,0,0,0,0,0,0,0,0,0,0,0.365
0.366,0,0,0,0,0,0,0,0,0,0,0,0,0.366
0.367,0,0,0,0,0,0,0,0,0,0,0,0,0.367
0.368,0,0,0,0,0,0,0,0,0,0,0,0,0.368
0.369,0,0,0,0,0,0,0,0,0,0,0,0,0.369
0.37,0,0,0,0,0,0,0,0,0,0,0,0,0.37
0.371,0,0,0,0,0,0,0,0,0,0,0,0,0.371
0.372,0,0,0,0,0,0,0,0,0,0,0,0,0.372
0.373,0,0,0,0,0,0,0,0,0,0,0,0,0.373
0.374,0,0,0,0,0,0,0,0,0,0,0,0,0.374
0.375,0,0,0,0,0,0,0,0,0,0,0,0,0.375
0.376,0,0,0,0,0,0,0,0,0,0,0,0,0.376
0.377,0,0,0,0,0,0,0,0,0,0,0,0,0.377
0.378,0,0,0,0,0,0,0,0,0,0,0,0,0.378
0.379,0,0,0,0,0,0,0,0,0,0,0,0,0.379
0.38,0,0,0,0,0,0,0,0,0,0,0,0,0.38
0.381,0,0,0,0,0,0,0,0,0,0,0,0,0.381
0.382,0,0,0,0,0,0,0,0,0,0,0,0,0.382
0.383,0,0,0,0,0,0,0,0,0,0,0,0,0.383
0.384,0,0,0,0,0,0,0,0,0,0,0,0,0.384
0.385,0,0,0,0,0,0,0,0,0,0,0,0,0.385
0.386,0,0,0,0,0,0,0,0,0,0,0,0,0.386
0.387,0,0,0,0,0,0,0,0,0,0,0,0,0.387
0.388,0,0,0,0,0,0,0,0,0,0,0,0,0.388
0.389,0,0,0,0,0,0,0,0,0,0,0,0,0.389
0.39,0,0,0,0,0,0,0,0,0,0,0,0,0.39
0.391,0,0,0,0,0,0,0,0,0,0,0,0,0.391
0.392,0,0,0,0,0,0,0,0,0,0,0,0,0.392
0.393,0,0,0,0,0,0,0,0,0,0,0,0,0.393
0.394,0,0,0,0,0,0,0,0,0,0,0,0,0.394
0.395,0,0,0,0,0,0,0,0,0,0,0,0,0.395
0.396,0,0,0,0,0,0,0,0,0,0,0,0,0.396
0.397,0,0,0,0,0,0,0,0,0,0,0,0,0.397
0.398,0,0,0,0,0,0,0,0,0,0,0,0,0.398
0.399,0,0,0,0,0,0,0,0,0,0,0,0,0.399
0.4,0,0,0,0,0,0,0,0,0,0,0,0,0.4
0.401,0,0,0,0,0,0,0,0,0,0,0,0,0.401
0.402,0,0,0,0,0,0,0,0,0,0,0,0,0.402
0.403,0,0,0,0,0,0,0,0,0,0,0,0,0.403
0.404,0,0,0,0,0,0,0,0,0,0,0,0,0.404
0.405,0,0,0,0,0,0,0,0,0,0,0,0,0.405
0.406,0,0,0,0,0,0,0,0,0,0,0,0,0.406
0.407,0,0,0,0,0,0,0,0,0,0,0,0,0.407
0.408,0,0,0,0,0,0,0,0,0,0,0,0,0.408
0.409,0,0,0,0,0,0,0,0,0,0,0,0,0.409
0.41,0,0,0,0,0,0,0,0,0,0,0,0,0.41
0.411,0,0,0,0,0,0,0,0,0,0,0,0,0.411
0.412,0,0,0,0,0,0,0,0,0,0,0,0,0.412
0.413,0,0,0,0,0,0,0,0,0,0,0,0,0.413
0.414,0,0,0,0,0,0,0,0,0,0,0,0,0.414
0.415,0,0,0,0,0,0,0,0,0,0,0,0,0.415
0.416,0,0,0,0,0,0,0,0,0,0,0,0,0.416
0.417,0,0,0,0,0,0,0,0,0,0,0,0,0.417
0.418,0,0,0,0,0,0,0,0,0,0,0,0,0.418
0.419,0,0,0,0,0,0,0,0,0,0,0,0,0.419
0.42,0,0,0,0,0,0,0,0,0,0,0,0,0.42
0.421,0,0,0,0,0,0,0,0,0,0,0,0,0.421
0.422,0,0,0,0,0,0,0,0,0,0,0,0,0.422
0.423,0,0,0,0,0,0,0,0,0,0,0,0,0.423
0.424,0,0,0,0,0,0,0,0,0,0,0,0,0.424
0.425,0,0,0,0,0,0,0,0,0,0,0,0,0.425
0.426,0,0,0,0,0,0,0,0,0,0,0,0,0.426
0.427,0,0,0,0,0,0,0,0,0,0,0,0,0.427
0.428,0,0,0,0,0,0,0,0,0,0,0,0,0.428
0.429,0,0,0,0,0,0,0,0,0,0,0,0,0.429
0.43,0,0,0,0,0,0,0,0,0,0,0,0,0.43
0.431,0,0,0,0,0,0,0,0,0,0,0,0,0.431
0.432,0,0,0,0,0,0,0,0,0,0,0,0,0.432
0.433,0,0,0,0,0,0,0,0,0,0,0,0,0.433
0.434,0,0,0,0,0,0,0,0,0,0,0,0,0.434
0.435,0,0,0,0,0,0,0,0,0,0,0,0,0.435
0.436,0,0,0,0,0,0,0,0,0,0,0,0,0.436
0.437,0,0,0,0,0,0,0,0,0,0,0,0,0.437
0.438,0,0,0,0,0,0,0,0,0,0,0,0,0.438
0.439,0,0,0,0,0,0,0,0,0,0,0,0,0.439
0.44,0,0,0,0,0,0,0,0,0,0,0,0,0.44
0.441,0,0,0,0,0,0,0,0,0,0,0,0,0.441
0.442,0,0,0,0,0,0,0,0,0,0,0,0,0.442
0.443,0,0,0,0,0,0,0,0,0,0,0,0,0.443
0.444,0,0,0,0,0,0,0,0,0,0,0,0,0.444
0.445,0,0,0,0,0,0,0,0,0,0,0,0,0.445
0.446,0,0,0,0,0,0,0,0,0,0,0,0,0.446
0.447,0,0,0,0,0,0,0,0,0,0,0,0,0.447
0.448,0,0,0,0,0,0,0,0,0,0,0,0,0.448
0.449,0,0,0,0,0,0,0,0,0,0,0,0,0.449
0.45,0,0,0,0,0,0,0,0,0,0,0,0,0.45
0.451,0,0,0,0,0,0,0,0,0,0,0,0,0.451
0.452,0,0,0,0,0,0,0,0,0,0,0,0,0.452
0.453,0,0,0,0,0,0,0,0,0,0,0,0,0.453
0.454,0,0,0,0,0,0,0,0,0,0,0,0,0.454
0.455,0,0,0,0,0,0,0,0,0,0,0,0,0.455
0.456,0,0,0,0,0,0,0,0,0,0,0,0,0.456
0.457,0,0,0,0,0,0,0,0,0,0,0,0,0.457
0.458,0,0,0,0,0,0,0,0,0,0,0,0,0.458
0.459,0,0,0,0,0,0,0,0,0,0,0,0,0.459
0.46,0,0,0,0,0,0,0,0,0,0,0,0,0.46
0.461,0,0,0,0,0,0,0,0,0,0,0,0,0.461
0.462,0,0,0,0,0,0,0,0,0,0,0,0,0.462
0.463,0,0,0,0,0,0,0,0,0,0,0,0,0.463
0.464,0,0,0,0,0,0,0,0,0,0,0,0,0.464
0.465,0,0,0,0,0,0,0,0,0,0,0,0,0.465
0.466,0,0,0,0,0,0,0,0,0,0,0,0,0.466
0.467,0,0,0,0,0,0,0,0,0,0,0,0,0.467
0.468,0,0,0,0,0,0,0,0,0,0,0,0,0.468
0.469,0,0,0,0,0,0,0,0,0,0,0,0,0.469
0.47,0,0,0,0,0,0,0,0,0,0,0,0,0.47
0.471,0,0,0,0,0,0,0,0,0,0,0,0,0.471
0.472,0,0,0,0,0,0,0,0,0,0,0,0,0.472
0.473,0,0,0,0,0,0,0,0,0,0,0,0,0.473
0.474,0,0,0,0,0,0,0,0,0,0,0,0,0.474
0.475,0,0,0,0,0,0,0,0,0,0,0,0,0.475
0.476,0,0,0,0,0,0,0,0,0,0,0,0,0.476
0.477,0,0,0,0,0,0,0,0,0,0,0,0,0.477
0.478,0,0,0,0,0,0,0,0,0,0,0,0,0.478
0.479,0,0,0,0,0,0,0,0,0,0,0,0,0.479
0.48,0,0,0,0,0,0,0,0,0,0,0,0,0.48
0.481,0,0,0,0,0,0,0,0,0,0,0,0,0.481
0.482,0,0,0,0,0,0,0,0,0,0,0,0,0.482
0.483,0,0,0,0,0,0,0,0,0,0,0,0,0.483
0.484,0,0,0,0,0,0,0,0,0,0,0,0,0.484
0.485,0,0,0,0,0,0,0,0,0,0,0,0,0.485
0.486,0,0,0,0,0,0,0,0,0,0,0,0,0.486
0.487,0,0,0,0,0,0,0,0,0,0,0,0,0.487
0.488,0,0,0,0,0,0,0,0,0,0,0,0,0.488
0.489,0,0,0,0,0,0,0,0,0,0,0,0,0.489
0.49,0,0,0,0,0,0,0,0,0,0,0,0,0.49
0.491,0,0,0,0,0,0,0,0,0,0,0,0,0.491
0.492,0,0,0,0,0,0,0,0,0,0,0,0,0.492
0.493,0,0,0,0,0,0,0,0,0,0,0,0,0.493
0.494,0,0,0,0,0,0,0,0,0,0,0,0,0.494
0.495,0,0,0,0,0,0,0,0,0,0,0,0,0.495
0.496,0,0,0,0,0,0,0,0,0,0,0,0,0.496
0.497,0,0,0,0,0,0,0,0,0,0,0,0,0.497
0.498,0,0,0,0,0,0,0,0,0,0,0,0,0.498
0.499,0,0,0,0,0,0,0,0,0,0,0,0,0.499
0.5,0,0,0,0,0,0,0,0,0,0,0,0,0.5
0.501,0,0,0,0,0,0,0,0,0,0,0,0,0.501
0.502,0,0,0,0,0,0,0,0,0,0,0,0,0.502
0.503,0,0,0,0,0,0,0,0,0,0,0,0,0.503
0.504,0,0,0,0,0,0,0,0,0,0,0,0,0.504
0.505,0,0,0,0,0,0,0,0,0,0,0,0,0.505
0.506,0,0,0,0,0,0,0,0,0,0,0,0,0.506
0.507,0,0,0,0,0,0,0,0,0,0,0,0,0.507
0.508,0,0,0,0,0,0,0,0,0,0,0,0,0.508
0.509,0,0,0,0,0,0,0,0,0,0,0,0,0.509
0.51,0,0,0,0,0,0,0,0,0,0,0,0,0.51
0.511,0,0,0,0,0,0,0,0,0,0,0,0,0.511
0.512,0,0,0,0,0,0,0,0,0,0,0,0,0.512
0.513,0,0,0,0,0,0,0,0,0,0,0,0,0.513
0.514,0,0,0,0,0,0,0,0,0,0,0,0,0.514
0.515,0,0,0,0,0,0,0,0,0,0,0,0,0.515
0.516,0,0,0,0,0,0,0,0,0,0,0,0,0.516
0.517,0,0,0,0,0,0,0,0,0,0,0,0,0.517
0.518,0,0,0,0,0,0,0,0,0,0,0,0,0.518
0.519,0,0,0,0,0,0,0,0,0,0,0,0,0.519
0.52,0,0,0,0,0,0,0,0,0,0,0,0,0.52
0.521,0,0,0,0,0,0,0,0,0,0,0,0,0.521
0.522,0,0,0,0,0,0,0,0,0,0,0,0,0.522
0.523,0,0,0,0,0,0,0,0,0,0,0,0,0.523
0.524,0,0,0,0,0,0,0,0,0,0,0,0,0.524
0.525,0,0,0,0,0,0,0,0,0,0,0,0,0.525
0.526,0,0,0,0,0,0,0,0,0,0,0,0,0.526
0.527,0,0,0,0,0,0,0,0,0,0,0,0,0.527
0.528,0,0,0,0,0,0,0,0,0,0,0,0,0.528
0.529,0,0,0,0,0,0,0,0,0,0,0,0,0.529
0.53,0,0,0,0,0,0,0,0,0,0,0,0,0.53
0.531,0,0,0,0,0,0,0,0,0,0,0,0,0.531
0.532,0,0,0,0,0,0,0,0,0,0,0,0,0.532
0.533,0,0,0,0,0,0,0,0,0,0,0,0,0.533
0.534,0,0,0,0,0,0,0,0,0,0,0,0,0.534
0.535,0,0,0,0,0,0,0,0,0,0,0,0,0.535
0.536,0,0,0,0,0,0,0,0,0,0,0,0,0.536
0.537,0.0280801,0,0,0,0,0,0,0,0,0,0,0,0.537
0.538,0.0798209,0,0,0,0,0,0,0,0,0,-13.774,0,0.538
0.539,0.1348,0,0,0,0,0,0,-0.013774,0,0,-46.3947,0,0.539
0.54,0.186116,0,0,0,0,0,0,-0.0601687,0,0,-90.401,0,0.54
0.541,0.232158,0,0,0,0,0,0,-0.15057,0,0,-138.325,0,0.541
0.542,0.273343,0,0.00264985,0,0,0,0,-0.288895,0,0,-185.343,0,0.542
0.543,0.309584,0,0.00858484,0,0,0,0,-0.474238,0,-0.99805,-228.989,0.166342,0.543
0.544,0.339978,0,0.0150054,0,0,0,-0.000996673,-0.703227,0.000166347,-3.75775,-267.895,0.626291,0.544
0.545,0.36345,0,0.0209737,0,0,0,-0.00474679,-0.971122,0.000788025,-7.616,-301.004,1.26933,0.545
0.546,0.378986,0,0.0262458,0,0,0,-0.0123417,-1.27213,0.0020326,-11.8529,-327.304,1.97551,0.546
0.547,0.385665,0,0.0308707,0,0,0,-0.0241523,-1.59943,0.00393808,-15.9864,-345.836,2.6646,0.547
0.548,0.384288,0,0.034866,0,0,0,-0.0400684,-1.94527,0.00645788,-19.7775,-355.722,3.29701,0.548
0.549,0.379068,0,0.0381377,0,0,0,-0.0597423,-2.30099,0.00950788,-23.1094,-356.986,3.85364,0.549
0.55,0.372069,0,0.0405621,0,0,0,-0.0827119,-2.65798,0.0129921,-25.8898,-351.784,4.31947,0.55
0.551,0.364345,0,0.0420259,0,0,0,-0.108425,-3.00977,0.0168078,-28.0291,-342.344,4.6799,0.551
0.552,0.356432,0,0.0424332,0,0,0,-0.136242,-3.35212,0.0208455,-29.444,-330.417,4.92132,0.552
0.553,0.348604,0,0.0416985,0,0,0,-0.165444,-3.68255,0.0249882,-30.0614,-317.229,5.03172,0.553
0.554,0.340994,0,0.0397721,0,0,0,-0.19524,-3.99979,0.0291124,-29.819,-303.586,5.00074,0.554
0.555,0.333668,0,0.0366304,0,0,0,-0.224782,-4.30339,0.0330883,-28.6732,-289.995,4.82113,0.555
0.556,0.326652,0,0.0322785,0,0,0,-0.253178,-4.59341,0.0367821,-26.6014,-276.758,4.48899,0.556
0.557,0.319954,0,0.026751,0,0,0,-0.279517,-4.87018,0.0400586,-23.6026,-264.051,4.004,0.557
0.558,0.313571,0,0.0201199,0,0,0,-0.302888,-5.13425,0.0427843,-19.6985,-251.966,3.36954,0.558
0.559,0.307496,0,0.0127692,0.00179875,0,0,-0.322403,-5.38623,0.04483,-14.9363,-240.544,2.59324,0.559
0.56,0.301717,0,0.00638459,0.00679952,0,0,-0.337223,-5.62678,0.0460751,-8.81794,-229.69,1.59183,0.56
0.561,0.296222,0,0.0031923,0.0132885,0,0,-0.346017,-5.85648,0.0463162,-1.19489,-219.188,0.340239,0.561
0.562,0.290999,0,0.00159615,0.0204044,0,0,-0.347313,-6.07567,0.0453276,6.52,-208.877,-0.926336,0.562
0.563,0.286035,0,0.000798074,0.0276809,0,0,-0.341026,-6.28453,0.0431227,13.8456,-198.775,-2.12802,0.563
0.564,0.281318,0,0.000399037,0.0348612,0,0,-0.327545,-6.48329,0.0397916,20.6531,-188.947,-3.24369,0.564
0.565,0.276836,0,0.000199518,0.0417233,0,0,-0.307384,-6.67222,0.03544,26.9323,-179.45,-4.27206,0.565
0.566,0.272578,0,9.97592e-05,0.0479864,0,0,-0.281064,-6.85164,0.0301696,32.6749,-170.329,-5.21208,0.566
0.567,0.268532,0,4.98796e-05,0.0533647,0,0,-0.249115,-7.02194,0.0240785,37.814,-161.618,-6.05293,0.567
0.568,0.264688,0,2.49398e-05,0.0575871,0,0,-0.212134,-7.18353,0.0172719,42.2317,-153.346,-6.77515,0.568
0.569,0.261036,0,1.24699e-05,0.0604144,0,0,-0.170827,-7.33685,0.00987098,45.7799,-145.536,-7.35424,0.569
0.57,0.257567,0,6.23495e-06,0.0616308,0,0,-0.12605,-7.48237,0.00201856,48.3029,-138.208,-7.76438,0.57
0.571,0.254271,0,3.11748e-06,0.0614159,0,0,-0.0788069,-7.62056,-0.00611915,49.6492,-131.378,-7.98035,0.571
0.572,0.25114,0,1.55874e-06,0.06054,0,0,-0.0302496,-7.75192,-0.0143529,49.8177,-125.036,-8.00201,0.572
0.573,0.248166,0,7.79369e-07,0.0593719,0,0,0.0184699,-7.87696,-0.0224954,49.1084,-119.128,-7.87935,0.573
0.574,0.24534,0,3.89684e-07,0.0580943,0,0,0.0664935,-7.99609,-0.030411,47.8286,-113.597,-7.66354,0.574
0.575,0.242655,0,1.94842e-07,0.0567966,0,0,0.113264,-8.10969,-0.0380166,46.2165,-108.396,-7.39421,0.575
0.576,0.240105,0,9.74211e-08,0.0555218,0,0,0.158458,-8.2181,-0.0452691,44.4361,-103.486,-7.09857,0.576
0.577,0.237682,0,4.87106e-08,0.0542897,0,0,0.20191,-8.32161,-0.0521521,42.5926,-98.8395,-6.79401,0.577
0.578,0.23538,0,2.43553e-08,0.0531087,0,0,0.24356,-8.42047,-0.0586664,40.75,-94.4337,-6.49106,0.578
0.579,0.233194,0,1.21776e-08,0.0519815,0,0,0.283408,-8.51493,-0.0648223,38.9456,-90.2511,-6.19576,0.579
0.58,0.231117,0,6.08882e-09,0.050908,0,0,0.321493,-8.60521,-0.0706356,37.1998,-86.2767,-5.91133,0.58
0.581,0.229143,0,3.04441e-09,0.0498869,0,0,0.357872,-8.69152,-0.0761246,35.5228,-82.4981,-5.63931,0.581
0.582,0.227268,0,1.52221e-09,0.0489162,0,0,0.392611,-8.77405,-0.081308,33.9186,-78.9039,-5.38024,0.582
0.583,0.225487,0,7.61103e-10,0.0479937,0,0,0.425783,-8.85299,-0.0862048,32.3879,-75.484,-5.13408,0.583
0.584,0.223795,0,3.80551e-10,0.0471172,0,0,0.457458,-8.92851,-0.0908329,30.9294,-72.2292,-4.90051,0.584
0.585,0.222188,0,1.90276e-10,0.0462844,0,0,0.487708,-9.00078,-0.0952096,29.5408,-69.1307,-4.67901,0.585
0.586,0.220661,0,9.51378e-11,0.0454932,0,0,0.516601,-9.06994,-0.099351,28.2193,-66.1805,-4.46903,0.586
0.587,0.21921,0,4.75689e-11,0.0447415,0,0,0.544202,-9.13616,-0.103272,26.9618,-63.3709,-4.26996,0.587
0.588,0.217832,0,2.37845e-11,0.0440275,0,0,0.570574,-9.19957,-0.106987,25.7653,-60.6947,-4.08123,0.588
0.589,0.216523,0,1.18922e-11,0.0433491,0,0,0.595777,-9.2603,-0.110509,24.6268,-58.1453,-3.90225,0.589
0.59,0.215279,0,5.94611e-12,0.0427046,0,0,0.619866,-9.31849,-0.11385,23.5433,-55.716,-3.73249,0.59
0.591,0.214098,0,2.97306e-12,0.0420924,0,0,0.642895,-9.37424,-0.117021,22.5121,-53.401,-3.57143,0.591
0.592,0.212975,0,1.48653e-12,0.0415107,0,0,0.664917,-9.42768,-0.120034,21.5306,-51.1944,-3.41858,0.592
0.593,0.211909,0,7.43264e-13,0.0409582,0,0,0.685979,-9.47891,-0.122897,20.5961,-49.0909,-3.27347,0.593
0.594,0.210896,0,3.71632e-13,0.0404333,0,0,0.706126,-9.52803,-0.125619,19.7064,-47.0852,-3.13569,0.594
0.595,0.209934,0,1.85816e-13,0.0399346,0,0,0.725404,-9.57515,-0.12821,18.8591,-45.1724,-3.00482,0.595
0.596,0.209019,0,9.2908e-14,0.0394608,0,0,0.743853,-9.62036,-0.130677,18.0521,-43.348,-2.88047,0.596
0.597,0.208151,0,4.6454e-14,0.0390108,0,0,0.761512,-9.66374,-0.133028,17.2833,-41.6076,-2.7623,0.597
0.598,0.207326,0,2.3227e-14,0.0385832,0,0,0.778419,-9.70538,-0.135269,16.5509,-39.947,-2.64995,0.598
0.599,0.206542,0,1.16135e-14,0.0381771,0,0,0.79461,-9.74536,-0.137406,15.8529,-38.3623,-2.54312,0.599
0.6,0.205797,0,5.80675e-15,0.0377912,0,0,0.810117,-9.78376,-0.139447,15.1878,-36.8497,-2.44151,0.6
0.601,0.20509,0,2.90338e-15,0.0374246,0,0,0.824974,-9.82064,-0.141395,14.5537,-35.4057,-2.34482,0.601
0.602,0.204418,0,1.45169e-15,0.0370764,0,0,0.83921,-9.85607,-0.143257,13.9492,-34.0269,-2.25281,0.602
0.603,0.203779,0,7.25844e-16,0.0367455,0,0,0.852854,-9.89013,-0.145038,13.3729,-32.7101,-2.16521,0.603
0.604,0.203173,0,3.62922e-16,0.0364313,0,0,0.865935,-9.92287,-0.146741,12.8232,-31.4524,-2.08179,0.604
0.605,0.202596,0,1.81461e-16,0.0361327,0,0,0.878477,-9.95435,-0.148372,12.2989,-30.2508,-2.00234,0.605
0.606,0.202049,0,0.00014586,0.035849,0,0,0.890506,-9.98463,-0.149934,11.7988,-29.1027,-1.92663,0.606
0.607,0.201529,0,0.000439262,0.0355796,0,0,0.902045,-10.0138,-0.15143,11.2669,-27.9962,-1.84538,0.607
0.608,0.201035,0,0.000795411,0.0353236,0,0,0.913064,-10.0418,-0.152856,10.673,-26.924,-1.75351,0.608
0.609,0.19327,0,0.004953,0.0312999,0,0,0.923503,-10.0687,-0.154201,10.0326,-25.8866,-1.65364,0.609
0.61,0.18954,0,0.00703179,0.0293676,0,0,0.933316,-10.0946,-0.155457,6.60071,-21.6151,-1.08825,0.61
0.611,0.187676,0,0.00807119,0.0284014,0,0,0.939785,-10.1163,-0.156204,3.2356,-17.4629,-0.533758,0.611
0.612,0.186744,0,0.00859088,0.0279184,0,0,0.942977,-10.1337,-0.156456,0.671927,-14.2517,-0.112328,0.612
0.613,0.186278,0,0.00885073,0.0276768,0,0,0.943671,-10.148,-0.156331,-1.07269,-11.9918,0.173235,0.613
0.614,0.186044,0,0.00898066,0.0275561,0,0,0.942664,-10.16,-0.155955,-2.18003,-10.4699,0.353235,0.614
0.615,0.185928,0,0.00904562,0.0274957,0,0,0.940578,-10.1704,-0.155421,-2.84488,-9.46078,0.460064,0.615
0.616,0.18587,0,0.0090781,0.0274655,0,0,0.937844,-10.1799,-0.154796,-3.22129,-8.78693,0.519294,0.616
0.617,0.185841,0,0.00909434,0.0274504,0,0,0.934742,-10.1887,-0.154122,-3.41715,-8.32436,0.548808,0.617
0.618,0.185826,0,0.00910246,0.0274429,0,0,0.931448,-10.197,-0.153427,-3.50323,-7.99183,0.560323,0.618
0.619,0.185819,0,0.00910652,0.0274391,0,0,0.928068,-10.205,-0.152726,-3.52412,-7.73824,0.561203,0.619
0.62,0.185815,0,0.00910855,0.0274372,0,0,0.924668,-10.2127,-0.152028,-3.50707,-7.53233,0.555947,0.62
0.621,0.185813,0,0.00910957,0.0274362,0,0,0.921283,-10.2202,-0.15134,-3.46846,-7.35532,0.54725,0.621
0.622,0.185812,0,0.00911007,0.0274358,0,0,0.917934,-10.2276,-0.150663,-3.41793,-7.19611,0.536697,0.622
0.623,0.185812,0,0.00911033,0.0274355,0,0,0.914634,-10.2347,-0.150001,-3.36112,-7.04819,0.525213,0.623
0.624,0.185812,0,0.00911045,0.0274354,0,0,0.911388,-10.2418,-0.149353,-3.30127,-6.90779,0.513325,0.624
0.625,0.185811,0,0.00911052,0.0274354,0,0,0.908199,-10.2487,-0.14872,-3.24024,-6.77274,0.501335,0.625
0.626,0.185811,0,0.00911055,0.0274353,0,0,0.905069,-10.2554,-0.148101,-3.17906,-6.64175,0.489411,0.626
0.627,0.185811,0,0.00911057,0.0274353,0,0,0.901998,-10.2621,-0.147497,-3.11832,-6.51411,0.477645,0.627
0.628,0.185811,0,0.00911057,0.0274353,0,0,0.898984,-10.2686,-0.146908,-3.05835,-6.38936,0.466087,0.628
0.629,0.185811,0,0.00911058,0.0274353,0,0,0.896029,-10.275,-0.146332,-2.9993,-6.26726,0.454762,0.629
0.63,0.185811,0,0.00911058,0.0274353,0,0,0.89313,-10.2812,-0.145771,-2.94127,-6.14763,0.443682,0.63
0.631,0.185811,0,0.00911058,0.0274353,0,0,0.890286,-10.2874,-0.145222,-2.88429,-6.03036,0.432849,0.631
0.632,0.185811,0,0.00911058,0.0274353,0,0,0.887497,-10.2934,-0.144687,-2.82838,-5.91536,0.422263,0.632
0.633,0.185811,0,0.00911058,0.0274353,0,0,0.884762,-10.2993,-0.144165,-2.77353,-5.80257,0.411922,0.633
0.634,0.185811,0,0.00911058,0.0274353,0,0,0.88208,-10.3051,-0.143655,-2.71973,-5.69194,0.401821,0.634
0.635,0.185811,0,0.00911058,0.0274353,0,0,0.879449,-10.3108,-0.143158,-2.66697,-5.58342,0.391955,0.635
0.636,0.185811,0,0.00911058,0.0274353,0,0,0.876869,-10.3164,-0.142673,-2.61522,-5.47698,0.382321,0.636
0.637,0.185811,0,0.00911058,0.0274353,0,0,0.874339,-10.3218,-0.142199,-2.56448,-5.37256,0.372912,0.637
0.638,0.185811,0,0.00911058,0.0274353,0,0,0.871857,-10.3272,-0.141736,-2.51473,-5.27012,0.363724,0.638
0.639,0.185811,0,0.00911058,0.0274353,0,0,0.869423,-10.3325,-0.141285,-2.46593,-5.16964,0.354752,0.639
0.64,0.185811,0,0.00911058,0.0274353,0,0,0.867036,-10.3376,-0.140845,-2.41809,-5.07107,0.34599,0.64
0.641,0.185811,0,0.00911058,0.0274353,0,0,0.864695,-10.3427,-0.140415,-2.37117,-4.97438,0.337434,0.641
0.642,0.185811,0,0.00911058,0.0274353,0,0,0.862399,-10.3477,-0.139996,-2.32516,-4.87953,0.329079,0.642
0.643,0.185811,0,0.00911058,0.0274353,0,0,0.860148,-10.3525,-0.139587,-2.28005,-4.78648,0.320921,0.643
0.644,0.185811,0,0.00911058,0.0274353,0,0,0.857939,-10.3573,-0.139188,-2.23581,-4.69521,0.312955,0.644
0.645,0.185811,0,0.00911058,0.0274353,0,0,0.855774,-10.362,-0.138798,-2.19243,-4.60567,0.305177,0.645
0.646,0.185811,0,0.00911058,0.0274353,0,0,0.85365,-10.3666,-0.138418,-2.14989,-4.51784,0.297581,0.646
0.647,0.185811,0,0.00911058,0.0274353,0,0,0.851566,-10.3711,-0.138047,-2.10817,-4.43168,0.290165,0.647
0.648,0.185811,0,0.00911058,0.0274353,0,0,0.849523,-10.3755,-0.137685,-2.06727,-4.34716,0.282924,0.648
0.649,0.185811,0,0.00911058,0.0274353,0,0,0.84752,-10.3799,-0.137332,-2.02716,-4.26425,0.275853,0.649
0.65,0.185811,0,0.00911058,0.0274353,0,0,0.845555,-10.3841,-0.136987,-1.98783,-4.18292,0.26895,0.65
0.651,0.185811,0,0.00911058,0.0274353,0,0,0.843627,-10.3883,-0.136651,-1.94926,-4.10313,0.26221,0.651
0.652,0.185811,0,0.00911058,0.0274353,0,0,0.841737,-10.3924,-0.136323,-1.91144,-4.02487,0.255629,0.652
0.653,0.185811,0,0.00911058,0.0274353,0,0,0.839884,-10.3964,-0.136003,-1.87435,-3.9481,0.249203,0.653
0.654,0.185811,0,0.00911058,0.0274353,0,0,0.838066,-10.4004,-0.135691,-1.83798,-3.87279,0.24293,0.654
0.655,0.185811,0,0.00911058,0.0274353,0,0,0.836283,-10.4043,-0.135387,-1.80232,-3.79892,0.236805,0.655
0.656,0.185811,0,0.00911058,0.0274353,0,0,0.834534,-10.408,-0.13509,-1.76735,-3.72645,0.230826,0.656
0.657,0.185811,0,0.00911058,0.0274353,0,0,0.832819,-10.4118,-0.1348,-1.73306,-3.65536,0.224988,0.657
0.658,0.185811,0,0.00911058,0.0274353,0,0,0.831137,-10.4154,-0.134517,-1.69944,-3.58563,0.219289,0.658
0.659,0.185811,0,0.00911058,0.0274353,0,0,0.829487,-10.419,-0.134241,-1.66646,-3.51723,0.213726,0.659
0.66,0.185811,0,0.00911058,0.0274353,0,0,0.82787,-10.4225,-0.133972,-1.63413,-3.45013,0.208294,0.66
0.661,0.185811,0,0.00911058,0.0274353,0,0,0.826283,-10.426,-0.13371,-1.60243,-3.38431,0.202992,0.661
0.662,0.185811,0,0.00911058,0.0274353,0,0,0.824727,-10.4293,-0.133454,-1.57134,-3.31974,0.197816,0.662
0.663,0.185811,0,0.00911058,0.0274353,0,0,0.823201,-10.4327,-0.133204,-1.54085,-3.2564,0.192763,0.663
0.664,0.185811,0,0.00911058,0.0274353,0,0,0.821704,-10.4359,-0.13296,-1.51095,-3.19427,0.187831,0.664
0.665,0.185811,0,0.00911058,0.0274353,0,0,0.820236,-10.4391,-0.132723,-1.48164,-3.13333,0.183016,0.665
0.666,0.185811,0,0.00911058,0.0274353,0,0,0.818796,-10.4422,-0.132491,-1.45289,-3.07354,0.178316,0.666
0.667,0.185811,0,0.00911058,0.0274353,0,0,0.817384,-10.4453,-0.132265,-1.4247,-3.0149,0.173729,0.667
0.668,0.185811,0,0.00911058,0.0274353,0,0,0.816,-10.4483,-0.132045,-1.39706,-2.95737,0.169252,0.668
0.669,0.185811,0,0.00911058,0.0274353,0,0,0.814642,-10.4513,-0.13183,-1.36996,-2.90094,0.164881,0.669
0.67,0.185811,0,0.00911058,0.0274353,0,0,0.81331,-10.4542,-0.13162,-1.34338,-2.84559,0.160615,0.67
0.671,0.185811,0,0.00911058,0.0274353,0,0,0.812003,-10.457,-0.131416,-1.31732,-2.79129,0.156452,0.671
0.672,0.185811,0,0.00911058,0.0274353,0,0,0.810722,-10.4598,-0.131217,-1.29176,-2.73803,0.152389,0.672
0.673,0.185811,0,0.00911058,0.0274353,0,0,0.809466,-10.4625,-0.131022,-1.2667,-2.68578,0.148423,0.673
0.674,0.185811,0,0.00911058,0.0274353,0,0,0.808233,-10.4652,-0.130833,-1.24213,-2.63452,0.144552,0.674
0.675,0.185811,0,0.00911058,0.0274353,0,0,0.807025,-10.4679,-0.130648,-1.21803,-2.58425,0.140775,0.675
0.676,0.185811,0,0.00911058,0.0274353,0,0,0.80584,-10.4704,-0.130468,-1.1944,-2.53493,0.137089,0.676
0.677,0.185811,0,0.00911058,0.0274353,0,0,0.804677,-10.473,-0.130292,-1.17123,-2.48656,0.133491,0.677
0.678,0.185811,0,0.00911058,0.0274353,0,0,0.803537,-10.4755,-0.130121,-1.14851,-2.4391,0.129981,0.678
0.679,0.185811,0,0.00911058,0.0274353,0,0,0.802419,-10.4779,-0.129954,-1.12623,-2.39255,0.126555,0.679
0.68,0.185811,0,0.00911058,0.0274353,0,0,0.801322,-10.4803,-0.129791,-1.10438,-2.34689,0.123212,0.68
0.681,0.185811,0,0.00911058,0.0274353,0,0,0.800247,-10.4826,-0.129633,-1.08296,-2.3021,0.11995,0.681
0.682,0.185811,0,0.00911058,0.0274353,0,0,0.799192,-10.4849,-0.129478,-1.06195,-2.25817,0.116768,0.682
0.683,0.185811,0,0.00911058,0.0274353,0,0,0.798157,-10.4872,-0.129327,-1.04135,-2.21507,0.113662,0.683
0.684,0.185811,0,0.00911058,0.0274353,0,0,0.797143,-10.4894,-0.12918,-1.02115,-2.17279,0.110632,0.684
0.685,0.185811,0,0.00911058,0.0274353,0,0,0.796148,-10.4916,-0.129037,-1.00134,-2.13132,0.107675,0.685
0.686,0.185811,0,0.00911058,0.0274353,0,0,0.795172,-10.4937,-0.128897,-0.981914,-2.09064,0.104791,0.686
0.687,0.185811,0,0.00911058,0.0274353,0,0,0.794215,-10.4958,-0.128761,-0.962867,-2.05074,0.101977,0.687
0.688,0.185811,0,0.00911058,0.0274353,0,0,0.793276,-10.4978,-0.128629,-0.94419,-2.0116,0.0992313,0.688
0.689,0.185811,0,0.00911058,0.0274353,0,0,0.792355,-10.4998,-0.128499,-0.925875,-1.9732,0.0965529,0.689
0.69,0.185811,0,0.00911058,0.0274353,0,0,0.791452,-10.5018,-0.128373,-0.907916,-1.93554,0.09394,0.69
0.691,0.185811,0,0.00911058,0.0274353,0,0,0.790567,-10.5038,-0.128251,-0.890305,-1.89859,0.0913911,0.691
0.692,0.185811,0,0.00911058,0.0274353,0,0,0.789698,-10.5056,-0.128131,-0.873036,-1.86235,0.0889047,0.692
0.693,0.185811,0,0.00911058,0.0274353,0,0,0.788847,-10.5075,-0.128015,-0.856103,-1.8268,0.0864794,0.693
0.694,0.185811,0,0.00911058,0.0274353,0,0,0.788011,-10.5093,-0.127901,-0.839497,-1.79193,0.0841136,0.694
0.695,0.185811,0,0.00911058,0.0274353,0,0,0.787192,-10.5111,-0.12779,-0.823215,-1.75773,0.0818062,0.695
0.696,0.185811,0,0.00911058,0.0274353,0,0,0.786388,-10.5129,-0.127683,-0.807248,-1.72417,0.0795555,0.696
0.697,0.185811,0,0.00911058,0.0274353,0,0,0.7856,-10.5146,-0.127578,-0.791591,-1.69126,0.0773605,0.697
0.698,0.185811,0,0.00911058,0.0274353,0,0,0.784827,-10.5163,-0.127475,-0.776238,-1.65897,0.0752197,0.698
0.699,0.185811,0,0.00911058,0.0274353,0,0,0.784069,-10.518,-0.127376,-0.761183,-1.62731,0.0731318,0.699
0.7,0.185811,0,0.00911058,0.0274353,0,0,0.783326,-10.5196,-0.127279,-0.74642,-1.59624,0.0710957,0.7
0.701,0.185811,0,0.00911058,0.0274353,0,0,0.782597,-10.5212,-0.127184,-0.731944,-1.56577,0.0691101,0.701
0.702,0.185811,0,0.00911058,0.0274353,0,0,0.781881,-10.5227,-0.127092,-0.717748,-1.53588,0.0671739,0.702
0.703,0.185811,0,0.00911058,0.0274353,0,0,0.78118,-10.5243,-0.127003,-0.703828,-1.50656,0.0652858,0.703
0.704,0.185811,0,0.00911058,0.0274353,0,0,0.780492,-10.5258,-0.126915,-0.690179,-1.4778,0.0634448,0.704
0.705,0.185811,0,0.00911058,0.0274353,0,0,0.779817,-10.5273,-0.12683,-0.676794,-1.44958,0.0616498,0.705
0.706,0.185811,0,0.00911058,0.0274353,0,0,0.779156,-10.5287,-0.126748,-0.663669,-1.42191,0.0598996,0.706
0.707,0.185811,0,0.00911058,0.0274353,0,0,0.778507,-10.5301,-0.126667,-0.650798,-1.39477,0.0581932,0.707
0.708,0.185811,0,0.00911058,0.0274353,0,0,0.77787,-10.5315,-0.126589,-0.638178,-1.36814,0.0565296,0.708
0.709,0.185811,0,0.00911058,0.0274353,0,0,0.777246,-10.5329,-0.126512,-0.625802,-1.34202,0.0549078,0.709
0.71,0.185811,0,0.00911058,0.0274353,0,0,0.776634,-10.5342,-0.126438,-0.613667,-1.3164,0.0533268,0.71
0.711,0.185811,0,0.00911058,0.0274353,0,0,0.776034,-10.5355,-0.126365,-0.601767,-1.29126,0.0517857,0.711
0.712,0.185811,0,0.00911058,0.0274353,0,0,0.775445,-10.5368,-0.126295,-0.590098,-1.26661,0.0502834,0.712
0.713,0.185811,0,0.00911058,0.0274353,0,0,0.774867,-10.5381,-0.126226,-0.578655,-1.24243,0.0488191,0.713
0.714,0.185811,0,0.00911058,0.0274353,0,0,0.774301,-10.5393,-0.12616,-0.567435,-1.21871,0.0473918,0.714
0.715,0.185811,0,0.00911058,0.0274353,0,0,0.773745,-10.5406,-0.126095,-0.556432,-1.19544,0.0460008,0.715
0.716,0.185811,0,0.00911058,0.0274353,0,0,0.7732,-10.5418,-0.126031,-0.545643,-1.17262,0.0446451,0.716
0.717,0.185811,0,0.00911058,0.0274353,0,0,0.772666,-10.5429,-0.12597,-0.535063,-1.15023,0.0433239,0.717
0.718,0.185811,0,0.00911058,0.0274353,0,0,0.772142,-10.5441,-0.12591,-0.524688,-1.12827,0.0420364,0.718
0.719,0.185811,0,0.00911058,0.0274353,0,0,0.771628,-10.5452,-0.125852,-0.514515,-1.10673,0.0407818,0.719
0.72,0.185811,0,0.00911058,0.0274353,0,0,0.771124,-10.5463,-0.125795,-0.504539,-1.08559,0.0395592,0.72
0.721,0.185811,0,0.00911058,0.0274353,0,0,0.770629,-10.5474,-0.12574,-0.494757,-1.06487,0.0383681,0.721
0.722,0.185811,0,0.00911058,0.0274353,0,0,0.770144,-10.5485,-0.125687,-0.485164,-1.04454,0.0372075,0.722
0.723,0.185811,0,0.00911058,0.0274353,0,0,0.769669,-10.5495,-0.125634,-0.475758,-1.02459,0.0360768,0.723
0.724,0.185811,0,0.00911058,0.0274353,0,0,0.769202,-10.5505,-0.125584,-0.466534,-1.00503,0.0349752,0.724
0.725,0.185811,0,0.00911058,0.0274353,0,0,0.768745,-10.5515,-0.125534,-0.45749,-0.985838,0.0339021,0.725
0.726,0.185811,0,0.00911058,0.0274353,0,0,0.768296,-10.5525,-0.125487,-0.44862,-0.967015,0.0328568,0.726
0.727,0.185811,0,0.00911058,0.0274353,0,0,0.767856,-10.5535,-0.12544,-0.439923,-0.948551,0.0318386,0.727
0.728,0.185811,0,0.00911058,0.0274353,0,0,0.767424,-10.5544,-0.125395,-0.431395,-0.930439,0.0308468,0.728
0.729,0.185811,0,0.00911058,0.0274353,0,0,0.767001,-10.5554,-0.125351,-0.423032,-0.912673,0.0298809,0.729
0.73,0.185811,0,0.00911058,0.0274353,0,0,0.766586,-10.5563,-0.125308,-0.414831,-0.895246,0.0289402,0.73
0.731,0.185811,0,0.00911058,0.0274353,0,0,0.766178,-10.5572,-0.125266,-0.40679,-0.878152,0.0280241,0.731
0.732,0.185811,0,0.00911058,0.0274353,0,0,0.765779,-10.558,-0.125226,-0.398904,-0.861384,0.027132,0.732
0.733,0.185811,0,0.00911058,0.0274353,0,0,0.765387,-10.5589,-0.125186,-0.391171,-0.844936,0.0262634,0.733
0.734,0.185811,0,0.00911058,0.0274353,0,0,0.765003,-10.5597,-0.125148,-0.383589,-0.828802,0.0254176,0.734
0.735,0.185811,0,0.00911058,0.0274353,0,0,0.764626,-10.5606,-0.125111,-0.376154,-0.812976,0.0245942,0.735
0.736,0.185811,0,0.00911058,0.0274353,0,0,0.764257,-10.5614,-0.125075,-0.368862,-0.797452,0.0237925,0.736
0.737,0.185811,0,0.00911058,0.0274353,0,0,0.763894,-10.5622,-0.12504,-0.361713,-0.782225,0.0230121,0.737
0.738,0.185811,0,0.00911058,0.0274353,0,0,0.763539,-10.563,-0.125006,-0.354702,-0.767288,0.0222524,0.738
0.739,0.185811,0,0.00911058,0.0274353,0,0,0.76319,-10.5637,-0.124973,-0.347827,-0.752636,0.021513,0.739
0.74,0.185811,0,0.00911058,0.0274353,0,0,0.762848,-10.5645,-0.124941,-0.341085,-0.738264,0.0207933,0.74
0.741,0.185811,0,0.00911058,0.0274353,0,0,0.762513,-10.5652,-0.12491,-0.334475,-0.724167,0.0200929,0.741
0.742,0.185811,0,0.00911058,0.0274353,0,0,0.762184,-10.566,-0.124879,-0.327992,-0.710338,0.0194113,0.742
0.743,0.185811,0,0.00911058,0.0274353,0,0,0.761861,-10.5667,-0.12485,-0.321635,-0.696774,0.018748,0.743
0.744,0.185811,0,0.00911058,0.0274353,0,0,0.761545,-10.5674,-0.124822,-0.315402,-0.683468,0.0181027,0.744
0.745,0.185811,0,0.00911058,0.0274353,0,0,0.761235,-10.568,-0.124794,-0.309289,-0.670417,0.0174748,0.745
0.746,0.185811,0,0.00911058,0.0274353,0,0,0.76093,-10.5687,-0.124767,-0.303295,-0.657615,0.0168639,0.746
0.747,0.185811,0,0.00911058,0.0274353,0,0,0.760632,-10.5694,-0.124741,-0.297418,-0.645057,0.0162696,0.747
0.748,0.185811,0,0.00911058,0.0274353,0,0,0.760339,-10.57,-0.124716,-0.291654,-0.632739,0.0156916,0.748
0.749,0.185811,0,0.00911058,0.0274353,0,0,0.760052,-10.5706,-0.124691,-0.286002,-0.620656,0.0151293,0.749
0.75,0.185811,0,0.00911058,0.0274353,0,0,0.75977,-10.5713,-0.124668,-0.28046,-0.608803,0.0145825,0.75
0.751,0.185811,0,0.00911058,0.0274353,0,0,0.759494,-10.5719,-0.124645,-0.275025,-0.597177,0.0140507,0.751
0.752,0.185811,0,0.00911058,0.0274353,0,0,0.759223,-10.5725,-0.124622,-0.269696,-0.585773,0.0135336,0.752
0.753,0.185811,0,0.00911058,0.0274353,0,0,0.758957,-10.5731,-0.124601,-0.26447,-0.574587,0.0130308,0.753
0.754,0.185811,0,0.00911058,0.0274353,0,0,0.758697,-10.5736,-0.12458,-0.259346,-0.563614,0.012542,0.754
0.755,0.185811,0,0.00911058,0.0274353,0,0,0.758441,-10.5742,-0.124559,-0.254321,-0.552851,0.0120668,0.755
0.756,0.185811,0,0.00911058,0.0274353,0,0,0.75819,-10.5747,-0.124539,-0.249393,-0.542294,0.0116048,0.756
0.757,0.185811,0,0.00911058,0.0274353,0,0,0.757944,-10.5753,-0.12452,-0.244561,-0.531937,0.0111558,0.757
0.758,0.185811,0,0.00911058,0.0274353,0,0,0.757703,-10.5758,-0.124502,-0.239823,-0.521779,0.0107194,0.758
0.759,0.185811,0,0.00911058,0.0274353,0,0,0.757467,-10.5763,-0.124484,-0.235176,-0.511815,0.0102954,0.759
0.76,0.185811,0,0.00911058,0.0274353,0,0,0.757235,-10.5769,-0.124467,-0.23062,-0.50204,0.00988331,0.76
0.761,0.185811,0,0.00911058,0.0274353,0,0,0.757007,-10.5774,-0.12445,-0.226152,-0.492453,0.00948295,0.761
0.762,0.185811,0,0.00911058,0.0274353,0,0,0.756784,-10.5778,-0.124434,-0.22177,-0.483048,0.00909401,0.762
0.763,0.185811,0,0.00911058,0.0274353,0,0,0.756565,-10.5783,-0.124418,-0.217474,-0.473823,0.00871619,0.763
0.764,0.185811,0,0.00911058,0.0274353,0,0,0.756351,-10.5788,-0.124403,-0.213261,-0.464775,0.00834921,0.764
0.765,0.185811,0,0.00911058,0.0274353,0,0,0.75614,-10.5793,-0.124388,-0.20913,-0.455899,0.00799282,0.765
0.766,0.185811,0,0.00911058,0.0274353,0,0,0.755933,-10.5797,-0.124374,-0.205079,-0.447192,0.00764673,0.766
0.767,0.185811,0,0.00911058,0.0274353,0,0,0.755731,-10.5802,-0.12436,-0.201106,-0.438652,0.00731069,0.767
0.768,0.185811,0,0.00911058,0.0274353,0,0,0.755532,-10.5806,-0.124346,-0.19721,-0.430275,0.00698444,0.768
0.769,0.185811,0,0.00911058,0.0274353,0,0,0.755337,-10.581,-0.124334,-0.19339,-0.422057,0.00666774,0.769
0.77,0.185811,0,0.00911058,0.0274353,0,0,0.755146,-10.5815,-0.124321,-0.189644,-0.413997,0.00636035,0.77
0.771,0.185811,0,0.00911058,0.0274353,0,0,0.754959,-10.5819,-0.124309,-0.185971,-0.406091,0.00606202,0.771
0.772,0.185811,0,0.00911058,0.0274353,0,0,0.754775,-10.5823,-0.124298,-0.182369,-0.398335,0.00577254,0.772
0.773,0.185811,0,0.00911058,0.0274353,0,0,0.754595,-10.5827,-0.124286,-0.178837,-0.390728,0.00549166,0.773
0.774,0.185811,0,0.00911058,0.0274353,0,0,0.754418,-10.5831,-0.124275,-0.175373,-0.383266,0.00521919,0.774
0.775,0.185811,0,0.00911058,0.0274353,0,0,0.754244,-10.5835,-0.124265,-0.171976,-0.375946,0.00495489,0.775
0.776,0.185811,0,0.00911058,0.0274353,0,0,0.754074,-10.5838,-0.124255,-0.168645,-0.368766,0.00469856,0.776
0.777,0.185811,0,0.00911058,0.0274353,0,0,0.753907,-10.5842,-0.124245,-0.165379,-0.361723,0.00444999,0.777
0.778,0.185811,0,0.00911058,0.0274353,0,0,0.753744,-10.5846,-0.124236,-0.162176,-0.354815,0.004209,0.778
0.779,0.185811,0,0.00911058,0.0274353,0,0,0.753583,-10.5849,-0.124227,-0.159036,-0.348039,0.00397537,0.779
0.78,0.185811,0,0.00911058,0.0274353,0,0,0.753426,-10.5853,-0.124218,-0.155956,-0.341392,0.00374892,0.78
0.781,0.185811,0,0.00911058,0.0274353,0,0,0.753271,-10.5856,-0.12421,-0.152936,-0.334872,0.00352947,0.781
0.782,0.185811,0,0.00911058,0.0274353,0,0,0.75312,-10.5859,-0.124202,-0.149974,-0.328476,0.00331683,0.782
0.783,0.185811,0,0.00911058,0.0274353,0,0,0.752971,-10.5863,-0.124194,-0.14707,-0.322203,0.00311082,0.783
0.784,0.185811,0,0.00911058,0.0274353,0,0,0.752826,-10.5866,-0.124186,-0.144222,-0.316049,0.00291128,0.784
0.785,0.185811,0,0.00911058,0.0274353,0,0,0.752683,-10.5869,-0.124179,-0.141429,-0.310013,0.00271804,0.785
0.786,0.185811,0,0.00911058,0.0274353,0,0,0.752543,-10.5872,-0.124172,-0.138691,-0.304092,0.00253092,0.786
0.787,0.185811,0,0.00911058,0.0274353,0,0,0.752405,-10.5875,-0.124166,-0.136005,-0.298285,0.00234978,0.787
0.788,0.185811,0,0.00911058,0.0274353,0,0,0.75227,-10.5878,-0.124159,-0.133372,-0.292588,0.00217444,0.788
0.789,0.185811,0,0.00911058,0.0274353,0,0,0.752138,-10.5881,-0.124153,-0.13079,-0.287,0.00200477,0.789
0.79,0.185811,0,0.00911058,0.0274353,0,0,0.752008,-10.5884,-0.124147,-0.128258,-0.281519,0.00184061,0.79
0.791,0.185811,0,0.00911058,0.0274353,0,0,0.751881,-10.5887,-0.124142,-0.125774,-0.276142,0.00168181,0.791
0.792,0.185811,0,0.00911058,0.0274353,0,0,0.751756,-10.589,-0.124136,-0.123339,-0.270868,0.00152823,0.792
0.793,0.185811,0,0.00911058,0.0274353,0,0,0.751634,-10.5892,-0.124131,-0.120951,-0.265695,0.00137974,0.793
0.794,0.185811,0,0.00911058,0.0274353,0,0,0.751514,-10.5895,-0.124126,-0.11861,-0.26062,0.0012362,0.794
0.795,0.185811,0,0.00911058,0.0274353,0,0,0.751396,-10.5898,-0.124121,-0.116314,-0.255643,0.00109747,0.795
0.796,0.185811,0,0.00911058,0.0274353,0,0,0.751281,-10.59,-0.124117,-0.114062,-0.25076,0.000963432,0.796
0.797,0.185811,0,0.00911058,0.0274353,0,0,0.751167,-10.5903,-0.124113,-0.111854,-0.245971,0.000833953,0.797
0.798,0.185811,0,0.00911058,0.0274353,0,0,0.751056,-10.5905,-0.124108,-0.109689,-0.241273,0.000708913,0.798
0.799,0.185811,0,0.00911058,0.0274353,0,0,0.750947,-10.5907,-0.124105,-0.107566,-0.236665,0.000588192,0.799
0,0.185811,0,0.00911058,0.0274353,0,0,0.75084,-10.591,-0.124101,-0.105483,-0.232145,0.000471672,0.8
