BST,AMR,ALR,AIR,ASR,ASO,AIO,RX,RY,RZ,RXu,RYu,RZu,SST
0,0,0,0,0,0,0,0,0,0,0,0,0,0
0,0,0,0,0,0,0,0,0,0,0,0,0,0
0,0,0,0,0,0,0,0,0,0,0,0,0,0
0.001,0,0,0,0,0,0,0,0,0,0,0,0,0.001
0.002,0,0,0,0,0,0,0,0,0,0,0,0,0.002
0.003,0,0,0,0,0,0,0,0,0,0,0,0,0.003
0.004,0,0,0,0,0,0,0,0,0,0,0,0,0.004
0.005,0,0,0,0,0,0,0,0,0,0,0,0,0.005
0.006,0,0,0,0,0,0,0,0,0,0,0,0,0.006
0.007,0,0,0,0,0,0,0,0,0,0,0,0,0.007
0.008,0,0,0,0,0,0,0,0,0,0,0,0,0.008
0.009,0,0,0,0,0,0,0,0,0,0,0,0,0.009
0.01,0,0,0,0,0,0,0,0,0,0,0,0,0.01
0.011,0,0,0,0,0,0,0,0,0,0,0,0,0.011
0.012,0,0,0,0,0,0,0,0,0,0,0,0,0.012
0.013,0,0,0,0,0,0,0,0,0,0,0,0,0.013
0.014,0,0,0,0,0,0,0,0,0,0,0,0,0.014
0.015,0,0,0,0,0,0,0,0,0,0,0,0,0.015
0.016,0,0,0,0,0,0,0,0,0,0,0,0,0.016
0.017,0,0,0,0,0,0,0,0,0,0,0,0,0.017
0.018,0,0,0,0,0,0,0,0,0,0,0,0,0.018
0.019,0,0,0,0,0,0,0,0,0,0,0,0,0.019
0.02,0,0,0,0,0,0,0,0,0,0,0,0,0.02
0.021,0,0,0,0,0,0,0,0,0,0,0,0,0.021
0.022,0,0,0,0,0,0,0,0,0,0,0,0,0.022
0.023,0,0,0,0,0,0,0,0,0,0,0,0,0.023
0.024,0,0,0,0,0,0,0,0,0,0,0,0,0.024
0.025,0,0,0,0,0,0,0,0,0,0,0,0,0.025
0.026,0,0,0,0,0,0,0,0,0,0,0,0,0.026
0.027,0,0,0,0,0,0,0,0,0,0,0,0,0.027
0.028,0,0,0,0,0,0,0,0,0,0,0,0,0.028
0.029,0,0,0,0,0,0,0,0,0,0,0,0,0.029
0.03,0,0,0,0,0,0,0,0,0,0,0,0,0.03
0.031,0,0,0,0,0,0,0,0,0,0,0,0,0.031
0.032,0,0,0,0,0,0,0,0,0,0,0,0,0.032
0.033,0,0,0,0,0,0,0,0,0,0,0,0,0.033
0.034,0,0,0,0,0,0,0,0,0,0,0,0,0.034
0.035,0,0,0,0,0,0,0,0,0,0,0,0,0.035
0.036,0,0,0,0,0,0,0,0,0,0,0,0,0.036
0.037,0,0,0,0,0,0,0,0,0,0,0,0,0.037
0.038,0,0,0,0,0,0,0,0,0,0,0,0,0.038
0.039,0,0,0,0,0,0,0,0,0,0,0,0,0.039
0.04,0,0,0,0,0,0,0,0,0,0,0,0,0.04
0.041,0,0,0,0,0,0,0,0,0,0,0,0,0.041
0.042,0,0,0,0,0,0,0,0,0,0,0,0,0.042
0.043,0,0,0,0,0,0,0,0,0,0,0,0,0.043
0.044,0,0,0,0,0,0,0,0,0,0,0,0,0.044
0.045,0,0,0,0,0,0,0,0,0,0,0,0,0.045
0.046,0,0,0,0,0,0,0,0,0,0,0,0,0.046
0.047,0,0,0,0,0,0,0,0,0,0,0,0,0.047
0.048,0,0,0,0,0,0,0,0,0,0,0,0,0.048
0.049,0,0,0,0,0,0,0,0,0,0,0,0,0.049
0.05,0,0,0,0,0,0,0,0,0,0,0,0,0.05
0.051,0,0,0,0,0,0,0,0,0,0,0,0,0.051
0.052,0,0,0,0,0,0,0,0,0,0,0,0,0.052
0.053,0,0,0,0,0,0,0,0,0,0,0,0,0.053
0.054,0,0,0,0,0,0,0,0,0,0,0,0,0.054
0.055,0,0,0,0,0,0,0,0,0,0,0,0,0.055
0.056,0,0,0,0,0,0,0,0,0,0,0,0,0.056
0.057,0,0,0,0,0,0,0,0,0,0,0,0,0.057
0.058,0,0,0,0,0,0,0,0,0,0,0,0,0.058
0.059,0,0,0,0,0,0,0,0,0,0,0,0,0.059
0.06,0,0,0,0,0,0,0,0,0,0,0,0,0.06
0.061,0,0,0,0,0,0,0,0,0,0,0,0,0.061
0.062,0,0,0,0,0,0,0,0,0,0,0,0,0.062
0.063,0,0,0,0,0,0,0,0,0,0,0,0,0.063
0.064,0,0,0,0,0,0,0,0,0,0,0,0,0.064
0.065,0,0,0,0,0,0,0,0,0,0,0,0,0.065
0.066,0,0,0,0,0,0,0,0,0,0,0,0,0.066
0.067,0,0,0,0,0,0,0,0,0,0,0,0,0.067
0.068,0,0,0,0,0,0,0,0,0,0,0,0,0.068
0.069,0,0,0,0,0,0,0,0,0,0,0,0,0.069
0.07,0,0,0,0,0,0,0,0,0,0,0,0,0.07
0.071,0,0,0,0,0,0,0,0,0,0,0,0,0.071
0.072,0,0,0,0,0,0,0,0,0,0,0,0,0.072
0.073,0,0,0,0,0,0,0,0,0,0,0,0,0.073
0.074,0,0,0,0,0,0,0,0,0,0,0,0,0.074
0.075,0,0,0,0,0,0,0,0,0,0,0,0,0.075
0.076,0,0,0,0,0,0,0,0,0,0,0,0,0.076
0.077,0,0,0,0,0,0,0,0,0,0,0,0,0.077
0.078,0,0,0,0,0,0,0,0,0,0,0,0,0.078
0.079,0,0,0,0,0,0,0,0,0,0,0,0,0.079
0.08,0,0,0,0,0,0,0,0,0,0,0,0,0.08
0.081,0,0,0,0,0,0,0,0,0,0,0,0,0.081
0.082,0,0,0,0,0,0,0,0,0,0,0,0,0.082
0.083,0,0,0,0,0,0,0,0,0,0,0,0,0.083
0.084,0,0,0,0,0,0,0,0,0,0,0,0,0.084
0.085,0,0,0,0,0,0,0,0,0,0,0,0,0.085
0.086,0,0,0,0,0,0,0,0,0,0,0,0,0.086
0.087,0,0,0,0,0,0,0,0,0,0,0,0,0.087
0.088,0,0,0,0,0,0,0,0,0,0,0,0,0.088
0.089,0,0,0,0,0,0,0,0,0,0,0,0,0.089
0.09,0,0,0,0,0,0,0,0,0,0,0,0,0.09
0.091,0,0,0,0,0,0,0,0,0,0,0,0,0.091
0.092,0,0,0,0,0,0,0,0,0,0,0,0,0.092
0.093,0,0,0,0,0,0,0,0,0,0,0,0,0.093
0.094,0,0,0,0,0,0,0,0,0,0,0,0,0.094
0.095,0,0,0,0,0,0,0,0,0,0,0,0,0.095
0.096,0,0,0,0,0,0,0,0,0,0,0,0,0.096
0.097,0,0,0,0,0,0,0,0,0,0,0,0,0.097
0.098,0,0,0,0,0,0,0,0,0,0,0,0,0.098
0.099,0,0,0,0,0,0,0,0,0,0,0,0,0.099
0.1,0,0,0,0,0,0,0,0,0,0,0,0,0.1
0.101,0,0,0,0,0,0,0,0,0,0,0,0,0.101
0.102,0,0,0,0,0,0,0,0,0,0,0,0,0.102
0.103,0,0,0,0,0,0,0,0,0,0,0,0,0.103
0.104,0,0,0,0,0,0,0,0,0,0,0,0,0.104
0.105,0,0,0,0,0,0,0,0,0,0,0,0,0.105
0.106,0,0,0,0,0,0,0,0,0,0,0,0,0.106
0.107,0,0,0,0,0,0,0,0,0,0,0,0,0.107
0.108,0,0,0,0,0,0,0,0,0,0,0,0,0.108
0.109,0,0,0,0,0,0,0,0,0,0,0,0,0.109
0.11,0,0,0,0,0,0,0,0,0,0,0,0,0.11
0.111,0,0,0,0,0,0,0,0,0,0,0,0,0.111
0.112,0,0,0,0,0,0,0,0,0,0,0,0,0.112
0.113,0,0,0,0,0,0,0,0,0,0,0,0,0.113
0.114,0,0,0,0,0,0,0,0,0,0,0,0,0.114
0.115,0,0,0,0,0,0,0,0,0,0,0,0,0.115
0.116,0,0,0,0,0,0,0,0,0,0,0,0,0.116
0.117,0,0,0,0,0,0,0,0,0,0,0,0,0.117
0.118,0,0,0,0,0,0,0,0,0,0,0,0,0.118
0.119,0,0,0,0,0,0,0,0,0,0,0,0,0.119
0.12,0,0,0,0,0,0,0,0,0,0,0,0,0.12
0.121,0,0,0,0,0,0,0,0,0,0,0,0,0.121
0.122,0,0,0,0,0,0,0,0,0,0,0,0,0.122
0.123,0,0,0,0,0,0,0,0,0,0,0,0,0.123
0.124,0,0,0,0,0,0,0,0,0,0,0,0,0.124
0.125,0,0,0,0,0,0,0,0,0,0,0,0,0.125
0.126,0,0,0,0,0,0,0,0,0,0,0,0,0.126
0.127,0,0,0,0,0,0,0,0,0,0,0,0,0.127
0.128,0,0,0,0,0,0,0,0,0,0,0,0,0.128
0.129,0,0,0,0,0,0,0,0,0,0,0,0,0.129
0.13,0,0,0,0,0,0,0,0,0,0,0,0,0.13
0.131,0,0,0,0,0,0,0,0,0,0,0,0,0.131
0.132,0,0,0,0,0,0,0,0,0,0,0,0,0.132
0.133,0,0,0,0,0,0,0,0,0,0,0,0,0.133
0.134,0,0,0,0,0,0,0,0,0,0,0,0,0.134
0.135,0,0,0,0,0,0,0,0,0,0,0,0,0.135
0.136,0,0,0,0,0,0,0,0,0,0,0,0,0.136
0.137,0,0,0,0,0,0,0,0,0,0,0,0,0.137
0.138,0,0,0,0,0,0,0,0,0,0,0,0,0.138
0.139,0,0,0,0,0,0,0,0,0,0,0,0,0.139
0.14,0,0,0,0,0,0,0,0,0,0,0,0,0.14
0.141,0,0,0,0,0,0,0,0,0,0,0,0,0.141
0.142,0,0,0,0,0,0,0,0,0,0,0,0,0.142
0.143,0,0,0,0,0,0,0,0,0,0,0,0,0.143
0.144,0,0,0,0,0,0,0,0,0,0,0,0,0.144
0.145,0,0,0,0,0,0,0,0,0,0,0,0,0.145
0.146,0,0,0,0,0,0,0,0,0,0,0,0,0.146
0.147,0,0,0,0,0,0,0,0,0,0,0,0,0.147
0.148,0,0,0,0,0,0,0,0,0,0,0,0,0.148
0.149,0,0,0,0,0,0,0,0,0,0,0,0,0.149
0.15,0,0,0,0,0,0,0,0,0,0,0,0,0.15
0.151,0,0,0,0,0,0,0,0,0,0,0,0,0.151
0.152,0,0,0,0,0,0,0,0,0,0,0,0,0.152
0.153,0,0,0,0,0,0,0,0,0,0,0,0,0.153
0.154,0,0,0,0,0,0,0,0,0,0,0,0,0.154
0.155,0,0,0,0,0,0,0,0,0,0,0,0,0.155
0.156,0,0,0,0,0,0,0,0,0,0,0,0,0.156
0.157,0,0,0,0,0,0,0,0,0,0,0,0,0.157
0.158,0,0,0,0,0,0,0,0,0,0,0,0,0.158
0.159,0,0,0,0,0,0,0,0,0,0,0,0,0.159
0.16,0,0,0,0,0,0,0,0,0,0,0,0,0.16
0.161,0,0,0,0,0,0,0,0,0,0,0,0,0.161
0.162,0,0,0,0,0,0,0,0,0,0,0,0,0.162
0.163,0,0,0,0,0,0,0,0,0,0,0,0,0.163
0.164,0,0,0,0,0,0,0,0,0,0,0,0,0.164
0.165,0,0,0,0,0,0,0,0,0,0,0,0,0.165
0.166,0,0,0,0,0,0,0,0,0,0,0,0,0.166
0.167,0,0,0,0,0,0,0,0,0,0,0,0,0.167
0.168,0,0,0,0,0,0,0,0,0,0,0,0,0.168
0.169,0,0,0,0,0,0,0,0,0,0,0,0,0.169
0.17,0,0,0,0,0,0,0,0,0,0,0,0,0.17
0.171,0,0,0,0,0,0,0,0,0,0,0,0,0.171
0.172,0,0,0,0,0,0,0,0,0,0,0,0,0.172
0.173,0,0,0,0,0,0,0,0,0,0,0,0,0.173
0.174,0,0,0,0,0,0,0,0,0,0,0,0,0.174
0.175,0,0,0,0,0,0,0,0,0,0,0,0,0.175
0.176,0,0,0,0,0,0,0,0,0,0,0,0,0.176
0.177,0,0,0,0,0,0,0,0,0,0,0,0,0.177
0.178,0,0,0,0,0,0,0,0,0,0,0,0,0.178
0.179,0,0,0,0,0,0,0,0,0,0,0,0,0.179
0.18,0,0,0,0,0,0,0,0,0,0,0,0,0.18
0.181,0,0,0,0,0,0,0,0,0,0,0,0,0.181
0.182,0,0,0,0,0,0,0,0,0,0,0,0,0.182
0.183,0,0,0,0,0,0,0,0,0,0,0,0,0.183
0.184,0,0,0,0,0,0,0,0,0,0,0,0,0.184
0.185,0,0,0,0,0,0,0,0,0,0,0,0,0.185
0.186,0,0,0,0,0,0,0,0,0,0,0,0,0.186
0.187,0,0,0,0,0,0,0,0,0,0,0,0,0.187
0.188,0,0,0,0,0,0,0,0,0,0,0,0,0.188
0.189,0,0,0,0,0,0,0,0,0,0,0,0,0.189
0.19,0,0,0,0,0,0,0,0,0,0,0,0,0.19
0.191,0,0,0,0,0,0,0,0,0,0,0,0,0.191
0.192,0,0,0,0,0,0,0,0,0,0,0,0,0.192
0.193,0,0,0,0,0,0,0,0,0,0,0,0,0.193
0.194,0,0,0,0,0,0,0,0,0,0,0,0,0.194
0.195,0,0,0,0,0,0,0,0,0,0,0,0,0.195
0.196,0,0,0,0,0,0,0,0,0,0,0,0,0.196
0.197,0,0,0,0,0,0,0,0,0,0,0,0,0.197
0.198,0,0,0,0,0,0,0,0,0,0,0,0,0.198
0.199,0,0,0,0,0,0,0,0,0,0,0,0,0.199
0.2,0,0,0,0,0,0,0,0,0,0,0,0,0.2
0.201,0,0,0,0,0,0,0,0,0,0,0,0,0.201
0.202,0,0,0,0,0,0,0,0,0,0,0,0,0.202
0.203,0,0,0,0,0,0,0,0,0,0,0,0,0.203
0.204,0,0,0,0,0,0,0,0,0,0,0,0,0.204
0.205,0,0,0,0,0,0,0,0,0,0,0,0,0.205
0.206,0,0,0,0,0,0,0,0,0,0,0,0,0.206
0.207,0,0,0,0,0,0,0,0,0,0,0,0,0.207
0.208,0,0,0,0,0,0,0,0,0,0,0,0,0.208
0.209,0,0,0,0,0,0,0,0,0,0,0,0,0.209
0.21,0,0,0,0,0,0,0,0,0,0,0,0,0.21
0.211,0,0,0,0,0,0,0,0,0,0,0,0,0.211
0.212,0,0,0,0,0,0,0,0,0,0,0,0,0.212
0.213,0,0,0,0,0,0,0,0,0,0,0,0,0.213
0.214,0,0,0,0,0,0,0,0,0,0,0,0,0.214
0.215,0,0,0,0,0,0,0,0,0,0,0,0,0.215
0.216,0,0,0,0,0,0,0,0,0,0,0,0,0.216
0.217,0,0,0,0,0,0,0,0,0,0,0,0,0.217
0.218,0,0,0,0,0,0,0,0,0,0,0,0,0.218
0.219,0,0,0,0,0,0,0,0,0,0,0,0,0.219
0.22,0,0,0,0,0,0,0,0,0,0,0,0,0.22
0.221,0,0,0,0,0,0,0,0,0,0,0,0,0.221
0.222,0,0,0,0,0,0,0,0,0,0,0,0,0.222
0.223,0,0,0,0,0,0,0,0,0,0,0,0,0.223
0.224,0,0,0,0,0,0,0,0,0,0,0,0,0.224
0.225,0,0,0,0,0,0,0,0,0,0,0,0,0.225
0.226,0,0,0,0,0,0,0,0,0,0,0,0,0.226
0.227,0,0,0,0,0,0,0,0,0,0,0,0,0.227
0.228,0,0,0,0,0,0,0,0,0,0,0,0,0.228
0.229,0,0,0,0,0,0,0,0,0,0,0,0,0.229
0.23,0,0,0,0,0,0,0,0,0,0,0,0,0.23
0.231,0,0,0,0,0,0,0,0,0,0,0,0,0.231
0.232,0,0,0,0,0,0,0,0,0,0,0,0,0.232
0.233,0,0,0,0,0,0,0,0,0,0,0,0,0.233
0.234,0,0,0,0,0,0,0,0,0,0,0,0,0.234
0.235,0,0,0,0,0,0,0,0,0,0,0,0,0.235
0.236,0,0,0,0,0,0,0,0,0,0,0,0,0.236
0.237,0,0,0,0,0,0,0,0,0,0,0,0,0.237
0.238,0,0,0,0,0,0,0,0,0,0,0,0,0.238
0.239,0,0,0,0,0,0,0,0,0,0,0,0,0.239
0.24,0,0,0,0,0,0,0,0,0,0,0,0,0.24
0.241,0,0,0,0,0,0,0,0,0,0,0,0,0.241
0.242,0,0,0,0,0,0,0,0,0,0,0,0,0.242
0.243,0,0,0,0,0,0,0,0,0,0,0,0,0.243
0.244,0,0,0,0,0,0,0,0,0,0,0,0,0.244
0.245,0,0,0,0,0,0,0,0,0,0,0,0,0.245
0.246,0,0,0,0,0,0,0,0,0,0,0,0,0.246
0.247,0,0,0,0,0,0,0,0,0,0,0,0,0.247
0.248,0,0,0,0,0,0,0,0,0,0,0,0,0.248
0.249,0,0,0,0,0,0,0,0,0,0,0,0,0.249
0.25,0,0,0,0,0,0,0,0,0,0,0,0,0.25
0.251,0,0,0,0,0,0,0,0,0,0,0,0,0.251
0.252,0,0,0,0,0,0,0,0,0,0,0,0,0.252
0.253,0,0,0,0,0,0,0,0,0,0,0,0,0.253
0.254,0,0,0,0,0,0,0,0,0,0,0,0,0.254
0.255,0,0,0,0,0,0,0,0,0,0,0,0,0.255
0.256,0,0,0,0,0,0,0,0,0,0,0,0,0.256
0.257,0,0,0,0,0,0,0,0,0,0,0,0,0.257
0.258,0,0,0,0,0,0,0,0,0,0,0,0,0.258
0.259,0,0,0,0,0,0,0,0,0,0,0,0,0.259
0.26,0,0,0,0,0,0,0,0,0,0,0,0,0.26
0.261,0,0,0,0,0,0,0,0,0,0,0,0,0.261
0.262,0,0,0,0,0,0,0,0,0,0,0,0,0.262
0.263,0,0,0,0,0,0,0,0,0,0,0,0,0.263
0.264,0,0,0,0,0,0,0,0,0,0,0,0,0.264
0.265,0,0,0,0,0,0,0,0,0,0,0,0,0.265
0.266,0,0,0,0,0,0,0,0,0,0,0,0,0.266
0.267,0,0,0,0,0,0,0,0,0,0,0,0,0.267
0.268,0,0,0,0,0,0,0,0,0,0,0,0,0.268
0.269,0,0,0,0,0,0,0,0,0,0,0,0,0.269
0.27,0,0,0,0,0,0,0,0,0,0,0,0,0.27
0.271,0,0,0,0,0,0,0,0,0,0,0,0,0.271
0.272,0,0,0,0,0,0,0,0,0,0,0,0,0.272
0.273,0,0,0,0,0,0,0,0,0,0,0,0,0.273
0.274,0,0,0,0,0,0,0,0,0,0,0,0,0.274
0.275,0,0,0,0,0,0,0,0,0,0,0,0,0.275
0.276,0,0,0,0,0,0,0,0,0,0,0,0,0.276
0.277,0,0,0,0,0,0,0,0,0,0,0,0,0.277
0.278,0,0,0,0,0,0,0,0,0,0,0,0,0.278
0.279,0,0,0,0,0,0,0,0,0,0,0,0,0.279
0.28,0,0,0,0,0,0,0,0,0,0,0,0,0.28
0.281,0,0,0,0,0,0,0,0,0,0,0,0,0.281
0.282,0,0,0,0,0,0,0,0,0,0,0,0,0.282
0.283,0,0,0,0,0,0,0,0,0,0,0,0,0.283
0.284,0,0,0,0,0,0,0,0,0,0,0,0,0.284
0.285,0,0,0,0,0,0,0,0,0,0,0,0,0.285
0.286,0,0,0,0,0,0,0,0,0,0,0,0,0.286
0.287,0,0,0,0,0,0,0,0,0,0,0,0,0.287
0.288,0,0,0,0,0,0,0,0,0,0,0,0,0.288
0.289,0,0,0,0,0,0,0,0,0,0,0,0,0.289
0.29,0,0,0,0,0,0,0,0,0,0,0,0,0.29
0.291,0,0,0,0,0,0,0,0,0,0,0,0,0.291
0.292,0,0,0,0,0,0,0,0,0,0,0,0,0.292
0.293,0,0,0,0,0,0,0,0,0,0,0,0,0.293
0.294,0,0,0,0,0,0,0,0,0,0,0,0,0.294
0.295,0,0,0,0,0,0,0,0,0,0,0,0,0.295
0.296,0,0,0,0,0,0,0,0,0,0,0,0,0.296
0.297,0,0,0,0,0,0,0,0,0,0,0,0,0.297
0.298,0,0,0,0,0,0,0,0,0,0,0,0,0.298
0.299,0,0,0,0,0,0,0,0,0,0,0,0,0.299
0.3,0,0,0,0,0,0,0,0,0,0,0,0,0.3
0.301,0,0,0,0,0,0,0,0,0,0,0,0,0.301
0.302,0,0,0,0,0,0,0,0,0,0,0,0,0.302
0.303,0,0,0,0,0,0,0,0,0,0,0,0,0.303
0.304,0,0,0,0,0,0,0,0,0,0,0,0,0.304
0.305,0,0,0,0,0,0,0,0,0,0,0,0,0.305
0.306,0,0,0,0,0,0,0,0,0,0,0,0,0.306
0.307,0,0,0,0,0,0,0,0,0,0,0,0,0.307
0.308,0,0,0,0,0,0,0,0,0,0,0,0,0.308
0.309,0,0,0,0,0,0,0,0,0,0,0,0,0.309
0.31,0,0,0,0,0,0,0,0,0,0,0,0,0.31
0.311,0,0,0,0,0,0,0,0,0,0,0,0,0.311
0.312,0,0,0,0,0,0,0,0,0,0,0,0,0.312
0.313,0,0,0,0,0,0,0,0,0,0,0,0,0.313
0.314,0,0,0,0,0,0,0,0,0,0,0,0,0.314
0.315,0,0,0,0,0,0,0,0,0,0,0,0,0.315
0.316,0,0,0,0,0,0,0,0,0,0,0,0,0.316
0.317,0,0,0,0,0,0,0,0,0,0,0,0,0.317
0.318,0,0,0,0,0,0,0,0,0,0,0,0,0.318
0.319,0,0,0,0,0,0,0,0,0,0,0,0,0.319
0.32,0,0,0,0,0,0,0,0,0,0,0,0,0.32
0.321,0,0,0,0,0,0,0,0,0,0,0,0,0.321
0.322,0,0,0,0,0,0,0,0,0,0,0,0,0.322
0.323,0,0,0,0,0,0,0,0,0,0,0,0,0.323
0.324,0,0,0,0,0,0,0,0,0,0,0,0,0.324
0.325,0,0,0,0,0,0,0,0,0,0,0,0,0.325
0.326,0,0,0,0,0,0,0,0,0,0,0,0,0.326
0.327,0,0,0,0,0,0,0,0,0,0,0,0,0.327
0.328,0,0,0,0,0,0,0,0,0,0,0,0,0.328
0.329,0,0,0,0,0,0,0,0,0,0,0,0,0.329
0.33,0,0,0,0,0,0,0,0,0,0,0,0,0.33
0.331,0,0,0,0,0,0,0,0,0,0,0,0,0.331
0.332,0,0,0,0,0,0,0,0,0,0,0,0,0.332
0.333,0,0,0,0,0,0,0,0,0,0,0,0,0.333
0.334,0,0,0,0,0,0,0,0,0,0,0,0,0.334
0.335,0,0,0,0,0,0,0,0,0,0,0,0,0.335
0.336,0,0,0,0,0,0,0,0,0,0,0,0,0.336
0.337,0,0,0,0,0,0,0,0,0,0,0,0,0.337
0.338,0,0,0,0,0,0,0,0,0,0,0,0,0.338
0.339,0,0,0,0,0,0,0,0,0,0,0,0,0.339
0.34,0,0,0,0,0,0,0,0,0,0,0,0,0.34
0.341,0,0,0,0,0,0,0,0,0,0,0,0,0.341
0.342,0,0,0,0,0,0,0,0,0,0,0,0,0.342
0.343,0,0,0,0,0,0,0,0,0,0,0,0,0.343
0.344,0,0,0,0,0,0,0,0,0,0,0,0,0.344
0.345,0,0,0,0,0,0,0,0,0,0,0,0,0.345
0.346,0,0,0,0,0,0,0,0,0,0,0,0,0.346
0.347,0,0,0,0,0,0,0,0,0,0,0,0,0.347
0.348,0,0,0,0,0,0,0,0,0,0,0,0,0.348
0.349,0,0,0,0,0,0,0,0,0,0,0,0,0.349
0.35,0,0,0,0,0,0,0,0,0,0,0,0,0.35
0.351,0,0,0,0,0,0,0,0,0,0,0,0,0.351
0.352,0,0,0,0,0,0,0,0,0,0,0,0,0.352
0.353,0,0,0,0,0,0,0,0,0,0,0,0,0.353
0.354,0,0,0,0,0,0,0,0,0,0,0,0,0.354
0.355,0,0,0,0,0,0,0,0,0,0,0,0,0.355
0.356,0,0,0,0,0,0,0,0,0,0,0,0,0.356
0.357,0,0,0,0,0,0,0,0,0,0,0,0,0.357
0.358,0,0,0,0,0,0,0,0,0,0,0,0,0.358
0.359,0,0,0,0,0,0,0,0,0,0,0,0,0.359
0.36,0,0,0,0,0,0,0,0,0,0,0,0,0.36
0.361,0,0,0,0,0,0,0,0,0,0,0,0,0.361
0.362,0,0,0,0,0,0,0,0,0,0,0,0,0.362
0.363,0,0,0,0,0,0,0,0,0,0,0,0,0.363
0.364,0,0,0,0,0,0,0,0,0,0,0,0,0.364
0.365,0,0,0,0,0,0,0,0,0,0,0,0,0.365
0.366,0,0,0,0,0,0,0,0,0,0,0,0,0.366
0.367,0,0,0,0,0,0,0,0,0,0,0,0,0.367
0.368,0,0,0,0,0,0,0,0,0,0,0,0,0.368
0.369,0,0,0,0,0,0,0,0,0,0,0,0,0.369
0.37,0,0,0,0,0,0,0,0,0,0,0,0,0.37
0.371,0,0,0,0,0,0,0,0,0,0,0,0,0.371
0.372,0,0,0,0,0,0,0,0,0,0,0,0,0.372
0.373,0,0,0,0,0,0,0,0,0,0,0,0,0.373
0.374,0,0,0,0,0,0,0,0,0,0,0,0,0.374
0.375,0,0,0,0,0,0,0,0,0,0,0,0,0.375
0.376,0,0,0,0,0,0,0,0,0,0,0,0,0.376
0.377,0,0,0,0,0,0,0,0,0,0,0,0,0.377
0.378,0,0,0,0,0,0,0,0,0,0,0,0,0.378
0.379,0,0,0,0,0,0,0,0,0,0,0,0,0.379
0.38,0,0,0,0,0,0,0,0,0,0,0,0,0.38
0.381,0,0,0,0,0,0,0,0,0,0,0,0,0.381
0.382,0,0,0,0,0,0,0,0,0,0,0,0,0.382
0.383,0,0,0,0,0,0,0,0,0,0,0,0,0.383
0.384,0,0,0,0,0,0,0,0,0,0,0,0,0.384
0.385,0,0,0,0,0,0,0,0,0,0,0,0,0.385
0.386,0,0,0,0,0,0,0,0,0,0,0,0,0.386
0.387,0,0,0,0,0,0,0,0,0,0,0,0,0.387
0.388,0,0,0,0,0,0,0,0,0,0,0,0,0.388
0.389,0,0,0,0,0,0,0,0,0,0,0,0,0.389
0.39,0,0,0,0,0,0,0,0,0,0,0,0,0.39
0.391,0,0,0,0,0,0,0,0,0,0,0,0,0.391
0.392,0,0,0,0,0,0,0,0,0,0,0,0,0.392
0.393,0,0,0,0,0,0,0,0,0,0,0,0,0.393
0.394,0,0,0,0,0,0,0,0,0,0,0,0,0.394
0.395,0,0,0,0,0,0,0,0,0,0,0,0,0.395
0.396,0,0,0,0,0,0,0,0,0,0,0,0,0.396
0.397,0,0,0,0,0,0,0,0,0,0,0,0,0.397
0.398,0,0,0,0,0,0,0,0,0,0,0,0,0.398
0.399,0,0,0,0,0,0,0,0,0,0,0,0,0.399
0.4,0,0,0,0,0,0,0,0,0,0,0,0,0.4
0.401,0,0,0,0,0,0,0,0,0,0,0,0,0.401
0.402,0,0,0,0,0,0,0,0,0,0,0,0,0.402
0.403,0,0,0,0,0,0,0,0,0,0,0,0,0.403
0.404,0,0,0,0,0,0,0,0,0,0,0,0,0.404
0.405,0,0,0,0,0,0,0,0,0,0,0,0,0.405
0.406,0,0,0,0,0,0,0,0,0,0,0,0,0.406
0.407,0,0,0,0,0,0,0,0,0,0,0,0,0.407
0.408,0,0,0,0,0,0,0,0,0,0,0,0,0.408
0.409,0,0,0,0,0,0,0,0,0,0,0,0,0.409
0.41,0,0,0,0,0,0,0,0,0,0,0,0,0.41
0.411,0,0,0,0,0,0,0,0,0,0,0,0,0.411
0.412,0,0,0,0,0,0,0,0,0,0,0,0,0.412
0.413,0,0,0,0,0,0,0,0,0,0,0,0,0.413
0.414,0,0,0,0,0,0,0,0,0,0,0,0,0.414
0.415,0,0,0,0,0,0,0,0,0,0,0,0,0.415
0.416,0,0,0,0,0,0,0,0,0,0,0,0,0.416
0.417,0,0,0,0,0,0,0,0,0,0,0,0,0.417
0.418,0,0,0,0,0,0,0,0,0,0,0,0,0.418
0.419,0,0,0,0,0,0,0,0,0,0,0,0,0.419
0.42,0,0,0,0,0,0,0,0,0,0,0,0,0.42
0.421,0,0,0,0,0,0,0,0,0,0,0,0,0.421
0.422,0,0,0,0,0,0,0,0,0,0,0,0,0.422
0.423,0,0,0,0,0,0,0,0,0,0,0,0,0.423
0.424,0,0,0,0,0,0,0,0,0,0,0,0,0.424
0.425,0,0,0,0,0,0,0,0,0,0,0,0,0.425
0.426,0,0,0,0,0,0,0,0,0,0,0,0,0.426
0.427,0,0,0,0,0,0,0,0,0,0,0,0,0.427
0.428,0,0,0,0,0,0,0,0,0,0,0,0,0.428
0.429,0,0,0,0,0,0,0,0,0,0,0,0,0.429
0.43,0,0,0,0,0,0,0,0,0,0,0,0,0.43
0.431,0,0,0,0,0,0,0,0,0,0,0,0,0.431
0.432,0,0,0,0,0,0,0,0,0,0,0,0,0.432
0.433,0,0,0,0,0,0,0,0,0,0,0,0,0.433
0.434,0,0,0,0,0,0,0,0,0,0,0,0,0.434
0.435,0,0,0,0,0,0,0,0,0,0,0,0,0.435
0.436,0,0,0,0,0,0,0,0,0,0,0,0,0.436
0.437,0,0,0,0,0,0,0,0,0,0,0,0,0.437
0.438,0,0,0,0,0,0,0,0,0,0,0,0,0.438
0.439,0,0,0,0,0,0,0,0,0,0,0,0,0.439
0.44,0,0,0,0,0,0,0,0,0,0,0,0,0.44
0.441,0,0,0,0,0,0,0,0,0,0,0,0,0.441
0.442,0,0,0,0,0,0,0,0,0,0,0,0,0.442
0.443,0,0,0,0,0,0,0,0,0,0,0,0,0.443
0.444,0,0,0,0,0,0,0,0,0,0,0,0,0.444
0.445,0,0,0,0,0,0,0,0,0,0,0,0,0.445
0.446,0,0,0,0,0,0,0,0,0,0,0,0,0.446
0.447,0,0,0,0,0,0,0,0,0,0,0,0,0.447
0.448,0,0,0,0,0,0,0,0,0,0,0,0,0.448
0.449,0,0,0,0,0,0,0,0,0,0,0,0,0.449
0.45,0,0,0,0,0,0,0,0,0,0,0,0,0.45
0.451,0,0,0,0,0,0,0,0,0,0,0,0,0.451
0.452,0,0,0,0,0,0,0,0,0,0,0,0,0.452
0.453,0,0,0,0,0,0,0,0,0,0,0,0,0.453
0.454,0,0,0,0,0,0,0,0,0,0,0,0,0.454
0.455,0,0,0,0,0,0,0,0,0,0,0,0,0.455
0.456,0,0,0,0,0,0,0,0,0,0,0,0,0.456
0.457,0,0,0,0,0,0,0,0,0,0,0,0,0.457
0.458,0,0,0,0,0,0,0,0,0,0,0,0,0.458
0.459,0,0,0,0,0,0,0,0,0,0,0,0,0.459
0.46,0,0,0,0,0,0,0,0,0,0,0,0,0.46
0.461,0,0,0,0,0,0,0,0,0,0,0,0,0.461
0.462,0,0,0,0,0,0,0,0,0,0,0,0,0.462
0.463,0,0,0,0,0,0,0,0,0,0,0,0,0.463
0.464,0,0,0,0,0,0,0,0,0,0,0,0,0.464
0.465,0,0,0,0,0,0,0,0,0,0,0,0,0.465
0.466,0,0,0,0,0,0,0,0,0,0,0,0,0.466
0.467,0,0,0,0,0,0,0,0,0,0,0,0,0.467
0.468,0,0,0,0,0,0,0,0,0,0,0,0,0.468
0.469,0,0,0,0,0,0,0,0,0,0,0,0,0.469
0.47,0,0,0,0,0,0,0,0,0,0,0,0,0.47
0.471,0,0,0,0,0,0,0,0,0,0,0,0,0.471
0.472,0,0,0,0,0,0,0,0,0,0,0,0,0.472
0.473,0,0,0,0,0,0,0,0,0,0,0,0,0.473
0.474,0,0,0,0,0,0,0,0,0,0,0,0,0.474
0.475,0,0,0,0,0,0,0,0,0,0,0,0,0.475
0.476,0,0,0,0,0,0,0,0,0,0,0,0,0.476
0.477,0,0,0,0,0,0,0,0,0,0,0,0,0.477
0.478,0,0,0,0,0,0,0,0,0,0,0,0,0.478
0.479,0,0,0,0,0,0,0,0,0,0,0,0,0.479
0.48,0,0,0,0,0,0,0,0,0,0,0,0,0.48
0.481,0,0,0,0,0,0,0,0,0,0,0,0,0.481
0.482,0,0,0,0,0,0,0,0,0,0,0,0,0.482
0.483,0,0,0,0,0,0,0,0,0,0,0,0,0.483
0.484,0,0,0,0,0,0,0,0,0,0,0,0,0.484
0.485,0,0,0,0,0,0,0,0,0,0,0,0,0.485
0.486,0,0,0,0,0,0,0,0,0,0,0,0,0.486
0.487,0,0,0,0,0,0,0,0,0,0,0,0,0.487
0.488,0,0,0,0,0,0,0,0,0,0,0,0,0.488
0.489,0,0,0,0,0,0,0,0,0,0,0,0,0.489
0.49,0,0,0,0,0,0,0,0,0,0,0,0,0.49
0.491,0,0,0,0,0,0,0,0,0,0,0,0,0.491
0.492,0,0,0,0,0,0,0,0,0,0,0,0,0.492
0.493,0,0,0,0,0,0,0,0,0,0,0,0,0.493
0.494,0,0,0,0,0,0,0,0,0,0,0,0,0.494
0.495,0,0,0,0,0,0,0,0,0,0,0,0,0.495
0.496,0,0,0,0,0,0,0,0,0,0,0,0,0.496
0.497,0,0,0,0,0,0,0,0,0,0,0,0,0.497
0.498,0,0,0,0,0,0,0,0,0,0,0,0,0.498
0.499,0,0,0,0,0,0,0,0,0,0,0,0,0.499
0.5,0,0,0,0,0,0,0,0,0,0,0,0,0.5
0.501,0,0,0,0,0,0,0,0,0,0,0,0,0.501
0.502,0,0,0,0,0,0,0,0,0,0,0,0,0.502
0.503,0,0,0,0,0,0,0,0,0,0,0,0,0.503
0.504,0,0,0,0,0,0,0,0,0,0,0,0,0.504
0.505,0,0,0,0,0,0,0,0,0,0,0,0,0.505
0.506,0,0,0,0,0,0,0,0,0,0,0,0,0.506
0.507,0,0,0,0,0,0,0,0,0,0,0,0,0.507
0.508,0,0,0,0,0,0,0,0,0,0,0,0,0.508
0.509,0,0,0,0,0,0,0,0,0,0,0,0,0.509
0.51,0,0,0,0,0,0,0,0,0,0,0,0,0.51
0.511,0,0,0,0,0,0,0,0,0,0,0,0,0.511
0.512,0,0,0,0,0,0,0,0,0,0,0,0,0.512
0.513,0,0,0,0,0,0,0,0,0,0,0,0,0.513
0.514,0,0,0,0,0,0,0,0,0,0,0,0,0.514
0.515,0,0,0,0,0,0,0,0,0,0,0,0,0.515
0.516,0,0,0,0,0,0,0,0,0,0,0,0,0.516
0.517,0,0,0,0,0,0,0,0,0,0,0,0,0.517
0.518,0,0,0,0,0,0,0,0,0,0,0,0,0.518
0.519,0,0,0,0,0,0,0,0,0,0,0,0,0.519
0.52,0,0,0,0,0,0,0,0,0,0,0,0,0.52
0.521,0,0,0,0,0,0,0,0,0,0,0,0,0.521
0.522,0,0,0,0,0,0,0,0,0,0,0,0,0.522
0.523,0,0,0,0,0,0,0,0,0,0,0,0,0.523
0.524,0,0,0,0,0,0,0,0,0,0,0,0,0.524
0.525,0,0,0,0,0,0,0,0,0,0,0,0,0.525
0.526,0,0,0,0,0,0,0,0,0,0,0,0,0.526
0.527,0,0,0,0,0,0,0,0,0,0,0,0,0.527
0.528,0,0,0,0,0,0,0,0,0,0,0,0,0.528
0.529,0,0,0,0,0,0,0,0,0,0,0,0,0.529
0.53,0,0,0,0,0,0,0,0,0,0,0,0,0.53
0.531,0,0,0,0,0,0,0,0,0,0,0,0,0.531
0.532,0,0,0,0,0,0,0,0,0,0,0,0,0.532
0.533,0,0,0,0,0,0,0,0,0,0,0,0,0.533
0.534,0,0,0,0,0,0,0,0,0,0,0,0,0.534
0.535,0,0,0,0,0,0,0,0,0,0,0,0,0.535
0.536,0,0,0,0,0,0,0,0,0,0,0,0,0.536
0.537,0,0,0,0,0,0,0,0,0,0,0,0,0.537
0.538,0,0,0,0,0,0,0,0,0,0,0,0,0.538
0.539,0.0279806,0,0,0,0,0,0,0,0,0,0,0,0.539
0.54,0.0781008,0,0,0,0,0,0,0,0,0,-13.7252,0,0.54
0.541,0.131596,0,0,0,0,0,0,-0.0137252,0,0,-45.5253,0,0.541
0.542,0.182336,0,0,0,0,0,0,-0.0592505,0,0,-88.3728,0,0.542
0.543,0.229004,0,0.00888454,0,0,0,0,-0.147623,0,0,-135.413,0,0.543
0.544,0.272076,0,0.0245711,0,0,0,0,-0.283036,0,-3.34656,-182.007,0.55776,0.544
0.545,0.311463,0,0.0432755,0,0,0,-0.0033438,-0.465043,0.000557766,-11.0138,-225.957,1.83563,0.545
0.546,0.346122,0,0.0634752,0,0,0,-0.0143428,-0.691001,0.00238027,-22.0554,-266.157,3.6759,0.546
0.547,0.374936,0,0.0848188,0,0,0,-0.0363547,-0.957159,0.00598981,-35.3549,-301.566,5.89256,0.547
0.548,0.396783,0,0.107208,0,0,0,-0.0716144,-1.25873,0.0116918,-50.1538,-331.118,8.35953,0.548
0.549,0.410641,0,0.130296,0,0.00045011,0,-0.121594,-1.58986,0.0196394,-65.9879,-353.743,11.0001,0.549
0.55,0.4156,0,0.153462,0,0.00156674,0,-0.187297,-1.94362,0.0298927,-82.4323,-368.433,13.6469,0.55
0.551,0.41293,0,0.176081,0,0.0030107,0,-0.269307,-2.3121,0.0423424,-99.0042,-374.312,16.1227,0.551
0.552,0.406691,0,0.197527,0,0.00464276,0,-0.367731,-2.68648,0.0567172,-115.239,-371.666,18.3746,0.552
0.553,0.398861,0,0.217084,0,0.0064064,0,-0.482221,-3.05826,0.0727237,-130.669,-362.745,20.3699,0.553
0.554,0.390436,0,0.234017,0,0.00828587,0,-0.611964,-3.42116,0.0900646,-144.788,-349.813,22.0625,0.554
0.555,0.381915,0,0.247649,0,0.0102491,0,-0.755657,-3.77119,0.108422,-157.065,-334.644,23.3888,0.555
0.556,0.373546,0,0.257224,0,0.0122418,0,-0.911471,-4.10611,0.127437,-166.988,-318.494,24.2838,0.556
0.557,0.365449,0,0.262046,0,0.0142091,0,-1.07708,-4.42495,0.146701,-174.027,-302.212,24.6826,0.557
0.558,0.357676,0,0.261601,0,0.0160902,0,-1.24964,-4.72758,0.165755,-177.676,-286.361,24.5253,0.558
0.559,0.350246,0,0.255475,0,0.0178279,0,-1.4258,-5.0144,0.184092,-177.516,-271.303,23.7672,0.559
0.56,0.343163,0,0.246718,0,0.0193678,0,-1.60182,-5.28621,0.201166,-173.214,-257.273,22.3786,0.56
0.561,0.336419,0,0.236786,0,0.0206437,0,-1.77363,-5.54401,0.216409,-165.783,-244.253,20.5525,0.561
0.562,0.330003,0,0.226417,0,0.021568,0,-1.93816,-5.78878,0.229453,-156.347,-232.154,18.5024,0.562
0.563,0.323903,0,0.216014,0,0.0220477,0,-2.09343,-6.02143,0.240148,-145.814,-220.879,16.4105,0.563
0.564,0.318105,0,0.205804,0,0.0220027,0,-2.23836,-6.24276,0.248525,-134.837,-210.343,14.4204,0.564
0.565,0.312594,0,0.195914,0,0.021711,0,-2.37252,-6.45351,0.254756,-123.858,-200.472,12.6398,0.565
0.566,0.307358,0,0.186418,0,0.0213095,0,-2.49589,-6.65433,0.259114,-113.14,-191.199,11.0678,0.566
0.567,0.302383,0,0.177358,0,0.0208656,0,-2.60871,-6.84583,0.261863,-102.834,-182.466,9.67524,0.567
0.568,0.297656,0,0.168765,0,0.0204126,0,-2.71138,-7.02855,0.263233,-93.0233,-174.225,8.43116,0.568
0.569,0.293165,0,0.160653,0,0.0199666,0,-2.80438,-7.20298,0.263415,-83.7562,-166.435,7.31147,0.569
0.57,0.288898,0,0.153035,0,0.0195351,0,-2.88824,-7.36957,0.262568,-75.055,-159.059,6.29888,0.57
0.571,0.284845,0,0.145912,0,0.0191211,0,-2.96352,-7.52875,0.26083,-66.9278,-152.067,5.38158,0.571
0.572,0.280994,0,0.139279,0,0.0187259,0,-3.03078,-7.68089,0.258321,-59.3733,-145.43,4.55141,0.572
0.573,0.277336,0,0.133137,0,0.0183494,0,-3.09058,-7.82635,0.255148,-52.3812,-139.123,3.80207,0.573
0.574,0.27386,0,0.12749,0,0.0179912,0,-3.14347,-7.96548,0.251409,-45.94,-133.124,3.12914,0.574
0.575,0.270558,0,0.122322,0,0.0176507,0,-3.18999,-8.09858,0.247193,-40.0386,-127.41,2.52955,0.575
0.576,0.267422,0,0.117617,0,0.017327,0,-3.23068,-8.22593,0.242582,-34.6601,-121.963,1.99997,0.576
0.577,0.264442,0,0.113369,0,0.0170195,0,-3.26604,-8.34781,0.237655,-29.783,-116.765,1.53681,0.577
0.578,0.261611,0,0.109558,0,0.0167273,0,-3.29658,-8.46447,0.232482,-25.3886,-111.799,1.13715,0.578
0.579,0.258921,0,0.106154,0,0.0164497,0,-3.32275,-8.57615,0.22713,-21.4543,-107.052,0.797645,0.579
0.58,0.256366,0,0.103124,0,0.016186,0,-3.34502,-8.68307,0.22166,-17.9523,-102.51,0.51409,0.58
0.581,0.253939,0,0.100458,0,0.0159354,0,-3.36381,-8.78544,0.216129,-14.8512,-98.1631,0.281791,0.581
0.582,0.251634,0,0.0981432,0,0.0156974,0,-3.37951,-8.88345,0.210585,-12.1265,-94,0.0972043,0.582
0.583,0.249443,0,0.096168,0,0.0154713,0,-3.39249,-8.97729,0.205075,-9.75659,-90.0104,-0.0427246,0.583
0.584,0.247362,0,0.0945366,0,0.0152565,0,-3.40309,-9.06714,0.199639,-7.72206,-86.1842,-0.140668,0.584
0.585,0.245385,0,0.0932352,0,0.0150524,0,-3.41165,-9.15316,0.194317,-6.01092,-82.5111,-0.19807,0.585
0.586,0.243507,0,0.0922424,0,0.0148585,0,-3.41849,-9.23552,0.189143,-4.60862,-78.9819,-0.216811,0.586
0.587,0.241723,0,0.0915351,0,0.0146743,0,-3.4239,-9.31434,0.184152,-3.4965,-75.5887,-0.199466,0.587
0.588,0.240028,0,0.0910991,0,0.0144994,0,-3.42816,-9.38979,0.179376,-2.65335,-72.325,-0.149049,0.588
0.589,0.238418,0,0.0908484,0,0.0143331,0,-3.43156,-9.46197,0.174841,-2.0601,-69.1843,-0.0682329,0.589
0.59,0.236888,0,0.0906909,0,0.0141752,0,-3.43432,-9.53103,0.170574,-1.67237,-66.1653,0.036077,0.59
0.591,0.235435,0,0.0905816,0,0.0140252,0,-3.43665,-9.59708,0.166592,-1.43055,-63.2701,0.154422,0.591
0.592,0.234054,0,0.090498,0,0.0138827,0,-3.4387,-9.66024,0.162901,-1.28479,-60.4995,0.27896,0.592
0.593,0.232742,0,0.0904287,0,0.0137473,0,-3.44055,-9.72065,0.159503,-1.19927,-57.8526,0.404177,0.593
0.594,0.231496,0,0.0903679,0,0.0136187,0,-3.44228,-9.77842,0.15639,-1.15016,-55.3265,0.526547,0.594
0.595,0.230313,0,0.0903126,0,0.0134965,0,-3.44391,-9.83368,0.153552,-1.12234,-52.9176,0.643988,0.595
0.596,0.229188,0,0.0902613,0,0.0133804,0,-3.44547,-9.88654,0.150978,-1.1065,-50.6214,0.755376,0.596
0.597,0.22812,0,0.0902133,0,0.0132701,0,-3.44698,-9.93712,0.148655,-1.09711,-48.433,0.860199,0.597
0.598,0.227105,0,0.090168,0,0.0131654,0,-3.44843,-9.98552,0.146571,-1.09089,-46.3476,0.958309,0.598
0.599,0.226141,0,0.0901251,0,0.0130658,0,-3.44985,-10.0318,0.144711,-1.08599,-44.3604,1.04978,0.599
0.6,0.225225,0,0.0900844,0,0.0129713,0,-3.45122,-10.0762,0.143065,-1.08137,-42.4666,1.13479,0.6
0.601,0.224355,0,0.0900458,0,0.0128815,0,-3.45255,-10.1186,0.141619,-1.07647,-40.6618,1.21361,0.601
0.602,0.223529,0,0.0900091,0,0.0127961,0,-3.45385,-10.1593,0.140362,-1.071,-38.9415,1.2865,0.602
0.603,0.222743,0,0.0899743,0,0.0127151,0,-3.45511,-10.1982,0.139283,-1.06483,-37.3016,1.35378,0.603
0.604,0.221997,0,0.0899412,0,0.0126381,0,-3.45634,-10.2356,0.138372,-1.05793,-35.7382,1.41572,0.604
0.605,0.221289,0,0.0899098,0,0.0125649,0,-3.45753,-10.2713,0.137619,-1.05031,-34.2475,1.47261,0.605
0.606,0.220615,0,0.08988,0,0.0124954,0,-3.45869,-10.3056,0.137013,-1.04199,-32.826,1.52473,0.606
0.607,0.219976,0,0.0898516,0,0.0124294,0,-3.45981,-10.3385,0.136547,-1.03302,-31.4702,1.57234,0.607
0.608,0.219368,0,0.0898247,0,0.0123667,0,-3.46091,-10.37,0.136212,-1.02346,-30.1769,1.6157,0.608
0.609,0.218791,0,0.0897991,0,0.0123071,0,-3.46197,-10.4002,0.136,-1.01335,-28.9431,1.65503,0.609
0.61,0.218242,0,0.0897748,0,0.0122505,0,-3.463,-10.4292,0.135902,-1.00274,-27.7658,1.69057,0.61
0.611,0.217721,0,0.0897517,0,0.0121967,0,-3.464,-10.457,0.135913,-0.991688,-26.6424,1.72254,0.611
0.612,0.217227,0,0.0897298,0,0.0121456,0,-3.46497,-10.4837,0.136024,-0.980233,-25.5701,1.75113,0.612
0.613,0.216756,0,0.0897089,0,0.0120971,0,-3.46591,-10.5093,0.13623,-0.968422,-24.5466,1.77655,0.613
0.614,0.21631,0,0.0896892,0,0.012051,0,-3.46683,-10.5339,0.136525,-0.956291,-23.5694,1.79897,0.614
0.615,0.215885,0,0.0896703,0,0.0120071,0,-3.46772,-10.5576,0.136901,-0.943879,-22.6363,1.81858,0.615
0.616,0.215482,0,0.0896525,0,0.0119655,0,-3.46858,-10.5803,0.137355,-0.931222,-21.7451,1.83553,0.616
0.617,0.215099,0,0.0896355,0,0.0113115,0,-3.46941,-10.6021,0.137881,-0.918352,-20.894,1.84998,0.617
0.618,0.20908,0,0.0893687,0,0.0109974,0,-3.47022,-10.623,0.138473,-0.959509,-20.0864,2.00112,0.618
0.619,0.206189,0,0.0892406,0,0.0108403,0,-3.47103,-10.6432,0.139268,-1.04683,-16.8119,2.15461,0.619
0.62,0.204744,0,0.0891765,0,0.0107618,0,-3.47187,-10.6601,0.140421,-1.11817,-13.6322,2.26785,0.62
0.621,0.204021,0,0.0891445,0,0.0107225,0,-3.47272,-10.6739,0.141884,-1.1618,-11.1708,2.3374,0.621
0.622,0.20366,0,0.0891285,0,0.0107029,0,-3.47357,-10.6852,0.14357,-1.1812,-9.43519,2.37172,0.622
0.623,0.203479,0,0.0891205,0,0.0106931,0,-3.47441,-10.6947,0.145397,-1.18308,-8.26279,2.38086,0.623
0.624,0.203389,0,0.0891165,0,0.0106882,0,-3.47524,-10.7031,0.147306,-1.17347,-7.48189,2.37323,0.624
0.625,0.203344,0,0.0891145,0,0.0106857,0,-3.47605,-10.7107,0.149255,-1.15679,-6.95722,2.35492,0.625
0.626,0.203321,0,0.0891135,0,0.0106845,0,-3.47684,-10.7178,0.151218,-1.13603,-6.59419,2.33009,0.626
0.627,0.20331,0,0.089113,0,0.0106839,0,-3.47761,-10.7245,0.153178,-1.11306,-6.33081,2.30142,0.627
0.628,0.203304,0,0.0891127,0,0.0106836,0,-3.47836,-10.731,0.155126,-1.08903,-6.12807,2.27063,0.628
0.629,0.203302,0,0.0891126,0,0.0106834,0,-3.47909,-10.7373,0.157054,-1.06464,-5.96205,2.23875,0.629
0.63,0.2033,0,0.0891126,0,0.0106833,0,-3.4798,-10.7433,0.15896,-1.04028,-5.81841,2.20643,0.63
0.631,0.203299,0,0.0891125,0,0.0106833,0,-3.48049,-10.7493,0.160842,-1.01618,-5.68864,2.17403,0.631
0.632,0.203299,0,0.0891125,0,0.0106833,0,-3.48116,-10.7551,0.1627,-0.992466,-5.56776,2.14179,0.632
0.633,0.203299,0,0.0891125,0,0.0106833,0,-3.48181,-10.7608,0.164532,-0.969197,-5.45289,2.10983,0.633
0.634,0.203299,0,0.0891125,0,0.0106833,0,-3.48244,-10.7664,0.166338,-0.946403,-5.34233,2.07821,0.634
0.635,0.203299,0,0.0891125,0,0.0106833,0,-3.48306,-10.7718,0.168119,-0.924104,-5.2351,2.047,0.635
0.636,0.203299,0,0.0891125,0,0.0106832,0,-3.48365,-10.7772,0.169875,-0.902299,-5.13065,2.01619,0.636
0.637,0.203299,0,0.0891125,0,0.0106832,0,-3.48423,-10.7824,0.171607,-0.880984,-5.02863,1.98581,0.637
0.638,0.203299,0,0.0891125,0,0.0106832,0,-3.48479,-10.7875,0.173313,-0.860152,-4.92883,1.95586,0.638
0.639,0.203299,0,0.0891125,0,0.0106832,0,-3.48534,-10.7926,0.174996,-0.839793,-4.83111,1.92633,0.639
0.64,0.203299,0,0.0891125,0,0.0106832,0,-3.48587,-10.7975,0.176654,-0.8199,-4.73538,1.89722,0.64
0.641,0.203299,0,0.0891125,0,0.0106832,0,-3.48638,-10.8024,0.178289,-0.800461,-4.64159,1.86853,0.641
0.642,0.203299,0,0.0891125,0,0.0106832,0,-3.48688,-10.8071,0.1799,-0.781467,-4.54967,1.84026,0.642
0.643,0.203299,0,0.0891125,0,0.0106832,0,-3.48736,-10.8118,0.181489,-0.762909,-4.45958,1.81239,0.643
0.644,0.203299,0,0.0891125,0,0.0106832,0,-3.48783,-10.8163,0.183054,-0.744776,-4.37127,1.78492,0.644
0.645,0.203299,0,0.0891125,0,0.0106832,0,-3.48829,-10.8208,0.184597,-0.72706,-4.28472,1.75786,0.645
0.646,0.203299,0,0.0891125,0,0.0106832,0,-3.48873,-10.8252,0.186118,-0.70975,-4.19988,1.73119,0.646
0.647,0.203299,0,0.0891125,0,0.0106832,0,-3.48916,-10.8295,0.187617,-0.692839,-4.11671,1.7049,0.647
0.648,0.203299,0,0.0891125,0,0.0106832,0,-3.48957,-10.8337,0.189095,-0.676316,-4.0352,1.679,0.648
0.649,0.203299,0,0.0891125,0,0.0106832,0,-3.48998,-10.8378,0.190551,-0.660174,-3.95529,1.65347,0.649
0.65,0.203299,0,0.0891125,0,0.0106832,0,-3.49037,-10.8419,0.191986,-0.644403,-3.87697,1.62832,0.65
0.651,0.203299,0,0.0891125,0,0.0106832,0,-3.49074,-10.8458,0.193401,-0.628996,-3.8002,1.60353,0.651
0.652,0.203299,0,0.0891125,0,0.0106832,0,-3.49111,-10.8497,0.194795,-0.613944,-3.72494,1.5791,0.652
0.653,0.203299,0,0.0891125,0,0.0106832,0,-3.49147,-10.8535,0.196169,-0.599239,-3.65117,1.55503,0.653
0.654,0.203299,0,0.0891125,0,0.0106832,0,-3.49181,-10.8573,0.197523,-0.584873,-3.57887,1.53132,0.654
0.655,0.203299,0,0.0891125,0,0.0106832,0,-3.49214,-10.8609,0.198857,-0.570839,-3.50799,1.50795,0.655
0.656,0.203299,0,0.0891125,0,0.0106832,0,-3.49247,-10.8645,0.200172,-0.557129,-3.43852,1.48492,0.656
0.657,0.203299,0,0.0891125,0,0.0106832,0,-3.49278,-10.8681,0.201468,-0.543736,-3.37042,1.46223,0.657
0.658,0.203299,0,0.0891125,0,0.0106832,0,-3.49308,-10.8715,0.202745,-0.530653,-3.30367,1.43987,0.658
0.659,0.203299,0,0.0891125,0,0.0106832,0,-3.49338,-10.8749,0.204004,-0.517872,-3.23824,1.41785,0.659
0.66,0.203299,0,0.0891125,0,0.0106832,0,-3.49366,-10.8782,0.205244,-0.505388,-3.1741,1.39614,0.66
0.661,0.203299,0,0.0891125,0,0.0106832,0,-3.49394,-10.8815,0.206466,-0.493193,-3.11123,1.37476,0.661
0.662,0.203299,0,0.0891125,0,0.0106832,0,-3.4942,-10.8847,0.20767,-0.48128,-3.04961,1.35369,0.662
0.663,0.203299,0,0.0891125,0,0.0106832,0,-3.49446,-10.8878,0.208857,-0.469644,-2.98921,1.33293,0.663
0.664,0.203299,0,0.0891125,0,0.0106832,0,-3.49471,-10.8909,0.210026,-0.458278,-2.93,1.31248,0.664
0.665,0.203299,0,0.0891125,0,0.0106832,0,-3.49495,-10.8939,0.211178,-0.447176,-2.87197,1.29232,0.665
0.666,0.203299,0,0.0891125,0,0.0106832,0,-3.49518,-10.8968,0.212314,-0.436332,-2.81508,1.27247,0.666
0.667,0.203299,0,0.0891125,0,0.0106832,0,-3.49541,-10.8997,0.213432,-0.42574,-2.75932,1.25291,0.667
0.668,0.203299,0,0.0891125,0,0.0106832,0,-3.49562,-10.9025,0.214534,-0.415395,-2.70467,1.23364,0.668
0.669,0.203299,0,0.0891125,0,0.0106832,0,-3.49583,-10.9053,0.215621,-0.405291,-2.65109,1.21466,0.669
0.67,0.203299,0,0.0891125,0,0.0106832,0,-3.49604,-10.908,0.216691,-0.395422,-2.59858,1.19596,0.67
0.671,0.203299,0,0.0891125,0,0.0106832,0,-3.49623,-10.9107,0.217745,-0.385783,-2.5471,1.17753,0.671
0.672,0.203299,0,0.0891125,0,0.0106832,0,-3.49642,-10.9133,0.218784,-0.376369,-2.49665,1.15938,0.672
0.673,0.203299,0,0.0891125,0,0.0106832,0,-3.4966,-10.9159,0.219807,-0.367175,-2.44719,1.1415,0.673
0.674,0.203299,0,0.0891125,0,0.0106832,0,-3.49678,-10.9184,0.220816,-0.358195,-2.39871,1.12388,0.674
0.675,0.203299,0,0.0891125,0,0.0106832,0,-3.49695,-10.9208,0.221809,-0.349426,-2.3512,1.10653,0.675
0.676,0.203299,0,0.0891125,0,0.0106832,0,-3.49711,-10.9233,0.222788,-0.340862,-2.30462,1.08944,0.676
0.677,0.203299,0,0.0891125,0,0.0106832,0,-3.49727,-10.9256,0.223752,-0.332498,-2.25897,1.0726,0.677
0.678,0.203299,0,0.0891125,0,0.0106832,0,-3.49742,-10.9279,0.224702,-0.32433,-2.21422,1.05601,0.678
0.679,0.203299,0,0.0891125,0,0.0106832,0,-3.49757,-10.9302,0.225638,-0.316354,-2.17035,1.03967,0.679
0.68,0.203299,0,0.0891125,0,0.0106832,0,-3.49771,-10.9324,0.22656,-0.308564,-2.12736,1.02358,0.68
0.681,0.203299,0,0.0891125,0,0.0106832,0,-3.49785,-10.9346,0.227468,-0.300958,-2.08521,1.00772,0.681
0.682,0.203299,0,0.0891125,0,0.0106832,0,-3.49798,-10.9368,0.228363,-0.29353,-2.0439,0.992103,0.682
0.683,0.203299,0,0.0891125,0,0.0106832,0,-3.49811,-10.9389,0.229245,-0.286277,-2.00341,0.97672,0.683
0.684,0.203299,0,0.0891125,0,0.0106832,0,-3.49823,-10.9409,0.230113,-0.279195,-1.96372,0.961567,0.684
0.685,0.203299,0,0.0891125,0,0.0106832,0,-3.49834,-10.943,0.230969,-0.272279,-1.92482,0.946642,0.685
0.686,0.203299,0,0.0891125,0,0.0106832,0,-3.49846,-10.9449,0.231812,-0.265526,-1.88669,0.93194,0.686
0.687,0.203299,0,0.0891125,0,0.0106832,0,-3.49856,-10.9469,0.232642,-0.258932,-1.84931,0.91746,0.687
0.688,0.203299,0,0.0891125,0,0.0106832,0,-3.49867,-10.9488,0.23346,-0.252494,-1.81267,0.903198,0.688
0.689,0.203299,0,0.0891125,0,0.0106832,0,-3.49877,-10.9506,0.234265,-0.246208,-1.77676,0.88915,0.689
0.69,0.203299,0,0.0891125,0,0.0106832,0,-3.49886,-10.9525,0.235059,-0.240071,-1.74156,0.875314,0.69
0.691,0.203299,0,0.0891125,0,0.0106832,0,-3.49895,-10.9543,0.23584,-0.234079,-1.70706,0.861686,0.691
0.692,0.203299,0,0.0891125,0,0.0106832,0,-3.49904,-10.956,0.23661,-0.228228,-1.67324,0.848265,0.692
0.693,0.203299,0,0.0891125,0,0.0106832,0,-3.49913,-10.9577,0.237369,-0.222517,-1.64009,0.835045,0.693
0.694,0.203299,0,0.0891125,0,0.0106832,0,-3.49921,-10.9594,0.238116,-0.21694,-1.60759,0.822025,0.694
0.695,0.203299,0,0.0891125,0,0.0106832,0,-3.49928,-10.9611,0.238851,-0.211496,-1.57574,0.809203,0.695
0.696,0.203299,0,0.0891125,0,0.0106832,0,-3.49936,-10.9627,0.239576,-0.206181,-1.54453,0.796574,0.696
0.697,0.203299,0,0.0891125,0,0.0106832,0,-3.49943,-10.9643,0.24029,-0.200993,-1.51392,0.784136,0.697
0.698,0.203299,0,0.0891125,0,0.0106832,0,-3.4995,-10.9658,0.240993,-0.195927,-1.48393,0.771887,0.698
0.699,0.203299,0,0.0891125,0,0.0106832,0,-3.49956,-10.9674,0.241686,-0.190983,-1.45453,0.759823,0.699
0.7,0.203299,0,0.0891125,0,0.0106832,0,-3.49962,-10.9689,0.242368,-0.186156,-1.42571,0.747942,0.7
0.701,0.203299,0,0.0891125,0,0.0106832,0,-3.49968,-10.9703,0.243039,-0.181444,-1.39747,0.736242,0.701
0.702,0.203299,0,0.0891125,0,0.0106832,0,-3.49973,-10.9718,0.243701,-0.176845,-1.36978,0.724719,0.702
0.703,0.203299,0,0.0891125,0,0.0106832,0,-3.49979,-10.9732,0.244353,-0.172356,-1.34264,0.713372,0.703
0.704,0.203299,0,0.0891125,0,0.0106832,0,-3.49984,-10.9746,0.244995,-0.167974,-1.31604,0.702197,0.704
0.705,0.203299,0,0.0891125,0,0.0106832,0,-3.49989,-10.9759,0.245627,-0.163696,-1.28997,0.691192,0.705
0.706,0.203299,0,0.0891125,0,0.0106832,0,-3.49993,-10.9773,0.246249,-0.159522,-1.26441,0.680355,0.706
0.707,0.203299,0,0.0891125,0,0.0106832,0,-3.49997,-10.9786,0.246862,-0.155447,-1.23936,0.669683,0.707
0.708,0.203299,0,0.0891125,0,0.0106832,0,-3.50001,-10.9798,0.247466,-0.15147,-1.2148,0.659173,0.708
0.709,0.203299,0,0.0891125,0,0.0106832,0,-3.50005,-10.9811,0.248061,-0.147589,-1.19073,0.648824,0.709
0.71,0.203299,0,0.0891125,0,0.0106832,0,-3.50009,-10.9823,0.248646,-0.1438,-1.16714,0.638633,0.71
0.711,0.203299,0,0.0891125,0,0.0106832,0,-3.50012,-10.9835,0.249223,-0.140103,-1.14402,0.628598,0.711
0.712,0.203299,0,0.0891125,0,0.0106832,0,-3.50015,-10.9847,0.249791,-0.136495,-1.12135,0.618716,0.712
0.713,0.203299,0,0.0891125,0,0.0106832,0,-3.50018,-10.9859,0.250351,-0.132974,-1.09913,0.608985,0.713
0.714,0.203299,0,0.0891125,0,0.0106832,0,-3.50021,-10.987,0.250901,-0.129538,-1.07736,0.599403,0.714
0.715,0.203299,0,0.0891125,0,0.0106832,0,-3.50024,-10.9881,0.251444,-0.126185,-1.05601,0.589968,0.715
0.716,0.203299,0,0.0891125,0,0.0106832,0,-3.50026,-10.9892,0.251978,-0.122913,-1.03509,0.580677,0.716
0.717,0.203299,0,0.0891125,0,0.0106832,0,-3.50028,-10.9903,0.252504,-0.11972,-1.01458,0.571529,0.717
0.718,0.203299,0,0.0891125,0,0.0106832,0,-3.50031,-10.9913,0.253022,-0.116605,-0.99448,0.562521,0.718
0.719,0.203299,0,0.0891125,0,0.0106832,0,-3.50033,-10.9923,0.253532,-0.113565,-0.974777,0.553652,0.719
0.72,0.203299,0,0.0891125,0,0.0106832,0,-3.50034,-10.9934,0.254035,-0.110599,-0.955464,0.544919,0.72
0.721,0.203299,0,0.0891125,0,0.0106832,0,-3.50036,-10.9943,0.254529,-0.107705,-0.936534,0.53632,0.721
0.722,0.203299,0,0.0891125,0,0.0106832,0,-3.50037,-10.9953,0.255016,-0.104881,-0.917979,0.527853,0.722
0.723,0.203299,0,0.0891125,0,0.0106832,0,-3.50039,-10.9963,0.255496,-0.102126,-0.899791,0.519516,0.723
0.724,0.203299,0,0.0891125,0,0.0106832,0,-3.5004,-10.9972,0.255968,-0.0994381,-0.881964,0.511308,0.724
0.725,0.203299,0,0.0891125,0,0.0106832,0,-3.50041,-10.9981,0.256433,-0.0968159,-0.86449,0.503226,0.725
0.726,0.203299,0,0.0891125,0,0.0106832,0,-3.50042,-10.999,0.256891,-0.0942577,-0.847362,0.495269,0.726
0.727,0.203299,0,0.0891125,0,0.0106832,0,-3.50043,-10.9999,0.257342,-0.0917621,-0.830574,0.487435,0.727
0.728,0.203299,0,0.0891125,0,0.0106832,0,-3.50043,-11.0007,0.257786,-0.0893275,-0.814119,0.479721,0.728
0.729,0.203299,0,0.0891125,0,0.0106832,0,-3.50044,-11.0016,0.258223,-0.0869527,-0.797989,0.472126,0.729
0.73,0.203299,0,0.0891125,0,0.0106832,0,-3.50045,-11.0024,0.258654,-0.0846361,-0.782179,0.464649,0.73
0.731,0.203299,0,0.0891125,0,0.0106832,0,-3.50045,-11.0032,0.259077,-0.0823764,-0.766682,0.457288,0.731
0.732,0.203299,0,0.0891125,0,0.0106832,0,-3.50045,-11.004,0.259495,-0.0801723,-0.751493,0.45004,0.732
0.733,0.203299,0,0.0891125,0,0.0106832,0,-3.50045,-11.0048,0.259906,-0.0780224,-0.736604,0.442904,0.733
0.734,0.203299,0,0.0891125,0,0.0106832,0,-3.50045,-11.0055,0.26031,-0.0759256,-0.72201,0.435879,0.734
0.735,0.203299,0,0.0891125,0,0.0106832,0,-3.50045,-11.0063,0.260708,-0.0738805,-0.707706,0.428963,0.735
0.736,0.203299,0,0.0891125,0,0.0106832,0,-3.50045,-11.007,0.261101,-0.0718859,-0.693685,0.422153,0.736
0.737,0.203299,0,0.0891125,0,0.0106832,0,-3.50045,-11.0077,0.261487,-0.0699406,-0.679941,0.41545,0.737
0.738,0.203299,0,0.0891125,0,0.0106832,0,-3.50045,-11.0084,0.261867,-0.0680436,-0.666471,0.40885,0.738
0.739,0.203299,0,0.0891125,0,0.0106832,0,-3.50045,-11.0091,0.262241,-0.0661936,-0.653267,0.402353,0.739
0.74,0.203299,0,0.0891125,0,0.0106832,0,-3.50044,-11.0098,0.26261,-0.0643895,-0.640324,0.395957,0.74
0.741,0.203299,0,0.0891125,0,0.0106832,0,-3.50044,-11.0105,0.262972,-0.0626303,-0.627638,0.38966,0.741
0.742,0.203299,0,0.0891125,0,0.0106832,0,-3.50043,-11.0111,0.26333,-0.0609149,-0.615204,0.383461,0.742
0.743,0.203299,0,0.0891125,0,0.0106832,0,-3.50042,-11.0118,0.263681,-0.0592423,-0.603016,0.377358,0.743
0.744,0.203299,0,0.0891125,0,0.0106832,0,-3.50042,-11.0124,0.264027,-0.0576114,-0.591069,0.37135,0.744
0.745,0.203299,0,0.0891125,0,0.0106832,0,-3.50041,-11.013,0.264368,-0.0560212,-0.579359,0.365436,0.745
0.746,0.203299,0,0.0891125,0,0.0106832,0,-3.5004,-11.0136,0.264704,-0.0544709,-0.567882,0.359614,0.746
0.747,0.203299,0,0.0891125,0,0.0106832,0,-3.50039,-11.0142,0.265034,-0.0529594,-0.556631,0.353883,0.747
0.748,0.203299,0,0.0891125,0,0.0106832,0,-3.50038,-11.0148,0.265359,-0.0514858,-0.545604,0.348241,0.748
0.749,0.203299,0,0.0891125,0,0.0106832,0,-3.50037,-11.0153,0.26568,-0.0500493,-0.534795,0.342687,0.749
0.75,0.203299,0,0.0891125,0,0.0106832,0,-3.50036,-11.0159,0.265995,-0.0486489,-0.5242,0.33722,0.75
0.751,0.203299,0,0.0891125,0,0.0106832,0,-3.50035,-11.0164,0.266305,-0.0472839,-0.513815,0.331838,0.751
0.752,0.203299,0,0.0891125,0,0.0106832,0,-3.50034,-11.017,0.266611,-0.0459532,-0.503636,0.32654,0.752
0.753,0.203299,0,0.0891125,0,0.0106832,0,-3.50033,-11.0175,0.266911,-0.0446562,-0.493659,0.321325,0.753
0.754,0.203299,0,0.0891125,0,0.0106832,0,-3.50032,-11.018,0.267207,-0.0433921,-0.483879,0.316191,0.754
0.755,0.203299,0,0.0891125,0,0.0106832,0,-3.50031,-11.0185,0.267499,-0.0421599,-0.474293,0.311138,0.755
0.756,0.203299,0,0.0891125,0,0.0106832,0,-3.50029,-11.019,0.267786,-0.0409591,-0.464897,0.306164,0.756
0.757,0.203299,0,0.0891125,0,0.0106832,0,-3.50028,-11.0195,0.268068,-0.0397888,-0.455688,0.301268,0.757
0.758,0.203299,0,0.0891125,0,0.0106832,0,-3.50027,-11.0199,0.268346,-0.0386483,-0.44666,0.296448,0.758
0.759,0.203299,0,0.0891125,0,0.0106832,0,-3.50025,-11.0204,0.26862,-0.0375369,-0.437812,0.291704,0.759
0.76,0.203299,0,0.0891125,0,0.0106832,0,-3.50024,-11.0209,0.268889,-0.0364539,-0.429139,0.287035,0.76
0.761,0.203299,0,0.0891125,0,0.0106832,0,-3.50023,-11.0213,0.269154,-0.0353985,-0.420638,0.282439,0.761
0.762,0.203299,0,0.0891125,0,0.0106832,0,-3.50021,-11.0217,0.269415,-0.0343703,-0.412305,0.277914,0.762
0.763,0.203299,0,0.0891125,0,0.0106832,0,-3.5002,-11.0222,0.269672,-0.0333684,-0.404137,0.273461,0.763
0.764,0.203299,0,0.0891125,0,0.0106832,0,-3.50018,-11.0226,0.269925,-0.0323923,-0.396132,0.269078,0.764
0.765,0.203299,0,0.0891125,0,0.0106832,0,-3.50017,-11.023,0.270174,-0.0314413,-0.388285,0.264764,0.765
0.766,0.203299,0,0.0891125,0,0.0106832,0,-3.50015,-11.0234,0.270419,-0.0305149,-0.380593,0.260517,0.766
0.767,0.203299,0,0.0891125,0,0.0106832,0,-3.50014,-11.0238,0.270661,-0.0296124,-0.373054,0.256337,0.767
0.768,0.203299,0,0.0891125,0,0.0106832,0,-3.50012,-11.0242,0.270898,-0.0287333,-0.365664,0.252223,0.768
0.769,0.203299,0,0.0891125,0,0.0106832,0,-3.5001,-11.0246,0.271132,-0.027877,-0.35842,0.248174,0.769
0.77,0.203299,0,0.0891125,0,0.0106832,0,-3.50009,-11.0249,0.271362,-0.0270429,-0.351321,0.244189,0.77
0.771,0.203299,0,0.0891125,0,0.0106832,0,-3.50007,-11.0253,0.271588,-0.0262305,-0.344361,0.240266,0.771
0.772,0.203299,0,0.0891125,0,0.0106832,0,-3.50006,-11.0257,0.271811,-0.0254393,-0.33754,0.236405,0.772
0.773,0.203299,0,0.0891125,0,0.0106832,0,-3.50004,-11.026,0.272031,-0.0246688,-0.330854,0.232605,0.773
0.774,0.203299,0,0.0891125,0,0.0106832,0,-3.50002,-11.0264,0.272247,-0.0239185,-0.3243,0.228865,0.774
0.775,0.203299,0,0.0891125,0,0.0106832,0,-3.50001,-11.0267,0.272459,-0.0231878,-0.317876,0.225184,0.775
0.776,0.203299,0,0.0891125,0,0.0106832,0,-3.49999,-11.027,0.272668,-0.0224763,-0.31158,0.221561,0.776
0.777,0.203299,0,0.0891125,0,0.0106832,0,-3.49997,-11.0274,0.272874,-0.0217836,-0.305408,0.217995,0.777
0.778,0.203299,0,0.0891125,0,0.0106832,0,-3.49995,-11.0277,0.273077,-0.0211091,-0.299359,0.214486,0.778
0.779,0.203299,0,0.0891125,0,0.0106832,0,-3.49994,-11.028,0.273277,-0.0204525,-0.293429,0.211032,0.779
0.78,0.203299,0,0.0891125,0,0.0106832,0,-3.49992,-11.0283,0.273473,-0.0198132,-0.287617,0.207633,0.78
0.781,0.203299,0,0.0891125,0,0.0106832,0,-3.4999,-11.0286,0.273666,-0.0191909,-0.28192,0.204287,0.781
0.782,0.203299,0,0.0891125,0,0.0106832,0,-3.49989,-11.0289,0.273856,-0.0185852,-0.276336,0.200995,0.782
0.783,0.203299,0,0.0891125,0,0.0106832,0,-3.49987,-11.0292,0.274044,-0.0179956,-0.270863,0.197754,0.783
0.784,0.203299,0,0.0891125,0,0.0106832,0,-3.49985,-11.0295,0.274228,-0.0174217,-0.265498,0.194565,0.784
0.785,0.203299,0,0.0891125,0,0.0106832,0,-3.49983,-11.0297,0.274409,-0.0168633,-0.260239,0.191427,0.785
0.786,0.203299,0,0.0891125,0,0.0106832,0,-3.49982,-11.03,0.274588,-0.0163197,-0.255084,0.188338,0.786
0.787,0.203299,0,0.0891125,0,0.0106832,0,-3.4998,-11.0303,0.274763,-0.0157908,-0.250032,0.185298,0.787
0.788,0.203299,0,0.0891125,0,0.0106832,0,-3.49978,-11.0305,0.274936,-0.0152762,-0.24508,0.182306,0.788
0.789,0.203299,0,0.0891125,0,0.0106832,0,-3.49977,-11.0308,0.275106,-0.0147754,-0.240226,0.179362,0.789
0.79,0.203299,0,0.0891125,0,0.0106832,0,-3.49975,-11.031,0.275274,-0.0142883,-0.235468,0.176465,0.79
0.791,0.203299,0,0.0891125,0,0.0106832,0,-3.49973,-11.0313,0.275439,-0.0138143,-0.230804,0.173613,0.791
0.792,0.203299,0,0.0891125,0,0.0106832,0,-3.49971,-11.0315,0.275601,-0.0133532,-0.226233,0.170807,0.792
0.793,0.203299,0,0.0891125,0,0.0106832,0,-3.4997,-11.0318,0.27576,-0.0129047,-0.221752,0.168046,0.793
0.794,0.203299,0,0.0891125,0,0.0106832,0,-3.49968,-11.032,0.275918,-0.0124684,-0.21736,0.165328,0.794
0.795,0.203299,0,0.0891125,0,0.0106832,0,-3.49966,-11.0322,0.276072,-0.0120441,-0.213055,0.162654,0.795
0.796,0.203299,0,0.0891125,0,0.0106832,0,-3.49964,-11.0324,0.276224,-0.0116315,-0.208835,0.160022,0.796
0.797,0.203299,0,0.0891125,0,0.0106832,0,-3.49963,-11.0327,0.276374,-0.0112302,-0.204699,0.157432,0.797
0.798,0.203299,0,0.0891125,0,0.0106832,0,-3.49961,-11.0329,0.276521,-0.01084,-0.200645,0.154883,0.798
0.799,0.203299,0,0.0891125,0,0.0106832,0,-3.49959,-11.0331,0.276666,-0.0104606,-0.196672,0.152375,0.799
0.8,0.203299,0,0.0891125,0,0.0106832,0,-3.49958,-11.0333,0.276809,-0.0100918,-0.192777,0.149907,0.8
0.801,0.203299,0,0.0891125,0,0.0106832,0,-3.49956,-11.0335,0.27695,-0.00973317,-0.188959,0.147478,0.801
0.802,0.203299,0,0.0891125,0,0.0106832,0,-3.49954,-11.0337,0.277088,-0.00938458,-0.185216,0.145088,0.802
0.803,0.203299,0,0.0891125,0,0.0106832,0,-3.49953,-11.0339,0.277224,-0.00904576,-0.181548,0.142736,0.803
0.804,0.203299,0,0.0891125,0,0.0106832,0,-3.49951,-11.0341,0.277358,-0.00871645,-0.177953,0.140421,0.804
0.805,0.203299,0,0.0891125,0,0.0106832,0,-3.49949,-11.0343,0.277489,-0.00839641,-0.174429,0.138144,0.805
0.806,0.203299,0,0.0891125,0,0.0106832,0,-3.49948,-11.0344,0.277619,-0.00808541,-0.170974,0.135903,0.806
0.807,0.203299,0,0.0891125,0,0.0106832,0,-3.49946,-11.0346,0.277747,-0.00778322,-0.167588,0.133697,0.807
0.808,0.203299,0,0.0891125,0,0.0106832,0,-3.49944,-11.0348,0.277872,-0.00748961,-0.16427,0.131527,0.808
0.809,0.203299,0,0.0891125,0,0.0106832,0,-3.49943,-11.035,0.277996,-0.00720437,-0.161017,0.129392,0.809
0.81,0.203299,0,0.0891125,0,0.0106832,0,-3.49941,-11.0351,0.278117,-0.00692729,-0.157828,0.12729,0.81
0.811,0.203299,0,0.0891125,0,0.0106832,0,-3.4994,-11.0353,0.278237,-0.00665815,-0.154702,0.125223,0.811
0.812,0.203299,0,0.0891125,0,0.0106832,0,-3.49938,-11.0355,0.278355,-0.00639676,-0.151639,0.123188,0.812
0.813,0.203299,0,0.0891125,0,0.0106832,0,-3.49937,-11.0356,0.278471,-0.00614291,-0.148636,0.121186,0.813
0.814,0.203299,0,0.0891125,0,0.0106832,0,-3.49935,-11.0358,0.278585,-0.00589642,-0.145693,0.119216,0.814
0.815,0.203299,0,0.0891125,0,0.0106832,0,-3.49933,-11.0359,0.278697,-0.0056571,-0.142808,0.117277,0.815
0.816,0.203299,0,0.0891125,0,0.0106832,0,-3.49932,-11.0361,0.278807,-0.00542475,-0.13998,0.11537,0.816
0.817,0.203299,0,0.0891125,0,0.0106832,0,-3.4993,-11.0362,0.278916,-0.00519921,-0.137208,0.113493,0.817
0.818,0.203299,0,0.0891125,0,0.0106832,0,-3.49929,-11.0364,0.279023,-0.00498029,-0.134491,0.111646,0.818
0.819,0.203299,0,0.0891125,0,0.0106832,0,-3.49927,-11.0365,0.279128,-0.00476783,-0.131828,0.109829,0.819
0.82,0.203299,0,0.0891125,0,0.0106832,0,-3.49926,-11.0367,0.279231,-0.00456166,-0.129217,0.108041,0.82
0.821,0.203299,0,0.0891125,0,0.0106832,0,-3.49924,-11.0368,0.279333,-0.00436161,-0.126659,0.106282,0.821
0.822,0.203299,0,0.0891125,0,0.0106832,0,-3.49923,-11.0369,0.279433,-0.00416753,-0.124151,0.104551,0.822
0.823,0.203299,0,0.0891125,0,0.0106832,0,-3.49921,-11.0371,0.279532,-0.00397926,-0.121692,0.102847,0.823
0.824,0.203299,0,0.0891125,0,0.0106832,0,-3.4992,-11.0372,0.279629,-0.00379665,-0.119283,0.101171,0.824
0.825,0.203299,0,0.0891125,0,0.0106832,0,-3.49918,-11.0373,0.279724,-0.00361955,-0.116921,0.0995225,0.825
0.826,0.203299,0,0.0891125,0,0.0106832,0,-3.49917,-11.0374,0.279818,-0.00344783,-0.114606,0.0978999,0.826
0.827,0.203299,0,0.0891125,0,0.0106832,0,-3.49916,-11.0375,0.279911,-0.00328133,-0.112336,0.0963035,0.827
0.828,0.203299,0,0.0891125,0,0.0106832,0,-3.49914,-11.0377,0.280002,-0.00311992,-0.110112,0.0947327,0.828
0.829,0.203299,0,0.0891125,0,0.0106832,0,-3.49913,-11.0378,0.280091,-0.00296347,-0.107932,0.0931872,0.829
0.83,0.203299,0,0.0891125,0,0.0106832,0,-3.49911,-11.0379,0.280179,-0.00281185,-0.105795,0.0916665,0.83
0.831,0.203299,0,0.0891125,0,0.0106832,0,-3.4991,-11.038,0.280266,-0.00266492,-0.1037,0.0901703,0.831
0.832,0.203299,0,0.0891125,0,0.0106832,0,-3.49909,-11.0381,0.280351,-0.00252257,-0.101647,0.0886983,0.832
0.833,0.203299,0,0.0891125,0,0.0106832,0,-3.49907,-11.0382,0.280435,-0.00238468,-0.0996343,0.0872499,0.833
0.834,0.203299,0,0.0891125,0,0.0106832,0,-3.49906,-11.0383,0.280518,-0.00225112,-0.0976616,0.0858248,0.834
0.835,0.203299,0,0.0891125,0,0.0106832,0,-3.49905,-11.0384,0.280599,-0.00212178,-0.095728,0.0844227,0.835
0.836,0.203299,0,0.0891125,0,0.0106832,0,-3.49903,-11.0385,0.280679,-0.00199655,-0.0938326,0.0830432,0.836
0.837,0.203299,0,0.0891125,0,0.0106832,0,-3.49902,-11.0386,0.280757,-0.00187532,-0.0919749,0.081686,0.837
0.838,0.203299,0,0.0891125,0,0.0106832,0,-3.49901,-11.0387,0.280835,-0.00175798,-0.0901539,0.0803506,0.838
0.839,0.203299,0,0.0891125,0,0.0106832,0,-3.49899,-11.0388,0.280911,-0.00164442,-0.088369,0.0790368,0.839
0.84,0.203299,0,0.0891125,0,0.0106832,0,-3.49898,-11.0389,0.280986,-0.00153455,-0.0866194,0.0777442,0.84
0.841,0.203299,0,0.0891125,0,0.0106832,0,-3.49897,-11.039,0.281059,-0.00142826,-0.0849045,0.0764724,0.841
0.842,0.203299,0,0.0891125,0,0.0106832,0,-3.49896,-11.0391,0.281132,-0.00132547,-0.0832236,0.0752212,0.842
0.843,0.203299,0,0.0891125,0,0.0106832,0,-3.49894,-11.0392,0.281203,-0.00122607,-0.081576,0.0739901,0.843
0.844,0.203299,0,0.0891125,0,0.0106832,0,-3.49893,-11.0393,0.281273,-0.00112997,-0.079961,0.072779,0.844
0.845,0.203299,0,0.0891125,0,0.0106832,0,-3.49892,-11.0394,0.281342,-0.00103708,-0.078378,0.0715874,0.845
0.846,0.203299,0,0.0891125,0,0.0106832,0,-3.49891,-11.0394,0.28141,-0.000947315,-0.0768263,0.0704151,0.846
0.847,0.203299,0,0.0891125,0,0.0106832,0,-3.4989,-11.0395,0.281477,-0.000860591,-0.0753054,0.0692618,0.847
0.848,0.203299,0,0.0891125,0,0.0106832,0,-3.49888,-11.0396,0.281543,-0.000776822,-0.0738145,0.0681271,0.848
0.849,0.203299,0,0.0891125,0,0.0106832,0,-3.49887,-11.0397,0.281608,-0.000695928,-0.0723533,0.0670107,0.849
0.85,0.203299,0,0.0891125,0,0.0106832,0,-3.49886,-11.0397,0.281671,-0.00061783,-0.0709209,0.0659125,0.85
0.851,0.203299,0,0.0891125,0,0.0106832,0,-3.49885,-11.0398,0.281734,-0.000542449,-0.069517,0.064832,0.851
0.852,0.203299,0,0.0891125,0,0.0106832,0,-3.49884,-11.0399,0.281795,-0.000469712,-0.0681408,0.063769,0.852
0.853,0.203299,0,0.0891125,0,0.0106832,0,-3.49883,-11.04,0.281856,-0.000399544,-0.0667919,0.0627232,0.853
0.854,0.203299,0,0.0891125,0,0.0106832,0,-3.49882,-11.04,0.281916,-0.000331874,-0.0654697,0.0616943,0.854
0.855,0.203299,0,0.0891125,0,0.0106832,0,-3.4988,-11.0401,0.281974,-0.000266631,-0.0641737,0.0606821,0.855
0.856,0.203299,0,0.0891125,0,0.0106832,0,-3.49879,-11.0402,0.282032,-0.000203749,-0.0629033,0.0596863,0.856
0.857,0.203299,0,0.0891125,0,0.0106832,0,-3.49878,-11.0402,0.282089,-0.000143161,-0.0616581,0.0587067,0.857
0.858,0.203299,0,0.0891125,0,0.0106832,0,-3.49877,-11.0403,0.282145,-8.48022e-05,-0.0604376,0.0577429,0.858
0.859,0.203299,0,0.0891125,0,0.0106832,0,-3.49876,-11.0404,0.2822,-2.86093e-05,-0.0592413,0.0567948,0.859
0.86,0.203299,0,0.0891125,0,0.0106832,0,-3.49875,-11.0404,0.282254,2.54788e-05,-0.0580686,0.0558621,0.86
0.861,0.203299,0,0.0891125,0,0.0106832,0,-3.49874,-11.0405,0.282307,7.75219e-05,-0.0569192,0.0549445,0.861
0.862,0.203299,0,0.0891125,0,0.0106832,0,-3.49873,-11.0406,0.282359,0.000127578,-0.0557925,0.0540418,0.862
0.863,0.203299,0,0.0891125,0,0.0106832,0,-3.49872,-11.0406,0.282411,0.000175705,-0.0546881,0.0531537,0.863
0.864,0.203299,0,0.0891125,0,0.0106832,0,-3.49871,-11.0407,0.282461,0.000221957,-0.0536056,0.0522801,0.864
0.865,0.203299,0,0.0891125,0,0.0106832,0,-3.4987,-11.0407,0.282511,0.000266389,-0.0525446,0.0514206,0.865
0.866,0.203299,0,0.0891125,0,0.0106832,0,-3.49869,-11.0408,0.28256,0.000309053,-0.0515045,0.0505752,0.866
0.867,0.203299,0,0.0891125,0,0.0106832,0,-3.49868,-11.0408,0.282609,0.00035,-0.0504851,0.0497434,0.867
0.868,0.203299,0,0.0891125,0,0.0106832,0,-3.49867,-11.0409,0.282656,0.000389281,-0.0494858,0.0489252,0.868
0.869,0.203299,0,0.0891125,0,0.0106832,0,-3.49866,-11.0409,0.282703,0.000426944,-0.0485064,0.0481203,0.869
0.87,0.203299,0,0.0891125,0,0.0106832,0,-3.49866,-11.041,0.282749,0.000463036,-0.0475463,0.0473285,0.87
0.871,0.203299,0,0.0891125,0,0.0106832,0,-3.49865,-11.041,0.282794,0.000497604,-0.0466052,0.0465496,0.871
0.872,0.203299,0,0.0891125,0,0.0106832,0,-3.49864,-11.0411,0.282838,0.000530692,-0.0456828,0.0457833,0.872
0.873,0.203299,0,0.0891125,0,0.0106832,0,-3.49863,-11.0411,0.282882,0.000562344,-0.0447786,0.0450295,0.873
0.874,0.203299,0,0.0891125,0,0.0106832,0,-3.49862,-11.0412,0.282925,0.000592604,-0.0438924,0.044288,0.874
0.875,0.203299,0,0.0891125,0,0.0106832,0,-3.49861,-11.0412,0.282967,0.000621512,-0.0430236,0.0435586,0.875
0.876,0.203299,0,0.0891125,0,0.0106832,0,-3.4986,-11.0413,0.283009,0.00064911,-0.0421721,0.042841,0.876
0.877,0.203299,0,0.0891125,0,0.0106832,0,-3.49859,-11.0413,0.28305,0.000675436,-0.0413375,0.0421351,0.877
0.878,0.203299,0,0.0891125,0,0.0106832,0,-3.49859,-11.0414,0.28309,0.000700529,-0.0405194,0.0414408,0.878
0.879,0.203299,0,0.0891125,0,0.0106832,0,-3.49858,-11.0414,0.28313,0.000724426,-0.0397174,0.0407577,0.879
0.88,0.203299,0,0.0891125,0,0.0106832,0,-3.49857,-11.0415,0.283169,0.000747165,-0.0389314,0.0400858,0.88
0.881,0.203299,0,0.0891125,0,0.0106832,0,-3.49856,-11.0415,0.283207,0.000768779,-0.0381609,0.0394249,0.881
0.882,0.203299,0,0.0891125,0,0.0106832,0,-3.49855,-11.0415,0.283245,0.000789305,-0.0374057,0.0387747,0.882
0.883,0.203299,0,0.0891125,0,0.0106832,0,-3.49854,-11.0416,0.283282,0.000808775,-0.0366654,0.0381351,0.883
0.884,0.203299,0,0.0891125,0,0.0106832,0,-3.49854,-11.0416,0.283318,0.000827222,-0.0359398,0.037506,0.884
0.885,0.203299,0,0.0891125,0,0.0106832,0,-3.49853,-11.0417,0.283354,0.000844679,-0.0352286,0.0368871,0.885
0.886,0.203299,0,0.0891125,0,0.0106832,0,-3.49852,-11.0417,0.28339,0.000861176,-0.0345314,0.0362784,0.886
0.887,0.203299,0,0.0891125,0,0.0106832,0,-3.49851,-11.0417,0.283424,0.000876743,-0.033848,0.0356796,0.887
0.888,0.203299,0,0.0891125,0,0.0106832,0,-3.49851,-11.0418,0.283459,0.00089141,-0.0331782,0.0350905,0.888
0.889,0.203299,0,0.0891125,0,0.0106832,0,-3.4985,-11.0418,0.283492,0.000905205,-0.0325216,0.0345111,0.889
0.89,0.203299,0,0.0891125,0,0.0106832,0,-3.49849,-11.0418,0.283525,0.000918156,-0.0318781,0.0339412,0.89
0.891,0.203299,0,0.0891125,0,0.0106832,0,-3.49848,-11.0419,0.283558,0.000930291,-0.0312472,0.0333805,0.891
0.892,0.203299,0,0.0891125,0,0.0106832,0,-3.49848,-11.0419,0.28359,0.000941636,-0.0306289,0.0328291,0.892
0.893,0.203299,0,0.0891125,0,0.0106832,0,-3.49847,-11.0419,0.283621,0.000952217,-0.0300228,0.0322866,0.893
0.894,0.203299,0,0.0891125,0,0.0106832,0,-3.49846,-11.042,0.283652,0.000962057,-0.0294287,0.031753,0.894
0.895,0.203299,0,0.0891125,0,0.0106832,0,-3.49846,-11.042,0.283683,0.000971183,-0.0288464,0.0312282,0.895
0.896,0.203299,0,0.0891125,0,0.0106832,0,-3.49845,-11.042,0.283713,0.000979616,-0.0282756,0.0307119,0.896
0.897,0.203299,0,0.0891125,0,0.0106832,0,-3.49844,-11.0421,0.283742,0.000987382,-0.0277161,0.0302041,0.897
0.898,0.203299,0,0.0891125,0,0.0106832,0,-3.49844,-11.0421,0.283771,0.000994501,-0.0271676,0.0297046,0.898
0.899,0.203299,0,0.0891125,0,0.0106832,0,-3.49843,-11.0421,0.2838,0.001001,-0.0266301,0.0292133,0.899
0.9,0.203299,0,0.0891125,0,0.0106832,0,-3.49842,-11.0421,0.283828,0.00100689,-0.0261031,0.02873,0.9
0.901,0.203299,0,0.0891125,0,0.0106832,0,-3.49842,-11.0422,0.283855,0.0010122,-0.0255866,0.0282547,0.901
0.902,0.203299,0,0.0891125,0,0.0106832,0,-3.49841,-11.0422,0.283882,0.00101694,-0.0250804,0.0277871,0.902
0.903,0.203299,0,0.0891125,0,0.0106832,0,-3.49841,-11.0422,0.283909,0.00102114,-0.0245841,0.0273272,0.903
0.904,0.203299,0,0.0891125,0,0.0106832,0,-3.4984,-11.0423,0.283935,0.00102482,-0.0240977,0.0268748,0.904
0.905,0.203299,0,0.0891125,0,0.0106832,0,-3.49839,-11.0423,0.283961,0.001028,-0.0236209,0.0264299,0.905
0.906,0.203299,0,0.0891125,0,0.0106832,0,-3.49839,-11.0423,0.283987,0.00103068,-0.0231535,0.0259922,0.906
0.907,0.203299,0,0.0891125,0,0.0106832,0,-3.49838,-11.0423,0.284012,0.00103289,-0.0226954,0.0255617,0.907
0.908,0.203299,0,0.0891125,0,0.0106832,0,-3.49838,-11.0424,0.284036,0.00103466,-0.0222464,0.0251383,0.908
0.909,0.203299,0,0.0891125,0,0.0106832,0,-3.49837,-11.0424,0.28406,0.00103598,-0.0218063,0.0247218,0.909
0.91,0.203299,0,0.0891125,0,0.0106832,0,-3.49837,-11.0424,0.284084,0.00103688,-0.0213748,0.0243122,0.91
0.911,0.203299,0,0.0891125,0,0.0106832,0,-3.49836,-11.0424,0.284108,0.00103738,-0.0209519,0.0239093,0.911
0.912,0.203299,0,0.0891125,0,0.0106832,0,-3.49835,-11.0424,0.284131,0.00103748,-0.0205374,0.023513,0.912
0.913,0.203299,0,0.0891125,0,0.0106832,0,-3.49835,-11.0425,0.284153,0.00103721,-0.0201311,0.0231232,0.913
0.914,0.203299,0,0.0891125,0,0.0106832,0,-3.49834,-11.0425,0.284175,0.00103658,-0.0197328,0.0227398,0.914
0.915,0.203299,0,0.0891125,0,0.0106832,0,-3.49834,-11.0425,0.284197,0.0010356,-0.0193424,0.0223627,0.915
0.916,0.203299,0,0.086312,0.00280049,0.0106832,0,-3.49833,-11.0425,0.284219,0.00103429,-0.0189597,0.0219918,0.916
0.917,0.203299,0,0.0715176,0.0175949,0.0106832,0,-3.49833,-11.0426,0.28424,2.08761,-0.0381754,-0.326136,0.917
0.918,0.203299,0,0.0547308,0.0344377,0.0106832,0,-3.4963,-11.0426,0.283906,14.2074,-0.151595,-2.34647,0.918
0.919,0.203299,0,0.0396241,0.0498963,0.0106832,0,-3.48256,-11.0426,0.28151,33.0878,-0.324967,-5.49343,0.919
0.92,0.203299,0,0.0271424,0.0630656,0.0106832,0,-3.45054,-11.0426,0.275904,54.2711,-0.499425,-9.02343,0.92
0.921,0.203299,0,0.0171615,0.0740363,0.0106832,0,-3.39803,-11.0425,0.266696,74.6638,-0.63446,-12.4201,0.921
0.922,0.203299,0,0.00932468,0.0831125,0.0106832,0,-3.3258,-11.0424,0.254025,92.6991,-0.711428,-15.4219,0.922
0.923,0.203299,0,0.00466234,0.0901644,0.0106832,0,-3.23611,-11.0422,0.238297,107.807,-0.726248,-17.9336,0.923
0.924,0.202512,0.000786331,0.00233117,0.0949638,0.0106832,0,-3.13181,-11.042,0.220013,119.278,-0.613359,-19.837,0.924
0.925,0.20132,0.00197889,0.00116558,0.0973004,0.0106832,0,-3.0164,-11.0415,0.199797,126.98,0.331332,-21.1102,0.925
0.926,0.200061,0.00325323,0.00219027,0.0974048,0.0106832,0,-2.89353,-11.04,0.178337,131.233,2.02292,-21.8073,0.926
0.927,0.198855,0.00449917,0.00467368,0.0963846,0.0106832,0,-2.76653,-11.0369,0.15625,131.957,4.18122,-21.9153,0.927
0.928,0.197726,0.00569243,0.0078467,0.0948021,0.0106832,0,-2.6388,-11.0317,0.134154,129.827,6.56312,-21.5477,0.928
0.929,0.196668,0.00683917,0.0113072,0.0929565,0.0106832,0,-2.51311,-11.0241,0.112532,125.726,8.99491,-20.8526,0.929
0.93,0.195695,0.00792438,0.0148437,0.0910082,0.0106832,0,-2.39137,-11.0142,0.0917092,120.405,11.3804,-19.9557,0.93
0.931,0.194835,0.00891698,0.0183455,0.0890441,0.0106832,0,-2.27475,-11.002,0.0718805,114.416,13.6505,-18.9492,0.931
0.932,0.19412,0.00978329,0.0217548,0.0871109,0.0106832,0,-2.16391,-10.9876,0.0531436,108.132,15.7384,-17.8956,0.932
0.933,0.193581,0.0104922,0.0250427,0.0852338,0.0106832,0,-2.05913,-10.9712,0.0355322,101.796,17.5777,-16.8352,0.933
0.934,0.193241,0.0110155,0.0281958,0.0834254,0.0106832,0,-1.96048,-10.9531,0.019038,95.5568,19.1063,-15.7929,0.934
0.935,0.193124,0.0113266,0.0312096,0.0816919,0.0106832,0,-1.86785,-10.9334,0.00362714,89.5043,20.2682,-14.7834,0.935
0.936,0.19325,0.0114026,0.0340841,0.0800351,0.0106832,0,-1.78107,-10.9127,-0.0107487,83.6877,21.0131,-13.8146,0.936
0.937,0.193557,0.0112984,0.0368222,0.0784548,0.0106832,0,-1.69992,-10.8913,-0.0241458,78.132,21.2981,-12.8905,0.937
0.938,0.193945,0.0111118,0.039428,0.0769495,0.0106832,0,-1.62414,-10.8696,-0.0366236,72.8461,21.1582,-12.0122,0.938
0.939,0.194361,0.01089,0.0419065,0.0755167,0.0106832,0,-1.55349,-10.8481,-0.0482396,67.8294,20.7108,-11.1793,0.939
0.94,0.194782,0.0106566,0.044263,0.0741538,0.0106832,0,-1.48769,-10.8271,-0.0590465,63.076,20.0681,-10.3907,0.94
0.941,0.195194,0.0104234,0.046503,0.0728579,0.0106832,0,-1.4265,-10.8068,-0.0690914,58.5773,19.315,-9.64461,0.941
0.942,0.195592,0.0101958,0.0486318,0.0716261,0.0106832,0,-1.36968,-10.7872,-0.0784176,54.3235,18.5093,-8.93934,0.942
0.943,0.195973,0.00997647,0.0506548,0.0704553,0.0106832,0,-1.31697,-10.7685,-0.0870648,50.3039,17.6881,-8.27299,0.943
0.944,0.196337,0.00976647,0.0525769,0.0693428,0.0106832,0,-1.26816,-10.7506,-0.09507,46.5078,16.8738,-7.64373,0.944
0.945,0.196684,0.00956611,0.0544032,0.0682856,0.0106832,0,-1.22303,-10.7336,-0.102468,42.9244,16.0796,-7.04975,0.945
0.946,0.197014,0.00937528,0.0561384,0.0672812,0.0106832,0,-1.18138,-10.7174,-0.109293,39.5434,15.3124,-6.48933,0.946
0.947,0.200156,0.00636536,0.0726254,0.0514883,0.0106832,0,-1.14301,-10.7019,-0.115574,36.3547,14.576,-5.96078,0.947
0.948,0.201728,0.00491994,0.080869,0.0439043,0.0106832,0,-1.10772,-10.6872,-0.121344,22.2752,11.2614,-3.61695,0.948
0.949,0.202513,0.00419722,0.0849907,0.0401123,0.0106832,0,-1.08609,-10.6759,-0.124802,8.63661,8.04133,-1.3465,0.949
0.95,0.202906,0.00383587,0.0870516,0.0382163,0.0106832,0,-1.07768,-10.6678,-0.126017,-1.6896,5.57333,0.371814,0.95
0.951,0.203102,0.00365519,0.088082,0.0372683,0.0106832,0,-1.07928,-10.6623,-0.125532,-8.6736,3.86645,1.53286,0.951
0.952,0.2032,0.00356485,0.0885973,0.0367943,0.0106832,0,-1.08765,-10.6584,-0.123898,-13.068,2.75048,2.26204,0.952
0.953,0.20325,0.00351968,0.0888549,0.0365573,0.0106832,0,-1.10028,-10.6557,-0.121544,-15.6679,2.0449,2.69191,0.953
0.954,0.203274,0.0034971,0.0889837,0.0364388,0.0106832,0,-1.11544,-10.6537,-0.118765,-17.0998,1.60733,2.92693,0.954
0.955,0.203286,0.00348581,0.0890481,0.0363795,0.0106832,0,-1.13198,-10.6522,-0.115756,-17.8015,1.33817,3.04017,0.955
0.956,0.203293,0.00348016,0.0890803,0.0363499,0.0106832,0,-1.1492,-10.6509,-0.112636,-18.0601,1.17204,3.07953,0.956
0.957,0.203296,0.00347734,0.0890964,0.0363351,0.0106832,0,-1.16668,-10.6498,-0.109479,-18.0563,1.06781,3.07516,0.957
0.958,0.203297,0.00347593,0.0891044,0.0363277,0.0106832,0,-1.18415,-10.6488,-0.106329,-17.9006,1.00027,3.04554,0.958
0.959,0.203298,0.00347522,0.0891085,0.036324,0.0106832,0,-1.20148,-10.6478,-0.103209,-17.6593,0.954285,3.00172,0.959
0.96,0.203298,0.00347487,0.0891105,0.0363221,0.0106832,0,-1.21857,-10.647,-0.100135,-17.3716,0.920911,2.95024,0.96
0.961,0.203298,0.00347469,0.0891115,0.0363212,0.0106832,0,-1.23538,-10.6461,-0.0971143,-17.0603,0.894911,2.89492,0.961
0.962,0.203299,0.0034746,0.089112,0.0363207,0.0106832,0,-1.2519,-10.6453,-0.0941498,-16.7384,0.873258,2.83793,0.962
0.963,0.203299,0.00347456,0.0891122,0.0363205,0.0106832,0,-1.2681,-10.6444,-0.0912434,-16.4135,0.854204,2.78054,0.963
0.964,0.203299,0.00347454,0.0891124,0.0363204,0.0106832,0,-1.28398,-10.6437,-0.0883956,-16.0898,0.836759,2.72344,0.964
0.965,0.203299,0.00347453,0.0891124,0.0363203,0.0106832,0,-1.29956,-10.6429,-0.0856061,-15.7695,0.820354,2.66702,0.965
0.966,0.203299,0.00347452,0.0891124,0.0363203,0.0106832,0,-1.31482,-10.6421,-0.0828742,-15.454,0.804658,2.61148,0.966
0.967,0.203299,0.00347452,0.0891125,0.0363203,0.0106832,0,-1.32978,-10.6414,-0.0801989,-15.1439,0.789485,2.55693,0.967
0.968,0.203299,0.00347452,0.0891125,0.0363203,0.0106832,0,-1.34444,-10.6406,-0.0775793,-14.8395,0.774733,2.50343,0.968
0.969,0.203299,0.00347452,0.0891125,0.0363203,0.0106832,0,-1.35881,-10.6399,-0.0750143,-14.541,0.760341,2.451,0.969
0.97,0.203299,0.00347452,0.0891125,0.0363203,0.0106832,0,-1.37289,-10.6392,-0.0725028,-14.2483,0.746267,2.39962,0.97
0.971,0.203299,0.00347452,0.0891125,0.0363203,0.0106832,0,-1.38668,-10.6385,-0.0700437,-13.9614,0.732489,2.34929,0.971
0.972,0.203299,0.00347451,0.0891125,0.0363203,0.0106832,0,-1.4002,-10.6379,-0.067636,-13.6802,0.71899,2.3,0.972
0.973,0.203299,0.00347451,0.0891125,0.0363203,0.0106832,0,-1.41344,-10.6372,-0.0652786,-13.4047,0.70576,2.25173,0.973
0.974,0.203299,0.00347451,0.0891125,0.0363203,0.0106832,0,-1.42642,-10.6366,-0.0629704,-13.1347,0.69279,2.20446,0.974
0.975,0.203299,0.00347451,0.0891125,0.0363203,0.0106832,0,-1.43914,-10.6359,-0.0607106,-12.8701,0.680073,2.15818,0.975
0.976,0.203299,0.00347451,0.0891125,0.0363203,0.0106832,0,-1.4516,-10.6353,-0.058498,-12.6109,0.667602,2.11285,0.976
0.977,0.203299,0.00347451,0.0891125,0.0363203,0.0106832,0,-1.46381,-10.6347,-0.0563317,-12.3569,0.655372,2.06846,0.977
0.978,0.203299,0.00347451,0.0891125,0.0363203,0.0106832,0,-1.47578,-10.6341,-0.0542107,-12.1079,0.643376,2.025,0.978
0.979,0.203299,0.00347451,0.0891125,0.0363203,0.0106832,0,-1.4875,-10.6335,-0.0521342,-11.8641,0.631611,1.98245,0.979
0.98,0.203299,0.00347451,0.0891125,0.0363203,0.0106832,0,-1.49899,-10.6329,-0.0501011,-11.6251,0.620071,1.94077,0.98
0.981,0.203299,0.00347451,0.0891125,0.0363203,0.0106832,0,-1.51025,-10.6323,-0.0481106,-11.3909,0.608751,1.89997,0.981
0.982,0.203299,0.00347451,0.0891125,0.0363203,0.0106832,0,-1.52128,-10.6318,-0.0461618,-11.1615,0.597647,1.86001,0.982
0.983,0.203299,0.00347451,0.0891125,0.0363203,0.0106832,0,-1.53209,-10.6312,-0.0442538,-10.9366,0.586754,1.82089,0.983
0.984,0.203299,0.00347451,0.0891125,0.0363203,0.0106832,0,-1.54268,-10.6307,-0.0423858,-10.7163,0.576067,1.78258,0.984
0.985,0.203299,0.00347451,0.0891125,0.0363203,0.0106832,0,-1.55306,-10.6302,-0.040557,-10.5005,0.565583,1.74507,0.985
0.986,0.203299,0.00347451,0.0891125,0.0363203,0.0106832,0,-1.56323,-10.6296,-0.0387665,-10.289,0.555296,1.70834,0.986
0.987,0.203299,0.00347451,0.0891125,0.0363203,0.0106832,0,-1.5732,-10.6291,-0.0370136,-10.0817,0.545204,1.67238,0.987
0.988,0.203299,0.00347451,0.0891125,0.0363203,0.0106832,0,-1.58296,-10.6286,-0.0352974,-9.87863,0.535302,1.63716,0.988
0.989,0.203299,0.00347451,0.0891125,0.0363203,0.0106832,0,-1.59253,-10.6281,-0.0336172,-9.67965,0.525585,1.60268,0.989
0.99,0.203299,0.00347451,0.0891125,0.0363203,0.0106832,0,-1.60191,-10.6277,-0.0319724,-9.48467,0.516051,1.56892,0.99
0.991,0.203299,0.00347451,0.0891125,0.0363203,0.0106832,0,-1.61109,-10.6272,-0.030362,-9.29362,0.506696,1.53586,0.991
0.992,0.203299,0.00347451,0.0891125,0.0363203,0.0106832,0,-1.6201,-10.6267,-0.0287855,-9.10642,0.497515,1.50349,0.992
0.993,0.203299,0.00347451,0.0891125,0.0363203,0.0106832,0,-1.62892,-10.6263,-0.027242,-8.92299,0.488506,1.4718,0.993
0.994,0.203299,0.00347451,0.0891125,0.0363203,0.0106832,0,-1.63756,-10.6258,-0.025731,-8.74325,0.479664,1.44077,0.994
0.995,0.203299,0.00347451,0.0891125,0.0363203,0.0106832,0,-1.64603,-10.6254,-0.0242518,-8.56714,0.470988,1.41038,0.995
0.996,0.203299,0.00347451,0.0891125,0.0363203,0.0106832,0,-1.65433,-10.625,-0.0228036,-8.39457,0.462472,1.38063,0.996
0.997,0.203299,0.00347451,0.0891125,0.0363203,0.0106832,0,-1.66247,-10.6245,-0.0213859,-8.22548,0.454114,1.35151,0.997
0.998,0.203299,0.00347451,0.0891125,0.0363203,0.0106832,0,-1.67044,-10.6241,-0.019998,-8.0598,0.445912,1.32299,0.998
0.999,0.203299,0.00347451,0.0891125,0.0363203,0.0106832,0,-1.67825,-10.6237,-0.0186393,-7.89745,0.437861,1.29506,0.999
0,0.203299,0.00347451,0.0891125,0.0363203,0.0106832,0,-1.6859,-10.6233,-0.0173091,-7.73837,0.429959,1.26772,1
