BST,AMR,ALR,AIR,ASR,ASO,AIO,RX,RY,RZ,RXu,RYu,RZu,SST
0,0,0,0,0,0,0,0,0,0,0,0,0,0
0,0,0,0,0,0,0,0,0,0,0,0,0,0
0,0,0,0,0,0,0,0,0,0,0,0,0,0
0.001,0,0,0,0,0,0,0,0,0,0,0,0,0.001
0.002,0,0,0,0,0,0,0,0,0,0,0,0,0.002
0.003,0,0,0,0,0,0,0,0,0,0,0,0,0.003
0.004,0,0,0,0,0,0,0,0,0,0,0,0,0.004
0.005,0,0,0,0,0,0,0,0,0,0,0,0,0.005
0.006,0,0,0,0,0,0,0,0,0,0,0,0,0.006
0.007,0,0,0,0,0,0,0,0,0,0,0,0,0.007
0.008,0,0,0,0,0,0,0,0,0,0,0,0,0.008
0.009,0,0,0,0,0,0,0,0,0,0,0,0,0.009
0.01,0,0,0,0,0,0,0,0,0,0,0,0,0.01
0.011,0,0,0,0,0,0,0,0,0,0,0,0,0.011
0.012,0,0,0,0,0,0,0,0,0,0,0,0,0.012
0.013,0,0,0,0,0,0,0,0,0,0,0,0,0.013
0.014,0,0,0,0,0,0,0,0,0,0,0,0,0.014
0.015,0,0,0,0,0,0,0,0,0,0,0,0,0.015
0.016,0,0,0,0,0,0,0,0,0,0,0,0,0.016
0.017,0,0,0,0,0,0,0,0,0,0,0,0,0.017
0.018,0,0,0,0,0,0,0,0,0,0,0,0,0.018
0.019,0,0,0,0,0,0,0,0,0,0,0,0,0.019
0.02,0,0,0,0,0,0,0,0,0,0,0,0,0.02
0.021,0,0,0,0,0,0,0,0,0,0,0,0,0.021
0.022,0,0,0,0,0,0,0,0,0,0,0,0,0.022
0.023,0,0,0,0,0,0,0,0,0,0,0,0,0.023
0.024,0,0,0,0,0,0,0,0,0,0,0,0,0.024
0.025,0,0,0,0,0,0,0,0,0,0,0,0,0.025
0.026,0,0,0,0,0,0,0,0,0,0,0,0,0.026
0.027,0,0,0,0,0,0,0,0,0,0,0,0,0.027
0.028,0,0,0,0,0,0,0,0,0,0,0,0,0.028
0.029,0,0,0,0,0,0,0,0,0,0,0,0,0.029
0.03,0,0,0,0,0,0,0,0,0,0,0,0,0.03
0.031,0,0,0,0,0,0,0,0,0,0,0,0,0.031
0.032,0,0,0,0,0,0,0,0,0,0,0,0,0.032
0.033,0,0,0,0,0,0,0,0,0,0,0,0,0.033
0.034,0,0,0,0,0,0,0,0,0,0,0,0,0.034
0.035,0,0,0,0,0,0,0,0,0,0,0,0,0.035
0.036,0,0,0,0,0,0,0,0,0,0,0,0,0.036
0.037,0,0,0,0,0,0,0,0,0,0,0,0,0.037
0.038,0,0,0,0,0,0,0,0,0,0,0,0,0.038
0.039,0,0,0,0,0,0,0,0,0,0,0,0,0.039
0.04,0,0,0,0,0,0,0,0,0,0,0,0,0.04
0.041,0,0,0,0,0,0,0,0,0,0,0,0,0.041
0.042,0,0,0,0,0,0,0,0,0,0,0,0,0.042
0.043,0,0,0,0,0,0,0,0,0,0,0,0,0.043
0.044,0,0,0,0,0,0,0,0,0,0,0,0,0.044
0.045,0,0,0,0,0,0,0,0,0,0,0,0,0.045
0.046,0,0,0,0,0,0,0,0,0,0,0,0,0.046
0.047,0,0,0,0,0,0,0,0,0,0,0,0,0.047
0.048,0,0,0,0,0,0,0,0,0,0,0,0,0.048
0.049,0,0,0,0,0,0,0,0,0,0,0,0,0.049
0.05,0,0,0,0,0,0,0,0,0,0,0,0,0.05
0.051,0,0,0,0,0,0,0,0,0,0,0,0,0.051
0.052,0,0,0,0,0,0,0,0,0,0,0,0,0.052
0.053,0,0,0,0,0,0,0,0,0,0,0,0,0.053
0.054,0,0,0,0,0,0,0,0,0,0,0,0,0.054
0.055,0,0,0,0,0,0,0,0,0,0,0,0,0.055
0.056,0,0,0,0,0,0,0,0,0,0,0,0,0.056
0.057,0,0,0,0,0,0,0,0,0,0,0,0,0.057
0.058,0,0,0,0,0,0,0,0,0,0,0,0,0.058
0.059,0,0,0,0,0,0,0,0,0,0,0,0,0.059
0.06,0,0,0,0,0,0,0,0,0,0,0,0,0.06
0.061,0,0,0,0,0,0,0,0,0,0,0,0,0.061
0.062,0,0,0,0,0,0,0,0,0,0,0,0,0.062
0.063,0,0,0,0,0,0,0,0,0,0,0,0,0.063
0.064,0,0,0,0,0,0,0,0,0,0,0,0,0.064
0.065,0,0,0,0,0,0,0,0,0,0,0,0,0.065
0.066,0,0,0,0,0,0,0,0,0,0,0,0,0.066
0.067,0,0,0,0,0,0,0,0,0,0,0,0,0.067
0.068,0,0,0,0,0,0,0,0,0,0,0,0,0.068
0.069,0,0,0,0,0,0,0,0,0,0,0,0,0.069
0.07,0,0,0,0,0,0,0,0,0,0,0,0,0.07
0.071,0,0,0,0,0,0,0,0,0,0,0,0,0.071
0.072,0,0,0,0,0,0,0,0,0,0,0,0,0.072
0.073,0,0,0,0,0,0,0,0,0,0,0,0,0.073
0.074,0,0,0,0,0,0,0,0,0,0,0,0,0.074
0.075,0,0,0,0,0,0,0,0,0,0,0,0,0.075
0.076,0,0,0,0,0,0,0,0,0,0,0,0,0.076
0.077,0,0,0,0,0,0,0,0,0,0,0,0,0.077
0.078,0,0,0,0,0,0,0,0,0,0,0,0,0.078
0.079,0,0,0,0,0,0,0,0,0,0,0,0,0.079
0.08,0,0,0,0,0,0,0,0,0,0,0,0,0.08
0.081,0,0,0,0,0,0,0,0,0,0,0,0,0.081
0.082,0,0,0,0,0,0,0,0,0,0,0,0,0.082
0.083,0,0,0,0,0,0,0,0,0,0,0,0,0.083
0.084,0,0,0,0,0,0,0,0,0,0,0,0,0.084
0.085,0,0,0,0,0,0,0,0,0,0,0,0,0.085
0.086,0,0,0,0,0,0,0,0,0,0,0,0,0.086
0.087,0,0,0,0,0,0,0,0,0,0,0,0,0.087
0.088,0,0,0,0,0,0,0,0,0,0,0,0,0.088
0.089,0,0,0,0,0,0,0,0,0,0,0,0,0.089
0.09,0,0,0,0,0,0,0,0,0,0,0,0,0.09
0.091,0,0,0,0,0,0,0,0,0,0,0,0,0.091
0.092,0,0,0,0,0,0,0,0,0,0,0,0,0.092
0.093,0,0,0,0,0,0,0,0,0,0,0,0,0.093
0.094,0,0,0,0,0,0,0,0,0,0,0,0,0.094
0.095,0,0,0,0,0,0,0,0,0,0,0,0,0.095
0.096,0,0,0,0,0,0,0,0,0,0,0,0,0.096
0.097,0,0,0,0,0,0,0,0,0,0,0,0,0.097
0.098,0,0,0,0,0,0,0,0,0,0,0,0,0.098
0.099,0,0,0,0,0,0,0,0,0,0,0,0,0.099
0.1,0,0,0,0,0,0,0,0,0,0,0,0,0.1
0.101,0,0,0,0,0,0,0,0,0,0,0,0,0.101
0.102,0,0,0,0,0,0,0,0,0,0,0,0,0.102
0.103,0,0,0,0,0,0,0,0,0,0,0,0,0.103
0.104,0,0,0,0,0,0,0,0,0,0,0,0,0.104
0.105,0,0,0,0,0,0,0,0,0,0,0,0,0.105
0.106,0,0,0,0,0,0,0,0,0,0,0,0,0.106
0.107,0,0,0,0,0,0,0,0,0,0,0,0,0.107
0.108,0,0,0,0,0,0,0,0,0,0,0,0,0.108
0.109,0,0,0,0,0,0,0,0,0,0,0,0,0.109
0.11,0,0,0,0,0,0,0,0,0,0,0,0,0.11
0.111,0,0,0,0,0,0,0,0,0,0,0,0,0.111
0.112,0,0,0,0,0,0,0,0,0,0,0,0,0.112
0.113,0,0,0,0,0,0,0,0,0,0,0,0,0.113
0.114,0,0,0,0,0,0,0,0,0,0,0,0,0.114
0.115,0,0,0,0,0,0,0,0,0,0,0,0,0.115
0.116,0,0,0,0,0,0,0,0,0,0,0,0,0.116
0.117,0,0,0,0,0,0,0,0,0,0,0,0,0.117
0.118,0,0,0,0,0,0,0,0,0,0,0,0,0.118
0.119,0,0,0,0,0,0,0,0,0,0,0,0,0.119
0.12,0,0,0,0,0,0,0,0,0,0,0,0,0.12
0.121,0,0,0,0,0,0,0,0,0,0,0,0,0.121
0.122,0,0,0,0,0,0,0,0,0,0,0,0,0.122
0.123,0,0,0,0,0,0,0,0,0,0,0,0,0.123
0.124,0,0,0,0,0,0,0,0,0,0,0,0,0.124
0.125,0,0,0,0,0,0,0,0,0,0,0,0,0.125
0.126,0,0,0,0,0,0,0,0,0,0,0,0,0.126
0.127,0,0,0,0,0,0,0,0,0,0,0,0,0.127
0.128,0,0,0,0,0,0,0,0,0,0,0,0,0.128
0.129,0,0,0,0,0,0,0,0,0,0,0,0,0.129
0.13,0,0,0,0,0,0,0,0,0,0,0,0,0.13
0.131,0,0,0,0,0,0,0,0,0,0,0,0,0.131
0.132,0,0,0,0,0,0,0,0,0,0,0,0,0.132
0.133,0,0,0,0,0,0,0,0,0,0,0,0,0.133
0.134,0,0,0,0,0,0,0,0,0,0,0,0,0.134
0.135,0,0,0,0,0,0,0,0,0,0,0,0,0.135
0.136,0,0,0,0,0,0,0,0,0,0,0,0,0.136
0.137,0,0,0,0,0,0,0,0,0,0,0,0,0.137
0.138,0,0,0,0,0,0,0,0,0,0,0,0,0.138
0.139,0,0,0,0,0,0,0,0,0,0,0,0,0.139
0.14,0,0,0,0,0,0,0,0,0,0,0,0,0.14
0.141,0,0,0,0,0,0,0,0,0,0,0,0,0.141
0.142,0,0,0,0,0,0,0,0,0,0,0,0,0.142
0.143,0,0,0,0,0,0,0,0,0,0,0,0,0.143
0.144,0,0,0,0,0,0,0,0,0,0,0,0,0.144
0.145,0,0,0,0,0,0,0,0,0,0,0,0,0.145
0.146,0,0,0,0,0,0,0,0,0,0,0,0,0.146
0.147,0,0,0,0,0,0,0,0,0,0,0,0,0.147
0.148,0,0,0,0,0,0,0,0,0,0,0,0,0.148
0.149,0,0,0,0,0,0,0,0,0,0,0,0,0.149
0.15,0,0,0,0,0,0,0,0,0,0,0,0,0.15
0.151,0,0,0,0,0,0,0,0,0,0,0,0,0.151
0.152,0,0,0,0,0,0,0,0,0,0,0,0,0.152
0.153,0,0,0,0,0,0,0,0,0,0,0,0,0.153
0.154,0,0,0,0,0,0,0,0,0,0,0,0,0.154
0.155,0,0,0,0,0,0,0,0,0,0,0,0,0.155
0.156,0,0,0,0,0,0,0,0,0,0,0,0,0.156
0.157,0,0,0,0,0,0,0,0,0,0,0,0,0.157
0.158,0,0,0,0,0,0,0,0,0,0,0,0,0.158
0.159,0,0,0,0,0,0,0,0,0,0,0,0,0.159
0.16,0,0,0,0,0,0,0,0,0,0,0,0,0.16
0.161,0,0,0,0,0,0,0,0,0,0,0,0,0.161
0.162,0,0,0,0,0,0,0,0,0,0,0,0,0.162
0.163,0,0,0,0,0,0,0,0,0,0,0,0,0.163
0.164,0,0,0,0,0,0,0,0,0,0,0,0,0.164
0.165,0,0,0,0,0,0,0,0,0,0,0,0,0.165
0.166,0,0,0,0,0,0,0,0,0,0,0,0,0.166
0.167,0,0,0,0,0,0,0,0,0,0,0,0,0.167
0.168,0,0,0,0,0,0,0,0,0,0,0,0,0.168
0.169,0,0,0,0,0,0,0,0,0,0,0,0,0.169
0.17,0,0,0,0,0,0,0,0,0,0,0,0,0.17
0.171,0,0,0,0,0,0,0,0,0,0,0,0,0.171
0.172,0,0,0,0,0,0,0,0,0,0,0,0,0.172
0.173,0,0,0,0,0,0,0,0,0,0,0,0,0.173
0.174,0,0,0,0,0,0,0,0,0,0,0,0,0.174
0.175,0,0,0,0,0,0,0,0,0,0,0,0,0.175
0.176,0,0,0,0,0,0,0,0,0,0,0,0,0.176
0.177,0,0,0,0,0,0,0,0,0,0,0,0,0.177
0.178,0,0,0,0,0,0,0,0,0,0,0,0,0.178
0.179,0,0,0,0,0,0,0,0,0,0,0,0,0.179
0.18,0,0,0,0,0,0,0,0,0,0,0,0,0.18
0.181,0,0,0,0,0,0,0,0,0,0,0,0,0.181
0.182,0,0,0,0,0,0,0,0,0,0,0,0,0.182
0.183,0,0,0,0,0,0,0,0,0,0,0,0,0.183
0.184,0,0,0,0,0,0,0,0,0,0,0,0,0.184
0.185,0,0,0,0,0,0,0,0,0,0,0,0,0.185
0.186,0,0,0,0,0,0,0,0,0,0,0,0,0.186
0.187,0,0,0,0,0,0,0,0,0,0,0,0,0.187
0.188,0,0,0,0,0,0,0,0,0,0,0,0,0.188
0.189,0,0,0,0,0,0,0,0,0,0,0,0,0.189
0.19,0,0,0,0,0,0,0,0,0,0,0,0,0.19
0.191,0,0,0,0,0,0,0,0,0,0,0,0,0.191
0.192,0,0,0,0,0,0,0,0,0,0,0,0,0.192
0.193,0,0,0,0,0,0,0,0,0,0,0,0,0.193
0.194,0,0,0,0,0,0,0,0,0,0,0,0,0.194
0.195,0,0,0,0,0,0,0,0,0,0,0,0,0.195
0.196,0,0,0,0,0,0,0,0,0,0,0,0,0.196
0.197,0,0,0,0,0,0,0,0,0,0,0,0,0.197
0.198,0,0,0,0,0,0,0,0,0,0,0,0,0.198
0.199,0,0,0,0,0,0,0,0,0,0,0,0,0.199
0.2,0,0,0,0,0,0,0,0,0,0,0,0,0.2
0.201,0,0,0,0,0,0,0,0,0,0,0,0,0.201
0.202,0,0,0,0,0,0,0,0,0,0,0,0,0.202
0.203,0,0,0,0,0,0,0,0,0,0,0,0,0.203
0.204,0,0,0,0,0,0,0,0,0,0,0,0,0.204
0.205,0,0,0,0,0,0,0,0,0,0,0,0,0.205
0.206,0,0,0,0,0,0,0,0,0,0,0,0,0.206
0.207,0,0,0,0,0,0,0,0,0,0,0,0,0.207
0.208,0,0,0,0,0,0,0,0,0,0,0,0,0.208
0.209,0,0,0,0,0,0,0,0,0,0,0,0,0.209
0.21,0,0,0,0,0,0,0,0,0,0,0,0,0.21
0.211,0,0,0,0,0,0,0,0,0,0,0,0,0.211
0.212,0,0,0,0,0,0,0,0,0,0,0,0,0.212
0.213,0,0,0,0,0,0,0,0,0,0,0,0,0.213
0.214,0,0,0,0,0,0,0,0,0,0,0,0,0.214
0.215,0,0,0,0,0,0,0,0,0,0,0,0,0.215
0.216,0,0,0,0,0,0,0,0,0,0,0,0,0.216
0.217,0,0,0,0,0,0,0,0,0,0,0,0,0.217
0.218,0,0,0,0,0,0,0,0,0,0,0,0,0.218
0.219,0,0,0,0,0,0,0,0,0,0,0,0,0.219
0.22,0,0,0,0,0,0,0,0,0,0,0,0,0.22
0.221,0,0,0,0,0,0,0,0,0,0,0,0,0.221
0.222,0,0,0,0,0,0,0,0,0,0,0,0,0.222
0.223,0,0,0,0,0,0,0,0,0,0,0,0,0.223
0.224,0,0,0,0,0,0,0,0,0,0,0,0,0.224
0.225,0,0,0,0,0,0,0,0,0,0,0,0,0.225
0.226,0,0,0,0,0,0,0,0,0,0,0,0,0.226
0.227,0,0,0,0,0,0,0,0,0,0,0,0,0.227
0.228,0,0,0,0,0,0,0,0,0,0,0,0,0.228
0.229,0,0,0,0,0,0,0,0,0,0,0,0,0.229
0.23,0,0,0,0,0,0,0,0,0,0,0,0,0.23
0.231,0,0,0,0,0,0,0,0,0,0,0,0,0.231
0.232,0,0,0,0,0,0,0,0,0,0,0,0,0.232
0.233,0,0,0,0,0,0,0,0,0,0,0,0,0.233
0.234,0,0,0,0,0,0,0,0,0,0,0,0,0.234
0.235,0,0,0,0,0,0,0,0,0,0,0,0,0.235
0.236,0,0,0,0,0,0,0,0,0,0,0,0,0.236
0.237,0,0,0,0,0,0,0,0,0,0,0,0,0.237
0.238,0,0,0,0,0,0,0,0,0,0,0,0,0.238
0.239,0,0,0,0,0,0,0,0,0,0,0,0,0.239
0.24,0,0,0,0,0,0,0,0,0,0,0,0,0.24
0.241,0,0,0,0,0,0,0,0,0,0,0,0,0.241
0.242,0,0,0,0,0,0,0,0,0,0,0,0,0.242
0.243,0,0,0,0,0,0,0,0,0,0,0,0,0.243
0.244,0,0,0,0,0,0,0,0,0,0,0,0,0.244
0.245,0,0,0,0,0,0,0,0,0,0,0,0,0.245
0.246,0,0,0,0,0,0,0,0,0,0,0,0,0.246
0.247,0,0,0,0,0,0,0,0,0,0,0,0,0.247
0.248,0,0,0,0,0,0,0,0,0,0,0,0,0.248
0.249,0,0,0,0,0,0,0,0,0,0,0,0,0.249
0.25,0,0,0,0,0,0,0,0,0,0,0,0,0.25
0.251,0,0,0,0,0,0,0,0,0,0,0,0,0.251
0.252,0,0,0,0,0,0,0,0,0,0,0,0,0.252
0.253,0,0,0,0,0,0,0,0,0,0,0,0,0.253
0.254,0,0,0,0,0,0,0,0,0,0,0,0,0.254
0.255,0,0,0,0,0,0,0,0,0,0,0,0,0.255
0.256,0,0,0,0,0,0,0,0,0,0,0,0,0.256
0.257,0,0,0,0,0,0,0,0,0,0,0,0,0.257
0.258,0,0,0,0,0,0,0,0,0,0,0,0,0.258
0.259,0,0,0,0,0,0,0,0,0,0,0,0,0.259
0.26,0,0,0,0,0,0,0,0,0,0,0,0,0.26
0.261,0,0,0,0,0,0,0,0,0,0,0,0,0.261
0.262,0,0,0,0,0,0,0,0,0,0,0,0,0.262
0.263,0,0,0,0,0,0,0,0,0,0,0,0,0.263
0.264,0,0,0,0,0,0,0,0,0,0,0,0,0.264
0.265,0,0,0,0,0,0,0,0,0,0,0,0,0.265
0.266,0,0,0,0,0,0,0,0,0,0,0,0,0.266
0.267,0,0,0,0,0,0,0,0,0,0,0,0,0.267
0.268,0,0,0,0,0,0,0,0,0,0,0,0,0.268
0.269,0,0,0,0,0,0,0,0,0,0,0,0,0.269
0.27,0,0,0,0,0,0,0,0,0,0,0,0,0.27
0.271,0,0,0,0,0,0,0,0,0,0,0,0,0.271
0.272,0,0,0,0,0,0,0,0,0,0,0,0,0.272
0.273,0,0,0,0,0,0,0,0,0,0,0,0,0.273
0.274,0,0,0,0,0,0,0,0,0,0,0,0,0.274
0.275,0,0,0,0,0,0,0,0,0,0,0,0,0.275
0.276,0,0,0,0,0,0,0,0,0,0,0,0,0.276
0.277,0,0,0,0,0,0,0,0,0,0,0,0,0.277
0.278,0,0,0,0,0,0,0,0,0,0,0,0,0.278
0.279,0,0,0,0,0,0,0,0,0,0,0,0,0.279
0.28,0,0,0,0,0,0,0,0,0,0,0,0,0.28
0.281,0,0,0,0,0,0,0,0,0,0,0,0,0.281
0.282,0,0,0,0,0,0,0,0,0,0,0,0,0.282
0.283,0,0,0,0,0,0,0,0,0,0,0,0,0.283
0.284,0,0,0,0,0,0,0,0,0,0,0,0,0.284
0.285,0,0,0,0,0,0,0,0,0,0,0,0,0.285
0.286,0,0,0,0,0,0,0,0,0,0,0,0,0.286
0.287,0,0,0,0,0,0,0,0,0,0,0,0,0.287
0.288,0,0,0,0,0,0,0,0,0,0,0,0,0.288
0.289,0,0,0,0,0,0,0,0,0,0,0,0,0.289
0.29,0,0,0,0,0,0,0,0,0,0,0,0,0.29
0.291,0,0,0,0,0,0,0,0,0,0,0,0,0.291
0.292,0,0,0,0,0,0,0,0,0,0,0,0,0.292
0.293,0,0,0,0,0,0,0,0,0,0,0,0,0.293
0.294,0,0,0,0,0,0,0,0,0,0,0,0,0.294
0.295,0,0,0,0,0,0,0,0,0,0,0,0,0.295
0.296,0,0,0,0,0,0,0,0,0,0,0,0,0.296
0.297,0,0,0,0,0,0,0,0,0,0,0,0,0.297
0.298,0,0,0,0,0,0,0,0,0,0,0,0,0.298
0.299,0,0,0,0,0,0,0,0,0,0,0,0,0.299
0.3,0,0,0,0,0,0,0,0,0,0,0,0,0.3
0.301,0,0,0,0,0,0,0,0,0,0,0,0,0.301
0.302,0,0,0,0,0,0,0,0,0,0,0,0,0.302
0.303,0,0,0,0,0,0,0,0,0,0,0,0,0.303
0.304,0,0,0,0,0,0,0,0,0,0,0,0,0.304
0.305,0,0,0,0,0,0,0,0,0,0,0,0,0.305
0.306,0,0,0,0,0,0,0,0,0,0,0,0,0.306
0.307,0,0,0,0,0,0,0,0,0,0,0,0,0.307
0.308,0,0,0,0,0,0,0,0,0,0,0,0,0.308
0.309,0,0,0,0,0,0,0,0,0,0,0,0,0.309
0.31,0,0,0,0,0,0,0,0,0,0,0,0,0.31
0.311,0,0,0,0,0,0,0,0,0,0,0,0,0.311
0.312,0,0,0,0,0,0,0,0,0,0,0,0,0.312
0.313,0,0,0,0,0,0,0,0,0,0,0,0,0.313
0.314,0,0,0,0,0,0,0,0,0,0,0,0,0.314
0.315,0,0,0,0,0,0,0,0,0,0,0,0,0.315
0.316,0,0,0,0,0,0,0,0,0,0,0,0,0.316
0.317,0,0,0,0,0,0,0,0,0,0,0,0,0.317
0.318,0,0,0,0,0,0,0,0,0,0,0,0,0.318
0.319,0,0,0,0,0,0,0,0,0,0,0,0,0.319
0.32,0,0,0,0,0,0,0,0,0,0,0,0,0.32
0.321,0,0,0,0,0,0,0,0,0,0,0,0,0.321
0.322,0,0,0,0,0,0,0,0,0,0,0,0,0.322
0.323,0,0,0,0,0,0,0,0,0,0,0,0,0.323
0.324,0,0,0,0,0,0,0,0,0,0,0,0,0.324
0.325,0,0,0,0,0,0,0,0,0,0,0,0,0.325
0.326,0,0,0,0,0,0,0,0,0,0,0,0,0.326
0.327,0,0,0,0,0,0,0,0,0,0,0,0,0.327
0.328,0,0,0,0,0,0,0,0,0,0,0,0,0.328
0.329,0,0,0,0,0,0,0,0,0,0,0,0,0.329
0.33,0,0,0,0,0,0,0,0,0,0,0,0,0.33
0.331,0,0,0,0,0,0,0,0,0,0,0,0,0.331
0.332,0,0,0,0,0,0,0,0,0,0,0,0,0.332
0.333,0,0,0,0,0,0,0,0,0,0,0,0,0.333
0.334,0,0,0,0,0,0,0,0,0,0,0,0,0.334
0.335,0,0,0,0,0,0,0,0,0,0,0,0,0.335
0.336,0,0,0,0,0,0,0,0,0,0,0,0,0.336
0.337,0,0,0,0,0,0,0,0,0,0,0,0,0.337
0.338,0,0,0,0,0,0,0,0,0,0,0,0,0.338
0.339,0,0,0,0,0,0,0,0,0,0,0,0,0.339
0.34,0,0,0,0,0,0,0,0,0,0,0,0,0.34
0.341,0,0,0,0,0,0,0,0,0,0,0,0,0.341
0.342,0,0,0,0,0,0,0,0,0,0,0,0,0.342
0.343,0,0,0,0,0,0,0,0,0,0,0,0,0.343
0.344,0,0,0,0,0,0,0,0,0,0,0,0,0.344
0.345,0,0,0,0,0,0,0,0,0,0,0,0,0.345
0.346,0,0,0,0,0,0,0,0,0,0,0,0,0.346
0.347,0,0,0,0,0,0,0,0,0,0,0,0,0.347
0.348,0,0,0,0,0,0,0,0,0,0,0,0,0.348
0.349,0,0,0,0,0,0,0,0,0,0,0,0,0.349
0.35,0,0,0,0,0,0,0,0,0,0,0,0,0.35
0.351,0,0,0,0,0,0,0,0,0,0,0,0,0.351
0.352,0,0,0,0,0,0,0,0,0,0,0,0,0.352
0.353,0,0,0,0,0,0,0,0,0,0,0,0,0.353
0.354,0,0,0,0,0,0,0,0,0,0,0,0,0.354
0.355,0,0,0,0,0,0,0,0,0,0,0,0,0.355
0.356,0,0,0,0,0,0,0,0,0,0,0,0,0.356
0.357,0,0,0,0,0,0,0,0,0,0,0,0,0.357
0.358,0,0,0,0,0,0,0,0,0,0,0,0,0.358
0.359,0,0,0,0,0,0,0,0,0,0,0,0,0.359
0.36,0,0,0,0,0,0,0,0,0,0,0,0,0.36
0.361,0,0,0,0,0,0,0,0,0,0,0,0,0.361
0.362,0,0,0,0,0,0,0,0,0,0,0,0,0.362
0.363,0,0,0,0,0,0,0,0,0,0,0,0,0.363
0.364,0,0,0,0,0,0,0,0,0,0,0,0,0.364
0.365,0,0,0,0,0,0,0,0,0,0,0,0,0.365
0.366,0,0,0,0,0,0,0,0,0,0,0,0,0.366
0.367,0,0,0,0,0,0,0,0,0,0,0,0,0.367
0.368,0,0,0,0,0,0,0,0,0,0,0,0,0.368
0.369,0,0,0,0,0,0,0,0,0,0,0,0,0.369
0.37,0,0,0,0,0,0,0,0,0,0,0,0,0.37
0.371,0,0,0,0,0,0,0,0,0,0,0,0,0.371
0.372,0,0,0,0,0,0,0,0,0,0,0,0,0.372
0.373,0,0,0,0,0,0,0,0,0,0,0,0,0.373
0.374,0,0,0,0,0,0,0,0,0,0,0,0,0.374
0.375,0,0,0,0,0,0,0,0,0,0,0,0,0.375
0.376,0,0,0,0,0,0,0,0,0,0,0,0,0.376
0.377,0,0,0,0,0,0,0,0,0,0,0,0,0.377
0.378,0,0,0,0,0,0,0,0,0,0,0,0,0.378
0.379,0,0,0,0,0,0,0,0,0,0,0,0,0.379
0.38,0,0,0,0,0,0,0,0,0,0,0,0,0.38
0.381,0,0,0,0,0,0,0,0,0,0,0,0,0.381
0.382,0,0,0,0,0,0,0,0,0,0,0,0,0.382
0.383,0,0,0,0,0,0,0,0,0,0,0,0,0.383
0.384,0,0,0,0,0,0,0,0,0,0,0,0,0.384
0.385,0,0,0,0,0,0,0,0,0,0,0,0,0.385
0.386,0,0,0,0,0,0,0,0,0,0,0,0,0.386
0.387,0,0,0,0,0,0,0,0,0,0,0,0,0.387
0.388,0,0,0,0,0,0,0,0,0,0,0,0,0.388
0.389,0,0,0,0,0,0,0,0,0,0,0,0,0.389
0.39,0,0,0,0,0,0,0,0,0,0,0,0,0.39
0.391,0,0,0,0,0,0,0,0,0,0,0,0,0.391
0.392,0,0,0,0,0,0,0,0,0,0,0,0,0.392
0.393,0,0,0,0,0,0,0,0,0,0,0,0,0.393
0.394,0,0,0,0,0,0,0,0,0,0,0,0,0.394
0.395,0,0,0,0,0,0,0,0,0,0,0,0,0.395
0.396,0,0,0,0,0,0,0,0,0,0,0,0,0.396
0.397,0,0,0,0,0,0,0,0,0,0,0,0,0.397
0.398,0,0,0,0,0,0,0,0,0,0,0,0,0.398
0.399,0,0,0,0,0,0,0,0,0,0,0,0,0.399
0.4,0,0,0,0,0,0,0,0,0,0,0,0,0.4
0.401,0,0,0,0,0,0,0,0,0,0,0,0,0.401
0.402,0,0,0,0,0,0,0,0,0,0,0,0,0.402
0.403,0,0,0,0,0,0,0,0,0,0,0,0,0.403
0.404,0,0,0,0,0,0,0,0,0,0,0,0,0.404
0.405,0,0,0,0,0,0,0,0,0,0,0,0,0.405
0.406,0,0,0,0,0,0,0,0,0,0,0,0,0.406
0.407,0,0,0,0,0,0,0,0,0,0,0,0,0.407
0.408,0,0,0,0,0,0,0,0,0,0,0,0,0.408
0.409,0,0,0,0,0,0,0,0,0,0,0,0,0.409
0.41,0,0,0,0,0,0,0,0,0,0,0,0,0.41
0.411,0,0,0,0,0,0,0,0,0,0,0,0,0.411
0.412,0,0,0,0,0,0,0,0,0,0,0,0,0.412
0.413,0,0,0,0,0,0,0,0,0,0,0,0,0.413
0.414,0,0,0,0,0,0,0,0,0,0,0,0,0.414
0.415,0,0,0,0,0,0,0,0,0,0,0,0,0.415
0.416,0,0,0,0,0,0,0,0,0,0,0,0,0.416
0.417,0,0,0,0,0,0,0,0,0,0,0,0,0.417
0.418,0,0,0,0,0,0,0,0,0,0,0,0,0.418
0.419,0,0,0,0,0,0,0,0,0,0,0,0,0.419
0.42,0,0,0,0,0,0,0,0,0,0,0,0,0.42
0.421,0,0,0,0,0,0,0,0,0,0,0,0,0.421
0.422,0,0,0,0,0,0,0,0,0,0,0,0,0.422
0.423,0,0,0,0,0,0,0,0,0,0,0,0,0.423
0.424,0,0,0,0,0,0,0,0,0,0,0,0,0.424
0.425,0,0,0,0,0,0,0,0,0,0,0,0,0.425
0.426,0,0,0,0,0,0,0,0,0,0,0,0,0.426
0.427,0,0,0,0,0,0,0,0,0,0,0,0,0.427
0.428,0,0,0,0,0,0,0,0,0,0,0,0,0.428
0.429,0,0,0,0,0,0,0,0,0,0,0,0,0.429
0.43,0,0,0,0,0,0,0,0,0,0,0,0,0.43
0.431,0,0,0,0,0,0,0,0,0,0,0,0,0.431
0.432,0,0,0,0,0,0,0,0,0,0,0,0,0.432
0.433,0,0,0,0,0,0,0,0,0,0,0,0,0.433
0.434,0,0,0,0,0,0,0,0,0,0,0,0,0.434
0.435,0,0,0,0,0,0,0,0,0,0,0,0,0.435
0.436,0,0,0,0,0,0,0,0,0,0,0,0,0.436
0.437,0,0,0,0,0,0,0,0,0,0,0,0,0.437
0.438,0,0,0,0,0,0,0,0,0,0,0,0,0.438
0.439,0,0,0,0,0,0,0,0,0,0,0,0,0.439
0.44,0,0,0,0,0,0,0,0,0,0,0,0,0.44
0.441,0,0,0,0,0,0,0,0,0,0,0,0,0.441
0.442,0,0,0,0,0,0,0,0,0,0,0,0,0.442
0.443,0,0,0,0,0,0,0,0,0,0,0,0,0.443
0.444,0,0,0,0,0,0,0,0,0,0,0,0,0.444
0.445,0,0,0,0,0,0,0,0,0,0,0,0,0.445
0.446,0,0,0,0,0,0,0,0,0,0,0,0,0.446
0.447,0,0,0,0,0,0,0,0,0,0,0,0,0.447
0.448,0,0,0,0,0,0,0,0,0,0,0,0,0.448
0.449,0,0,0,0,0,0,0,0,0,0,0,0,0.449
0.45,0,0,0,0,0,0,0,0,0,0,0,0,0.45
0.451,0,0,0,0,0,0,0,0,0,0,0,0,0.451
0.452,0,0,0,0,0,0,0,0,0,0,0,0,0.452
0.453,0,0,0,0,0,0,0,0,0,0,0,0,0.453
0.454,0,0,0,0,0,0,0,0,0,0,0,0,0.454
0.455,0,0,0,0,0,0,0,0,0,0,0,0,0.455
0.456,0,0,0,0,0,0,0,0,0,0,0,0,0.456
0.457,0,0,0,0,0,0,0,0,0,0,0,0,0.457
0.458,0,0,0,0,0,0,0,0,0,0,0,0,0.458
0.459,0,0,0,0,0,0,0,0,0,0,0,0,0.459
0.46,0,0,0,0,0,0,0,0,0,0,0,0,0.46
0.461,0,0,0,0,0,0,0,0,0,0,0,0,0.461
0.462,0,0,0,0,0,0,0,0,0,0,0,0,0.462
0.463,0,0,0,0,0,0,0,0,0,0,0,0,0.463
0.464,0,0,0,0,0,0,0,0,0,0,0,0,0.464
0.465,0,0,0,0,0,0,0,0,0,0,0,0,0.465
0.466,0,0,0,0,0,0,0,0,0,0,0,0,0.466
0.467,0,0,0,0,0,0,0,0,0,0,0,0,0.467
0.468,0,0,0,0,0,0,0,0,0,0,0,0,0.468
0.469,0,0,0,0,0,0,0,0,0,0,0,0,0.469
0.47,0,0,0,0,0,0,0,0,0,0,0,0,0.47
0.471,0,0,0,0,0,0,0,0,0,0,0,0,0.471
0.472,0,0,0,0,0,0,0,0,0,0,0,0,0.472
0.473,0,0,0,0,0,0,0,0,0,0,0,0,0.473
0.474,0,0,0,0,0,0,0,0,0,0,0,0,0.474
0.475,0,0,0,0,0,0,0,0,0,0,0,0,0.475
0.476,0,0,0,0,0,0,0,0,0,0,0,0,0.476
0.477,0,0,0,0,0,0,0,0,0,0,0,0,0.477
0.478,0,0,0,0,0,0,0,0,0,0,0,0,0.478
0.479,0,0,0,0,0,0,0,0,0,0,0,0,0.479
0.48,0,0,0,0,0,0,0,0,0,0,0,0,0.48
0.481,0,0,0,0,0,0,0,0,0,0,0,0,0.481
0.482,0,0,0,0,0,0,0,0,0,0,0,0,0.482
0.483,0,0,0,0,0,0,0,0,0,0,0,0,0.483
0.484,0,0,0,0,0,0,0,0,0,0,0,0,0.484
0.485,0,0,0,0,0,0,0,0,0,0,0,0,0.485
0.486,0,0,0,0,0,0,0,0,0,0,0,0,0.486
0.487,0,0,0,0,0,0,0,0,0,0,0,0,0.487
0.488,0,0,0,0,0,0,0,0,0,0,0,0,0.488
0.489,0,0,0,0,0,0,0,0,0,0,0,0,0.489
0.49,0,0,0,0,0,0,0,0,0,0,0,0,0.49
0.491,0,0,0,0,0,0,0,0,0,0,0,0,0.491
0.492,0,0,0,0,0,0,0,0,0,0,0,0,0.492
0.493,0,0,0,0,0,0,0,0,0,0,0,0,0.493
0.494,0,0,0,0,0,0,0,0,0,0,0,0,0.494
0.495,0,0,0,0,0,0,0,0,0,0,0,0,0.495
0.496,0,0,0,0,0,0,0,0,0,0,0,0,0.496
0.497,0,0,0,0,0,0,0,0,0,0,0,0,0.497
0.498,0,0,0,0,0,0,0,0,0,0,0,0,0.498
0.499,0,0,0,0,0,0,0,0,0,0,0,0,0.499
0.5,0,0,0,0,0,0,0,0,0,0,0,0,0.5
0.501,0,0,0,0,0,0,0,0,0,0,0,0,0.501
0.502,0,0,0,0,0,0,0,0,0,0,0,0,0.502
0.503,0,0,0,0,0,0,0,0,0,0,0,0,0.503
0.504,0,0,0,0,0,0,0,0,0,0,0,0,0.504
0.505,0,0,0,0,0,0,0,0,0,0,0,0,0.505
0.506,0,0,0,0,0,0,0,0,0,0,0,0,0.506
0.507,0,0,0,0,0,0,0,0,0,0,0,0,0.507
0.508,0,0,0,0,0,0,0,0,0,0,0,0,0.508
0.509,0,0,0,0,0,0,0,0,0,0,0,0,0.509
0.51,0,0,0,0,0,0,0,0,0,0,0,0,0.51
0.511,0,0,0,0,0,0,0,0,0,0,0,0,0.511
0.512,0,0,0,0,0,0,0,0,0,0,0,0,0.512
0.513,0,0,0,0,0,0,0,0,0,0,0,0,0.513
0.514,0,0,0,0,0,0,0,0,0,0,0,0,0.514
0.515,0,0,0,0,0,0,0,0,0,0,0,0,0.515
0.516,0,0,0,0,0,0,0,0,0,0,0,0,0.516
0.517,0,0,0,0,0,0,0,0,0,0,0,0,0.517
0.518,0,0,0,0,0,0,0,0,0,0,0,0,0.518
0.519,0,0,0,0,0,0,0,0,0,0,0,0,0.519
0.52,0,0,0,0,0,0,0,0,0,0,0,0,0.52
0.521,0,0,0,0,0,0,0,0,0,0,0,0,0.521
0.522,0,0,0,0,0,0,0,0,0,0,0,0,0.522
0.523,0,0,0,0,0,0,0,0,0,0,0,0,0.523
0.524,0,0,0,0,0,0,0,0,0,0,0,0,0.524
0.525,0,0,0,0,0,0,0,0,0,0,0,0,0.525
0.526,0,0,0,0,0,0,0,0,0,0,0,0,0.526
0.527,0,0,0,0,0,0,0,0,0,0,0,0,0.527
0.528,0,0,0,0,0,0,0,0,0,0,0,0,0.528
0.529,0,0,0,0,0,0,0,0,0,0,0,0,0.529
0.53,0,0,0,0,0,0,0,0,0,0,0,0,0.53
0.531,0,0,0,0,0,0,0,0,0,0,0,0,0.531
0.532,0,0,0,0,0,0,0,0,0,0,0,0,0.532
0.533,0,0,0,0,0,0,0,0,0,0,0,0,0.533
0.534,0,0,0,0,0,0,0,0,0,0,0,0,0.534
0.535,0,0,0,0,0,0,0,0,0,0,0,0,0.535
0.536,0,0,0,0,0,0,0,0,0,0,0,0,0.536
0.537,0,0,0,0,0,0,0,0,0,0,0,0,0.537
0.538,0,0,0,0,0,0,0,0,0,0,0,0,0.538
0.539,0,0,0,0,0,0,0,0,0,0,0,0,0.539
0.54,0,0,0,0,0,0,0,0,0,0,0,0,0.54
0.541,0,0,0,0,0,0,0,0,0,0,0,0,0.541
0.542,0,0,0,0,0,0,0,0,0,0,0,0,0.542
0.543,0.0316085,0,0,0,0,0,0,0,0,0,0,0,0.543
0.544,0.0751932,0,0,0,0,0,0,0,0,0,-15.5048,0,0.544
0.545,0.119031,0,0,0,0,0,0,-0.0155048,0,0,-45.0345,0,0.545
0.546,0.159451,0,0.0101382,0,0,0,0,-0.0605393,0,0,-81.9378,0,0.546
0.547,0.195858,0,0.0306042,0,0,0,0,-0.142477,0,-3.81897,-120.478,0.636494,0.547
0.548,0.228911,0,0.0556093,0,0,0,-0.00381738,-0.262955,0.000636496,-13.5353,-157.263,2.25588,0.548
0.549,0.258277,0,0.0827945,0,0,0,-0.0173424,-0.420218,0.00288192,-28.0256,-190.981,4.67093,0.549
0.55,0.283071,0,0.11116,0,0,0,-0.0453341,-0.611201,0.00749517,-45.7529,-220.847,7.62555,0.55
0.551,0.302344,0,0.140365,0,0.000414697,0,-0.0910076,-0.832053,0.0149464,-65.4815,-246.056,10.9141,0.551
0.552,0.315295,0,0.169928,0,0.00184225,0,-0.156336,-1.07813,0.0254707,-86.3662,-265.744,14.3062,0.552
0.553,0.321211,0,0.19904,0,0.00367493,0,-0.242447,-1.34391,0.0390542,-107.714,-279.096,17.5105,0.553
0.554,0.320196,0,0.226801,0,0.00566919,0,-0.349778,-1.62308,0.055388,-128.89,-285.444,20.4621,0.554
0.555,0.315891,0,0.252215,0,0.00773096,0,-0.478137,-1.90864,0.0741147,-149.241,-284.597,23.1301,0.555
0.556,0.31007,0,0.274297,0,0.00983269,0,-0.626687,-2.19342,0.0948806,-168.062,-278.344,25.4606,0.556
0.557,0.303634,0,0.292116,0,0.0119599,0,-0.793891,-2.47203,0.117312,-184.623,-268.606,27.3731,0.557
0.558,0.297039,0,0.304838,0,0.0140609,0,-0.977493,-2.74099,0.140983,-198.21,-256.928,28.7745,0.558
0.559,0.290516,0,0.311653,0,0.0160633,0,-1.17454,-2.99837,0.165398,-208.163,-244.429,29.5799,0.559
0.56,0.284178,0,0.311774,0,0.0178989,0,-1.38141,-3.24335,0.189995,-213.87,-231.876,29.7165,0.56
0.561,0.278079,0,0.306784,0,0.0194989,0,-1.59392,-3.47588,0.214151,-214.761,-219.788,29.1185,0.561
0.562,0.272239,0,0.299434,0,0.0207999,0,-1.80728,-3.69639,0.237187,-211.18,-208.414,27.8731,0.562
0.563,0.266666,0,0.291057,0,0.0217436,0,-2.01708,-3.90558,0.258518,-204.394,-197.784,26.2199,0.563
0.564,0.261357,0,0.282318,0,0.0222723,0,-2.22016,-4.10416,0.277805,-195.617,-187.853,24.3869,0.564
0.565,0.256303,0,0.273537,0,0.0223274,0,-2.41456,-4.29282,0.29494,-185.772,-178.564,22.5523,0.565
0.566,0.251496,0,0.264885,0,0.0220777,0,-2.5992,-4.47218,0.309992,-175.484,-169.858,20.8441,0.566
0.567,0.246927,0,0.256471,0,0.0216907,0,-2.77366,-4.6428,0.323152,-165.144,-161.684,19.3012,0.567
0.568,0.242583,0,0.248366,0,0.0212479,0,-2.93787,-4.80523,0.334644,-154.986,-153.992,17.9108,0.568
0.569,0.238455,0,0.24062,0,0.0207894,0,-3.09202,-4.95994,0.344674,-145.152,-146.74,16.6498,0.569
0.57,0.234533,0,0.233267,0,0.0203348,0,-3.23641,-5.10737,0.353417,-135.727,-139.89,15.4984,0.57
0.571,0.230806,0,0.226323,0,0.0198933,0,-3.37146,-5.24791,0.361023,-126.764,-133.41,14.4418,0.571
0.572,0.227265,0,0.219805,0,0.019469,0,-3.49762,-5.38194,0.367622,-118.289,-127.274,13.4697,0.572
0.573,0.223901,0,0.213724,0,0.0190634,0,-3.61538,-5.5098,0.373327,-110.318,-121.456,12.5757,0.573
0.574,0.220705,0,0.208078,0,0.0186769,0,-3.72522,-5.6318,0.378242,-102.856,-115.932,11.7553,0.574
0.575,0.217669,0,0.202857,0,0.018309,0,-3.82767,-5.74825,0.38246,-95.8983,-110.683,11.0049,0.575
0.576,0.214784,0,0.198048,0,0.0179592,0,-3.9232,-5.85942,0.38607,-89.4352,-105.69,10.3211,0.576
0.577,0.212044,0,0.193648,0,0.0176267,0,-4.01232,-5.96557,0.389152,-83.4496,-100.938,9.70049,0.577
0.578,0.20944,0,0.18965,0,0.0173107,0,-4.0955,-6.06694,0.39178,-77.9266,-96.4095,9.14035,0.578
0.579,0.206967,0,0.186048,0,0.0170105,0,-4.17319,-6.16376,0.394024,-72.8511,-92.0914,8.63828,0.579
0.58,0.204618,0,0.182826,0,0.0167253,0,-4.24583,-6.25623,0.395949,-68.2078,-87.9697,8.19203,0.58
0.581,0.202385,0,0.179964,0,0.0164543,0,-4.31386,-6.34457,0.397616,-63.9781,-84.0326,7.79891,0.581
0.582,0.200265,0,0.177453,0,0.0161968,0,-4.37768,-6.42895,0.39908,-60.1408,-80.2691,7.45584,0.582
0.583,0.19825,0,0.175272,0,0.0159522,0,-4.43767,-6.50955,0.400396,-56.6768,-76.669,7.1601,0.583
0.584,0.196336,0,0.173343,0,0.0157199,0,-4.49421,-6.58655,0.40161,-53.5646,-73.2232,6.90865,0.584
0.585,0.194518,0,0.171581,0,0.0154991,0,-4.54764,-6.66009,0.402767,-50.7607,-69.9267,6.69474,0.585
0.586,0.192791,0,0.169942,0,0.0152894,0,-4.59827,-6.73032,0.403904,-48.2075,-66.7774,6.50926,0.586
0.587,0.19115,0,0.168404,0,0.0150902,0,-4.64634,-6.79741,0.405047,-45.8555,-63.7727,6.3445,0.587
0.588,0.189591,0,0.166951,0,0.0149009,0,-4.69206,-6.86149,0.406213,-43.6676,-60.9091,6.19475,0.588
0.589,0.188111,0,0.165575,0,0.0147211,0,-4.73558,-6.9227,0.407413,-41.6172,-58.1816,6.05613,0.589
0.59,0.186704,0,0.16427,0,0.0145503,0,-4.77705,-6.98118,0.408655,-39.6858,-55.5849,5.926,0.59
0.591,0.185367,0,0.163031,0,0.0143881,0,-4.81658,-7.03707,0.40994,-37.8601,-53.1133,5.80265,0.591
0.592,0.184098,0,0.161855,0,0.0142339,0,-4.85428,-7.09048,0.411273,-36.1302,-50.761,5.68493,0.592
0.593,0.182891,0,0.160738,0,0.0140875,0,-4.89024,-7.14154,0.412652,-34.4886,-48.5221,5.57204,0.593
0.594,0.181745,0,0.159677,0,0.0139484,0,-4.92455,-7.19036,0.414079,-32.9293,-46.3911,5.46343,0.594
0.595,0.180657,0,0.15867,0,0.0138162,0,-4.9573,-7.23705,0.415551,-31.4472,-44.3626,5.35868,0.595
0.596,0.179623,0,0.157712,0,0.0136906,0,-4.98855,-7.28171,0.417069,-30.0377,-42.4315,5.25747,0.596
0.597,0.17864,0,0.156803,0,0.0135713,0,-5.01839,-7.32443,0.418629,-28.697,-40.5928,5.15954,0.597
0.598,0.177707,0,0.155939,0,0.013458,0,-5.04688,-7.36532,0.420231,-27.4213,-38.8419,5.06467,0.598
0.599,0.17682,0,0.155118,0,0.0133504,0,-5.07409,-7.40446,0.421873,-26.2072,-37.1743,4.97266,0.599
0.6,0.175978,0,0.154338,0,0.0132481,0,-5.10009,-7.44193,0.423552,-25.0516,-35.5859,4.88334,0.6
0.601,0.175178,0,0.153597,0,0.0131509,0,-5.12491,-7.47781,0.425267,-23.9514,-34.0726,4.79656,0.601
0.602,0.174418,0,0.152893,0,0.0130586,0,-5.14864,-7.51217,0.427016,-22.9039,-32.6307,4.71218,0.602
0.603,0.173695,0,0.152225,0,0.012971,0,-5.17131,-7.54509,0.428796,-21.9064,-31.2567,4.63007,0.603
0.604,0.173009,0,0.15159,0,0.0128877,0,-5.19298,-7.57664,0.430605,-20.9563,-29.9471,4.55011,0.604
0.605,0.172358,0,0.150986,0,0.0128085,0,-5.21369,-7.60688,0.432442,-20.0513,-28.6987,4.47219,0.605
0.606,0.171738,0,0.150413,0,0.0127334,0,-5.2335,-7.63586,0.434305,-19.1891,-27.5085,4.39622,0.606
0.607,0.17115,0,0.149868,0,0.0126619,0,-5.25244,-7.66366,0.43619,-18.3676,-26.3736,4.32209,0.607
0.608,0.170591,0,0.149351,0,0.0125941,0,-5.27055,-7.69032,0.438097,-17.5847,-25.2912,4.24973,0.608
0.609,0.17006,0,0.14886,0,0.0125296,0,-5.28788,-7.71589,0.440022,-16.8386,-24.2588,4.17906,0.609
0.61,0.169556,0,0.148393,0,0.0124684,0,-5.30445,-7.74043,0.441966,-16.1274,-23.2739,4.10999,0.61
0.611,0.169077,0,0.147949,0,0.0124102,0,-5.32032,-7.76399,0.443924,-15.4493,-22.3341,4.04246,0.611
0.612,0.168622,0,0.147528,0,0.012355,0,-5.3355,-7.7866,0.445896,-14.8028,-21.4373,3.97641,0.612
0.613,0.168189,0,0.147127,0,0.0123025,0,-5.35003,-7.80831,0.447881,-14.1863,-20.5813,3.91177,0.613
0.614,0.167779,0,0.146747,0,0.0114773,0,-5.36395,-7.82917,0.449875,-13.5983,-19.7642,3.8485,0.614
0.615,0.161322,0,0.14077,0,0.011081,0,-5.37728,-7.84921,0.451877,-13.1062,-18.9903,3.9618,0.615
0.616,0.158221,0,0.137899,0,0.0108829,0,-5.39008,-7.86849,0.454063,-10.8009,-15.8087,3.76584,0.616
0.617,0.156671,0,0.136464,0,0.0107838,0,-5.40057,-7.88458,0.456348,-8.54715,-12.7195,3.53087,0.617
0.618,0.155896,0,0.135746,0,0.0107343,0,-5.4088,-7.89757,0.458689,-6.80273,-10.3312,3.33109,0.618
0.619,0.155508,0,0.135387,0,0.0107095,0,-5.41528,-7.90817,0.461053,-5.57698,-8.65087,3.17785,0.619
0.62,0.155314,0,0.135208,0,0.0106971,0,-5.42053,-7.91708,0.463423,-4.75491,-7.51976,3.06325,0.62
0.621,0.155218,0,0.135118,0,0.0106909,0,-5.42496,-7.92486,0.465785,-4.21375,-6.77026,2.9762,0.621
0.622,0.155169,0,0.135073,0,0.0106878,0,-5.42885,-7.93188,0.46813,-3.8565,-6.27038,2.90737,0.622
0.623,0.155145,0,0.135051,0,0.0106863,0,-5.43238,-7.9384,0.470453,-3.61524,-5.92788,2.85012,0.623
0.624,0.155133,0,0.13504,0,0.0106855,0,-5.43568,-7.94457,0.472752,-3.44539,-5.6823,2.80008,0.624
0.625,0.155127,0,0.135034,0,0.0106851,0,-5.43881,-7.95049,0.475023,-3.31888,-5.49558,2.75451,0.625
0.626,0.155124,0,0.135031,0,0.0106849,0,-5.44182,-7.95622,0.477265,-3.21851,-5.34441,2.71178,0.626
0.627,0.155122,0,0.13503,0,0.0106848,0,-5.44473,-7.9618,0.479479,-3.13392,-5.21482,2.67088,0.627
0.628,0.155121,0,0.135029,0,0.0106848,0,-5.44756,-7.96725,0.481664,-3.05901,-5.09853,2.63126,0.628
0.629,0.155121,0,0.135029,0,0.0106848,0,-5.45032,-7.97257,0.483821,-2.99019,-4.99068,2.59258,0.629
0.63,0.155121,0,0.135029,0,0.0106848,0,-5.45302,-7.97779,0.485948,-2.92537,-4.88845,2.55465,0.63
0.631,0.155121,0,0.135029,0,0.0106847,0,-5.45565,-7.98289,0.488047,-2.86335,-4.79022,2.51737,0.631
0.632,0.155121,0,0.135029,0,0.0106847,0,-5.45823,-7.9879,0.490118,-2.80343,-4.69502,2.48066,0.632
0.633,0.155121,0,0.135029,0,0.0106847,0,-5.46075,-7.99281,0.49216,-2.74521,-4.60232,2.4445,0.633
0.634,0.155121,0,0.135029,0,0.0106847,0,-5.46321,-7.99763,0.494175,-2.68843,-4.51179,2.40886,0.634
0.635,0.155121,0,0.135029,0,0.0106847,0,-5.46563,-8.00235,0.496163,-2.63296,-4.42322,2.37371,0.635
0.636,0.155121,0,0.135029,0,0.0106847,0,-5.46799,-8.00698,0.498124,-2.57871,-4.33649,2.33907,0.636
0.637,0.155121,0,0.135029,0,0.0106847,0,-5.47029,-8.01152,0.500058,-2.52561,-4.25152,2.3049,0.637
0.638,0.155121,0,0.135029,0,0.0106847,0,-5.47255,-8.01597,0.501965,-2.47362,-4.16824,2.27121,0.638
0.639,0.155121,0,0.135029,0,0.0106847,0,-5.47477,-8.02033,0.503847,-2.4227,-4.08662,2.23798,0.639
0.64,0.155121,0,0.135029,0,0.0106847,0,-5.47693,-8.02461,0.505703,-2.37283,-4.00659,2.20522,0.64
0.641,0.155121,0,0.135029,0,0.0106847,0,-5.47905,-8.02881,0.507534,-2.32399,-3.92814,2.17291,0.641
0.642,0.155121,0,0.135029,0,0.0106847,0,-5.48112,-8.03293,0.509339,-2.27614,-3.85123,2.14105,0.642
0.643,0.155121,0,0.135029,0,0.0106847,0,-5.48315,-8.03697,0.51112,-2.22927,-3.77582,2.10964,0.643
0.644,0.155121,0,0.135029,0,0.0106847,0,-5.48513,-8.04093,0.512877,-2.18337,-3.70188,2.07866,0.644
0.645,0.155121,0,0.135029,0,0.0106847,0,-5.48707,-8.04481,0.514609,-2.1384,-3.6294,2.04812,0.645
0.646,0.155121,0,0.135029,0,0.0106847,0,-5.48897,-8.04862,0.516318,-2.09434,-3.55833,2.018,0.646
0.647,0.155121,0,0.135029,0,0.0106847,0,-5.49083,-8.05236,0.518002,-2.05119,-3.48865,1.9883,0.647
0.648,0.155121,0,0.135029,0,0.0106847,0,-5.49265,-8.05602,0.519664,-2.00893,-3.42033,1.95902,0.648
0.649,0.155121,0,0.135029,0,0.0106847,0,-5.49443,-8.05961,0.521303,-1.96752,-3.35335,1.93015,0.649
0.65,0.155121,0,0.135029,0,0.0106847,0,-5.49617,-8.06313,0.522919,-1.92697,-3.28768,1.90168,0.65
0.651,0.155121,0,0.135029,0,0.0106847,0,-5.49787,-8.06659,0.524513,-1.88724,-3.22329,1.87362,0.651
0.652,0.155121,0,0.135029,0,0.0106847,0,-5.49954,-8.06998,0.526085,-1.84833,-3.16016,1.84595,0.652
0.653,0.155121,0,0.135029,0,0.0106847,0,-5.50117,-8.0733,0.527635,-1.81021,-3.09827,1.81866,0.653
0.654,0.155121,0,0.135029,0,0.0106847,0,-5.50276,-8.07656,0.529163,-1.77287,-3.03759,1.79177,0.654
0.655,0.155121,0,0.135029,0,0.0106847,0,-5.50432,-8.07975,0.53067,-1.7363,-2.97809,1.76525,0.655
0.656,0.155121,0,0.135029,0,0.0106847,0,-5.50585,-8.08289,0.532156,-1.70047,-2.91976,1.7391,0.656
0.657,0.155121,0,0.135029,0,0.0106847,0,-5.50735,-8.08596,0.533622,-1.66538,-2.86257,1.71333,0.657
0.658,0.155121,0,0.135029,0,0.0106847,0,-5.50881,-8.08897,0.535067,-1.63101,-2.80651,1.68792,0.658
0.659,0.155121,0,0.135029,0,0.0106847,0,-5.51024,-8.09193,0.536492,-1.59734,-2.75153,1.66287,0.659
0.66,0.155121,0,0.135029,0,0.0106847,0,-5.51164,-8.09483,0.537897,-1.56436,-2.69764,1.63817,0.66
0.661,0.155121,0,0.135029,0,0.0106847,0,-5.51301,-8.09767,0.539282,-1.53205,-2.64479,1.61383,0.661
0.662,0.155121,0,0.135029,0,0.0106847,0,-5.51435,-8.10046,0.540648,-1.50041,-2.59299,1.58983,0.662
0.663,0.155121,0,0.135029,0,0.0106847,0,-5.51566,-8.10319,0.541995,-1.46942,-2.54219,1.56617,0.663
0.664,0.155121,0,0.135029,0,0.0106847,0,-5.51694,-8.10587,0.543323,-1.43906,-2.49239,1.54284,0.664
0.665,0.155121,0,0.135029,0,0.0106847,0,-5.51819,-8.1085,0.544632,-1.40932,-2.44357,1.51985,0.665
0.666,0.155121,0,0.135029,0,0.0106847,0,-5.51942,-8.11108,0.545922,-1.38019,-2.3957,1.49719,0.666
0.667,0.155121,0,0.135029,0,0.0106847,0,-5.52062,-8.11361,0.547195,-1.35166,-2.34876,1.47485,0.667
0.668,0.155121,0,0.135029,0,0.0106847,0,-5.5218,-8.11609,0.54845,-1.32372,-2.30275,1.45283,0.668
0.669,0.155121,0,0.135029,0,0.0106847,0,-5.52295,-8.11852,0.549687,-1.29634,-2.25764,1.43113,0.669
0.67,0.155121,0,0.135029,0,0.0106847,0,-5.52407,-8.12091,0.550906,-1.26953,-2.21341,1.40973,0.67
0.671,0.155121,0,0.135029,0,0.0106847,0,-5.52517,-8.12324,0.552108,-1.24327,-2.17004,1.38865,0.671
0.672,0.155121,0,0.135029,0,0.0106847,0,-5.52625,-8.12554,0.553293,-1.21755,-2.12753,1.36786,0.672
0.673,0.155121,0,0.135029,0,0.0106847,0,-5.5273,-8.12779,0.554462,-1.19236,-2.08585,1.34737,0.673
0.674,0.155121,0,0.135029,0,0.0106847,0,-5.52833,-8.12999,0.555613,-1.16768,-2.04498,1.32718,0.674
0.675,0.155121,0,0.135029,0,0.0106847,0,-5.52933,-8.13216,0.556749,-1.14351,-2.00491,1.30727,0.675
0.676,0.155121,0,0.135029,0,0.0106847,0,-5.53032,-8.13428,0.557868,-1.11983,-1.96563,1.28766,0.676
0.677,0.155121,0,0.135029,0,0.0106847,0,-5.53128,-8.13636,0.558971,-1.09664,-1.92712,1.26832,0.677
0.678,0.155121,0,0.135029,0,0.0106847,0,-5.53223,-8.1384,0.560059,-1.07393,-1.88936,1.24927,0.678
0.679,0.155121,0,0.135029,0,0.0106847,0,-5.53315,-8.1404,0.561131,-1.05168,-1.85234,1.23049,0.679
0.68,0.155121,0,0.135029,0,0.0106847,0,-5.53405,-8.14236,0.562188,-1.02989,-1.81605,1.21198,0.68
0.681,0.155121,0,0.135029,0,0.0106847,0,-5.53493,-8.14429,0.56323,-1.00855,-1.78047,1.19373,0.681
0.682,0.155121,0,0.135029,0,0.0106847,0,-5.5358,-8.14617,0.564256,-0.987648,-1.74558,1.17576,0.682
0.683,0.155121,0,0.135029,0,0.0106847,0,-5.53664,-8.14803,0.565268,-0.967174,-1.71138,1.15804,0.683
0.684,0.155121,0,0.135029,0,0.0106847,0,-5.53747,-8.14984,0.566266,-0.947121,-1.67784,1.14058,0.684
0.685,0.155121,0,0.135029,0,0.0106847,0,-5.53827,-8.15162,0.567249,-0.927479,-1.64497,1.12337,0.685
0.686,0.155121,0,0.135029,0,0.0106847,0,-5.53906,-8.15337,0.568219,-0.908242,-1.61274,1.10641,0.686
0.687,0.155121,0,0.135029,0,0.0106847,0,-5.53984,-8.15508,0.569174,-0.8894,-1.58113,1.0897,0.687
0.688,0.155121,0,0.135029,0,0.0106847,0,-5.54059,-8.15676,0.570115,-0.870945,-1.55015,1.07323,0.688
0.689,0.155121,0,0.135029,0,0.0106847,0,-5.54133,-8.1584,0.571043,-0.85287,-1.51978,1.057,0.689
0.69,0.155121,0,0.135029,0,0.0106847,0,-5.54205,-8.16002,0.571958,-0.835167,-1.49,1.04101,0.69
0.691,0.155121,0,0.135029,0,0.0106847,0,-5.54276,-8.1616,0.572859,-0.817828,-1.4608,1.02525,0.691
0.692,0.155121,0,0.135029,0,0.0106847,0,-5.54345,-8.16316,0.573747,-0.800845,-1.43218,1.00972,0.692
0.693,0.155121,0,0.135029,0,0.0106847,0,-5.54413,-8.16468,0.574623,-0.784212,-1.40411,0.994412,0.693
0.694,0.155121,0,0.135029,0,0.0106847,0,-5.54479,-8.16617,0.575486,-0.767922,-1.3766,0.979332,0.694
0.695,0.155121,0,0.135029,0,0.0106847,0,-5.54544,-8.16764,0.576336,-0.751966,-1.34962,0.964473,0.695
0.696,0.155121,0,0.135029,0,0.0106847,0,-5.54607,-8.16907,0.577174,-0.736339,-1.32317,0.949831,0.696
0.697,0.155121,0,0.135029,0,0.0106847,0,-5.54669,-8.17048,0.578,-0.721034,-1.29725,0.935403,0.697
0.698,0.155121,0,0.135029,0,0.0106847,0,-5.5473,-8.17186,0.578814,-0.706044,-1.27183,0.921187,0.698
0.699,0.155121,0,0.135029,0,0.0106847,0,-5.54789,-8.17322,0.579616,-0.691363,-1.2469,0.90718,0.699
0.7,0.155121,0,0.135029,0,0.0106847,0,-5.54847,-8.17455,0.580406,-0.676984,-1.22247,0.893378,0.7
0.701,0.155121,0,0.135029,0,0.0106847,0,-5.54903,-8.17585,0.581185,-0.662901,-1.19851,0.879778,0.701
0.702,0.155121,0,0.135029,0,0.0106847,0,-5.54959,-8.17713,0.581953,-0.649109,-1.17503,0.866379,0.702
0.703,0.155121,0,0.135029,0,0.0106847,0,-5.55013,-8.17838,0.582709,-0.6356,-1.152,0.853177,0.703
0.704,0.155121,0,0.135029,0,0.0106847,0,-5.55066,-8.17961,0.583455,-0.622371,-1.12942,0.840169,0.704
0.705,0.155121,0,0.135029,0,0.0106847,0,-5.55118,-8.18082,0.584189,-0.609413,-1.10729,0.827353,0.705
0.706,0.155121,0,0.135029,0,0.0106847,0,-5.55168,-8.182,0.584913,-0.596723,-1.08559,0.814726,0.706
0.707,0.155121,0,0.135029,0,0.0106847,0,-5.55218,-8.18316,0.585626,-0.584295,-1.06432,0.802285,0.707
0.708,0.155121,0,0.135029,0,0.0106847,0,-5.55266,-8.18429,0.586329,-0.572123,-1.04346,0.790028,0.708
0.709,0.155121,0,0.135029,0,0.0106847,0,-5.55314,-8.18541,0.587021,-0.560202,-1.02301,0.777953,0.709
0.71,0.155121,0,0.135029,0,0.0106847,0,-5.5536,-8.1865,0.587703,-0.548527,-1.00297,0.766055,0.71
0.711,0.155121,0,0.135029,0,0.0106847,0,-5.55405,-8.18758,0.588376,-0.537093,-0.983312,0.754334,0.711
0.712,0.155121,0,0.135029,0,0.0106847,0,-5.55449,-8.18863,0.589038,-0.525895,-0.964042,0.742787,0.712
0.713,0.155121,0,0.135029,0,0.0106847,0,-5.55493,-8.18966,0.589691,-0.514928,-0.945151,0.73141,0.713
0.714,0.155121,0,0.135029,0,0.0106847,0,-5.55535,-8.19067,0.590334,-0.504188,-0.926629,0.720203,0.714
0.715,0.155121,0,0.135029,0,0.0106847,0,-5.55576,-8.19166,0.590967,-0.493669,-0.90847,0.709161,0.715
0.716,0.155121,0,0.135029,0,0.0106847,0,-5.55617,-8.19263,0.591591,-0.483367,-0.890667,0.698284,0.716
0.717,0.155121,0,0.135029,0,0.0106847,0,-5.55656,-8.19359,0.592207,-0.473278,-0.873213,0.687568,0.717
0.718,0.155121,0,0.135029,0,0.0106847,0,-5.55695,-8.19452,0.592812,-0.463398,-0.856101,0.677012,0.718
0.719,0.155121,0,0.135029,0,0.0106847,0,-5.55733,-8.19544,0.59341,-0.453722,-0.839324,0.666613,0.719
0.72,0.155121,0,0.135029,0,0.0106847,0,-5.5577,-8.19634,0.593998,-0.444246,-0.822877,0.656368,0.72
0.721,0.155121,0,0.135029,0,0.0106847,0,-5.55806,-8.19722,0.594577,-0.434965,-0.806751,0.646277,0.721
0.722,0.155121,0,0.135029,0,0.0106847,0,-5.55842,-8.19809,0.595148,-0.425877,-0.790942,0.636336,0.722
0.723,0.155121,0,0.135029,0,0.0106847,0,-5.55876,-8.19894,0.595711,-0.416976,-0.775442,0.626543,0.723
0.724,0.155121,0,0.135029,0,0.0106847,0,-5.5591,-8.19977,0.596265,-0.408259,-0.760246,0.616897,0.724
0.725,0.155121,0,0.135029,0,0.0106847,0,-5.55943,-8.20059,0.596811,-0.399723,-0.745348,0.607394,0.725
0.726,0.155121,0,0.135029,0,0.0106847,0,-5.55975,-8.20139,0.597349,-0.391363,-0.730742,0.598034,0.726
0.727,0.155121,0,0.135029,0,0.0106847,0,-5.56007,-8.20217,0.597878,-0.383176,-0.716422,0.588814,0.727
0.728,0.155121,0,0.135029,0,0.0106847,0,-5.56038,-8.20294,0.5984,-0.375159,-0.702383,0.579732,0.728
0.729,0.155121,0,0.135029,0,0.0106847,0,-5.56068,-8.2037,0.598915,-0.367308,-0.688619,0.570786,0.729
0.73,0.155121,0,0.135029,0,0.0106847,0,-5.56097,-8.20444,0.599421,-0.359619,-0.675124,0.561974,0.73
0.731,0.155121,0,0.135029,0,0.0106847,0,-5.56126,-8.20517,0.59992,-0.352089,-0.661895,0.553294,0.731
0.732,0.155121,0,0.135029,0,0.0106847,0,-5.56154,-8.20588,0.600412,-0.344715,-0.648924,0.544745,0.732
0.733,0.155121,0,0.135029,0,0.0106847,0,-5.56182,-8.20658,0.600896,-0.337494,-0.636208,0.536324,0.733
0.734,0.155121,0,0.135029,0,0.0106847,0,-5.56209,-8.20726,0.601373,-0.330422,-0.623741,0.528029,0.734
0.735,0.155121,0,0.135029,0,0.0106847,0,-5.56235,-8.20793,0.601843,-0.323497,-0.611518,0.519859,0.735
0.736,0.155121,0,0.135029,0,0.0106847,0,-5.56261,-8.20859,0.602306,-0.316716,-0.599535,0.511813,0.736
0.737,0.155121,0,0.135029,0,0.0106847,0,-5.56286,-8.20924,0.602762,-0.310075,-0.587787,0.503887,0.737
0.738,0.155121,0,0.135029,0,0.0106847,0,-5.56311,-8.20987,0.603211,-0.303572,-0.576269,0.496081,0.738
0.739,0.155121,0,0.135029,0,0.0106847,0,-5.56335,-8.2105,0.603653,-0.297203,-0.564976,0.488392,0.739
0.74,0.155121,0,0.135029,0,0.0106847,0,-5.56358,-8.21111,0.604089,-0.290967,-0.553905,0.48082,0.74
0.741,0.155121,0,0.135029,0,0.0106847,0,-5.56381,-8.2117,0.604518,-0.28486,-0.543051,0.473361,0.741
0.742,0.155121,0,0.135029,0,0.0106847,0,-5.56404,-8.21229,0.604941,-0.27888,-0.53241,0.466016,0.742
0.743,0.155121,0,0.135029,0,0.0106847,0,-5.56426,-8.21286,0.605358,-0.273024,-0.521978,0.458781,0.743
0.744,0.155121,0,0.135029,0,0.0106847,0,-5.56447,-8.21343,0.605768,-0.267289,-0.511749,0.451656,0.744
0.745,0.155121,0,0.135029,0,0.0106847,0,-5.56468,-8.21398,0.606172,-0.261673,-0.501722,0.444639,0.745
0.746,0.155121,0,0.135029,0,0.0106847,0,-5.56488,-8.21452,0.60657,-0.256174,-0.491891,0.437727,0.746
0.747,0.155121,0,0.135029,0,0.0106847,0,-5.56508,-8.21506,0.606962,-0.250789,-0.482252,0.430921,0.747
0.748,0.155121,0,0.135029,0,0.0106847,0,-5.56528,-8.21558,0.607348,-0.245516,-0.472803,0.424218,0.748
0.749,0.155121,0,0.135029,0,0.0106847,0,-5.56547,-8.21609,0.607728,-0.240353,-0.463538,0.417616,0.749
0.75,0.155121,0,0.135029,0,0.0106847,0,-5.56566,-8.21659,0.608103,-0.235297,-0.454456,0.411114,0.75
0.751,0.155121,0,0.135029,0,0.0106847,0,-5.56584,-8.21708,0.608472,-0.230346,-0.445551,0.404711,0.751
0.752,0.155121,0,0.135029,0,0.0106847,0,-5.56602,-8.21757,0.608835,-0.225497,-0.436821,0.398406,0.752
0.753,0.155121,0,0.135029,0,0.0106847,0,-5.56619,-8.21804,0.609193,-0.22075,-0.428262,0.392196,0.753
0.754,0.155121,0,0.135029,0,0.0106847,0,-5.56636,-8.2185,0.609545,-0.216101,-0.41987,0.386081,0.754
0.755,0.155121,0,0.135029,0,0.0106847,0,-5.56653,-8.21896,0.609892,-0.211549,-0.411643,0.380058,0.755
0.756,0.155121,0,0.135029,0,0.0106847,0,-5.56669,-8.21941,0.610234,-0.207092,-0.403578,0.374128,0.756
0.757,0.155121,0,0.135029,0,0.0106847,0,-5.56685,-8.21984,0.610571,-0.202727,-0.39567,0.368287,0.757
0.758,0.155121,0,0.135029,0,0.0106847,0,-5.56701,-8.22027,0.610902,-0.198454,-0.387918,0.362536,0.758
0.759,0.155121,0,0.135029,0,0.0106847,0,-5.56716,-8.22069,0.611229,-0.194269,-0.380317,0.356872,0.759
0.76,0.155121,0,0.135029,0,0.0106847,0,-5.56731,-8.22111,0.611551,-0.190171,-0.372866,0.351295,0.76
0.761,0.155121,0,0.135029,0,0.0106847,0,-5.56745,-8.22151,0.611867,-0.186159,-0.36556,0.345803,0.761
0.762,0.155121,0,0.135029,0,0.0106847,0,-5.56759,-8.22191,0.612179,-0.18223,-0.358398,0.340395,0.762
0.763,0.155121,0,0.135029,0,0.0106847,0,-5.56773,-8.2223,0.612486,-0.178383,-0.351376,0.335069,0.763
0.764,0.155121,0,0.135029,0,0.0106847,0,-5.56787,-8.22268,0.612789,-0.174616,-0.344492,0.329825,0.764
0.765,0.155121,0,0.135029,0,0.0106847,0,-5.568,-8.22306,0.613087,-0.170928,-0.337742,0.324661,0.765
0.766,0.155121,0,0.135029,0,0.0106847,0,-5.56813,-8.22342,0.61338,-0.167317,-0.331125,0.319576,0.766
0.767,0.155121,0,0.135029,0,0.0106847,0,-5.56825,-8.22379,0.613669,-0.163781,-0.324638,0.314568,0.767
0.768,0.155121,0,0.135029,0,0.0106847,0,-5.56838,-8.22414,0.613954,-0.160318,-0.318277,0.309638,0.768
0.769,0.155121,0,0.135029,0,0.0106847,0,-5.5685,-8.22449,0.614234,-0.156928,-0.312042,0.304783,0.769
0.77,0.155121,0,0.135029,0,0.0106847,0,-5.56862,-8.22483,0.61451,-0.153609,-0.305929,0.300002,0.77
0.771,0.155121,0,0.135029,0,0.0106847,0,-5.56873,-8.22516,0.614781,-0.150359,-0.299935,0.295295,0.771
0.772,0.155121,0,0.135029,0,0.0106847,0,-5.56884,-8.22549,0.615049,-0.147176,-0.294059,0.29066,0.772
0.773,0.155121,0,0.135029,0,0.0106847,0,-5.56895,-8.22581,0.615312,-0.14406,-0.288298,0.286096,0.773
0.774,0.155121,0,0.135029,0,0.0106847,0,-5.56906,-8.22612,0.615572,-0.14101,-0.28265,0.281603,0.774
0.775,0.155121,0,0.135029,0,0.0106847,0,-5.56916,-8.22643,0.615827,-0.138023,-0.277113,0.277178,0.775
0.776,0.155121,0,0.135029,0,0.0106847,0,-5.56927,-8.22673,0.616079,-0.135098,-0.271684,0.272822,0.776
0.777,0.155121,0,0.135029,0,0.0106847,0,-5.56936,-8.22703,0.616327,-0.132234,-0.266362,0.268532,0.777
0.778,0.155121,0,0.135029,0,0.0106847,0,-5.56946,-8.22732,0.61657,-0.129431,-0.261143,0.264308,0.778
0.779,0.155121,0,0.135029,0,0.0106847,0,-5.56956,-8.22761,0.616811,-0.126686,-0.256028,0.26015,0.779
0.78,0.155121,0,0.135029,0,0.0106847,0,-5.56965,-8.22789,0.617047,-0.123998,-0.251012,0.256055,0.78
0.781,0.155121,0,0.135029,0,0.0106847,0,-5.56974,-8.22816,0.61728,-0.121366,-0.246095,0.252024,0.781
0.782,0.155121,0,0.135029,0,0.0106847,0,-5.56983,-8.22843,0.617509,-0.11879,-0.241274,0.248055,0.782
0.783,0.155121,0,0.135029,0,0.0106847,0,-5.56992,-8.2287,0.617735,-0.116267,-0.236548,0.244147,0.783
0.784,0.155121,0,0.135029,0,0.0106847,0,-5.57,-8.22895,0.617957,-0.113798,-0.231914,0.240299,0.784
0.785,0.155121,0,0.135029,0,0.0106847,0,-5.57008,-8.22921,0.618176,-0.11138,-0.227371,0.236511,0.785
0.786,0.155121,0,0.135029,0,0.0106847,0,-5.57016,-8.22946,0.618392,-0.109012,-0.222917,0.232781,0.786
0.787,0.155121,0,0.135029,0,0.0106847,0,-5.57024,-8.2297,0.618604,-0.106694,-0.218551,0.229109,0.787
0.788,0.155121,0,0.135029,0,0.0106847,0,-5.57032,-8.22994,0.618813,-0.104425,-0.21427,0.225494,0.788
0.789,0.155121,0,0.135029,0,0.0106847,0,-5.57039,-8.23018,0.619019,-0.102203,-0.210072,0.221934,0.789
0.79,0.155121,0,0.135029,0,0.0106847,0,-5.57047,-8.23041,0.619221,-0.100028,-0.205958,0.21843,0.79
0.791,0.155121,0,0.135029,0,0.0106847,0,-5.57054,-8.23063,0.619421,-0.0978986,-0.201923,0.21498,0.791
0.792,0.155121,0,0.135029,0,0.0106847,0,-5.57061,-8.23086,0.619617,-0.0958137,-0.197968,0.211583,0.792
0.793,0.155121,0,0.135029,0,0.0106847,0,-5.57068,-8.23107,0.619811,-0.0937726,-0.194091,0.208239,0.793
0.794,0.155121,0,0.135029,0,0.0106847,0,-5.57074,-8.23129,0.620001,-0.0917742,-0.190289,0.204947,0.794
0.795,0.155121,0,0.135029,0,0.0106847,0,-5.57081,-8.2315,0.620188,-0.0898178,-0.186562,0.201706,0.795
0.796,0.155121,0,0.135029,0,0.0106847,0,-5.57087,-8.2317,0.620373,-0.0879024,-0.182908,0.198515,0.796
0.797,0.155121,0,0.135029,0,0.0106847,0,-5.57093,-8.2319,0.620555,-0.0860273,-0.179325,0.195374,0.797
0.798,0.155121,0,0.135029,0,0.0106847,0,-5.57099,-8.2321,0.620734,-0.0841915,-0.175813,0.192281,0.798
0.799,0.155121,0,0.135029,0,0.0106847,0,-5.57105,-8.23229,0.62091,-0.0823943,-0.172369,0.189237,0.799
0,0.155121,0,0.135029,0,0.0106847,0,-5.57111,-8.23248,0.621083,-0.0806348,-0.168993,0.186239,0.8
