BST,AMR,ALR,AIR,ASR,ASO,AIO,RX,RY,RZ,RXu,RYu,RZu,SST
0,0,0,0,0,0,0,0,0,0,0,0,0,0
0,0,0,0,0,0,0,0,0,0,0,0,0,0
0,0,0,0,0,0,0,0,0,0,0,0,0,0
0.001,0,0,0,0,0,0,0,0,0,0,0,0,0.001
0.002,0,0,0,0,0,0,0,0,0,0,0,0,0.002
0.003,0,0,0,0,0,0,0,0,0,0,0,0,0.003
0.004,0,0,0,0,0,0,0,0,0,0,0,0,0.004
0.005,0,0,0,0,0,0,0,0,0,0,0,0,0.005
0.006,0,0,0,0,0,0,0,0,0,0,0,0,0.006
0.007,0,0,0,0,0,0,0,0,0,0,0,0,0.007
0.008,0,0,0,0,0,0,0,0,0,0,0,0,0.008
0.009,0,0,0,0,0,0,0,0,0,0,0,0,0.009
0.01,0,0,0,0,0,0,0,0,0,0,0,0,0.01
0.011,0,0,0,0,0,0,0,0,0,0,0,0,0.011
0.012,0,0,0,0,0,0,0,0,0,0,0,0,0.012
0.013,0,0,0,0,0,0,0,0,0,0,0,0,0.013
0.014,0,0,0,0,0,0,0,0,0,0,0,0,0.014
0.015,0,0,0,0,0,0,0,0,0,0,0,0,0.015
0.016,0,0,0,0,0,0,0,0,0,0,0,0,0.016
0.017,0,0,0,0,0,0,0,0,0,0,0,0,0.017
0.018,0,0,0,0,0,0,0,0,0,0,0,0,0.018
0.019,0,0,0,0,0,0,0,0,0,0,0,0,0.019
0.02,0,0,0,0,0,0,0,0,0,0,0,0,0.02
0.021,0,0,0,0,0,0,0,0,0,0,0,0,0.021
0.022,0,0,0,0,0,0,0,0,0,0,0,0,0.022
0.023,0,0,0,0,0,0,0,0,0,0,0,0,0.023
0.024,0,0,0,0,0,0,0,0,0,0,0,0,0.024
0.025,0,0,0,0,0,0,0,0,0,0,0,0,0.025
0.026,0,0,0,0,0,0,0,0,0,0,0,0,0.026
0.027,0,0,0,0,0,0,0,0,0,0,0,0,0.027
0.028,0,0,0,0,0,0,0,0,0,0,0,0,0.028
0.029,0,0,0,0,0,0,0,0,0,0,0,0,0.029
0.03,0,0,0,0,0,0,0,0,0,0,0,0,0.03
0.031,0,0,0,0,0,0,0,0,0,0,0,0,0.031
0.032,0,0,0,0,0,0,0,0,0,0,0,0,0.032
0.033,0,0,0,0,0,0,0,0,0,0,0,0,0.033
0.034,0,0,0,0,0,0,0,0,0,0,0,0,0.034
0.035,0,0,0,0,0,0,0,0,0,0,0,0,0.035
0.036,0,0,0,0,0,0,0,0,0,0,0,0,0.036
0.037,0,0,0,0,0,0,0,0,0,0,0,0,0.037
0.038,0,0,0,0,0,0,0,0,0,0,0,0,0.038
0.039,0,0,0,0,0,0,0,0,0,0,0,0,0.039
0.04,0,0,0,0,0,0,0,0,0,0,0,0,0.04
0.041,0,0,0,0,0,0,0,0,0,0,0,0,0.041
0.042,0,0,0,0,0,0,0,0,0,0,0,0,0.042
0.043,0,0,0,0,0,0,0,0,0,0,0,0,0.043
0.044,0,0,0,0,0,0,0,0,0,0,0,0,0.044
0.045,0,0,0,0,0,0,0,0,0,0,0,0,0.045
0.046,0,0,0,0,0,0,0,0,0,0,0,0,0.046
0.047,0,0,0,0,0,0,0,0,0,0,0,0,0.047
0.048,0,0,0,0,0,0,0,0,0,0,0,0,0.048
0.049,0,0,0,0,0,0,0,0,0,0,0,0,0.049
0.05,0,0,0,0,0,0,0,0,0,0,0,0,0.05
0.051,0,0,0,0,0,0,0,0,0,0,0,0,0.051
0.052,0,0,0,0,0,0,0,0,0,0,0,0,0.052
0.053,0,0,0,0,0,0,0,0,0,0,0,0,0.053
0.054,0,0,0,0,0,0,0,0,0,0,0,0,0.054
0.055,0,0,0,0,0,0,0,0,0,0,0,0,0.055
0.056,0,0,0,0,0,0,0,0,0,0,0,0,0.056
0.057,0,0,0,0,0,0,0,0,0,0,0,0,0.057
0.058,0,0,0,0,0,0,0,0,0,0,0,0,0.058
0.059,0,0,0,0,0,0,0,0,0,0,0,0,0.059
0.06,0,0,0,0,0,0,0,0,0,0,0,0,0.06
0.061,0,0,0,0,0,0,0,0,0,0,0,0,0.061
0.062,0,0,0,0,0,0,0,0,0,0,0,0,0.062
0.063,0,0,0,0,0,0,0,0,0,0,0,0,0.063
0.064,0,0,0,0,0,0,0,0,0,0,0,0,0.064
0.065,0,0,0,0,0,0,0,0,0,0,0,0,0.065
0.066,0,0,0,0,0,0,0,0,0,0,0,0,0.066
0.067,0,0,0,0,0,0,0,0,0,0,0,0,0.067
0.068,0,0,0,0,0,0,0,0,0,0,0,0,0.068
0.069,0,0,0,0,0,0,0,0,0,0,0,0,0.069
0.07,0,0,0,0,0,0,0,0,0,0,0,0,0.07
0.071,0,0,0,0,0,0,0,0,0,0,0,0,0.071
0.072,0,0,0,0,0,0,0,0,0,0,0,0,0.072
0.073,0,0,0,0,0,0,0,0,0,0,0,0,0.073
0.074,0,0,0,0,0,0,0,0,0,0,0,0,0.074
0.075,0,0,0,0,0,0,0,0,0,0,0,0,0.075
0.076,0,0,0,0,0,0,0,0,0,0,0,0,0.076
0.077,0,0,0,0,0,0,0,0,0,0,0,0,0.077
0.078,0,0,0,0,0,0,0,0,0,0,0,0,0.078
0.079,0,0,0,0,0,0,0,0,0,0,0,0,0.079
0.08,0,0,0,0,0,0,0,0,0,0,0,0,0.08
0.081,0,0,0,0,0,0,0,0,0,0,0,0,0.081
0.082,0,0,0,0,0,0,0,0,0,0,0,0,0.082
0.083,0,0,0,0,0,0,0,0,0,0,0,0,0.083
0.084,0,0,0,0,0,0,0,0,0,0,0,0,0.084
0.085,0,0,0,0,0,0,0,0,0,0,0,0,0.085
0.086,0,0,0,0,0,0,0,0,0,0,0,0,0.086
0.087,0,0,0,0,0,0,0,0,0,0,0,0,0.087
0.088,0,0,0,0,0,0,0,0,0,0,0,0,0.088
0.089,0,0,0,0,0,0,0,0,0,0,0,0,0.089
0.09,0,0,0,0,0,0,0,0,0,0,0,0,0.09
0.091,0,0,0,0,0,0,0,0,0,0,0,0,0.091
0.092,0,0,0,0,0,0,0,0,0,0,0,0,0.092
0.093,0,0,0,0,0,0,0,0,0,0,0,0,0.093
0.094,0,0,0,0,0,0,0,0,0,0,0,0,0.094
0.095,0,0,0,0,0,0,0,0,0,0,0,0,0.095
0.096,0,0,0,0,0,0,0,0,0,0,0,0,0.096
0.097,0,0,0,0,0,0,0,0,0,0,0,0,0.097
0.098,0,0,0,0,0,0,0,0,0,0,0,0,0.098
0.099,0,0,0,0,0,0,0,0,0,0,0,0,0.099
0.1,0,0,0,0,0,0,0,0,0,0,0,0,0.1
0.101,0,0,0,0,0,0,0,0,0,0,0,0,0.101
0.102,0,0,0,0,0,0,0,0,0,0,0,0,0.102
0.103,0,0,0,0,0,0,0,0,0,0,0,0,0.103
0.104,0,0,0,0,0,0,0,0,0,0,0,0,0.104
0.105,0,0,0,0,0,0,0,0,0,0,0,0,0.105
0.106,0,0,0,0,0,0,0,0,0,0,0,0,0.106
0.107,0,0,0,0,0,0,0,0,0,0,0,0,0.107
0.108,0,0,0,0,0,0,0,0,0,0,0,0,0.108
0.109,0,0,0,0,0,0,0,0,0,0,0,0,0.109
0.11,0,0,0,0,0,0,0,0,0,0,0,0,0.11
0.111,0,0,0,0,0,0,0,0,0,0,0,0,0.111
0.112,0,0,0,0,0,0,0,0,0,0,0,0,0.112
0.113,0,0,0,0,0,0,0,0,0,0,0,0,0.113
0.114,0,0,0,0,0,0,0,0,0,0,0,0,0.114
0.115,0,0,0,0,0,0,0,0,0,0,0,0,0.115
0.116,0,0,0,0,0,0,0,0,0,0,0,0,0.116
0.117,0,0,0,0,0,0,0,0,0,0,0,0,0.117
0.118,0,0,0,0,0,0,0,0,0,0,0,0,0.118
0.119,0,0,0,0,0,0,0,0,0,0,0,0,0.119
0.12,0,0,0,0,0,0,0,0,0,0,0,0,0.12
0.121,0,0,0,0,0,0,0,0,0,0,0,0,0.121
0.122,0,0,0,0,0,0,0,0,0,0,0,0,0.122
0.123,0,0,0,0,0,0,0,0,0,0,0,0,0.123
0.124,0,0,0,0,0,0,0,0,0,0,0,0,0.124
0.125,0,0,0,0,0,0,0,0,0,0,0,0,0.125
0.126,0,0,0,0,0,0,0,0,0,0,0,0,0.126
0.127,0,0,0,0,0,0,0,0,0,0,0,0,0.127
0.128,0,0,0,0,0,0,0,0,0,0,0,0,0.128
0.129,0,0,0,0,0,0,0,0,0,0,0,0,0.129
0.13,0,0,0,0,0,0,0,0,0,0,0,0,0.13
0.131,0,0,0,0,0,0,0,0,0,0,0,0,0.131
0.132,0,0,0,0,0,0,0,0,0,0,0,0,0.132
0.133,0,0,0,0,0,0,0,0,0,0,0,0,0.133
0.134,0,0,0,0,0,0,0,0,0,0,0,0,0.134
0.135,0,0,0,0,0,0,0,0,0,0,0,0,0.135
0.136,0,0,0,0,0,0,0,0,0,0,0,0,0.136
0.137,0,0,0,0,0,0,0,0,0,0,0,0,0.137
0.138,0,0,0,0,0,0,0,0,0,0,0,0,0.138
0.139,0,0,0,0,0,0,0,0,0,0,0,0,0.139
0.14,0,0,0,0,0,0,0,0,0,0,0,0,0.14
0.141,0,0,0,0,0,0,0,0,0,0,0,0,0.141
0.142,0,0,0,0,0,0,0,0,0,0,0,0,0.142
0.143,0,0,0,0,0,0,0,0,0,0,0,0,0.143
0.144,0,0,0,0,0,0,0,0,0,0,0,0,0.144
0.145,0,0,0,0,0,0,0,0,0,0,0,0,0.145
0.146,0,0,0,0,0,0,0,0,0,0,0,0,0.146
0.147,0,0,0,0,0,0,0,0,0,0,0,0,0.147
0.148,0,0,0,0,0,0,0,0,0,0,0,0,0.148
0.149,0,0,0,0,0,0,0,0,0,0,0,0,0.149
0.15,0,0,0,0,0,0,0,0,0,0,0,0,0.15
0.151,0,0,0,0,0,0,0,0,0,0,0,0,0.151
0.152,0,0,0,0,0,0,0,0,0,0,0,0,0.152
0.153,0,0,0,0,0,0,0,0,0,0,0,0,0.153
0.154,0,0,0,0,0,0,0,0,0,0,0,0,0.154
0.155,0,0,0,0,0,0,0,0,0,0,0,0,0.155
0.156,0,0,0,0,0,0,0,0,0,0,0,0,0.156
0.157,0,0,0,0,0,0,0,0,0,0,0,0,0.157
0.158,0,0,0,0,0,0,0,0,0,0,0,0,0.158
0.159,0,0,0,0,0,0,0,0,0,0,0,0,0.159
0.16,0,0,0,0,0,0,0,0,0,0,0,0,0.16
0.161,0,0,0,0,0,0,0,0,0,0,0,0,0.161
0.162,0,0,0,0,0,0,0,0,0,0,0,0,0.162
0.163,0,0,0,0,0,0,0,0,0,0,0,0,0.163
0.164,0,0,0,0,0,0,0,0,0,0,0,0,0.164
0.165,0,0,0,0,0,0,0,0,0,0,0,0,0.165
0.166,0,0,0,0,0,0,0,0,0,0,0,0,0.166
0.167,0,0,0,0,0,0,0,0,0,0,0,0,0.167
0.168,0,0,0,0,0,0,0,0,0,0,0,0,0.168
0.169,0,0,0,0,0,0,0,0,0,0,0,0,0.169
0.17,0,0,0,0,0,0,0,0,0,0,0,0,0.17
0.171,0,0,0,0,0,0,0,0,0,0,0,0,0.171
0.172,0,0,0,0,0,0,0,0,0,0,0,0,0.172
0.173,0,0,0,0,0,0,0,0,0,0,0,0,0.173
0.174,0,0,0,0,0,0,0,0,0,0,0,0,0.174
0.175,0,0,0,0,0,0,0,0,0,0,0,0,0.175
0.176,0,0,0,0,0,0,0,0,0,0,0,0,0.176
0.177,0,0,0,0,0,0,0,0,0,0,0,0,0.177
0.178,0,0,0,0,0,0,0,0,0,0,0,0,0.178
0.179,0,0,0,0,0,0,0,0,0,0,0,0,0.179
0.18,0,0,0,0,0,0,0,0,0,0,0,0,0.18
0.181,0,0,0,0,0,0,0,0,0,0,0,0,0.181
0.182,0,0,0,0,0,0,0,0,0,0,0,0,0.182
0.183,0,0,0,0,0,0,0,0,0,0,0,0,0.183
0.184,0,0,0,0,0,0,0,0,0,0,0,0,0.184
0.185,0,0,0,0,0,0,0,0,0,0,0,0,0.185
0.186,0,0,0,0,0,0,0,0,0,0,0,0,0.186
0.187,0,0,0,0,0,0,0,0,0,0,0,0,0.187
0.188,0,0,0,0,0,0,0,0,0,0,0,0,0.188
0.189,0,0,0,0,0,0,0,0,0,0,0,0,0.189
0.19,0,0,0,0,0,0,0,0,0,0,0,0,0.19
0.191,0,0,0,0,0,0,0,0,0,0,0,0,0.191
0.192,0,0,0,0,0,0,0,0,0,0,0,0,0.192
0.193,0,0,0,0,0,0,0,0,0,0,0,0,0.193
0.194,0,0,0,0,0,0,0,0,0,0,0,0,0.194
0.195,0,0,0,0,0,0,0,0,0,0,0,0,0.195
0.196,0,0,0,0,0,0,0,0,0,0,0,0,0.196
0.197,0,0,0,0,0,0,0,0,0,0,0,0,0.197
0.198,0,0,0,0,0,0,0,0,0,0,0,0,0.198
0.199,0,0,0,0,0,0,0,0,0,0,0,0,0.199
0.2,0,0,0,0,0,0,0,0,0,0,0,0,0.2
0.201,0,0,0,0,0,0,0,0,0,0,0,0,0.201
0.202,0,0,0,0,0,0,0,0,0,0,0,0,0.202
0.203,0,0,0,0,0,0,0,0,0,0,0,0,0.203
0.204,0,0,0,0,0,0,0,0,0,0,0,0,0.204
0.205,0,0,0,0,0,0,0,0,0,0,0,0,0.205
0.206,0,0,0,0,0,0,0,0,0,0,0,0,0.206
0.207,0,0,0,0,0,0,0,0,0,0,0,0,0.207
0.208,0,0,0,0,0,0,0,0,0,0,0,0,0.208
0.209,0,0,0,0,0,0,0,0,0,0,0,0,0.209
0.21,0,0,0,0,0,0,0,0,0,0,0,0,0.21
0.211,0,0,0,0,0,0,0,0,0,0,0,0,0.211
0.212,0,0,0,0,0,0,0,0,0,0,0,0,0.212
0.213,0,0,0,0,0,0,0,0,0,0,0,0,0.213
0.214,0,0,0,0,0,0,0,0,0,0,0,0,0.214
0.215,0,0,0,0,0,0,0,0,0,0,0,0,0.215
0.216,0,0,0,0,0,0,0,0,0,0,0,0,0.216
0.217,0,0,0,0,0,0,0,0,0,0,0,0,0.217
0.218,0,0,0,0,0,0,0,0,0,0,0,0,0.218
0.219,0,0,0,0,0,0,0,0,0,0,0,0,0.219
0.22,0,0,0,0,0,0,0,0,0,0,0,0,0.22
0.221,0,0,0,0,0,0,0,0,0,0,0,0,0.221
0.222,0,0,0,0,0,0,0,0,0,0,0,0,0.222
0.223,0,0,0,0,0,0,0,0,0,0,0,0,0.223
0.224,0,0,0,0,0,0,0,0,0,0,0,0,0.224
0.225,0,0,0,0,0,0,0,0,0,0,0,0,0.225
0.226,0,0,0,0,0,0,0,0,0,0,0,0,0.226
0.227,0,0,0,0,0,0,0,0,0,0,0,0,0.227
0.228,0,0,0,0,0,0,0,0,0,0,0,0,0.228
0.229,0,0,0,0,0,0,0,0,0,0,0,0,0.229
0.23,0,0,0,0,0,0,0,0,0,0,0,0,0.23
0.231,0,0,0,0,0,0,0,0,0,0,0,0,0.231
0.232,0,0,0,0,0,0,0,0,0,0,0,0,0.232
0.233,0,0,0,0,0,0,0,0,0,0,0,0,0.233
0.234,0,0,0,0,0,0,0,0,0,0,0,0,0.234
0.235,0,0,0,0,0,0,0,0,0,0,0,0,0.235
0.236,0,0,0,0,0,0,0,0,0,0,0,0,0.236
0.237,0,0,0,0,0,0,0,0,0,0,0,0,0.237
0.238,0,0,0,0,0,0,0,0,0,0,0,0,0.238
0.239,0,0,0,0,0,0,0,0,0,0,0,0,0.239
0.24,0,0,0,0,0,0,0,0,0,0,0,0,0.24
0.241,0,0,0,0,0,0,0,0,0,0,0,0,0.241
0.242,0,0,0,0,0,0,0,0,0,0,0,0,0.242
0.243,0,0,0,0,0,0,0,0,0,0,0,0,0.243
0.244,0,0,0,0,0,0,0,0,0,0,0,0,0.244
0.245,0,0,0,0,0,0,0,0,0,0,0,0,0.245
0.246,0,0,0,0,0,0,0,0,0,0,0,0,0.246
0.247,0,0,0,0,0,0,0,0,0,0,0,0,0.247
0.248,0,0,0,0,0,0,0,0,0,0,0,0,0.248
0.249,0,0,0,0,0,0,0,0,0,0,0,0,0.249
0.25,0,0,0,0,0,0,0,0,0,0,0,0,0.25
0.251,0,0,0,0,0,0,0,0,0,0,0,0,0.251
0.252,0,0,0,0,0,0,0,0,0,0,0,0,0.252
0.253,0,0,0,0,0,0,0,0,0,0,0,0,0.253
0.254,0,0,0,0,0,0,0,0,0,0,0,0,0.254
0.255,0,0,0,0,0,0,0,0,0,0,0,0,0.255
0.256,0,0,0,0,0,0,0,0,0,0,0,0,0.256
0.257,0,0,0,0,0,0,0,0,0,0,0,0,0.257
0.258,0,0,0,0,0,0,0,0,0,0,0,0,0.258
0.259,0,0,0,0,0,0,0,0,0,0,0,0,0.259
0.26,0,0,0,0,0,0,0,0,0,0,0,0,0.26
0.261,0,0,0,0,0,0,0,0,0,0,0,0,0.261
0.262,0,0,0,0,0,0,0,0,0,0,0,0,0.262
0.263,0,0,0,0,0,0,0,0,0,0,0,0,0.263
0.264,0,0,0,0,0,0,0,0,0,0,0,0,0.264
0.265,0,0,0,0,0,0,0,0,0,0,0,0,0.265
0.266,0,0,0,0,0,0,0,0,0,0,0,0,0.266
0.267,0,0,0,0,0,0,0,0,0,0,0,0,0.267
0.268,0,0,0,0,0,0,0,0,0,0,0,0,0.268
0.269,0,0,0,0,0,0,0,0,0,0,0,0,0.269
0.27,0,0,0,0,0,0,0,0,0,0,0,0,0.27
0.271,0,0,0,0,0,0,0,0,0,0,0,0,0.271
0.272,0,0,0,0,0,0,0,0,0,0,0,0,0.272
0.273,0,0,0,0,0,0,0,0,0,0,0,0,0.273
0.274,0,0,0,0,0,0,0,0,0,0,0,0,0.274
0.275,0,0,0,0,0,0,0,0,0,0,0,0,0.275
0.276,0,0,0,0,0,0,0,0,0,0,0,0,0.276
0.277,0,0,0,0,0,0,0,0,0,0,0,0,0.277
0.278,0,0,0,0,0,0,0,0,0,0,0,0,0.278
0.279,0,0,0,0,0,0,0,0,0,0,0,0,0.279
0.28,0,0,0,0,0,0,0,0,0,0,0,0,0.28
0.281,0,0,0,0,0,0,0,0,0,0,0,0,0.281
0.282,0,0,0,0,0,0,0,0,0,0,0,0,0.282
0.283,0,0,0,0,0,0,0,0,0,0,0,0,0.283
0.284,0,0,0,0,0,0,0,0,0,0,0,0,0.284
0.285,0,0,0,0,0,0,0,0,0,0,0,0,0.285
0.286,0,0,0,0,0,0,0,0,0,0,0,0,0.286
0.287,0,0,0,0,0,0,0,0,0,0,0,0,0.287
0.288,0,0,0,0,0,0,0,0,0,0,0,0,0.288
0.289,0,0,0,0,0,0,0,0,0,0,0,0,0.289
0.29,0,0,0,0,0,0,0,0,0,0,0,0,0.29
0.291,0,0,0,0,0,0,0,0,0,0,0,0,0.291
0.292,0,0,0,0,0,0,0,0,0,0,0,0,0.292
0.293,0,0,0,0,0,0,0,0,0,0,0,0,0.293
0.294,0,0,0,0,0,0,0,0,0,0,0,0,0.294
0.295,0,0,0,0,0,0,0,0,0,0,0,0,0.295
0.296,0,0,0,0,0,0,0,0,0,0,0,0,0.296
0.297,0,0,0,0,0,0,0,0,0,0,0,0,0.297
0.298,0,0,0,0,0,0,0,0,0,0,0,0,0.298
0.299,0,0,0,0,0,0,0,0,0,0,0,0,0.299
0.3,0,0,0,0,0,0,0,0,0,0,0,0,0.3
0.301,0,0,0,0,0,0,0,0,0,0,0,0,0.301
0.302,0,0,0,0,0,0,0,0,0,0,0,0,0.302
0.303,0,0,0,0,0,0,0,0,0,0,0,0,0.303
0.304,0,0,0,0,0,0,0,0,0,0,0,0,0.304
0.305,0,0,0,0,0,0,0,0,0,0,0,0,0.305
0.306,0,0,0,0,0,0,0,0,0,0,0,0,0.306
0.307,0,0,0,0,0,0,0,0,0,0,0,0,0.307
0.308,0,0,0,0,0,0,0,0,0,0,0,0,0.308
0.309,0,0,0,0,0,0,0,0,0,0,0,0,0.309
0.31,0,0,0,0,0,0,0,0,0,0,0,0,0.31
0.311,0,0,0,0,0,0,0,0,0,0,0,0,0.311
0.312,0,0,0,0,0,0,0,0,0,0,0,0,0.312
0.313,0,0,0,0,0,0,0,0,0,0,0,0,0.313
0.314,0,0,0,0,0,0,0,0,0,0,0,0,0.314
0.315,0,0,0,0,0,0,0,0,0,0,0,0,0.315
0.316,0,0,0,0,0,0,0,0,0,0,0,0,0.316
0.317,0,0,0,0,0,0,0,0,0,0,0,0,0.317
0.318,0,0,0,0,0,0,0,0,0,0,0,0,0.318
0.319,0,0,0,0,0,0,0,0,0,0,0,0,0.319
0.32,0,0,0,0,0,0,0,0,0,0,0,0,0.32
0.321,0,0,0,0,0,0,0,0,0,0,0,0,0.321
0.322,0,0,0,0,0,0,0,0,0,0,0,0,0.322
0.323,0,0,0,0,0,0,0,0,0,0,0,0,0.323
0.324,0,0,0,0,0,0,0,0,0,0,0,0,0.324
0.325,0,0,0,0,0,0,0,0,0,0,0,0,0.325
0.326,0,0,0,0,0,0,0,0,0,0,0,0,0.326
0.327,0,0,0,0,0,0,0,0,0,0,0,0,0.327
0.328,0,0,0,0,0,0,0,0,0,0,0,0,0.328
0.329,0,0,0,0,0,0,0,0,0,0,0,0,0.329
0.33,0,0,0,0,0,0,0,0,0,0,0,0,0.33
0.331,0,0,0,0,0,0,0,0,0,0,0,0,0.331
0.332,0,0,0,0,0,0,0,0,0,0,0,0,0.332
0.333,0,0,0,0,0,0,0,0,0,0,0,0,0.333
0.334,0,0,0,0,0,0,0,0,0,0,0,0,0.334
0.335,0,0,0,0,0,0,0,0,0,0,0,0,0.335
0.336,0,0,0,0,0,0,0,0,0,0,0,0,0.336
0.337,0,0,0,0,0,0,0,0,0,0,0,0,0.337
0.338,0,0,0,0,0,0,0,0,0,0,0,0,0.338
0.339,0,0,0,0,0,0,0,0,0,0,0,0,0.339
0.34,0,0,0,0,0,0,0,0,0,0,0,0,0.34
0.341,0,0,0,0,0,0,0,0,0,0,0,0,0.341
0.342,0,0,0,0,0,0,0,0,0,0,0,0,0.342
0.343,0,0,0,0,0,0,0,0,0,0,0,0,0.343
0.344,0,0,0,0,0,0,0,0,0,0,0,0,0.344
0.345,0,0,0,0,0,0,0,0,0,0,0,0,0.345
0.346,0,0,0,0,0,0,0,0,0,0,0,0,0.346
0.347,0,0,0,0,0,0,0,0,0,0,0,0,0.347
0.348,0,0,0,0,0,0,0,0,0,0,0,0,0.348
0.349,0,0,0,0,0,0,0,0,0,0,0,0,0.349
0.35,0,0,0,0,0,0,0,0,0,0,0,0,0.35
0.351,0,0,0,0,0,0,0,0,0,0,0,0,0.351
0.352,0,0,0,0,0,0,0,0,0,0,0,0,0.352
0.353,0,0,0,0,0,0,0,0,0,0,0,0,0.353
0.354,0,0,0,0,0,0,0,0,0,0,0,0,0.354
0.355,0,0,0,0,0,0,0,0,0,0,0,0,0.355
0.356,0,0,0,0,0,0,0,0,0,0,0,0,0.356
0.357,0,0,0,0,0,0,0,0,0,0,0,0,0.357
0.358,0,0,0,0,0,0,0,0,0,0,0,0,0.358
0.359,0,0,0,0,0,0,0,0,0,0,0,0,0.359
0.36,0,0,0,0,0,0,0,0,0,0,0,0,0.36
0.361,0,0,0,0,0,0,0,0,0,0,0,0,0.361
0.362,0,0,0,0,0,0,0,0,0,0,0,0,0.362
0.363,0,0,0,0,0,0,0,0,0,0,0,0,0.363
0.364,0,0,0,0,0,0,0,0,0,0,0,0,0.364
0.365,0,0,0,0,0,0,0,0,0,0,0,0,0.365
0.366,0,0,0,0,0,0,0,0,0,0,0,0,0.366
0.367,0,0,0,0,0,0,0,0,0,0,0,0,0.367
0.368,0,0,0,0,0,0,0,0,0,0,0,0,0.368
0.369,0,0,0,0,0,0,0,0,0,0,0,0,0.369
0.37,0,0,0,0,0,0,0,0,0,0,0,0,0.37
0.371,0,0,0,0,0,0,0,0,0,0,0,0,0.371
0.372,0,0,0,0,0,0,0,0,0,0,0,0,0.372
0.373,0,0,0,0,0,0,0,0,0,0,0,0,0.373
0.374,0,0,0,0,0,0,0,0,0,0,0,0,0.374
0.375,0,0,0,0,0,0,0,0,0,0,0,0,0.375
0.376,0,0,0,0,0,0,0,0,0,0,0,0,0.376
0.377,0,0,0,0,0,0,0,0,0,0,0,0,0.377
0.378,0,0,0,0,0,0,0,0,0,0,0,0,0.378
0.379,0,0,0,0,0,0,0,0,0,0,0,0,0.379
0.38,0,0,0,0,0,0,0,0,0,0,0,0,0.38
0.381,0,0,0,0,0,0,0,0,0,0,0,0,0.381
0.382,0,0,0,0,0,0,0,0,0,0,0,0,0.382
0.383,0,0,0,0,0,0,0,0,0,0,0,0,0.383
0.384,0,0,0,0,0,0,0,0,0,0,0,0,0.384
0.385,0,0,0,0,0,0,0,0,0,0,0,0,0.385
0.386,0,0,0,0,0,0,0,0,0,0,0,0,0.386
0.387,0,0,0,0,0,0,0,0,0,0,0,0,0.387
0.388,0,0,0,0,0,0,0,0,0,0,0,0,0.388
0.389,0,0,0,0,0,0,0,0,0,0,0,0,0.389
0.39,0,0,0,0,0,0,0,0,0,0,0,0,0.39
0.391,0,0,0,0,0,0,0,0,0,0,0,0,0.391
0.392,0,0,0,0,0,0,0,0,0,0,0,0,0.392
0.393,0,0,0,0,0,0,0,0,0,0,0,0,0.393
0.394,0,0,0,0,0,0,0,0,0,0,0,0,0.394
0.395,0,0,0,0,0,0,0,0,0,0,0,0,0.395
0.396,0,0,0,0,0,0,0,0,0,0,0,0,0.396
0.397,0,0,0,0,0,0,0,0,0,0,0,0,0.397
0.398,0,0,0,0,0,0,0,0,0,0,0,0,0.398
0.399,0,0,0,0,0,0,0,0,0,0,0,0,0.399
0.4,0,0,0,0,0,0,0,0,0,0,0,0,0.4
0.401,0,0,0,0,0,0,0,0,0,0,0,0,0.401
0.402,0,0,0,0,0,0,0,0,0,0,0,0,0.402
0.403,0,0,0,0,0,0,0,0,0,0,0,0,0.403
0.404,0,0,0,0,0,0,0,0,0,0,0,0,0.404
0.405,0,0,0,0,0,0,0,0,0,0,0,0,0.405
0.406,0,0,0,0,0,0,0,0,0,0,0,0,0.406
0.407,0,0,0,0,0,0,0,0,0,0,0,0,0.407
0.408,0,0,0,0,0,0,0,0,0,0,0,0,0.408
0.409,0,0,0,0,0,0,0,0,0,0,0,0,0.409
0.41,0,0,0,0,0,0,0,0,0,0,0,0,0.41
0.411,0,0,0,0,0,0,0,0,0,0,0,0,0.411
0.412,0,0,0,0,0,0,0,0,0,0,0,0,0.412
0.413,0,0,0,0,0,0,0,0,0,0,0,0,0.413
0.414,0,0,0,0,0,0,0,0,0,0,0,0,0.414
0.415,0,0,0,0,0,0,0,0,0,0,0,0,0.415
0.416,0,0,0,0,0,0,0,0,0,0,0,0,0.416
0.417,0,0,0,0,0,0,0,0,0,0,0,0,0.417
0.418,0,0,0,0,0,0,0,0,0,0,0,0,0.418
0.419,0,0,0,0,0,0,0,0,0,0,0,0,0.419
0.42,0,0,0,0,0,0,0,0,0,0,0,0,0.42
0.421,0,0,0,0,0,0,0,0,0,0,0,0,0.421
0.422,0,0,0,0,0,0,0,0,0,0,0,0,0.422
0.423,0,0,0,0,0,0,0,0,0,0,0,0,0.423
0.424,0,0,0,0,0,0,0,0,0,0,0,0,0.424
0.425,0,0,0,0,0,0,0,0,0,0,0,0,0.425
0.426,0,0,0,0,0,0,0,0,0,0,0,0,0.426
0.427,0,0,0,0,0,0,0,0,0,0,0,0,0.427
0.428,0,0,0,0,0,0,0,0,0,0,0,0,0.428
0.429,0,0,0,0,0,0,0,0,0,0,0,0,0.429
0.43,0,0,0,0,0,0,0,0,0,0,0,0,0.43
0.431,0,0,0,0,0,0,0,0,0,0,0,0,0.431
0.432,0,0,0,0,0,0,0,0,0,0,0,0,0.432
0.433,0,0,0,0,0,0,0,0,0,0,0,0,0.433
0.434,0,0,0,0,0,0,0,0,0,0,0,0,0.434
0.435,0,0,0,0,0,0,0,0,0,0,0,0,0.435
0.436,0,0,0,0,0,0,0,0,0,0,0,0,0.436
0.437,0,0,0,0,0,0,0,0,0,0,0,0,0.437
0.438,0,0,0,0,0,0,0,0,0,0,0,0,0.438
0.439,0,0,0,0,0,0,0,0,0,0,0,0,0.439
0.44,0,0,0,0,0,0,0,0,0,0,0,0,0.44
0.441,0,0,0,0,0,0,0,0,0,0,0,0,0.441
0.442,0,0,0,0,0,0,0,0,0,0,0,0,0.442
0.443,0,0,0,0,0,0,0,0,0,0,0,0,0.443
0.444,0,0,0,0,0,0,0,0,0,0,0,0,0.444
0.445,0,0,0,0,0,0,0,0,0,0,0,0,0.445
0.446,0,0,0,0,0,0,0,0,0,0,0,0,0.446
0.447,0,0,0,0,0,0,0,0,0,0,0,0,0.447
0.448,0,0,0,0,0,0,0,0,0,0,0,0,0.448
0.449,0,0,0,0,0,0,0,0,0,0,0,0,0.449
0.45,0,0,0,0,0,0,0,0,0,0,0,0,0.45
0.451,0,0,0,0,0,0,0,0,0,0,0,0,0.451
0.452,0,0,0,0,0,0,0,0,0,0,0,0,0.452
0.453,0,0,0,0,0,0,0,0,0,0,0,0,0.453
0.454,0,0,0,0,0,0,0,0,0,0,0,0,0.454
0.455,0,0,0,0,0,0,0,0,0,0,0,0,0.455
0.456,0,0,0,0,0,0,0,0,0,0,0,0,0.456
0.457,0,0,0,0,0,0,0,0,0,0,0,0,0.457
0.458,0,0,0,0,0,0,0,0,0,0,0,0,0.458
0.459,0,0,0,0,0,0,0,0,0,0,0,0,0.459
0.46,0,0,0,0,0,0,0,0,0,0,0,0,0.46
0.461,0,0,0,0,0,0,0,0,0,0,0,0,0.461
0.462,0,0,0,0,0,0,0,0,0,0,0,0,0.462
0.463,0,0,0,0,0,0,0,0,0,0,0,0,0.463
0.464,0,0,0,0,0,0,0,0,0,0,0,0,0.464
0.465,0,0,0,0,0,0,0,0,0,0,0,0,0.465
0.466,0,0,0,0,0,0,0,0,0,0,0,0,0.466
0.467,0,0,0,0,0,0,0,0,0,0,0,0,0.467
0.468,0,0,0,0,0,0,0,0,0,0,0,0,0.468
0.469,0,0,0,0,0,0,0,0,0,0,0,0,0.469
0.47,0,0,0,0,0,0,0,0,0,0,0,0,0.47
0.471,0,0,0,0,0,0,0,0,0,0,0,0,0.471
0.472,0,0,0,0,0,0,0,0,0,0,0,0,0.472
0.473,0,0,0,0,0,0,0,0,0,0,0,0,0.473
0.474,0,0,0,0,0,0,0,0,0,0,0,0,0.474
0.475,0,0,0,0,0,0,0,0,0,0,0,0,0.475
0.476,0,0,0,0,0,0,0,0,0,0,0,0,0.476
0.477,0,0,0,0,0,0,0,0,0,0,0,0,0.477
0.478,0,0,0,0,0,0,0,0,0,0,0,0,0.478
0.479,0,0,0,0,0,0,0,0,0,0,0,0,0.479
0.48,0,0,0,0,0,0,0,0,0,0,0,0,0.48
0.481,0,0,0,0,0,0,0,0,0,0,0,0,0.481
0.482,0,0,0,0,0,0,0,0,0,0,0,0,0.482
0.483,0,0,0,0,0,0,0,0,0,0,0,0,0.483
0.484,0,0,0,0,0,0,0,0,0,0,0,0,0.484
0.485,0,0,0,0,0,0,0,0,0,0,0,0,0.485
0.486,0,0,0,0,0,0,0,0,0,0,0,0,0.486
0.487,0,0,0,0,0,0,0,0,0,0,0,0,0.487
0.488,0,0,0,0,0,0,0,0,0,0,0,0,0.488
0.489,0,0,0,0,0,0,0,0,0,0,0,0,0.489
0.49,0,0,0,0,0,0,0,0,0,0,0,0,0.49
0.491,0,0,0,0,0,0,0,0,0,0,0,0,0.491
0.492,0,0,0,0,0,0,0,0,0,0,0,0,0.492
0.493,0,0,0,0,0,0,0,0,0,0,0,0,0.493
0.494,0,0,0,0,0,0,0,0,0,0,0,0,0.494
0.495,0,0,0,0,0,0,0,0,0,0,0,0,0.495
0.496,0,0,0,0,0,0,0,0,0,0,0,0,0.496
0.497,0,0,0,0,0,0,0,0,0,0,0,0,0.497
0.498,0,0,0,0,0,0,0,0,0,0,0,0,0.498
0.499,0,0,0,0,0,0,0,0,0,0,0,0,0.499
0.5,0,0,0,0,0,0,0,0,0,0,0,0,0.5
0.501,0,0,0,0,0,0,0,0,0,0,0,0,0.501
0.502,0,0,0,0,0,0,0,0,0,0,0,0,0.502
0.503,0,0,0,0,0,0,0,0,0,0,0,0,0.503
0.504,0,0,0,0,0,0,0,0,0,0,0,0,0.504
0.505,0,0,0,0,0,0,0,0,0,0,0,0,0.505
0.506,0,0,0,0,0,0,0,0,0,0,0,0,0.506
0.507,0,0,0,0,0,0,0,0,0,0,0,0,0.507
0.508,0,0,0,0,0,0,0,0,0,0,0,0,0.508
0.509,0,0,0,0,0,0,0,0,0,0,0,0,0.509
0.51,0,0,0,0,0,0,0,0,0,0,0,0,0.51
0.511,0,0,0,0,0,0,0,0,0,0,0,0,0.511
0.512,0,0,0,0,0,0,0,0,0,0,0,0,0.512
0.513,0,0,0,0,0,0,0,0,0,0,0,0,0.513
0.514,0,0,0,0,0,0,0,0,0,0,0,0,0.514
0.515,0,0,0,0,0,0,0,0,0,0,0,0,0.515
0.516,0,0,0,0,0,0,0,0,0,0,0,0,0.516
0.517,0,0,0,0,0,0,0,0,0,0,0,0,0.517
0.518,0,0,0,0,0,0,0,0,0,0,0,0,0.518
0.519,0,0,0,0,0,0,0,0,0,0,0,0,0.519
0.52,0,0,0,0,0,0,0,0,0,0,0,0,0.52
0.521,0,0,0,0,0,0,0,0,0,0,0,0,0.521
0.522,0,0,0,0,0,0,0,0,0,0,0,0,0.522
0.523,0,0,0,0,0,0,0,0,0,0,0,0,0.523
0.524,0,0,0,0,0,0,0,0,0,0,0,0,0.524
0.525,0,0,0,0,0,0,0,0,0,0,0,0,0.525
0.526,0,0,0,0,0,0,0,0,0,0,0,0,0.526
0.527,0,0,0,0,0,0,0,0,0,0,0,0,0.527
0.528,0,0,0,0,0,0,0,0,0,0,0,0,0.528
0.529,0,0,0,0,0,0,0,0,0,0,0,0,0.529
0.53,0,0,0,0,0,0,0,0,0,0,0,0,0.53
0.531,0,0,0,0,0,0,0,0,0,0,0,0,0.531
0.532,0,0,0,0,0,0,0,0,0,0,0,0,0.532
0.533,0,0,0,0,0,0,0,0,0,0,0,0,0.533
0.534,0,0,0,0,0,0,0,0,0,0,0,0,0.534
0.535,0,0,0,0,0,0,0,0,0,0,0,0,0.535
0.536,0,0,0,0,0,0,0,0,0,0,0,0,0.536
0.537,0,0,0,0,0,0,0,0,0,0,0,0,0.537
0.538,0.0373415,0,0,0,0,0,0,0,0,0,0,0,0.538
0.539,0.0896158,0,0,0,0,0,0,0,0,0,-18.317,0,0.539
0.54,0.142465,0,0,0,0,0,0,-0.018317,0,0,-53.5875,0,0.54
0.541,0.191448,0,0,0,0,0,0,-0.0719044,0,0,-97.9052,0,0.541
0.542,0.236131,0,0.00862147,0,0,0,0,-0.16981,0,0,-144.788,0,0.542
0.543,0.277357,0,0.0226437,0,0,0,0,-0.314598,0,-3.24743,-190.252,0.541238,0.543
0.544,0.314748,0,0.0390184,0,0,0,-0.00324446,-0.50485,0.000541246,-10.2356,-232.67,1.70593,0.544
0.545,0.347341,0,0.0568259,0,0,0,-0.0134651,-0.73752,0.00223407,-20.0436,-271.087,3.3406,0.545
0.546,0.373943,0,0.0757268,0,0,0,-0.0334666,-1.00861,0.00551123,-31.8015,-304.563,5.30033,0.546
0.547,0.393557,0,0.0958204,0,0,0,-0.065178,-1.31317,0.0106345,-44.8913,-332.057,7.48243,0.547
0.548,0.405225,0,0.116799,0,0.000104788,0,-0.109906,-1.64524,0.017741,-59.0015,-352.571,9.8356,0.548
0.549,0.408111,0,0.138122,0,0.000937607,0,-0.168645,-1.99783,0.0269041,-73.8296,-365.177,12.2876,0.549
0.55,0.404556,0,0.159152,0,0.0021331,0,-0.242083,-2.36304,0.0381236,-88.9594,-369.062,14.6233,0.55
0.551,0.398003,0,0.179306,0,0.00354736,0,-0.330504,-2.73216,0.0511985,-103.955,-365.066,16.7735,0.551
0.552,0.390143,0,0.197989,0,0.00511595,0,-0.433759,-3.09732,0.0658826,-118.377,-355.423,18.7003,0.552
0.553,0.381827,0,0.21452,0,0.00681239,0,-0.551269,-3.45287,0.0819151,-131.779,-342.234,20.3634,0.553
0.554,0.37348,0,0.228217,0,0.00862554,0,-0.682018,-3.79529,0.0990159,-143.68,-327.111,21.708,0.554
0.555,0.365314,0,0.238466,0,0.0105148,0,-0.824516,-4.12263,0.116868,-153.585,-311.178,22.668,0.555
0.556,0.357428,0,0.244662,0,0.0124223,0,-0.976791,-4.4341,0.135103,-161.025,-295.188,23.183,0.556
0.557,0.349866,0,0.246209,0,0.0142954,0,-1.13641,-4.72964,0.153305,-165.552,-279.632,23.2013,0.557
0.558,0.342643,0,0.242714,0,0.0160754,0,-1.3005,-5.00968,0.171016,-166.743,-264.836,22.675,0.558
0.559,0.335759,0,0.235244,0,0.0177053,0,-1.46578,-5.27496,0.187738,-164.264,-251.004,21.5734,0.559
0.56,0.329206,0,0.225955,0,0.0191134,0,-1.62865,-5.52644,0.202948,-158.381,-238.201,19.9654,0.56
0.561,0.322972,0,0.215911,0,0.0202092,0,-1.78575,-5.76511,0.216197,-150.084,-226.351,18.0441,0.561
0.562,0.317046,0,0.205677,0,0.0209036,0,-1.93473,-5.99191,0.227235,-140.335,-215.348,16.0026,0.562
0.563,0.311413,0,0.195562,0,0.0211183,0,-2.07415,-6.20768,0.236006,-129.881,-205.093,14.0003,0.563
0.564,0.30606,0,0.185732,0,0.0209571,0,-2.20331,-6.41314,0.242613,-119.248,-195.505,12.1589,0.564
0.565,0.300974,0,0.176283,0,0.0206243,0,-2.32204,-6.60897,0.247276,-108.773,-186.511,10.5279,0.565
0.566,0.296141,0,0.167269,0,0.0202181,0,-2.43047,-6.79576,0.250258,-98.6509,-178.05,9.09063,0.566
0.567,0.291549,0,0.158719,0,0.0197872,0,-2.52894,-6.97403,0.251801,-88.9941,-170.071,7.8169,0.567
0.568,0.287187,0,0.15064,0,0.0193552,0,-2.6179,-7.14428,0.252108,-79.8617,-162.529,6.67911,0.568
0.569,0.283042,0,0.143043,0,0.0189336,0,-2.69785,-7.30695,0.251351,-71.2797,-155.391,5.65588,0.569
0.57,0.279104,0,0.135942,0,0.0185273,0,-2.76935,-7.46243,0.249673,-63.2581,-148.623,4.73227,0.57
0.571,0.275364,0,0.129339,0,0.0181385,0,-2.83292,-7.61111,0.247198,-55.8003,-142.199,3.89866,0.571
0.572,0.27181,0,0.123233,0,0.0177677,0,-2.88914,-7.75333,0.244036,-48.9025,-136.093,3.14835,0.572
0.573,0.268434,0,0.11763,0,0.0174147,0,-2.93855,-7.88941,0.240286,-42.5549,-130.282,2.47635,0.573
0.574,0.265227,0,0.112515,0,0.017079,0,-2.98169,-8.01964,0.23604,-36.749,-124.745,1.87944,0.574
0.575,0.26218,0,0.107871,0,0.0167599,0,-3.01909,-8.14432,0.231383,-31.4689,-119.463,1.35415,0.575
0.576,0.259285,0,0.103678,0,0.0164567,0,-3.05126,-8.26369,0.226393,-26.6936,-114.42,0.896729,0.576
0.577,0.256535,0,0.0999145,0,0.0161686,0,-3.07871,-8.37799,0.221143,-22.3995,-109.599,0.503384,0.577
0.578,0.253923,0,0.0965567,0,0.0158948,0,-3.1019,-8.48746,0.215701,-18.5611,-104.989,0.170129,0.578
0.579,0.251441,0,0.0935791,0,0.0156348,0,-3.12129,-8.59231,0.210129,-15.1511,-100.577,-0.107155,0.579
0.58,0.249083,0,0.0909718,0,0.0153877,0,-3.13728,-8.69273,0.204482,-12.1413,-96.3517,-0.3327,0.58
0.581,0.246843,0,0.0887157,0,0.0151529,0,-3.15028,-8.78892,0.198812,-9.50896,-92.3027,-0.509787,0.581
0.582,0.244716,0,0.0868017,0,0.01493,0,-3.16065,-8.88105,0.193164,-7.23106,-88.4203,-0.641711,0.582
0.583,0.242694,0,0.0852315,0,0.0147181,0,-3.16875,-8.9693,0.187581,-5.28857,-84.6947,-0.731117,0.583
0.584,0.240774,0,0.083994,0,0.0145169,0,-3.17489,-9.05383,0.182102,-3.66875,-81.1162,-0.779595,0.584
0.585,0.238949,0,0.083065,0,0.0143257,0,-3.1794,-9.13478,0.176765,-2.3576,-77.6758,-0.788956,0.585
0.586,0.237216,0,0.0824162,1.12315e-05,0.014144,0,-3.18257,-9.21229,0.171604,-1.33578,-74.3662,-0.761908,0.586
0.587,0.23557,0,0.082034,7.83686e-05,0.0139715,0,-3.1847,-9.2865,0.16665,-0.575579,-71.1807,-0.702568,0.587
0.588,0.234006,0,0.0818465,0.000108524,0.0138076,0,-3.18604,-9.35753,0.161933,-0.0379004,-68.1106,-0.616965,0.588
0.589,0.23252,0,0.0817562,0.000121602,0.0136518,0,-3.1868,-9.4255,0.157472,0.291837,-65.1577,-0.507055,0.589
0.59,0.231108,0,0.0817143,0.000126239,0.0135039,0,-3.1872,-9.49053,0.153287,0.46693,-62.3251,-0.381263,0.59
0.591,0.229767,0,0.0816965,0.000126751,0.0133634,0,-3.18737,-9.55274,0.149388,0.538555,-59.6139,-0.24767,0.591
0.592,0.228493,0,0.0816906,0.000125291,0.0132298,0,-3.18743,-9.61224,0.145776,0.545614,-57.0234,-0.112323,0.592
0.593,0.227283,0,0.0816904,0.000122932,0.013103,0,-3.18744,-9.66917,0.142446,0.514739,-54.5508,0.0207711,0.593
0.594,0.226133,0,0.081693,0.000120203,0.0129825,0,-3.18744,-9.72364,0.13939,0.463094,-52.1926,0.149172,0.594
0.595,0.225041,0,0.0816968,0.000117368,0.012868,0,-3.18745,-9.77576,0.136597,0.401284,-49.9442,0.271522,0.595
0.596,0.224003,0,0.0817012,0.000114552,0.0127593,0,-3.18748,-9.82564,0.134054,0.335641,-47.8011,0.387161,0.596
0.597,0.223017,0,0.0817056,0.000111819,0.012656,0,-3.18754,-9.87339,0.131749,0.269828,-45.7585,0.495861,0.597
0.598,0.222081,0,0.08171,0.000109191,0.0125578,0,-3.18763,-9.91911,0.129669,0.205891,-43.8117,0.597646,0.598
0.599,0.221191,0,0.0817143,0.000106681,0.0124646,0,-3.18774,-9.96288,0.127801,0.144901,-41.9561,0.692687,0.599
0.6,0.220346,0,0.0817184,0.000104287,0.012376,0,-3.18789,-10.0048,0.126135,0.0873716,-40.1872,0.781231,0.6
0.601,0.219543,0,0.0817223,0.000102009,0.0122919,0,-3.18806,-10.045,0.124658,0.0334902,-38.5009,0.863565,0.601
0.602,0.21878,0,0.0817261,9.98424e-05,0.0122119,0,-3.18825,-10.0835,0.123359,-0.0167376,-36.8931,0.939987,0.602
0.603,0.218055,0,0.0817296,9.77832e-05,0.012136,0,-3.18846,-10.1204,0.122228,-0.0634012,-35.3599,1.0108,0.603
0.604,0.217367,0,0.081733,9.58267e-05,0.0120638,0,-3.1887,-10.1557,0.121255,-0.106642,-33.8977,1.0763,0.604
0.605,0.216713,0,0.0817362,9.3968e-05,0.0119953,0,-3.18895,-10.1896,0.120431,-0.146621,-32.5031,1.13677,0.605
0.606,0.216092,0,0.0817393,9.22016e-05,0.0119302,0,-3.18922,-10.2221,0.119748,-0.183513,-31.1726,1.19249,0.606
0.607,0.215501,0,0.0817422,9.05245e-05,0.0118683,0,-3.1895,-10.2533,0.119195,-0.217491,-29.9033,1.24372,0.607
0.608,0.214941,0,0.0817449,8.89311e-05,0.0118096,0,-3.18979,-10.2833,0.118766,-0.24872,-28.692,1.2907,0.608
0.609,0.214408,0,0.0817475,8.74173e-05,0.0117537,0,-3.1901,-10.312,0.118454,-0.277362,-27.536,1.33368,0.609
0.61,0.213902,0,0.08175,8.59788e-05,0.0117007,0,-3.19041,-10.3395,0.11825,-0.303573,-26.4326,1.37288,0.61
0.611,0.213421,0,0.0817524,8.46118e-05,0.0116503,0,-3.19073,-10.366,0.118148,-0.327499,-25.3792,1.4085,0.611
0.612,0.212964,0,0.0817546,8.33128e-05,0.0116025,0,-3.19106,-10.3914,0.118141,-0.349281,-24.3734,1.44076,0.612
0.613,0.21253,0,0.0817567,8.20791e-05,0.011557,0,-3.1914,-10.4158,0.118224,-0.369048,-23.4129,1.46984,0.613
0.614,0.212118,0,0.0817588,8.0907e-05,0.0115138,0,-3.19173,-10.4393,0.118391,-0.386925,-22.4955,1.49593,0.614
0.615,0.211727,0,0.0817607,7.9794e-05,0.0114728,0,-3.19208,-10.4619,0.118636,-0.403028,-21.6192,1.5192,0.615
0.616,0.211355,0,0.0817625,7.87369e-05,0.0108277,0,-3.19242,-10.4835,0.118955,-0.417468,-20.782,1.53982,0.616
0.617,0.205508,0,0.0817799,6.21185e-05,0.010518,0,-3.19277,-10.5044,0.119341,-0.483449,-19.988,1.69515,0.617
0.618,0.2027,0,0.0817885,5.4138e-05,0.0103631,0,-3.19315,-10.5244,0.11993,-0.682873,-16.7773,1.86748,0.618
0.619,0.201296,0,0.0817929,5.01477e-05,0.0102857,0,-3.19366,-10.5413,0.120876,-0.86317,-13.6591,1.99955,0.619
0.62,0.200594,0,0.081795,4.81526e-05,0.0102469,0,-3.19429,-10.555,0.122133,-0.990389,-11.2444,2.08433,0.62
0.621,0.200243,0,0.0817961,4.7155e-05,0.0102276,0,-3.19501,-10.5664,0.123613,-1.06767,-9.54028,2.13016,0.621
0.622,0.200067,0,0.0817967,4.66562e-05,0.0102179,0,-3.19578,-10.576,0.125235,-1.10747,-8.38763,2.14795,0.622
0.623,0.19998,0,0.0817969,4.64068e-05,0.0102131,0,-3.19657,-10.5845,0.126941,-1.12189,-7.61828,2.14697,0.623
0.624,0.199936,0,0.0817971,4.62821e-05,0.0102106,0,-3.19737,-10.5922,0.12869,-1.12018,-7.0998,2.13404,0.624
0.625,0.199914,0,0.0817971,4.62198e-05,0.0102094,0,-3.19817,-10.5994,0.130455,-1.10866,-6.73961,2.11376,0.625
0.626,0.199903,0,0.0817972,4.61886e-05,0.0102088,0,-3.19895,-10.6063,0.132219,-1.09144,-6.47701,2.08915,0.626
0.627,0.199897,0,0.0817972,4.6173e-05,0.0102085,0,-3.19972,-10.6129,0.133974,-1.07106,-6.27382,2.06208,0.627
0.628,0.199895,0,0.0817972,4.61652e-05,0.0102084,0,-3.20047,-10.6192,0.135712,-1.04906,-6.10664,2.03373,0.628
0.629,0.199893,0,0.0817972,4.61613e-05,0.0102083,0,-3.2012,-10.6254,0.137431,-1.02634,-5.96142,2.00479,0.629
0.63,0.199892,0,0.0817972,4.61594e-05,0.0102083,0,-3.20192,-10.6315,0.139129,-1.00345,-5.82986,1.97567,0.63
0.631,0.199892,0,0.0817972,4.61584e-05,0.0102082,0,-3.20261,-10.6374,0.140805,-0.980675,-5.70707,1.94663,0.631
0.632,0.199892,0,0.0817972,4.61579e-05,0.0102082,0,-3.20329,-10.6432,0.142458,-0.958192,-5.59022,1.91781,0.632
0.633,0.199892,0,0.0817972,4.61577e-05,0.0102082,0,-3.20394,-10.6489,0.144088,-0.93609,-5.47767,1.88929,0.633
0.634,0.199892,0,0.0817972,4.61576e-05,0.0102082,0,-3.20458,-10.6545,0.145696,-0.914417,-5.36846,1.8611,0.634
0.635,0.199892,0,0.0817972,4.61575e-05,0.0102082,0,-3.20521,-10.66,0.147282,-0.893194,-5.26203,1.83328,0.635
0.636,0.199892,0,0.0817972,4.61575e-05,0.0102082,0,-3.20581,-10.6653,0.148845,-0.872429,-5.15804,1.80584,0.636
0.637,0.199892,0,0.0817972,4.61575e-05,0.0102082,0,-3.2064,-10.6706,0.150386,-0.852121,-5.0563,1.77877,0.637
0.638,0.199892,0,0.0817972,4.61574e-05,0.0102082,0,-3.20697,-10.6757,0.151905,-0.832266,-4.95666,1.75209,0.638
0.639,0.199892,0,0.0817972,4.61574e-05,0.0102082,0,-3.20752,-10.6808,0.153403,-0.812856,-4.85905,1.72578,0.639
0.64,0.199892,0,0.0817972,4.61574e-05,0.0102082,0,-3.20806,-10.6857,0.15488,-0.793883,-4.76338,1.69985,0.64
0.641,0.199892,0,0.0817972,4.61574e-05,0.0102082,0,-3.20858,-10.6906,0.156336,-0.775339,-4.66962,1.67428,0.641
0.642,0.199892,0,0.0817972,4.61574e-05,0.0102082,0,-3.20909,-10.6953,0.157771,-0.757215,-4.57771,1.64909,0.642
0.643,0.199892,0,0.0817972,4.61574e-05,0.0102082,0,-3.20959,-10.7,0.159186,-0.739501,-4.48761,1.62425,0.643
0.644,0.199892,0,0.0817972,4.61574e-05,0.0102082,0,-3.21007,-10.7046,0.160581,-0.722189,-4.39929,1.59978,0.644
0.645,0.199892,0,0.0817972,4.61574e-05,0.0102082,0,-3.21054,-10.7091,0.161956,-0.705269,-4.31271,1.57565,0.645
0.646,0.199892,0,0.0817972,4.61574e-05,0.0102082,0,-3.21099,-10.7134,0.163311,-0.688734,-4.22782,1.55188,0.646
0.647,0.199892,0,0.0817972,4.61574e-05,0.0102082,0,-3.21143,-10.7178,0.164647,-0.672574,-4.14461,1.52844,0.647
0.648,0.199892,0,0.0817972,4.61574e-05,0.0102082,0,-3.21186,-10.722,0.165964,-0.656781,-4.06303,1.50535,0.648
0.649,0.199892,0,0.0817972,4.61574e-05,0.0102082,0,-3.21227,-10.7261,0.167262,-0.641348,-3.98306,1.48258,0.649
0.65,0.199892,0,0.0817972,4.61574e-05,0.0102082,0,-3.21268,-10.7302,0.168541,-0.626265,-3.90466,1.46015,0.65
0.651,0.199892,0,0.0817972,4.61574e-05,0.0102082,0,-3.21307,-10.7342,0.169802,-0.611526,-3.8278,1.43804,0.651
0.652,0.199892,0,0.0817972,4.61574e-05,0.0102082,0,-3.21345,-10.7381,0.171045,-0.597122,-3.75245,1.41626,0.652
0.653,0.199892,0,0.0817972,4.61574e-05,0.0102082,0,-3.21382,-10.7419,0.17227,-0.583047,-3.67859,1.39479,0.653
0.654,0.199892,0,0.0817972,4.61574e-05,0.0102082,0,-3.21417,-10.7456,0.173478,-0.569292,-3.60618,1.37363,0.654
0.655,0.199892,0,0.0817972,4.61574e-05,0.0102082,0,-3.21452,-10.7493,0.174668,-0.555851,-3.53519,1.35278,0.655
0.656,0.199892,0,0.0817972,4.61574e-05,0.0102082,0,-3.21486,-10.7529,0.175841,-0.542716,-3.46559,1.33223,0.656
0.657,0.199892,0,0.0817972,4.61574e-05,0.0102082,0,-3.21519,-10.7565,0.176997,-0.529882,-3.39737,1.31198,0.657
0.658,0.199892,0,0.0817972,4.61574e-05,0.0102082,0,-3.2155,-10.7599,0.178136,-0.517341,-3.33049,1.29203,0.658
0.659,0.199892,0,0.0817972,4.61574e-05,0.0102082,0,-3.21581,-10.7633,0.179259,-0.505086,-3.26492,1.27236,0.659
0.66,0.199892,0,0.0817972,4.61574e-05,0.0102082,0,-3.21611,-10.7666,0.180366,-0.493111,-3.20065,1.25299,0.66
0.661,0.199892,0,0.0817972,4.61574e-05,0.0102082,0,-3.2164,-10.7699,0.181457,-0.481411,-3.13763,1.2339,0.661
0.662,0.199892,0,0.0817972,4.61574e-05,0.0102082,0,-3.21668,-10.7731,0.182531,-0.469978,-3.07586,1.21509,0.662
0.663,0.199892,0,0.0817972,4.61574e-05,0.0102082,0,-3.21695,-10.7763,0.183591,-0.458807,-3.0153,1.19655,0.663
0.664,0.199892,0,0.0817972,4.61574e-05,0.0102082,0,-3.21721,-10.7793,0.184634,-0.447893,-2.95594,1.17828,0.664
0.665,0.199892,0,0.0817972,4.61574e-05,0.0102082,0,-3.21747,-10.7824,0.185663,-0.437228,-2.89774,1.16029,0.665
0.666,0.199892,0,0.0817972,4.61574e-05,0.0102082,0,-3.21772,-10.7853,0.186677,-0.426808,-2.84069,1.14255,0.666
0.667,0.199892,0,0.0817972,4.61574e-05,0.0102082,0,-3.21796,-10.7882,0.187676,-0.416628,-2.78475,1.12508,0.667
0.668,0.199892,0,0.0817972,4.61574e-05,0.0102082,0,-3.21819,-10.7911,0.18866,-0.406681,-2.72992,1.10787,0.668
0.669,0.199892,0,0.0817972,4.61574e-05,0.0102082,0,-3.21842,-10.7938,0.18963,-0.396963,-2.67617,1.09091,0.669
0.67,0.199892,0,0.0817972,4.61574e-05,0.0102082,0,-3.21863,-10.7966,0.190586,-0.387468,-2.62348,1.0742,0.67
0.671,0.199892,0,0.0817972,4.61574e-05,0.0102082,0,-3.21884,-10.7993,0.191528,-0.378191,-2.57182,1.05773,0.671
0.672,0.199892,0,0.0817972,4.61574e-05,0.0102082,0,-3.21905,-10.8019,0.192456,-0.369129,-2.52118,1.04151,0.672
0.673,0.199892,0,0.0817972,4.61574e-05,0.0102082,0,-3.21925,-10.8045,0.193371,-0.360275,-2.47154,1.02553,0.673
0.674,0.199892,0,0.0817972,4.61574e-05,0.0102082,0,-3.21944,-10.807,0.194272,-0.351625,-2.42287,1.00978,0.674
0.675,0.199892,0,0.0817972,4.61574e-05,0.0102082,0,-3.21962,-10.8095,0.19516,-0.343175,-2.37517,0.994268,0.675
0.676,0.199892,0,0.0817972,4.61574e-05,0.0102082,0,-3.2198,-10.8119,0.196034,-0.334919,-2.3284,0.978985,0.676
0.677,0.199892,0,0.0817972,4.61574e-05,0.0102082,0,-3.21998,-10.8143,0.196896,-0.326854,-2.28255,0.963928,0.677
0.678,0.199892,0,0.0817972,4.61574e-05,0.0102082,0,-3.22014,-10.8166,0.197746,-0.318976,-2.2376,0.949095,0.678
0.679,0.199892,0,0.0817972,4.61574e-05,0.0102082,0,-3.2203,-10.8189,0.198582,-0.31128,-2.19354,0.934482,0.679
0.68,0.199892,0,0.0817972,4.61574e-05,0.0102082,0,-3.22046,-10.8211,0.199407,-0.303762,-2.15034,0.920087,0.68
0.681,0.199892,0,0.0817972,4.61574e-05,0.0102082,0,-3.22061,-10.8233,0.200219,-0.296418,-2.108,0.905905,0.681
0.682,0.199892,0,0.0817972,4.61574e-05,0.0102082,0,-3.22076,-10.8255,0.201019,-0.289244,-2.06649,0.891934,0.682
0.683,0.199892,0,0.0817972,4.61574e-05,0.0102082,0,-3.2209,-10.8276,0.201808,-0.282236,-2.02579,0.878172,0.683
0.684,0.199892,0,0.0817972,4.61574e-05,0.0102082,0,-3.22104,-10.8297,0.202585,-0.275391,-1.9859,0.864614,0.684
0.685,0.199892,0,0.0817972,4.61574e-05,0.0102082,0,-3.22117,-10.8317,0.20335,-0.268705,-1.94679,0.851259,0.685
0.686,0.199892,0,0.0817972,4.61574e-05,0.0102082,0,-3.22129,-10.8337,0.204104,-0.262174,-1.90845,0.838104,0.686
0.687,0.199892,0,0.0817972,4.61574e-05,0.0102082,0,-3.22142,-10.8356,0.204847,-0.255794,-1.87087,0.825144,0.687
0.688,0.199892,0,0.0817972,4.61574e-05,0.0102082,0,-3.22154,-10.8376,0.205578,-0.249564,-1.83403,0.812379,0.688
0.689,0.199892,0,0.0817972,4.61574e-05,0.0102082,0,-3.22165,-10.8394,0.206299,-0.243478,-1.79791,0.799805,0.689
0.69,0.199892,0,0.0817972,4.61574e-05,0.0102082,0,-3.22176,-10.8413,0.207009,-0.237534,-1.7625,0.787419,0.69
0.691,0.199892,0,0.0817972,4.61574e-05,0.0102082,0,-3.22187,-10.8431,0.207709,-0.231728,-1.72779,0.775218,0.691
0.692,0.199892,0,0.0817972,4.61574e-05,0.0102082,0,-3.22197,-10.8448,0.208398,-0.226058,-1.69377,0.763201,0.692
0.693,0.199892,0,0.0817972,4.61574e-05,0.0102082,0,-3.22207,-10.8466,0.209077,-0.22052,-1.66041,0.751363,0.693
0.694,0.199892,0,0.0817972,4.61574e-05,0.0102082,0,-3.22216,-10.8483,0.209746,-0.215112,-1.62771,0.739704,0.694
0.695,0.199892,0,0.0817972,4.61574e-05,0.0102082,0,-3.22225,-10.8499,0.210405,-0.20983,-1.59565,0.72822,0.695
0.696,0.199892,0,0.0817972,4.61574e-05,0.0102082,0,-3.22234,-10.8516,0.211054,-0.204671,-1.56423,0.716908,0.696
0.697,0.199892,0,0.0817972,4.61574e-05,0.0102082,0,-3.22242,-10.8532,0.211693,-0.199633,-1.53342,0.705767,0.697
0.698,0.199892,0,0.0817972,4.61574e-05,0.0102082,0,-3.2225,-10.8548,0.212323,-0.194713,-1.50322,0.694794,0.698
0.699,0.199892,0,0.0817972,4.61574e-05,0.0102082,0,-3.22258,-10.8563,0.212943,-0.189909,-1.47362,0.683986,0.699
0.7,0.199892,0,0.0817972,4.61574e-05,0.0102082,0,-3.22266,-10.8578,0.213554,-0.185217,-1.4446,0.673341,0.7
0.701,0.199892,0,0.0817972,4.61574e-05,0.0102082,0,-3.22273,-10.8593,0.214156,-0.180635,-1.41615,0.662856,0.701
0.702,0.199892,0,0.0817972,4.61574e-05,0.0102082,0,-3.2228,-10.8607,0.214749,-0.176161,-1.38826,0.65253,0.702
0.703,0.199892,0,0.0817972,4.61574e-05,0.0102082,0,-3.22286,-10.8622,0.215333,-0.171793,-1.36092,0.64236,0.703
0.704,0.199892,0,0.0817972,4.61574e-05,0.0102082,0,-3.22293,-10.8636,0.215908,-0.167527,-1.33411,0.632344,0.704
0.705,0.199892,0,0.0817972,4.61574e-05,0.0102082,0,-3.22299,-10.8649,0.216474,-0.163361,-1.30784,0.62248,0.705
0.706,0.199892,0,0.0817972,4.61574e-05,0.0102082,0,-3.22305,-10.8663,0.217032,-0.159294,-1.28208,0.612764,0.706
0.707,0.199892,0,0.0817972,4.61574e-05,0.0102082,0,-3.2231,-10.8676,0.217582,-0.155322,-1.25683,0.603196,0.707
0.708,0.199892,0,0.0817972,4.61574e-05,0.0102082,0,-3.22316,-10.8689,0.218123,-0.151444,-1.23208,0.593773,0.708
0.709,0.199892,0,0.0817972,4.61574e-05,0.0102082,0,-3.22321,-10.8701,0.218656,-0.147658,-1.20781,0.584494,0.709
0.71,0.199892,0,0.0817972,4.61574e-05,0.0102082,0,-3.22325,-10.8714,0.219181,-0.143962,-1.18402,0.575355,0.71
0.711,0.199892,0,0.0817972,4.61574e-05,0.0102082,0,-3.2233,-10.8726,0.219698,-0.140352,-1.1607,0.566354,0.711
0.712,0.199892,0,0.0817972,4.61574e-05,0.0102082,0,-3.22335,-10.8738,0.220208,-0.136829,-1.13784,0.557491,0.712
0.713,0.199892,0,0.0817972,4.61574e-05,0.0102082,0,-3.22339,-10.8749,0.220709,-0.133389,-1.11544,0.548763,0.713
0.714,0.199892,0,0.0817972,4.61574e-05,0.0102082,0,-3.22343,-10.8761,0.221203,-0.13003,-1.09347,0.540167,0.714
0.715,0.199892,0,0.0817972,4.61574e-05,0.0102082,0,-3.22347,-10.8772,0.22169,-0.126751,-1.07193,0.531702,0.715
0.716,0.199892,0,0.0817972,4.61574e-05,0.0102082,0,-3.2235,-10.8783,0.222169,-0.12355,-1.05082,0.523366,0.716
0.717,0.199892,0,0.0817972,4.61574e-05,0.0102082,0,-3.22354,-10.8794,0.222641,-0.120425,-1.03012,0.515158,0.717
0.718,0.199892,0,0.0817972,4.61574e-05,0.0102082,0,-3.22357,-10.8804,0.223106,-0.117375,-1.00983,0.507075,0.718
0.719,0.199892,0,0.0817972,4.61574e-05,0.0102082,0,-3.2236,-10.8815,0.223564,-0.114397,-0.989946,0.499115,0.719
0.72,0.199892,0,0.0817972,4.61574e-05,0.0102082,0,-3.22363,-10.8825,0.224014,-0.111491,-0.970449,0.491276,0.72
0.721,0.199892,0,0.0817972,4.61574e-05,0.0102082,0,-3.22366,-10.8835,0.224458,-0.108653,-0.951336,0.483558,0.721
0.722,0.199892,0,0.0817972,4.61574e-05,0.0102082,0,-3.22368,-10.8845,0.224895,-0.105884,-0.932599,0.475958,0.722
0.723,0.199892,0,0.0817972,4.61574e-05,0.0102082,0,-3.22371,-10.8854,0.225326,-0.10318,-0.914232,0.468474,0.723
0.724,0.199892,0,0.0817972,4.61574e-05,0.0102082,0,-3.22373,-10.8864,0.22575,-0.100542,-0.896226,0.461104,0.724
0.725,0.199892,0,0.0817972,4.61574e-05,0.0102082,0,-3.22375,-10.8873,0.226167,-0.0979664,-0.878575,0.453848,0.725
0.726,0.199892,0,0.0817972,4.61574e-05,0.0102082,0,-3.22377,-10.8882,0.226579,-0.0954527,-0.861271,0.446702,0.726
0.727,0.199892,0,0.0817972,4.61574e-05,0.0102082,0,-3.22379,-10.8891,0.226983,-0.0929994,-0.844308,0.439667,0.727
0.728,0.199892,0,0.0817972,4.61574e-05,0.0102082,0,-3.22381,-10.8899,0.227382,-0.090605,-0.82768,0.432739,0.728
0.729,0.199892,0,0.0817972,4.61574e-05,0.0102082,0,-3.22383,-10.8908,0.227775,-0.0882682,-0.811379,0.425918,0.729
0.73,0.199892,0,0.0817972,4.61574e-05,0.0102082,0,-3.22384,-10.8916,0.228161,-0.0859877,-0.795398,0.419201,0.73
0.731,0.199892,0,0.0817972,4.61574e-05,0.0102082,0,-3.22386,-10.8924,0.228542,-0.0837621,-0.779733,0.412588,0.731
0.732,0.199892,0,0.0817972,4.61574e-05,0.0102082,0,-3.22387,-10.8932,0.228917,-0.0815902,-0.764376,0.406077,0.732
0.733,0.199892,0,0.0817972,4.61574e-05,0.0102082,0,-3.22388,-10.894,0.229286,-0.0794708,-0.749322,0.399666,0.733
0.734,0.199892,0,0.0817972,4.61574e-05,0.0102082,0,-3.22389,-10.8948,0.229649,-0.0774025,-0.734564,0.393353,0.734
0.735,0.199892,0,0.0817972,4.61574e-05,0.0102082,0,-3.2239,-10.8956,0.230007,-0.0753844,-0.720097,0.387138,0.735
0.736,0.199892,0,0.0817972,4.61574e-05,0.0102082,0,-3.22391,-10.8963,0.230359,-0.0734151,-0.705915,0.381019,0.736
0.737,0.199892,0,0.0817972,4.61574e-05,0.0102082,0,-3.22392,-10.897,0.230706,-0.0714935,-0.692012,0.374994,0.737
0.738,0.199892,0,0.0817972,4.61574e-05,0.0102082,0,-3.22392,-10.8977,0.231048,-0.0696186,-0.678383,0.369062,0.738
0.739,0.199892,0,0.0817972,4.61574e-05,0.0102082,0,-3.22393,-10.8984,0.231384,-0.0677893,-0.665023,0.363222,0.739
0.74,0.199892,0,0.0817972,4.61574e-05,0.0102082,0,-3.22394,-10.8991,0.231716,-0.0660044,-0.651925,0.357472,0.74
0.741,0.199892,0,0.0817972,4.61574e-05,0.0102082,0,-3.22394,-10.8998,0.232042,-0.0642631,-0.639086,0.351811,0.741
0.742,0.199892,0,0.0817972,4.61574e-05,0.0102082,0,-3.22394,-10.9004,0.232363,-0.0625641,-0.626499,0.346237,0.742
0.743,0.199892,0,0.0817972,4.61574e-05,0.0102082,0,-3.22395,-10.9011,0.232679,-0.0609067,-0.614161,0.34075,0.743
0.744,0.199892,0,0.0817972,4.61574e-05,0.0102082,0,-3.22395,-10.9017,0.23299,-0.0592897,-0.602065,0.335347,0.744
0.745,0.199892,0,0.0817972,4.61574e-05,0.0102082,0,-3.22395,-10.9023,0.233297,-0.0577123,-0.590208,0.330029,0.745
0.746,0.199892,0,0.0817972,4.61574e-05,0.0102082,0,-3.22395,-10.903,0.233599,-0.0561736,-0.578584,0.324792,0.746
0.747,0.199892,0,0.0817972,4.61574e-05,0.0102082,0,-3.22395,-10.9036,0.233896,-0.0546726,-0.567189,0.319637,0.747
0.748,0.199892,0,0.0817972,4.61574e-05,0.0102082,0,-3.22395,-10.9041,0.234188,-0.0532084,-0.556019,0.314562,0.748
0.749,0.199892,0,0.0817972,4.61574e-05,0.0102082,0,-3.22395,-10.9047,0.234476,-0.0517802,-0.545068,0.309566,0.749
0.75,0.199892,0,0.0817972,4.61574e-05,0.0102082,0,-3.22395,-10.9053,0.23476,-0.0503871,-0.534334,0.304647,0.75
0.751,0.199892,0,0.0817972,4.61574e-05,0.0102082,0,-3.22394,-10.9058,0.235039,-0.0490284,-0.52381,0.299805,0.751
0.752,0.199892,0,0.0817972,4.61574e-05,0.0102082,0,-3.22394,-10.9064,0.235314,-0.0477032,-0.513495,0.295038,0.752
0.753,0.199892,0,0.0817972,4.61574e-05,0.0102082,0,-3.22394,-10.9069,0.235584,-0.0464107,-0.503382,0.290345,0.753
0.754,0.199892,0,0.0817972,4.61574e-05,0.0102082,0,-3.22393,-10.9074,0.235851,-0.0451502,-0.493468,0.285726,0.754
0.755,0.199892,0,0.0817972,4.61574e-05,0.0102082,0,-3.22393,-10.9079,0.236113,-0.0439209,-0.48375,0.281178,0.755
0.756,0.199892,0,0.0817972,4.61574e-05,0.0102082,0,-3.22392,-10.9084,0.236371,-0.0427221,-0.474223,0.276701,0.756
0.757,0.199892,0,0.0817972,4.61574e-05,0.0102082,0,-3.22392,-10.9089,0.236625,-0.0415531,-0.464884,0.272293,0.757
0.758,0.199892,0,0.0817972,4.61574e-05,0.0102082,0,-3.22391,-10.9094,0.236876,-0.0404131,-0.455729,0.267955,0.758
0.759,0.199892,0,0.0817972,4.61574e-05,0.0102082,0,-3.22391,-10.9099,0.237122,-0.0393015,-0.446754,0.263684,0.759
0.76,0.199892,0,0.0817972,4.61574e-05,0.0102082,0,-3.2239,-10.9103,0.237365,-0.0382176,-0.437956,0.25948,0.76
0.761,0.199892,0,0.0817972,4.61574e-05,0.0102082,0,-3.22389,-10.9108,0.237603,-0.0371608,-0.429331,0.255341,0.761
0.762,0.199892,0,0.0817972,4.61574e-05,0.0102082,0,-3.22389,-10.9112,0.237838,-0.0361303,-0.420876,0.251267,0.762
0.763,0.199892,0,0.0817972,4.61574e-05,0.0102082,0,-3.22388,-10.9116,0.23807,-0.0351257,-0.412587,0.247257,0.763
0.764,0.199892,0,0.0817972,4.61574e-05,0.0102082,0,-3.22387,-10.9121,0.238297,-0.0341463,-0.404462,0.243309,0.764
0.765,0.199892,0,0.0817972,4.61574e-05,0.0102082,0,-3.22386,-10.9125,0.238522,-0.0331914,-0.396497,0.239424,0.765
0.766,0.199892,0,0.0817972,4.61574e-05,0.0102082,0,-3.22385,-10.9129,0.238742,-0.0322605,-0.388689,0.235599,0.766
0.767,0.199892,0,0.0817972,4.61574e-05,0.0102082,0,-3.22384,-10.9133,0.23896,-0.0313531,-0.381035,0.231833,0.767
0.768,0.199892,0,0.0817972,4.61574e-05,0.0102082,0,-3.22384,-10.9137,0.239174,-0.0304686,-0.373531,0.228127,0.768
0.769,0.199892,0,0.0817972,4.61574e-05,0.0102082,0,-3.22383,-10.9141,0.239384,-0.0296064,-0.366175,0.224479,0.769
0.77,0.199892,0,0.0817972,4.61574e-05,0.0102082,0,-3.22382,-10.9145,0.239591,-0.028766,-0.358964,0.220888,0.77
0.771,0.199892,0,0.0817972,4.61574e-05,0.0102082,0,-3.22381,-10.9148,0.239796,-0.0279468,-0.351895,0.217354,0.771
0.772,0.199892,0,0.0817972,4.61574e-05,0.0102082,0,-3.2238,-10.9152,0.239996,-0.0271485,-0.344965,0.213875,0.772
0.773,0.199892,0,0.0817972,4.61574e-05,0.0102082,0,-3.22379,-10.9155,0.240194,-0.0263704,-0.338172,0.21045,0.773
0.774,0.199892,0,0.0817972,4.61574e-05,0.0102082,0,-3.22378,-10.9159,0.240389,-0.0256122,-0.331513,0.207079,0.774
0.775,0.199892,0,0.0817972,4.61574e-05,0.0102082,0,-3.22377,-10.9162,0.24058,-0.0248732,-0.324985,0.203762,0.775
0.776,0.199892,0,0.0817972,4.61574e-05,0.0102082,0,-3.22375,-10.9166,0.240769,-0.0241531,-0.318585,0.200496,0.776
0.777,0.199892,0,0.0817972,4.61574e-05,0.0102082,0,-3.22374,-10.9169,0.240955,-0.0234515,-0.312311,0.197282,0.777
0.778,0.199892,0,0.0817972,4.61574e-05,0.0102082,0,-3.22373,-10.9172,0.241137,-0.0227678,-0.306161,0.194118,0.778
0.779,0.199892,0,0.0817972,4.61574e-05,0.0102082,0,-3.22372,-10.9175,0.241317,-0.0221016,-0.300133,0.191004,0.779
0.78,0.199892,0,0.0817972,4.61574e-05,0.0102082,0,-3.22371,-10.9179,0.241494,-0.0214526,-0.294222,0.187939,0.78
0.781,0.199892,0,0.0817972,4.61574e-05,0.0102082,0,-3.2237,-10.9182,0.241668,-0.0208203,-0.288429,0.184922,0.781
0.782,0.199892,0,0.0817972,4.61574e-05,0.0102082,0,-3.22369,-10.9185,0.24184,-0.0202042,-0.282749,0.181953,0.782
0.783,0.199892,0,0.0817972,4.61574e-05,0.0102082,0,-3.22367,-10.9187,0.242009,-0.0196041,-0.277181,0.179031,0.783
0.784,0.199892,0,0.0817972,4.61574e-05,0.0102082,0,-3.22366,-10.919,0.242175,-0.0190196,-0.271723,0.176155,0.784
0.785,0.199892,0,0.0817972,4.61574e-05,0.0102082,0,-3.22365,-10.9193,0.242338,-0.0184501,-0.266373,0.173324,0.785
0.786,0.199892,0,0.0817972,4.61574e-05,0.0102082,0,-3.22364,-10.9196,0.242499,-0.0178955,-0.261128,0.170537,0.786
0.787,0.199892,0,0.0817972,4.61574e-05,0.0102082,0,-3.22363,-10.9199,0.242658,-0.0173553,-0.255986,0.167795,0.787
0.788,0.199892,0,0.0817972,4.61574e-05,0.0102082,0,-3.22361,-10.9201,0.242814,-0.0168292,-0.250945,0.165096,0.788
0.789,0.199892,0,0.0817972,4.61574e-05,0.0102082,0,-3.2236,-10.9204,0.242967,-0.0163168,-0.246004,0.16244,0.789
0.79,0.199892,0,0.0817972,4.61574e-05,0.0102082,0,-3.22359,-10.9206,0.243118,-0.0158179,-0.24116,0.159826,0.79
0.791,0.199892,0,0.0817972,4.61574e-05,0.0102082,0,-3.22358,-10.9209,0.243267,-0.015332,-0.236411,0.157253,0.791
0.792,0.199892,0,0.0817972,4.61574e-05,0.0102082,0,-3.22357,-10.9211,0.243413,-0.0148589,-0.231756,0.154721,0.792
0.793,0.199892,0,0.0817972,4.61574e-05,0.0102082,0,-3.22355,-10.9214,0.243558,-0.0143982,-0.227193,0.152228,0.793
0.794,0.199892,0,0.0817972,4.61574e-05,0.0102082,0,-3.22354,-10.9216,0.243699,-0.0139497,-0.222719,0.149776,0.794
0.795,0.199892,0,0.0817972,4.61574e-05,0.0102082,0,-3.22353,-10.9218,0.243839,-0.0135131,-0.218334,0.147362,0.795
0.796,0.199892,0,0.0817972,4.61574e-05,0.0102082,0,-3.22352,-10.9221,0.243976,-0.013088,-0.214035,0.144986,0.796
0.797,0.199892,0,0.0817972,4.61574e-05,0.0102082,0,-3.2235,-10.9223,0.244111,-0.0126742,-0.209821,0.142648,0.797
0.798,0.199892,0,0.0817972,4.61574e-05,0.0102082,0,-3.22349,-10.9225,0.244244,-0.0122714,-0.205689,0.140347,0.798
0.799,0.199892,0,0.0817972,4.61574e-05,0.0102082,0,-3.22348,-10.9227,0.244375,-0.0118794,-0.201639,0.138083,0.799
0,0.199892,0,0.0817972,4.61574e-05,0.0102082,0,-3.22347,-10.9229,0.244504,-0.0114978,-0.197669,0.135854,0.8
