BST,AMR,ALR,AIR,ASR,ASO,AIO,RX,RY,RZ,RXu,RYu,RZu,SST
0,0,0,0,0,0,0,0,0,0,0,0,0,0
0,0,0,0,0,0,0,0,0,0,0,0,0,0
0,0,0,0,0,0,0,0,0,0,0,0,0,0
0.001,0,0,0,0,0,0,0,0,0,0,0,0,0.001
0.002,0,0,0,0,0,0,0,0,0,0,0,0,0.002
0.003,0,0,0,0,0,0,0,0,0,0,0,0,0.003
0.004,0,0,0,0,0,0,0,0,0,0,0,0,0.004
0.005,0,0,0,0,0,0,0,0,0,0,0,0,0.005
0.006,0,0,0,0,0,0,0,0,0,0,0,0,0.006
0.007,0,0,0,0,0,0,0,0,0,0,0,0,0.007
0.008,0,0,0,0,0,0,0,0,0,0,0,0,0.008
0.009,0,0,0,0,0,0,0,0,0,0,0,0,0.009
0.01,0,0,0,0,0,0,0,0,0,0,0,0,0.01
0.011,0,0,0,0,0,0,0,0,0,0,0,0,0.011
0.012,0,0,0,0,0,0,0,0,0,0,0,0,0.012
0.013,0,0,0,0,0,0,0,0,0,0,0,0,0.013
0.014,0,0,0,0,0,0,0,0,0,0,0,0,0.014
0.015,0,0,0,0,0,0,0,0,0,0,0,0,0.015
0.016,0,0,0,0,0,0,0,0,0,0,0,0,0.016
0.017,0,0,0,0,0,0,0,0,0,0,0,0,0.017
0.018,0,0,0,0,0,0,0,0,0,0,0,0,0.018
0.019,0,0,0,0,0,0,0,0,0,0,0,0,0.019
0.02,0,0,0,0,0,0,0,0,0,0,0,0,0.02
0.021,0,0,0,0,0,0,0,0,0,0,0,0,0.021
0.022,0,0,0,0,0,0,0,0,0,0,0,0,0.022
0.023,0,0,0,0,0,0,0,0,0,0,0,0,0.023
0.024,0,0,0,0,0,0,0,0,0,0,0,0,0.024
0.025,0,0,0,0,0,0,0,0,0,0,0,0,0.025
0.026,0,0,0,0,0,0,0,0,0,0,0,0,0.026
0.027,0,0,0,0,0,0,0,0,0,0,0,0,0.027
0.028,0,0,0,0,0,0,0,0,0,0,0,0,0.028
0.029,0,0,0,0,0,0,0,0,0,0,0,0,0.029
0.03,0,0,0,0,0,0,0,0,0,0,0,0,0.03
0.031,0,0,0,0,0,0,0,0,0,0,0,0,0.031
0.032,0,0,0,0,0,0,0,0,0,0,0,0,0.032
0.033,0,0,0,0,0,0,0,0,0,0,0,0,0.033
0.034,0,0,0,0,0,0,0,0,0,0,0,0,0.034
0.035,0,0,0,0,0,0,0,0,0,0,0,0,0.035
0.036,0,0,0,0,0,0,0,0,0,0,0,0,0.036
0.037,0,0,0,0,0,0,0,0,0,0,0,0,0.037
0.038,0,0,0,0,0,0,0,0,0,0,0,0,0.038
0.039,0,0,0,0,0,0,0,0,0,0,0,0,0.039
0.04,0,0,0,0,0,0,0,0,0,0,0,0,0.04
0.041,0,0,0,0,0,0,0,0,0,0,0,0,0.041
0.042,0,0,0,0,0,0,0,0,0,0,0,0,0.042
0.043,0,0,0,0,0,0,0,0,0,0,0,0,0.043
0.044,0,0,0,0,0,0,0,0,0,0,0,0,0.044
0.045,0,0,0,0,0,0,0,0,0,0,0,0,0.045
0.046,0,0,0,0,0,0,0,0,0,0,0,0,0.046
0.047,0,0,0,0,0,0,0,0,0,0,0,0,0.047
0.048,0,0,0,0,0,0,0,0,0,0,0,0,0.048
0.049,0,0,0,0,0,0,0,0,0,0,0,0,0.049
0.05,0,0,0,0,0,0,0,0,0,0,0,0,0.05
0.051,0,0,0,0,0,0,0,0,0,0,0,0,0.051
0.052,0,0,0,0,0,0,0,0,0,0,0,0,0.052
0.053,0,0,0,0,0,0,0,0,0,0,0,0,0.053
0.054,0,0,0,0,0,0,0,0,0,0,0,0,0.054
0.055,0,0,0,0,0,0,0,0,0,0,0,0,0.055
0.056,0,0,0,0,0,0,0,0,0,0,0,0,0.056
0.057,0,0,0,0,0,0,0,0,0,0,0,0,0.057
0.058,0,0,0,0,0,0,0,0,0,0,0,0,0.058
0.059,0,0,0,0,0,0,0,0,0,0,0,0,0.059
0.06,0,0,0,0,0,0,0,0,0,0,0,0,0.06
0.061,0,0,0,0,0,0,0,0,0,0,0,0,0.061
0.062,0,0,0,0,0,0,0,0,0,0,0,0,0.062
0.063,0,0,0,0,0,0,0,0,0,0,0,0,0.063
0.064,0,0,0,0,0,0,0,0,0,0,0,0,0.064
0.065,0,0,0,0,0,0,0,0,0,0,0,0,0.065
0.066,0,0,0,0,0,0,0,0,0,0,0,0,0.066
0.067,0,0,0,0,0,0,0,0,0,0,0,0,0.067
0.068,0,0,0,0,0,0,0,0,0,0,0,0,0.068
0.069,0,0,0,0,0,0,0,0,0,0,0,0,0.069
0.07,0,0,0,0,0,0,0,0,0,0,0,0,0.07
0.071,0,0,0,0,0,0,0,0,0,0,0,0,0.071
0.072,0,0,0,0,0,0,0,0,0,0,0,0,0.072
0.073,0,0,0,0,0,0,0,0,0,0,0,0,0.073
0.074,0,0,0,0,0,0,0,0,0,0,0,0,0.074
0.075,0,0,0,0,0,0,0,0,0,0,0,0,0.075
0.076,0,0,0,0,0,0,0,0,0,0,0,0,0.076
0.077,0,0,0,0,0,0,0,0,0,0,0,0,0.077
0.078,0,0,0,0,0,0,0,0,0,0,0,0,0.078
0.079,0,0,0,0,0,0,0,0,0,0,0,0,0.079
0.08,0,0,0,0,0,0,0,0,0,0,0,0,0.08
0.081,0,0,0,0,0,0,0,0,0,0,0,0,0.081
0.082,0,0,0,0,0,0,0,0,0,0,0,0,0.082
0.083,0,0,0,0,0,0,0,0,0,0,0,0,0.083
0.084,0,0,0,0,0,0,0,0,0,0,0,0,0.084
0.085,0,0,0,0,0,0,0,0,0,0,0,0,0.085
0.086,0,0,0,0,0,0,0,0,0,0,0,0,0.086
0.087,0,0,0,0,0,0,0,0,0,0,0,0,0.087
0.088,0,0,0,0,0,0,0,0,0,0,0,0,0.088
0.089,0,0,0,0,0,0,0,0,0,0,0,0,0.089
0.09,0,0,0,0,0,0,0,0,0,0,0,0,0.09
0.091,0,0,0,0,0,0,0,0,0,0,0,0,0.091
0.092,0,0,0,0,0,0,0,0,0,0,0,0,0.092
0.093,0,0,0,0,0,0,0,0,0,0,0,0,0.093
0.094,0,0,0,0,0,0,0,0,0,0,0,0,0.094
0.095,0,0,0,0,0,0,0,0,0,0,0,0,0.095
0.096,0,0,0,0,0,0,0,0,0,0,0,0,0.096
0.097,0,0,0,0,0,0,0,0,0,0,0,0,0.097
0.098,0,0,0,0,0,0,0,0,0,0,0,0,0.098
0.099,0,0,0,0,0,0,0,0,0,0,0,0,0.099
0.1,0,0,0,0,0,0,0,0,0,0,0,0,0.1
0.101,0,0,0,0,0,0,0,0,0,0,0,0,0.101
0.102,0,0,0,0,0,0,0,0,0,0,0,0,0.102
0.103,0,0,0,0,0,0,0,0,0,0,0,0,0.103
0.104,0,0,0,0,0,0,0,0,0,0,0,0,0.104
0.105,0,0,0,0,0,0,0,0,0,0,0,0,0.105
0.106,0,0,0,0,0,0,0,0,0,0,0,0,0.106
0.107,0,0,0,0,0,0,0,0,0,0,0,0,0.107
0.108,0,0,0,0,0,0,0,0,0,0,0,0,0.108
0.109,0,0,0,0,0,0,0,0,0,0,0,0,0.109
0.11,0,0,0,0,0,0,0,0,0,0,0,0,0.11
0.111,0,0,0,0,0,0,0,0,0,0,0,0,0.111
0.112,0,0,0,0,0,0,0,0,0,0,0,0,0.112
0.113,0,0,0,0,0,0,0,0,0,0,0,0,0.113
0.114,0,0,0,0,0,0,0,0,0,0,0,0,0.114
0.115,0,0,0,0,0,0,0,0,0,0,0,0,0.115
0.116,0,0,0,0,0,0,0,0,0,0,0,0,0.116
0.117,0,0,0,0,0,0,0,0,0,0,0,0,0.117
0.118,0,0,0,0,0,0,0,0,0,0,0,0,0.118
0.119,0,0,0,0,0,0,0,0,0,0,0,0,0.119
0.12,0,0,0,0,0,0,0,0,0,0,0,0,0.12
0.121,0,0,0,0,0,0,0,0,0,0,0,0,0.121
0.122,0,0,0,0,0,0,0,0,0,0,0,0,0.122
0.123,0,0,0,0,0,0,0,0,0,0,0,0,0.123
0.124,0,0,0,0,0,0,0,0,0,0,0,0,0.124
0.125,0,0,0,0,0,0,0,0,0,0,0,0,0.125
0.126,0,0,0,0,0,0,0,0,0,0,0,0,0.126
0.127,0,0,0,0,0,0,0,0,0,0,0,0,0.127
0.128,0,0,0,0,0,0,0,0,0,0,0,0,0.128
0.129,0,0,0,0,0,0,0,0,0,0,0,0,0.129
0.13,0,0,0,0,0,0,0,0,0,0,0,0,0.13
0.131,0,0,0,0,0,0,0,0,0,0,0,0,0.131
0.132,0,0,0,0,0,0,0,0,0,0,0,0,0.132
0.133,0,0,0,0,0,0,0,0,0,0,0,0,0.133
0.134,0,0,0,0,0,0,0,0,0,0,0,0,0.134
0.135,0,0,0,0,0,0,0,0,0,0,0,0,0.135
0.136,0,0,0,0,0,0,0,0,0,0,0,0,0.136
0.137,0,0,0,0,0,0,0,0,0,0,0,0,0.137
0.138,0,0,0,0,0,0,0,0,0,0,0,0,0.138
0.139,0,0,0,0,0,0,0,0,0,0,0,0,0.139
0.14,0,0,0,0,0,0,0,0,0,0,0,0,0.14
0.141,0,0,0,0,0,0,0,0,0,0,0,0,0.141
0.142,0,0,0,0,0,0,0,0,0,0,0,0,0.142
0.143,0,0,0,0,0,0,0,0,0,0,0,0,0.143
0.144,0,0,0,0,0,0,0,0,0,0,0,0,0.144
0.145,0,0,0,0,0,0,0,0,0,0,0,0,0.145
0.146,0,0,0,0,0,0,0,0,0,0,0,0,0.146
0.147,0,0,0,0,0,0,0,0,0,0,0,0,0.147
0.148,0,0,0,0,0,0,0,0,0,0,0,0,0.148
0.149,0,0,0,0,0,0,0,0,0,0,0,0,0.149
0.15,0,0,0,0,0,0,0,0,0,0,0,0,0.15
0.151,0,0,0,0,0,0,0,0,0,0,0,0,0.151
0.152,0,0,0,0,0,0,0,0,0,0,0,0,0.152
0.153,0,0,0,0,0,0,0,0,0,0,0,0,0.153
0.154,0,0,0,0,0,0,0,0,0,0,0,0,0.154
0.155,0,0,0,0,0,0,0,0,0,0,0,0,0.155
0.156,0,0,0,0,0,0,0,0,0,0,0,0,0.156
0.157,0,0,0,0,0,0,0,0,0,0,0,0,0.157
0.158,0,0,0,0,0,0,0,0,0,0,0,0,0.158
0.159,0,0,0,0,0,0,0,0,0,0,0,0,0.159
0.16,0,0,0,0,0,0,0,0,0,0,0,0,0.16
0.161,0,0,0,0,0,0,0,0,0,0,0,0,0.161
0.162,0,0,0,0,0,0,0,0,0,0,0,0,0.162
0.163,0,0,0,0,0,0,0,0,0,0,0,0,0.163
0.164,0,0,0,0,0,0,0,0,0,0,0,0,0.164
0.165,0,0,0,0,0,0,0,0,0,0,0,0,0.165
0.166,0,0,0,0,0,0,0,0,0,0,0,0,0.166
0.167,0,0,0,0,0,0,0,0,0,0,0,0,0.167
0.168,0,0,0,0,0,0,0,0,0,0,0,0,0.168
0.169,0,0,0,0,0,0,0,0,0,0,0,0,0.169
0.17,0,0,0,0,0,0,0,0,0,0,0,0,0.17
0.171,0,0,0,0,0,0,0,0,0,0,0,0,0.171
0.172,0,0,0,0,0,0,0,0,0,0,0,0,0.172
0.173,0,0,0,0,0,0,0,0,0,0,0,0,0.173
0.174,0,0,0,0,0,0,0,0,0,0,0,0,0.174
0.175,0,0,0,0,0,0,0,0,0,0,0,0,0.175
0.176,0,0,0,0,0,0,0,0,0,0,0,0,0.176
0.177,0,0,0,0,0,0,0,0,0,0,0,0,0.177
0.178,0,0,0,0,0,0,0,0,0,0,0,0,0.178
0.179,0,0,0,0,0,0,0,0,0,0,0,0,0.179
0.18,0,0,0,0,0,0,0,0,0,0,0,0,0.18
0.181,0,0,0,0,0,0,0,0,0,0,0,0,0.181
0.182,0,0,0,0,0,0,0,0,0,0,0,0,0.182
0.183,0,0,0,0,0,0,0,0,0,0,0,0,0.183
0.184,0,0,0,0,0,0,0,0,0,0,0,0,0.184
0.185,0,0,0,0,0,0,0,0,0,0,0,0,0.185
0.186,0,0,0,0,0,0,0,0,0,0,0,0,0.186
0.187,0,0,0,0,0,0,0,0,0,0,0,0,0.187
0.188,0,0,0,0,0,0,0,0,0,0,0,0,0.188
0.189,0,0,0,0,0,0,0,0,0,0,0,0,0.189
0.19,0,0,0,0,0,0,0,0,0,0,0,0,0.19
0.191,0,0,0,0,0,0,0,0,0,0,0,0,0.191
0.192,0,0,0,0,0,0,0,0,0,0,0,0,0.192
0.193,0,0,0,0,0,0,0,0,0,0,0,0,0.193
0.194,0,0,0,0,0,0,0,0,0,0,0,0,0.194
0.195,0,0,0,0,0,0,0,0,0,0,0,0,0.195
0.196,0,0,0,0,0,0,0,0,0,0,0,0,0.196
0.197,0,0,0,0,0,0,0,0,0,0,0,0,0.197
0.198,0,0,0,0,0,0,0,0,0,0,0,0,0.198
0.199,0,0,0,0,0,0,0,0,0,0,0,0,0.199
0.2,0,0,0,0,0,0,0,0,0,0,0,0,0.2
0.201,0,0,0,0,0,0,0,0,0,0,0,0,0.201
0.202,0,0,0,0,0,0,0,0,0,0,0,0,0.202
0.203,0,0,0,0,0,0,0,0,0,0,0,0,0.203
0.204,0,0,0,0,0,0,0,0,0,0,0,0,0.204
0.205,0,0,0,0,0,0,0,0,0,0,0,0,0.205
0.206,0,0,0,0,0,0,0,0,0,0,0,0,0.206
0.207,0,0,0,0,0,0,0,0,0,0,0,0,0.207
0.208,0,0,0,0,0,0,0,0,0,0,0,0,0.208
0.209,0,0,0,0,0,0,0,0,0,0,0,0,0.209
0.21,0,0,0,0,0,0,0,0,0,0,0,0,0.21
0.211,0,0,0,0,0,0,0,0,0,0,0,0,0.211
0.212,0,0,0,0,0,0,0,0,0,0,0,0,0.212
0.213,0,0,0,0,0,0,0,0,0,0,0,0,0.213
0.214,0,0,0,0,0,0,0,0,0,0,0,0,0.214
0.215,0,0,0,0,0,0,0,0,0,0,0,0,0.215
0.216,0,0,0,0,0,0,0,0,0,0,0,0,0.216
0.217,0,0,0,0,0,0,0,0,0,0,0,0,0.217
0.218,0,0,0,0,0,0,0,0,0,0,0,0,0.218
0.219,0,0,0,0,0,0,0,0,0,0,0,0,0.219
0.22,0,0,0,0,0,0,0,0,0,0,0,0,0.22
0.221,0,0,0,0,0,0,0,0,0,0,0,0,0.221
0.222,0,0,0,0,0,0,0,0,0,0,0,0,0.222
0.223,0,0,0,0,0,0,0,0,0,0,0,0,0.223
0.224,0,0,0,0,0,0,0,0,0,0,0,0,0.224
0.225,0,0,0,0,0,0,0,0,0,0,0,0,0.225
0.226,0,0,0,0,0,0,0,0,0,0,0,0,0.226
0.227,0,0,0,0,0,0,0,0,0,0,0,0,0.227
0.228,0,0,0,0,0,0,0,0,0,0,0,0,0.228
0.229,0,0,0,0,0,0,0,0,0,0,0,0,0.229
0.23,0,0,0,0,0,0,0,0,0,0,0,0,0.23
0.231,0,0,0,0,0,0,0,0,0,0,0,0,0.231
0.232,0,0,0,0,0,0,0,0,0,0,0,0,0.232
0.233,0,0,0,0,0,0,0,0,0,0,0,0,0.233
0.234,0,0,0,0,0,0,0,0,0,0,0,0,0.234
0.235,0,0,0,0,0,0,0,0,0,0,0,0,0.235
0.236,0,0,0,0,0,0,0,0,0,0,0,0,0.236
0.237,0,0,0,0,0,0,0,0,0,0,0,0,0.237
0.238,0,0,0,0,0,0,0,0,0,0,0,0,0.238
0.239,0,0,0,0,0,0,0,0,0,0,0,0,0.239
0.24,0,0,0,0,0,0,0,0,0,0,0,0,0.24
0.241,0,0,0,0,0,0,0,0,0,0,0,0,0.241
0.242,0,0,0,0,0,0,0,0,0,0,0,0,0.242
0.243,0,0,0,0,0,0,0,0,0,0,0,0,0.243
0.244,0,0,0,0,0,0,0,0,0,0,0,0,0.244
0.245,0,0,0,0,0,0,0,0,0,0,0,0,0.245
0.246,0,0,0,0,0,0,0,0,0,0,0,0,0.246
0.247,0,0,0,0,0,0,0,0,0,0,0,0,0.247
0.248,0,0,0,0,0,0,0,0,0,0,0,0,0.248
0.249,0,0,0,0,0,0,0,0,0,0,0,0,0.249
0.25,0,0,0,0,0,0,0,0,0,0,0,0,0.25
0.251,0,0,0,0,0,0,0,0,0,0,0,0,0.251
0.252,0,0,0,0,0,0,0,0,0,0,0,0,0.252
0.253,0,0,0,0,0,0,0,0,0,0,0,0,0.253
0.254,0,0,0,0,0,0,0,0,0,0,0,0,0.254
0.255,0,0,0,0,0,0,0,0,0,0,0,0,0.255
0.256,0,0,0,0,0,0,0,0,0,0,0,0,0.256
0.257,0,0,0,0,0,0,0,0,0,0,0,0,0.257
0.258,0,0,0,0,0,0,0,0,0,0,0,0,0.258
0.259,0,0,0,0,0,0,0,0,0,0,0,0,0.259
0.26,0,0,0,0,0,0,0,0,0,0,0,0,0.26
0.261,0,0,0,0,0,0,0,0,0,0,0,0,0.261
0.262,0,0,0,0,0,0,0,0,0,0,0,0,0.262
0.263,0,0,0,0,0,0,0,0,0,0,0,0,0.263
0.264,0,0,0,0,0,0,0,0,0,0,0,0,0.264
0.265,0,0,0,0,0,0,0,0,0,0,0,0,0.265
0.266,0,0,0,0,0,0,0,0,0,0,0,0,0.266
0.267,0,0,0,0,0,0,0,0,0,0,0,0,0.267
0.268,0,0,0,0,0,0,0,0,0,0,0,0,0.268
0.269,0,0,0,0,0,0,0,0,0,0,0,0,0.269
0.27,0,0,0,0,0,0,0,0,0,0,0,0,0.27
0.271,0,0,0,0,0,0,0,0,0,0,0,0,0.271
0.272,0,0,0,0,0,0,0,0,0,0,0,0,0.272
0.273,0,0,0,0,0,0,0,0,0,0,0,0,0.273
0.274,0,0,0,0,0,0,0,0,0,0,0,0,0.274
0.275,0,0,0,0,0,0,0,0,0,0,0,0,0.275
0.276,0,0,0,0,0,0,0,0,0,0,0,0,0.276
0.277,0,0,0,0,0,0,0,0,0,0,0,0,0.277
0.278,0,0,0,0,0,0,0,0,0,0,0,0,0.278
0.279,0,0,0,0,0,0,0,0,0,0,0,0,0.279
0.28,0,0,0,0,0,0,0,0,0,0,0,0,0.28
0.281,0,0,0,0,0,0,0,0,0,0,0,0,0.281
0.282,0,0,0,0,0,0,0,0,0,0,0,0,0.282
0.283,0,0,0,0,0,0,0,0,0,0,0,0,0.283
0.284,0,0,0,0,0,0,0,0,0,0,0,0,0.284
0.285,0,0,0,0,0,0,0,0,0,0,0,0,0.285
0.286,0,0,0,0,0,0,0,0,0,0,0,0,0.286
0.287,0,0,0,0,0,0,0,0,0,0,0,0,0.287
0.288,0,0,0,0,0,0,0,0,0,0,0,0,0.288
0.289,0,0,0,0,0,0,0,0,0,0,0,0,0.289
0.29,0,0,0,0,0,0,0,0,0,0,0,0,0.29
0.291,0,0,0,0,0,0,0,0,0,0,0,0,0.291
0.292,0,0,0,0,0,0,0,0,0,0,0,0,0.292
0.293,0,0,0,0,0,0,0,0,0,0,0,0,0.293
0.294,0,0,0,0,0,0,0,0,0,0,0,0,0.294
0.295,0,0,0,0,0,0,0,0,0,0,0,0,0.295
0.296,0,0,0,0,0,0,0,0,0,0,0,0,0.296
0.297,0,0,0,0,0,0,0,0,0,0,0,0,0.297
0.298,0,0,0,0,0,0,0,0,0,0,0,0,0.298
0.299,0,0,0,0,0,0,0,0,0,0,0,0,0.299
0.3,0,0,0,0,0,0,0,0,0,0,0,0,0.3
0.301,0,0,0,0,0,0,0,0,0,0,0,0,0.301
0.302,0,0,0,0,0,0,0,0,0,0,0,0,0.302
0.303,0,0,0,0,0,0,0,0,0,0,0,0,0.303
0.304,0,0,0,0,0,0,0,0,0,0,0,0,0.304
0.305,0,0,0,0,0,0,0,0,0,0,0,0,0.305
0.306,0,0,0,0,0,0,0,0,0,0,0,0,0.306
0.307,0,0,0,0,0,0,0,0,0,0,0,0,0.307
0.308,0,0,0,0,0,0,0,0,0,0,0,0,0.308
0.309,0,0,0,0,0,0,0,0,0,0,0,0,0.309
0.31,0,0,0,0,0,0,0,0,0,0,0,0,0.31
0.311,0,0,0,0,0,0,0,0,0,0,0,0,0.311
0.312,0,0,0,0,0,0,0,0,0,0,0,0,0.312
0.313,0,0,0,0,0,0,0,0,0,0,0,0,0.313
0.314,0,0,0,0,0,0,0,0,0,0,0,0,0.314
0.315,0,0,0,0,0,0,0,0,0,0,0,0,0.315
0.316,0,0,0,0,0,0,0,0,0,0,0,0,0.316
0.317,0,0,0,0,0,0,0,0,0,0,0,0,0.317
0.318,0,0,0,0,0,0,0,0,0,0,0,0,0.318
0.319,0,0,0,0,0,0,0,0,0,0,0,0,0.319
0.32,0,0,0,0,0,0,0,0,0,0,0,0,0.32
0.321,0,0,0,0,0,0,0,0,0,0,0,0,0.321
0.322,0,0,0,0,0,0,0,0,0,0,0,0,0.322
0.323,0,0,0,0,0,0,0,0,0,0,0,0,0.323
0.324,0,0,0,0,0,0,0,0,0,0,0,0,0.324
0.325,0,0,0,0,0,0,0,0,0,0,0,0,0.325
0.326,0,0,0,0,0,0,0,0,0,0,0,0,0.326
0.327,0,0,0,0,0,0,0,0,0,0,0,0,0.327
0.328,0,0,0,0,0,0,0,0,0,0,0,0,0.328
0.329,0,0,0,0,0,0,0,0,0,0,0,0,0.329
0.33,0,0,0,0,0,0,0,0,0,0,0,0,0.33
0.331,0,0,0,0,0,0,0,0,0,0,0,0,0.331
0.332,0,0,0,0,0,0,0,0,0,0,0,0,0.332
0.333,0,0,0,0,0,0,0,0,0,0,0,0,0.333
0.334,0,0,0,0,0,0,0,0,0,0,0,0,0.334
0.335,0,0,0,0,0,0,0,0,0,0,0,0,0.335
0.336,0,0,0,0,0,0,0,0,0,0,0,0,0.336
0.337,0,0,0,0,0,0,0,0,0,0,0,0,0.337
0.338,0,0,0,0,0,0,0,0,0,0,0,0,0.338
0.339,0,0,0,0,0,0,0,0,0,0,0,0,0.339
0.34,0,0,0,0,0,0,0,0,0,0,0,0,0.34
0.341,0,0,0,0,0,0,0,0,0,0,0,0,0.341
0.342,0,0,0,0,0,0,0,0,0,0,0,0,0.342
0.343,0,0,0,0,0,0,0,0,0,0,0,0,0.343
0.344,0,0,0,0,0,0,0,0,0,0,0,0,0.344
0.345,0,0,0,0,0,0,0,0,0,0,0,0,0.345
0.346,0,0,0,0,0,0,0,0,0,0,0,0,0.346
0.347,0,0,0,0,0,0,0,0,0,0,0,0,0.347
0.348,0,0,0,0,0,0,0,0,0,0,0,0,0.348
0.349,0,0,0,0,0,0,0,0,0,0,0,0,0.349
0.35,0,0,0,0,0,0,0,0,0,0,0,0,0.35
0.351,0,0,0,0,0,0,0,0,0,0,0,0,0.351
0.352,0,0,0,0,0,0,0,0,0,0,0,0,0.352
0.353,0,0,0,0,0,0,0,0,0,0,0,0,0.353
0.354,0,0,0,0,0,0,0,0,0,0,0,0,0.354
0.355,0,0,0,0,0,0,0,0,0,0,0,0,0.355
0.356,0,0,0,0,0,0,0,0,0,0,0,0,0.356
0.357,0,0,0,0,0,0,0,0,0,0,0,0,0.357
0.358,0,0,0,0,0,0,0,0,0,0,0,0,0.358
0.359,0,0,0,0,0,0,0,0,0,0,0,0,0.359
0.36,0,0,0,0,0,0,0,0,0,0,0,0,0.36
0.361,0,0,0,0,0,0,0,0,0,0,0,0,0.361
0.362,0,0,0,0,0,0,0,0,0,0,0,0,0.362
0.363,0,0,0,0,0,0,0,0,0,0,0,0,0.363
0.364,0,0,0,0,0,0,0,0,0,0,0,0,0.364
0.365,0,0,0,0,0,0,0,0,0,0,0,0,0.365
0.366,0,0,0,0,0,0,0,0,0,0,0,0,0.366
0.367,0,0,0,0,0,0,0,0,0,0,0,0,0.367
0.368,0,0,0,0,0,0,0,0,0,0,0,0,0.368
0.369,0,0,0,0,0,0,0,0,0,0,0,0,0.369
0.37,0,0,0,0,0,0,0,0,0,0,0,0,0.37
0.371,0,0,0,0,0,0,0,0,0,0,0,0,0.371
0.372,0,0,0,0,0,0,0,0,0,0,0,0,0.372
0.373,0,0,0,0,0,0,0,0,0,0,0,0,0.373
0.374,0,0,0,0,0,0,0,0,0,0,0,0,0.374
0.375,0,0,0,0,0,0,0,0,0,0,0,0,0.375
0.376,0,0,0,0,0,0,0,0,0,0,0,0,0.376
0.377,0,0,0,0,0,0,0,0,0,0,0,0,0.377
0.378,0,0,0,0,0,0,0,0,0,0,0,0,0.378
0.379,0,0,0,0,0,0,0,0,0,0,0,0,0.379
0.38,0,0,0,0,0,0,0,0,0,0,0,0,0.38
0.381,0,0,0,0,0,0,0,0,0,0,0,0,0.381
0.382,0,0,0,0,0,0,0,0,0,0,0,0,0.382
0.383,0,0,0,0,0,0,0,0,0,0,0,0,0.383
0.384,0,0,0,0,0,0,0,0,0,0,0,0,0.384
0.385,0,0,0,0,0,0,0,0,0,0,0,0,0.385
0.386,0,0,0,0,0,0,0,0,0,0,0,0,0.386
0.387,0,0,0,0,0,0,0,0,0,0,0,0,0.387
0.388,0,0,0,0,0,0,0,0,0,0,0,0,0.388
0.389,0,0,0,0,0,0,0,0,0,0,0,0,0.389
0.39,0,0,0,0,0,0,0,0,0,0,0,0,0.39
0.391,0,0,0,0,0,0,0,0,0,0,0,0,0.391
0.392,0,0,0,0,0,0,0,0,0,0,0,0,0.392
0.393,0,0,0,0,0,0,0,0,0,0,0,0,0.393
0.394,0,0,0,0,0,0,0,0,0,0,0,0,0.394
0.395,0,0,0,0,0,0,0,0,0,0,0,0,0.395
0.396,0,0,0,0,0,0,0,0,0,0,0,0,0.396
0.397,0,0,0,0,0,0,0,0,0,0,0,0,0.397
0.398,0,0,0,0,0,0,0,0,0,0,0,0,0.398
0.399,0,0,0,0,0,0,0,0,0,0,0,0,0.399
0.4,0,0,0,0,0,0,0,0,0,0,0,0,0.4
0.401,0,0,0,0,0,0,0,0,0,0,0,0,0.401
0.402,0,0,0,0,0,0,0,0,0,0,0,0,0.402
0.403,0,0,0,0,0,0,0,0,0,0,0,0,0.403
0.404,0,0,0,0,0,0,0,0,0,0,0,0,0.404
0.405,0,0,0,0,0,0,0,0,0,0,0,0,0.405
0.406,0,0,0,0,0,0,0,0,0,0,0,0,0.406
0.407,0,0,0,0,0,0,0,0,0,0,0,0,0.407
0.408,0,0,0,0,0,0,0,0,0,0,0,0,0.408
0.409,0,0,0,0,0,0,0,0,0,0,0,0,0.409
0.41,0,0,0,0,0,0,0,0,0,0,0,0,0.41
0.411,0,0,0,0,0,0,0,0,0,0,0,0,0.411
0.412,0,0,0,0,0,0,0,0,0,0,0,0,0.412
0.413,0,0,0,0,0,0,0,0,0,0,0,0,0.413
0.414,0,0,0,0,0,0,0,0,0,0,0,0,0.414
0.415,0,0,0,0,0,0,0,0,0,0,0,0,0.415
0.416,0,0,0,0,0,0,0,0,0,0,0,0,0.416
0.417,0,0,0,0,0,0,0,0,0,0,0,0,0.417
0.418,0,0,0,0,0,0,0,0,0,0,0,0,0.418
0.419,0,0,0,0,0,0,0,0,0,0,0,0,0.419
0.42,0,0,0,0,0,0,0,0,0,0,0,0,0.42
0.421,0,0,0,0,0,0,0,0,0,0,0,0,0.421
0.422,0,0,0,0,0,0,0,0,0,0,0,0,0.422
0.423,0,0,0,0,0,0,0,0,0,0,0,0,0.423
0.424,0,0,0,0,0,0,0,0,0,0,0,0,0.424
0.425,0,0,0,0,0,0,0,0,0,0,0,0,0.425
0.426,0,0,0,0,0,0,0,0,0,0,0,0,0.426
0.427,0,0,0,0,0,0,0,0,0,0,0,0,0.427
0.428,0,0,0,0,0,0,0,0,0,0,0,0,0.428
0.429,0,0,0,0,0,0,0,0,0,0,0,0,0.429
0.43,0,0,0,0,0,0,0,0,0,0,0,0,0.43
0.431,0,0,0,0,0,0,0,0,0,0,0,0,0.431
0.432,0,0,0,0,0,0,0,0,0,0,0,0,0.432
0.433,0,0,0,0,0,0,0,0,0,0,0,0,0.433
0.434,0,0,0,0,0,0,0,0,0,0,0,0,0.434
0.435,0,0,0,0,0,0,0,0,0,0,0,0,0.435
0.436,0,0,0,0,0,0,0,0,0,0,0,0,0.436
0.437,0,0,0,0,0,0,0,0,0,0,0,0,0.437
0.438,0,0,0,0,0,0,0,0,0,0,0,0,0.438
0.439,0,0,0,0,0,0,0,0,0,0,0,0,0.439
0.44,0,0,0,0,0,0,0,0,0,0,0,0,0.44
0.441,0,0,0,0,0,0,0,0,0,0,0,0,0.441
0.442,0,0,0,0,0,0,0,0,0,0,0,0,0.442
0.443,0,0,0,0,0,0,0,0,0,0,0,0,0.443
0.444,0,0,0,0,0,0,0,0,0,0,0,0,0.444
0.445,0,0,0,0,0,0,0,0,0,0,0,0,0.445
0.446,0,0,0,0,0,0,0,0,0,0,0,0,0.446
0.447,0,0,0,0,0,0,0,0,0,0,0,0,0.447
0.448,0,0,0,0,0,0,0,0,0,0,0,0,0.448
0.449,0,0,0,0,0,0,0,0,0,0,0,0,0.449
0.45,0,0,0,0,0,0,0,0,0,0,0,0,0.45
0.451,0,0,0,0,0,0,0,0,0,0,0,0,0.451
0.452,0,0,0,0,0,0,0,0,0,0,0,0,0.452
0.453,0,0,0,0,0,0,0,0,0,0,0,0,0.453
0.454,0,0,0,0,0,0,0,0,0,0,0,0,0.454
0.455,0,0,0,0,0,0,0,0,0,0,0,0,0.455
0.456,0,0,0,0,0,0,0,0,0,0,0,0,0.456
0.457,0,0,0,0,0,0,0,0,0,0,0,0,0.457
0.458,0,0,0,0,0,0,0,0,0,0,0,0,0.458
0.459,0,0,0,0,0,0,0,0,0,0,0,0,0.459
0.46,0,0,0,0,0,0,0,0,0,0,0,0,0.46
0.461,0,0,0,0,0,0,0,0,0,0,0,0,0.461
0.462,0,0,0,0,0,0,0,0,0,0,0,0,0.462
0.463,0,0,0,0,0,0,0,0,0,0,0,0,0.463
0.464,0,0,0,0,0,0,0,0,0,0,0,0,0.464
0.465,0,0,0,0,0,0,0,0,0,0,0,0,0.465
0.466,0,0,0,0,0,0,0,0,0,0,0,0,0.466
0.467,0,0,0,0,0,0,0,0,0,0,0,0,0.467
0.468,0,0,0,0,0,0,0,0,0,0,0,0,0.468
0.469,0,0,0,0,0,0,0,0,0,0,0,0,0.469
0.47,0,0,0,0,0,0,0,0,0,0,0,0,0.47
0.471,0,0,0,0,0,0,0,0,0,0,0,0,0.471
0.472,0,0,0,0,0,0,0,0,0,0,0,0,0.472
0.473,0,0,0,0,0,0,0,0,0,0,0,0,0.473
0.474,0,0,0,0,0,0,0,0,0,0,0,0,0.474
0.475,0,0,0,0,0,0,0,0,0,0,0,0,0.475
0.476,0,0,0,0,0,0,0,0,0,0,0,0,0.476
0.477,0,0,0,0,0,0,0,0,0,0,0,0,0.477
0.478,0,0,0,0,0,0,0,0,0,0,0,0,0.478
0.479,0,0,0,0,0,0,0,0,0,0,0,0,0.479
0.48,0,0,0,0,0,0,0,0,0,0,0,0,0.48
0.481,0,0,0,0,0,0,0,0,0,0,0,0,0.481
0.482,0,0,0,0,0,0,0,0,0,0,0,0,0.482
0.483,0,0,0,0,0,0,0,0,0,0,0,0,0.483
0.484,0,0,0,0,0,0,0,0,0,0,0,0,0.484
0.485,0,0,0,0,0,0,0,0,0,0,0,0,0.485
0.486,0,0,0,0,0,0,0,0,0,0,0,0,0.486
0.487,0,0,0,0,0,0,0,0,0,0,0,0,0.487
0.488,0,0,0,0,0,0,0,0,0,0,0,0,0.488
0.489,0,0,0,0,0,0,0,0,0,0,0,0,0.489
0.49,0,0,0,0,0,0,0,0,0,0,0,0,0.49
0.491,0,0,0,0,0,0,0,0,0,0,0,0,0.491
0.492,0,0,0,0,0,0,0,0,0,0,0,0,0.492
0.493,0,0,0,0,0,0,0,0,0,0,0,0,0.493
0.494,0,0,0,0,0,0,0,0,0,0,0,0,0.494
0.495,0,0,0,0,0,0,0,0,0,0,0,0,0.495
0.496,0,0,0,0,0,0,0,0,0,0,0,0,0.496
0.497,0,0,0,0,0,0,0,0,0,0,0,0,0.497
0.498,0,0,0,0,0,0,0,0,0,0,0,0,0.498
0.499,0,0,0,0,0,0,0,0,0,0,0,0,0.499
0.5,0,0,0,0,0,0,0,0,0,0,0,0,0.5
0.501,0,0,0,0,0,0,0,0,0,0,0,0,0.501
0.502,0,0,0,0,0,0,0,0,0,0,0,0,0.502
0.503,0,0,0,0,0,0,0,0,0,0,0,0,0.503
0.504,0,0,0,0,0,0,0,0,0,0,0,0,0.504
0.505,0,0,0,0,0,0,0,0,0,0,0,0,0.505
0.506,0,0,0,0,0,0,0,0,0,0,0,0,0.506
0.507,0,0,0,0,0,0,0,0,0,0,0,0,0.507
0.508,0,0,0,0,0,0,0,0,0,0,0,0,0.508
0.509,0,0,0,0,0,0,0,0,0,0,0,0,0.509
0.51,0,0,0,0,0,0,0,0,0,0,0,0,0.51
0.511,0,0,0,0,0,0,0,0,0,0,0,0,0.511
0.512,0,0,0,0,0,0,0,0,0,0,0,0,0.512
0.513,0,0,0,0,0,0,0,0,0,0,0,0,0.513
0.514,0,0,0,0,0,0,0,0,0,0,0,0,0.514
0.515,0,0,0,0,0,0,0,0,0,0,0,0,0.515
0.516,0,0,0,0,0,0,0,0,0,0,0,0,0.516
0.517,0,0,0,0,0,0,0,0,0,0,0,0,0.517
0.518,0,0,0,0,0,0,0,0,0,0,0,0,0.518
0.519,0,0,0,0,0,0,0,0,0,0,0,0,0.519
0.52,0,0,0,0,0,0,0,0,0,0,0,0,0.52
0.521,0,0,0,0,0,0,0,0,0,0,0,0,0.521
0.522,0,0,0,0,0,0,0,0,0,0,0,0,0.522
0.523,0,0,0,0,0,0,0,0,0,0,0,0,0.523
0.524,0,0,0,0,0,0,0,0,0,0,0,0,0.524
0.525,0,0,0,0,0,0,0,0,0,0,0,0,0.525
0.526,0,0,0,0,0,0,0,0,0,0,0,0,0.526
0.527,0,0,0,0,0,0,0,0,0,0,0,0,0.527
0.528,0,0,0,0,0,0,0,0,0,0,0,0,0.528
0.529,0,0,0,0,0,0,0,0,0,0,0,0,0.529
0.53,0,0,0,0,0,0,0,0,0,0,0,0,0.53
0.531,0,0,0,0,0,0,0,0,0,0,0,0,0.531
0.532,0,0,0,0,0,0,0,0,0,0,0,0,0.532
0.533,0,0,0,0,0,0,0,0,0,0,0,0,0.533
0.534,0,0,0,0,0,0,0,0,0,0,0,0,0.534
0.535,0,0,0,0,0,0,0,0,0,0,0,0,0.535
0.536,0,0,0,0,0,0,0,0,0,0,0,0,0.536
0.537,0,0,0,0,0,0,0,0,0,0,0,0,0.537
0.538,0,0,0,0,0,0,0,0,0,0,0,0,0.538
0.539,0,0,0,0,0,0,0,0,0,0,0,0,0.539
0.54,0,0,0,0,0,0,0,0,0,0,0,0,0.54
0.541,0,0,0,0,0,0,0,0,0,0,0,0,0.541
0.542,0,0,0,0,0,0,0,0,0,0,0,0,0.542
0.543,0.00524136,0,0,0,0,0,0,0,0,0,0,0,0.543
0.544,0.0473426,0,0,0,0,0,0,0,0,0,-2.57102,0,0.544
0.545,0.0977618,0,0,0,0,0,0,-0.00257102,0,0,-24.5742,0,0.545
0.546,0.1463,0,0,0,0,0,0,-0.0271453,0,0,-60.8523,0,0.546
0.547,0.189899,0,0,0,0,0,0,-0.0879975,0,0,-103.534,0,0.547
0.548,0.22843,0,0.000567022,0,0,0,0,-0.191532,0,0,-146.856,0,0.548
0.549,0.262637,0,0.00625229,0,0,0,0,-0.338388,0,-0.213576,-187.643,0.0355961,0.549
0.55,0.292096,0,0.0134555,0,0,0,-0.000213366,-0.52603,3.55967e-05,-2.4671,-224.423,0.411183,0.55
0.551,0.31615,0,0.0211564,0,0,0,-0.00267669,-0.750453,0.000445961,-6.36213,-256.338,1.06036,0.551
0.552,0.334143,0,0.0293262,0,0,0,-0.0090251,-1.00679,0.00149443,-11.285,-282.676,1.88084,0.552
0.553,0.345499,0,0.0383476,0,0,0,-0.0202779,-1.28947,0.00333103,-16.8853,-302.782,2.81428,0.553
0.554,0.349754,0,0.0486828,0,0,0,-0.0371022,-1.59225,0.00603884,-23.1115,-316.07,3.85232,0.554
0.555,0.347614,0,0.0604743,0,0,0,-0.0601123,-1.90832,0.0096879,-30.1038,-322.057,5.01861,0.555
0.556,0.342456,0,0.0735554,0,0,0,-0.0900601,-2.23039,0.0143712,-37.9841,-320.897,6.33388,0.556
0.557,0.335931,0,0.0877366,0,0,0,-0.127817,-2.55129,0.0202051,-46.7464,-314.391,7.7976,0.557
0.558,0.32888,0,0.102687,0,0.00033738,0,-0.174247,-2.8657,0.0273084,-56.3081,-304.359,9.39644,0.558
0.559,0.321727,0,0.117977,0,0.000915092,0,-0.230131,-3.17008,0.0357898,-66.4674,-292.215,11.0241,0.559
0.56,0.314687,0,0.133067,0,0.00169626,0,-0.296053,-3.46234,0.0456552,-76.9564,-278.961,12.6191,0.56
0.561,0.307864,0,0.147576,0,0.00266171,0,-0.372333,-3.74136,0.0568532,-87.4293,-265.271,14.1237,0.561
0.562,0.301307,0,0.161069,0,0.00378993,0,-0.458952,-4.00672,0.0692792,-97.5592,-251.578,15.4882,0.562
0.563,0.295034,0,0.172987,0,0.00506058,0,-0.555567,-4.25842,0.0827848,-107.014,-238.161,16.6656,0.563
0.564,0.28905,0,0.182749,0,0.00645239,0,-0.661513,-4.49673,0.09718,-115.416,-225.205,17.602,0.564
0.565,0.28335,0,0.189904,0,0.00793599,0,-0.775749,-4.72212,0.112227,-122.356,-212.837,18.2399,0.565
0.566,0.277926,0,0.194047,0,0.00944698,0,-0.896836,-4.93519,0.127636,-127.465,-201.146,18.5298,0.566
0.567,0.272768,0,0.19457,0,0.0109073,0,-1.02297,-5.1366,0.143072,-130.418,-190.197,18.4381,0.567
0.568,0.267864,0,0.190885,0,0.0122357,0,-1.15204,-5.32709,0.158173,-130.841,-180.049,17.9308,0.568
0.569,0.263203,0,0.18457,0,0.0133554,0,-1.28155,-5.50747,0.172542,-128.346,-170.762,16.9754,0.569
0.57,0.258773,0,0.177202,0,0.0141961,0,-1.40862,-5.67856,0.185755,-123.354,-162.281,15.6753,0.57
0.571,0.254564,0,0.169557,0,0.0146951,0,-1.53082,-5.84118,0.197494,-116.71,-154.493,14.2032,0.571
0.572,0.250565,0,0.162021,0,0.0147981,0,-1.6465,-5.996,0.207617,-109.175,-147.288,12.7159,0.572
0.573,0.246766,0,0.154787,0,0.0146611,0,-1.75478,-6.14359,0.216143,-101.315,-140.575,11.3335,0.573
0.574,0.243156,0,0.147945,0,0.0144146,0,-1.85534,-6.28445,0.223207,-93.4946,-134.283,10.0955,0.574
0.575,0.239727,0,0.141535,0,0.0141222,0,-1.9482,-6.41899,0.228984,-85.9293,-128.355,8.99723,0.575
0.576,0.236468,0,0.13557,0,0.0138153,0,-2.03361,-6.54757,0.233642,-78.7412,-122.75,8.02261,0.576
0.577,0.233373,0,0.130054,0,0.0135092,0,-2.11193,-6.67053,0.237327,-71.9931,-117.433,7.15531,0.577
0.578,0.230433,0,0.124981,0,0.0132111,0,-2.18359,-6.78815,0.24017,-65.7139,-112.379,6.38212,0.578
0.579,0.227639,0,0.120344,0,0.0129243,0,-2.24906,-6.90069,0.24228,-59.9107,-107.567,5.6928,0.579
0.58,0.224985,0,0.116132,0,0.01265,0,-2.30879,-7.0084,0.243758,-54.5792,-102.979,5.07965,0.58
0.581,0.222464,0,0.112329,0,0.0123884,0,-2.36326,-7.1115,0.244692,-49.7085,-98.5991,4.53678,0.581
0.582,0.220069,0,0.108929,0,0.0121395,0,-2.41291,-7.2102,0.245163,-45.2811,-94.4143,4.05896,0.582
0.583,0.217793,0,0.105923,0,0.0119028,0,-2.45818,-7.3047,0.245244,-41.281,-90.4117,3.64237,0.583
0.584,0.215632,0,0.103303,0,0.0116778,0,-2.49949,-7.39518,0.245003,-37.6927,-86.5795,3.28389,0.584
0.585,0.213578,0,0.101047,0,0.0114641,0,-2.53725,-7.48182,0.244504,-34.5,-82.907,2.98063,0.585
0.586,0.211627,0,0.0991387,0,0.0112609,0,-2.57184,-7.56478,0.243805,-31.6825,-79.3848,2.72931,0.586
0.587,0.209774,0,0.0975622,0,0.0110679,0,-2.60363,-7.64421,0.242962,-29.2198,-76.0044,2.52668,0.587
0.588,0.208013,0,0.0962909,0,0.0108846,0,-2.63298,-7.72025,0.242026,-27.0913,-72.7579,2.36963,0.588
0.589,0.20634,0,0.0952678,0,0.0107104,0,-2.6602,-7.79304,0.241041,-25.2732,-69.6387,2.25448,0.589
0.59,0.204751,0,0.0943867,0,0.0105449,0,-2.68561,-7.86271,0.240052,-23.7285,-66.643,2.17541,0.59
0.591,0.203242,0,0.0935951,0,0.0103877,0,-2.70947,-7.92938,0.239094,-22.3955,-63.7713,2.12246,0.591
0.592,0.201808,0,0.0928658,0,0.0102384,0,-2.73199,-7.99318,0.238191,-21.2197,-61.0239,2.08691,0.592
0.593,0.200445,0,0.0921843,0,0.0100965,0,-2.75332,-8.05424,0.237358,-20.1604,-58.3993,2.06233,0.593
0.594,0.199151,0,0.0915425,0,0.00996173,0,-2.77359,-8.11267,0.236606,-19.1895,-55.8946,2.04437,0.594
0.595,0.197922,0,0.0909357,0,0.00983369,0,-2.79287,-8.16859,0.235936,-18.2881,-53.506,2.03025,0.595
0.596,0.196753,0,0.0903606,0,0.00971205,0,-2.81124,-8.22214,0.235351,-17.4438,-51.2288,2.01822,0.596
0.597,0.195644,0,0.089815,0,0.00959649,0,-2.82876,-8.2734,0.234849,-16.6483,-49.0584,2.00723,0.597
0.598,0.19459,0,0.089297,0,0.00948671,0,-2.84547,-8.3225,0.234428,-15.8958,-46.9898,1.99666,0.598
0.599,0.193588,0,0.0888051,0,0.00938241,0,-2.86141,-8.36953,0.234086,-15.1822,-45.0182,1.98614,0.599
0.6,0.192637,0,0.0883379,0,0.00928333,0,-2.87663,-8.41459,0.23382,-14.5045,-43.1389,1.97547,0.6
0.601,0.191733,0,0.0878941,0,0.00918921,0,-2.89117,-8.45778,0.233626,-13.8603,-41.3474,1.96452,0.601
0.602,0.190874,0,0.0874725,0,0.00909979,0,-2.90505,-8.49917,0.233501,-13.2474,-39.6394,1.95324,0.602
0.603,0.190058,0,0.087072,0,0.00901485,0,-2.9183,-8.53886,0.233442,-12.6642,-38.0107,1.94158,0.603
0.604,0.189284,0,0.0866915,0,0.00893415,0,-2.93097,-8.57692,0.233446,-12.1088,-36.4575,1.92955,0.604
0.605,0.188547,0,0.0863301,0,0.00885748,0,-2.94306,-8.61343,0.23351,-11.5801,-34.976,1.91715,0.605
0.606,0.187848,0,0.0859867,0,0.00878465,0,-2.95463,-8.64845,0.23363,-11.0764,-33.5627,1.90438,0.606
0.607,0.187184,0,0.0856605,0,0.00871546,0,-2.96568,-8.68207,0.233804,-10.5967,-32.2143,1.89125,0.607
0.608,0.186552,0,0.0853506,0,0.00864973,0,-2.97624,-8.71434,0.234028,-10.1396,-30.9275,1.87779,0.608
0.609,0.185953,0,0.0850562,0,0.00858729,0,-2.98634,-8.74532,0.234301,-9.70399,-29.6993,1.86399,0.609
0.61,0.185383,0,0.0847765,0,0.00852797,0,-2.99599,-8.77508,0.234619,-9.28889,-28.5268,1.84989,0.61
0.611,0.184842,0,0.0845108,0,0.00847161,0,-3.00523,-8.80366,0.234979,-8.89324,-27.4074,1.8355,0.611
0.612,0.184328,0,0.0842584,0,0.00841807,0,-3.01406,-8.83113,0.23538,-8.51607,-26.3385,1.82083,0.612
0.613,0.183839,0,0.0840186,0,0.00836721,0,-3.02251,-8.85753,0.235819,-8.15647,-25.3175,1.8059,0.613
0.614,0.183376,0,0.0837908,0,0.0083189,0,-3.03059,-8.8829,0.236293,-7.81358,-24.3423,1.79074,0.614
0.615,0.182935,0,0.0835744,0,0.00827299,0,-3.03833,-8.90731,0.2368,-7.48658,-23.4104,1.77535,0.615
0.616,0.182516,0,0.0833688,0,0.00822939,0,-3.04573,-8.93078,0.237339,-7.17468,-22.52,1.75976,0.616
0.617,0.182118,0,0.0831735,0,0.00818796,0,-3.05282,-8.95336,0.237906,-6.87715,-21.6689,1.74398,0.617
0.618,0.18174,0,0.082988,0,0.00753681,0,-3.0596,-8.97509,0.238501,-6.59329,-20.8553,1.72804,0.618
0.619,0.1758,0,0.0800716,0,0.00722412,0,-3.0661,-8.99601,0.239121,-6.37498,-20.0854,1.85077,0.619
0.62,0.172948,0,0.078671,0,0.00706777,0,-3.07235,-9.01616,0.239904,-5.27479,-16.9871,1.82114,0.62
0.621,0.171521,0,0.0779708,0,0.0069896,0,-3.07748,-9.03322,0.240824,-4.1942,-13.9776,1.75716,0.621
0.622,0.170808,0,0.0776206,0,0.00695051,0,-3.08152,-9.04728,0.241841,-3.35569,-11.6447,1.69465,0.622
0.623,0.170452,0,0.0774456,0,0.00693097,0,-3.0847,-9.059,0.24292,-2.76512,-9.99527,1.64258,0.623
0.624,0.170273,0,0.077358,0,0.0069212,0,-3.08729,-9.06906,0.244037,-2.36793,-8.87605,1.6008,0.624
0.625,0.170184,0,0.0773143,0,0.00691631,0,-3.08948,-9.07801,0.245171,-2.10549,-8.12524,1.56681,0.625
0.626,0.17014,0,0.0772924,0,0.00691387,0,-3.09141,-9.08621,0.246312,-1.93135,-7.61551,1.53815,0.626
0.627,0.170117,0,0.0772814,0,0.00691265,0,-3.09316,-9.0939,0.247452,-1.81296,-7.25788,1.51294,0.627
0.628,0.170106,0,0.077276,0,0.00691204,0,-3.09479,-9.10123,0.248585,-1.72894,-6.99406,1.48991,0.628
0.629,0.170101,0,0.0772732,0,0.00691173,0,-3.09634,-9.10829,0.249709,-1.6658,-6.78737,1.46827,0.629
0.63,0.170098,0,0.0772719,0,0.00691158,0,-3.09783,-9.11515,0.250823,-1.61528,-6.61536,1.44753,0.63
0.631,0.170096,0,0.0772712,0,0.0069115,0,-3.09927,-9.12183,0.251925,-1.57242,-6.46457,1.4274,0.631
0.632,0.170096,0,0.0772708,0,0.00691146,0,-3.10067,-9.12837,0.253014,-1.53427,-6.32702,1.40772,0.632
0.633,0.170095,0,0.0772707,0,0.00691144,0,-3.10203,-9.13476,0.254091,-1.4991,-6.19802,1.38839,0.633
0.634,0.170095,0,0.0772706,0,0.00691144,0,-3.10336,-9.14102,0.255156,-1.46592,-6.07488,1.36936,0.634
0.635,0.170095,0,0.0772705,0,0.00691143,0,-3.10466,-9.14716,0.256208,-1.43413,-5.95601,1.35059,0.635
0.636,0.170095,0,0.0772705,0,0.00691143,0,-3.10593,-9.15318,0.257247,-1.40341,-5.84049,1.33208,0.636
0.637,0.170095,0,0.0772705,0,0.00691143,0,-3.10717,-9.15909,0.258274,-1.37355,-5.72779,1.3138,0.637
0.638,0.170095,0,0.0772705,0,0.00691143,0,-3.10838,-9.16488,0.259288,-1.34444,-5.61759,1.29576,0.638
0.639,0.170095,0,0.0772705,0,0.00691143,0,-3.10957,-9.17056,0.26029,-1.316,-5.50968,1.27794,0.639
0.64,0.170095,0,0.0772705,0,0.00691143,0,-3.11073,-9.17613,0.26128,-1.2882,-5.40394,1.26035,0.64
0.641,0.170095,0,0.0772705,0,0.00691143,0,-3.11186,-9.18159,0.262257,-1.261,-5.30029,1.24298,0.641
0.642,0.170095,0,0.0772705,0,0.00691143,0,-3.11297,-9.18695,0.263223,-1.23437,-5.19865,1.22583,0.642
0.643,0.170095,0,0.0772705,0,0.00691143,0,-3.11405,-9.19221,0.264177,-1.20831,-5.09898,1.20889,0.643
0.644,0.170095,0,0.0772705,0,0.00691143,0,-3.11511,-9.19737,0.265119,-1.18279,-5.00123,1.19217,0.644
0.645,0.170095,0,0.0772705,0,0.00691143,0,-3.11614,-9.20243,0.26605,-1.15781,-4.90535,1.17565,0.645
0.646,0.170095,0,0.0772705,0,0.00691143,0,-3.11715,-9.20739,0.266969,-1.13335,-4.81132,1.15935,0.646
0.647,0.170095,0,0.0772705,0,0.00691143,0,-3.11814,-9.21226,0.267877,-1.1094,-4.71908,1.14325,0.647
0.648,0.170095,0,0.0772705,0,0.00691143,0,-3.11911,-9.21703,0.268773,-1.08595,-4.62861,1.12736,0.648
0.649,0.170095,0,0.0772705,0,0.00691143,0,-3.12005,-9.22171,0.269659,-1.06299,-4.53988,1.11167,0.649
0.65,0.170095,0,0.0772705,0,0.00691143,0,-3.12097,-9.22631,0.270533,-1.04051,-4.45284,1.09618,0.65
0.651,0.170095,0,0.0772705,0,0.00691143,0,-3.12188,-9.23081,0.271396,-1.0185,-4.36747,1.08089,0.651
0.652,0.170095,0,0.0772705,0,0.00691143,0,-3.12276,-9.23523,0.272249,-0.99695,-4.28374,1.0658,0.652
0.653,0.170095,0,0.0772705,0,0.00691143,0,-3.12362,-9.23957,0.27309,-0.975849,-4.20161,1.0509,0.653
0.654,0.170095,0,0.0772705,0,0.00691143,0,-3.12446,-9.24382,0.273921,-0.955187,-4.12105,1.03619,0.654
0.655,0.170095,0,0.0772705,0,0.00691143,0,-3.12528,-9.24799,0.274742,-0.934958,-4.04204,1.02167,0.655
0.656,0.170095,0,0.0772705,0,0.00691143,0,-3.12609,-9.25208,0.275552,-0.915151,-3.96454,1.00733,0.656
0.657,0.170095,0,0.0772705,0,0.00691143,0,-3.12688,-9.2561,0.276352,-0.895758,-3.88852,0.993186,0.657
0.658,0.170095,0,0.0772705,0,0.00691143,0,-3.12764,-9.26003,0.277142,-0.876771,-3.81396,0.979222,0.658
0.659,0.170095,0,0.0772705,0,0.00691143,0,-3.1284,-9.2639,0.277922,-0.858181,-3.74083,0.965439,0.659
0.66,0.170095,0,0.0772705,0,0.00691143,0,-3.12913,-9.26768,0.278692,-0.839979,-3.6691,0.951835,0.66
0.661,0.170095,0,0.0772705,0,0.00691143,0,-3.12985,-9.2714,0.279452,-0.822159,-3.59874,0.938408,0.661
0.662,0.170095,0,0.0772705,0,0.00691143,0,-3.13055,-9.27504,0.280202,-0.804711,-3.52973,0.925157,0.662
0.663,0.170095,0,0.0772705,0,0.00691143,0,-3.13123,-9.27862,0.280943,-0.787628,-3.46204,0.912079,0.663
0.664,0.170095,0,0.0772705,0,0.00691143,0,-3.1319,-9.28213,0.281674,-0.770903,-3.39566,0.899172,0.664
0.665,0.170095,0,0.0772705,0,0.00691143,0,-3.13256,-9.28557,0.282396,-0.754529,-3.33054,0.886435,0.665
0.666,0.170095,0,0.0772705,0,0.00691143,0,-3.1332,-9.28894,0.283109,-0.738497,-3.26667,0.873865,0.666
0.667,0.170095,0,0.0772705,0,0.00691143,0,-3.13382,-9.29225,0.283812,-0.722801,-3.20402,0.861461,0.667
0.668,0.170095,0,0.0772705,0,0.00691143,0,-3.13443,-9.2955,0.284506,-0.707434,-3.14258,0.84922,0.668
0.669,0.170095,0,0.0772705,0,0.00691143,0,-3.13503,-9.29868,0.285191,-0.692389,-3.08231,0.83714,0.669
0.67,0.170095,0,0.0772705,0,0.00691143,0,-3.13561,-9.3018,0.285867,-0.67766,-3.0232,0.825221,0.67
0.671,0.170095,0,0.0772705,0,0.00691143,0,-3.13618,-9.30487,0.286535,-0.66324,-2.96522,0.81346,0.671
0.672,0.170095,0,0.0772705,0,0.00691143,0,-3.13674,-9.30787,0.287193,-0.649122,-2.90835,0.801855,0.672
0.673,0.170095,0,0.0772705,0,0.00691143,0,-3.13728,-9.31082,0.287843,-0.6353,-2.85257,0.790404,0.673
0.674,0.170095,0,0.0772705,0,0.00691143,0,-3.13782,-9.31371,0.288485,-0.621768,-2.79786,0.779105,0.674
0.675,0.170095,0,0.0772705,0,0.00691143,0,-3.13833,-9.31655,0.289118,-0.608521,-2.7442,0.767958,0.675
0.676,0.170095,0,0.0772705,0,0.00691143,0,-3.13884,-9.31933,0.289743,-0.595551,-2.69157,0.756959,0.676
0.677,0.170095,0,0.0772705,0,0.00691143,0,-3.13934,-9.32206,0.290359,-0.582854,-2.63994,0.746108,0.677
0.678,0.170095,0,0.0772705,0,0.00691143,0,-3.13982,-9.32474,0.290968,-0.570424,-2.58931,0.735401,0.678
0.679,0.170095,0,0.0772705,0,0.00691143,0,-3.1403,-9.32736,0.291568,-0.558255,-2.53965,0.724839,0.679
0.68,0.170095,0,0.0772705,0,0.00691143,0,-3.14076,-9.32994,0.292161,-0.546341,-2.49094,0.714419,0.68
0.681,0.170095,0,0.0772705,0,0.00691143,0,-3.14121,-9.33246,0.292745,-0.534678,-2.44316,0.704139,0.681
0.682,0.170095,0,0.0772705,0,0.00691143,0,-3.14165,-9.33494,0.293322,-0.523261,-2.3963,0.693997,0.682
0.683,0.170095,0,0.0772705,0,0.00691143,0,-3.14208,-9.33737,0.293891,-0.512083,-2.35033,0.683993,0.683
0.684,0.170095,0,0.0772705,0,0.00691143,0,-3.1425,-9.33976,0.294453,-0.501141,-2.30525,0.674124,0.684
0.685,0.170095,0,0.0772705,0,0.00691143,0,-3.14291,-9.3421,0.295007,-0.490429,-2.26103,0.664388,0.685
0.686,0.170095,0,0.0772705,0,0.00691143,0,-3.14332,-9.34439,0.295554,-0.479942,-2.21767,0.654785,0.686
0.687,0.170095,0,0.0772705,0,0.00691143,0,-3.14371,-9.34664,0.296093,-0.469677,-2.17513,0.645312,0.687
0.688,0.170095,0,0.0772705,0,0.00691143,0,-3.14409,-9.34885,0.296625,-0.459627,-2.1334,0.635968,0.688
0.689,0.170095,0,0.0772705,0,0.00691143,0,-3.14447,-9.35101,0.29715,-0.449789,-2.09248,0.626751,0.689
0.69,0.170095,0,0.0772705,0,0.00691143,0,-3.14483,-9.35314,0.297668,-0.440159,-2.05234,0.61766,0.69
0.691,0.170095,0,0.0772705,0,0.00691143,0,-3.14519,-9.35522,0.298179,-0.430731,-2.01298,0.608693,0.691
0.692,0.170095,0,0.0772705,0,0.00691143,0,-3.14554,-9.35726,0.298683,-0.421502,-1.97436,0.599849,0.692
0.693,0.170095,0,0.0772705,0,0.00691143,0,-3.14588,-9.35927,0.29918,-0.412468,-1.93649,0.591126,0.693
0.694,0.170095,0,0.0772705,0,0.00691143,0,-3.14621,-9.36123,0.299671,-0.403624,-1.89934,0.582523,0.694
0.695,0.170095,0,0.0772705,0,0.00691143,0,-3.14653,-9.36316,0.300155,-0.394967,-1.86291,0.574037,0.695
0.696,0.170095,0,0.0772705,0,0.00691143,0,-3.14685,-9.36505,0.300632,-0.386493,-1.82717,0.565669,0.696
0.697,0.170095,0,0.0772705,0,0.00691143,0,-3.14716,-9.36691,0.301103,-0.378197,-1.79212,0.557415,0.697
0.698,0.170095,0,0.0772705,0,0.00691143,0,-3.14746,-9.36873,0.301567,-0.370077,-1.75774,0.549276,0.698
0.699,0.170095,0,0.0772705,0,0.00691143,0,-3.14776,-9.37051,0.302025,-0.362128,-1.72402,0.541249,0.699
0.7,0.170095,0,0.0772705,0,0.00691143,0,-3.14805,-9.37226,0.302477,-0.354347,-1.69095,0.533332,0.7
0.701,0.170095,0,0.0772705,0,0.00691143,0,-3.14833,-9.37398,0.302922,-0.346731,-1.65851,0.525526,0.701
0.702,0.170095,0,0.0772705,0,0.00691143,0,-3.14861,-9.37567,0.303362,-0.339275,-1.6267,0.517827,0.702
0.703,0.170095,0,0.0772705,0,0.00691143,0,-3.14887,-9.37732,0.303796,-0.331978,-1.59549,0.510236,0.703
0.704,0.170095,0,0.0772705,0,0.00691143,0,-3.14914,-9.37894,0.304223,-0.324834,-1.56488,0.50275,0.704
0.705,0.170095,0,0.0772705,0,0.00691143,0,-3.14939,-9.38053,0.304645,-0.317842,-1.53486,0.495368,0.705
0.706,0.170095,0,0.0772705,0,0.00691143,0,-3.14964,-9.38209,0.305061,-0.310998,-1.50542,0.488088,0.706
0.707,0.170095,0,0.0772705,0,0.00691143,0,-3.14989,-9.38362,0.305471,-0.304298,-1.47654,0.480911,0.707
0.708,0.170095,0,0.0772705,0,0.00691143,0,-3.15013,-9.38512,0.305875,-0.29774,-1.44821,0.473833,0.708
0.709,0.170095,0,0.0772705,0,0.00691143,0,-3.15036,-9.38659,0.306274,-0.291322,-1.42043,0.466855,0.709
0.71,0.170095,0,0.0772705,0,0.00691143,0,-3.15059,-9.38804,0.306667,-0.285039,-1.39318,0.459974,0.71
0.711,0.170095,0,0.0772705,0,0.00691143,0,-3.15081,-9.38945,0.307055,-0.278889,-1.36645,0.453189,0.711
0.712,0.170095,0,0.0772705,0,0.00691143,0,-3.15102,-9.39084,0.307438,-0.27287,-1.34024,0.4465,0.712
0.713,0.170095,0,0.0772705,0,0.00691143,0,-3.15123,-9.39221,0.307815,-0.266978,-1.31453,0.439904,0.713
0.714,0.170095,0,0.0772705,0,0.00691143,0,-3.15144,-9.39354,0.308187,-0.261212,-1.28931,0.433402,0.714
0.715,0.170095,0,0.0772705,0,0.00691143,0,-3.15164,-9.39485,0.308554,-0.255567,-1.26457,0.426991,0.715
0.716,0.170095,0,0.0772705,0,0.00691143,0,-3.15184,-9.39614,0.308915,-0.250043,-1.24031,0.42067,0.716
0.717,0.170095,0,0.0772705,0,0.00691143,0,-3.15203,-9.3974,0.309272,-0.244636,-1.21652,0.414438,0.717
0.718,0.170095,0,0.0772705,0,0.00691143,0,-3.15222,-9.39864,0.309624,-0.239343,-1.19318,0.408294,0.718
0.719,0.170095,0,0.0772705,0,0.00691143,0,-3.1524,-9.39985,0.30997,-0.234163,-1.17029,0.402237,0.719
0.72,0.170095,0,0.0772705,0,0.00691143,0,-3.15258,-9.40104,0.310312,-0.229093,-1.14784,0.396266,0.72
0.721,0.170095,0,0.0772705,0,0.00691143,0,-3.15275,-9.40221,0.310649,-0.224131,-1.12582,0.39038,0.721
0.722,0.170095,0,0.0772705,0,0.00691143,0,-3.15292,-9.40336,0.310982,-0.219274,-1.10422,0.384576,0.722
0.723,0.170095,0,0.0772705,0,0.00691143,0,-3.15309,-9.40448,0.311309,-0.214521,-1.08303,0.378856,0.723
0.724,0.170095,0,0.0772705,0,0.00691143,0,-3.15325,-9.40558,0.311632,-0.209868,-1.06226,0.373216,0.724
0.725,0.170095,0,0.0772705,0,0.00691143,0,-3.15341,-9.40666,0.311951,-0.205315,-1.04188,0.367657,0.725
0.726,0.170095,0,0.0772705,0,0.00691143,0,-3.15356,-9.40772,0.312265,-0.200859,-1.02189,0.362177,0.726
0.727,0.170095,0,0.0772705,0,0.00691143,0,-3.15371,-9.40876,0.312574,-0.196497,-1.00228,0.356775,0.727
0.728,0.170095,0,0.0772705,0,0.00691143,0,-3.15386,-9.40979,0.31288,-0.192228,-0.983056,0.35145,0.728
0.729,0.170095,0,0.0772705,0,0.00691143,0,-3.154,-9.41079,0.313181,-0.188051,-0.964196,0.346201,0.729
0.73,0.170095,0,0.0772705,0,0.00691143,0,-3.15414,-9.41177,0.313477,-0.183962,-0.945698,0.341027,0.73
0.731,0.170095,0,0.0772705,0,0.00691143,0,-3.15428,-9.41273,0.31377,-0.17996,-0.927555,0.335928,0.731
0.732,0.170095,0,0.0772705,0,0.00691143,0,-3.15441,-9.41368,0.314058,-0.176044,-0.90976,0.330901,0.732
0.733,0.170095,0,0.0772705,0,0.00691143,0,-3.15454,-9.4146,0.314342,-0.172212,-0.892306,0.325946,0.733
0.734,0.170095,0,0.0772705,0,0.00691143,0,-3.15467,-9.41551,0.314622,-0.168461,-0.875187,0.321063,0.734
0.735,0.170095,0,0.0772705,0,0.00691143,0,-3.15479,-9.4164,0.314898,-0.16479,-0.858397,0.31625,0.735
0.736,0.170095,0,0.0772705,0,0.00691143,0,-3.15491,-9.41728,0.31517,-0.161197,-0.841928,0.311505,0.736
0.737,0.170095,0,0.0772705,0,0.00691143,0,-3.15503,-9.41814,0.315439,-0.157682,-0.825776,0.30683,0.737
0.738,0.170095,0,0.0772705,0,0.00691143,0,-3.15514,-9.41898,0.315703,-0.154241,-0.809933,0.302221,0.738
0.739,0.170095,0,0.0772705,0,0.00691143,0,-3.15525,-9.4198,0.315964,-0.150874,-0.794395,0.297679,0.739
0.74,0.170095,0,0.0772705,0,0.00691143,0,-3.15536,-9.42061,0.316221,-0.147579,-0.779154,0.293203,0.74
0.741,0.170095,0,0.0772705,0,0.00691143,0,-3.15547,-9.42141,0.316474,-0.144355,-0.764206,0.288791,0.741
0.742,0.170095,0,0.0772705,0,0.00691143,0,-3.15557,-9.42218,0.316724,-0.141199,-0.749545,0.284443,0.742
0.743,0.170095,0,0.0772705,0,0.00691143,0,-3.15567,-9.42295,0.31697,-0.138111,-0.735165,0.280158,0.743
0.744,0.170095,0,0.0772705,0,0.00691143,0,-3.15577,-9.4237,0.317212,-0.135089,-0.721061,0.275935,0.744
0.745,0.170095,0,0.0772705,0,0.00691143,0,-3.15587,-9.42443,0.317452,-0.132132,-0.707227,0.271773,0.745
0.746,0.170095,0,0.0772705,0,0.00691143,0,-3.15596,-9.42515,0.317687,-0.129238,-0.693659,0.267672,0.746
0.747,0.170095,0,0.0772705,0,0.00691143,0,-3.15605,-9.42586,0.317919,-0.126406,-0.680351,0.26363,0.747
0.748,0.170095,0,0.0772705,0,0.00691143,0,-3.15614,-9.42656,0.318148,-0.123635,-0.667299,0.259647,0.748
0.749,0.170095,0,0.0772705,0,0.00691143,0,-3.15623,-9.42724,0.318374,-0.120923,-0.654497,0.255721,0.749
0.75,0.170095,0,0.0772705,0,0.00691143,0,-3.15631,-9.4279,0.318596,-0.118269,-0.64194,0.251853,0.75
0.751,0.170095,0,0.0772705,0,0.00691143,0,-3.15639,-9.42856,0.318815,-0.115673,-0.629625,0.248042,0.751
0.752,0.170095,0,0.0772705,0,0.00691143,0,-3.15647,-9.4292,0.319031,-0.113132,-0.617545,0.244286,0.752
0.753,0.170095,0,0.0772705,0,0.00691143,0,-3.15655,-9.42983,0.319244,-0.110646,-0.605698,0.240584,0.753
0.754,0.170095,0,0.0772705,0,0.00691143,0,-3.15663,-9.43045,0.319454,-0.108213,-0.594078,0.236937,0.754
0.755,0.170095,0,0.0772705,0,0.00691143,0,-3.1567,-9.43106,0.31966,-0.105832,-0.582681,0.233343,0.755
0.756,0.170095,0,0.0772705,0,0.00691143,0,-3.15678,-9.43165,0.319864,-0.103503,-0.571502,0.229802,0.756
0.757,0.170095,0,0.0772705,0,0.00691143,0,-3.15685,-9.43223,0.320065,-0.101223,-0.560538,0.226313,0.757
0.758,0.170095,0,0.0772705,0,0.00691143,0,-3.15692,-9.43281,0.320262,-0.0989932,-0.549784,0.222875,0.758
0.759,0.170095,0,0.0772705,0,0.00691143,0,-3.15698,-9.43337,0.320457,-0.0968109,-0.539237,0.219487,0.759
0.76,0.170095,0,0.0772705,0,0.00691143,0,-3.15705,-9.43392,0.320649,-0.0946756,-0.528892,0.216149,0.76
0.761,0.170095,0,0.0772705,0,0.00691143,0,-3.15711,-9.43446,0.320839,-0.0925863,-0.518745,0.21286,0.761
0.762,0.170095,0,0.0772705,0,0.00691143,0,-3.15717,-9.43499,0.321025,-0.090542,-0.508793,0.209619,0.762
0.763,0.170095,0,0.0772705,0,0.00691143,0,-3.15723,-9.43551,0.321209,-0.0885418,-0.499032,0.206426,0.763
0.764,0.170095,0,0.0772705,0,0.00691143,0,-3.15729,-9.43602,0.32139,-0.0865847,-0.489459,0.20328,0.764
0.765,0.170095,0,0.0772705,0,0.00691143,0,-3.15735,-9.43652,0.321568,-0.0846698,-0.480069,0.20018,0.765
0.766,0.170095,0,0.0772705,0,0.00691143,0,-3.15741,-9.43701,0.321744,-0.0827963,-0.470859,0.197126,0.766
0.767,0.170095,0,0.0772705,0,0.00691143,0,-3.15746,-9.43749,0.321917,-0.0809632,-0.461826,0.194117,0.767
0.768,0.170095,0,0.0772705,0,0.00691143,0,-3.15751,-9.43796,0.322088,-0.0791696,-0.452966,0.191153,0.768
0.769,0.170095,0,0.0772705,0,0.00691143,0,-3.15756,-9.43842,0.322256,-0.0774149,-0.444276,0.188232,0.769
0.77,0.170095,0,0.0772705,0,0.00691143,0,-3.15762,-9.43888,0.322422,-0.075698,-0.435753,0.185355,0.77
0.771,0.170095,0,0.0772705,0,0.00691143,0,-3.15766,-9.43932,0.322585,-0.0740183,-0.427394,0.18252,0.771
0.772,0.170095,0,0.0772705,0,0.00691143,0,-3.15771,-9.43976,0.322746,-0.0723749,-0.419194,0.179727,0.772
0.773,0.170095,0,0.0772705,0,0.00691143,0,-3.15776,-9.44019,0.322905,-0.0707671,-0.411153,0.176975,0.773
0.774,0.170095,0,0.0772705,0,0.00691143,0,-3.1578,-9.44061,0.323061,-0.069194,-0.403265,0.174265,0.774
0.775,0.170095,0,0.0772705,0,0.00691143,0,-3.15785,-9.44102,0.323215,-0.0676551,-0.395529,0.171594,0.775
0.776,0.170095,0,0.0772705,0,0.00691143,0,-3.15789,-9.44142,0.323366,-0.0661494,-0.387941,0.168963,0.776
0.777,0.170095,0,0.0772705,0,0.00691143,0,-3.15793,-9.44182,0.323516,-0.0646765,-0.380499,0.166372,0.777
0.778,0.170095,0,0.0772705,0,0.00691143,0,-3.15797,-9.44221,0.323663,-0.0632354,-0.3732,0.163819,0.778
0.779,0.170095,0,0.0772705,0,0.00691143,0,-3.15801,-9.44259,0.323808,-0.0618256,-0.36604,0.161303,0.779
0.78,0.170095,0,0.0772705,0,0.00691143,0,-3.15805,-9.44296,0.323951,-0.0604464,-0.359018,0.158826,0.78
0.781,0.170095,0,0.0772705,0,0.00691143,0,-3.15809,-9.44333,0.324091,-0.0590972,-0.352131,0.156385,0.781
0.782,0.170095,0,0.0772705,0,0.00691143,0,-3.15812,-9.44369,0.32423,-0.0577772,-0.345376,0.153981,0.782
0.783,0.170095,0,0.0772705,0,0.00691143,0,-3.15816,-9.44405,0.324366,-0.056486,-0.33875,0.151612,0.783
0.784,0.170095,0,0.0772705,0,0.00691143,0,-3.15819,-9.44439,0.324501,-0.0552228,-0.332252,0.149279,0.784
0.785,0.170095,0,0.0772705,0,0.00691143,0,-3.15823,-9.44473,0.324634,-0.053987,-0.325878,0.146981,0.785
0.786,0.170095,0,0.0772705,0,0.00691143,0,-3.15826,-9.44507,0.324764,-0.0527782,-0.319627,0.144717,0.786
0.787,0.170095,0,0.0772705,0,0.00691143,0,-3.15829,-9.44539,0.324893,-0.0515957,-0.313495,0.142487,0.787
0.788,0.170095,0,0.0772705,0,0.00691143,0,-3.15832,-9.44571,0.325019,-0.0504389,-0.307482,0.14029,0.788
0.789,0.170095,0,0.0772705,0,0.00691143,0,-3.15835,-9.44603,0.325144,-0.0493073,-0.301583,0.138126,0.789
0.79,0.170095,0,0.0772705,0,0.00691143,0,-3.15838,-9.44634,0.325267,-0.0482004,-0.295798,0.135995,0.79
0.791,0.170095,0,0.0772705,0,0.00691143,0,-3.15841,-9.44664,0.325388,-0.0471177,-0.290124,0.133896,0.791
0.792,0.170095,0,0.0772705,0,0.00691143,0,-3.15844,-9.44694,0.325508,-0.0460585,-0.284558,0.131828,0.792
0.793,0.170095,0,0.0772705,0,0.00691143,0,-3.15846,-9.44723,0.325625,-0.0450225,-0.2791,0.129791,0.793
0.794,0.170095,0,0.0772705,0,0.00691143,0,-3.15849,-9.44751,0.325741,-0.0440091,-0.273746,0.127785,0.794
0.795,0.170095,0,0.0772705,0,0.00691143,0,-3.15851,-9.44779,0.325855,-0.0430178,-0.268495,0.125809,0.795
0.796,0.170095,0,0.0772705,0,0.00691143,0,-3.15854,-9.44807,0.325967,-0.0420482,-0.263344,0.123863,0.796
0.797,0.170095,0,0.0772705,0,0.00691143,0,-3.15856,-9.44834,0.326078,-0.0410998,-0.258293,0.121946,0.797
0.798,0.170095,0,0.0772705,0,0.00691143,0,-3.15859,-9.4486,0.326187,-0.0401721,-0.253338,0.120058,0.798
0.799,0.170095,0,0.0772705,0,0.00691143,0,-3.15861,-9.44886,0.326295,-0.0392647,-0.248478,0.118198,0.799
0,0.170095,0,0.0772705,0,0.00691143,0,-3.15863,-9.44912,0.3264,-0.0383772,-0.243712,0.116366,0.8
