BST,AMR,ALR,AIR,ASR,ASO,AIO,RX,RY,RZ,RXu,RYu,RZu,SST
0,0,0,0,0,0,0,0,0,0,0,0,0,0
0,0,0,0,0,0,0,0,0,0,0,0,0,0
0,0,0,0,0,0,0,0,0,0,0,0,0,0
0.001,0,0,0,0,0,0,0,0,0,0,0,0,0.001
0.002,0,0,0,0,0,0,0,0,0,0,0,0,0.002
0.003,0,0,0,0,0,0,0,0,0,0,0,0,0.003
0.004,0,0,0,0,0,0,0,0,0,0,0,0,0.004
0.005,0,0,0,0,0,0,0,0,0,0,0,0,0.005
0.006,0,0,0,0,0,0,0,0,0,0,0,0,0.006
0.007,0,0,0,0,0,0,0,0,0,0,0,0,0.007
0.008,0,0,0,0,0,0,0,0,0,0,0,0,0.008
0.009,0,0,0,0,0,0,0,0,0,0,0,0,0.009
0.01,0,0,0,0,0,0,0,0,0,0,0,0,0.01
0.011,0,0,0,0,0,0,0,0,0,0,0,0,0.011
0.012,0,0,0,0,0,0,0,0,0,0,0,0,0.012
0.013,0,0,0,0,0,0,0,0,0,0,0,0,0.013
0.014,0,0,0,0,0,0,0,0,0,0,0,0,0.014
0.015,0,0,0,0,0,0,0,0,0,0,0,0,0.015
0.016,0,0,0,0,0,0,0,0,0,0,0,0,0.016
0.017,0,0,0,0,0,0,0,0,0,0,0,0,0.017
0.018,0,0,0,0,0,0,0,0,0,0,0,0,0.018
0.019,0,0,0,0,0,0,0,0,0,0,0,0,0.019
0.02,0,0,0,0,0,0,0,0,0,0,0,0,0.02
0.021,0,0,0,0,0,0,0,0,0,0,0,0,0.021
0.022,0,0,0,0,0,0,0,0,0,0,0,0,0.022
0.023,0,0,0,0,0,0,0,0,0,0,0,0,0.023
0.024,0,0,0,0,0,0,0,0,0,0,0,0,0.024
0.025,0,0,0,0,0,0,0,0,0,0,0,0,0.025
0.026,0,0,0,0,0,0,0,0,0,0,0,0,0.026
0.027,0,0,0,0,0,0,0,0,0,0,0,0,0.027
0.028,0,0,0,0,0,0,0,0,0,0,0,0,0.028
0.029,0,0,0,0,0,0,0,0,0,0,0,0,0.029
0.03,0,0,0,0,0,0,0,0,0,0,0,0,0.03
0.031,0,0,0,0,0,0,0,0,0,0,0,0,0.031
0.032,0,0,0,0,0,0,0,0,0,0,0,0,0.032
0.033,0,0,0,0,0,0,0,0,0,0,0,0,0.033
0.034,0,0,0,0,0,0,0,0,0,0,0,0,0.034
0.035,0,0,0,0,0,0,0,0,0,0,0,0,0.035
0.036,0,0,0,0,0,0,0,0,0,0,0,0,0.036
0.037,0,0,0,0,0,0,0,0,0,0,0,0,0.037
0.038,0,0,0,0,0,0,0,0,0,0,0,0,0.038
0.039,0,0,0,0,0,0,0,0,0,0,0,0,0.039
0.04,0,0,0,0,0,0,0,0,0,0,0,0,0.04
0.041,0,0,0,0,0,0,0,0,0,0,0,0,0.041
0.042,0,0,0,0,0,0,0,0,0,0,0,0,0.042
0.043,0,0,0,0,0,0,0,0,0,0,0,0,0.043
0.044,0,0,0,0,0,0,0,0,0,0,0,0,0.044
0.045,0,0,0,0,0,0,0,0,0,0,0,0,0.045
0.046,0,0,0,0,0,0,0,0,0,0,0,0,0.046
0.047,0,0,0,0,0,0,0,0,0,0,0,0,0.047
0.048,0,0,0,0,0,0,0,0,0,0,0,0,0.048
0.049,0,0,0,0,0,0,0,0,0,0,0,0,0.049
0.05,0,0,0,0,0,0,0,0,0,0,0,0,0.05
0.051,0,0,0,0,0,0,0,0,0,0,0,0,0.051
0.052,0,0,0,0,0,0,0,0,0,0,0,0,0.052
0.053,0,0,0,0,0,0,0,0,0,0,0,0,0.053
0.054,0,0,0,0,0,0,0,0,0,0,0,0,0.054
0.055,0,0,0,0,0,0,0,0,0,0,0,0,0.055
0.056,0,0,0,0,0,0,0,0,0,0,0,0,0.056
0.057,0,0,0,0,0,0,0,0,0,0,0,0,0.057
0.058,0,0,0,0,0,0,0,0,0,0,0,0,0.058
0.059,0,0,0,0,0,0,0,0,0,0,0,0,0.059
0.06,0,0,0,0,0,0,0,0,0,0,0,0,0.06
0.061,0,0,0,0,0,0,0,0,0,0,0,0,0.061
0.062,0,0,0,0,0,0,0,0,0,0,0,0,0.062
0.063,0,0,0,0,0,0,0,0,0,0,0,0,0.063
0.064,0,0,0,0,0,0,0,0,0,0,0,0,0.064
0.065,0,0,0,0,0,0,0,0,0,0,0,0,0.065
0.066,0,0,0,0,0,0,0,0,0,0,0,0,0.066
0.067,0,0,0,0,0,0,0,0,0,0,0,0,0.067
0.068,0,0,0,0,0,0,0,0,0,0,0,0,0.068
0.069,0,0,0,0,0,0,0,0,0,0,0,0,0.069
0.07,0,0,0,0,0,0,0,0,0,0,0,0,0.07
0.071,0,0,0,0,0,0,0,0,0,0,0,0,0.071
0.072,0,0,0,0,0,0,0,0,0,0,0,0,0.072
0.073,0,0,0,0,0,0,0,0,0,0,0,0,0.073
0.074,0,0,0,0,0,0,0,0,0,0,0,0,0.074
0.075,0,0,0,0,0,0,0,0,0,0,0,0,0.075
0.076,0,0,0,0,0,0,0,0,0,0,0,0,0.076
0.077,0,0,0,0,0,0,0,0,0,0,0,0,0.077
0.078,0,0,0,0,0,0,0,0,0,0,0,0,0.078
0.079,0,0,0,0,0,0,0,0,0,0,0,0,0.079
0.08,0,0,0,0,0,0,0,0,0,0,0,0,0.08
0.081,0,0,0,0,0,0,0,0,0,0,0,0,0.081
0.082,0,0,0,0,0,0,0,0,0,0,0,0,0.082
0.083,0,0,0,0,0,0,0,0,0,0,0,0,0.083
0.084,0,0,0,0,0,0,0,0,0,0,0,0,0.084
0.085,0,0,0,0,0,0,0,0,0,0,0,0,0.085
0.086,0,0,0,0,0,0,0,0,0,0,0,0,0.086
0.087,0,0,0,0,0,0,0,0,0,0,0,0,0.087
0.088,0,0,0,0,0,0,0,0,0,0,0,0,0.088
0.089,0,0,0,0,0,0,0,0,0,0,0,0,0.089
0.09,0,0,0,0,0,0,0,0,0,0,0,0,0.09
0.091,0,0,0,0,0,0,0,0,0,0,0,0,0.091
0.092,0,0,0,0,0,0,0,0,0,0,0,0,0.092
0.093,0,0,0,0,0,0,0,0,0,0,0,0,0.093
0.094,0,0,0,0,0,0,0,0,0,0,0,0,0.094
0.095,0,0,0,0,0,0,0,0,0,0,0,0,0.095
0.096,0,0,0,0,0,0,0,0,0,0,0,0,0.096
0.097,0,0,0,0,0,0,0,0,0,0,0,0,0.097
0.098,0,0,0,0,0,0,0,0,0,0,0,0,0.098
0.099,0,0,0,0,0,0,0,0,0,0,0,0,0.099
0.1,0,0,0,0,0,0,0,0,0,0,0,0,0.1
0.101,0,0,0,0,0,0,0,0,0,0,0,0,0.101
0.102,0,0,0,0,0,0,0,0,0,0,0,0,0.102
0.103,0,0,0,0,0,0,0,0,0,0,0,0,0.103
0.104,0,0,0,0,0,0,0,0,0,0,0,0,0.104
0.105,0,0,0,0,0,0,0,0,0,0,0,0,0.105
0.106,0,0,0,0,0,0,0,0,0,0,0,0,0.106
0.107,0,0,0,0,0,0,0,0,0,0,0,0,0.107
0.108,0,0,0,0,0,0,0,0,0,0,0,0,0.108
0.109,0,0,0,0,0,0,0,0,0,0,0,0,0.109
0.11,0,0,0,0,0,0,0,0,0,0,0,0,0.11
0.111,0,0,0,0,0,0,0,0,0,0,0,0,0.111
0.112,0,0,0,0,0,0,0,0,0,0,0,0,0.112
0.113,0,0,0,0,0,0,0,0,0,0,0,0,0.113
0.114,0,0,0,0,0,0,0,0,0,0,0,0,0.114
0.115,0,0,0,0,0,0,0,0,0,0,0,0,0.115
0.116,0,0,0,0,0,0,0,0,0,0,0,0,0.116
0.117,0,0,0,0,0,0,0,0,0,0,0,0,0.117
0.118,0,0,0,0,0,0,0,0,0,0,0,0,0.118
0.119,0,0,0,0,0,0,0,0,0,0,0,0,0.119
0.12,0,0,0,0,0,0,0,0,0,0,0,0,0.12
0.121,0,0,0,0,0,0,0,0,0,0,0,0,0.121
0.122,0,0,0,0,0,0,0,0,0,0,0,0,0.122
0.123,0,0,0,0,0,0,0,0,0,0,0,0,0.123
0.124,0,0,0,0,0,0,0,0,0,0,0,0,0.124
0.125,0,0,0,0,0,0,0,0,0,0,0,0,0.125
0.126,0,0,0,0,0,0,0,0,0,0,0,0,0.126
0.127,0,0,0,0,0,0,0,0,0,0,0,0,0.127
0.128,0,0,0,0,0,0,0,0,0,0,0,0,0.128
0.129,0,0,0,0,0,0,0,0,0,0,0,0,0.129
0.13,0,0,0,0,0,0,0,0,0,0,0,0,0.13
0.131,0,0,0,0,0,0,0,0,0,0,0,0,0.131
0.132,0,0,0,0,0,0,0,0,0,0,0,0,0.132
0.133,0,0,0,0,0,0,0,0,0,0,0,0,0.133
0.134,0,0,0,0,0,0,0,0,0,0,0,0,0.134
0.135,0,0,0,0,0,0,0,0,0,0,0,0,0.135
0.136,0,0,0,0,0,0,0,0,0,0,0,0,0.136
0.137,0,0,0,0,0,0,0,0,0,0,0,0,0.137
0.138,0,0,0,0,0,0,0,0,0,0,0,0,0.138
0.139,0,0,0,0,0,0,0,0,0,0,0,0,0.139
0.14,0,0,0,0,0,0,0,0,0,0,0,0,0.14
0.141,0,0,0,0,0,0,0,0,0,0,0,0,0.141
0.142,0,0,0,0,0,0,0,0,0,0,0,0,0.142
0.143,0,0,0,0,0,0,0,0,0,0,0,0,0.143
0.144,0,0,0,0,0,0,0,0,0,0,0,0,0.144
0.145,0,0,0,0,0,0,0,0,0,0,0,0,0.145
0.146,0,0,0,0,0,0,0,0,0,0,0,0,0.146
0.147,0,0,0,0,0,0,0,0,0,0,0,0,0.147
0.148,0,0,0,0,0,0,0,0,0,0,0,0,0.148
0.149,0,0,0,0,0,0,0,0,0,0,0,0,0.149
0.15,0,0,0,0,0,0,0,0,0,0,0,0,0.15
0.151,0,0,0,0,0,0,0,0,0,0,0,0,0.151
0.152,0,0,0,0,0,0,0,0,0,0,0,0,0.152
0.153,0,0,0,0,0,0,0,0,0,0,0,0,0.153
0.154,0,0,0,0,0,0,0,0,0,0,0,0,0.154
0.155,0,0,0,0,0,0,0,0,0,0,0,0,0.155
0.156,0,0,0,0,0,0,0,0,0,0,0,0,0.156
0.157,0,0,0,0,0,0,0,0,0,0,0,0,0.157
0.158,0,0,0,0,0,0,0,0,0,0,0,0,0.158
0.159,0,0,0,0,0,0,0,0,0,0,0,0,0.159
0.16,0,0,0,0,0,0,0,0,0,0,0,0,0.16
0.161,0,0,0,0,0,0,0,0,0,0,0,0,0.161
0.162,0,0,0,0,0,0,0,0,0,0,0,0,0.162
0.163,0,0,0,0,0,0,0,0,0,0,0,0,0.163
0.164,0,0,0,0,0,0,0,0,0,0,0,0,0.164
0.165,0,0,0,0,0,0,0,0,0,0,0,0,0.165
0.166,0,0,0,0,0,0,0,0,0,0,0,0,0.166
0.167,0,0,0,0,0,0,0,0,0,0,0,0,0.167
0.168,0,0,0,0,0,0,0,0,0,0,0,0,0.168
0.169,0,0,0,0,0,0,0,0,0,0,0,0,0.169
0.17,0,0,0,0,0,0,0,0,0,0,0,0,0.17
0.171,0,0,0,0,0,0,0,0,0,0,0,0,0.171
0.172,0,0,0,0,0,0,0,0,0,0,0,0,0.172
0.173,0,0,0,0,0,0,0,0,0,0,0,0,0.173
0.174,0,0,0,0,0,0,0,0,0,0,0,0,0.174
0.175,0,0,0,0,0,0,0,0,0,0,0,0,0.175
0.176,0,0,0,0,0,0,0,0,0,0,0,0,0.176
0.177,0,0,0,0,0,0,0,0,0,0,0,0,0.177
0.178,0,0,0,0,0,0,0,0,0,0,0,0,0.178
0.179,0,0,0,0,0,0,0,0,0,0,0,0,0.179
0.18,0,0,0,0,0,0,0,0,0,0,0,0,0.18
0.181,0,0,0,0,0,0,0,0,0,0,0,0,0.181
0.182,0,0,0,0,0,0,0,0,0,0,0,0,0.182
0.183,0,0,0,0,0,0,0,0,0,0,0,0,0.183
0.184,0,0,0,0,0,0,0,0,0,0,0,0,0.184
0.185,0,0,0,0,0,0,0,0,0,0,0,0,0.185
0.186,0,0,0,0,0,0,0,0,0,0,0,0,0.186
0.187,0,0,0,0,0,0,0,0,0,0,0,0,0.187
0.188,0,0,0,0,0,0,0,0,0,0,0,0,0.188
0.189,0,0,0,0,0,0,0,0,0,0,0,0,0.189
0.19,0,0,0,0,0,0,0,0,0,0,0,0,0.19
0.191,0,0,0,0,0,0,0,0,0,0,0,0,0.191
0.192,0,0,0,0,0,0,0,0,0,0,0,0,0.192
0.193,0,0,0,0,0,0,0,0,0,0,0,0,0.193
0.194,0,0,0,0,0,0,0,0,0,0,0,0,0.194
0.195,0,0,0,0,0,0,0,0,0,0,0,0,0.195
0.196,0,0,0,0,0,0,0,0,0,0,0,0,0.196
0.197,0,0,0,0,0,0,0,0,0,0,0,0,0.197
0.198,0,0,0,0,0,0,0,0,0,0,0,0,0.198
0.199,0,0,0,0,0,0,0,0,0,0,0,0,0.199
0.2,0,0,0,0,0,0,0,0,0,0,0,0,0.2
0.201,0,0,0,0,0,0,0,0,0,0,0,0,0.201
0.202,0,0,0,0,0,0,0,0,0,0,0,0,0.202
0.203,0,0,0,0,0,0,0,0,0,0,0,0,0.203
0.204,0,0,0,0,0,0,0,0,0,0,0,0,0.204
0.205,0,0,0,0,0,0,0,0,0,0,0,0,0.205
0.206,0,0,0,0,0,0,0,0,0,0,0,0,0.206
0.207,0,0,0,0,0,0,0,0,0,0,0,0,0.207
0.208,0,0,0,0,0,0,0,0,0,0,0,0,0.208
0.209,0,0,0,0,0,0,0,0,0,0,0,0,0.209
0.21,0,0,0,0,0,0,0,0,0,0,0,0,0.21
0.211,0,0,0,0,0,0,0,0,0,0,0,0,0.211
0.212,0,0,0,0,0,0,0,0,0,0,0,0,0.212
0.213,0,0,0,0,0,0,0,0,0,0,0,0,0.213
0.214,0,0,0,0,0,0,0,0,0,0,0,0,0.214
0.215,0,0,0,0,0,0,0,0,0,0,0,0,0.215
0.216,0,0,0,0,0,0,0,0,0,0,0,0,0.216
0.217,0,0,0,0,0,0,0,0,0,0,0,0,0.217
0.218,0,0,0,0,0,0,0,0,0,0,0,0,0.218
0.219,0,0,0,0,0,0,0,0,0,0,0,0,0.219
0.22,0,0,0,0,0,0,0,0,0,0,0,0,0.22
0.221,0,0,0,0,0,0,0,0,0,0,0,0,0.221
0.222,0,0,0,0,0,0,0,0,0,0,0,0,0.222
0.223,0,0,0,0,0,0,0,0,0,0,0,0,0.223
0.224,0,0,0,0,0,0,0,0,0,0,0,0,0.224
0.225,0,0,0,0,0,0,0,0,0,0,0,0,0.225
0.226,0,0,0,0,0,0,0,0,0,0,0,0,0.226
0.227,0,0,0,0,0,0,0,0,0,0,0,0,0.227
0.228,0,0,0,0,0,0,0,0,0,0,0,0,0.228
0.229,0,0,0,0,0,0,0,0,0,0,0,0,0.229
0.23,0,0,0,0,0,0,0,0,0,0,0,0,0.23
0.231,0,0,0,0,0,0,0,0,0,0,0,0,0.231
0.232,0,0,0,0,0,0,0,0,0,0,0,0,0.232
0.233,0,0,0,0,0,0,0,0,0,0,0,0,0.233
0.234,0,0,0,0,0,0,0,0,0,0,0,0,0.234
0.235,0,0,0,0,0,0,0,0,0,0,0,0,0.235
0.236,0,0,0,0,0,0,0,0,0,0,0,0,0.236
0.237,0,0,0,0,0,0,0,0,0,0,0,0,0.237
0.238,0,0,0,0,0,0,0,0,0,0,0,0,0.238
0.239,0,0,0,0,0,0,0,0,0,0,0,0,0.239
0.24,0,0,0,0,0,0,0,0,0,0,0,0,0.24
0.241,0,0,0,0,0,0,0,0,0,0,0,0,0.241
0.242,0,0,0,0,0,0,0,0,0,0,0,0,0.242
0.243,0,0,0,0,0,0,0,0,0,0,0,0,0.243
0.244,0,0,0,0,0,0,0,0,0,0,0,0,0.244
0.245,0,0,0,0,0,0,0,0,0,0,0,0,0.245
0.246,0,0,0,0,0,0,0,0,0,0,0,0,0.246
0.247,0,0,0,0,0,0,0,0,0,0,0,0,0.247
0.248,0,0,0,0,0,0,0,0,0,0,0,0,0.248
0.249,0,0,0,0,0,0,0,0,0,0,0,0,0.249
0.25,0,0,0,0,0,0,0,0,0,0,0,0,0.25
0.251,0,0,0,0,0,0,0,0,0,0,0,0,0.251
0.252,0,0,0,0,0,0,0,0,0,0,0,0,0.252
0.253,0,0,0,0,0,0,0,0,0,0,0,0,0.253
0.254,0,0,0,0,0,0,0,0,0,0,0,0,0.254
0.255,0,0,0,0,0,0,0,0,0,0,0,0,0.255
0.256,0,0,0,0,0,0,0,0,0,0,0,0,0.256
0.257,0,0,0,0,0,0,0,0,0,0,0,0,0.257
0.258,0,0,0,0,0,0,0,0,0,0,0,0,0.258
0.259,0,0,0,0,0,0,0,0,0,0,0,0,0.259
0.26,0,0,0,0,0,0,0,0,0,0,0,0,0.26
0.261,0,0,0,0,0,0,0,0,0,0,0,0,0.261
0.262,0,0,0,0,0,0,0,0,0,0,0,0,0.262
0.263,0,0,0,0,0,0,0,0,0,0,0,0,0.263
0.264,0,0,0,0,0,0,0,0,0,0,0,0,0.264
0.265,0,0,0,0,0,0,0,0,0,0,0,0,0.265
0.266,0,0,0,0,0,0,0,0,0,0,0,0,0.266
0.267,0,0,0,0,0,0,0,0,0,0,0,0,0.267
0.268,0,0,0,0,0,0,0,0,0,0,0,0,0.268
0.269,0,0,0,0,0,0,0,0,0,0,0,0,0.269
0.27,0,0,0,0,0,0,0,0,0,0,0,0,0.27
0.271,0,0,0,0,0,0,0,0,0,0,0,0,0.271
0.272,0,0,0,0,0,0,0,0,0,0,0,0,0.272
0.273,0,0,0,0,0,0,0,0,0,0,0,0,0.273
0.274,0,0,0,0,0,0,0,0,0,0,0,0,0.274
0.275,0,0,0,0,0,0,0,0,0,0,0,0,0.275
0.276,0,0,0,0,0,0,0,0,0,0,0,0,0.276
0.277,0,0,0,0,0,0,0,0,0,0,0,0,0.277
0.278,0,0,0,0,0,0,0,0,0,0,0,0,0.278
0.279,0,0,0,0,0,0,0,0,0,0,0,0,0.279
0.28,0,0,0,0,0,0,0,0,0,0,0,0,0.28
0.281,0,0,0,0,0,0,0,0,0,0,0,0,0.281
0.282,0,0,0,0,0,0,0,0,0,0,0,0,0.282
0.283,0,0,0,0,0,0,0,0,0,0,0,0,0.283
0.284,0,0,0,0,0,0,0,0,0,0,0,0,0.284
0.285,0,0,0,0,0,0,0,0,0,0,0,0,0.285
0.286,0,0,0,0,0,0,0,0,0,0,0,0,0.286
0.287,0,0,0,0,0,0,0,0,0,0,0,0,0.287
0.288,0,0,0,0,0,0,0,0,0,0,0,0,0.288
0.289,0,0,0,0,0,0,0,0,0,0,0,0,0.289
0.29,0,0,0,0,0,0,0,0,0,0,0,0,0.29
0.291,0,0,0,0,0,0,0,0,0,0,0,0,0.291
0.292,0,0,0,0,0,0,0,0,0,0,0,0,0.292
0.293,0,0,0,0,0,0,0,0,0,0,0,0,0.293
0.294,0,0,0,0,0,0,0,0,0,0,0,0,0.294
0.295,0,0,0,0,0,0,0,0,0,0,0,0,0.295
0.296,0,0,0,0,0,0,0,0,0,0,0,0,0.296
0.297,0,0,0,0,0,0,0,0,0,0,0,0,0.297
0.298,0,0,0,0,0,0,0,0,0,0,0,0,0.298
0.299,0,0,0,0,0,0,0,0,0,0,0,0,0.299
0.3,0,0,0,0,0,0,0,0,0,0,0,0,0.3
0.301,0,0,0,0,0,0,0,0,0,0,0,0,0.301
0.302,0,0,0,0,0,0,0,0,0,0,0,0,0.302
0.303,0,0,0,0,0,0,0,0,0,0,0,0,0.303
0.304,0,0,0,0,0,0,0,0,0,0,0,0,0.304
0.305,0,0,0,0,0,0,0,0,0,0,0,0,0.305
0.306,0,0,0,0,0,0,0,0,0,0,0,0,0.306
0.307,0,0,0,0,0,0,0,0,0,0,0,0,0.307
0.308,0,0,0,0,0,0,0,0,0,0,0,0,0.308
0.309,0,0,0,0,0,0,0,0,0,0,0,0,0.309
0.31,0,0,0,0,0,0,0,0,0,0,0,0,0.31
0.311,0,0,0,0,0,0,0,0,0,0,0,0,0.311
0.312,0,0,0,0,0,0,0,0,0,0,0,0,0.312
0.313,0,0,0,0,0,0,0,0,0,0,0,0,0.313
0.314,0,0,0,0,0,0,0,0,0,0,0,0,0.314
0.315,0,0,0,0,0,0,0,0,0,0,0,0,0.315
0.316,0,0,0,0,0,0,0,0,0,0,0,0,0.316
0.317,0,0,0,0,0,0,0,0,0,0,0,0,0.317
0.318,0,0,0,0,0,0,0,0,0,0,0,0,0.318
0.319,0,0,0,0,0,0,0,0,0,0,0,0,0.319
0.32,0,0,0,0,0,0,0,0,0,0,0,0,0.32
0.321,0,0,0,0,0,0,0,0,0,0,0,0,0.321
0.322,0,0,0,0,0,0,0,0,0,0,0,0,0.322
0.323,0,0,0,0,0,0,0,0,0,0,0,0,0.323
0.324,0,0,0,0,0,0,0,0,0,0,0,0,0.324
0.325,0,0,0,0,0,0,0,0,0,0,0,0,0.325
0.326,0,0,0,0,0,0,0,0,0,0,0,0,0.326
0.327,0,0,0,0,0,0,0,0,0,0,0,0,0.327
0.328,0,0,0,0,0,0,0,0,0,0,0,0,0.328
0.329,0,0,0,0,0,0,0,0,0,0,0,0,0.329
0.33,0,0,0,0,0,0,0,0,0,0,0,0,0.33
0.331,0,0,0,0,0,0,0,0,0,0,0,0,0.331
0.332,0,0,0,0,0,0,0,0,0,0,0,0,0.332
0.333,0,0,0,0,0,0,0,0,0,0,0,0,0.333
0.334,0,0,0,0,0,0,0,0,0,0,0,0,0.334
0.335,0,0,0,0,0,0,0,0,0,0,0,0,0.335
0.336,0,0,0,0,0,0,0,0,0,0,0,0,0.336
0.337,0,0,0,0,0,0,0,0,0,0,0,0,0.337
0.338,0,0,0,0,0,0,0,0,0,0,0,0,0.338
0.339,0,0,0,0,0,0,0,0,0,0,0,0,0.339
0.34,0,0,0,0,0,0,0,0,0,0,0,0,0.34
0.341,0,0,0,0,0,0,0,0,0,0,0,0,0.341
0.342,0,0,0,0,0,0,0,0,0,0,0,0,0.342
0.343,0,0,0,0,0,0,0,0,0,0,0,0,0.343
0.344,0,0,0,0,0,0,0,0,0,0,0,0,0.344
0.345,0,0,0,0,0,0,0,0,0,0,0,0,0.345
0.346,0,0,0,0,0,0,0,0,0,0,0,0,0.346
0.347,0,0,0,0,0,0,0,0,0,0,0,0,0.347
0.348,0,0,0,0,0,0,0,0,0,0,0,0,0.348
0.349,0,0,0,0,0,0,0,0,0,0,0,0,0.349
0.35,0,0,0,0,0,0,0,0,0,0,0,0,0.35
0.351,0,0,0,0,0,0,0,0,0,0,0,0,0.351
0.352,0,0,0,0,0,0,0,0,0,0,0,0,0.352
0.353,0,0,0,0,0,0,0,0,0,0,0,0,0.353
0.354,0,0,0,0,0,0,0,0,0,0,0,0,0.354
0.355,0,0,0,0,0,0,0,0,0,0,0,0,0.355
0.356,0,0,0,0,0,0,0,0,0,0,0,0,0.356
0.357,0,0,0,0,0,0,0,0,0,0,0,0,0.357
0.358,0,0,0,0,0,0,0,0,0,0,0,0,0.358
0.359,0,0,0,0,0,0,0,0,0,0,0,0,0.359
0.36,0,0,0,0,0,0,0,0,0,0,0,0,0.36
0.361,0,0,0,0,0,0,0,0,0,0,0,0,0.361
0.362,0,0,0,0,0,0,0,0,0,0,0,0,0.362
0.363,0,0,0,0,0,0,0,0,0,0,0,0,0.363
0.364,0,0,0,0,0,0,0,0,0,0,0,0,0.364
0.365,0,0,0,0,0,0,0,0,0,0,0,0,0.365
0.366,0,0,0,0,0,0,0,0,0,0,0,0,0.366
0.367,0,0,0,0,0,0,0,0,0,0,0,0,0.367
0.368,0,0,0,0,0,0,0,0,0,0,0,0,0.368
0.369,0,0,0,0,0,0,0,0,0,0,0,0,0.369
0.37,0,0,0,0,0,0,0,0,0,0,0,0,0.37
0.371,0,0,0,0,0,0,0,0,0,0,0,0,0.371
0.372,0,0,0,0,0,0,0,0,0,0,0,0,0.372
0.373,0,0,0,0,0,0,0,0,0,0,0,0,0.373
0.374,0,0,0,0,0,0,0,0,0,0,0,0,0.374
0.375,0,0,0,0,0,0,0,0,0,0,0,0,0.375
0.376,0,0,0,0,0,0,0,0,0,0,0,0,0.376
0.377,0,0,0,0,0,0,0,0,0,0,0,0,0.377
0.378,0,0,0,0,0,0,0,0,0,0,0,0,0.378
0.379,0,0,0,0,0,0,0,0,0,0,0,0,0.379
0.38,0,0,0,0,0,0,0,0,0,0,0,0,0.38
0.381,0,0,0,0,0,0,0,0,0,0,0,0,0.381
0.382,0,0,0,0,0,0,0,0,0,0,0,0,0.382
0.383,0,0,0,0,0,0,0,0,0,0,0,0,0.383
0.384,0,0,0,0,0,0,0,0,0,0,0,0,0.384
0.385,0,0,0,0,0,0,0,0,0,0,0,0,0.385
0.386,0,0,0,0,0,0,0,0,0,0,0,0,0.386
0.387,0,0,0,0,0,0,0,0,0,0,0,0,0.387
0.388,0,0,0,0,0,0,0,0,0,0,0,0,0.388
0.389,0,0,0,0,0,0,0,0,0,0,0,0,0.389
0.39,0,0,0,0,0,0,0,0,0,0,0,0,0.39
0.391,0,0,0,0,0,0,0,0,0,0,0,0,0.391
0.392,0,0,0,0,0,0,0,0,0,0,0,0,0.392
0.393,0,0,0,0,0,0,0,0,0,0,0,0,0.393
0.394,0,0,0,0,0,0,0,0,0,0,0,0,0.394
0.395,0,0,0,0,0,0,0,0,0,0,0,0,0.395
0.396,0,0,0,0,0,0,0,0,0,0,0,0,0.396
0.397,0,0,0,0,0,0,0,0,0,0,0,0,0.397
0.398,0,0,0,0,0,0,0,0,0,0,0,0,0.398
0.399,0,0,0,0,0,0,0,0,0,0,0,0,0.399
0.4,0,0,0,0,0,0,0,0,0,0,0,0,0.4
0.401,0,0,0,0,0,0,0,0,0,0,0,0,0.401
0.402,0,0,0,0,0,0,0,0,0,0,0,0,0.402
0.403,0,0,0,0,0,0,0,0,0,0,0,0,0.403
0.404,0,0,0,0,0,0,0,0,0,0,0,0,0.404
0.405,0,0,0,0,0,0,0,0,0,0,0,0,0.405
0.406,0,0,0,0,0,0,0,0,0,0,0,0,0.406
0.407,0,0,0,0,0,0,0,0,0,0,0,0,0.407
0.408,0,0,0,0,0,0,0,0,0,0,0,0,0.408
0.409,0,0,0,0,0,0,0,0,0,0,0,0,0.409
0.41,0,0,0,0,0,0,0,0,0,0,0,0,0.41
0.411,0,0,0,0,0,0,0,0,0,0,0,0,0.411
0.412,0,0,0,0,0,0,0,0,0,0,0,0,0.412
0.413,0,0,0,0,0,0,0,0,0,0,0,0,0.413
0.414,0,0,0,0,0,0,0,0,0,0,0,0,0.414
0.415,0,0,0,0,0,0,0,0,0,0,0,0,0.415
0.416,0,0,0,0,0,0,0,0,0,0,0,0,0.416
0.417,0,0,0,0,0,0,0,0,0,0,0,0,0.417
0.418,0,0,0,0,0,0,0,0,0,0,0,0,0.418
0.419,0,0,0,0,0,0,0,0,0,0,0,0,0.419
0.42,0,0,0,0,0,0,0,0,0,0,0,0,0.42
0.421,0,0,0,0,0,0,0,0,0,0,0,0,0.421
0.422,0,0,0,0,0,0,0,0,0,0,0,0,0.422
0.423,0,0,0,0,0,0,0,0,0,0,0,0,0.423
0.424,0,0,0,0,0,0,0,0,0,0,0,0,0.424
0.425,0,0,0,0,0,0,0,0,0,0,0,0,0.425
0.426,0,0,0,0,0,0,0,0,0,0,0,0,0.426
0.427,0,0,0,0,0,0,0,0,0,0,0,0,0.427
0.428,0,0,0,0,0,0,0,0,0,0,0,0,0.428
0.429,0,0,0,0,0,0,0,0,0,0,0,0,0.429
0.43,0,0,0,0,0,0,0,0,0,0,0,0,0.43
0.431,0,0,0,0,0,0,0,0,0,0,0,0,0.431
0.432,0,0,0,0,0,0,0,0,0,0,0,0,0.432
0.433,0,0,0,0,0,0,0,0,0,0,0,0,0.433
0.434,0,0,0,0,0,0,0,0,0,0,0,0,0.434
0.435,0,0,0,0,0,0,0,0,0,0,0,0,0.435
0.436,0,0,0,0,0,0,0,0,0,0,0,0,0.436
0.437,0,0,0,0,0,0,0,0,0,0,0,0,0.437
0.438,0,0,0,0,0,0,0,0,0,0,0,0,0.438
0.439,0,0,0,0,0,0,0,0,0,0,0,0,0.439
0.44,0,0,0,0,0,0,0,0,0,0,0,0,0.44
0.441,0,0,0,0,0,0,0,0,0,0,0,0,0.441
0.442,0,0,0,0,0,0,0,0,0,0,0,0,0.442
0.443,0,0,0,0,0,0,0,0,0,0,0,0,0.443
0.444,0,0,0,0,0,0,0,0,0,0,0,0,0.444
0.445,0,0,0,0,0,0,0,0,0,0,0,0,0.445
0.446,0,0,0,0,0,0,0,0,0,0,0,0,0.446
0.447,0,0,0,0,0,0,0,0,0,0,0,0,0.447
0.448,0,0,0,0,0,0,0,0,0,0,0,0,0.448
0.449,0,0,0,0,0,0,0,0,0,0,0,0,0.449
0.45,0,0,0,0,0,0,0,0,0,0,0,0,0.45
0.451,0,0,0,0,0,0,0,0,0,0,0,0,0.451
0.452,0,0,0,0,0,0,0,0,0,0,0,0,0.452
0.453,0,0,0,0,0,0,0,0,0,0,0,0,0.453
0.454,0,0,0,0,0,0,0,0,0,0,0,0,0.454
0.455,0,0,0,0,0,0,0,0,0,0,0,0,0.455
0.456,0,0,0,0,0,0,0,0,0,0,0,0,0.456
0.457,0,0,0,0,0,0,0,0,0,0,0,0,0.457
0.458,0,0,0,0,0,0,0,0,0,0,0,0,0.458
0.459,0,0,0,0,0,0,0,0,0,0,0,0,0.459
0.46,0,0,0,0,0,0,0,0,0,0,0,0,0.46
0.461,0,0,0,0,0,0,0,0,0,0,0,0,0.461
0.462,0,0,0,0,0,0,0,0,0,0,0,0,0.462
0.463,0,0,0,0,0,0,0,0,0,0,0,0,0.463
0.464,0,0,0,0,0,0,0,0,0,0,0,0,0.464
0.465,0,0,0,0,0,0,0,0,0,0,0,0,0.465
0.466,0,0,0,0,0,0,0,0,0,0,0,0,0.466
0.467,0,0,0,0,0,0,0,0,0,0,0,0,0.467
0.468,0,0,0,0,0,0,0,0,0,0,0,0,0.468
0.469,0,0,0,0,0,0,0,0,0,0,0,0,0.469
0.47,0,0,0,0,0,0,0,0,0,0,0,0,0.47
0.471,0,0,0,0,0,0,0,0,0,0,0,0,0.471
0.472,0,0,0,0,0,0,0,0,0,0,0,0,0.472
0.473,0,0,0,0,0,0,0,0,0,0,0,0,0.473
0.474,0,0,0,0,0,0,0,0,0,0,0,0,0.474
0.475,0,0,0,0,0,0,0,0,0,0,0,0,0.475
0.476,0,0,0,0,0,0,0,0,0,0,0,0,0.476
0.477,0,0,0,0,0,0,0,0,0,0,0,0,0.477
0.478,0,0,0,0,0,0,0,0,0,0,0,0,0.478
0.479,0,0,0,0,0,0,0,0,0,0,0,0,0.479
0.48,0,0,0,0,0,0,0,0,0,0,0,0,0.48
0.481,0,0,0,0,0,0,0,0,0,0,0,0,0.481
0.482,0,0,0,0,0,0,0,0,0,0,0,0,0.482
0.483,0,0,0,0,0,0,0,0,0,0,0,0,0.483
0.484,0,0,0,0,0,0,0,0,0,0,0,0,0.484
0.485,0,0,0,0,0,0,0,0,0,0,0,0,0.485
0.486,0,0,0,0,0,0,0,0,0,0,0,0,0.486
0.487,0,0,0,0,0,0,0,0,0,0,0,0,0.487
0.488,0,0,0,0,0,0,0,0,0,0,0,0,0.488
0.489,0,0,0,0,0,0,0,0,0,0,0,0,0.489
0.49,0,0,0,0,0,0,0,0,0,0,0,0,0.49
0.491,0,0,0,0,0,0,0,0,0,0,0,0,0.491
0.492,0,0,0,0,0,0,0,0,0,0,0,0,0.492
0.493,0,0,0,0,0,0,0,0,0,0,0,0,0.493
0.494,0,0,0,0,0,0,0,0,0,0,0,0,0.494
0.495,0,0,0,0,0,0,0,0,0,0,0,0,0.495
0.496,0,0,0,0,0,0,0,0,0,0,0,0,0.496
0.497,0,0,0,0,0,0,0,0,0,0,0,0,0.497
0.498,0,0,0,0,0,0,0,0,0,0,0,0,0.498
0.499,0,0,0,0,0,0,0,0,0,0,0,0,0.499
0.5,0,0,0,0,0,0,0,0,0,0,0,0,0.5
0.501,0,0,0,0,0,0,0,0,0,0,0,0,0.501
0.502,0,0,0,0,0,0,0,0,0,0,0,0,0.502
0.503,0,0,0,0,0,0,0,0,0,0,0,0,0.503
0.504,0,0,0,0,0,0,0,0,0,0,0,0,0.504
0.505,0,0,0,0,0,0,0,0,0,0,0,0,0.505
0.506,0,0,0,0,0,0,0,0,0,0,0,0,0.506
0.507,0,0,0,0,0,0,0,0,0,0,0,0,0.507
0.508,0,0,0,0,0,0,0,0,0,0,0,0,0.508
0.509,0,0,0,0,0,0,0,0,0,0,0,0,0.509
0.51,0,0,0,0,0,0,0,0,0,0,0,0,0.51
0.511,0,0,0,0,0,0,0,0,0,0,0,0,0.511
0.512,0,0,0,0,0,0,0,0,0,0,0,0,0.512
0.513,0,0,0,0,0,0,0,0,0,0,0,0,0.513
0.514,0,0,0,0,0,0,0,0,0,0,0,0,0.514
0.515,0,0,0,0,0,0,0,0,0,0,0,0,0.515
0.516,0,0,0,0,0,0,0,0,0,0,0,0,0.516
0.517,0,0,0,0,0,0,0,0,0,0,0,0,0.517
0.518,0,0,0,0,0,0,0,0,0,0,0,0,0.518
0.519,0,0,0,0,0,0,0,0,0,0,0,0,0.519
0.52,0,0,0,0,0,0,0,0,0,0,0,0,0.52
0.521,0,0,0,0,0,0,0,0,0,0,0,0,0.521
0.522,0,0,0,0,0,0,0,0,0,0,0,0,0.522
0.523,0,0,0,0,0,0,0,0,0,0,0,0,0.523
0.524,0,0,0,0,0,0,0,0,0,0,0,0,0.524
0.525,0,0,0,0,0,0,0,0,0,0,0,0,0.525
0.526,0,0,0,0,0,0,0,0,0,0,0,0,0.526
0.527,0,0,0,0,0,0,0,0,0,0,0,0,0.527
0.528,0,0,0,0,0,0,0,0,0,0,0,0,0.528
0.529,0,0,0,0,0,0,0,0,0,0,0,0,0.529
0.53,0,0,0,0,0,0,0,0,0,0,0,0,0.53
0.531,0,0,0,0,0,0,0,0,0,0,0,0,0.531
0.532,0,0,0,0,0,0,0,0,0,0,0,0,0.532
0.533,0,0,0,0,0,0,0,0,0,0,0,0,0.533
0.534,0,0,0,0,0,0,0,0,0,0,0,0,0.534
0.535,0,0,0,0,0,0,0,0,0,0,0,0,0.535
0.536,0,0,0,0,0,0,0,0,0,0,0,0,0.536
0.537,0,0,0,0,0,0,0,0,0,0,0,0,0.537
0.538,0,0,0,0,0,0,0,0,0,0,0,0,0.538
0.539,0,0,0,0,0,0,0,0,0,0,0,0,0.539
0.54,0,0,0,0,0,0,0,0,0,0,0,0,0.54
0.541,0,0,0,0,0,0,0,0,0,0,0,0,0.541
0.542,0,0,0,0,0,0,0,0,0,0,0,0,0.542
0.543,0,0,0,0,0,0,0,0,0,0,0,0,0.543
0.544,0.0340395,0,0,0,0,0,0,0,0,0,0,0,0.544
0.545,0.0844468,0,0,0,0,0,0,0,0,0,-16.6972,0,0.545
0.546,0.135591,0,0,0,0,0,0,-0.0166972,0,0,-50.2005,0,0.546
0.547,0.18235,0,0,0,0,0,0,-0.0668977,0,0,-92.7658,0,0.547
0.548,0.22385,0,0,0,0,0,0,-0.159664,0,0,-137.666,0,0.548
0.549,0.260843,0,0.00427581,0,0,0,0,-0.29733,0,0,-180.85,0,0.549
0.55,0.293234,0,0.0113564,0,0,0,0,-0.47818,0,-1.61045,-220.384,0.268408,0.55
0.551,0.320349,0,0.0194263,0,0,0,-0.00160821,-0.698563,0.000268418,-5.12346,-255.25,0.85391,0.551
0.552,0.341485,0,0.0281995,0,0,0,-0.00672135,-0.953813,0.00111523,-9.99287,-284.663,1.66548,0.552
0.553,0.356011,0,0.0379802,0,0,0,-0.016687,-1.23848,0.00274754,-15.8043,-307.909,2.63409,0.553
0.554,0.363344,0,0.0491726,0,0,0,-0.0324363,-1.54639,0.00529254,-22.4397,-324.345,3.74022,0.554
0.555,0.362944,0,0.0619282,0,0,0,-0.05478,-1.87073,0.00885044,-29.9789,-333.397,4.99749,0.555
0.556,0.358432,0,0.0760701,0,0,0,-0.0846061,-2.20413,0.0135317,-38.5135,-334.568,6.42156,0.556
0.557,0.352016,0,0.0912976,0,4.7657e-05,0,-0.122891,-2.53871,0.0194636,-48.0163,-329.439,8.00843,0.557
0.558,0.344806,0,0.107247,0,0.000467251,0,-0.170584,-2.86817,0.0267725,-58.347,-319.995,9.7249,0.558
0.559,0.337367,0,0.123441,0,0.00113935,0,-0.228491,-3.18819,0.0355557,-69.2616,-307.881,11.4552,0.559
0.56,0.329984,0,0.139412,0,0.00201961,0,-0.297183,-3.49611,0.0457988,-80.4529,-294.298,13.1348,0.56
0.561,0.322797,0,0.154745,0,0.00307941,0,-0.376927,-3.79048,0.0574286,-91.5823,-280.061,14.711,0.561
0.562,0.315874,0,0.168905,0,0.00428841,0,-0.467657,-4.07063,0.0703251,-102.316,-265.702,16.137,0.562
0.563,0.309243,0,0.181216,0,0.00563341,0,-0.568978,-4.33645,0.0843282,-112.281,-251.566,17.3631,0.563
0.564,0.302911,0,0.19116,0,0.00709462,0,-0.680132,-4.58818,0.0992349,-121.034,-237.885,18.3254,0.564
0.565,0.296878,0,0.198305,0,0.00863644,0,-0.799923,-4.82627,0.114785,-128.159,-224.813,18.9646,0.565
0.566,0.291135,0,0.202188,0,0.010204,0,-0.926745,-5.05132,0.130666,-133.289,-212.453,19.2334,0.566
0.567,0.285673,0,0.202303,0,0.011721,0,-1.05864,-5.26406,0.146522,-136.082,-200.88,19.0939,0.567
0.568,0.280479,0,0.19809,0,0.0131017,0,-1.1933,-5.46526,0.161966,-136.194,-190.158,18.5159,0.568
0.569,0.275542,0,0.19126,0,0.0142627,0,-1.3281,-5.65576,0.176584,-133.269,-180.342,17.4722,0.569
0.57,0.270851,0,0.183391,0,0.0151276,0,-1.46006,-5.83646,0.189937,-127.791,-171.375,16.0788,0.57
0.571,0.266392,0,0.175265,0,0.0156283,0,-1.58665,-6.00819,0.201705,-120.644,-163.135,14.5167,0.571
0.572,0.262157,0,0.167279,0,0.0157065,0,-1.70624,-6.17166,0.211754,-112.615,-155.509,12.9489,0.572
0.573,0.258132,0,0.159627,0,0.015547,0,-1.81796,-6.32749,0.220116,-104.284,-148.402,11.5,0.573
0.574,0.254308,0,0.152403,0,0.0152794,0,-1.92149,-6.47618,0.226943,-96.0222,-141.739,10.2055,0.574
0.575,0.250675,0,0.145644,0,0.014967,0,-2.0169,-6.61818,0.232426,-88.0507,-135.462,9.05865,0.575
0.576,0.247224,0,0.139361,0,0.0146412,0,-2.10445,-6.75388,0.23674,-80.4924,-129.524,8.0423,0.576
0.577,0.243946,0,0.133545,0,0.0143171,0,-2.18455,-6.88361,0.240043,-73.4091,-123.893,7.13913,0.577
0.578,0.240831,0,0.128185,0,0.014002,0,-2.25767,-7.00769,0.242472,-66.8239,-118.541,6.3346,0.578
0.579,0.237871,0,0.123272,0,0.0136989,0,-2.32429,-7.12638,0.244145,-60.7391,-113.447,5.61738,0.579
0.58,0.23506,0,0.118795,0,0.0134092,0,-2.3849,-7.23997,0.245164,-55.1458,-108.592,4.97897,0.58
0.581,0.23239,0,0.114746,0,0.013133,0,-2.43999,-7.34867,0.245624,-50.0309,-103.959,4.41299,0.581
0.582,0.229852,0,0.111105,0,0.0128702,0,-2.49003,-7.45272,0.245607,-45.3787,-99.5348,3.91457,0.582
0.583,0.227442,0,0.107867,0,0.0126203,0,-2.53546,-7.55233,0.24519,-41.1685,-95.3049,3.47905,0.583
0.584,0.225152,0,0.105025,0,0.0123828,0,-2.57672,-7.6477,0.244443,-37.3833,-91.2574,3.10304,0.584
0.585,0.222977,0,0.102563,0,0.0121571,0,-2.61424,-7.739,0.243431,-34.0067,-87.3806,2.78369,0.585
0.586,0.22091,0,0.100456,0,0.0119427,0,-2.64841,-7.82642,0.242216,-31.0198,-83.6641,2.51796,0.586
0.587,0.218947,0,0.0986919,0,0.0117389,0,-2.67962,-7.91011,0.240852,-28.3995,-80.099,2.30219,0.587
0.588,0.217082,0,0.0972505,0,0.0115454,0,-2.70822,-7.99023,0.239393,-26.1258,-76.6768,2.13336,0.588
0.589,0.21531,0,0.0961039,0,0.0113615,0,-2.73455,-8.06692,0.237887,-24.1768,-73.3898,2.00815,0.589
0.59,0.213627,0,0.0951816,0,0.0111868,0,-2.75894,-8.14033,0.236376,-22.5274,-70.2317,1.92273,0.59
0.591,0.212028,0,0.0943878,0,0.0110208,0,-2.78168,-8.21057,0.234901,-21.1351,-67.1995,1.87041,0.591
0.592,0.210509,0,0.0936748,0,0.0108631,0,-2.80302,-8.27778,0.233494,-19.9394,-64.2939,1.84145,0.592
0.593,0.209066,0,0.0930181,0,0.0107134,0,-2.82314,-8.34209,0.232175,-18.8883,-61.5149,1.82755,0.593
0.594,0.207695,0,0.0924045,0,0.0105711,0,-2.84221,-8.40362,0.230958,-17.9435,-58.8606,1.82271,0.594
0.595,0.206392,0,0.0918268,0,0.0104359,0,-2.86032,-8.4625,0.229848,-17.0788,-56.3281,1.82292,0.595
0.596,0.205155,0,0.0912805,0,0.0103075,0,-2.87754,-8.51884,0.228847,-16.2768,-53.9132,1.82565,0.596
0.597,0.203979,0,0.0907628,0,0.0101855,0,-2.89395,-8.57278,0.227954,-15.526,-51.6112,1.82933,0.597
0.598,0.202863,0,0.0902716,0,0.0100696,0,-2.90959,-8.62442,0.227166,-14.8187,-49.4172,1.83304,0.598
0.599,0.201802,0,0.0898053,0,0.00995947,0,-2.92452,-8.67387,0.226481,-14.1498,-47.3263,1.83625,0.599
0.6,0.200794,0,0.0893625,0,0.00985487,0,-2.93875,-8.72122,0.225893,-13.5155,-45.3336,1.83867,0.6
0.601,0.199837,0,0.0889419,0,0.0097555,0,-2.95234,-8.76659,0.2254,-12.9132,-43.4343,1.84015,0.601
0.602,0.198927,0,0.0885424,0,0.0096611,0,-2.96532,-8.81006,0.224996,-12.3404,-41.6238,1.84063,0.602
0.603,0.198063,0,0.0881628,0,0.00957142,0,-2.97771,-8.85173,0.224677,-11.7956,-39.8978,1.84009,0.603
0.604,0.197242,0,0.0878023,0,0.00948622,0,-2.98954,-8.89167,0.224439,-11.277,-38.252,1.83854,0.604
0.605,0.196462,0,0.0874598,0,0.00940529,0,-3.00084,-8.92996,0.224278,-10.7832,-36.6826,1.836,0.605
0.606,0.195722,0,0.0871344,0,0.0093284,0,-3.01164,-8.96669,0.22419,-10.3129,-35.1858,1.83253,0.606
0.607,0.195018,0,0.0868253,0,0.00925535,0,-3.02195,-9.00192,0.224171,-9.86495,-33.7579,1.82814,0.607
0.608,0.194349,0,0.0865316,0,0.00918596,0,-3.03181,-9.03573,0.224218,-9.43819,-32.3957,1.82289,0.608
0.609,0.193714,0,0.0862526,0,0.00912003,0,-3.04123,-9.06818,0.224326,-9.03154,-31.0958,1.81683,0.609
0.61,0.193111,0,0.0859876,0,0.00905741,0,-3.05024,-9.09933,0.224493,-8.644,-29.8552,1.80998,0.61
0.611,0.192537,0,0.0857359,0,0.00899791,0,-3.05885,-9.12924,0.224714,-8.27464,-28.671,1.8024,0.611
0.612,0.191993,0,0.0854967,0,0.00894139,0,-3.06708,-9.15796,0.224987,-7.92253,-27.5405,1.79412,0.612
0.613,0.191475,0,0.0852694,0,0.0088877,0,-3.07495,-9.18556,0.22531,-7.58684,-26.461,1.78519,0.613
0.614,0.190984,0,0.0850536,0,0.00883668,0,-3.08248,-9.21208,0.225677,-7.26675,-25.4301,1.77564,0.614
0.615,0.190517,0,0.0848485,0,0.00878823,0,-3.08968,-9.23757,0.226088,-6.9615,-24.4454,1.76551,0.615
0.616,0.190073,0,0.0846537,0,0.00874219,0,-3.09657,-9.26207,0.22654,-6.67035,-23.5046,1.75484,0.616
0.617,0.189652,0,0.0844686,0,0.00869845,0,-3.10316,-9.28564,0.227029,-6.39262,-22.6057,1.74366,0.617
0.618,0.189252,0,0.0842928,0,0.00865691,0,-3.10947,-9.3083,0.227553,-6.12765,-21.7466,1.732,0.618
0.619,0.188871,0,0.0841258,0,0.00800384,0,-3.11551,-9.33011,0.22811,-5.87482,-20.9255,1.71991,0.619
0.62,0.182894,0,0.0815003,0,0.00769023,0,-3.12129,-9.3511,0.228698,-5.68652,-20.1479,1.84657,0.62
0.621,0.180023,0,0.0802395,0,0.00753343,0,-3.12685,-9.37132,0.229455,-4.7203,-17.0225,1.83818,0.621
0.622,0.178588,0,0.0796092,0,0.00745502,0,-3.13142,-9.38842,0.230374,-3.76965,-13.9868,1.79468,0.622
0.623,0.17787,0,0.079294,0,0.00741582,0,-3.13502,-9.40248,0.231416,-3.03086,-11.6339,1.74751,0.623
0.624,0.177511,0,0.0791364,0,0.00739622,0,-3.13787,-9.41419,0.232539,-2.50958,-9.97044,1.70559,0.624
0.625,0.177332,0,0.0790576,0,0.00738642,0,-3.14018,-9.42424,0.233713,-2.15812,-8.84207,1.66994,0.625
0.626,0.177242,0,0.0790182,0,0.00738152,0,-3.14215,-9.43316,0.234912,-1.92508,-8.08549,1.63931,0.626
0.627,0.177197,0,0.0789985,0,0.00737907,0,-3.14387,-9.44132,0.236122,-1.76972,-7.57224,1.61218,0.627
0.628,0.177175,0,0.0789886,0,0.00737784,0,-3.14544,-9.44897,0.237333,-1.66342,-7.21251,1.58738,0.628
0.629,0.177164,0,0.0789837,0,0.00737723,0,-3.14691,-9.45626,0.238538,-1.58742,-6.94746,1.56407,0.629
0.63,0.177158,0,0.0789812,0,0.00737693,0,-3.1483,-9.46329,0.239735,-1.52984,-6.7401,1.54175,0.63
0.631,0.177155,0,0.07898,0,0.00737677,0,-3.14963,-9.4701,0.24092,-1.48343,-6.56776,1.5201,0.631
0.632,0.177154,0,0.0789794,0,0.0073767,0,-3.15093,-9.47674,0.242093,-1.4438,-6.41683,1.49893,0.632
0.633,0.177153,0,0.0789791,0,0.00737666,0,-3.15218,-9.48323,0.243253,-1.40838,-6.27926,1.47814,0.633
0.634,0.177153,0,0.0789789,0,0.00737664,0,-3.1534,-9.48958,0.244399,-1.37564,-6.15032,1.45768,0.634
0.635,0.177153,0,0.0789788,0,0.00737663,0,-3.15459,-9.4958,0.245532,-1.34469,-6.02728,1.43751,0.635
0.636,0.177153,0,0.0789788,0,0.00737662,0,-3.15575,-9.5019,0.246651,-1.31502,-5.90855,1.4176,0.636
0.637,0.177153,0,0.0789788,0,0.00737662,0,-3.15688,-9.50788,0.247756,-1.28633,-5.79319,1.39796,0.637
0.638,0.177153,0,0.0789788,0,0.00737662,0,-3.15799,-9.51374,0.248848,-1.25845,-5.68068,1.37857,0.638
0.639,0.177153,0,0.0789788,0,0.00737662,0,-3.15907,-9.51949,0.249926,-1.23127,-5.57067,1.35943,0.639
0.64,0.177153,0,0.0789788,0,0.00737662,0,-3.16012,-9.52512,0.250991,-1.20472,-5.46298,1.34053,0.64
0.641,0.177153,0,0.0789788,0,0.00737662,0,-3.16115,-9.53065,0.252043,-1.17877,-5.35747,1.32187,0.641
0.642,0.177153,0,0.0789788,0,0.00737662,0,-3.16216,-9.53608,0.253082,-1.1534,-5.25405,1.30344,0.642
0.643,0.177153,0,0.0789788,0,0.00737662,0,-3.16314,-9.54139,0.254108,-1.12857,-5.15265,1.28526,0.643
0.644,0.177153,0,0.0789788,0,0.00737662,0,-3.1641,-9.54661,0.255121,-1.10427,-5.05323,1.2673,0.644
0.645,0.177153,0,0.0789788,0,0.00737662,0,-3.16504,-9.55172,0.256121,-1.08049,-4.95573,1.24958,0.645
0.646,0.177153,0,0.0789788,0,0.00737662,0,-3.16596,-9.55674,0.257109,-1.05721,-4.86011,1.23208,0.646
0.647,0.177153,0,0.0789788,0,0.00737662,0,-3.16685,-9.56166,0.258084,-1.03444,-4.76634,1.21481,0.647
0.648,0.177153,0,0.0789788,0,0.00737662,0,-3.16773,-9.56649,0.259047,-1.01214,-4.67438,1.19776,0.648
0.649,0.177153,0,0.0789788,0,0.00737662,0,-3.16858,-9.57122,0.259998,-0.990316,-4.58419,1.18093,0.649
0.65,0.177153,0,0.0789788,0,0.00737662,0,-3.16942,-9.57586,0.260937,-0.968957,-4.49574,1.16432,0.65
0.651,0.177153,0,0.0789788,0,0.00737662,0,-3.17023,-9.58042,0.261864,-0.948051,-4.40899,1.14792,0.651
0.652,0.177153,0,0.0789788,0,0.00737662,0,-3.17103,-9.58488,0.262779,-0.927589,-4.32392,1.13174,0.652
0.653,0.177153,0,0.0789788,0,0.00737662,0,-3.1718,-9.58926,0.263682,-0.907562,-4.24049,1.11576,0.653
0.654,0.177153,0,0.0789788,0,0.00737662,0,-3.17256,-9.59356,0.264574,-0.88796,-4.15866,1.1,0.654
0.655,0.177153,0,0.0789788,0,0.00737662,0,-3.1733,-9.59777,0.265455,-0.868774,-4.07841,1.08444,0.655
0.656,0.177153,0,0.0789788,0,0.00737662,0,-3.17403,-9.6019,0.266324,-0.849997,-3.99971,1.06908,0.656
0.657,0.177153,0,0.0789788,0,0.00737662,0,-3.17473,-9.60596,0.267182,-0.831618,-3.92253,1.05393,0.657
0.658,0.177153,0,0.0789788,0,0.00737662,0,-3.17542,-9.60993,0.268029,-0.813631,-3.84683,1.03897,0.658
0.659,0.177153,0,0.0789788,0,0.00737662,0,-3.1761,-9.61383,0.268865,-0.796026,-3.7726,1.02421,0.659
0.66,0.177153,0,0.0789788,0,0.00737662,0,-3.17676,-9.61765,0.26969,-0.778796,-3.69979,1.00965,0.66
0.661,0.177153,0,0.0789788,0,0.00737662,0,-3.1774,-9.6214,0.270505,-0.761932,-3.62839,0.995278,0.661
0.662,0.177153,0,0.0789788,0,0.00737662,0,-3.17803,-9.62508,0.271308,-0.745428,-3.55837,0.981096,0.662
0.663,0.177153,0,0.0789788,0,0.00737662,0,-3.17864,-9.62869,0.272102,-0.729275,-3.48969,0.967101,0.663
0.664,0.177153,0,0.0789788,0,0.00737662,0,-3.17924,-9.63223,0.272885,-0.713467,-3.42234,0.953292,0.664
0.665,0.177153,0,0.0789788,0,0.00737662,0,-3.17982,-9.6357,0.273658,-0.697995,-3.35629,0.939666,0.665
0.666,0.177153,0,0.0789788,0,0.00737662,0,-3.18039,-9.6391,0.274421,-0.682853,-3.29151,0.926222,0.666
0.667,0.177153,0,0.0789788,0,0.00737662,0,-3.18095,-9.64244,0.275174,-0.668034,-3.22799,0.912957,0.667
0.668,0.177153,0,0.0789788,0,0.00737662,0,-3.18149,-9.64571,0.275917,-0.653531,-3.16568,0.899869,0.668
0.669,0.177153,0,0.0789788,0,0.00737662,0,-3.18202,-9.64892,0.27665,-0.639337,-3.10458,0.886956,0.669
0.67,0.177153,0,0.0789788,0,0.00737662,0,-3.18254,-9.65207,0.277373,-0.625447,-3.04466,0.874216,0.67
0.671,0.177153,0,0.0789788,0,0.00737662,0,-3.18305,-9.65516,0.278087,-0.611852,-2.98589,0.861647,0.671
0.672,0.177153,0,0.0789788,0,0.00737662,0,-3.18354,-9.65819,0.278792,-0.598549,-2.92826,0.849246,0.672
0.673,0.177153,0,0.0789788,0,0.00737662,0,-3.18402,-9.66116,0.279487,-0.585529,-2.87174,0.837013,0.673
0.674,0.177153,0,0.0789788,0,0.00737662,0,-3.18449,-9.66407,0.280173,-0.572788,-2.8163,0.824945,0.674
0.675,0.177153,0,0.0789788,0,0.00737662,0,-3.18495,-9.66693,0.28085,-0.560318,-2.76194,0.813039,0.675
0.676,0.177153,0,0.0789788,0,0.00737662,0,-3.1854,-9.66973,0.281517,-0.548116,-2.70863,0.801294,0.676
0.677,0.177153,0,0.0789788,0,0.00737662,0,-3.18584,-9.67248,0.282176,-0.536174,-2.65634,0.789709,0.677
0.678,0.177153,0,0.0789788,0,0.00737662,0,-3.18626,-9.67518,0.282826,-0.524488,-2.60507,0.77828,0.678
0.679,0.177153,0,0.0789788,0,0.00737662,0,-3.18668,-9.67782,0.283468,-0.513052,-2.55478,0.767007,0.679
0.68,0.177153,0,0.0789788,0,0.00737662,0,-3.18709,-9.68042,0.284101,-0.501861,-2.50546,0.755887,0.68
0.681,0.177153,0,0.0789788,0,0.00737662,0,-3.18749,-9.68296,0.284725,-0.490909,-2.4571,0.744918,0.681
0.682,0.177153,0,0.0789788,0,0.00737662,0,-3.18787,-9.68546,0.285341,-0.480192,-2.40967,0.734099,0.682
0.683,0.177153,0,0.0789788,0,0.00737662,0,-3.18825,-9.6879,0.285948,-0.469705,-2.36315,0.723428,0.683
0.684,0.177153,0,0.0789788,0,0.00737662,0,-3.18862,-9.6903,0.286548,-0.459442,-2.31753,0.712903,0.684
0.685,0.177153,0,0.0789788,0,0.00737662,0,-3.18898,-9.69266,0.287139,-0.449399,-2.27279,0.702521,0.685
0.686,0.177153,0,0.0789788,0,0.00737662,0,-3.18933,-9.69496,0.287723,-0.439572,-2.22891,0.692283,0.686
0.687,0.177153,0,0.0789788,0,0.00737662,0,-3.18967,-9.69723,0.288298,-0.429956,-2.18589,0.682185,0.687
0.688,0.177153,0,0.0789788,0,0.00737662,0,-3.19001,-9.69945,0.288866,-0.420545,-2.14369,0.672225,0.688
0.689,0.177153,0,0.0789788,0,0.00737662,0,-3.19033,-9.70163,0.289425,-0.411337,-2.1023,0.662403,0.689
0.69,0.177153,0,0.0789788,0,0.00737662,0,-3.19065,-9.70376,0.289978,-0.402327,-2.06172,0.652716,0.69
0.691,0.177153,0,0.0789788,0,0.00737662,0,-3.19096,-9.70586,0.290523,-0.39351,-2.02191,0.643164,0.691
0.692,0.177153,0,0.0789788,0,0.00737662,0,-3.19127,-9.70791,0.29106,-0.384882,-1.98288,0.633743,0.692
0.693,0.177153,0,0.0789788,0,0.00737662,0,-3.19156,-9.70993,0.29159,-0.37644,-1.9446,0.624452,0.693
0.694,0.177153,0,0.0789788,0,0.00737662,0,-3.19185,-9.7119,0.292112,-0.36818,-1.90706,0.615291,0.694
0.695,0.177153,0,0.0789788,0,0.00737662,0,-3.19213,-9.71384,0.292628,-0.360097,-1.87024,0.606256,0.695
0.696,0.177153,0,0.0789788,0,0.00737662,0,-3.1924,-9.71574,0.293137,-0.352188,-1.83413,0.597347,0.696
0.697,0.177153,0,0.0789788,0,0.00737662,0,-3.19267,-9.71761,0.293638,-0.344449,-1.79872,0.588563,0.697
0.698,0.177153,0,0.0789788,0,0.00737662,0,-3.19293,-9.71944,0.294133,-0.336877,-1.76399,0.5799,0.698
0.699,0.177153,0,0.0789788,0,0.00737662,0,-3.19319,-9.72123,0.29462,-0.329468,-1.72994,0.571358,0.699
0.7,0.177153,0,0.0789788,0,0.00737662,0,-3.19344,-9.72299,0.295101,-0.322218,-1.69654,0.562936,0.7
0.701,0.177153,0,0.0789788,0,0.00737662,0,-3.19368,-9.72471,0.295576,-0.315125,-1.66378,0.554631,0.701
0.702,0.177153,0,0.0789788,0,0.00737662,0,-3.19391,-9.72641,0.296043,-0.308185,-1.63166,0.546443,0.702
0.703,0.177153,0,0.0789788,0,0.00737662,0,-3.19414,-9.72807,0.296505,-0.301394,-1.60016,0.538369,0.703
0.704,0.177153,0,0.0789788,0,0.00737662,0,-3.19437,-9.72969,0.29696,-0.29475,-1.56926,0.530409,0.704
0.705,0.177153,0,0.0789788,0,0.00737662,0,-3.19459,-9.73129,0.297408,-0.288249,-1.53896,0.522561,0.705
0.706,0.177153,0,0.0789788,0,0.00737662,0,-3.1948,-9.73286,0.297851,-0.281888,-1.50925,0.514823,0.706
0.707,0.177153,0,0.0789788,0,0.00737662,0,-3.19501,-9.73439,0.298287,-0.275665,-1.48011,0.507194,0.707
0.708,0.177153,0,0.0789788,0,0.00737662,0,-3.19521,-9.7359,0.298717,-0.269576,-1.45153,0.499672,0.708
0.709,0.177153,0,0.0789788,0,0.00737662,0,-3.19541,-9.73737,0.299141,-0.263619,-1.42351,0.492257,0.709
0.71,0.177153,0,0.0789788,0,0.00737662,0,-3.1956,-9.73882,0.299559,-0.257791,-1.39602,0.484946,0.71
0.711,0.177153,0,0.0789788,0,0.00737662,0,-3.19579,-9.74024,0.299972,-0.252088,-1.36907,0.477739,0.711
0.712,0.177153,0,0.0789788,0,0.00737662,0,-3.19597,-9.74164,0.300378,-0.246509,-1.34264,0.470634,0.712
0.713,0.177153,0,0.0789788,0,0.00737662,0,-3.19615,-9.743,0.300779,-0.241051,-1.31671,0.46363,0.713
0.714,0.177153,0,0.0789788,0,0.00737662,0,-3.19633,-9.74434,0.301174,-0.235711,-1.29129,0.456725,0.714
0.715,0.177153,0,0.0789788,0,0.00737662,0,-3.1965,-9.74566,0.301564,-0.230486,-1.26636,0.449918,0.715
0.716,0.177153,0,0.0789788,0,0.00737662,0,-3.19666,-9.74695,0.301948,-0.225375,-1.24191,0.443208,0.716
0.717,0.177153,0,0.0789788,0,0.00737662,0,-3.19682,-9.74821,0.302327,-0.220374,-1.21793,0.436594,0.717
0.718,0.177153,0,0.0789788,0,0.00737662,0,-3.19698,-9.74945,0.3027,-0.215482,-1.19441,0.430074,0.718
0.719,0.177153,0,0.0789788,0,0.00737662,0,-3.19713,-9.75067,0.303068,-0.210696,-1.17135,0.423647,0.719
0.72,0.177153,0,0.0789788,0,0.00737662,0,-3.19728,-9.75186,0.303431,-0.206013,-1.14873,0.417312,0.72
0.721,0.177153,0,0.0789788,0,0.00737662,0,-3.19743,-9.75303,0.303789,-0.201433,-1.12655,0.411067,0.721
0.722,0.177153,0,0.0789788,0,0.00737662,0,-3.19757,-9.75418,0.304141,-0.196951,-1.1048,0.404911,0.722
0.723,0.177153,0,0.0789788,0,0.00737662,0,-3.19771,-9.75531,0.304489,-0.192568,-1.08347,0.398844,0.723
0.724,0.177153,0,0.0789788,0,0.00737662,0,-3.19784,-9.75641,0.304832,-0.188279,-1.06255,0.392864,0.724
0.725,0.177153,0,0.0789788,0,0.00737662,0,-3.19797,-9.75749,0.30517,-0.184083,-1.04204,0.38697,0.725
0.726,0.177153,0,0.0789788,0,0.00737662,0,-3.1981,-9.75856,0.305503,-0.179979,-1.02192,0.38116,0.726
0.727,0.177153,0,0.0789788,0,0.00737662,0,-3.19823,-9.7596,0.305831,-0.175964,-1.00218,0.375434,0.727
0.728,0.177153,0,0.0789788,0,0.00737662,0,-3.19835,-9.76062,0.306155,-0.172037,-0.982833,0.369791,0.728
0.729,0.177153,0,0.0789788,0,0.00737662,0,-3.19847,-9.76162,0.306474,-0.168195,-0.963856,0.364229,0.729
0.73,0.177153,0,0.0789788,0,0.00737662,0,-3.19858,-9.7626,0.306788,-0.164436,-0.945246,0.358747,0.73
0.731,0.177153,0,0.0789788,0,0.00737662,0,-3.19869,-9.76357,0.307098,-0.16076,-0.926995,0.353344,0.731
0.732,0.177153,0,0.0789788,0,0.00737662,0,-3.1988,-9.76451,0.307404,-0.157163,-0.909096,0.348019,0.732
0.733,0.177153,0,0.0789788,0,0.00737662,0,-3.19891,-9.76544,0.307705,-0.153645,-0.891543,0.342771,0.733
0.734,0.177153,0,0.0789788,0,0.00737662,0,-3.19901,-9.76635,0.308001,-0.150204,-0.874329,0.337599,0.734
0.735,0.177153,0,0.0789788,0,0.00737662,0,-3.19911,-9.76724,0.308294,-0.146838,-0.857447,0.332503,0.735
0.736,0.177153,0,0.0789788,0,0.00737662,0,-3.19921,-9.76812,0.308582,-0.143545,-0.840891,0.32748,0.736
0.737,0.177153,0,0.0789788,0,0.00737662,0,-3.1993,-9.76897,0.308866,-0.140325,-0.824655,0.32253,0.737
0.738,0.177153,0,0.0789788,0,0.00737662,0,-3.1994,-9.76981,0.309147,-0.137174,-0.808732,0.317652,0.738
0.739,0.177153,0,0.0789788,0,0.00737662,0,-3.19949,-9.77064,0.309423,-0.134093,-0.793117,0.312845,0.739
0.74,0.177153,0,0.0789788,0,0.00737662,0,-3.19958,-9.77145,0.309695,-0.131079,-0.777803,0.308108,0.74
0.741,0.177153,0,0.0789788,0,0.00737662,0,-3.19966,-9.77224,0.309963,-0.12813,-0.762785,0.30344,0.741
0.742,0.177153,0,0.0789788,0,0.00737662,0,-3.19974,-9.77302,0.310227,-0.125247,-0.748057,0.29884,0.742
0.743,0.177153,0,0.0789788,0,0.00737662,0,-3.19982,-9.77379,0.310487,-0.122426,-0.733613,0.294307,0.743
0.744,0.177153,0,0.0789788,0,0.00737662,0,-3.1999,-9.77453,0.310744,-0.119667,-0.719448,0.28984,0.744
0.745,0.177153,0,0.0789788,0,0.00737662,0,-3.19998,-9.77527,0.310997,-0.116969,-0.705557,0.285439,0.745
0.746,0.177153,0,0.0789788,0,0.00737662,0,-3.20006,-9.77599,0.311246,-0.11433,-0.691934,0.281102,0.746
0.747,0.177153,0,0.0789788,0,0.00737662,0,-3.20013,-9.7767,0.311492,-0.111749,-0.678574,0.276829,0.747
0.748,0.177153,0,0.0789788,0,0.00737662,0,-3.2002,-9.77739,0.311734,-0.109224,-0.665472,0.272618,0.748
0.749,0.177153,0,0.0789788,0,0.00737662,0,-3.20027,-9.77807,0.311972,-0.106755,-0.652623,0.268469,0.749
0.75,0.177153,0,0.0789788,0,0.00737662,0,-3.20033,-9.77873,0.312207,-0.10434,-0.640022,0.264381,0.75
0.751,0.177153,0,0.0789788,0,0.00737662,0,-3.2004,-9.77939,0.312439,-0.101978,-0.627664,0.260353,0.751
0.752,0.177153,0,0.0789788,0,0.00737662,0,-3.20046,-9.78003,0.312667,-0.0996679,-0.615545,0.256384,0.752
0.753,0.177153,0,0.0789788,0,0.00737662,0,-3.20052,-9.78066,0.312892,-0.0974088,-0.60366,0.252473,0.753
0.754,0.177153,0,0.0789788,0,0.00737662,0,-3.20058,-9.78128,0.313114,-0.0951993,-0.592005,0.24862,0.754
0.755,0.177153,0,0.0789788,0,0.00737662,0,-3.20064,-9.78188,0.313332,-0.0930384,-0.580574,0.244824,0.755
0.756,0.177153,0,0.0789788,0,0.00737662,0,-3.2007,-9.78247,0.313547,-0.0909252,-0.569365,0.241084,0.756
0.757,0.177153,0,0.0789788,0,0.00737662,0,-3.20075,-9.78306,0.313759,-0.0888585,-0.558371,0.2374,0.757
0.758,0.177153,0,0.0789788,0,0.00737662,0,-3.20081,-9.78363,0.313968,-0.0868373,-0.54759,0.233769,0.758
0.759,0.177153,0,0.0789788,0,0.00737662,0,-3.20086,-9.78419,0.314174,-0.0848608,-0.537018,0.230192,0.759
0.76,0.177153,0,0.0789788,0,0.00737662,0,-3.20091,-9.78474,0.314377,-0.0829278,-0.526649,0.226669,0.76
0.761,0.177153,0,0.0789788,0,0.00737662,0,-3.20096,-9.78527,0.314576,-0.0810375,-0.516481,0.223197,0.761
0.762,0.177153,0,0.0789788,0,0.00737662,0,-3.20101,-9.7858,0.314773,-0.079189,-0.506509,0.219777,0.762
0.763,0.177153,0,0.0789788,0,0.00737662,0,-3.20105,-9.78632,0.314967,-0.0773813,-0.496729,0.216407,0.763
0.764,0.177153,0,0.0789788,0,0.00737662,0,-3.2011,-9.78683,0.315158,-0.0756136,-0.487138,0.213088,0.764
0.765,0.177153,0,0.0789788,0,0.00737662,0,-3.20114,-9.78733,0.315347,-0.073885,-0.477733,0.209818,0.765
0.766,0.177153,0,0.0789788,0,0.00737662,0,-3.20118,-9.78781,0.315532,-0.0721946,-0.468509,0.206596,0.766
0.767,0.177153,0,0.0789788,0,0.00737662,0,-3.20122,-9.78829,0.315715,-0.0705417,-0.459463,0.203422,0.767
0.768,0.177153,0,0.0789788,0,0.00737662,0,-3.20126,-9.78876,0.315895,-0.0689253,-0.450592,0.200296,0.768
0.769,0.177153,0,0.0789788,0,0.00737662,0,-3.2013,-9.78923,0.316072,-0.0673448,-0.441893,0.197216,0.769
0.77,0.177153,0,0.0789788,0,0.00737662,0,-3.20134,-9.78968,0.316247,-0.0657994,-0.433361,0.194182,0.77
0.771,0.177153,0,0.0789788,0,0.00737662,0,-3.20138,-9.79012,0.316419,-0.0642882,-0.424994,0.191193,0.771
0.772,0.177153,0,0.0789788,0,0.00737662,0,-3.20141,-9.79056,0.316589,-0.0628106,-0.416788,0.188249,0.772
0.773,0.177153,0,0.0789788,0,0.00737662,0,-3.20145,-9.79098,0.316756,-0.0613658,-0.408741,0.185349,0.773
0.774,0.177153,0,0.0789788,0,0.00737662,0,-3.20148,-9.7914,0.316921,-0.0599531,-0.40085,0.182492,0.774
0.775,0.177153,0,0.0789788,0,0.00737662,0,-3.20151,-9.79181,0.317083,-0.0585718,-0.393111,0.179678,0.775
0.776,0.177153,0,0.0789788,0,0.00737662,0,-3.20154,-9.79221,0.317243,-0.0572213,-0.385521,0.176906,0.776
0.777,0.177153,0,0.0789788,0,0.00737662,0,-3.20157,-9.79261,0.3174,-0.0559008,-0.378078,0.174175,0.777
0.778,0.177153,0,0.0789788,0,0.00737662,0,-3.2016,-9.793,0.317555,-0.0546097,-0.370778,0.171486,0.778
0.779,0.177153,0,0.0789788,0,0.00737662,0,-3.20163,-9.79338,0.317708,-0.0533473,-0.36362,0.168836,0.779
0.78,0.177153,0,0.0789788,0,0.00737662,0,-3.20166,-9.79375,0.317858,-0.0521132,-0.356599,0.166227,0.78
0.781,0.177153,0,0.0789788,0,0.00737662,0,-3.20169,-9.79411,0.318007,-0.0509065,-0.349715,0.163657,0.781
0.782,0.177153,0,0.0789788,0,0.00737662,0,-3.20171,-9.79447,0.318153,-0.0497268,-0.342963,0.161125,0.782
0.783,0.177153,0,0.0789788,0,0.00737662,0,-3.20174,-9.79482,0.318296,-0.0485734,-0.336342,0.158631,0.783
0.784,0.177153,0,0.0789788,0,0.00737662,0,-3.20176,-9.79517,0.318438,-0.0474458,-0.329848,0.156175,0.784
0.785,0.177153,0,0.0789788,0,0.00737662,0,-3.20179,-9.79551,0.318578,-0.0463434,-0.32348,0.153756,0.785
0.786,0.177153,0,0.0789788,0,0.00737662,0,-3.20181,-9.79584,0.318715,-0.0452657,-0.317235,0.151373,0.786
0.787,0.177153,0,0.0789788,0,0.00737662,0,-3.20183,-9.79616,0.31885,-0.044212,-0.31111,0.149026,0.787
0.788,0.177153,0,0.0789788,0,0.00737662,0,-3.20185,-9.79648,0.318984,-0.043182,-0.305104,0.146715,0.788
0.789,0.177153,0,0.0789788,0,0.00737662,0,-3.20187,-9.79679,0.319115,-0.0421751,-0.299213,0.144438,0.789
0.79,0.177153,0,0.0789788,0,0.00737662,0,-3.20189,-9.7971,0.319245,-0.0411907,-0.293437,0.142196,0.79
0.791,0.177153,0,0.0789788,0,0.00737662,0,-3.20191,-9.7974,0.319372,-0.0402285,-0.287772,0.139988,0.791
0.792,0.177153,0,0.0789788,0,0.00737662,0,-3.20193,-9.7977,0.319497,-0.0392878,-0.282216,0.137813,0.792
0.793,0.177153,0,0.0789788,0,0.00737662,0,-3.20195,-9.79799,0.319621,-0.0383682,-0.276768,0.13567,0.793
0.794,0.177153,0,0.0789788,0,0.00737662,0,-3.20197,-9.79827,0.319743,-0.0374694,-0.271424,0.133561,0.794
0.795,0.177153,0,0.0789788,0,0.00737662,0,-3.20198,-9.79855,0.319863,-0.0365907,-0.266184,0.131483,0.795
0.796,0.177153,0,0.0789788,0,0.00737662,0,-3.202,-9.79882,0.319981,-0.0357318,-0.261046,0.129437,0.796
0.797,0.177153,0,0.0789788,0,0.00737662,0,-3.20202,-9.79909,0.320097,-0.0348923,-0.256006,0.127422,0.797
0.798,0.177153,0,0.0789788,0,0.00737662,0,-3.20203,-9.79935,0.320212,-0.0340717,-0.251064,0.125437,0.798
0.799,0.177153,0,0.0789788,0,0.00737662,0,-3.20205,-9.79961,0.320325,-0.0332695,-0.246217,0.123483,0.799
0,0.177153,0,0.0789788,0,0.00737662,0,-3.20206,-9.79986,0.320436,-0.0324855,-0.241464,0.121558,0.8
