BST,AMR,ALR,AIR,ASR,ASO,AIO,RX,RY,RZ,RXu,RYu,RZu,SST
0,0,0,0,0,0,0,0,0,0,0,0,0,0
0,0,0,0,0,0,0,0,0,0,0,0,0,0
0,0,0,0,0,0,0,0,0,0,0,0,0,0
0.001,0,0,0,0,0,0,0,0,0,0,0,0,0.001
0.002,0,0,0,0,0,0,0,0,0,0,0,0,0.002
0.003,0,0,0,0,0,0,0,0,0,0,0,0,0.003
0.004,0,0,0,0,0,0,0,0,0,0,0,0,0.004
0.005,0,0,0,0,0,0,0,0,0,0,0,0,0.005
0.006,0,0,0,0,0,0,0,0,0,0,0,0,0.006
0.007,0,0,0,0,0,0,0,0,0,0,0,0,0.007
0.008,0,0,0,0,0,0,0,0,0,0,0,0,0.008
0.009,0,0,0,0,0,0,0,0,0,0,0,0,0.009
0.01,0,0,0,0,0,0,0,0,0,0,0,0,0.01
0.011,0,0,0,0,0,0,0,0,0,0,0,0,0.011
0.012,0,0,0,0,0,0,0,0,0,0,0,0,0.012
0.013,0,0,0,0,0,0,0,0,0,0,0,0,0.013
0.014,0,0,0,0,0,0,0,0,0,0,0,0,0.014
0.015,0,0,0,0,0,0,0,0,0,0,0,0,0.015
0.016,0,0,0,0,0,0,0,0,0,0,0,0,0.016
0.017,0,0,0,0,0,0,0,0,0,0,0,0,0.017
0.018,0,0,0,0,0,0,0,0,0,0,0,0,0.018
0.019,0,0,0,0,0,0,0,0,0,0,0,0,0.019
0.02,0,0,0,0,0,0,0,0,0,0,0,0,0.02
0.021,0,0,0,0,0,0,0,0,0,0,0,0,0.021
0.022,0,0,0,0,0,0,0,0,0,0,0,0,0.022
0.023,0,0,0,0,0,0,0,0,0,0,0,0,0.023
0.024,0,0,0,0,0,0,0,0,0,0,0,0,0.024
0.025,0,0,0,0,0,0,0,0,0,0,0,0,0.025
0.026,0,0,0,0,0,0,0,0,0,0,0,0,0.026
0.027,0,0,0,0,0,0,0,0,0,0,0,0,0.027
0.028,0,0,0,0,0,0,0,0,0,0,0,0,0.028
0.029,0,0,0,0,0,0,0,0,0,0,0,0,0.029
0.03,0,0,0,0,0,0,0,0,0,0,0,0,0.03
0.031,0,0,0,0,0,0,0,0,0,0,0,0,0.031
0.032,0,0,0,0,0,0,0,0,0,0,0,0,0.032
0.033,0,0,0,0,0,0,0,0,0,0,0,0,0.033
0.034,0,0,0,0,0,0,0,0,0,0,0,0,0.034
0.035,0,0,0,0,0,0,0,0,0,0,0,0,0.035
0.036,0,0,0,0,0,0,0,0,0,0,0,0,0.036
0.037,0,0,0,0,0,0,0,0,0,0,0,0,0.037
0.038,0,0,0,0,0,0,0,0,0,0,0,0,0.038
0.039,0,0,0,0,0,0,0,0,0,0,0,0,0.039
0.04,0,0,0,0,0,0,0,0,0,0,0,0,0.04
0.041,0,0,0,0,0,0,0,0,0,0,0,0,0.041
0.042,0,0,0,0,0,0,0,0,0,0,0,0,0.042
0.043,0,0,0,0,0,0,0,0,0,0,0,0,0.043
0.044,0,0,0,0,0,0,0,0,0,0,0,0,0.044
0.045,0,0,0,0,0,0,0,0,0,0,0,0,0.045
0.046,0,0,0,0,0,0,0,0,0,0,0,0,0.046
0.047,0,0,0,0,0,0,0,0,0,0,0,0,0.047
0.048,0,0,0,0,0,0,0,0,0,0,0,0,0.048
0.049,0,0,0,0,0,0,0,0,0,0,0,0,0.049
0.05,0,0,0,0,0,0,0,0,0,0,0,0,0.05
0.051,0,0,0,0,0,0,0,0,0,0,0,0,0.051
0.052,0,0,0,0,0,0,0,0,0,0,0,0,0.052
0.053,0,0,0,0,0,0,0,0,0,0,0,0,0.053
0.054,0,0,0,0,0,0,0,0,0,0,0,0,0.054
0.055,0,0,0,0,0,0,0,0,0,0,0,0,0.055
0.056,0,0,0,0,0,0,0,0,0,0,0,0,0.056
0.057,0,0,0,0,0,0,0,0,0,0,0,0,0.057
0.058,0,0,0,0,0,0,0,0,0,0,0,0,0.058
0.059,0,0,0,0,0,0,0,0,0,0,0,0,0.059
0.06,0,0,0,0,0,0,0,0,0,0,0,0,0.06
0.061,0,0,0,0,0,0,0,0,0,0,0,0,0.061
0.062,0,0,0,0,0,0,0,0,0,0,0,0,0.062
0.063,0,0,0,0,0,0,0,0,0,0,0,0,0.063
0.064,0,0,0,0,0,0,0,0,0,0,0,0,0.064
0.065,0,0,0,0,0,0,0,0,0,0,0,0,0.065
0.066,0,0,0,0,0,0,0,0,0,0,0,0,0.066
0.067,0,0,0,0,0,0,0,0,0,0,0,0,0.067
0.068,0,0,0,0,0,0,0,0,0,0,0,0,0.068
0.069,0,0,0,0,0,0,0,0,0,0,0,0,0.069
0.07,0,0,0,0,0,0,0,0,0,0,0,0,0.07
0.071,0,0,0,0,0,0,0,0,0,0,0,0,0.071
0.072,0,0,0,0,0,0,0,0,0,0,0,0,0.072
0.073,0,0,0,0,0,0,0,0,0,0,0,0,0.073
0.074,0,0,0,0,0,0,0,0,0,0,0,0,0.074
0.075,0,0,0,0,0,0,0,0,0,0,0,0,0.075
0.076,0,0,0,0,0,0,0,0,0,0,0,0,0.076
0.077,0,0,0,0,0,0,0,0,0,0,0,0,0.077
0.078,0,0,0,0,0,0,0,0,0,0,0,0,0.078
0.079,0,0,0,0,0,0,0,0,0,0,0,0,0.079
0.08,0,0,0,0,0,0,0,0,0,0,0,0,0.08
0.081,0,0,0,0,0,0,0,0,0,0,0,0,0.081
0.082,0,0,0,0,0,0,0,0,0,0,0,0,0.082
0.083,0,0,0,0,0,0,0,0,0,0,0,0,0.083
0.084,0,0,0,0,0,0,0,0,0,0,0,0,0.084
0.085,0,0,0,0,0,0,0,0,0,0,0,0,0.085
0.086,0,0,0,0,0,0,0,0,0,0,0,0,0.086
0.087,0,0,0,0,0,0,0,0,0,0,0,0,0.087
0.088,0,0,0,0,0,0,0,0,0,0,0,0,0.088
0.089,0,0,0,0,0,0,0,0,0,0,0,0,0.089
0.09,0,0,0,0,0,0,0,0,0,0,0,0,0.09
0.091,0,0,0,0,0,0,0,0,0,0,0,0,0.091
0.092,0,0,0,0,0,0,0,0,0,0,0,0,0.092
0.093,0,0,0,0,0,0,0,0,0,0,0,0,0.093
0.094,0,0,0,0,0,0,0,0,0,0,0,0,0.094
0.095,0,0,0,0,0,0,0,0,0,0,0,0,0.095
0.096,0,0,0,0,0,0,0,0,0,0,0,0,0.096
0.097,0,0,0,0,0,0,0,0,0,0,0,0,0.097
0.098,0,0,0,0,0,0,0,0,0,0,0,0,0.098
0.099,0,0,0,0,0,0,0,0,0,0,0,0,0.099
0.1,0,0,0,0,0,0,0,0,0,0,0,0,0.1
0.101,0,0,0,0,0,0,0,0,0,0,0,0,0.101
0.102,0,0,0,0,0,0,0,0,0,0,0,0,0.102
0.103,0,0,0,0,0,0,0,0,0,0,0,0,0.103
0.104,0,0,0,0,0,0,0,0,0,0,0,0,0.104
0.105,0,0,0,0,0,0,0,0,0,0,0,0,0.105
0.106,0,0,0,0,0,0,0,0,0,0,0,0,0.106
0.107,0,0,0,0,0,0,0,0,0,0,0,0,0.107
0.108,0,0,0,0,0,0,0,0,0,0,0,0,0.108
0.109,0,0,0,0,0,0,0,0,0,0,0,0,0.109
0.11,0,0,0,0,0,0,0,0,0,0,0,0,0.11
0.111,0,0,0,0,0,0,0,0,0,0,0,0,0.111
0.112,0,0,0,0,0,0,0,0,0,0,0,0,0.112
0.113,0,0,0,0,0,0,0,0,0,0,0,0,0.113
0.114,0,0,0,0,0,0,0,0,0,0,0,0,0.114
0.115,0,0,0,0,0,0,0,0,0,0,0,0,0.115
0.116,0,0,0,0,0,0,0,0,0,0,0,0,0.116
0.117,0,0,0,0,0,0,0,0,0,0,0,0,0.117
0.118,0,0,0,0,0,0,0,0,0,0,0,0,0.118
0.119,0,0,0,0,0,0,0,0,0,0,0,0,0.119
0.12,0,0,0,0,0,0,0,0,0,0,0,0,0.12
0.121,0,0,0,0,0,0,0,0,0,0,0,0,0.121
0.122,0,0,0,0,0,0,0,0,0,0,0,0,0.122
0.123,0,0,0,0,0,0,0,0,0,0,0,0,0.123
0.124,0,0,0,0,0,0,0,0,0,0,0,0,0.124
0.125,0,0,0,0,0,0,0,0,0,0,0,0,0.125
0.126,0,0,0,0,0,0,0,0,0,0,0,0,0.126
0.127,0,0,0,0,0,0,0,0,0,0,0,0,0.127
0.128,0,0,0,0,0,0,0,0,0,0,0,0,0.128
0.129,0,0,0,0,0,0,0,0,0,0,0,0,0.129
0.13,0,0,0,0,0,0,0,0,0,0,0,0,0.13
0.131,0,0,0,0,0,0,0,0,0,0,0,0,0.131
0.132,0,0,0,0,0,0,0,0,0,0,0,0,0.132
0.133,0,0,0,0,0,0,0,0,0,0,0,0,0.133
0.134,0,0,0,0,0,0,0,0,0,0,0,0,0.134
0.135,0,0,0,0,0,0,0,0,0,0,0,0,0.135
0.136,0,0,0,0,0,0,0,0,0,0,0,0,0.136
0.137,0,0,0,0,0,0,0,0,0,0,0,0,0.137
0.138,0,0,0,0,0,0,0,0,0,0,0,0,0.138
0.139,0,0,0,0,0,0,0,0,0,0,0,0,0.139
0.14,0,0,0,0,0,0,0,0,0,0,0,0,0.14
0.141,0,0,0,0,0,0,0,0,0,0,0,0,0.141
0.142,0,0,0,0,0,0,0,0,0,0,0,0,0.142
0.143,0,0,0,0,0,0,0,0,0,0,0,0,0.143
0.144,0,0,0,0,0,0,0,0,0,0,0,0,0.144
0.145,0,0,0,0,0,0,0,0,0,0,0,0,0.145
0.146,0,0,0,0,0,0,0,0,0,0,0,0,0.146
0.147,0,0,0,0,0,0,0,0,0,0,0,0,0.147
0.148,0,0,0,0,0,0,0,0,0,0,0,0,0.148
0.149,0,0,0,0,0,0,0,0,0,0,0,0,0.149
0.15,0,0,0,0,0,0,0,0,0,0,0,0,0.15
0.151,0,0,0,0,0,0,0,0,0,0,0,0,0.151
0.152,0,0,0,0,0,0,0,0,0,0,0,0,0.152
0.153,0,0,0,0,0,0,0,0,0,0,0,0,0.153
0.154,0,0,0,0,0,0,0,0,0,0,0,0,0.154
0.155,0,0,0,0,0,0,0,0,0,0,0,0,0.155
0.156,0,0,0,0,0,0,0,0,0,0,0,0,0.156
0.157,0,0,0,0,0,0,0,0,0,0,0,0,0.157
0.158,0,0,0,0,0,0,0,0,0,0,0,0,0.158
0.159,0,0,0,0,0,0,0,0,0,0,0,0,0.159
0.16,0,0,0,0,0,0,0,0,0,0,0,0,0.16
0.161,0,0,0,0,0,0,0,0,0,0,0,0,0.161
0.162,0,0,0,0,0,0,0,0,0,0,0,0,0.162
0.163,0,0,0,0,0,0,0,0,0,0,0,0,0.163
0.164,0,0,0,0,0,0,0,0,0,0,0,0,0.164
0.165,0,0,0,0,0,0,0,0,0,0,0,0,0.165
0.166,0,0,0,0,0,0,0,0,0,0,0,0,0.166
0.167,0,0,0,0,0,0,0,0,0,0,0,0,0.167
0.168,0,0,0,0,0,0,0,0,0,0,0,0,0.168
0.169,0,0,0,0,0,0,0,0,0,0,0,0,0.169
0.17,0,0,0,0,0,0,0,0,0,0,0,0,0.17
0.171,0,0,0,0,0,0,0,0,0,0,0,0,0.171
0.172,0,0,0,0,0,0,0,0,0,0,0,0,0.172
0.173,0,0,0,0,0,0,0,0,0,0,0,0,0.173
0.174,0,0,0,0,0,0,0,0,0,0,0,0,0.174
0.175,0,0,0,0,0,0,0,0,0,0,0,0,0.175
0.176,0,0,0,0,0,0,0,0,0,0,0,0,0.176
0.177,0,0,0,0,0,0,0,0,0,0,0,0,0.177
0.178,0,0,0,0,0,0,0,0,0,0,0,0,0.178
0.179,0,0,0,0,0,0,0,0,0,0,0,0,0.179
0.18,0,0,0,0,0,0,0,0,0,0,0,0,0.18
0.181,0,0,0,0,0,0,0,0,0,0,0,0,0.181
0.182,0,0,0,0,0,0,0,0,0,0,0,0,0.182
0.183,0,0,0,0,0,0,0,0,0,0,0,0,0.183
0.184,0,0,0,0,0,0,0,0,0,0,0,0,0.184
0.185,0,0,0,0,0,0,0,0,0,0,0,0,0.185
0.186,0,0,0,0,0,0,0,0,0,0,0,0,0.186
0.187,0,0,0,0,0,0,0,0,0,0,0,0,0.187
0.188,0,0,0,0,0,0,0,0,0,0,0,0,0.188
0.189,0,0,0,0,0,0,0,0,0,0,0,0,0.189
0.19,0,0,0,0,0,0,0,0,0,0,0,0,0.19
0.191,0,0,0,0,0,0,0,0,0,0,0,0,0.191
0.192,0,0,0,0,0,0,0,0,0,0,0,0,0.192
0.193,0,0,0,0,0,0,0,0,0,0,0,0,0.193
0.194,0,0,0,0,0,0,0,0,0,0,0,0,0.194
0.195,0,0,0,0,0,0,0,0,0,0,0,0,0.195
0.196,0,0,0,0,0,0,0,0,0,0,0,0,0.196
0.197,0,0,0,0,0,0,0,0,0,0,0,0,0.197
0.198,0,0,0,0,0,0,0,0,0,0,0,0,0.198
0.199,0,0,0,0,0,0,0,0,0,0,0,0,0.199
0.2,0,0,0,0,0,0,0,0,0,0,0,0,0.2
0.201,0,0,0,0,0,0,0,0,0,0,0,0,0.201
0.202,0,0,0,0,0,0,0,0,0,0,0,0,0.202
0.203,0,0,0,0,0,0,0,0,0,0,0,0,0.203
0.204,0,0,0,0,0,0,0,0,0,0,0,0,0.204
0.205,0,0,0,0,0,0,0,0,0,0,0,0,0.205
0.206,0,0,0,0,0,0,0,0,0,0,0,0,0.206
0.207,0,0,0,0,0,0,0,0,0,0,0,0,0.207
0.208,0,0,0,0,0,0,0,0,0,0,0,0,0.208
0.209,0,0,0,0,0,0,0,0,0,0,0,0,0.209
0.21,0,0,0,0,0,0,0,0,0,0,0,0,0.21
0.211,0,0,0,0,0,0,0,0,0,0,0,0,0.211
0.212,0,0,0,0,0,0,0,0,0,0,0,0,0.212
0.213,0,0,0,0,0,0,0,0,0,0,0,0,0.213
0.214,0,0,0,0,0,0,0,0,0,0,0,0,0.214
0.215,0,0,0,0,0,0,0,0,0,0,0,0,0.215
0.216,0,0,0,0,0,0,0,0,0,0,0,0,0.216
0.217,0,0,0,0,0,0,0,0,0,0,0,0,0.217
0.218,0,0,0,0,0,0,0,0,0,0,0,0,0.218
0.219,0,0,0,0,0,0,0,0,0,0,0,0,0.219
0.22,0,0,0,0,0,0,0,0,0,0,0,0,0.22
0.221,0,0,0,0,0,0,0,0,0,0,0,0,0.221
0.222,0,0,0,0,0,0,0,0,0,0,0,0,0.222
0.223,0,0,0,0,0,0,0,0,0,0,0,0,0.223
0.224,0,0,0,0,0,0,0,0,0,0,0,0,0.224
0.225,0,0,0,0,0,0,0,0,0,0,0,0,0.225
0.226,0,0,0,0,0,0,0,0,0,0,0,0,0.226
0.227,0,0,0,0,0,0,0,0,0,0,0,0,0.227
0.228,0,0,0,0,0,0,0,0,0,0,0,0,0.228
0.229,0,0,0,0,0,0,0,0,0,0,0,0,0.229
0.23,0,0,0,0,0,0,0,0,0,0,0,0,0.23
0.231,0,0,0,0,0,0,0,0,0,0,0,0,0.231
0.232,0,0,0,0,0,0,0,0,0,0,0,0,0.232
0.233,0,0,0,0,0,0,0,0,0,0,0,0,0.233
0.234,0,0,0,0,0,0,0,0,0,0,0,0,0.234
0.235,0,0,0,0,0,0,0,0,0,0,0,0,0.235
0.236,0,0,0,0,0,0,0,0,0,0,0,0,0.236
0.237,0,0,0,0,0,0,0,0,0,0,0,0,0.237
0.238,0,0,0,0,0,0,0,0,0,0,0,0,0.238
0.239,0,0,0,0,0,0,0,0,0,0,0,0,0.239
0.24,0,0,0,0,0,0,0,0,0,0,0,0,0.24
0.241,0,0,0,0,0,0,0,0,0,0,0,0,0.241
0.242,0,0,0,0,0,0,0,0,0,0,0,0,0.242
0.243,0,0,0,0,0,0,0,0,0,0,0,0,0.243
0.244,0,0,0,0,0,0,0,0,0,0,0,0,0.244
0.245,0,0,0,0,0,0,0,0,0,0,0,0,0.245
0.246,0,0,0,0,0,0,0,0,0,0,0,0,0.246
0.247,0,0,0,0,0,0,0,0,0,0,0,0,0.247
0.248,0,0,0,0,0,0,0,0,0,0,0,0,0.248
0.249,0,0,0,0,0,0,0,0,0,0,0,0,0.249
0.25,0,0,0,0,0,0,0,0,0,0,0,0,0.25
0.251,0,0,0,0,0,0,0,0,0,0,0,0,0.251
0.252,0,0,0,0,0,0,0,0,0,0,0,0,0.252
0.253,0,0,0,0,0,0,0,0,0,0,0,0,0.253
0.254,0,0,0,0,0,0,0,0,0,0,0,0,0.254
0.255,0,0,0,0,0,0,0,0,0,0,0,0,0.255
0.256,0,0,0,0,0,0,0,0,0,0,0,0,0.256
0.257,0,0,0,0,0,0,0,0,0,0,0,0,0.257
0.258,0,0,0,0,0,0,0,0,0,0,0,0,0.258
0.259,0,0,0,0,0,0,0,0,0,0,0,0,0.259
0.26,0,0,0,0,0,0,0,0,0,0,0,0,0.26
0.261,0,0,0,0,0,0,0,0,0,0,0,0,0.261
0.262,0,0,0,0,0,0,0,0,0,0,0,0,0.262
0.263,0,0,0,0,0,0,0,0,0,0,0,0,0.263
0.264,0,0,0,0,0,0,0,0,0,0,0,0,0.264
0.265,0,0,0,0,0,0,0,0,0,0,0,0,0.265
0.266,0,0,0,0,0,0,0,0,0,0,0,0,0.266
0.267,0,0,0,0,0,0,0,0,0,0,0,0,0.267
0.268,0,0,0,0,0,0,0,0,0,0,0,0,0.268
0.269,0,0,0,0,0,0,0,0,0,0,0,0,0.269
0.27,0,0,0,0,0,0,0,0,0,0,0,0,0.27
0.271,0,0,0,0,0,0,0,0,0,0,0,0,0.271
0.272,0,0,0,0,0,0,0,0,0,0,0,0,0.272
0.273,0,0,0,0,0,0,0,0,0,0,0,0,0.273
0.274,0,0,0,0,0,0,0,0,0,0,0,0,0.274
0.275,0,0,0,0,0,0,0,0,0,0,0,0,0.275
0.276,0,0,0,0,0,0,0,0,0,0,0,0,0.276
0.277,0,0,0,0,0,0,0,0,0,0,0,0,0.277
0.278,0,0,0,0,0,0,0,0,0,0,0,0,0.278
0.279,0,0,0,0,0,0,0,0,0,0,0,0,0.279
0.28,0,0,0,0,0,0,0,0,0,0,0,0,0.28
0.281,0,0,0,0,0,0,0,0,0,0,0,0,0.281
0.282,0,0,0,0,0,0,0,0,0,0,0,0,0.282
0.283,0,0,0,0,0,0,0,0,0,0,0,0,0.283
0.284,0,0,0,0,0,0,0,0,0,0,0,0,0.284
0.285,0,0,0,0,0,0,0,0,0,0,0,0,0.285
0.286,0,0,0,0,0,0,0,0,0,0,0,0,0.286
0.287,0,0,0,0,0,0,0,0,0,0,0,0,0.287
0.288,0,0,0,0,0,0,0,0,0,0,0,0,0.288
0.289,0,0,0,0,0,0,0,0,0,0,0,0,0.289
0.29,0,0,0,0,0,0,0,0,0,0,0,0,0.29
0.291,0,0,0,0,0,0,0,0,0,0,0,0,0.291
0.292,0,0,0,0,0,0,0,0,0,0,0,0,0.292
0.293,0,0,0,0,0,0,0,0,0,0,0,0,0.293
0.294,0,0,0,0,0,0,0,0,0,0,0,0,0.294
0.295,0,0,0,0,0,0,0,0,0,0,0,0,0.295
0.296,0,0,0,0,0,0,0,0,0,0,0,0,0.296
0.297,0,0,0,0,0,0,0,0,0,0,0,0,0.297
0.298,0,0,0,0,0,0,0,0,0,0,0,0,0.298
0.299,0,0,0,0,0,0,0,0,0,0,0,0,0.299
0.3,0,0,0,0,0,0,0,0,0,0,0,0,0.3
0.301,0,0,0,0,0,0,0,0,0,0,0,0,0.301
0.302,0,0,0,0,0,0,0,0,0,0,0,0,0.302
0.303,0,0,0,0,0,0,0,0,0,0,0,0,0.303
0.304,0,0,0,0,0,0,0,0,0,0,0,0,0.304
0.305,0,0,0,0,0,0,0,0,0,0,0,0,0.305
0.306,0,0,0,0,0,0,0,0,0,0,0,0,0.306
0.307,0,0,0,0,0,0,0,0,0,0,0,0,0.307
0.308,0,0,0,0,0,0,0,0,0,0,0,0,0.308
0.309,0,0,0,0,0,0,0,0,0,0,0,0,0.309
0.31,0,0,0,0,0,0,0,0,0,0,0,0,0.31
0.311,0,0,0,0,0,0,0,0,0,0,0,0,0.311
0.312,0,0,0,0,0,0,0,0,0,0,0,0,0.312
0.313,0,0,0,0,0,0,0,0,0,0,0,0,0.313
0.314,0,0,0,0,0,0,0,0,0,0,0,0,0.314
0.315,0,0,0,0,0,0,0,0,0,0,0,0,0.315
0.316,0,0,0,0,0,0,0,0,0,0,0,0,0.316
0.317,0,0,0,0,0,0,0,0,0,0,0,0,0.317
0.318,0,0,0,0,0,0,0,0,0,0,0,0,0.318
0.319,0,0,0,0,0,0,0,0,0,0,0,0,0.319
0.32,0,0,0,0,0,0,0,0,0,0,0,0,0.32
0.321,0,0,0,0,0,0,0,0,0,0,0,0,0.321
0.322,0,0,0,0,0,0,0,0,0,0,0,0,0.322
0.323,0,0,0,0,0,0,0,0,0,0,0,0,0.323
0.324,0,0,0,0,0,0,0,0,0,0,0,0,0.324
0.325,0,0,0,0,0,0,0,0,0,0,0,0,0.325
0.326,0,0,0,0,0,0,0,0,0,0,0,0,0.326
0.327,0,0,0,0,0,0,0,0,0,0,0,0,0.327
0.328,0,0,0,0,0,0,0,0,0,0,0,0,0.328
0.329,0,0,0,0,0,0,0,0,0,0,0,0,0.329
0.33,0,0,0,0,0,0,0,0,0,0,0,0,0.33
0.331,0,0,0,0,0,0,0,0,0,0,0,0,0.331
0.332,0,0,0,0,0,0,0,0,0,0,0,0,0.332
0.333,0,0,0,0,0,0,0,0,0,0,0,0,0.333
0.334,0,0,0,0,0,0,0,0,0,0,0,0,0.334
0.335,0,0,0,0,0,0,0,0,0,0,0,0,0.335
0.336,0,0,0,0,0,0,0,0,0,0,0,0,0.336
0.337,0,0,0,0,0,0,0,0,0,0,0,0,0.337
0.338,0,0,0,0,0,0,0,0,0,0,0,0,0.338
0.339,0,0,0,0,0,0,0,0,0,0,0,0,0.339
0.34,0,0,0,0,0,0,0,0,0,0,0,0,0.34
0.341,0,0,0,0,0,0,0,0,0,0,0,0,0.341
0.342,0,0,0,0,0,0,0,0,0,0,0,0,0.342
0.343,0,0,0,0,0,0,0,0,0,0,0,0,0.343
0.344,0,0,0,0,0,0,0,0,0,0,0,0,0.344
0.345,0,0,0,0,0,0,0,0,0,0,0,0,0.345
0.346,0,0,0,0,0,0,0,0,0,0,0,0,0.346
0.347,0,0,0,0,0,0,0,0,0,0,0,0,0.347
0.348,0,0,0,0,0,0,0,0,0,0,0,0,0.348
0.349,0,0,0,0,0,0,0,0,0,0,0,0,0.349
0.35,0,0,0,0,0,0,0,0,0,0,0,0,0.35
0.351,0,0,0,0,0,0,0,0,0,0,0,0,0.351
0.352,0,0,0,0,0,0,0,0,0,0,0,0,0.352
0.353,0,0,0,0,0,0,0,0,0,0,0,0,0.353
0.354,0,0,0,0,0,0,0,0,0,0,0,0,0.354
0.355,0,0,0,0,0,0,0,0,0,0,0,0,0.355
0.356,0,0,0,0,0,0,0,0,0,0,0,0,0.356
0.357,0,0,0,0,0,0,0,0,0,0,0,0,0.357
0.358,0,0,0,0,0,0,0,0,0,0,0,0,0.358
0.359,0,0,0,0,0,0,0,0,0,0,0,0,0.359
0.36,0,0,0,0,0,0,0,0,0,0,0,0,0.36
0.361,0,0,0,0,0,0,0,0,0,0,0,0,0.361
0.362,0,0,0,0,0,0,0,0,0,0,0,0,0.362
0.363,0,0,0,0,0,0,0,0,0,0,0,0,0.363
0.364,0,0,0,0,0,0,0,0,0,0,0,0,0.364
0.365,0,0,0,0,0,0,0,0,0,0,0,0,0.365
0.366,0,0,0,0,0,0,0,0,0,0,0,0,0.366
0.367,0,0,0,0,0,0,0,0,0,0,0,0,0.367
0.368,0,0,0,0,0,0,0,0,0,0,0,0,0.368
0.369,0,0,0,0,0,0,0,0,0,0,0,0,0.369
0.37,0,0,0,0,0,0,0,0,0,0,0,0,0.37
0.371,0,0,0,0,0,0,0,0,0,0,0,0,0.371
0.372,0,0,0,0,0,0,0,0,0,0,0,0,0.372
0.373,0,0,0,0,0,0,0,0,0,0,0,0,0.373
0.374,0,0,0,0,0,0,0,0,0,0,0,0,0.374
0.375,0,0,0,0,0,0,0,0,0,0,0,0,0.375
0.376,0,0,0,0,0,0,0,0,0,0,0,0,0.376
0.377,0,0,0,0,0,0,0,0,0,0,0,0,0.377
0.378,0,0,0,0,0,0,0,0,0,0,0,0,0.378
0.379,0,0,0,0,0,0,0,0,0,0,0,0,0.379
0.38,0,0,0,0,0,0,0,0,0,0,0,0,0.38
0.381,0,0,0,0,0,0,0,0,0,0,0,0,0.381
0.382,0,0,0,0,0,0,0,0,0,0,0,0,0.382
0.383,0,0,0,0,0,0,0,0,0,0,0,0,0.383
0.384,0,0,0,0,0,0,0,0,0,0,0,0,0.384
0.385,0,0,0,0,0,0,0,0,0,0,0,0,0.385
0.386,0,0,0,0,0,0,0,0,0,0,0,0,0.386
0.387,0,0,0,0,0,0,0,0,0,0,0,0,0.387
0.388,0,0,0,0,0,0,0,0,0,0,0,0,0.388
0.389,0,0,0,0,0,0,0,0,0,0,0,0,0.389
0.39,0,0,0,0,0,0,0,0,0,0,0,0,0.39
0.391,0,0,0,0,0,0,0,0,0,0,0,0,0.391
0.392,0,0,0,0,0,0,0,0,0,0,0,0,0.392
0.393,0,0,0,0,0,0,0,0,0,0,0,0,0.393
0.394,0,0,0,0,0,0,0,0,0,0,0,0,0.394
0.395,0,0,0,0,0,0,0,0,0,0,0,0,0.395
0.396,0,0,0,0,0,0,0,0,0,0,0,0,0.396
0.397,0,0,0,0,0,0,0,0,0,0,0,0,0.397
0.398,0,0,0,0,0,0,0,0,0,0,0,0,0.398
0.399,0,0,0,0,0,0,0,0,0,0,0,0,0.399
0.4,0,0,0,0,0,0,0,0,0,0,0,0,0.4
0.401,0,0,0,0,0,0,0,0,0,0,0,0,0.401
0.402,0,0,0,0,0,0,0,0,0,0,0,0,0.402
0.403,0,0,0,0,0,0,0,0,0,0,0,0,0.403
0.404,0,0,0,0,0,0,0,0,0,0,0,0,0.404
0.405,0,0,0,0,0,0,0,0,0,0,0,0,0.405
0.406,0,0,0,0,0,0,0,0,0,0,0,0,0.406
0.407,0,0,0,0,0,0,0,0,0,0,0,0,0.407
0.408,0,0,0,0,0,0,0,0,0,0,0,0,0.408
0.409,0,0,0,0,0,0,0,0,0,0,0,0,0.409
0.41,0,0,0,0,0,0,0,0,0,0,0,0,0.41
0.411,0,0,0,0,0,0,0,0,0,0,0,0,0.411
0.412,0,0,0,0,0,0,0,0,0,0,0,0,0.412
0.413,0,0,0,0,0,0,0,0,0,0,0,0,0.413
0.414,0,0,0,0,0,0,0,0,0,0,0,0,0.414
0.415,0,0,0,0,0,0,0,0,0,0,0,0,0.415
0.416,0,0,0,0,0,0,0,0,0,0,0,0,0.416
0.417,0,0,0,0,0,0,0,0,0,0,0,0,0.417
0.418,0,0,0,0,0,0,0,0,0,0,0,0,0.418
0.419,0,0,0,0,0,0,0,0,0,0,0,0,0.419
0.42,0,0,0,0,0,0,0,0,0,0,0,0,0.42
0.421,0,0,0,0,0,0,0,0,0,0,0,0,0.421
0.422,0,0,0,0,0,0,0,0,0,0,0,0,0.422
0.423,0,0,0,0,0,0,0,0,0,0,0,0,0.423
0.424,0,0,0,0,0,0,0,0,0,0,0,0,0.424
0.425,0,0,0,0,0,0,0,0,0,0,0,0,0.425
0.426,0,0,0,0,0,0,0,0,0,0,0,0,0.426
0.427,0,0,0,0,0,0,0,0,0,0,0,0,0.427
0.428,0,0,0,0,0,0,0,0,0,0,0,0,0.428
0.429,0,0,0,0,0,0,0,0,0,0,0,0,0.429
0.43,0,0,0,0,0,0,0,0,0,0,0,0,0.43
0.431,0,0,0,0,0,0,0,0,0,0,0,0,0.431
0.432,0,0,0,0,0,0,0,0,0,0,0,0,0.432
0.433,0,0,0,0,0,0,0,0,0,0,0,0,0.433
0.434,0,0,0,0,0,0,0,0,0,0,0,0,0.434
0.435,0,0,0,0,0,0,0,0,0,0,0,0,0.435
0.436,0,0,0,0,0,0,0,0,0,0,0,0,0.436
0.437,0,0,0,0,0,0,0,0,0,0,0,0,0.437
0.438,0,0,0,0,0,0,0,0,0,0,0,0,0.438
0.439,0,0,0,0,0,0,0,0,0,0,0,0,0.439
0.44,0,0,0,0,0,0,0,0,0,0,0,0,0.44
0.441,0,0,0,0,0,0,0,0,0,0,0,0,0.441
0.442,0,0,0,0,0,0,0,0,0,0,0,0,0.442
0.443,0,0,0,0,0,0,0,0,0,0,0,0,0.443
0.444,0,0,0,0,0,0,0,0,0,0,0,0,0.444
0.445,0,0,0,0,0,0,0,0,0,0,0,0,0.445
0.446,0,0,0,0,0,0,0,0,0,0,0,0,0.446
0.447,0,0,0,0,0,0,0,0,0,0,0,0,0.447
0.448,0,0,0,0,0,0,0,0,0,0,0,0,0.448
0.449,0,0,0,0,0,0,0,0,0,0,0,0,0.449
0.45,0,0,0,0,0,0,0,0,0,0,0,0,0.45
0.451,0,0,0,0,0,0,0,0,0,0,0,0,0.451
0.452,0,0,0,0,0,0,0,0,0,0,0,0,0.452
0.453,0,0,0,0,0,0,0,0,0,0,0,0,0.453
0.454,0,0,0,0,0,0,0,0,0,0,0,0,0.454
0.455,0,0,0,0,0,0,0,0,0,0,0,0,0.455
0.456,0,0,0,0,0,0,0,0,0,0,0,0,0.456
0.457,0,0,0,0,0,0,0,0,0,0,0,0,0.457
0.458,0,0,0,0,0,0,0,0,0,0,0,0,0.458
0.459,0,0,0,0,0,0,0,0,0,0,0,0,0.459
0.46,0,0,0,0,0,0,0,0,0,0,0,0,0.46
0.461,0,0,0,0,0,0,0,0,0,0,0,0,0.461
0.462,0,0,0,0,0,0,0,0,0,0,0,0,0.462
0.463,0,0,0,0,0,0,0,0,0,0,0,0,0.463
0.464,0,0,0,0,0,0,0,0,0,0,0,0,0.464
0.465,0,0,0,0,0,0,0,0,0,0,0,0,0.465
0.466,0,0,0,0,0,0,0,0,0,0,0,0,0.466
0.467,0,0,0,0,0,0,0,0,0,0,0,0,0.467
0.468,0,0,0,0,0,0,0,0,0,0,0,0,0.468
0.469,0,0,0,0,0,0,0,0,0,0,0,0,0.469
0.47,0,0,0,0,0,0,0,0,0,0,0,0,0.47
0.471,0,0,0,0,0,0,0,0,0,0,0,0,0.471
0.472,0,0,0,0,0,0,0,0,0,0,0,0,0.472
0.473,0,0,0,0,0,0,0,0,0,0,0,0,0.473
0.474,0,0,0,0,0,0,0,0,0,0,0,0,0.474
0.475,0,0,0,0,0,0,0,0,0,0,0,0,0.475
0.476,0,0,0,0,0,0,0,0,0,0,0,0,0.476
0.477,0,0,0,0,0,0,0,0,0,0,0,0,0.477
0.478,0,0,0,0,0,0,0,0,0,0,0,0,0.478
0.479,0,0,0,0,0,0,0,0,0,0,0,0,0.479
0.48,0,0,0,0,0,0,0,0,0,0,0,0,0.48
0.481,0,0,0,0,0,0,0,0,0,0,0,0,0.481
0.482,0,0,0,0,0,0,0,0,0,0,0,0,0.482
0.483,0,0,0,0,0,0,0,0,0,0,0,0,0.483
0.484,0,0,0,0,0,0,0,0,0,0,0,0,0.484
0.485,0,0,0,0,0,0,0,0,0,0,0,0,0.485
0.486,0,0,0,0,0,0,0,0,0,0,0,0,0.486
0.487,0,0,0,0,0,0,0,0,0,0,0,0,0.487
0.488,0,0,0,0,0,0,0,0,0,0,0,0,0.488
0.489,0,0,0,0,0,0,0,0,0,0,0,0,0.489
0.49,0,0,0,0,0,0,0,0,0,0,0,0,0.49
0.491,0,0,0,0,0,0,0,0,0,0,0,0,0.491
0.492,0,0,0,0,0,0,0,0,0,0,0,0,0.492
0.493,0,0,0,0,0,0,0,0,0,0,0,0,0.493
0.494,0,0,0,0,0,0,0,0,0,0,0,0,0.494
0.495,0,0,0,0,0,0,0,0,0,0,0,0,0.495
0.496,0,0,0,0,0,0,0,0,0,0,0,0,0.496
0.497,0,0,0,0,0,0,0,0,0,0,0,0,0.497
0.498,0,0,0,0,0,0,0,0,0,0,0,0,0.498
0.499,0,0,0,0,0,0,0,0,0,0,0,0,0.499
0.5,0,0,0,0,0,0,0,0,0,0,0,0,0.5
0.501,0,0,0,0,0,0,0,0,0,0,0,0,0.501
0.502,0,0,0,0,0,0,0,0,0,0,0,0,0.502
0.503,0,0,0,0,0,0,0,0,0,0,0,0,0.503
0.504,0,0,0,0,0,0,0,0,0,0,0,0,0.504
0.505,0,0,0,0,0,0,0,0,0,0,0,0,0.505
0.506,0,0,0,0,0,0,0,0,0,0,0,0,0.506
0.507,0,0,0,0,0,0,0,0,0,0,0,0,0.507
0.508,0,0,0,0,0,0,0,0,0,0,0,0,0.508
0.509,0,0,0,0,0,0,0,0,0,0,0,0,0.509
0.51,0,0,0,0,0,0,0,0,0,0,0,0,0.51
0.511,0,0,0,0,0,0,0,0,0,0,0,0,0.511
0.512,0,0,0,0,0,0,0,0,0,0,0,0,0.512
0.513,0,0,0,0,0,0,0,0,0,0,0,0,0.513
0.514,0,0,0,0,0,0,0,0,0,0,0,0,0.514
0.515,0,0,0,0,0,0,0,0,0,0,0,0,0.515
0.516,0,0,0,0,0,0,0,0,0,0,0,0,0.516
0.517,0,0,0,0,0,0,0,0,0,0,0,0,0.517
0.518,0,0,0,0,0,0,0,0,0,0,0,0,0.518
0.519,0,0,0,0,0,0,0,0,0,0,0,0,0.519
0.52,0,0,0,0,0,0,0,0,0,0,0,0,0.52
0.521,0,0,0,0,0,0,0,0,0,0,0,0,0.521
0.522,0,0,0,0,0,0,0,0,0,0,0,0,0.522
0.523,0,0,0,0,0,0,0,0,0,0,0,0,0.523
0.524,0,0,0,0,0,0,0,0,0,0,0,0,0.524
0.525,0,0,0,0,0,0,0,0,0,0,0,0,0.525
0.526,0,0,0,0,0,0,0,0,0,0,0,0,0.526
0.527,0,0,0,0,0,0,0,0,0,0,0,0,0.527
0.528,0,0,0,0,0,0,0,0,0,0,0,0,0.528
0.529,0,0,0,0,0,0,0,0,0,0,0,0,0.529
0.53,0,0,0,0,0,0,0,0,0,0,0,0,0.53
0.531,0,0,0,0,0,0,0,0,0,0,0,0,0.531
0.532,0,0,0,0,0,0,0,0,0,0,0,0,0.532
0.533,0,0,0,0,0,0,0,0,0,0,0,0,0.533
0.534,0,0,0,0,0,0,0,0,0,0,0,0,0.534
0.535,0,0,0,0,0,0,0,0,0,0,0,0,0.535
0.536,0,0,0,0,0,0,0,0,0,0,0,0,0.536
0.537,0,0,0,0,0,0,0,0,0,0,0,0,0.537
0.538,0.0256945,0,0,0,0,0,0,0,0,0,0,0,0.538
0.539,0.0768731,0,0,0,0,0,0,0,0,0,-12.6038,0,0.539
0.54,0.131932,0,0,0,0,0,0,-0.0126038,0,0,-44.3336,0,0.54
0.541,0.183463,0,0,0,0,0,0,-0.0569374,0,0,-87.92,0,0.541
0.542,0.22967,0,0,0,0,0,0,-0.144857,0,0,-135.746,0,0.542
0.543,0.270928,0,0,0,0,0,0,-0.280603,0,0,-182.815,0,0.543
0.544,0.30722,0,0.00298242,0,0,0,0,-0.463418,0,0,-226.634,0,0.544
0.545,0.337644,0,0.00763899,0,0,0,0,-0.690052,0,-1.12321,-265.778,0.187201,0.545
0.546,0.361126,0,0.0123612,0,0,0,-0.00112095,-0.95583,0.000187215,-3.46698,-299.113,0.577831,0.546
0.547,0.376652,0,0.0166418,0,0,0,-0.00457839,-1.25494,0.000759273,-6.46544,-325.61,1.07757,0.547
0.548,0.383341,0,0.0203927,0,0,0,-0.0110208,-1.58055,0.00181108,-9.61733,-344.303,1.60292,0.548
0.549,0.382006,0,0.0236946,0,0,0,-0.0205957,-1.92486,0.00334835,-12.6193,-354.342,2.10342,0.549
0.55,0.376838,0,0.0265387,0,0,0,-0.0331486,-2.2792,0.00532552,-15.3411,-355.761,2.55759,0.55
0.551,0.369894,0,0.0288508,0,0,0,-0.048396,-2.63496,0.00767914,-17.7131,-350.711,2.95408,0.551
0.552,0.362222,0,0.0305509,0,0,0,-0.0659868,-2.98567,0.0103398,-19.6742,-341.409,3.28297,0.552
0.553,0.354358,0,0.0315499,0,0,0,-0.0855103,-3.32709,0.0132335,-21.1664,-329.596,3.5348,0.553
0.554,0.346576,0,0.031747,0,0,0,-0.1065,-3.65669,0.0162815,-22.1302,-316.491,3.69981,0.554
0.555,0.339009,0,0.0310751,0,0,0,-0.128431,-3.97319,0.0193994,-22.5016,-302.895,3.76742,0.555
0.556,0.331722,0,0.0294921,0,0,0,-0.150718,-4.27609,0.0224953,-22.2271,-289.312,3.72877,0.556
0.557,0.324744,0,0.0269782,0,0,0,-0.172724,-4.56541,0.0254713,-21.2693,-276.046,3.57754,0.557
0.558,0.318081,0,0.0235343,0,0,0,-0.193774,-4.84146,0.0282254,-19.6073,-263.27,3.31021,0.558
0.559,0.311732,0,0.0191927,0,0,0,-0.213176,-5.10474,0.0306539,-17.2374,-251.08,2.92605,0.559
0.56,0.305688,0,0.0140241,0,0,0,-0.230235,-5.35583,0.0326537,-14.1768,-239.519,2.42773,0.56
0.561,0.299938,0,0.00814165,0.00226542,0,0,-0.244275,-5.59536,0.0341253,-10.4676,-228.598,1.82213,0.561
0.562,0.294471,0,0.00407083,0.00698324,0,0,-0.254659,-5.82396,0.0349769,-5.33037,-218.195,0.979146,0.562
0.563,0.289275,0,0.00203541,0.01306,0,0,-0.259989,-6.04216,0.0349863,0.761306,-208.094,-0.0225154,0.563
0.564,0.284336,0,0.00101771,0.0198718,0,0,-0.25933,-6.25025,0.0340141,7.05092,-198.205,-1.05696,0.564
0.565,0.279643,0,0.000508853,0.0270029,0,0,-0.252493,-6.44845,0.0320484,13.2797,-188.548,-2.08127,0.565
0.566,0.275184,0,0.000254427,0.0341275,0,0,-0.239542,-6.63699,0.0291177,19.3449,-179.172,-3.0786,0.566
0.567,0.270947,0,0.000127213,0.040964,0,0,-0.220643,-6.81615,0.0252642,25.1667,-170.124,-4.03594,0.567
0.568,0.266922,0,6.36067e-05,0.0472264,0,0,-0.196037,-6.98625,0.0205398,30.6474,-161.44,-4.93722,0.568
0.569,0.263098,0,3.18033e-05,0.0526162,0,0,-0.166062,-7.14768,0.0150092,35.6547,-153.152,-5.76064,0.569
0.57,0.259465,0,1.59017e-05,0.0568661,0,0,-0.131186,-7.30081,0.00875607,40.0228,-145.286,-6.47875,0.57
0.571,0.256013,0,7.95083e-06,0.0597305,0,0,-0.0920354,-7.44608,0.00188901,43.5752,-137.865,-7.06228,0.571
0.572,0.252734,0,3.97542e-06,0.0609919,0,0,-0.0494121,-7.58394,-0.00545666,46.1367,-130.907,-7.48211,0.572
0.573,0.249619,0,1.98771e-06,0.0608063,0,0,-0.00428664,-7.71484,-0.0131187,47.5432,-124.429,-7.71096,0.573
0.574,0.246659,0,9.93854e-07,0.0599518,0,0,0.0422107,-7.83926,-0.0209095,47.7775,-118.423,-7.74601,0.574
0.575,0.243848,0,4.96927e-07,0.0588009,0,0,0.0889337,-7.95769,-0.0286405,47.1334,-112.836,-7.63625,0.575
0.576,0.241177,0,2.48464e-07,0.057538,0,0,0.135024,-8.07054,-0.0361741,45.9161,-107.611,-7.43253,0.576
0.577,0.238639,0,1.24232e-07,0.0562534,0,0,0.179922,-8.17817,-0.0434248,44.3635,-102.7,-7.17444,0.577
0.578,0.236229,0,6.21159e-08,0.0549906,0,0,0.223301,-8.28089,-0.0503471,42.6395,-98.0667,-6.88924,0.578
0.579,0.233939,0,3.10579e-08,0.0537698,0,0,0.264994,-8.37898,-0.0569227,40.8497,-93.6823,-6.59437,0.579
0.58,0.231763,0,1.5529e-08,0.0525995,0,0,0.304936,-8.4727,-0.0631502,39.0583,-89.5255,-6.30045,0.58
0.581,0.229696,0,7.76449e-09,0.0514823,0,0,0.343127,-8.56225,-0.0690383,37.3028,-85.5792,-6.01358,0.581
0.582,0.227733,0,3.88224e-09,0.0504184,0,0,0.379601,-8.64787,-0.0746013,35.6038,-81.8292,-5.73703,0.582
0.583,0.225868,0,1.94112e-09,0.0494063,0,0,0.414415,-8.72973,-0.0798558,33.9717,-78.2634,-5.4724,0.583
0.584,0.224096,0,9.70561e-10,0.0484442,0,0,0.447633,-8.80803,-0.0848195,32.4105,-74.8714,-5.22025,0.584
0.585,0.222412,0,4.8528e-10,0.0475298,0,0,0.479326,-8.88294,-0.08951,30.9212,-71.6434,-4.98061,0.585
0.586,0.220813,0,2.4264e-10,0.046661,0,0,0.509562,-8.95463,-0.0939442,29.5025,-68.5708,-4.75315,0.586
0.587,0.219294,0,1.2132e-10,0.0458356,0,0,0.538412,-9.02324,-0.0981385,28.1522,-65.6453,-4.53742,0.587
0.588,0.217851,0,6.066e-11,0.0450514,0,0,0.565941,-9.08892,-0.102108,26.8675,-62.8593,-4.33287,0.588
0.589,0.21648,0,3.033e-11,0.0443063,0,0,0.592215,-9.15182,-0.105867,25.6456,-60.2057,-4.13894,0.589
0.59,0.215177,0,1.5165e-11,0.0435986,0,0,0.617294,-9.21207,-0.109429,24.4833,-57.6778,-3.95505,0.59
0.591,0.21394,0,7.58251e-12,0.0429262,0,0,0.641237,-9.26978,-0.112806,23.3779,-55.2691,-3.78066,0.591
0.592,0.212764,0,3.79125e-12,0.0422874,0,0,0.664099,-9.32509,-0.116009,22.3264,-52.9737,-3.61524,0.592
0.593,0.211647,0,1.89563e-12,0.0416805,0,0,0.685932,-9.3781,-0.119051,21.326,-50.7858,-3.45829,0.593
0.594,0.210586,0,9.47813e-13,0.041104,0,0,0.706788,-9.42893,-0.121939,20.3743,-48.7001,-3.30934,0.594
0.595,0.209578,0,4.73907e-13,0.0405564,0,0,0.726712,-9.47766,-0.124685,19.4687,-46.7114,-3.16794,0.595
0.596,0.208621,0,2.36953e-13,0.0400361,0,0,0.745751,-9.52441,-0.127296,18.6068,-44.8148,-3.03368,0.596
0.597,0.207711,0,1.18477e-13,0.0395418,0,0,0.763946,-9.56926,-0.12978,17.7865,-43.0059,-2.90616,0.597
0.598,0.206847,0,5.92383e-14,0.0390722,0,0,0.78134,-9.6123,-0.132145,17.0056,-41.2803,-2.785,0.598
0.599,0.206026,0,2.96192e-14,0.0386261,0,0,0.797969,-9.65362,-0.134399,16.2621,-39.6337,-2.66987,0.599
0.6,0.205246,0,1.48096e-14,0.0382024,0,0,0.813871,-9.69329,-0.136547,15.5542,-38.0624,-2.56043,0.6
0.601,0.204505,0,7.40479e-15,0.0377998,0,0,0.82908,-9.73138,-0.138596,14.88,-36.5626,-2.45638,0.601
0.602,0.203801,0,3.7024e-15,0.0374173,0,0,0.84363,-9.76797,-0.140551,14.2379,-35.1308,-2.35741,0.602
0.603,0.203133,0,1.8512e-15,0.037054,0,0,0.857551,-9.80314,-0.142418,13.6263,-33.7637,-2.26326,0.603
0.604,0.202498,0,9.25599e-16,0.0367088,0,0,0.870873,-9.83693,-0.144202,13.0435,-32.4581,-2.17368,0.604
0.605,0.201894,0,4.62799e-16,0.0363809,0,0,0.883626,-9.86942,-0.145907,12.4882,-31.211,-2.08841,0.605
0.606,0.201321,0,2.314e-16,0.0360693,0,0,0.895834,-9.90066,-0.147538,11.959,-30.0196,-2.00722,0.606
0.607,0.200776,0,1.157e-16,0.0357734,0,0,0.907525,-9.9307,-0.149099,11.4546,-28.8811,-1.92991,0.607
0.608,0.200259,0,5.78499e-17,0.0354923,0,0,0.918722,-9.95961,-0.150593,10.9738,-27.793,-1.85627,0.608
0.609,0.199767,0,2.8925e-17,0.0352252,0,0,0.929448,-9.98743,-0.152025,10.5154,-26.7529,-1.7861,0.609
0.61,0.1993,0,1.44625e-17,0.0349714,0,0,0.939725,-10.0142,-0.153398,10.0783,-25.7585,-1.71922,0.61
0.611,0.191961,0,0.00341739,0.0309832,0,0,0.949575,-10.04,-0.154715,9.66145,-24.8075,-1.65547,0.611
0.612,0.188436,0,0.00512609,0.029068,0,0,0.959016,-10.0648,-0.155978,6.64086,-20.8264,-1.15751,0.612
0.613,0.186674,0,0.00598044,0.0281103,0,0,0.965513,-10.0857,-0.156799,3.63933,-16.9501,-0.662487,0.613
0.614,0.185792,0,0.00640761,0.0276315,0,0,0.969086,-10.1026,-0.157182,1.33843,-13.9479,-0.283736,0.614
0.615,0.185352,0,0.0066212,0.0273921,0,0,0.970415,-10.1166,-0.157231,-0.235666,-11.8308,-0.0254902,0.615
0.616,0.185132,0,0.00672799,0.0272724,0,0,0.970211,-10.1284,-0.157053,-1.24133,-10.401,0.13865,0.616
0.617,0.185021,0,0.00678139,0.0272126,0,0,0.969026,-10.1388,-0.156733,-1.85123,-9.44887,0.237386,0.617
0.618,0.184966,0,0.00680809,0.0271827,0,0,0.967246,-10.1482,-0.15633,-2.20266,-8.80924,0.293498,0.618
0.619,0.184939,0,0.00682144,0.0271677,0,0,0.965122,-10.1571,-0.155881,-2.39203,-8.36662,0.322957,0.619
0.62,0.184925,0,0.00682811,0.0271602,0,0,0.962813,-10.1654,-0.155409,-2.48271,-8.04536,0.336242,0.62
0.621,0.184918,0,0.00683145,0.0271565,0,0,0.960415,-10.1734,-0.15493,-2.51462,-7.79785,0.339944,0.621
0.622,0.184915,0,0.00683312,0.0271546,0,0,0.957985,-10.1812,-0.154452,-2.51224,-7.59496,0.338096,0.622
0.623,0.184913,0,0.00683395,0.0271537,0,0,0.955556,-10.1888,-0.15398,-2.49024,-7.41921,0.333112,0.623
0.624,0.184912,0,0.00683437,0.0271532,0,0,0.953148,-10.1962,-0.153516,-2.45729,-7.26024,0.326414,0.624
0.625,0.184912,0,0.00683458,0.027153,0,0,0.950771,-10.2035,-0.153061,-2.41845,-7.11199,0.31883,0.625
0.626,0.184911,0,0.00683468,0.0271528,0,0,0.948431,-10.2106,-0.152618,-2.37664,-6.97095,0.310837,0.626
0.627,0.184911,0,0.00683474,0.0271528,0,0,0.946131,-10.2176,-0.152185,-2.33353,-6.83508,0.302704,0.627
0.628,0.184911,0,0.00683476,0.0271528,0,0,0.943873,-10.2244,-0.151762,-2.29005,-6.70318,0.294582,0.628
0.629,0.184911,0,0.00683477,0.0271527,0,0,0.941656,-10.2311,-0.151351,-2.24675,-6.57458,0.286557,0.629
0.63,0.184911,0,0.00683478,0.0271527,0,0,0.93948,-10.2377,-0.15095,-2.2039,-6.44886,0.278673,0.63
0.631,0.184911,0,0.00683478,0.0271527,0,0,0.937346,-10.2441,-0.150559,-2.16167,-6.32578,0.270953,0.631
0.632,0.184911,0,0.00683479,0.0271527,0,0,0.935252,-10.2504,-0.150179,-2.12014,-6.20518,0.263408,0.632
0.633,0.184911,0,0.00683479,0.0271527,0,0,0.933198,-10.2566,-0.149808,-2.07934,-6.08695,0.256042,0.633
0.634,0.184911,0,0.00683479,0.0271527,0,0,0.931182,-10.2627,-0.149447,-2.0393,-5.97101,0.248856,0.634
0.635,0.184911,0,0.00683479,0.0271527,0,0,0.929206,-10.2687,-0.149096,-2,-5.85729,0.241848,0.635
0.636,0.184911,0,0.00683479,0.0271527,0,0,0.927267,-10.2745,-0.148754,-1.96145,-5.74574,0.235015,0.636
0.637,0.184911,0,0.00683479,0.0271527,0,0,0.925365,-10.2803,-0.14842,-1.92364,-5.63632,0.228353,0.637
0.638,0.184911,0,0.00683479,0.0271527,0,0,0.923499,-10.2859,-0.148096,-1.88656,-5.52899,0.221859,0.638
0.639,0.184911,0,0.00683479,0.0271527,0,0,0.921669,-10.2914,-0.14778,-1.85019,-5.4237,0.21553,0.639
0.64,0.184911,0,0.00683479,0.0271527,0,0,0.919874,-10.2968,-0.147472,-1.81452,-5.32041,0.20936,0.64
0.641,0.184911,0,0.00683479,0.0271527,0,0,0.918113,-10.3022,-0.147172,-1.77954,-5.21908,0.203348,0.641
0.642,0.184911,0,0.00683479,0.0271527,0,0,0.916385,-10.3074,-0.146881,-1.74523,-5.11968,0.197488,0.642
0.643,0.184911,0,0.00683479,0.0271527,0,0,0.914691,-10.3125,-0.146597,-1.71158,-5.02218,0.191777,0.643
0.644,0.184911,0,0.00683479,0.0271527,0,0,0.913029,-10.3175,-0.146321,-1.67858,-4.92652,0.186211,0.644
0.645,0.184911,0,0.00683479,0.0271527,0,0,0.911398,-10.3224,-0.146051,-1.64622,-4.83269,0.180788,0.645
0.646,0.184911,0,0.00683479,0.0271527,0,0,0.909799,-10.3273,-0.14579,-1.61448,-4.74064,0.175503,0.646
0.647,0.184911,0,0.00683479,0.0271527,0,0,0.90823,-10.332,-0.145535,-1.58336,-4.65034,0.170354,0.647
0.648,0.184911,0,0.00683479,0.0271527,0,0,0.906692,-10.3366,-0.145287,-1.55283,-4.56176,0.165336,0.648
0.649,0.184911,0,0.00683479,0.0271527,0,0,0.905182,-10.3412,-0.145045,-1.5229,-4.47486,0.160447,0.649
0.65,0.184911,0,0.00683479,0.0271527,0,0,0.903701,-10.3457,-0.14481,-1.49354,-4.38962,0.155684,0.65
0.651,0.184911,0,0.00683479,0.0271527,0,0,0.902249,-10.3501,-0.144582,-1.46475,-4.30599,0.151044,0.651
0.652,0.184911,0,0.00683479,0.0271527,0,0,0.900824,-10.3544,-0.144359,-1.43651,-4.22396,0.146523,0.652
0.653,0.184911,0,0.00683479,0.0271527,0,0,0.899426,-10.3586,-0.144143,-1.40882,-4.14349,0.142119,0.653
0.654,0.184911,0,0.00683479,0.0271527,0,0,0.898055,-10.3627,-0.143932,-1.38166,-4.06455,0.137829,0.654
0.655,0.184911,0,0.00683479,0.0271527,0,0,0.896711,-10.3668,-0.143727,-1.35502,-3.98712,0.13365,0.655
0.656,0.184911,0,0.00683479,0.0271527,0,0,0.895391,-10.3708,-0.143528,-1.3289,-3.91115,0.12958,0.656
0.657,0.184911,0,0.00683479,0.0271527,0,0,0.894097,-10.3747,-0.143334,-1.30329,-3.83663,0.125615,0.657
0.658,0.184911,0,0.00683479,0.0271527,0,0,0.892828,-10.3785,-0.143146,-1.27816,-3.76353,0.121754,0.658
0.659,0.184911,0,0.00683479,0.0271527,0,0,0.891583,-10.3823,-0.142962,-1.25352,-3.69182,0.117993,0.659
0.66,0.184911,0,0.00683479,0.0271527,0,0,0.890362,-10.386,-0.142784,-1.22936,-3.62148,0.114331,0.66
0.661,0.184911,0,0.00683479,0.0271527,0,0,0.889164,-10.3896,-0.142611,-1.20566,-3.55247,0.110765,0.661
0.662,0.184911,0,0.00683479,0.0271527,0,0,0.887988,-10.3931,-0.142442,-1.18242,-3.48478,0.107292,0.662
0.663,0.184911,0,0.00683479,0.0271527,0,0,0.886835,-10.3966,-0.142278,-1.15963,-3.41838,0.103911,0.663
0.664,0.184911,0,0.00683479,0.0271527,0,0,0.885705,-10.4,-0.142118,-1.13728,-3.35324,0.100619,0.664
0.665,0.184911,0,0.00683479,0.0271527,0,0,0.884595,-10.4034,-0.141963,-1.11536,-3.28934,0.0974133,0.665
0.666,0.184911,0,0.00683479,0.0271527,0,0,0.883507,-10.4067,-0.141813,-1.09386,-3.22666,0.0942928,0.666
0.667,0.184911,0,0.00683479,0.0271527,0,0,0.88244,-10.4099,-0.141666,-1.07278,-3.16517,0.091255,0.667
0.668,0.184911,0,0.00683479,0.0271527,0,0,0.881393,-10.4131,-0.141524,-1.0521,-3.10485,0.0882979,0.668
0.669,0.184911,0,0.00683479,0.0271527,0,0,0.880366,-10.4162,-0.141386,-1.03182,-3.04568,0.0854194,0.669
0.67,0.184911,0,0.00683479,0.0271527,0,0,0.879358,-10.4192,-0.141251,-1.01194,-2.98763,0.0826178,0.67
0.671,0.184911,0,0.00683479,0.0271527,0,0,0.87837,-10.4222,-0.141121,-0.992434,-2.93069,0.0798911,0.671
0.672,0.184911,0,0.00683479,0.0271527,0,0,0.8774,-10.4251,-0.140994,-0.973307,-2.87484,0.0772375,0.672
0.673,0.184911,0,0.00683479,0.0271527,0,0,0.876449,-10.428,-0.140871,-0.954548,-2.82005,0.0746551,0.673
0.674,0.184911,0,0.00683479,0.0271527,0,0,0.875516,-10.4308,-0.140751,-0.936152,-2.7663,0.0721423,0.674
0.675,0.184911,0,0.00683479,0.0271527,0,0,0.874601,-10.4336,-0.140634,-0.918111,-2.71358,0.0696972,0.675
0.676,0.184911,0,0.00683479,0.0271527,0,0,0.873704,-10.4363,-0.140521,-0.900417,-2.66186,0.0673183,0.676
0.677,0.184911,0,0.00683479,0.0271527,0,0,0.872823,-10.439,-0.140412,-0.883065,-2.61112,0.0650039,0.677
0.678,0.184911,0,0.00683479,0.0271527,0,0,0.871959,-10.4416,-0.140305,-0.866047,-2.56135,0.0627524,0.678
0.679,0.184911,0,0.00683479,0.0271527,0,0,0.871112,-10.4441,-0.140202,-0.849358,-2.51253,0.0605623,0.679
0.68,0.184911,0,0.00683479,0.0271527,0,0,0.870281,-10.4466,-0.140101,-0.83299,-2.46464,0.058432,0.68
0.681,0.184911,0,0.00683479,0.0271527,0,0,0.869466,-10.4491,-0.140004,-0.816939,-2.41766,0.0563601,0.681
0.682,0.184911,0,0.00683479,0.0271527,0,0,0.868666,-10.4515,-0.139909,-0.801196,-2.37158,0.0543451,0.682
0.683,0.184911,0,0.00683479,0.0271527,0,0,0.867881,-10.4539,-0.139817,-0.785758,-2.32637,0.0523855,0.683
0.684,0.184911,0,0.00683479,0.0271527,0,0,0.867112,-10.4562,-0.139728,-0.770617,-2.28202,0.0504801,0.684
0.685,0.184911,0,0.00683479,0.0271527,0,0,0.866357,-10.4585,-0.139642,-0.755768,-2.23852,0.0486275,0.685
0.686,0.184911,0,0.00683479,0.0271527,0,0,0.865616,-10.4607,-0.139558,-0.741206,-2.19585,0.0468264,0.686
0.687,0.184911,0,0.00683479,0.0271527,0,0,0.86489,-10.4629,-0.139477,-0.726924,-2.15399,0.0450754,0.687
0.688,0.184911,0,0.00683479,0.0271527,0,0,0.864177,-10.4651,-0.139398,-0.712918,-2.11293,0.0433733,0.688
0.689,0.184911,0,0.00683479,0.0271527,0,0,0.863478,-10.4672,-0.139321,-0.699182,-2.07265,0.0417189,0.689
0.69,0.184911,0,0.00683479,0.0271527,0,0,0.862792,-10.4693,-0.139247,-0.685711,-2.03314,0.0401111,0.69
0.691,0.184911,0,0.00683479,0.0271527,0,0,0.86212,-10.4713,-0.139175,-0.6725,-1.99438,0.0385485,0.691
0.692,0.184911,0,0.00683479,0.0271527,0,0,0.86146,-10.4733,-0.139105,-0.659544,-1.95636,0.0370302,0.692
0.693,0.184911,0,0.00683479,0.0271527,0,0,0.860813,-10.4752,-0.139038,-0.646837,-1.91906,0.035555,0.693
0.694,0.184911,0,0.00683479,0.0271527,0,0,0.860178,-10.4772,-0.138972,-0.634375,-1.88248,0.0341218,0.694
0.695,0.184911,0,0.00683479,0.0271527,0,0,0.859555,-10.479,-0.138909,-0.622154,-1.84659,0.0327295,0.695
0.696,0.184911,0,0.00683479,0.0271527,0,0,0.858944,-10.4809,-0.138848,-0.610169,-1.81138,0.0313771,0.696
0.697,0.184911,0,0.00683479,0.0271527,0,0,0.858345,-10.4827,-0.138788,-0.598414,-1.77685,0.0300637,0.697
0.698,0.184911,0,0.00683479,0.0271527,0,0,0.857757,-10.4845,-0.13873,-0.586887,-1.74297,0.0287881,0.698
0.699,0.184911,0,0.00683479,0.0271527,0,0,0.85718,-10.4862,-0.138675,-0.575581,-1.70974,0.0275496,0.699
0.7,0.184911,0,0.00683479,0.0271527,0,0,0.856614,-10.4879,-0.138621,-0.564494,-1.67714,0.026347,0.7
0.701,0.184911,0,0.00683479,0.0271527,0,0,0.856059,-10.4896,-0.138568,-0.55362,-1.64517,0.0251796,0.701
0.702,0.184911,0,0.00683479,0.0271527,0,0,0.855515,-10.4912,-0.138518,-0.542956,-1.6138,0.0240463,0.702
0.703,0.184911,0,0.00683479,0.0271527,0,0,0.854981,-10.4929,-0.138469,-0.532498,-1.58303,0.0229465,0.703
0.704,0.184911,0,0.00683479,0.0271527,0,0,0.854457,-10.4944,-0.138421,-0.522241,-1.55285,0.0218791,0.704
0.705,0.184911,0,0.00683479,0.0271527,0,0,0.853943,-10.496,-0.138376,-0.512183,-1.52324,0.0208433,0.705
0.706,0.184911,0,0.00683479,0.0271527,0,0,0.853439,-10.4975,-0.138331,-0.502318,-1.4942,0.0198384,0.706
0.707,0.184911,0,0.00683479,0.0271527,0,0,0.852944,-10.499,-0.138288,-0.492643,-1.46571,0.0188636,0.707
0.708,0.184911,0,0.00683479,0.0271527,0,0,0.852459,-10.5005,-0.138247,-0.483155,-1.43776,0.017918,0.708
0.709,0.184911,0,0.00683479,0.0271527,0,0,0.851983,-10.5019,-0.138207,-0.47385,-1.41035,0.017001,0.709
0.71,0.184911,0,0.00683479,0.0271527,0,0,0.851517,-10.5033,-0.138168,-0.464724,-1.38346,0.0161117,0.71
0.711,0.184911,0,0.00683479,0.0271527,0,0,0.851059,-10.5047,-0.138131,-0.455774,-1.35708,0.0152495,0.711
0.712,0.184911,0,0.00683479,0.0271527,0,0,0.850609,-10.5061,-0.138095,-0.446997,-1.3312,0.0144137,0.712
0.713,0.184911,0,0.00683479,0.0271527,0,0,0.850169,-10.5074,-0.13806,-0.438389,-1.30582,0.0136036,0.713
0.714,0.184911,0,0.00683479,0.0271527,0,0,0.849736,-10.5087,-0.138027,-0.429947,-1.28092,0.0128185,0.714
0.715,0.184911,0,0.00683479,0.0271527,0,0,0.849312,-10.51,-0.137995,-0.421668,-1.25649,0.0120578,0.715
0.716,0.184911,0,0.00683479,0.0271527,0,0,0.848896,-10.5112,-0.137963,-0.413548,-1.23253,0.0113208,0.716
0.717,0.184911,0,0.00683479,0.0271527,0,0,0.848488,-10.5125,-0.137933,-0.405585,-1.20903,0.0106069,0.717
0.718,0.184911,0,0.00683479,0.0271527,0,0,0.848088,-10.5137,-0.137904,-0.397775,-1.18598,0.00991553,0.718
0.719,0.184911,0,0.00683479,0.0271527,0,0,0.847695,-10.5149,-0.137876,-0.390116,-1.16336,0.00924606,0.719
0.72,0.184911,0,0.00683479,0.0271527,0,0,0.84731,-10.516,-0.137849,-0.382605,-1.14118,0.00859793,0.72
0.721,0.184911,0,0.00683479,0.0271527,0,0,0.846932,-10.5172,-0.137823,-0.375239,-1.11942,0.00797058,0.721
0.722,0.184911,0,0.00683479,0.0271527,0,0,0.846562,-10.5183,-0.137799,-0.368014,-1.09807,0.00736345,0.722
0.723,0.184911,0,0.00683479,0.0271527,0,0,0.846198,-10.5194,-0.137775,-0.360929,-1.07713,0.00677602,0.723
0.724,0.184911,0,0.00683479,0.0271527,0,0,0.845841,-10.5205,-0.137751,-0.35398,-1.05659,0.00620775,0.724
0.725,0.184911,0,0.00683479,0.0271527,0,0,0.845491,-10.5215,-0.137729,-0.347165,-1.03644,0.00565814,0.725
0.726,0.184911,0,0.00683479,0.0271527,0,0,0.845148,-10.5226,-0.137708,-0.340482,-1.01668,0.00512669,0.726
0.727,0.184911,0,0.00683479,0.0271527,0,0,0.844811,-10.5236,-0.137688,-0.333927,-0.997289,0.00461291,0.727
0.728,0.184911,0,0.00683479,0.0271527,0,0,0.844481,-10.5246,-0.137668,-0.327499,-0.978271,0.00411634,0.728
0.729,0.184911,0,0.00683479,0.0271527,0,0,0.844157,-10.5255,-0.137649,-0.321195,-0.959615,0.00363651,0.729
0.73,0.184911,0,0.00683479,0.0271527,0,0,0.843839,-10.5265,-0.137631,-0.315012,-0.941315,0.00317297,0.73
0.731,0.184911,0,0.00683479,0.0271527,0,0,0.843527,-10.5274,-0.137614,-0.308948,-0.923364,0.00272528,0.731
0.732,0.184911,0,0.00683479,0.0271527,0,0,0.843221,-10.5284,-0.137597,-0.303002,-0.905755,0.00229301,0.732
0.733,0.184911,0,0.00683479,0.0271527,0,0,0.842921,-10.5293,-0.137581,-0.29717,-0.888482,0.00187574,0.733
0.734,0.184911,0,0.00683479,0.0271527,0,0,0.842627,-10.5302,-0.137566,-0.29145,-0.871538,0.00147307,0.734
0.735,0.184911,0,0.00683479,0.0271527,0,0,0.842338,-10.531,-0.137551,-0.28584,-0.854917,0.00108459,0.735
0.736,0.184911,0,0.00683479,0.0271527,0,0,0.842055,-10.5319,-0.137538,-0.280339,-0.838613,0.000709925,0.736
0.737,0.184911,0,0.00683479,0.0271527,0,0,0.841777,-10.5327,-0.137524,-0.274944,-0.82262,0.000348689,0.737
0.738,0.184911,0,0.00683479,0.0271527,0,0,0.841504,-10.5336,-0.137512,-0.269652,-0.806932,5.14184e-07,0.738
0.739,0.184911,0,0.00683479,0.0271527,0,0,0.841237,-10.5344,-0.1375,-0.264463,-0.791543,-0.000334959,0.739
0.74,0.184911,0,0.00683479,0.0271527,0,0,0.840974,-10.5352,-0.137488,-0.259374,-0.776447,-0.000658083,0.74
0.741,0.184911,0,0.00683479,0.0271527,0,0,0.840717,-10.5359,-0.137477,-0.254382,-0.76164,-0.000969199,0.741
0.742,0.184911,0,0.00683479,0.0271527,0,0,0.840465,-10.5367,-0.137467,-0.249487,-0.747114,-0.00126864,0.742
0.743,0.184911,0,0.00683479,0.0271527,0,0,0.840217,-10.5374,-0.137457,-0.244686,-0.732866,-0.00155674,0.743
0.744,0.184911,0,0.00683479,0.0271527,0,0,0.839974,-10.5382,-0.137448,-0.239978,-0.718889,-0.0018338,0.744
0.745,0.184911,0,0.00683479,0.0271527,0,0,0.839735,-10.5389,-0.137439,-0.235361,-0.705178,-0.00210014,0.745
0.746,0.184911,0,0.00683479,0.0271527,0,0,0.839502,-10.5396,-0.13743,-0.230832,-0.69173,-0.00235607,0.746
0.747,0.184911,0,0.00683479,0.0271527,0,0,0.839272,-10.5403,-0.137422,-0.226391,-0.678537,-0.00260187,0.747
0.748,0.184911,0,0.00683479,0.0271527,0,0,0.839047,-10.541,-0.137415,-0.222035,-0.665596,-0.00283783,0.748
0.749,0.184911,0,0.00683479,0.0271527,0,0,0.838827,-10.5416,-0.137408,-0.217763,-0.652902,-0.00306424,0.749
0.75,0.184911,0,0.00683479,0.0271527,0,0,0.83861,-10.5423,-0.137401,-0.213574,-0.64045,-0.00328136,0.75
0.751,0.184911,0,0.00683479,0.0271527,0,0,0.838398,-10.5429,-0.137395,-0.209465,-0.628235,-0.00348946,0.751
0.752,0.184911,0,0.00683479,0.0271527,0,0,0.838189,-10.5435,-0.137389,-0.205435,-0.616253,-0.0036888,0.752
0.753,0.184911,0,0.00683479,0.0271527,0,0,0.837985,-10.5442,-0.137384,-0.201483,-0.6045,-0.00387964,0.753
0.754,0.184911,0,0.00683479,0.0271527,0,0,0.837784,-10.5448,-0.137379,-0.197607,-0.592971,-0.00406221,0.754
0.755,0.184911,0,0.00683479,0.0271527,0,0,0.837587,-10.5454,-0.137374,-0.193806,-0.581661,-0.00423676,0.755
0.756,0.184911,0,0.00683479,0.0271527,0,0,0.837394,-10.5459,-0.13737,-0.190078,-0.570568,-0.00440353,0.756
0.757,0.184911,0,0.00683479,0.0271527,0,0,0.837205,-10.5465,-0.137366,-0.186422,-0.559686,-0.00456274,0.757
0.758,0.184911,0,0.00683479,0.0271527,0,0,0.837019,-10.5471,-0.137362,-0.182836,-0.549011,-0.00471462,0.758
0.759,0.184911,0,0.00683479,0.0271527,0,0,0.836837,-10.5476,-0.137359,-0.17932,-0.53854,-0.00485937,0.759
0.76,0.184911,0,0.00683479,0.0271527,0,0,0.836658,-10.5482,-0.137356,-0.175871,-0.528269,-0.00499721,0.76
0.761,0.184911,0,0.00683479,0.0271527,0,0,0.836483,-10.5487,-0.137353,-0.172488,-0.518193,-0.00512836,0.761
0.762,0.184911,0,0.00683479,0.0271527,0,0,0.836311,-10.5492,-0.13735,-0.169171,-0.50831,-0.005253,0.762
0.763,0.184911,0,0.00683479,0.0271527,0,0,0.836142,-10.5497,-0.137348,-0.165917,-0.498615,-0.00537133,0.763
0.764,0.184911,0,0.00683479,0.0271527,0,0,0.835977,-10.5502,-0.137346,-0.162727,-0.489105,-0.00548355,0.764
0.765,0.184911,0,0.00683479,0.0271527,0,0,0.835814,-10.5507,-0.137345,-0.159597,-0.479776,-0.00558983,0.765
0.766,0.184911,0,0.00683479,0.0271527,0,0,0.835655,-10.5512,-0.137343,-0.156528,-0.470625,-0.00569037,0.766
0.767,0.184911,0,0.00683479,0.0271527,0,0,0.835498,-10.5517,-0.137342,-0.153518,-0.461649,-0.00578533,0.767
0.768,0.184911,0,0.00683479,0.0271527,0,0,0.835345,-10.5521,-0.137341,-0.150566,-0.452844,-0.00587489,0.768
0.769,0.184911,0,0.00683479,0.0271527,0,0,0.835195,-10.5526,-0.13734,-0.147671,-0.444207,-0.00595921,0.769
0.77,0.184911,0,0.00683479,0.0271527,0,0,0.835047,-10.553,-0.13734,-0.144832,-0.435734,-0.00603846,0.77
0.771,0.184911,0,0.00683479,0.0271527,0,0,0.834902,-10.5535,-0.137339,-0.142047,-0.427423,-0.00611279,0.771
0.772,0.184911,0,0.00683479,0.0271527,0,0,0.83476,-10.5539,-0.137339,-0.139316,-0.419271,-0.00618236,0.772
0.773,0.184911,0,0.00683479,0.0271527,0,0,0.834621,-10.5543,-0.137339,-0.136638,-0.411274,-0.00624732,0.773
0.774,0.184911,0,0.00683479,0.0271527,0,0,0.834484,-10.5547,-0.13734,-0.134011,-0.40343,-0.00630781,0.774
0.775,0.184911,0,0.00683479,0.0271527,0,0,0.83435,-10.5551,-0.13734,-0.131434,-0.395735,-0.00636399,0.775
0.776,0.184911,0,0.00683479,0.0271527,0,0,0.834219,-10.5555,-0.137341,-0.128908,-0.388187,-0.00641598,0.776
0.777,0.184911,0,0.00683479,0.0271527,0,0,0.83409,-10.5559,-0.137342,-0.12643,-0.380783,-0.00646392,0.777
0.778,0.184911,0,0.00683479,0.0271527,0,0,0.833963,-10.5563,-0.137342,-0.123999,-0.37352,-0.00650794,0.778
0.779,0.184911,0,0.00683479,0.0271527,0,0,0.833839,-10.5567,-0.137344,-0.121616,-0.366395,-0.00654818,0.779
0.78,0.184911,0,0.00683479,0.0271527,0,0,0.833717,-10.557,-0.137345,-0.119278,-0.359407,-0.00658475,0.78
0.781,0.184911,0,0.00683479,0.0271527,0,0,0.833597,-10.5574,-0.137346,-0.116986,-0.352551,-0.00661778,0.781
0.782,0.184911,0,0.00683479,0.0271527,0,0,0.83348,-10.5577,-0.137348,-0.114737,-0.345827,-0.00664738,0.782
0.783,0.184911,0,0.00683479,0.0271527,0,0,0.833365,-10.5581,-0.137349,-0.112532,-0.339231,-0.00667367,0.783
0.784,0.184911,0,0.00683479,0.0271527,0,0,0.833252,-10.5584,-0.137351,-0.110369,-0.33276,-0.00669676,0.784
0.785,0.184911,0,0.00683479,0.0271527,0,0,0.833142,-10.5587,-0.137353,-0.108248,-0.326413,-0.00671677,0.785
0.786,0.184911,0,0.00683479,0.0271527,0,0,0.833033,-10.5591,-0.137355,-0.106168,-0.320187,-0.00673379,0.786
0.787,0.184911,0,0.00683479,0.0271527,0,0,0.832926,-10.5594,-0.137357,-0.104127,-0.31408,-0.00674793,0.787
0.788,0.184911,0,0.00683479,0.0271527,0,0,0.832822,-10.5597,-0.137359,-0.102126,-0.308089,-0.00675929,0.788
0.789,0.184911,0,0.00683479,0.0271527,0,0,0.832719,-10.56,-0.137362,-0.100164,-0.302213,-0.00676796,0.789
0.79,0.184911,0,0.00683479,0.0271527,0,0,0.832619,-10.5603,-0.137364,-0.0982391,-0.296448,-0.00677405,0.79
0.791,0.184911,0,0.00683479,0.0271527,0,0,0.83252,-10.5606,-0.137367,-0.0963515,-0.290794,-0.00677764,0.791
0.792,0.184911,0,0.00683479,0.0271527,0,0,0.832423,-10.5609,-0.137369,-0.0945002,-0.285247,-0.00677883,0.792
0.793,0.184911,0,0.00683479,0.0271527,0,0,0.832328,-10.5612,-0.137372,-0.0926845,-0.279806,-0.0067777,0.793
0.794,0.184911,0,0.00683479,0.0271527,0,0,0.832235,-10.5615,-0.137375,-0.0909037,-0.274469,-0.00677433,0.794
0.795,0.184911,0,0.00683479,0.0271527,0,0,0.832144,-10.5617,-0.137377,-0.0891572,-0.269234,-0.00676881,0.795
0.796,0.184911,0,0.00683479,0.0271527,0,0,0.832054,-10.562,-0.13738,-0.0874444,-0.264098,-0.00676122,0.796
0.797,0.184911,0,0.00683479,0.0271527,0,0,0.831966,-10.5623,-0.137383,-0.0857645,-0.259061,-0.00675164,0.797
0.798,0.184911,0,0.00683479,0.0271527,0,0,0.83188,-10.5625,-0.137386,-0.0841169,-0.254119,-0.00674013,0.798
0.799,0.184911,0,0.00683479,0.0271527,0,0,0.831795,-10.5628,-0.137389,-0.082501,-0.249272,-0.00672679,0.799
0,0.184911,0,0.00683479,0.0271527,0,0,0.831712,-10.563,-0.137393,-0.0809162,-0.244517,-0.00671167,0.8
