BST,AMR,ALR,AIR,ASR,ASO,AIO,RX,RY,RZ,RXu,RYu,RZu,SST
0,0,0,0,0,0,0,0,0,0,0,0,0,0
0,0,0,0,0,0,0,0,0,0,0,0,0,0
0,0,0,0,0,0,0,0,0,0,0,0,0,0
0.001,0,0,0,0,0,0,0,0,0,0,0,0,0.001
0.002,0,0,0,0,0,0,0,0,0,0,0,0,0.002
0.003,0,0,0,0,0,0,0,0,0,0,0,0,0.003
0.004,0,0,0,0,0,0,0,0,0,0,0,0,0.004
0.005,0,0,0,0,0,0,0,0,0,0,0,0,0.005
0.006,0,0,0,0,0,0,0,0,0,0,0,0,0.006
0.007,0,0,0,0,0,0,0,0,0,0,0,0,0.007
0.008,0,0,0,0,0,0,0,0,0,0,0,0,0.008
0.009,0,0,0,0,0,0,0,0,0,0,0,0,0.009
0.01,0,0,0,0,0,0,0,0,0,0,0,0,0.01
0.011,0,0,0,0,0,0,0,0,0,0,0,0,0.011
0.012,0,0,0,0,0,0,0,0,0,0,0,0,0.012
0.013,0,0,0,0,0,0,0,0,0,0,0,0,0.013
0.014,0,0,0,0,0,0,0,0,0,0,0,0,0.014
0.015,0,0,0,0,0,0,0,0,0,0,0,0,0.015
0.016,0,0,0,0,0,0,0,0,0,0,0,0,0.016
0.017,0,0,0,0,0,0,0,0,0,0,0,0,0.017
0.018,0,0,0,0,0,0,0,0,0,0,0,0,0.018
0.019,0,0,0,0,0,0,0,0,0,0,0,0,0.019
0.02,0,0,0,0,0,0,0,0,0,0,0,0,0.02
0.021,0,0,0,0,0,0,0,0,0,0,0,0,0.021
0.022,0,0,0,0,0,0,0,0,0,0,0,0,0.022
0.023,0,0,0,0,0,0,0,0,0,0,0,0,0.023
0.024,0,0,0,0,0,0,0,0,0,0,0,0,0.024
0.025,0,0,0,0,0,0,0,0,0,0,0,0,0.025
0.026,0,0,0,0,0,0,0,0,0,0,0,0,0.026
0.027,0,0,0,0,0,0,0,0,0,0,0,0,0.027
0.028,0,0,0,0,0,0,0,0,0,0,0,0,0.028
0.029,0,0,0,0,0,0,0,0,0,0,0,0,0.029
0.03,0,0,0,0,0,0,0,0,0,0,0,0,0.03
0.031,0,0,0,0,0,0,0,0,0,0,0,0,0.031
0.032,0,0,0,0,0,0,0,0,0,0,0,0,0.032
0.033,0,0,0,0,0,0,0,0,0,0,0,0,0.033
0.034,0,0,0,0,0,0,0,0,0,0,0,0,0.034
0.035,0,0,0,0,0,0,0,0,0,0,0,0,0.035
0.036,0,0,0,0,0,0,0,0,0,0,0,0,0.036
0.037,0,0,0,0,0,0,0,0,0,0,0,0,0.037
0.038,0,0,0,0,0,0,0,0,0,0,0,0,0.038
0.039,0,0,0,0,0,0,0,0,0,0,0,0,0.039
0.04,0,0,0,0,0,0,0,0,0,0,0,0,0.04
0.041,0,0,0,0,0,0,0,0,0,0,0,0,0.041
0.042,0,0,0,0,0,0,0,0,0,0,0,0,0.042
0.043,0,0,0,0,0,0,0,0,0,0,0,0,0.043
0.044,0,0,0,0,0,0,0,0,0,0,0,0,0.044
0.045,0,0,0,0,0,0,0,0,0,0,0,0,0.045
0.046,0,0,0,0,0,0,0,0,0,0,0,0,0.046
0.047,0,0,0,0,0,0,0,0,0,0,0,0,0.047
0.048,0,0,0,0,0,0,0,0,0,0,0,0,0.048
0.049,0,0,0,0,0,0,0,0,0,0,0,0,0.049
0.05,0,0,0,0,0,0,0,0,0,0,0,0,0.05
0.051,0,0,0,0,0,0,0,0,0,0,0,0,0.051
0.052,0,0,0,0,0,0,0,0,0,0,0,0,0.052
0.053,0,0,0,0,0,0,0,0,0,0,0,0,0.053
0.054,0,0,0,0,0,0,0,0,0,0,0,0,0.054
0.055,0,0,0,0,0,0,0,0,0,0,0,0,0.055
0.056,0,0,0,0,0,0,0,0,0,0,0,0,0.056
0.057,0,0,0,0,0,0,0,0,0,0,0,0,0.057
0.058,0,0,0,0,0,0,0,0,0,0,0,0,0.058
0.059,0,0,0,0,0,0,0,0,0,0,0,0,0.059
0.06,0,0,0,0,0,0,0,0,0,0,0,0,0.06
0.061,0,0,0,0,0,0,0,0,0,0,0,0,0.061
0.062,0,0,0,0,0,0,0,0,0,0,0,0,0.062
0.063,0,0,0,0,0,0,0,0,0,0,0,0,0.063
0.064,0,0,0,0,0,0,0,0,0,0,0,0,0.064
0.065,0,0,0,0,0,0,0,0,0,0,0,0,0.065
0.066,0,0,0,0,0,0,0,0,0,0,0,0,0.066
0.067,0,0,0,0,0,0,0,0,0,0,0,0,0.067
0.068,0,0,0,0,0,0,0,0,0,0,0,0,0.068
0.069,0,0,0,0,0,0,0,0,0,0,0,0,0.069
0.07,0,0,0,0,0,0,0,0,0,0,0,0,0.07
0.071,0,0,0,0,0,0,0,0,0,0,0,0,0.071
0.072,0,0,0,0,0,0,0,0,0,0,0,0,0.072
0.073,0,0,0,0,0,0,0,0,0,0,0,0,0.073
0.074,0,0,0,0,0,0,0,0,0,0,0,0,0.074
0.075,0,0,0,0,0,0,0,0,0,0,0,0,0.075
0.076,0,0,0,0,0,0,0,0,0,0,0,0,0.076
0.077,0,0,0,0,0,0,0,0,0,0,0,0,0.077
0.078,0,0,0,0,0,0,0,0,0,0,0,0,0.078
0.079,0,0,0,0,0,0,0,0,0,0,0,0,0.079
0.08,0,0,0,0,0,0,0,0,0,0,0,0,0.08
0.081,0,0,0,0,0,0,0,0,0,0,0,0,0.081
0.082,0,0,0,0,0,0,0,0,0,0,0,0,0.082
0.083,0,0,0,0,0,0,0,0,0,0,0,0,0.083
0.084,0,0,0,0,0,0,0,0,0,0,0,0,0.084
0.085,0,0,0,0,0,0,0,0,0,0,0,0,0.085
0.086,0,0,0,0,0,0,0,0,0,0,0,0,0.086
0.087,0,0,0,0,0,0,0,0,0,0,0,0,0.087
0.088,0,0,0,0,0,0,0,0,0,0,0,0,0.088
0.089,0,0,0,0,0,0,0,0,0,0,0,0,0.089
0.09,0,0,0,0,0,0,0,0,0,0,0,0,0.09
0.091,0,0,0,0,0,0,0,0,0,0,0,0,0.091
0.092,0,0,0,0,0,0,0,0,0,0,0,0,0.092
0.093,0,0,0,0,0,0,0,0,0,0,0,0,0.093
0.094,0,0,0,0,0,0,0,0,0,0,0,0,0.094
0.095,0,0,0,0,0,0,0,0,0,0,0,0,0.095
0.096,0,0,0,0,0,0,0,0,0,0,0,0,0.096
0.097,0,0,0,0,0,0,0,0,0,0,0,0,0.097
0.098,0,0,0,0,0,0,0,0,0,0,0,0,0.098
0.099,0,0,0,0,0,0,0,0,0,0,0,0,0.099
0.1,0,0,0,0,0,0,0,0,0,0,0,0,0.1
0.101,0,0,0,0,0,0,0,0,0,0,0,0,0.101
0.102,0,0,0,0,0,0,0,0,0,0,0,0,0.102
0.103,0,0,0,0,0,0,0,0,0,0,0,0,0.103
0.104,0,0,0,0,0,0,0,0,0,0,0,0,0.104
0.105,0,0,0,0,0,0,0,0,0,0,0,0,0.105
0.106,0,0,0,0,0,0,0,0,0,0,0,0,0.106
0.107,0,0,0,0,0,0,0,0,0,0,0,0,0.107
0.108,0,0,0,0,0,0,0,0,0,0,0,0,0.108
0.109,0,0,0,0,0,0,0,0,0,0,0,0,0.109
0.11,0,0,0,0,0,0,0,0,0,0,0,0,0.11
0.111,0,0,0,0,0,0,0,0,0,0,0,0,0.111
0.112,0,0,0,0,0,0,0,0,0,0,0,0,0.112
0.113,0,0,0,0,0,0,0,0,0,0,0,0,0.113
0.114,0,0,0,0,0,0,0,0,0,0,0,0,0.114
0.115,0,0,0,0,0,0,0,0,0,0,0,0,0.115
0.116,0,0,0,0,0,0,0,0,0,0,0,0,0.116
0.117,0,0,0,0,0,0,0,0,0,0,0,0,0.117
0.118,0,0,0,0,0,0,0,0,0,0,0,0,0.118
0.119,0,0,0,0,0,0,0,0,0,0,0,0,0.119
0.12,0,0,0,0,0,0,0,0,0,0,0,0,0.12
0.121,0,0,0,0,0,0,0,0,0,0,0,0,0.121
0.122,0,0,0,0,0,0,0,0,0,0,0,0,0.122
0.123,0,0,0,0,0,0,0,0,0,0,0,0,0.123
0.124,0,0,0,0,0,0,0,0,0,0,0,0,0.124
0.125,0,0,0,0,0,0,0,0,0,0,0,0,0.125
0.126,0,0,0,0,0,0,0,0,0,0,0,0,0.126
0.127,0,0,0,0,0,0,0,0,0,0,0,0,0.127
0.128,0,0,0,0,0,0,0,0,0,0,0,0,0.128
0.129,0,0,0,0,0,0,0,0,0,0,0,0,0.129
0.13,0,0,0,0,0,0,0,0,0,0,0,0,0.13
0.131,0,0,0,0,0,0,0,0,0,0,0,0,0.131
0.132,0,0,0,0,0,0,0,0,0,0,0,0,0.132
0.133,0,0,0,0,0,0,0,0,0,0,0,0,0.133
0.134,0,0,0,0,0,0,0,0,0,0,0,0,0.134
0.135,0,0,0,0,0,0,0,0,0,0,0,0,0.135
0.136,0,0,0,0,0,0,0,0,0,0,0,0,0.136
0.137,0,0,0,0,0,0,0,0,0,0,0,0,0.137
0.138,0,0,0,0,0,0,0,0,0,0,0,0,0.138
0.139,0,0,0,0,0,0,0,0,0,0,0,0,0.139
0.14,0,0,0,0,0,0,0,0,0,0,0,0,0.14
0.141,0,0,0,0,0,0,0,0,0,0,0,0,0.141
0.142,0,0,0,0,0,0,0,0,0,0,0,0,0.142
0.143,0,0,0,0,0,0,0,0,0,0,0,0,0.143
0.144,0,0,0,0,0,0,0,0,0,0,0,0,0.144
0.145,0,0,0,0,0,0,0,0,0,0,0,0,0.145
0.146,0,0,0,0,0,0,0,0,0,0,0,0,0.146
0.147,0,0,0,0,0,0,0,0,0,0,0,0,0.147
0.148,0,0,0,0,0,0,0,0,0,0,0,0,0.148
0.149,0,0,0,0,0,0,0,0,0,0,0,0,0.149
0.15,0,0,0,0,0,0,0,0,0,0,0,0,0.15
0.151,0,0,0,0,0,0,0,0,0,0,0,0,0.151
0.152,0,0,0,0,0,0,0,0,0,0,0,0,0.152
0.153,0,0,0,0,0,0,0,0,0,0,0,0,0.153
0.154,0,0,0,0,0,0,0,0,0,0,0,0,0.154
0.155,0,0,0,0,0,0,0,0,0,0,0,0,0.155
0.156,0,0,0,0,0,0,0,0,0,0,0,0,0.156
0.157,0,0,0,0,0,0,0,0,0,0,0,0,0.157
0.158,0,0,0,0,0,0,0,0,0,0,0,0,0.158
0.159,0,0,0,0,0,0,0,0,0,0,0,0,0.159
0.16,0,0,0,0,0,0,0,0,0,0,0,0,0.16
0.161,0,0,0,0,0,0,0,0,0,0,0,0,0.161
0.162,0,0,0,0,0,0,0,0,0,0,0,0,0.162
0.163,0,0,0,0,0,0,0,0,0,0,0,0,0.163
0.164,0,0,0,0,0,0,0,0,0,0,0,0,0.164
0.165,0,0,0,0,0,0,0,0,0,0,0,0,0.165
0.166,0,0,0,0,0,0,0,0,0,0,0,0,0.166
0.167,0,0,0,0,0,0,0,0,0,0,0,0,0.167
0.168,0,0,0,0,0,0,0,0,0,0,0,0,0.168
0.169,0,0,0,0,0,0,0,0,0,0,0,0,0.169
0.17,0,0,0,0,0,0,0,0,0,0,0,0,0.17
0.171,0,0,0,0,0,0,0,0,0,0,0,0,0.171
0.172,0,0,0,0,0,0,0,0,0,0,0,0,0.172
0.173,0,0,0,0,0,0,0,0,0,0,0,0,0.173
0.174,0,0,0,0,0,0,0,0,0,0,0,0,0.174
0.175,0,0,0,0,0,0,0,0,0,0,0,0,0.175
0.176,0,0,0,0,0,0,0,0,0,0,0,0,0.176
0.177,0,0,0,0,0,0,0,0,0,0,0,0,0.177
0.178,0,0,0,0,0,0,0,0,0,0,0,0,0.178
0.179,0,0,0,0,0,0,0,0,0,0,0,0,0.179
0.18,0,0,0,0,0,0,0,0,0,0,0,0,0.18
0.181,0,0,0,0,0,0,0,0,0,0,0,0,0.181
0.182,0,0,0,0,0,0,0,0,0,0,0,0,0.182
0.183,0,0,0,0,0,0,0,0,0,0,0,0,0.183
0.184,0,0,0,0,0,0,0,0,0,0,0,0,0.184
0.185,0,0,0,0,0,0,0,0,0,0,0,0,0.185
0.186,0,0,0,0,0,0,0,0,0,0,0,0,0.186
0.187,0,0,0,0,0,0,0,0,0,0,0,0,0.187
0.188,0,0,0,0,0,0,0,0,0,0,0,0,0.188
0.189,0,0,0,0,0,0,0,0,0,0,0,0,0.189
0.19,0,0,0,0,0,0,0,0,0,0,0,0,0.19
0.191,0,0,0,0,0,0,0,0,0,0,0,0,0.191
0.192,0,0,0,0,0,0,0,0,0,0,0,0,0.192
0.193,0,0,0,0,0,0,0,0,0,0,0,0,0.193
0.194,0,0,0,0,0,0,0,0,0,0,0,0,0.194
0.195,0,0,0,0,0,0,0,0,0,0,0,0,0.195
0.196,0,0,0,0,0,0,0,0,0,0,0,0,0.196
0.197,0,0,0,0,0,0,0,0,0,0,0,0,0.197
0.198,0,0,0,0,0,0,0,0,0,0,0,0,0.198
0.199,0,0,0,0,0,0,0,0,0,0,0,0,0.199
0.2,0,0,0,0,0,0,0,0,0,0,0,0,0.2
0.201,0,0,0,0,0,0,0,0,0,0,0,0,0.201
0.202,0,0,0,0,0,0,0,0,0,0,0,0,0.202
0.203,0,0,0,0,0,0,0,0,0,0,0,0,0.203
0.204,0,0,0,0,0,0,0,0,0,0,0,0,0.204
0.205,0,0,0,0,0,0,0,0,0,0,0,0,0.205
0.206,0,0,0,0,0,0,0,0,0,0,0,0,0.206
0.207,0,0,0,0,0,0,0,0,0,0,0,0,0.207
0.208,0,0,0,0,0,0,0,0,0,0,0,0,0.208
0.209,0,0,0,0,0,0,0,0,0,0,0,0,0.209
0.21,0,0,0,0,0,0,0,0,0,0,0,0,0.21
0.211,0,0,0,0,0,0,0,0,0,0,0,0,0.211
0.212,0,0,0,0,0,0,0,0,0,0,0,0,0.212
0.213,0,0,0,0,0,0,0,0,0,0,0,0,0.213
0.214,0,0,0,0,0,0,0,0,0,0,0,0,0.214
0.215,0,0,0,0,0,0,0,0,0,0,0,0,0.215
0.216,0,0,0,0,0,0,0,0,0,0,0,0,0.216
0.217,0,0,0,0,0,0,0,0,0,0,0,0,0.217
0.218,0,0,0,0,0,0,0,0,0,0,0,0,0.218
0.219,0,0,0,0,0,0,0,0,0,0,0,0,0.219
0.22,0,0,0,0,0,0,0,0,0,0,0,0,0.22
0.221,0,0,0,0,0,0,0,0,0,0,0,0,0.221
0.222,0,0,0,0,0,0,0,0,0,0,0,0,0.222
0.223,0,0,0,0,0,0,0,0,0,0,0,0,0.223
0.224,0,0,0,0,0,0,0,0,0,0,0,0,0.224
0.225,0,0,0,0,0,0,0,0,0,0,0,0,0.225
0.226,0,0,0,0,0,0,0,0,0,0,0,0,0.226
0.227,0,0,0,0,0,0,0,0,0,0,0,0,0.227
0.228,0,0,0,0,0,0,0,0,0,0,0,0,0.228
0.229,0,0,0,0,0,0,0,0,0,0,0,0,0.229
0.23,0,0,0,0,0,0,0,0,0,0,0,0,0.23
0.231,0,0,0,0,0,0,0,0,0,0,0,0,0.231
0.232,0,0,0,0,0,0,0,0,0,0,0,0,0.232
0.233,0,0,0,0,0,0,0,0,0,0,0,0,0.233
0.234,0,0,0,0,0,0,0,0,0,0,0,0,0.234
0.235,0,0,0,0,0,0,0,0,0,0,0,0,0.235
0.236,0,0,0,0,0,0,0,0,0,0,0,0,0.236
0.237,0,0,0,0,0,0,0,0,0,0,0,0,0.237
0.238,0,0,0,0,0,0,0,0,0,0,0,0,0.238
0.239,0,0,0,0,0,0,0,0,0,0,0,0,0.239
0.24,0,0,0,0,0,0,0,0,0,0,0,0,0.24
0.241,0,0,0,0,0,0,0,0,0,0,0,0,0.241
0.242,0,0,0,0,0,0,0,0,0,0,0,0,0.242
0.243,0,0,0,0,0,0,0,0,0,0,0,0,0.243
0.244,0,0,0,0,0,0,0,0,0,0,0,0,0.244
0.245,0,0,0,0,0,0,0,0,0,0,0,0,0.245
0.246,0,0,0,0,0,0,0,0,0,0,0,0,0.246
0.247,0,0,0,0,0,0,0,0,0,0,0,0,0.247
0.248,0,0,0,0,0,0,0,0,0,0,0,0,0.248
0.249,0,0,0,0,0,0,0,0,0,0,0,0,0.249
0.25,0,0,0,0,0,0,0,0,0,0,0,0,0.25
0.251,0,0,0,0,0,0,0,0,0,0,0,0,0.251
0.252,0,0,0,0,0,0,0,0,0,0,0,0,0.252
0.253,0,0,0,0,0,0,0,0,0,0,0,0,0.253
0.254,0,0,0,0,0,0,0,0,0,0,0,0,0.254
0.255,0,0,0,0,0,0,0,0,0,0,0,0,0.255
0.256,0,0,0,0,0,0,0,0,0,0,0,0,0.256
0.257,0,0,0,0,0,0,0,0,0,0,0,0,0.257
0.258,0,0,0,0,0,0,0,0,0,0,0,0,0.258
0.259,0,0,0,0,0,0,0,0,0,0,0,0,0.259
0.26,0,0,0,0,0,0,0,0,0,0,0,0,0.26
0.261,0,0,0,0,0,0,0,0,0,0,0,0,0.261
0.262,0,0,0,0,0,0,0,0,0,0,0,0,0.262
0.263,0,0,0,0,0,0,0,0,0,0,0,0,0.263
0.264,0,0,0,0,0,0,0,0,0,0,0,0,0.264
0.265,0,0,0,0,0,0,0,0,0,0,0,0,0.265
0.266,0,0,0,0,0,0,0,0,0,0,0,0,0.266
0.267,0,0,0,0,0,0,0,0,0,0,0,0,0.267
0.268,0,0,0,0,0,0,0,0,0,0,0,0,0.268
0.269,0,0,0,0,0,0,0,0,0,0,0,0,0.269
0.27,0,0,0,0,0,0,0,0,0,0,0,0,0.27
0.271,0,0,0,0,0,0,0,0,0,0,0,0,0.271
0.272,0,0,0,0,0,0,0,0,0,0,0,0,0.272
0.273,0,0,0,0,0,0,0,0,0,0,0,0,0.273
0.274,0,0,0,0,0,0,0,0,0,0,0,0,0.274
0.275,0,0,0,0,0,0,0,0,0,0,0,0,0.275
0.276,0,0,0,0,0,0,0,0,0,0,0,0,0.276
0.277,0,0,0,0,0,0,0,0,0,0,0,0,0.277
0.278,0,0,0,0,0,0,0,0,0,0,0,0,0.278
0.279,0,0,0,0,0,0,0,0,0,0,0,0,0.279
0.28,0,0,0,0,0,0,0,0,0,0,0,0,0.28
0.281,0,0,0,0,0,0,0,0,0,0,0,0,0.281
0.282,0,0,0,0,0,0,0,0,0,0,0,0,0.282
0.283,0,0,0,0,0,0,0,0,0,0,0,0,0.283
0.284,0,0,0,0,0,0,0,0,0,0,0,0,0.284
0.285,0,0,0,0,0,0,0,0,0,0,0,0,0.285
0.286,0,0,0,0,0,0,0,0,0,0,0,0,0.286
0.287,0,0,0,0,0,0,0,0,0,0,0,0,0.287
0.288,0,0,0,0,0,0,0,0,0,0,0,0,0.288
0.289,0,0,0,0,0,0,0,0,0,0,0,0,0.289
0.29,0,0,0,0,0,0,0,0,0,0,0,0,0.29
0.291,0,0,0,0,0,0,0,0,0,0,0,0,0.291
0.292,0,0,0,0,0,0,0,0,0,0,0,0,0.292
0.293,0,0,0,0,0,0,0,0,0,0,0,0,0.293
0.294,0,0,0,0,0,0,0,0,0,0,0,0,0.294
0.295,0,0,0,0,0,0,0,0,0,0,0,0,0.295
0.296,0,0,0,0,0,0,0,0,0,0,0,0,0.296
0.297,0,0,0,0,0,0,0,0,0,0,0,0,0.297
0.298,0,0,0,0,0,0,0,0,0,0,0,0,0.298
0.299,0,0,0,0,0,0,0,0,0,0,0,0,0.299
0.3,0,0,0,0,0,0,0,0,0,0,0,0,0.3
0.301,0,0,0,0,0,0,0,0,0,0,0,0,0.301
0.302,0,0,0,0,0,0,0,0,0,0,0,0,0.302
0.303,0,0,0,0,0,0,0,0,0,0,0,0,0.303
0.304,0,0,0,0,0,0,0,0,0,0,0,0,0.304
0.305,0,0,0,0,0,0,0,0,0,0,0,0,0.305
0.306,0,0,0,0,0,0,0,0,0,0,0,0,0.306
0.307,0,0,0,0,0,0,0,0,0,0,0,0,0.307
0.308,0,0,0,0,0,0,0,0,0,0,0,0,0.308
0.309,0,0,0,0,0,0,0,0,0,0,0,0,0.309
0.31,0,0,0,0,0,0,0,0,0,0,0,0,0.31
0.311,0,0,0,0,0,0,0,0,0,0,0,0,0.311
0.312,0,0,0,0,0,0,0,0,0,0,0,0,0.312
0.313,0,0,0,0,0,0,0,0,0,0,0,0,0.313
0.314,0,0,0,0,0,0,0,0,0,0,0,0,0.314
0.315,0,0,0,0,0,0,0,0,0,0,0,0,0.315
0.316,0,0,0,0,0,0,0,0,0,0,0,0,0.316
0.317,0,0,0,0,0,0,0,0,0,0,0,0,0.317
0.318,0,0,0,0,0,0,0,0,0,0,0,0,0.318
0.319,0,0,0,0,0,0,0,0,0,0,0,0,0.319
0.32,0,0,0,0,0,0,0,0,0,0,0,0,0.32
0.321,0,0,0,0,0,0,0,0,0,0,0,0,0.321
0.322,0,0,0,0,0,0,0,0,0,0,0,0,0.322
0.323,0,0,0,0,0,0,0,0,0,0,0,0,0.323
0.324,0,0,0,0,0,0,0,0,0,0,0,0,0.324
0.325,0,0,0,0,0,0,0,0,0,0,0,0,0.325
0.326,0,0,0,0,0,0,0,0,0,0,0,0,0.326
0.327,0,0,0,0,0,0,0,0,0,0,0,0,0.327
0.328,0,0,0,0,0,0,0,0,0,0,0,0,0.328
0.329,0,0,0,0,0,0,0,0,0,0,0,0,0.329
0.33,0,0,0,0,0,0,0,0,0,0,0,0,0.33
0.331,0,0,0,0,0,0,0,0,0,0,0,0,0.331
0.332,0,0,0,0,0,0,0,0,0,0,0,0,0.332
0.333,0,0,0,0,0,0,0,0,0,0,0,0,0.333
0.334,0,0,0,0,0,0,0,0,0,0,0,0,0.334
0.335,0,0,0,0,0,0,0,0,0,0,0,0,0.335
0.336,0,0,0,0,0,0,0,0,0,0,0,0,0.336
0.337,0,0,0,0,0,0,0,0,0,0,0,0,0.337
0.338,0,0,0,0,0,0,0,0,0,0,0,0,0.338
0.339,0,0,0,0,0,0,0,0,0,0,0,0,0.339
0.34,0,0,0,0,0,0,0,0,0,0,0,0,0.34
0.341,0,0,0,0,0,0,0,0,0,0,0,0,0.341
0.342,0,0,0,0,0,0,0,0,0,0,0,0,0.342
0.343,0,0,0,0,0,0,0,0,0,0,0,0,0.343
0.344,0,0,0,0,0,0,0,0,0,0,0,0,0.344
0.345,0,0,0,0,0,0,0,0,0,0,0,0,0.345
0.346,0,0,0,0,0,0,0,0,0,0,0,0,0.346
0.347,0,0,0,0,0,0,0,0,0,0,0,0,0.347
0.348,0,0,0,0,0,0,0,0,0,0,0,0,0.348
0.349,0,0,0,0,0,0,0,0,0,0,0,0,0.349
0.35,0,0,0,0,0,0,0,0,0,0,0,0,0.35
0.351,0,0,0,0,0,0,0,0,0,0,0,0,0.351
0.352,0,0,0,0,0,0,0,0,0,0,0,0,0.352
0.353,0,0,0,0,0,0,0,0,0,0,0,0,0.353
0.354,0,0,0,0,0,0,0,0,0,0,0,0,0.354
0.355,0,0,0,0,0,0,0,0,0,0,0,0,0.355
0.356,0,0,0,0,0,0,0,0,0,0,0,0,0.356
0.357,0,0,0,0,0,0,0,0,0,0,0,0,0.357
0.358,0,0,0,0,0,0,0,0,0,0,0,0,0.358
0.359,0,0,0,0,0,0,0,0,0,0,0,0,0.359
0.36,0,0,0,0,0,0,0,0,0,0,0,0,0.36
0.361,0,0,0,0,0,0,0,0,0,0,0,0,0.361
0.362,0,0,0,0,0,0,0,0,0,0,0,0,0.362
0.363,0,0,0,0,0,0,0,0,0,0,0,0,0.363
0.364,0,0,0,0,0,0,0,0,0,0,0,0,0.364
0.365,0,0,0,0,0,0,0,0,0,0,0,0,0.365
0.366,0,0,0,0,0,0,0,0,0,0,0,0,0.366
0.367,0,0,0,0,0,0,0,0,0,0,0,0,0.367
0.368,0,0,0,0,0,0,0,0,0,0,0,0,0.368
0.369,0,0,0,0,0,0,0,0,0,0,0,0,0.369
0.37,0,0,0,0,0,0,0,0,0,0,0,0,0.37
0.371,0,0,0,0,0,0,0,0,0,0,0,0,0.371
0.372,0,0,0,0,0,0,0,0,0,0,0,0,0.372
0.373,0,0,0,0,0,0,0,0,0,0,0,0,0.373
0.374,0,0,0,0,0,0,0,0,0,0,0,0,0.374
0.375,0,0,0,0,0,0,0,0,0,0,0,0,0.375
0.376,0,0,0,0,0,0,0,0,0,0,0,0,0.376
0.377,0,0,0,0,0,0,0,0,0,0,0,0,0.377
0.378,0,0,0,0,0,0,0,0,0,0,0,0,0.378
0.379,0,0,0,0,0,0,0,0,0,0,0,0,0.379
0.38,0,0,0,0,0,0,0,0,0,0,0,0,0.38
0.381,0,0,0,0,0,0,0,0,0,0,0,0,0.381
0.382,0,0,0,0,0,0,0,0,0,0,0,0,0.382
0.383,0,0,0,0,0,0,0,0,0,0,0,0,0.383
0.384,0,0,0,0,0,0,0,0,0,0,0,0,0.384
0.385,0,0,0,0,0,0,0,0,0,0,0,0,0.385
0.386,0,0,0,0,0,0,0,0,0,0,0,0,0.386
0.387,0,0,0,0,0,0,0,0,0,0,0,0,0.387
0.388,0,0,0,0,0,0,0,0,0,0,0,0,0.388
0.389,0,0,0,0,0,0,0,0,0,0,0,0,0.389
0.39,0,0,0,0,0,0,0,0,0,0,0,0,0.39
0.391,0,0,0,0,0,0,0,0,0,0,0,0,0.391
0.392,0,0,0,0,0,0,0,0,0,0,0,0,0.392
0.393,0,0,0,0,0,0,0,0,0,0,0,0,0.393
0.394,0,0,0,0,0,0,0,0,0,0,0,0,0.394
0.395,0,0,0,0,0,0,0,0,0,0,0,0,0.395
0.396,0,0,0,0,0,0,0,0,0,0,0,0,0.396
0.397,0,0,0,0,0,0,0,0,0,0,0,0,0.397
0.398,0,0,0,0,0,0,0,0,0,0,0,0,0.398
0.399,0,0,0,0,0,0,0,0,0,0,0,0,0.399
0.4,0,0,0,0,0,0,0,0,0,0,0,0,0.4
0.401,0,0,0,0,0,0,0,0,0,0,0,0,0.401
0.402,0,0,0,0,0,0,0,0,0,0,0,0,0.402
0.403,0,0,0,0,0,0,0,0,0,0,0,0,0.403
0.404,0,0,0,0,0,0,0,0,0,0,0,0,0.404
0.405,0,0,0,0,0,0,0,0,0,0,0,0,0.405
0.406,0,0,0,0,0,0,0,0,0,0,0,0,0.406
0.407,0,0,0,0,0,0,0,0,0,0,0,0,0.407
0.408,0,0,0,0,0,0,0,0,0,0,0,0,0.408
0.409,0,0,0,0,0,0,0,0,0,0,0,0,0.409
0.41,0,0,0,0,0,0,0,0,0,0,0,0,0.41
0.411,0,0,0,0,0,0,0,0,0,0,0,0,0.411
0.412,0,0,0,0,0,0,0,0,0,0,0,0,0.412
0.413,0,0,0,0,0,0,0,0,0,0,0,0,0.413
0.414,0,0,0,0,0,0,0,0,0,0,0,0,0.414
0.415,0,0,0,0,0,0,0,0,0,0,0,0,0.415
0.416,0,0,0,0,0,0,0,0,0,0,0,0,0.416
0.417,0,0,0,0,0,0,0,0,0,0,0,0,0.417
0.418,0,0,0,0,0,0,0,0,0,0,0,0,0.418
0.419,0,0,0,0,0,0,0,0,0,0,0,0,0.419
0.42,0,0,0,0,0,0,0,0,0,0,0,0,0.42
0.421,0,0,0,0,0,0,0,0,0,0,0,0,0.421
0.422,0,0,0,0,0,0,0,0,0,0,0,0,0.422
0.423,0,0,0,0,0,0,0,0,0,0,0,0,0.423
0.424,0,0,0,0,0,0,0,0,0,0,0,0,0.424
0.425,0,0,0,0,0,0,0,0,0,0,0,0,0.425
0.426,0,0,0,0,0,0,0,0,0,0,0,0,0.426
0.427,0,0,0,0,0,0,0,0,0,0,0,0,0.427
0.428,0,0,0,0,0,0,0,0,0,0,0,0,0.428
0.429,0,0,0,0,0,0,0,0,0,0,0,0,0.429
0.43,0,0,0,0,0,0,0,0,0,0,0,0,0.43
0.431,0,0,0,0,0,0,0,0,0,0,0,0,0.431
0.432,0,0,0,0,0,0,0,0,0,0,0,0,0.432
0.433,0,0,0,0,0,0,0,0,0,0,0,0,0.433
0.434,0,0,0,0,0,0,0,0,0,0,0,0,0.434
0.435,0,0,0,0,0,0,0,0,0,0,0,0,0.435
0.436,0,0,0,0,0,0,0,0,0,0,0,0,0.436
0.437,0,0,0,0,0,0,0,0,0,0,0,0,0.437
0.438,0,0,0,0,0,0,0,0,0,0,0,0,0.438
0.439,0,0,0,0,0,0,0,0,0,0,0,0,0.439
0.44,0,0,0,0,0,0,0,0,0,0,0,0,0.44
0.441,0,0,0,0,0,0,0,0,0,0,0,0,0.441
0.442,0,0,0,0,0,0,0,0,0,0,0,0,0.442
0.443,0,0,0,0,0,0,0,0,0,0,0,0,0.443
0.444,0,0,0,0,0,0,0,0,0,0,0,0,0.444
0.445,0,0,0,0,0,0,0,0,0,0,0,0,0.445
0.446,0,0,0,0,0,0,0,0,0,0,0,0,0.446
0.447,0,0,0,0,0,0,0,0,0,0,0,0,0.447
0.448,0,0,0,0,0,0,0,0,0,0,0,0,0.448
0.449,0,0,0,0,0,0,0,0,0,0,0,0,0.449
0.45,0,0,0,0,0,0,0,0,0,0,0,0,0.45
0.451,0,0,0,0,0,0,0,0,0,0,0,0,0.451
0.452,0,0,0,0,0,0,0,0,0,0,0,0,0.452
0.453,0,0,0,0,0,0,0,0,0,0,0,0,0.453
0.454,0,0,0,0,0,0,0,0,0,0,0,0,0.454
0.455,0,0,0,0,0,0,0,0,0,0,0,0,0.455
0.456,0,0,0,0,0,0,0,0,0,0,0,0,0.456
0.457,0,0,0,0,0,0,0,0,0,0,0,0,0.457
0.458,0,0,0,0,0,0,0,0,0,0,0,0,0.458
0.459,0,0,0,0,0,0,0,0,0,0,0,0,0.459
0.46,0,0,0,0,0,0,0,0,0,0,0,0,0.46
0.461,0,0,0,0,0,0,0,0,0,0,0,0,0.461
0.462,0,0,0,0,0,0,0,0,0,0,0,0,0.462
0.463,0,0,0,0,0,0,0,0,0,0,0,0,0.463
0.464,0,0,0,0,0,0,0,0,0,0,0,0,0.464
0.465,0,0,0,0,0,0,0,0,0,0,0,0,0.465
0.466,0,0,0,0,0,0,0,0,0,0,0,0,0.466
0.467,0,0,0,0,0,0,0,0,0,0,0,0,0.467
0.468,0,0,0,0,0,0,0,0,0,0,0,0,0.468
0.469,0,0,0,0,0,0,0,0,0,0,0,0,0.469
0.47,0,0,0,0,0,0,0,0,0,0,0,0,0.47
0.471,0,0,0,0,0,0,0,0,0,0,0,0,0.471
0.472,0,0,0,0,0,0,0,0,0,0,0,0,0.472
0.473,0,0,0,0,0,0,0,0,0,0,0,0,0.473
0.474,0,0,0,0,0,0,0,0,0,0,0,0,0.474
0.475,0,0,0,0,0,0,0,0,0,0,0,0,0.475
0.476,0,0,0,0,0,0,0,0,0,0,0,0,0.476
0.477,0,0,0,0,0,0,0,0,0,0,0,0,0.477
0.478,0,0,0,0,0,0,0,0,0,0,0,0,0.478
0.479,0,0,0,0,0,0,0,0,0,0,0,0,0.479
0.48,0,0,0,0,0,0,0,0,0,0,0,0,0.48
0.481,0,0,0,0,0,0,0,0,0,0,0,0,0.481
0.482,0,0,0,0,0,0,0,0,0,0,0,0,0.482
0.483,0,0,0,0,0,0,0,0,0,0,0,0,0.483
0.484,0,0,0,0,0,0,0,0,0,0,0,0,0.484
0.485,0,0,0,0,0,0,0,0,0,0,0,0,0.485
0.486,0,0,0,0,0,0,0,0,0,0,0,0,0.486
0.487,0,0,0,0,0,0,0,0,0,0,0,0,0.487
0.488,0,0,0,0,0,0,0,0,0,0,0,0,0.488
0.489,0,0,0,0,0,0,0,0,0,0,0,0,0.489
0.49,0,0,0,0,0,0,0,0,0,0,0,0,0.49
0.491,0,0,0,0,0,0,0,0,0,0,0,0,0.491
0.492,0,0,0,0,0,0,0,0,0,0,0,0,0.492
0.493,0,0,0,0,0,0,0,0,0,0,0,0,0.493
0.494,0,0,0,0,0,0,0,0,0,0,0,0,0.494
0.495,0,0,0,0,0,0,0,0,0,0,0,0,0.495
0.496,0,0,0,0,0,0,0,0,0,0,0,0,0.496
0.497,0,0,0,0,0,0,0,0,0,0,0,0,0.497
0.498,0,0,0,0,0,0,0,0,0,0,0,0,0.498
0.499,0,0,0,0,0,0,0,0,0,0,0,0,0.499
0.5,0,0,0,0,0,0,0,0,0,0,0,0,0.5
0.501,0,0,0,0,0,0,0,0,0,0,0,0,0.501
0.502,0,0,0,0,0,0,0,0,0,0,0,0,0.502
0.503,0,0,0,0,0,0,0,0,0,0,0,0,0.503
0.504,0,0,0,0,0,0,0,0,0,0,0,0,0.504
0.505,0,0,0,0,0,0,0,0,0,0,0,0,0.505
0.506,0,0,0,0,0,0,0,0,0,0,0,0,0.506
0.507,0,0,0,0,0,0,0,0,0,0,0,0,0.507
0.508,0,0,0,0,0,0,0,0,0,0,0,0,0.508
0.509,0,0,0,0,0,0,0,0,0,0,0,0,0.509
0.51,0,0,0,0,0,0,0,0,0,0,0,0,0.51
0.511,0,0,0,0,0,0,0,0,0,0,0,0,0.511
0.512,0,0,0,0,0,0,0,0,0,0,0,0,0.512
0.513,0,0,0,0,0,0,0,0,0,0,0,0,0.513
0.514,0,0,0,0,0,0,0,0,0,0,0,0,0.514
0.515,0,0,0,0,0,0,0,0,0,0,0,0,0.515
0.516,0,0,0,0,0,0,0,0,0,0,0,0,0.516
0.517,0,0,0,0,0,0,0,0,0,0,0,0,0.517
0.518,0,0,0,0,0,0,0,0,0,0,0,0,0.518
0.519,0,0,0,0,0,0,0,0,0,0,0,0,0.519
0.52,0,0,0,0,0,0,0,0,0,0,0,0,0.52
0.521,0,0,0,0,0,0,0,0,0,0,0,0,0.521
0.522,0,0,0,0,0,0,0,0,0,0,0,0,0.522
0.523,0,0,0,0,0,0,0,0,0,0,0,0,0.523
0.524,0,0,0,0,0,0,0,0,0,0,0,0,0.524
0.525,0,0,0,0,0,0,0,0,0,0,0,0,0.525
0.526,0,0,0,0,0,0,0,0,0,0,0,0,0.526
0.527,0,0,0,0,0,0,0,0,0,0,0,0,0.527
0.528,0,0,0,0,0,0,0,0,0,0,0,0,0.528
0.529,0,0,0,0,0,0,0,0,0,0,0,0,0.529
0.53,0,0,0,0,0,0,0,0,0,0,0,0,0.53
0.531,0,0,0,0,0,0,0,0,0,0,0,0,0.531
0.532,0,0,0,0,0,0,0,0,0,0,0,0,0.532
0.533,0,0,0,0,0,0,0,0,0,0,0,0,0.533
0.534,0,0,0,0,0,0,0,0,0,0,0,0,0.534
0.535,0,0,0,0,0,0,0,0,0,0,0,0,0.535
0.536,0,0,0,0,0,0,0,0,0,0,0,0,0.536
0.537,0,0,0,0,0,0,0,0,0,0,0,0,0.537
0.538,0.0405797,0,0,0,0,0,0,0,0,0,0,0,0.538
0.539,0.09405,0,0,0,0,0,0,0,0,0,-19.9054,0,0.539
0.54,0.147371,0,0,0,0,0,0,-0.0199054,0,0,-56.5975,0,0.54
0.541,0.196569,0,0,0,0,0,0,-0.0765029,0,0,-101.881,0,0.541
0.542,0.241445,0,0.00585973,0,0,0,0,-0.178384,0,0,-149.351,0,0.542
0.543,0.282891,0,0.0184531,0,0,0,0,-0.327735,0,-2.20716,-195.271,0.36786,0.543
0.544,0.320431,0,0.0341164,0,0,0,-0.00220505,-0.523005,0.000367866,-8.11035,-238.041,1.35173,0.544
0.545,0.353076,0,0.051657,0,0,0,-0.0103032,-0.761047,0.00171049,-17.0902,-276.692,2.84836,0.545
0.546,0.379588,0,0.0705509,0,0,0,-0.0273562,-1.03774,0.00450934,-28.3332,-310.276,4.72225,0.546
0.547,0.398925,0,0.0907952,0,0,0,-0.0556065,-1.34802,0.00908419,-41.1794,-337.728,6.86364,0.547
0.548,0.410122,0,0.112087,0,0.000236005,0,-0.0966321,-1.68575,0.0156219,-55.2539,-358.02,9.21058,0.548
0.549,0.412362,0,0.133949,0,0.0011561,0,-0.151633,-2.04379,0.0242324,-70.2098,-370.208,11.6549,0.549
0.55,0.40845,0,0.15576,0,0.00242027,0,-0.221462,-2.41402,0.0349143,-85.6412,-373.482,14.0061,0.55
0.551,0.401681,0,0.176905,0,0.00389364,0,-0.306573,-2.78756,0.0474879,-101.12,-368.908,16.2033,0.551
0.552,0.393677,0,0.196753,0,0.0055144,0,-0.407,-3.15655,0.0617339,-116.196,-358.767,18.2084,0.552
0.553,0.385255,0,0.214571,0,0.00725804,0,-0.522332,-3.51544,0.0774171,-130.402,-345.157,19.9778,0.553
0.554,0.376826,0,0.229653,0,0.00911106,0,-0.6517,-3.86076,0.0942793,-143.224,-329.666,21.4511,0.554
0.555,0.368589,0,0.241377,0,0.0110246,0,-0.793729,-4.19065,0.11202,-154.14,-313.404,22.558,0.555
0.556,0.36064,0,0.249032,0,0.0129404,0,-0.946534,-4.50434,0.130283,-162.661,-297.107,23.2372,0.556
0.557,0.353021,0,0.251994,0,0.0148047,0,-1.10775,-4.80179,0.148666,-168.292,-281.264,23.4297,0.557
0.558,0.345746,0,0.24983,0,0.0165574,0,-1.27453,-5.08345,0.166717,-170.571,-266.196,23.0823,0.558
0.559,0.338812,0,0.242737,0,0.0181436,0,-1.44358,-5.35009,0.18394,-169.13,-252.108,22.1591,0.559
0.56,0.332212,0,0.233378,0,0.0194918,0,-1.61123,-5.60268,0.19981,-163.89,-239.109,20.672,0.56
0.561,0.325934,0,0.223047,0,0.0205122,0,-1.77375,-5.84228,0.213818,-155.856,-227.12,18.8155,0.561
0.562,0.319966,0,0.21243,0,0.0211156,0,-1.9284,-6.06987,0.225656,-146.082,-216.024,16.7984,0.562
0.563,0.314294,0,0.201897,0,0.0212244,0,-2.07347,-6.28634,0.235229,-135.416,-205.71,14.7966,0.563
0.564,0.308903,0,0.191646,0,0.021013,0,-2.20808,-6.49245,0.242617,-124.462,-196.084,12.9445,0.564
0.565,0.30378,0,0.181778,0,0.0206565,0,-2.33193,-6.68888,0.248032,-113.607,-187.065,11.2844,0.565
0.566,0.298914,0,0.172355,0,0.0202399,0,-2.4451,-6.87625,0.251721,-103.076,-178.588,9.80294,0.566
0.567,0.294289,0,0.163409,0,0.019805,0,-2.54792,-7.0551,0.253912,-93.0022,-170.598,8.47523,0.567
0.568,0.289896,0,0.154953,0,0.0193723,0,-2.64081,-7.2259,0.254801,-83.4581,-163.05,7.27849,0.568
0.569,0.285723,0,0.147003,0,0.0189514,0,-2.7243,-7.38912,0.254558,-74.4787,-155.907,6.19488,0.569
0.57,0.281757,0,0.139559,0,0.0185466,0,-2.79894,-7.54514,0.253325,-66.0808,-149.137,5.21208,0.57
0.571,0.27799,0,0.132621,0,0.0181596,0,-2.86529,-7.69436,0.25123,-58.2655,-142.712,4.32104,0.571
0.572,0.274412,0,0.126181,0,0.0177906,0,-2.92394,-7.8371,0.248386,-51.0273,-136.606,3.51544,0.572
0.573,0.271012,0,0.120239,0,0.0174395,0,-2.97544,-7.97371,0.244896,-44.3529,-130.797,2.78998,0.573
0.574,0.267782,0,0.114796,0,0.0171057,0,-3.02036,-8.10448,0.240854,-38.2287,-125.264,2.14086,0.574
0.575,0.264714,0,0.109837,0,0.0167883,0,-3.05922,-8.22968,0.236347,-32.6423,-119.988,1.56528,0.575
0.576,0.261799,0,0.105343,0,0.0164868,0,-3.09256,-8.34958,0.231456,-27.5749,-114.951,1.05995,0.576
0.577,0.25903,0,0.10131,0,0.0162003,0,-3.12089,-8.46442,0.226258,-23.005,-110.138,0.621395,0.577
0.578,0.256399,0,0.0977114,0,0.015928,0,-3.1447,-8.57443,0.220823,-18.9139,-105.534,0.246803,0.578
0.579,0.2539,0,0.0945119,0,0.0156694,0,-3.16445,-8.67982,0.215217,-15.2765,-101.125,-0.0675748,0.579
0.58,0.251525,0,0.0916827,0,0.0154237,0,-3.18059,-8.78079,0.209502,-12.0621,-96.9029,-0.326384,0.58
0.581,0.24927,0,0.0892204,0,0.0151903,0,-3.19353,-8.87752,0.203732,-9.23938,-92.8565,-0.534353,0.581
0.582,0.247127,0,0.0871094,0,0.0149686,0,-3.20366,-8.9702,0.197956,-6.78643,-88.9759,-0.694613,0.582
0.583,0.245091,0,0.0853475,0,0.0147579,0,-3.21134,-9.059,0.19222,-4.68213,-85.2517,-0.810155,0.583
0.584,0.243158,0,0.0839311,0.000169876,0.0145578,0,-3.21691,-9.14407,0.186565,-2.91106,-81.6744,-0.883027,0.584
0.585,0.24132,0,0.0828445,0.000641016,0.0143677,0,-3.2207,-9.22557,0.18103,-1.39655,-78.2251,-0.925485,0.585
0.586,0.239575,0,0.0820626,0.00111852,0.0141871,0,-3.22296,-9.30362,0.175641,-0.039937,-74.8829,-0.953466,0.586
0.587,0.237917,0,0.0815729,0.00146722,0.0140155,0,-3.22385,-9.37833,0.17041,1.11133,-71.6513,-0.958564,0.587
0.588,0.236342,0,0.0813582,0.00162722,0.0138525,0,-3.22356,-9.44981,0.165356,1.98758,-68.5374,-0.928691,0.588
0.589,0.234846,0,0.0812941,0.00168192,0.0136976,0,-3.22237,-9.51819,0.160509,2.53782,-65.5461,-0.854885,0.589
0.59,0.233424,0,0.081303,0.00168554,0.0135505,0,-3.22059,-9.58359,0.155908,2.81532,-62.6802,-0.745573,0.59
0.591,0.232074,0,0.0813464,0.0016648,0.0134108,0,-3.2185,-9.64613,0.151582,2.90008,-59.9399,-0.613651,0.591
0.592,0.230791,0,0.0814051,0.001633,0.013278,0,-3.21627,-9.70594,0.147547,2.86099,-57.3235,-0.470166,0.592
0.593,0.229572,0,0.0814696,0.00159675,0.0131519,0,-3.21404,-9.76314,0.143808,2.74806,-54.8275,-0.323028,0.593
0.594,0.228414,0,0.0815353,0.0015593,0.013032,0,-3.21188,-9.81787,0.140361,2.59463,-52.4477,-0.177374,0.594
0.595,0.227314,0,0.0815998,0.0015222,0.0129182,0,-3.20982,-9.87022,0.137199,2.42177,-50.1795,-0.0363038,0.595
0.596,0.226269,0,0.0816623,0.0014862,0.0128101,0,-3.2079,-9.92032,0.134311,2.24226,-48.0178,0.0984534,0.596
0.597,0.225276,0,0.0817221,0.00145163,0.0127073,0,-3.20611,-9.96827,0.131683,2.06355,-45.9578,0.226039,0.597
0.598,0.224333,0,0.0817792,0.00141859,0.0126097,0,-3.20446,-10.0142,0.129302,1.88984,-43.9947,0.346126,0.598
0.599,0.223437,0,0.0818336,0.00138711,0.012517,0,-3.20294,-10.0581,0.127156,1.72334,-42.1236,0.458701,0.599
0.6,0.222586,0,0.0818854,0.00135716,0.0124289,0,-3.20155,-10.1002,0.125231,1.56509,-40.3403,0.563929,0.6
0.601,0.221778,0,0.0819346,0.00132868,0.0123453,0,-3.20029,-10.1405,0.123514,1.41546,-38.6403,0.662069,0.601
0.602,0.221009,0,0.0819813,0.00130162,0.0122658,0,-3.19914,-10.1791,0.121994,1.27446,-37.0196,0.753428,0.602
0.603,0.22028,0,0.0820258,0.0012759,0.0121902,0,-3.1981,-10.2161,0.120659,1.14187,-35.4743,0.838333,0.603
0.604,0.219586,0,0.082068,0.00125146,0.0121185,0,-3.19717,-10.2516,0.119499,1.01738,-34.0007,0.917113,0.604
0.605,0.218928,0,0.0821081,0.00122824,0.0120504,0,-3.19633,-10.2856,0.118503,0.900624,-32.5953,0.99009,0.605
0.606,0.218302,0,0.0821462,0.00120619,0.0119856,0,-3.19558,-10.3182,0.11766,0.791216,-31.2547,1.05758,0.606
0.607,0.217708,0,0.0821823,0.00118524,0.0119241,0,-3.19491,-10.3495,0.116962,0.688774,-29.9758,1.11988,0.607
0.608,0.217143,0,0.0822167,0.00116533,0.0118657,0,-3.19432,-10.3794,0.116401,0.592924,-28.7556,1.17727,0.608
0.609,0.216607,0,0.0822494,0.00114642,0.0118101,0,-3.19381,-10.4082,0.115967,0.503301,-27.5911,1.23004,0.609
0.61,0.216097,0,0.0822804,0.00112846,0.0117574,0,-3.19336,-10.4358,0.115653,0.419562,-26.4797,1.27843,0.61
0.611,0.215613,0,0.0823099,0.00111139,0.0117073,0,-3.19298,-10.4623,0.115451,0.341378,-25.4188,1.3227,0.611
0.612,0.215153,0,0.0823379,0.00109518,0.0116597,0,-3.19265,-10.4878,0.115354,0.268439,-24.406,1.36307,0.612
0.613,0.214716,0,0.0823645,0.00107977,0.0116145,0,-3.19239,-10.5122,0.115356,0.200446,-23.439,1.39977,0.613
0.614,0.214301,0,0.0823898,0.00106514,0.0115715,0,-3.19217,-10.5357,0.115449,0.137121,-22.5154,1.43301,0.614
0.615,0.213907,0,0.0824138,0.00105124,0.0115307,0,-3.192,-10.5583,0.11563,0.0782009,-21.6333,1.46299,0.615
0.616,0.213532,0,0.0824366,0.00103803,0.011492,0,-3.19187,-10.58,0.11589,0.023432,-20.7906,1.48989,0.616
0.617,0.213176,0,0.0824583,0.00102549,0.0108826,0,-3.19179,-10.6008,0.116226,-0.0274221,-19.9855,1.51389,0.617
0.618,0.207582,0,0.0826641,0.000828293,0.01059,0,-3.19174,-10.6208,0.116631,-0.124809,-19.2218,1.66477,0.618
0.619,0.204896,0,0.0827671,0.000733596,0.0104437,0,-3.19175,-10.6401,0.117234,-0.475022,-16.1481,1.85284,0.619
0.62,0.203553,0,0.0828185,0.000686247,0.0103705,0,-3.19205,-10.6564,0.118201,-0.802003,-13.1631,2.00204,0.62
0.621,0.202881,0,0.0828443,0.000662573,0.010334,0,-3.19261,-10.6696,0.119489,-1.0403,-10.851,2.10014,0.621
0.622,0.202546,0,0.0828571,0.000650736,0.0103157,0,-3.19337,-10.6806,0.121008,-1.19258,-9.21858,2.15495,0.622
0.623,0.202378,0,0.0828636,0.000644817,0.0103065,0,-3.19426,-10.6899,0.122675,-1.27937,-8.11372,2.17825,0.623
0.624,0.202294,0,0.0828668,0.000641858,0.010302,0,-3.19521,-10.6981,0.124428,-1.32136,-7.37556,2.18034,0.624
0.625,0.202252,0,0.0828684,0.000640378,0.0102997,0,-3.1962,-10.7056,0.126225,-1.33457,-6.87743,2.16887,0.625
0.626,0.202231,0,0.0828692,0.000639639,0.0102985,0,-3.1972,-10.7126,0.128039,-1.33007,-6.53076,2.14908,0.626
0.627,0.20222,0,0.0828696,0.000639269,0.010298,0,-3.19819,-10.7192,0.129852,-1.31508,-6.27751,2.12434,0.627
0.628,0.202215,0,0.0828698,0.000639084,0.0102977,0,-3.19917,-10.7256,0.131654,-1.29409,-6.08114,2.0968,0.628
0.629,0.202213,0,0.0828699,0.000638991,0.0102975,0,-3.20013,-10.7318,0.13344,-1.26984,-5.91927,2.06778,0.629
0.63,0.202211,0,0.08287,0.000638945,0.0102975,0,-3.20107,-10.7378,0.135205,-1.24397,-5.77846,2.03807,0.63
0.631,0.202211,0,0.08287,0.000638922,0.0102974,0,-3.20199,-10.7437,0.136948,-1.21742,-5.65075,2.00814,0.631
0.632,0.20221,0,0.08287,0.00063891,0.0102974,0,-3.20289,-10.7495,0.138667,-1.19075,-5.53148,1.97826,0.632
0.633,0.20221,0,0.08287,0.000638905,0.0102974,0,-3.20376,-10.7551,0.140363,-1.16427,-5.41794,1.94859,0.633
0.634,0.20221,0,0.08287,0.000638902,0.0102974,0,-3.20461,-10.7606,0.142035,-1.13814,-5.30855,1.91924,0.634
0.635,0.20221,0,0.08287,0.0006389,0.0102974,0,-3.20545,-10.766,0.143683,-1.11247,-5.20239,1.89023,0.635
0.636,0.20221,0,0.08287,0.0006389,0.0102974,0,-3.20625,-10.7713,0.145308,-1.08729,-5.09893,1.8616,0.636
0.637,0.20221,0,0.08287,0.000638899,0.0102974,0,-3.20704,-10.7765,0.14691,-1.06264,-4.99785,1.83337,0.637
0.638,0.20221,0,0.08287,0.000638899,0.0102974,0,-3.20781,-10.7816,0.148489,-1.0385,-4.89896,1.80554,0.638
0.639,0.20221,0,0.08287,0.000638899,0.0102974,0,-3.20856,-10.7866,0.150045,-1.0149,-4.80213,1.7781,0.639
0.64,0.20221,0,0.08287,0.000638899,0.0102974,0,-3.20928,-10.7915,0.151579,-0.991806,-4.70726,1.75106,0.64
0.641,0.20221,0,0.08287,0.000638899,0.0102974,0,-3.20999,-10.7963,0.15309,-0.969227,-4.6143,1.72442,0.641
0.642,0.20221,0,0.08287,0.000638899,0.0102974,0,-3.21068,-10.801,0.15458,-0.947148,-4.52319,1.69816,0.642
0.643,0.20221,0,0.08287,0.000638899,0.0102974,0,-3.21136,-10.8056,0.156048,-0.92556,-4.43388,1.67228,0.643
0.644,0.20221,0,0.08287,0.000638899,0.0102974,0,-3.21201,-10.8101,0.157495,-0.904451,-4.34633,1.64679,0.644
0.645,0.20221,0,0.08287,0.000638899,0.0102974,0,-3.21265,-10.8146,0.158921,-0.883813,-4.26052,1.62166,0.645
0.646,0.20221,0,0.08287,0.000638899,0.0102974,0,-3.21327,-10.8189,0.160326,-0.863635,-4.1764,1.59691,0.646
0.647,0.20221,0,0.08287,0.000638899,0.0102974,0,-3.21387,-10.8232,0.161711,-0.843907,-4.09394,1.57252,0.647
0.648,0.20221,0,0.08287,0.000638899,0.0102974,0,-3.21446,-10.8273,0.163076,-0.824619,-4.01311,1.54849,0.648
0.649,0.20221,0,0.08287,0.000638899,0.0102974,0,-3.21503,-10.8314,0.164421,-0.805761,-3.93387,1.52481,0.649
0.65,0.20221,0,0.08287,0.000638899,0.0102974,0,-3.21559,-10.8354,0.165746,-0.787324,-3.85619,1.50148,0.65
0.651,0.20221,0,0.08287,0.000638899,0.0102974,0,-3.21613,-10.8394,0.167052,-0.769299,-3.78005,1.47849,0.651
0.652,0.20221,0,0.08287,0.000638899,0.0102974,0,-3.21666,-10.8432,0.168339,-0.751677,-3.70541,1.45584,0.652
0.653,0.20221,0,0.08287,0.000638899,0.0102974,0,-3.21717,-10.847,0.169608,-0.734449,-3.63224,1.43353,0.653
0.654,0.20221,0,0.08287,0.000638899,0.0102974,0,-3.21767,-10.8507,0.170857,-0.717606,-3.56051,1.41154,0.654
0.655,0.20221,0,0.08287,0.000638899,0.0102974,0,-3.21815,-10.8544,0.172089,-0.701139,-3.4902,1.38988,0.655
0.656,0.20221,0,0.08287,0.000638899,0.0102974,0,-3.21863,-10.8579,0.173302,-0.685042,-3.42127,1.36854,0.656
0.657,0.20221,0,0.08287,0.000638899,0.0102974,0,-3.21909,-10.8614,0.174498,-0.669304,-3.35371,1.34752,0.657
0.658,0.20221,0,0.08287,0.000638899,0.0102974,0,-3.21953,-10.8648,0.175676,-0.653919,-3.28748,1.32681,0.658
0.659,0.20221,0,0.08287,0.000638899,0.0102974,0,-3.21997,-10.8682,0.176837,-0.638879,-3.22255,1.3064,0.659
0.66,0.20221,0,0.08287,0.000638899,0.0102974,0,-3.22039,-10.8715,0.177981,-0.624176,-3.15891,1.2863,0.66
0.661,0.20221,0,0.08287,0.000638899,0.0102974,0,-3.2208,-10.8747,0.179108,-0.609802,-3.09652,1.2665,0.661
0.662,0.20221,0,0.08287,0.000638899,0.0102974,0,-3.2212,-10.8779,0.180219,-0.595751,-3.03537,1.24699,0.662
0.663,0.20221,0,0.08287,0.000638899,0.0102974,0,-3.22159,-10.881,0.181313,-0.582016,-2.97542,1.22777,0.663
0.664,0.20221,0,0.08287,0.000638899,0.0102974,0,-3.22197,-10.884,0.182391,-0.568589,-2.91665,1.20884,0.664
0.665,0.20221,0,0.08287,0.000638899,0.0102974,0,-3.22234,-10.887,0.183453,-0.555463,-2.85905,1.19019,0.665
0.666,0.20221,0,0.08287,0.000638899,0.0102974,0,-3.2227,-10.8899,0.184499,-0.542632,-2.80258,1.17181,0.666
0.667,0.20221,0,0.08287,0.000638899,0.0102974,0,-3.22305,-10.8928,0.18553,-0.53009,-2.74722,1.15372,0.667
0.668,0.20221,0,0.08287,0.000638899,0.0102974,0,-3.22338,-10.8956,0.186546,-0.51783,-2.69296,1.13589,0.668
0.669,0.20221,0,0.08287,0.000638899,0.0102974,0,-3.22371,-10.8983,0.187547,-0.505845,-2.63977,1.11832,0.669
0.67,0.20221,0,0.08287,0.000638899,0.0102974,0,-3.22403,-10.901,0.188533,-0.494131,-2.58763,1.10102,0.67
0.671,0.20221,0,0.08287,0.000638899,0.0102974,0,-3.22434,-10.9037,0.189504,-0.48268,-2.53651,1.08398,0.671
0.672,0.20221,0,0.08287,0.000638899,0.0102974,0,-3.22464,-10.9063,0.190461,-0.471487,-2.48641,1.0672,0.672
0.673,0.20221,0,0.08287,0.000638899,0.0102974,0,-3.22494,-10.9088,0.191403,-0.460547,-2.4373,1.05066,0.673
0.674,0.20221,0,0.08287,0.000638899,0.0102974,0,-3.22522,-10.9113,0.192332,-0.449853,-2.38915,1.03438,0.674
0.675,0.20221,0,0.08287,0.000638899,0.0102974,0,-3.2255,-10.9138,0.193247,-0.4394,-2.34196,1.01834,0.675
0.676,0.20221,0,0.08287,0.000638899,0.0102974,0,-3.22577,-10.9162,0.194148,-0.429184,-2.2957,1.00253,0.676
0.677,0.20221,0,0.08287,0.000638899,0.0102974,0,-3.22603,-10.9185,0.195036,-0.419197,-2.25035,0.986971,0.677
0.678,0.20221,0,0.08287,0.000638899,0.0102974,0,-3.22628,-10.9208,0.195911,-0.409437,-2.2059,0.971642,0.678
0.679,0.20221,0,0.08287,0.000638899,0.0102974,0,-3.22653,-10.9231,0.196772,-0.399897,-2.16232,0.956543,0.679
0.68,0.20221,0,0.08287,0.000638899,0.0102974,0,-3.22677,-10.9253,0.197621,-0.390573,-2.1196,0.941671,0.68
0.681,0.20221,0,0.08287,0.000638899,0.0102974,0,-3.227,-10.9274,0.198457,-0.38146,-2.07773,0.927024,0.681
0.682,0.20221,0,0.08287,0.000638899,0.0102974,0,-3.22723,-10.9296,0.19928,-0.372553,-2.03669,0.912597,0.682
0.683,0.20221,0,0.08287,0.000638899,0.0102974,0,-3.22744,-10.9317,0.200092,-0.363848,-1.99645,0.898388,0.683
0.684,0.20221,0,0.08287,0.000638899,0.0102974,0,-3.22766,-10.9337,0.200891,-0.35534,-1.95701,0.884394,0.684
0.685,0.20221,0,0.08287,0.000638899,0.0102974,0,-3.22786,-10.9357,0.201678,-0.347024,-1.91835,0.870611,0.685
0.686,0.20221,0,0.08287,0.000638899,0.0102974,0,-3.22806,-10.9377,0.202453,-0.338898,-1.88045,0.857037,0.686
0.687,0.20221,0,0.08287,0.000638899,0.0102974,0,-3.22826,-10.9396,0.203217,-0.330955,-1.8433,0.843668,0.687
0.688,0.20221,0,0.08287,0.000638899,0.0102974,0,-3.22844,-10.9415,0.203969,-0.323193,-1.80689,0.830501,0.688
0.689,0.20221,0,0.08287,0.000638899,0.0102974,0,-3.22863,-10.9433,0.20471,-0.315608,-1.77119,0.817534,0.689
0.69,0.20221,0,0.08287,0.000638899,0.0102974,0,-3.2288,-10.9451,0.20544,-0.308194,-1.7362,0.804763,0.69
0.691,0.20221,0,0.08287,0.000638899,0.0102974,0,-3.22898,-10.9469,0.206158,-0.300949,-1.7019,0.792186,0.691
0.692,0.20221,0,0.08287,0.000638899,0.0102974,0,-3.22914,-10.9487,0.206866,-0.293869,-1.66828,0.7798,0.692
0.693,0.20221,0,0.08287,0.000638899,0.0102974,0,-3.2293,-10.9504,0.207564,-0.28695,-1.63532,0.767602,0.693
0.694,0.20221,0,0.08287,0.000638899,0.0102974,0,-3.22946,-10.9521,0.20825,-0.280189,-1.60301,0.75559,0.694
0.695,0.20221,0,0.08287,0.000638899,0.0102974,0,-3.22961,-10.9537,0.208927,-0.273581,-1.57134,0.74376,0.695
0.696,0.20221,0,0.08287,0.000638899,0.0102974,0,-3.22976,-10.9553,0.209593,-0.267124,-1.5403,0.73211,0.696
0.697,0.20221,0,0.08287,0.000638899,0.0102974,0,-3.2299,-10.9569,0.210249,-0.260815,-1.50987,0.720637,0.697
0.698,0.20221,0,0.08287,0.000638899,0.0102974,0,-3.23004,-10.9584,0.210895,-0.254649,-1.48004,0.70934,0.698
0.699,0.20221,0,0.08287,0.000638899,0.0102974,0,-3.23017,-10.96,0.211532,-0.248624,-1.45079,0.698215,0.699
0.7,0.20221,0,0.08287,0.000638899,0.0102974,0,-3.2303,-10.9614,0.212158,-0.242737,-1.42213,0.687259,0.7
0.701,0.20221,0,0.08287,0.000638899,0.0102974,0,-3.23043,-10.9629,0.212776,-0.236984,-1.39403,0.676471,0.701
0.702,0.20221,0,0.08287,0.000638899,0.0102974,0,-3.23055,-10.9643,0.213384,-0.231363,-1.36649,0.665847,0.702
0.703,0.20221,0,0.08287,0.000638899,0.0102974,0,-3.23067,-10.9657,0.213982,-0.22587,-1.33949,0.655386,0.703
0.704,0.20221,0,0.08287,0.000638899,0.0102974,0,-3.23078,-10.9671,0.214572,-0.220503,-1.31303,0.645084,0.704
0.705,0.20221,0,0.08287,0.000638899,0.0102974,0,-3.23089,-10.9685,0.215153,-0.215259,-1.28709,0.634941,0.705
0.706,0.20221,0,0.08287,0.000638899,0.0102974,0,-3.231,-10.9698,0.215724,-0.210135,-1.26166,0.624952,0.706
0.707,0.20221,0,0.08287,0.000638899,0.0102974,0,-3.2311,-10.9711,0.216288,-0.205129,-1.23673,0.615117,0.707
0.708,0.20221,0,0.08287,0.000638899,0.0102974,0,-3.2312,-10.9723,0.216842,-0.200237,-1.2123,0.605433,0.708
0.709,0.20221,0,0.08287,0.000638899,0.0102974,0,-3.2313,-10.9736,0.217388,-0.195458,-1.18834,0.595897,0.709
0.71,0.20221,0,0.08287,0.000638899,0.0102974,0,-3.23139,-10.9748,0.217926,-0.190789,-1.16487,0.586507,0.71
0.711,0.20221,0,0.08287,0.000638899,0.0102974,0,-3.23148,-10.976,0.218456,-0.186227,-1.14185,0.577261,0.711
0.712,0.20221,0,0.08287,0.000638899,0.0102974,0,-3.23157,-10.9772,0.218977,-0.181769,-1.11929,0.568158,0.712
0.713,0.20221,0,0.08287,0.000638899,0.0102974,0,-3.23165,-10.9783,0.219491,-0.177415,-1.09718,0.559194,0.713
0.714,0.20221,0,0.08287,0.000638899,0.0102974,0,-3.23173,-10.9794,0.219996,-0.17316,-1.0755,0.550369,0.714
0.715,0.20221,0,0.08287,0.000638899,0.0102974,0,-3.23181,-10.9806,0.220494,-0.169004,-1.05425,0.541679,0.715
0.716,0.20221,0,0.08287,0.000638899,0.0102974,0,-3.23188,-10.9816,0.220985,-0.164943,-1.03342,0.533123,0.716
0.717,0.20221,0,0.08287,0.000638899,0.0102974,0,-3.23196,-10.9827,0.221468,-0.160976,-1.013,0.524699,0.717
0.718,0.20221,0,0.08287,0.000638899,0.0102974,0,-3.23203,-10.9837,0.221943,-0.157101,-0.992988,0.516404,0.718
0.719,0.20221,0,0.08287,0.000638899,0.0102974,0,-3.2321,-10.9848,0.222411,-0.153315,-0.973368,0.508238,0.719
0.72,0.20221,0,0.08287,0.000638899,0.0102974,0,-3.23216,-10.9858,0.222872,-0.149617,-0.954137,0.500198,0.72
0.721,0.20221,0,0.08287,0.000638899,0.0102974,0,-3.23222,-10.9867,0.223326,-0.146004,-0.935285,0.492282,0.721
0.722,0.20221,0,0.08287,0.000638899,0.0102974,0,-3.23229,-10.9877,0.223773,-0.142475,-0.916806,0.484488,0.722
0.723,0.20221,0,0.08287,0.000638899,0.0102974,0,-3.23234,-10.9886,0.224213,-0.139027,-0.898692,0.476814,0.723
0.724,0.20221,0,0.08287,0.000638899,0.0102974,0,-3.2324,-10.9896,0.224647,-0.135659,-0.880936,0.469259,0.724
0.725,0.20221,0,0.08287,0.000638899,0.0102974,0,-3.23245,-10.9905,0.225073,-0.13237,-0.863531,0.461821,0.725
0.726,0.20221,0,0.08287,0.000638899,0.0102974,0,-3.23251,-10.9914,0.225493,-0.129157,-0.846469,0.454499,0.726
0.727,0.20221,0,0.08287,0.000638899,0.0102974,0,-3.23256,-10.9922,0.225907,-0.126018,-0.829745,0.447289,0.727
0.728,0.20221,0,0.08287,0.000638899,0.0102974,0,-3.23261,-10.9931,0.226314,-0.122952,-0.813351,0.440192,0.728
0.729,0.20221,0,0.08287,0.000638899,0.0102974,0,-3.23265,-10.9939,0.226715,-0.119958,-0.797281,0.433204,0.729
0.73,0.20221,0,0.08287,0.000638899,0.0102974,0,-3.2327,-10.9947,0.22711,-0.117033,-0.781529,0.426325,0.73
0.731,0.20221,0,0.08287,0.000638899,0.0102974,0,-3.23274,-10.9956,0.227499,-0.114176,-0.766088,0.419553,0.731
0.732,0.20221,0,0.08287,0.000638899,0.0102974,0,-3.23278,-10.9963,0.227881,-0.111386,-0.750952,0.412885,0.732
0.733,0.20221,0,0.08287,0.000638899,0.0102974,0,-3.23282,-10.9971,0.228258,-0.108661,-0.736115,0.406322,0.733
0.734,0.20221,0,0.08287,0.000638899,0.0102974,0,-3.23286,-10.9979,0.228629,-0.105999,-0.721571,0.39986,0.734
0.735,0.20221,0,0.08287,0.000638899,0.0102974,0,-3.23289,-10.9986,0.228995,-0.1034,-0.707315,0.393499,0.735
0.736,0.20221,0,0.08287,0.000638899,0.0102974,0,-3.23293,-10.9993,0.229354,-0.100861,-0.69334,0.387237,0.736
0.737,0.20221,0,0.08287,0.000638899,0.0102974,0,-3.23296,-11.0001,0.229708,-0.098382,-0.679641,0.381072,0.737
0.738,0.20221,0,0.08287,0.000638899,0.0102974,0,-3.23299,-11.0008,0.230057,-0.0959606,-0.666213,0.375004,0.738
0.739,0.20221,0,0.08287,0.000638899,0.0102974,0,-3.23303,-11.0014,0.2304,-0.093596,-0.653051,0.369029,0.739
0.74,0.20221,0,0.08287,0.000638899,0.0102974,0,-3.23305,-11.0021,0.230738,-0.0912868,-0.640148,0.363148,0.74
0.741,0.20221,0,0.08287,0.000638899,0.0102974,0,-3.23308,-11.0028,0.23107,-0.0890317,-0.627501,0.357359,0.741
0.742,0.20221,0,0.08287,0.000638899,0.0102974,0,-3.23311,-11.0034,0.231398,-0.0868296,-0.615103,0.35166,0.742
0.743,0.20221,0,0.08287,0.000638899,0.0102974,0,-3.23313,-11.0041,0.23172,-0.0846792,-0.60295,0.34605,0.743
0.744,0.20221,0,0.08287,0.000638899,0.0102974,0,-3.23316,-11.0047,0.232037,-0.0825793,-0.591038,0.340528,0.744
0.745,0.20221,0,0.08287,0.000638899,0.0102974,0,-3.23318,-11.0053,0.23235,-0.0805288,-0.579361,0.335092,0.745
0.746,0.20221,0,0.08287,0.000638899,0.0102974,0,-3.2332,-11.0059,0.232657,-0.0785266,-0.567914,0.329741,0.746
0.747,0.20221,0,0.08287,0.000638899,0.0102974,0,-3.23322,-11.0065,0.23296,-0.0765715,-0.556694,0.324474,0.747
0.748,0.20221,0,0.08287,0.000638899,0.0102974,0,-3.23324,-11.007,0.233258,-0.0746626,-0.545695,0.319289,0.748
0.749,0.20221,0,0.08287,0.000638899,0.0102974,0,-3.23326,-11.0076,0.233551,-0.0727987,-0.534914,0.314185,0.749
0.75,0.20221,0,0.08287,0.000638899,0.0102974,0,-3.23328,-11.0082,0.23384,-0.0709788,-0.524346,0.309161,0.75
0.751,0.20221,0,0.08287,0.000638899,0.0102974,0,-3.2333,-11.0087,0.234125,-0.0692019,-0.513987,0.304216,0.751
0.752,0.20221,0,0.08287,0.000638899,0.0102974,0,-3.23331,-11.0092,0.234404,-0.0674671,-0.503832,0.299348,0.752
0.753,0.20221,0,0.08287,0.000638899,0.0102974,0,-3.23333,-11.0097,0.23468,-0.0657733,-0.493878,0.294557,0.753
0.754,0.20221,0,0.08287,0.000638899,0.0102974,0,-3.23334,-11.0103,0.234951,-0.0641197,-0.484121,0.289841,0.754
0.755,0.20221,0,0.08287,0.000638899,0.0102974,0,-3.23335,-11.0108,0.235218,-0.0625053,-0.474556,0.285199,0.755
0.756,0.20221,0,0.08287,0.000638899,0.0102974,0,-3.23337,-11.0112,0.235481,-0.0609293,-0.465181,0.28063,0.756
0.757,0.20221,0,0.08287,0.000638899,0.0102974,0,-3.23338,-11.0117,0.23574,-0.0593906,-0.455991,0.276132,0.757
0.758,0.20221,0,0.08287,0.000638899,0.0102974,0,-3.23339,-11.0122,0.235994,-0.0578886,-0.446982,0.271706,0.758
0.759,0.20221,0,0.08287,0.000638899,0.0102974,0,-3.2334,-11.0127,0.236245,-0.0564223,-0.438151,0.267348,0.759
0.76,0.20221,0,0.08287,0.000638899,0.0102974,0,-3.23341,-11.0131,0.236492,-0.0549909,-0.429495,0.26306,0.76
0.761,0.20221,0,0.08287,0.000638899,0.0102974,0,-3.23342,-11.0136,0.236735,-0.0535937,-0.42101,0.258839,0.761
0.762,0.20221,0,0.08287,0.000638899,0.0102974,0,-3.23342,-11.014,0.236974,-0.0522298,-0.412693,0.254684,0.762
0.763,0.20221,0,0.08287,0.000638899,0.0102974,0,-3.23343,-11.0144,0.237209,-0.0508985,-0.40454,0.250595,0.763
0.764,0.20221,0,0.08287,0.000638899,0.0102974,0,-3.23344,-11.0148,0.237441,-0.049599,-0.396548,0.24657,0.764
0.765,0.20221,0,0.08287,0.000638899,0.0102974,0,-3.23344,-11.0152,0.237669,-0.0483306,-0.388714,0.242609,0.765
0.766,0.20221,0,0.08287,0.000638899,0.0102974,0,-3.23345,-11.0156,0.237893,-0.0470926,-0.381034,0.23871,0.766
0.767,0.20221,0,0.08287,0.000638899,0.0102974,0,-3.23345,-11.016,0.238114,-0.0458843,-0.373507,0.234873,0.767
0.768,0.20221,0,0.08287,0.000638899,0.0102974,0,-3.23346,-11.0164,0.238332,-0.044705,-0.366128,0.231096,0.768
0.769,0.20221,0,0.08287,0.000638899,0.0102974,0,-3.23346,-11.0168,0.238546,-0.043554,-0.358895,0.227379,0.769
0.77,0.20221,0,0.08287,0.000638899,0.0102974,0,-3.23347,-11.0172,0.238756,-0.0424307,-0.351805,0.22372,0.77
0.771,0.20221,0,0.08287,0.000638899,0.0102974,0,-3.23347,-11.0175,0.238964,-0.0413345,-0.344855,0.220119,0.771
0.772,0.20221,0,0.08287,0.000638899,0.0102974,0,-3.23347,-11.0179,0.239168,-0.0402646,-0.338042,0.216576,0.772
0.773,0.20221,0,0.08287,0.000638899,0.0102974,0,-3.23347,-11.0182,0.239369,-0.0392206,-0.331364,0.213088,0.773
0.774,0.20221,0,0.08287,0.000638899,0.0102974,0,-3.23347,-11.0186,0.239566,-0.0382018,-0.324818,0.209655,0.774
0.775,0.20221,0,0.08287,0.000638899,0.0102974,0,-3.23348,-11.0189,0.239761,-0.0372076,-0.318402,0.206277,0.775
0.776,0.20221,0,0.08287,0.000638899,0.0102974,0,-3.23348,-11.0193,0.239952,-0.0362374,-0.312112,0.202952,0.776
0.777,0.20221,0,0.08287,0.000638899,0.0102974,0,-3.23348,-11.0196,0.240141,-0.0352908,-0.305946,0.19968,0.777
0.778,0.20221,0,0.08287,0.000638899,0.0102974,0,-3.23348,-11.0199,0.240326,-0.0343671,-0.299902,0.19646,0.778
0.779,0.20221,0,0.08287,0.000638899,0.0102974,0,-3.23348,-11.0202,0.240509,-0.0334658,-0.293978,0.193291,0.779
0.78,0.20221,0,0.08287,0.000638899,0.0102974,0,-3.23347,-11.0205,0.240689,-0.0325864,-0.288171,0.190172,0.78
0.781,0.20221,0,0.08287,0.000638899,0.0102974,0,-3.23347,-11.0208,0.240866,-0.0317284,-0.282478,0.187102,0.781
0.782,0.20221,0,0.08287,0.000638899,0.0102974,0,-3.23347,-11.0211,0.24104,-0.0308913,-0.276898,0.184082,0.782
0.783,0.20221,0,0.08287,0.000638899,0.0102974,0,-3.23347,-11.0214,0.241211,-0.0300747,-0.271428,0.181109,0.783
0.784,0.20221,0,0.08287,0.000638899,0.0102974,0,-3.23347,-11.0217,0.24138,-0.0292779,-0.266067,0.178183,0.784
0.785,0.20221,0,0.08287,0.000638899,0.0102974,0,-3.23347,-11.0219,0.241546,-0.0285006,-0.260811,0.175304,0.785
0.786,0.20221,0,0.08287,0.000638899,0.0102974,0,-3.23346,-11.0222,0.241709,-0.0277424,-0.255659,0.172471,0.786
0.787,0.20221,0,0.08287,0.000638899,0.0102974,0,-3.23346,-11.0225,0.24187,-0.0270027,-0.250609,0.169682,0.787
0.788,0.20221,0,0.08287,0.000638899,0.0102974,0,-3.23346,-11.0227,0.242028,-0.0262811,-0.245658,0.166938,0.788
0.789,0.20221,0,0.08287,0.000638899,0.0102974,0,-3.23345,-11.023,0.242183,-0.0255773,-0.240806,0.164238,0.789
0.79,0.20221,0,0.08287,0.000638899,0.0102974,0,-3.23345,-11.0232,0.242337,-0.0248908,-0.236049,0.161581,0.79
0.791,0.20221,0,0.08287,0.000638899,0.0102974,0,-3.23345,-11.0235,0.242487,-0.0242211,-0.231386,0.158965,0.791
0.792,0.20221,0,0.08287,0.000638899,0.0102974,0,-3.23344,-11.0237,0.242636,-0.023568,-0.226816,0.156392,0.792
0.793,0.20221,0,0.08287,0.000638899,0.0102974,0,-3.23344,-11.024,0.242782,-0.022931,-0.222336,0.15386,0.793
0.794,0.20221,0,0.08287,0.000638899,0.0102974,0,-3.23343,-11.0242,0.242926,-0.0223097,-0.217944,0.151367,0.794
0.795,0.20221,0,0.08287,0.000638899,0.0102974,0,-3.23343,-11.0244,0.243067,-0.0217038,-0.213639,0.148915,0.795
0.796,0.20221,0,0.08287,0.000638899,0.0102974,0,-3.23342,-11.0246,0.243206,-0.0211129,-0.209419,0.146502,0.796
0.797,0.20221,0,0.08287,0.000638899,0.0102974,0,-3.23342,-11.0249,0.243343,-0.0205366,-0.205283,0.144127,0.797
0.798,0.20221,0,0.08287,0.000638899,0.0102974,0,-3.23341,-11.0251,0.243478,-0.0199747,-0.201228,0.14179,0.798
0.799,0.20221,0,0.08287,0.000638899,0.0102974,0,-3.23341,-11.0253,0.243611,-0.0194267,-0.197253,0.139491,0.799
0.8,0.20221,0,0.08287,0.000638899,0.0102974,0,-3.2334,-11.0255,0.243741,-0.0188923,-0.193357,0.137228,0.8
0.801,0.20221,0,0.08287,0.000638899,0.0102974,0,-3.2334,-11.0257,0.24387,-0.0183713,-0.189538,0.135001,0.801
0.802,0.20221,0,0.08287,0.000638899,0.0102974,0,-3.23339,-11.0259,0.243996,-0.0178633,-0.185794,0.13281,0.802
0.803,0.20221,0,0.08287,0.000638899,0.0102974,0,-3.23338,-11.0261,0.244121,-0.017368,-0.182124,0.130654,0.803
0.804,0.20221,0,0.08287,0.000638899,0.0102974,0,-3.23338,-11.0263,0.244243,-0.0168851,-0.178527,0.128532,0.804
0.805,0.20221,0,0.08287,0.000638899,0.0102974,0,-3.23337,-11.0265,0.244364,-0.0164143,-0.175001,0.126445,0.805
0.806,0.20221,0,0.08287,0.000638899,0.0102974,0,-3.23337,-11.0266,0.244482,-0.0159553,-0.171545,0.12439,0.806
0.807,0.20221,0,0.08287,0.000638899,0.0102974,0,-3.23336,-11.0268,0.244599,-0.0155079,-0.168156,0.122369,0.807
0.808,0.20221,0,0.08287,0.000638899,0.0102974,0,-3.23335,-11.027,0.244714,-0.0150717,-0.164835,0.12038,0.808
0.809,0.20221,0,0.08287,0.000638899,0.0102974,0,-3.23335,-11.0272,0.244827,-0.0146465,-0.16158,0.118423,0.809
0.81,0.20221,0,0.08287,0.000638899,0.0102974,0,-3.23334,-11.0273,0.244938,-0.0142321,-0.158388,0.116497,0.81
0.811,0.20221,0,0.08287,0.000638899,0.0102974,0,-3.23333,-11.0275,0.245047,-0.0138281,-0.15526,0.114602,0.811
0.812,0.20221,0,0.08287,0.000638899,0.0102974,0,-3.23333,-11.0277,0.245155,-0.0134344,-0.152194,0.112737,0.812
0.813,0.20221,0,0.08287,0.000638899,0.0102974,0,-3.23332,-11.0278,0.245261,-0.0130507,-0.149188,0.110903,0.813
0.814,0.20221,0,0.08287,0.000638899,0.0102974,0,-3.23331,-11.028,0.245365,-0.0126767,-0.146241,0.109097,0.814
0.815,0.20221,0,0.08287,0.000638899,0.0102974,0,-3.23331,-11.0281,0.245468,-0.0123122,-0.143353,0.107321,0.815
0.816,0.20221,0,0.08287,0.000638899,0.0102974,0,-3.2333,-11.0283,0.245568,-0.011957,-0.140522,0.105573,0.816
0.817,0.20221,0,0.08287,0.000638899,0.0102974,0,-3.23329,-11.0284,0.245668,-0.0116109,-0.137746,0.103854,0.817
0.818,0.20221,0,0.08287,0.000638899,0.0102974,0,-3.23328,-11.0286,0.245765,-0.0112737,-0.135026,0.102161,0.818
0.819,0.20221,0,0.08287,0.000638899,0.0102974,0,-3.23328,-11.0287,0.245862,-0.010945,-0.132359,0.100496,0.819
0.82,0.20221,0,0.08287,0.000638899,0.0102974,0,-3.23327,-11.0288,0.245956,-0.0106249,-0.129745,0.0988583,0.82
0.821,0.20221,0,0.08287,0.000638899,0.0102974,0,-3.23326,-11.029,0.246049,-0.0103129,-0.127183,0.0972465,0.821
0.822,0.20221,0,0.08287,0.000638899,0.0102974,0,-3.23326,-11.0291,0.246141,-0.010009,-0.124671,0.0956606,0.822
0.823,0.20221,0,0.08287,0.000638899,0.0102974,0,-3.23325,-11.0292,0.246231,-0.0097129,-0.122209,0.0941002,0.823
0.824,0.20221,0,0.08287,0.000638899,0.0102974,0,-3.23324,-11.0294,0.24632,-0.00942447,-0.119796,0.0925649,0.824
0.825,0.20221,0,0.08287,0.000638899,0.0102974,0,-3.23323,-11.0295,0.246407,-0.0091435,-0.11743,0.0910543,0.825
0.826,0.20221,0,0.08287,0.000638899,0.0102974,0,-3.23323,-11.0296,0.246493,-0.00886982,-0.115111,0.0895681,0.826
0.827,0.20221,0,0.08287,0.000638899,0.0102974,0,-3.23322,-11.0297,0.246577,-0.00860325,-0.112837,0.0881057,0.827
0.828,0.20221,0,0.08287,0.000638899,0.0102974,0,-3.23321,-11.0298,0.246661,-0.00834361,-0.110609,0.086667,0.828
0.829,0.20221,0,0.08287,0.000638899,0.0102974,0,-3.2332,-11.03,0.246742,-0.00809075,-0.108425,0.0852514,0.829
0.83,0.20221,0,0.08287,0.000638899,0.0102974,0,-3.2332,-11.0301,0.246823,-0.0078445,-0.106284,0.0838586,0.83
0.831,0.20221,0,0.08287,0.000638899,0.0102974,0,-3.23319,-11.0302,0.246902,-0.00760469,-0.104185,0.0824883,0.831
0.832,0.20221,0,0.08287,0.000638899,0.0102974,0,-3.23318,-11.0303,0.24698,-0.00737116,-0.102127,0.08114,0.832
0.833,0.20221,0,0.08287,0.000638899,0.0102974,0,-3.23318,-11.0304,0.247057,-0.00714378,-0.100111,0.0798136,0.833
0.834,0.20221,0,0.08287,0.000638899,0.0102974,0,-3.23317,-11.0305,0.247132,-0.00692239,-0.0981337,0.0785085,0.834
0.835,0.20221,0,0.08287,0.000638899,0.0102974,0,-3.23316,-11.0306,0.247206,-0.00670683,-0.0961958,0.0772245,0.835
0.836,0.20221,0,0.08287,0.000638899,0.0102974,0,-3.23315,-11.0307,0.247279,-0.00649698,-0.0942962,0.0759612,0.836
0.837,0.20221,0,0.08287,0.000638899,0.0102974,0,-3.23315,-11.0308,0.247351,-0.00629268,-0.0924341,0.0747183,0.837
0.838,0.20221,0,0.08287,0.000638899,0.0102974,0,-3.23314,-11.0309,0.247422,-0.00609381,-0.0906089,0.0734955,0.838
0.839,0.20221,0,0.08287,0.000638899,0.0102974,0,-3.23313,-11.031,0.247491,-0.00590024,-0.0888196,0.0722925,0.839
0.84,0.20221,0,0.08287,0.000638899,0.0102974,0,-3.23312,-11.0311,0.24756,-0.00571182,-0.0870658,0.0711089,0.84
0.841,0.20221,0,0.08287,0.000638899,0.0102974,0,-3.23312,-11.0312,0.247627,-0.00552844,-0.0853465,0.0699445,0.841
0.842,0.20221,0,0.08287,0.000638899,0.0102974,0,-3.23311,-11.0313,0.247693,-0.00534997,-0.0836612,0.0687988,0.842
0.843,0.20221,0,0.08287,0.000638899,0.0102974,0,-3.2331,-11.0314,0.247759,-0.00517629,-0.0820093,0.0676717,0.843
0.844,0.20221,0,0.08287,0.000638899,0.0102974,0,-3.2331,-11.0314,0.247823,-0.00500729,-0.0803899,0.0665629,0.844
0.845,0.20221,0,0.08287,0.000638899,0.0102974,0,-3.23309,-11.0315,0.247886,-0.00484285,-0.0788026,0.0654719,0.845
0.846,0.20221,0,0.08287,0.000638899,0.0102974,0,-3.23308,-11.0316,0.247948,-0.00468285,-0.0772465,0.0643987,0.846
0.847,0.20221,0,0.08287,0.000638899,0.0102974,0,-3.23307,-11.0317,0.248009,-0.00452718,-0.0757213,0.0633428,0.847
0.848,0.20221,0,0.08287,0.000638899,0.0102974,0,-3.23307,-11.0318,0.248069,-0.00437575,-0.0742261,0.062304,0.848
0.849,0.20221,0,0.08287,0.000638899,0.0102974,0,-3.23306,-11.0318,0.248128,-0.00422843,-0.0727605,0.0612821,0.849
0.85,0.20221,0,0.08287,0.000638899,0.0102974,0,-3.23305,-11.0319,0.248186,-0.00408514,-0.0713239,0.0602767,0.85
0.851,0.20221,0,0.08287,0.000638899,0.0102974,0,-3.23305,-11.032,0.248244,-0.00394577,-0.0699156,0.0592876,0.851
0.852,0.20221,0,0.08287,0.000638899,0.0102974,0,-3.23304,-11.0321,0.2483,-0.00381023,-0.0685351,0.0583146,0.852
0.853,0.20221,0,0.08287,0.000638899,0.0102974,0,-3.23303,-11.0321,0.248355,-0.00367842,-0.0671819,0.0573573,0.853
0.854,0.20221,0,0.08287,0.000638899,0.0102974,0,-3.23303,-11.0322,0.24841,-0.00355024,-0.0658554,0.0564156,0.854
0.855,0.20221,0,0.08287,0.000638899,0.0102974,0,-3.23302,-11.0323,0.248463,-0.0034256,-0.0645552,0.0554891,0.855
0.856,0.20221,0,0.08287,0.000638899,0.0102974,0,-3.23301,-11.0323,0.248516,-0.00330442,-0.0632806,0.0545777,0.856
0.857,0.20221,0,0.08287,0.000638899,0.0102974,0,-3.23301,-11.0324,0.248568,-0.00318662,-0.0620312,0.053681,0.857
0.858,0.20221,0,0.08287,0.000638899,0.0102974,0,-3.233,-11.0325,0.248619,-0.0030721,-0.0608064,0.052799,0.858
0.859,0.20221,0,0.08287,0.000638899,0.0102974,0,-3.23299,-11.0325,0.248669,-0.00296078,-0.0596059,0.0519312,0.859
0.86,0.20221,0,0.08287,0.000638899,0.0102974,0,-3.23299,-11.0326,0.248719,-0.00285258,-0.0584291,0.0510776,0.86
0.861,0.20221,0,0.08287,0.000638899,0.0102974,0,-3.23298,-11.0327,0.248767,-0.00274743,-0.0572755,0.0502378,0.861
0.862,0.20221,0,0.08287,0.000638899,0.0102974,0,-3.23297,-11.0327,0.248815,-0.00264524,-0.0561447,0.0494117,0.862
0.863,0.20221,0,0.08287,0.000638899,0.0102974,0,-3.23297,-11.0328,0.248862,-0.00254595,-0.0550362,0.048599,0.863
0.864,0.20221,0,0.08287,0.000638899,0.0102974,0,-3.23296,-11.0328,0.248908,-0.00244948,-0.0539496,0.0477995,0.864
0.865,0.20221,0,0.08287,0.000638899,0.0102974,0,-3.23296,-11.0329,0.248954,-0.00235575,-0.0528845,0.0470131,0.865
0.866,0.20221,0,0.08287,0.000638899,0.0102974,0,-3.23295,-11.033,0.248999,-0.0022647,-0.0518404,0.0462394,0.866
0.867,0.20221,0,0.08287,0.000638899,0.0102974,0,-3.23294,-11.033,0.249043,-0.00217627,-0.050817,0.0454783,0.867
0.868,0.20221,0,0.08287,0.000638899,0.0102974,0,-3.23294,-11.0331,0.249086,-0.00209037,-0.0498137,0.0447296,0.868
0.869,0.20221,0,0.08287,0.000638899,0.0102974,0,-3.23293,-11.0331,0.249129,-0.00200696,-0.0488303,0.0439931,0.869
0.87,0.20221,0,0.08287,0.000638899,0.0102974,0,-3.23292,-11.0332,0.249171,-0.00192596,-0.0478663,0.0432686,0.87
0.871,0.20221,0,0.08287,0.000638899,0.0102974,0,-3.23292,-11.0332,0.249212,-0.00184731,-0.0469213,0.0425559,0.871
0.872,0.20221,0,0.08287,0.000638899,0.0102974,0,-3.23291,-11.0333,0.249252,-0.00177096,-0.045995,0.0418548,0.872
0.873,0.20221,0,0.08287,0.000638899,0.0102974,0,-3.23291,-11.0333,0.249292,-0.00169684,-0.045087,0.0411651,0.873
0.874,0.20221,0,0.08287,0.000638899,0.0102974,0,-3.2329,-11.0334,0.249332,-0.0016249,-0.044197,0.0404867,0.874
0.875,0.20221,0,0.08287,0.000638899,0.0102974,0,-3.2329,-11.0334,0.24937,-0.00155507,-0.0433245,0.0398193,0.875
0.876,0.20221,0,0.08287,0.000638899,0.0102974,0,-3.23289,-11.0335,0.249408,-0.00148732,-0.0424692,0.0391628,0.876
0.877,0.20221,0,0.08287,0.000638899,0.0102974,0,-3.23288,-11.0335,0.249446,-0.00142158,-0.0416308,0.0385171,0.877
0.878,0.20221,0,0.08287,0.000638899,0.0102974,0,-3.23288,-11.0335,0.249482,-0.0013578,-0.040809,0.0378818,0.878
0.879,0.20221,0,0.08287,0.000638899,0.0102974,0,-3.23287,-11.0336,0.249519,-0.00129592,-0.0400034,0.0372569,0.879
0.88,0.20221,0,0.08287,0.000638899,0.0102974,0,-3.23287,-11.0336,0.249554,-0.00123591,-0.0392137,0.0366423,0.88
0.881,0.20221,0,0.08287,0.000638899,0.0102974,0,-3.23286,-11.0337,0.249589,-0.00117771,-0.0384396,0.0360376,0.881
0.882,0.20221,0,0.08287,0.000638899,0.0102974,0,-3.23286,-11.0337,0.249624,-0.00112128,-0.0376808,0.0354429,0.882
0.883,0.20221,0,0.08287,0.000638899,0.0102974,0,-3.23285,-11.0337,0.249658,-0.00106656,-0.036937,0.0348578,0.883
0.884,0.20221,0,0.08287,0.000638899,0.0102974,0,-3.23285,-11.0338,0.249691,-0.00101352,-0.0362079,0.0342823,0.884
0.885,0.20221,0,0.08287,0.000638899,0.0102974,0,-3.23284,-11.0338,0.249724,-0.000962106,-0.0354932,0.0337162,0.885
0.886,0.20221,0,0.08287,0.000638899,0.0102974,0,-3.23284,-11.0339,0.249756,-0.00091228,-0.0347925,0.0331594,0.886
0.887,0.20221,0,0.08287,0.000638899,0.0102974,0,-3.23283,-11.0339,0.249788,-0.000863998,-0.0341058,0.0326117,0.887
0.888,0.20221,0,0.08287,0.000638899,0.0102974,0,-3.23283,-11.0339,0.249819,-0.00081722,-0.0334326,0.0320729,0.888
0.889,0.20221,0,0.08287,0.000638899,0.0102974,0,-3.23282,-11.034,0.24985,-0.000771907,-0.0327726,0.0315429,0.889
0.89,0.20221,0,0.08287,0.000638899,0.0102974,0,-3.23282,-11.034,0.24988,-0.00072802,-0.0321257,0.0310216,0.89
0.891,0.20221,0,0.08287,0.000638899,0.0102974,0,-3.23281,-11.034,0.24991,-0.00068552,-0.0314916,0.0305088,0.891
0.892,0.20221,0,0.08287,0.000638899,0.0102974,0,-3.23281,-11.0341,0.249939,-0.000644371,-0.03087,0.0300045,0.892
0.893,0.20221,0,0.08287,0.000638899,0.0102974,0,-3.2328,-11.0341,0.249968,-0.000604537,-0.0302607,0.0295084,0.893
0.894,0.20221,0,0.08287,0.000638899,0.0102974,0,-3.2328,-11.0341,0.249996,-0.000565983,-0.0296634,0.0290204,0.894
0.895,0.20221,0,0.08287,0.000638899,0.0102974,0,-3.23279,-11.0342,0.250024,-0.000528674,-0.0290779,0.0285404,0.895
0.896,0.20221,0,0.08287,0.000638899,0.0102974,0,-3.23279,-11.0342,0.250051,-0.000492576,-0.028504,0.0280682,0.896
0.897,0.20221,0,0.08287,0.000638899,0.0102974,0,-3.23278,-11.0342,0.250078,-0.000457658,-0.0279414,0.0276038,0.897
0.898,0.20221,0,0.08287,0.000638899,0.0102974,0,-3.23278,-11.0343,0.250104,-0.000423888,-0.0273899,0.027147,0.898
0.899,0.20221,0,0.08287,0.000638899,0.0102974,0,-3.23277,-11.0343,0.25013,-0.000391234,-0.0268493,0.0266977,0.899
0.9,0.20221,0,0.08287,0.000638899,0.0102974,0,-3.23277,-11.0343,0.250156,-0.000359666,-0.0263194,0.0262557,0.9
0.901,0.20221,0,0.08287,0.000638899,0.0102974,0,-3.23276,-11.0343,0.250181,-0.000329155,-0.0257999,0.025821,0.901
0.902,0.20221,0,0.08287,0.000638899,0.0102974,0,-3.23276,-11.0344,0.250206,-0.000299672,-0.0252907,0.0253935,0.902
0.903,0.20221,0,0.08287,0.000638899,0.0102974,0,-3.23275,-11.0344,0.25023,-0.000271188,-0.0247916,0.0249729,0.903
0.904,0.20221,0,0.08287,0.000638899,0.0102974,0,-3.23275,-11.0344,0.250254,-0.000243677,-0.0243023,0.0245592,0.904
0.905,0.20221,0,0.08287,0.000638899,0.0102974,0,-3.23275,-11.0344,0.250278,-0.000217112,-0.0238226,0.0241524,0.905
0.906,0.20221,0,0.08287,0.000638899,0.0102974,0,-3.23274,-11.0345,0.250301,-0.000191467,-0.0233525,0.0237522,0.906
0.907,0.20221,0,0.08287,0.000638899,0.0102974,0,-3.23274,-11.0345,0.250324,-0.000166716,-0.0228916,0.0233585,0.907
0.908,0.20221,0,0.08287,0.000638899,0.0102974,0,-3.23273,-11.0345,0.250346,-0.000142834,-0.0224398,0.0229714,0.908
0.909,0.20221,0,0.08287,0.000638899,0.0102974,0,-3.23273,-11.0345,0.250369,-0.000119798,-0.0219969,0.0225906,0.909
0.91,0.20221,0,0.08287,0.000638899,0.0102974,0,-3.23273,-11.0346,0.25039,-9.75844e-05,-0.0215628,0.022216,0.91
0.911,0.20221,0,0.08287,0.000638899,0.0102974,0,-3.23272,-11.0346,0.250412,-7.61695e-05,-0.0211373,0.0218476,0.911
0.912,0.20221,0,0.08287,0.000638899,0.0102974,0,-3.23272,-11.0346,0.250433,-5.55313e-05,-0.0207201,0.0214853,0.912
0.913,0.20221,0,0.08287,0.000638899,0.0102974,0,-3.23271,-11.0346,0.250453,-3.5648e-05,-0.0203112,0.0211289,0.913
0.914,0.20221,0,0.08287,0.000638899,0.0102974,0,-3.23271,-11.0347,0.250474,-1.64983e-05,-0.0199104,0.0207784,0.914
0.915,0.20221,0,0.08287,0.000638899,0.0102974,0,-3.23271,-11.0347,0.250494,1.93835e-06,-0.0195175,0.0204336,0.915
0.916,0.20221,0,0.08287,0.000638899,0.0102974,0,-3.2327,-11.0347,0.250513,1.96823e-05,-0.0191323,0.0200945,0.916
0.917,0.20221,0,0.08287,0.000638899,0.0102974,0,-3.2327,-11.0347,0.250533,3.67531e-05,-0.0187547,0.019761,0.917
0.918,0.20221,0,0.08287,0.000638899,0.0102974,0,-3.23269,-11.0347,0.250552,5.317e-05,-0.0183846,0.019433,0.918
0.919,0.20221,0,0.08287,0.000638899,0.0102974,0,-3.23269,-11.0348,0.25057,6.89518e-05,-0.0180218,0.0191103,0.919
0.92,0.20221,0,0.08287,0.000638899,0.0102974,0,-3.23269,-11.0348,0.250589,8.41164e-05,-0.0176662,0.018793,0.92
0.921,0.20221,0,0.08287,0.000638899,0.0102974,0,-3.23268,-11.0348,0.250607,9.86819e-05,-0.0173176,0.0184809,0.921
0.922,0.20221,0,0.08287,0.000638899,0.0102974,0,-3.23268,-11.0348,0.250625,0.000112665,-0.0169759,0.0181739,0.922
0.923,0.20221,0,0.08287,0.000638899,0.0102974,0,-3.23268,-11.0348,0.250642,0.000126084,-0.0166409,0.017872,0.923
0.924,0.20221,0,0.08287,0.000638899,0.0102974,0,-3.23267,-11.0349,0.250659,0.000138953,-0.0163125,0.0175751,0.924
0.925,0.20221,0,0.08287,0.000638899,0.0102974,0,-3.23267,-11.0349,0.250676,0.00015129,-0.0159906,0.017283,0.925
0.926,0.20221,0,0.08287,0.000638899,0.0102974,0,-3.23267,-11.0349,0.250693,0.00016311,-0.0156751,0.0169958,0.926
0.927,0.20221,0,0.08287,0.000638899,0.0102974,0,-3.23266,-11.0349,0.250709,0.000174429,-0.0153658,0.0167133,0.927
0.928,0.20221,0,0.08287,0.000638899,0.0102974,0,-3.23266,-11.0349,0.250725,0.00018526,-0.0150626,0.0164354,0.928
0.929,0.20221,0,0.08287,0.000638899,0.0102974,0,-3.23266,-11.0349,0.250741,0.000195618,-0.0147653,0.0161622,0.929
0.93,0.20221,0,0.08287,0.000638899,0.0102974,0,-3.23265,-11.035,0.250757,0.000205518,-0.014474,0.0158934,0.93
0.931,0.20221,0,0.08287,0.000638899,0.0102974,0,-3.23265,-11.035,0.250772,0.000214972,-0.0141884,0.0156291,0.931
0.932,0.20221,0,0.08287,0.000638899,0.0102974,0,-3.23265,-11.035,0.250787,0.000223995,-0.0139084,0.0153691,0.932
0.933,0.20221,0,0.08287,0.000638899,0.0102974,0,-3.23264,-11.035,0.250802,0.0002326,-0.013634,0.0151134,0.933
0.934,0.20221,0,0.08287,0.000638899,0.0102974,0,-3.23264,-11.035,0.250817,0.000240799,-0.013365,0.0148619,0.934
0.935,0.20221,0,0.08287,0.000638899,0.0102974,0,-3.23264,-11.035,0.250831,0.000248604,-0.0131013,0.0146146,0.935
0.936,0.20221,0,0.08287,0.000638899,0.0102974,0,-3.23264,-11.035,0.250845,0.000256027,-0.0128428,0.0143714,0.936
0.937,0.20221,0,0.08287,0.000638899,0.0102974,0,-3.23263,-11.0351,0.250859,0.00026308,-0.0125894,0.0141322,0.937
0.938,0.20221,0,0.08287,0.000638899,0.0102974,0,-3.23263,-11.0351,0.250873,0.000269775,-0.012341,0.0138969,0.938
0.939,0.20221,0,0.08287,0.000638899,0.0102974,0,-3.23263,-11.0351,0.250886,0.000276122,-0.0120975,0.0136655,0.939
0.94,0.20221,0,0.08287,0.000638899,0.0102974,0,-3.23262,-11.0351,0.250899,0.000282132,-0.0118588,0.0134379,0.94
0.941,0.20221,0,0.08287,0.000638899,0.0102974,0,-3.23262,-11.0351,0.250912,0.000287816,-0.0116248,0.0132141,0.941
0.942,0.20221,0,0.08287,0.000638899,0.0102974,0,-3.23262,-11.0351,0.250925,0.000293184,-0.0113955,0.012994,0.942
0.943,0.20221,0,0.08287,0.000638899,0.0102974,0,-3.23262,-11.0351,0.250938,0.000298246,-0.0111707,0.0127776,0.943
0.944,0.20221,0,0.08287,0.000638899,0.0102974,0,-3.23261,-11.0351,0.25095,0.000303012,-0.0109503,0.0125647,0.944
0.945,0.20221,0,0.08287,0.000638899,0.0102974,0,-3.23261,-11.0352,0.250962,0.00030749,-0.0107342,0.0123553,0.945
0.946,0.20221,0,0.08287,0.000638899,0.0102974,0,-3.23261,-11.0352,0.250974,0.000311691,-0.0105225,0.0121494,0.946
0.947,0.20221,0,0.08287,0.000638899,0.0102974,0,-3.23261,-11.0352,0.250986,0.000315623,-0.0103149,0.0119469,0.947
0.948,0.20221,0,0.08287,0.000638899,0.0102974,0,-3.2326,-11.0352,0.250997,0.000319294,-0.0101114,0.0117477,0.948
0.949,0.20221,0,0.08287,0.000638899,0.0102974,0,-3.2326,-11.0352,0.251009,0.000322714,-0.00991188,0.0115518,0.949
0.95,0.20221,0,0.08287,0.000638899,0.0102974,0,-3.2326,-11.0352,0.25102,0.000325891,-0.00971634,0.0113592,0.95
0.951,0.20221,0,0.08287,0.000638899,0.0102974,0,-3.2326,-11.0352,0.251031,0.000328831,-0.00952465,0.0111698,0.951
0.952,0.20221,0,0.08287,0.000638899,0.0102974,0,-3.23259,-11.0352,0.251042,0.000331545,-0.00933675,0.0109835,0.952
0.953,0.20221,0,0.08287,0.000638899,0.0102974,0,-3.23259,-11.0352,0.251052,0.000334038,-0.00915256,0.0108003,0.953
0.954,0.20221,0,0.08287,0.000638899,0.0102974,0,-3.23259,-11.0352,0.251063,0.000336318,-0.008972,0.0106201,0.954
0.955,0.20221,0,0.08287,0.000638899,0.0102974,0,-3.23259,-11.0353,0.251073,0.000338393,-0.00879501,0.0104429,0.955
0.956,0.20221,0,0.08287,0.000638899,0.0102974,0,-3.23258,-11.0353,0.251083,0.000340269,-0.00862151,0.0102686,0.956
0.957,0.20221,0,0.08287,0.000638899,0.0102974,0,-3.23258,-11.0353,0.251093,0.000341953,-0.00845143,0.0100972,0.957
0.958,0.20221,0,0.08287,0.000638899,0.0102974,0,-3.23258,-11.0353,0.251103,0.000343452,-0.00828471,0.00992868,0.958
0.959,0.20221,0,0.08287,0.000638899,0.0102974,0,-3.23258,-11.0353,0.251113,0.000344772,-0.00812128,0.00976292,0.959
0.96,0.20221,0,0.08287,0.000638899,0.0102974,0,-3.23257,-11.0353,0.251122,0.00034592,-0.00796108,0.00959992,0.96
0.961,0.20221,0,0.08287,0.000638899,0.0102974,0,-3.23257,-11.0353,0.251131,0.000346901,-0.00780404,0.00943961,0.961
0.962,0.20221,0,0.08287,0.000638899,0.0102974,0,-3.23257,-11.0353,0.251141,0.000347722,-0.00765009,0.00928197,0.962
0.963,0.20221,0,0.0752971,0.00821176,0.0102974,0,-3.23257,-11.0353,0.25115,0.000348388,-0.00749919,0.00912693,0.963
0.964,0.20221,0,0.0613614,0.0221475,0.0102974,0,-3.23257,-11.0353,0.251158,5.64457,-0.0573528,-0.931729,0.964
0.965,0.20221,0,0.0472367,0.0364237,0.0102974,0,-3.2271,-11.0353,0.250207,18.9982,-0.175503,-3.15748,0.965
0.966,0.20221,0,0.0350125,0.049078,0.0102974,0,-3.20872,-11.0353,0.246985,36.5507,-0.321277,-6.08272,0.966
0.967,0.20221,0,0.0250693,0.0597339,0.0102974,0,-3.17336,-11.0353,0.24078,54.8773,-0.451243,-9.136,0.967
0.968,0.20221,0,0.0171529,0.0686074,0.0102974,0,-3.12027,-11.0353,0.23146,71.8576,-0.539505,-11.9634,0.968
0.969,0.20221,0,0.0111434,0.0757729,0.0102974,0,-3.05074,-11.0351,0.21926,86.5453,-0.57637,-14.4068,0.969
0.97,0.201988,0.000221927,0.00716843,0.0810623,0.0102974,0,-2.96701,-11.035,0.204571,98.5276,-0.560489,-16.3974,0.97
0.971,0.201116,0.00109399,0.00540223,0.084263,0.0102974,0,-2.87168,-11.0347,0.187858,107.494,-0.283379,-17.8835,0.971
0.972,0.200084,0.00213008,0.00598415,0.0851951,0.0102974,0,-2.76767,-11.0341,0.169646,113.154,0.76757,-18.8171,0.972
0.973,0.19908,0.00315672,0.00798423,0.0847444,0.0102974,0,-2.65818,-11.0324,0.150534,115.273,2.39603,-19.1593,0.973
0.974,0.198156,0.00412309,0.0106741,0.0835923,0.0102974,0,-2.54661,-11.0291,0.131148,114.437,4.31322,-19.0085,0.974
0.975,0.197315,0.00502634,0.0136684,0.0820956,0.0102974,0,-2.43584,-11.0239,0.111997,111.51,6.30512,-18.5097,0.975
0.976,0.196551,0.00587115,0.016762,0.080446,0.0102974,0,-2.32788,-11.0169,0.0934291,107.253,8.24999,-17.79,0.976
0.977,0.195881,0.0066393,0.0198449,0.0787471,0.0102974,0,-2.22402,-11.0079,0.0756614,102.23,10.0862,-16.9441,0.977
0.978,0.195326,0.00730763,0.0228588,0.0770554,0.0102974,0,-2.12501,-10.9972,0.0588115,96.8301,11.7642,-16.0368,0.978
0.979,0.194907,0.00785277,0.0257733,0.0754014,0.0102974,0,-2.03121,-10.9848,0.0429303,91.3072,13.2372,-15.1108,0.979
0.98,0.194644,0.00825356,0.0285734,0.0738015,0.0102974,0,-1.94274,-10.971,0.0280251,85.8212,14.4605,-14.1924,0.98
0.981,0.194552,0.00849168,0.0312532,0.0722637,0.0102974,0,-1.85958,-10.9561,0.0140761,80.4688,15.3936,-13.2978,0.981
0.982,0.194644,0.00855112,0.0338113,0.0707915,0.0102974,0,-1.78158,-10.9403,0.0010474,75.3056,16.001,-12.436,0.982
0.983,0.194873,0.00847492,0.0362494,0.0693856,0.0102974,0,-1.70858,-10.9239,-0.011106,70.3613,16.2534,-11.6117,0.983
0.984,0.195163,0.00833618,0.0385708,0.0680455,0.0102974,0,-1.64037,-10.9073,-0.0224331,65.6488,16.1802,-10.8269,0.984
0.985,0.195476,0.0081705,0.0407794,0.0667693,0.0102974,0,-1.57672,-10.8908,-0.032983,61.1709,15.8714,-10.0818,0.985
0.986,0.195792,0.0079957,0.0428797,0.065555,0.0102974,0,-1.5174,-10.8747,-0.0428011,56.9244,15.4119,-9.37575,0.986
0.987,0.196101,0.00782063,0.0448764,0.0644001,0.0102974,0,-1.4622,-10.859,-0.0519294,52.9032,14.8663,-8.70747,0.987
0.988,0.196401,0.00764961,0.0467743,0.063302,0.0102974,0,-1.41089,-10.844,-0.0604064,49.0992,14.2786,-8.07552,0.988
0.989,0.196688,0.00748464,0.0485778,0.0622583,0.0102974,0,-1.36327,-10.8295,-0.0682683,45.5035,13.677,-7.47834,0.989
0.99,0.199449,0.00483979,0.0657239,0.0458342,0.0102974,0,-1.31914,-10.8156,-0.0755488,42.1069,13.0787,-6.91433,0.99
0.991,0.200829,0.00356972,0.074297,0.037947,0.0102974,0,-1.27829,-10.8024,-0.0822798,27.3883,10.213,-4.46331,0.991
0.992,0.20152,0.00293468,0.0785835,0.0340034,0.0102974,0,-1.25171,-10.7921,-0.0865905,13.1287,7.42046,-2.08874,0.992
0.993,0.201865,0.00261716,0.0807267,0.0320316,0.0102974,0,-1.23895,-10.7846,-0.0885514,2.31296,5.27572,-0.288344,0.993
0.994,0.202037,0.0024584,0.0817984,0.0310457,0.0102974,0,-1.23667,-10.7793,-0.0887287,-5.0276,3.78894,0.932525,0.994
0.995,0.202124,0.00237902,0.0823342,0.0305527,0.0102974,0,-1.24151,-10.7756,-0.0876964,-9.67517,2.81368,1.7042,0.995
0.996,0.202167,0.00233933,0.0826021,0.0303062,0.0102974,0,-1.25085,-10.7728,-0.0859,-12.4563,2.19396,2.16448,0.996
0.997,0.202188,0.00231949,0.0827361,0.030183,0.0102974,0,-1.26288,-10.7707,-0.0836484,-14.0219,1.80658,2.42196,0.997
0.998,0.202199,0.00230956,0.082803,0.0301214,0.0102974,0,-1.27644,-10.7689,-0.0811431,-14.8272,1.56529,2.55257,0.998
0.999,0.202205,0.0023046,0.0828365,0.0300906,0.0102974,0,-1.29077,-10.7674,-0.0785099,-15.1705,1.41347,2.60613,0.999
0,0.202205,0.0023046,0.0828365,0.0300906,0.0102974,0,-1.30544,-10.766,-0.0758254,-15.2397,1.31547,2.61397,1
