BST,AMR,ALR,AIR,ASR,ASO,AIO,RX,RY,RZ,RXu,RYu,RZu,SST
0,0,0,0,0,0,0,0,0,0,0,0,0,0
0,0,0,0,0,0,0,0,0,0,0,0,0,0
0,0,0,0,0,0,0,0,0,0,0,0,0,0
0.001,0,0,0,0,0,0,0,0,0,0,0,0,0.001
0.002,0,0,0,0,0,0,0,0,0,0,0,0,0.002
0.003,0,0,0,0,0,0,0,0,0,0,0,0,0.003
0.004,0,0,0,0,0,0,0,0,0,0,0,0,0.004
0.005,0,0,0,0,0,0,0,0,0,0,0,0,0.005
0.006,0,0,0,0,0,0,0,0,0,0,0,0,0.006
0.007,0,0,0,0,0,0,0,0,0,0,0,0,0.007
0.008,0,0,0,0,0,0,0,0,0,0,0,0,0.008
0.009,0,0,0,0,0,0,0,0,0,0,0,0,0.009
0.01,0,0,0,0,0,0,0,0,0,0,0,0,0.01
0.011,0,0,0,0,0,0,0,0,0,0,0,0,0.011
0.012,0,0,0,0,0,0,0,0,0,0,0,0,0.012
0.013,0,0,0,0,0,0,0,0,0,0,0,0,0.013
0.014,0,0,0,0,0,0,0,0,0,0,0,0,0.014
0.015,0,0,0,0,0,0,0,0,0,0,0,0,0.015
0.016,0,0,0,0,0,0,0,0,0,0,0,0,0.016
0.017,0,0,0,0,0,0,0,0,0,0,0,0,0.017
0.018,0,0,0,0,0,0,0,0,0,0,0,0,0.018
0.019,0,0,0,0,0,0,0,0,0,0,0,0,0.019
0.02,0,0,0,0,0,0,0,0,0,0,0,0,0.02
0.021,0,0,0,0,0,0,0,0,0,0,0,0,0.021
0.022,0,0,0,0,0,0,0,0,0,0,0,0,0.022
0.023,0,0,0,0,0,0,0,0,0,0,0,0,0.023
0.024,0,0,0,0,0,0,0,0,0,0,0,0,0.024
0.025,0,0,0,0,0,0,0,0,0,0,0,0,0.025
0.026,0,0,0,0,0,0,0,0,0,0,0,0,0.026
0.027,0,0,0,0,0,0,0,0,0,0,0,0,0.027
0.028,0,0,0,0,0,0,0,0,0,0,0,0,0.028
0.029,0,0,0,0,0,0,0,0,0,0,0,0,0.029
0.03,0,0,0,0,0,0,0,0,0,0,0,0,0.03
0.031,0,0,0,0,0,0,0,0,0,0,0,0,0.031
0.032,0,0,0,0,0,0,0,0,0,0,0,0,0.032
0.033,0,0,0,0,0,0,0,0,0,0,0,0,0.033
0.034,0,0,0,0,0,0,0,0,0,0,0,0,0.034
0.035,0,0,0,0,0,0,0,0,0,0,0,0,0.035
0.036,0,0,0,0,0,0,0,0,0,0,0,0,0.036
0.037,0,0,0,0,0,0,0,0,0,0,0,0,0.037
0.038,0,0,0,0,0,0,0,0,0,0,0,0,0.038
0.039,0,0,0,0,0,0,0,0,0,0,0,0,0.039
0.04,0,0,0,0,0,0,0,0,0,0,0,0,0.04
0.041,0,0,0,0,0,0,0,0,0,0,0,0,0.041
0.042,0,0,0,0,0,0,0,0,0,0,0,0,0.042
0.043,0,0,0,0,0,0,0,0,0,0,0,0,0.043
0.044,0,0,0,0,0,0,0,0,0,0,0,0,0.044
0.045,0,0,0,0,0,0,0,0,0,0,0,0,0.045
0.046,0,0,0,0,0,0,0,0,0,0,0,0,0.046
0.047,0,0,0,0,0,0,0,0,0,0,0,0,0.047
0.048,0,0,0,0,0,0,0,0,0,0,0,0,0.048
0.049,0,0,0,0,0,0,0,0,0,0,0,0,0.049
0.05,0,0,0,0,0,0,0,0,0,0,0,0,0.05
0.051,0,0,0,0,0,0,0,0,0,0,0,0,0.051
0.052,0,0,0,0,0,0,0,0,0,0,0,0,0.052
0.053,0,0,0,0,0,0,0,0,0,0,0,0,0.053
0.054,0,0,0,0,0,0,0,0,0,0,0,0,0.054
0.055,0,0,0,0,0,0,0,0,0,0,0,0,0.055
0.056,0,0,0,0,0,0,0,0,0,0,0,0,0.056
0.057,0,0,0,0,0,0,0,0,0,0,0,0,0.057
0.058,0,0,0,0,0,0,0,0,0,0,0,0,0.058
0.059,0,0,0,0,0,0,0,0,0,0,0,0,0.059
0.06,0,0,0,0,0,0,0,0,0,0,0,0,0.06
0.061,0,0,0,0,0,0,0,0,0,0,0,0,0.061
0.062,0,0,0,0,0,0,0,0,0,0,0,0,0.062
0.063,0,0,0,0,0,0,0,0,0,0,0,0,0.063
0.064,0,0,0,0,0,0,0,0,0,0,0,0,0.064
0.065,0,0,0,0,0,0,0,0,0,0,0,0,0.065
0.066,0,0,0,0,0,0,0,0,0,0,0,0,0.066
0.067,0,0,0,0,0,0,0,0,0,0,0,0,0.067
0.068,0,0,0,0,0,0,0,0,0,0,0,0,0.068
0.069,0,0,0,0,0,0,0,0,0,0,0,0,0.069
0.07,0,0,0,0,0,0,0,0,0,0,0,0,0.07
0.071,0,0,0,0,0,0,0,0,0,0,0,0,0.071
0.072,0,0,0,0,0,0,0,0,0,0,0,0,0.072
0.073,0,0,0,0,0,0,0,0,0,0,0,0,0.073
0.074,0,0,0,0,0,0,0,0,0,0,0,0,0.074
0.075,0,0,0,0,0,0,0,0,0,0,0,0,0.075
0.076,0,0,0,0,0,0,0,0,0,0,0,0,0.076
0.077,0,0,0,0,0,0,0,0,0,0,0,0,0.077
0.078,0,0,0,0,0,0,0,0,0,0,0,0,0.078
0.079,0,0,0,0,0,0,0,0,0,0,0,0,0.079
0.08,0,0,0,0,0,0,0,0,0,0,0,0,0.08
0.081,0,0,0,0,0,0,0,0,0,0,0,0,0.081
0.082,0,0,0,0,0,0,0,0,0,0,0,0,0.082
0.083,0,0,0,0,0,0,0,0,0,0,0,0,0.083
0.084,0,0,0,0,0,0,0,0,0,0,0,0,0.084
0.085,0,0,0,0,0,0,0,0,0,0,0,0,0.085
0.086,0,0,0,0,0,0,0,0,0,0,0,0,0.086
0.087,0,0,0,0,0,0,0,0,0,0,0,0,0.087
0.088,0,0,0,0,0,0,0,0,0,0,0,0,0.088
0.089,0,0,0,0,0,0,0,0,0,0,0,0,0.089
0.09,0,0,0,0,0,0,0,0,0,0,0,0,0.09
0.091,0,0,0,0,0,0,0,0,0,0,0,0,0.091
0.092,0,0,0,0,0,0,0,0,0,0,0,0,0.092
0.093,0,0,0,0,0,0,0,0,0,0,0,0,0.093
0.094,0,0,0,0,0,0,0,0,0,0,0,0,0.094
0.095,0,0,0,0,0,0,0,0,0,0,0,0,0.095
0.096,0,0,0,0,0,0,0,0,0,0,0,0,0.096
0.097,0,0,0,0,0,0,0,0,0,0,0,0,0.097
0.098,0,0,0,0,0,0,0,0,0,0,0,0,0.098
0.099,0,0,0,0,0,0,0,0,0,0,0,0,0.099
0.1,0,0,0,0,0,0,0,0,0,0,0,0,0.1
0.101,0,0,0,0,0,0,0,0,0,0,0,0,0.101
0.102,0,0,0,0,0,0,0,0,0,0,0,0,0.102
0.103,0,0,0,0,0,0,0,0,0,0,0,0,0.103
0.104,0,0,0,0,0,0,0,0,0,0,0,0,0.104
0.105,0,0,0,0,0,0,0,0,0,0,0,0,0.105
0.106,0,0,0,0,0,0,0,0,0,0,0,0,0.106
0.107,0,0,0,0,0,0,0,0,0,0,0,0,0.107
0.108,0,0,0,0,0,0,0,0,0,0,0,0,0.108
0.109,0,0,0,0,0,0,0,0,0,0,0,0,0.109
0.11,0,0,0,0,0,0,0,0,0,0,0,0,0.11
0.111,0,0,0,0,0,0,0,0,0,0,0,0,0.111
0.112,0,0,0,0,0,0,0,0,0,0,0,0,0.112
0.113,0,0,0,0,0,0,0,0,0,0,0,0,0.113
0.114,0,0,0,0,0,0,0,0,0,0,0,0,0.114
0.115,0,0,0,0,0,0,0,0,0,0,0,0,0.115
0.116,0,0,0,0,0,0,0,0,0,0,0,0,0.116
0.117,0,0,0,0,0,0,0,0,0,0,0,0,0.117
0.118,0,0,0,0,0,0,0,0,0,0,0,0,0.118
0.119,0,0,0,0,0,0,0,0,0,0,0,0,0.119
0.12,0,0,0,0,0,0,0,0,0,0,0,0,0.12
0.121,0,0,0,0,0,0,0,0,0,0,0,0,0.121
0.122,0,0,0,0,0,0,0,0,0,0,0,0,0.122
0.123,0,0,0,0,0,0,0,0,0,0,0,0,0.123
0.124,0,0,0,0,0,0,0,0,0,0,0,0,0.124
0.125,0,0,0,0,0,0,0,0,0,0,0,0,0.125
0.126,0,0,0,0,0,0,0,0,0,0,0,0,0.126
0.127,0,0,0,0,0,0,0,0,0,0,0,0,0.127
0.128,0,0,0,0,0,0,0,0,0,0,0,0,0.128
0.129,0,0,0,0,0,0,0,0,0,0,0,0,0.129
0.13,0,0,0,0,0,0,0,0,0,0,0,0,0.13
0.131,0,0,0,0,0,0,0,0,0,0,0,0,0.131
0.132,0,0,0,0,0,0,0,0,0,0,0,0,0.132
0.133,0,0,0,0,0,0,0,0,0,0,0,0,0.133
0.134,0,0,0,0,0,0,0,0,0,0,0,0,0.134
0.135,0,0,0,0,0,0,0,0,0,0,0,0,0.135
0.136,0,0,0,0,0,0,0,0,0,0,0,0,0.136
0.137,0,0,0,0,0,0,0,0,0,0,0,0,0.137
0.138,0,0,0,0,0,0,0,0,0,0,0,0,0.138
0.139,0,0,0,0,0,0,0,0,0,0,0,0,0.139
0.14,0,0,0,0,0,0,0,0,0,0,0,0,0.14
0.141,0,0,0,0,0,0,0,0,0,0,0,0,0.141
0.142,0,0,0,0,0,0,0,0,0,0,0,0,0.142
0.143,0,0,0,0,0,0,0,0,0,0,0,0,0.143
0.144,0,0,0,0,0,0,0,0,0,0,0,0,0.144
0.145,0,0,0,0,0,0,0,0,0,0,0,0,0.145
0.146,0,0,0,0,0,0,0,0,0,0,0,0,0.146
0.147,0,0,0,0,0,0,0,0,0,0,0,0,0.147
0.148,0,0,0,0,0,0,0,0,0,0,0,0,0.148
0.149,0,0,0,0,0,0,0,0,0,0,0,0,0.149
0.15,0,0,0,0,0,0,0,0,0,0,0,0,0.15
0.151,0,0,0,0,0,0,0,0,0,0,0,0,0.151
0.152,0,0,0,0,0,0,0,0,0,0,0,0,0.152
0.153,0,0,0,0,0,0,0,0,0,0,0,0,0.153
0.154,0,0,0,0,0,0,0,0,0,0,0,0,0.154
0.155,0,0,0,0,0,0,0,0,0,0,0,0,0.155
0.156,0,0,0,0,0,0,0,0,0,0,0,0,0.156
0.157,0,0,0,0,0,0,0,0,0,0,0,0,0.157
0.158,0,0,0,0,0,0,0,0,0,0,0,0,0.158
0.159,0,0,0,0,0,0,0,0,0,0,0,0,0.159
0.16,0,0,0,0,0,0,0,0,0,0,0,0,0.16
0.161,0,0,0,0,0,0,0,0,0,0,0,0,0.161
0.162,0,0,0,0,0,0,0,0,0,0,0,0,0.162
0.163,0,0,0,0,0,0,0,0,0,0,0,0,0.163
0.164,0,0,0,0,0,0,0,0,0,0,0,0,0.164
0.165,0,0,0,0,0,0,0,0,0,0,0,0,0.165
0.166,0,0,0,0,0,0,0,0,0,0,0,0,0.166
0.167,0,0,0,0,0,0,0,0,0,0,0,0,0.167
0.168,0,0,0,0,0,0,0,0,0,0,0,0,0.168
0.169,0,0,0,0,0,0,0,0,0,0,0,0,0.169
0.17,0,0,0,0,0,0,0,0,0,0,0,0,0.17
0.171,0,0,0,0,0,0,0,0,0,0,0,0,0.171
0.172,0,0,0,0,0,0,0,0,0,0,0,0,0.172
0.173,0,0,0,0,0,0,0,0,0,0,0,0,0.173
0.174,0,0,0,0,0,0,0,0,0,0,0,0,0.174
0.175,0,0,0,0,0,0,0,0,0,0,0,0,0.175
0.176,0,0,0,0,0,0,0,0,0,0,0,0,0.176
0.177,0,0,0,0,0,0,0,0,0,0,0,0,0.177
0.178,0,0,0,0,0,0,0,0,0,0,0,0,0.178
0.179,0,0,0,0,0,0,0,0,0,0,0,0,0.179
0.18,0,0,0,0,0,0,0,0,0,0,0,0,0.18
0.181,0,0,0,0,0,0,0,0,0,0,0,0,0.181
0.182,0,0,0,0,0,0,0,0,0,0,0,0,0.182
0.183,0,0,0,0,0,0,0,0,0,0,0,0,0.183
0.184,0,0,0,0,0,0,0,0,0,0,0,0,0.184
0.185,0,0,0,0,0,0,0,0,0,0,0,0,0.185
0.186,0,0,0,0,0,0,0,0,0,0,0,0,0.186
0.187,0,0,0,0,0,0,0,0,0,0,0,0,0.187
0.188,0,0,0,0,0,0,0,0,0,0,0,0,0.188
0.189,0,0,0,0,0,0,0,0,0,0,0,0,0.189
0.19,0,0,0,0,0,0,0,0,0,0,0,0,0.19
0.191,0,0,0,0,0,0,0,0,0,0,0,0,0.191
0.192,0,0,0,0,0,0,0,0,0,0,0,0,0.192
0.193,0,0,0,0,0,0,0,0,0,0,0,0,0.193
0.194,0,0,0,0,0,0,0,0,0,0,0,0,0.194
0.195,0,0,0,0,0,0,0,0,0,0,0,0,0.195
0.196,0,0,0,0,0,0,0,0,0,0,0,0,0.196
0.197,0,0,0,0,0,0,0,0,0,0,0,0,0.197
0.198,0,0,0,0,0,0,0,0,0,0,0,0,0.198
0.199,0,0,0,0,0,0,0,0,0,0,0,0,0.199
0.2,0,0,0,0,0,0,0,0,0,0,0,0,0.2
0.201,0,0,0,0,0,0,0,0,0,0,0,0,0.201
0.202,0,0,0,0,0,0,0,0,0,0,0,0,0.202
0.203,0,0,0,0,0,0,0,0,0,0,0,0,0.203
0.204,0,0,0,0,0,0,0,0,0,0,0,0,0.204
0.205,0,0,0,0,0,0,0,0,0,0,0,0,0.205
0.206,0,0,0,0,0,0,0,0,0,0,0,0,0.206
0.207,0,0,0,0,0,0,0,0,0,0,0,0,0.207
0.208,0,0,0,0,0,0,0,0,0,0,0,0,0.208
0.209,0,0,0,0,0,0,0,0,0,0,0,0,0.209
0.21,0,0,0,0,0,0,0,0,0,0,0,0,0.21
0.211,0,0,0,0,0,0,0,0,0,0,0,0,0.211
0.212,0,0,0,0,0,0,0,0,0,0,0,0,0.212
0.213,0,0,0,0,0,0,0,0,0,0,0,0,0.213
0.214,0,0,0,0,0,0,0,0,0,0,0,0,0.214
0.215,0,0,0,0,0,0,0,0,0,0,0,0,0.215
0.216,0,0,0,0,0,0,0,0,0,0,0,0,0.216
0.217,0,0,0,0,0,0,0,0,0,0,0,0,0.217
0.218,0,0,0,0,0,0,0,0,0,0,0,0,0.218
0.219,0,0,0,0,0,0,0,0,0,0,0,0,0.219
0.22,0,0,0,0,0,0,0,0,0,0,0,0,0.22
0.221,0,0,0,0,0,0,0,0,0,0,0,0,0.221
0.222,0,0,0,0,0,0,0,0,0,0,0,0,0.222
0.223,0,0,0,0,0,0,0,0,0,0,0,0,0.223
0.224,0,0,0,0,0,0,0,0,0,0,0,0,0.224
0.225,0,0,0,0,0,0,0,0,0,0,0,0,0.225
0.226,0,0,0,0,0,0,0,0,0,0,0,0,0.226
0.227,0,0,0,0,0,0,0,0,0,0,0,0,0.227
0.228,0,0,0,0,0,0,0,0,0,0,0,0,0.228
0.229,0,0,0,0,0,0,0,0,0,0,0,0,0.229
0.23,0,0,0,0,0,0,0,0,0,0,0,0,0.23
0.231,0,0,0,0,0,0,0,0,0,0,0,0,0.231
0.232,0,0,0,0,0,0,0,0,0,0,0,0,0.232
0.233,0,0,0,0,0,0,0,0,0,0,0,0,0.233
0.234,0,0,0,0,0,0,0,0,0,0,0,0,0.234
0.235,0,0,0,0,0,0,0,0,0,0,0,0,0.235
0.236,0,0,0,0,0,0,0,0,0,0,0,0,0.236
0.237,0,0,0,0,0,0,0,0,0,0,0,0,0.237
0.238,0,0,0,0,0,0,0,0,0,0,0,0,0.238
0.239,0,0,0,0,0,0,0,0,0,0,0,0,0.239
0.24,0,0,0,0,0,0,0,0,0,0,0,0,0.24
0.241,0,0,0,0,0,0,0,0,0,0,0,0,0.241
0.242,0,0,0,0,0,0,0,0,0,0,0,0,0.242
0.243,0,0,0,0,0,0,0,0,0,0,0,0,0.243
0.244,0,0,0,0,0,0,0,0,0,0,0,0,0.244
0.245,0,0,0,0,0,0,0,0,0,0,0,0,0.245
0.246,0,0,0,0,0,0,0,0,0,0,0,0,0.246
0.247,0,0,0,0,0,0,0,0,0,0,0,0,0.247
0.248,0,0,0,0,0,0,0,0,0,0,0,0,0.248
0.249,0,0,0,0,0,0,0,0,0,0,0,0,0.249
0.25,0,0,0,0,0,0,0,0,0,0,0,0,0.25
0.251,0,0,0,0,0,0,0,0,0,0,0,0,0.251
0.252,0,0,0,0,0,0,0,0,0,0,0,0,0.252
0.253,0,0,0,0,0,0,0,0,0,0,0,0,0.253
0.254,0,0,0,0,0,0,0,0,0,0,0,0,0.254
0.255,0,0,0,0,0,0,0,0,0,0,0,0,0.255
0.256,0,0,0,0,0,0,0,0,0,0,0,0,0.256
0.257,0,0,0,0,0,0,0,0,0,0,0,0,0.257
0.258,0,0,0,0,0,0,0,0,0,0,0,0,0.258
0.259,0,0,0,0,0,0,0,0,0,0,0,0,0.259
0.26,0,0,0,0,0,0,0,0,0,0,0,0,0.26
0.261,0,0,0,0,0,0,0,0,0,0,0,0,0.261
0.262,0,0,0,0,0,0,0,0,0,0,0,0,0.262
0.263,0,0,0,0,0,0,0,0,0,0,0,0,0.263
0.264,0,0,0,0,0,0,0,0,0,0,0,0,0.264
0.265,0,0,0,0,0,0,0,0,0,0,0,0,0.265
0.266,0,0,0,0,0,0,0,0,0,0,0,0,0.266
0.267,0,0,0,0,0,0,0,0,0,0,0,0,0.267
0.268,0,0,0,0,0,0,0,0,0,0,0,0,0.268
0.269,0,0,0,0,0,0,0,0,0,0,0,0,0.269
0.27,0,0,0,0,0,0,0,0,0,0,0,0,0.27
0.271,0,0,0,0,0,0,0,0,0,0,0,0,0.271
0.272,0,0,0,0,0,0,0,0,0,0,0,0,0.272
0.273,0,0,0,0,0,0,0,0,0,0,0,0,0.273
0.274,0,0,0,0,0,0,0,0,0,0,0,0,0.274
0.275,0,0,0,0,0,0,0,0,0,0,0,0,0.275
0.276,0,0,0,0,0,0,0,0,0,0,0,0,0.276
0.277,0,0,0,0,0,0,0,0,0,0,0,0,0.277
0.278,0,0,0,0,0,0,0,0,0,0,0,0,0.278
0.279,0,0,0,0,0,0,0,0,0,0,0,0,0.279
0.28,0,0,0,0,0,0,0,0,0,0,0,0,0.28
0.281,0,0,0,0,0,0,0,0,0,0,0,0,0.281
0.282,0,0,0,0,0,0,0,0,0,0,0,0,0.282
0.283,0,0,0,0,0,0,0,0,0,0,0,0,0.283
0.284,0,0,0,0,0,0,0,0,0,0,0,0,0.284
0.285,0,0,0,0,0,0,0,0,0,0,0,0,0.285
0.286,0,0,0,0,0,0,0,0,0,0,0,0,0.286
0.287,0,0,0,0,0,0,0,0,0,0,0,0,0.287
0.288,0,0,0,0,0,0,0,0,0,0,0,0,0.288
0.289,0,0,0,0,0,0,0,0,0,0,0,0,0.289
0.29,0,0,0,0,0,0,0,0,0,0,0,0,0.29
0.291,0,0,0,0,0,0,0,0,0,0,0,0,0.291
0.292,0,0,0,0,0,0,0,0,0,0,0,0,0.292
0.293,0,0,0,0,0,0,0,0,0,0,0,0,0.293
0.294,0,0,0,0,0,0,0,0,0,0,0,0,0.294
0.295,0,0,0,0,0,0,0,0,0,0,0,0,0.295
0.296,0,0,0,0,0,0,0,0,0,0,0,0,0.296
0.297,0,0,0,0,0,0,0,0,0,0,0,0,0.297
0.298,0,0,0,0,0,0,0,0,0,0,0,0,0.298
0.299,0,0,0,0,0,0,0,0,0,0,0,0,0.299
0.3,0,0,0,0,0,0,0,0,0,0,0,0,0.3
0.301,0,0,0,0,0,0,0,0,0,0,0,0,0.301
0.302,0,0,0,0,0,0,0,0,0,0,0,0,0.302
0.303,0,0,0,0,0,0,0,0,0,0,0,0,0.303
0.304,0,0,0,0,0,0,0,0,0,0,0,0,0.304
0.305,0,0,0,0,0,0,0,0,0,0,0,0,0.305
0.306,0,0,0,0,0,0,0,0,0,0,0,0,0.306
0.307,0,0,0,0,0,0,0,0,0,0,0,0,0.307
0.308,0,0,0,0,0,0,0,0,0,0,0,0,0.308
0.309,0,0,0,0,0,0,0,0,0,0,0,0,0.309
0.31,0,0,0,0,0,0,0,0,0,0,0,0,0.31
0.311,0,0,0,0,0,0,0,0,0,0,0,0,0.311
0.312,0,0,0,0,0,0,0,0,0,0,0,0,0.312
0.313,0,0,0,0,0,0,0,0,0,0,0,0,0.313
0.314,0,0,0,0,0,0,0,0,0,0,0,0,0.314
0.315,0,0,0,0,0,0,0,0,0,0,0,0,0.315
0.316,0,0,0,0,0,0,0,0,0,0,0,0,0.316
0.317,0,0,0,0,0,0,0,0,0,0,0,0,0.317
0.318,0,0,0,0,0,0,0,0,0,0,0,0,0.318
0.319,0,0,0,0,0,0,0,0,0,0,0,0,0.319
0.32,0,0,0,0,0,0,0,0,0,0,0,0,0.32
0.321,0,0,0,0,0,0,0,0,0,0,0,0,0.321
0.322,0,0,0,0,0,0,0,0,0,0,0,0,0.322
0.323,0,0,0,0,0,0,0,0,0,0,0,0,0.323
0.324,0,0,0,0,0,0,0,0,0,0,0,0,0.324
0.325,0,0,0,0,0,0,0,0,0,0,0,0,0.325
0.326,0,0,0,0,0,0,0,0,0,0,0,0,0.326
0.327,0,0,0,0,0,0,0,0,0,0,0,0,0.327
0.328,0,0,0,0,0,0,0,0,0,0,0,0,0.328
0.329,0,0,0,0,0,0,0,0,0,0,0,0,0.329
0.33,0,0,0,0,0,0,0,0,0,0,0,0,0.33
0.331,0,0,0,0,0,0,0,0,0,0,0,0,0.331
0.332,0,0,0,0,0,0,0,0,0,0,0,0,0.332
0.333,0,0,0,0,0,0,0,0,0,0,0,0,0.333
0.334,0,0,0,0,0,0,0,0,0,0,0,0,0.334
0.335,0,0,0,0,0,0,0,0,0,0,0,0,0.335
0.336,0,0,0,0,0,0,0,0,0,0,0,0,0.336
0.337,0,0,0,0,0,0,0,0,0,0,0,0,0.337
0.338,0,0,0,0,0,0,0,0,0,0,0,0,0.338
0.339,0,0,0,0,0,0,0,0,0,0,0,0,0.339
0.34,0,0,0,0,0,0,0,0,0,0,0,0,0.34
0.341,0,0,0,0,0,0,0,0,0,0,0,0,0.341
0.342,0,0,0,0,0,0,0,0,0,0,0,0,0.342
0.343,0,0,0,0,0,0,0,0,0,0,0,0,0.343
0.344,0,0,0,0,0,0,0,0,0,0,0,0,0.344
0.345,0,0,0,0,0,0,0,0,0,0,0,0,0.345
0.346,0,0,0,0,0,0,0,0,0,0,0,0,0.346
0.347,0,0,0,0,0,0,0,0,0,0,0,0,0.347
0.348,0,0,0,0,0,0,0,0,0,0,0,0,0.348
0.349,0,0,0,0,0,0,0,0,0,0,0,0,0.349
0.35,0,0,0,0,0,0,0,0,0,0,0,0,0.35
0.351,0,0,0,0,0,0,0,0,0,0,0,0,0.351
0.352,0,0,0,0,0,0,0,0,0,0,0,0,0.352
0.353,0,0,0,0,0,0,0,0,0,0,0,0,0.353
0.354,0,0,0,0,0,0,0,0,0,0,0,0,0.354
0.355,0,0,0,0,0,0,0,0,0,0,0,0,0.355
0.356,0,0,0,0,0,0,0,0,0,0,0,0,0.356
0.357,0,0,0,0,0,0,0,0,0,0,0,0,0.357
0.358,0,0,0,0,0,0,0,0,0,0,0,0,0.358
0.359,0,0,0,0,0,0,0,0,0,0,0,0,0.359
0.36,0,0,0,0,0,0,0,0,0,0,0,0,0.36
0.361,0,0,0,0,0,0,0,0,0,0,0,0,0.361
0.362,0,0,0,0,0,0,0,0,0,0,0,0,0.362
0.363,0,0,0,0,0,0,0,0,0,0,0,0,0.363
0.364,0,0,0,0,0,0,0,0,0,0,0,0,0.364
0.365,0,0,0,0,0,0,0,0,0,0,0,0,0.365
0.366,0,0,0,0,0,0,0,0,0,0,0,0,0.366
0.367,0,0,0,0,0,0,0,0,0,0,0,0,0.367
0.368,0,0,0,0,0,0,0,0,0,0,0,0,0.368
0.369,0,0,0,0,0,0,0,0,0,0,0,0,0.369
0.37,0,0,0,0,0,0,0,0,0,0,0,0,0.37
0.371,0,0,0,0,0,0,0,0,0,0,0,0,0.371
0.372,0,0,0,0,0,0,0,0,0,0,0,0,0.372
0.373,0,0,0,0,0,0,0,0,0,0,0,0,0.373
0.374,0,0,0,0,0,0,0,0,0,0,0,0,0.374
0.375,0,0,0,0,0,0,0,0,0,0,0,0,0.375
0.376,0,0,0,0,0,0,0,0,0,0,0,0,0.376
0.377,0,0,0,0,0,0,0,0,0,0,0,0,0.377
0.378,0,0,0,0,0,0,0,0,0,0,0,0,0.378
0.379,0,0,0,0,0,0,0,0,0,0,0,0,0.379
0.38,0,0,0,0,0,0,0,0,0,0,0,0,0.38
0.381,0,0,0,0,0,0,0,0,0,0,0,0,0.381
0.382,0,0,0,0,0,0,0,0,0,0,0,0,0.382
0.383,0,0,0,0,0,0,0,0,0,0,0,0,0.383
0.384,0,0,0,0,0,0,0,0,0,0,0,0,0.384
0.385,0,0,0,0,0,0,0,0,0,0,0,0,0.385
0.386,0,0,0,0,0,0,0,0,0,0,0,0,0.386
0.387,0,0,0,0,0,0,0,0,0,0,0,0,0.387
0.388,0,0,0,0,0,0,0,0,0,0,0,0,0.388
0.389,0,0,0,0,0,0,0,0,0,0,0,0,0.389
0.39,0,0,0,0,0,0,0,0,0,0,0,0,0.39
0.391,0,0,0,0,0,0,0,0,0,0,0,0,0.391
0.392,0,0,0,0,0,0,0,0,0,0,0,0,0.392
0.393,0,0,0,0,0,0,0,0,0,0,0,0,0.393
0.394,0,0,0,0,0,0,0,0,0,0,0,0,0.394
0.395,0,0,0,0,0,0,0,0,0,0,0,0,0.395
0.396,0,0,0,0,0,0,0,0,0,0,0,0,0.396
0.397,0,0,0,0,0,0,0,0,0,0,0,0,0.397
0.398,0,0,0,0,0,0,0,0,0,0,0,0,0.398
0.399,0,0,0,0,0,0,0,0,0,0,0,0,0.399
0.4,0,0,0,0,0,0,0,0,0,0,0,0,0.4
0.401,0,0,0,0,0,0,0,0,0,0,0,0,0.401
0.402,0,0,0,0,0,0,0,0,0,0,0,0,0.402
0.403,0,0,0,0,0,0,0,0,0,0,0,0,0.403
0.404,0,0,0,0,0,0,0,0,0,0,0,0,0.404
0.405,0,0,0,0,0,0,0,0,0,0,0,0,0.405
0.406,0,0,0,0,0,0,0,0,0,0,0,0,0.406
0.407,0,0,0,0,0,0,0,0,0,0,0,0,0.407
0.408,0,0,0,0,0,0,0,0,0,0,0,0,0.408
0.409,0,0,0,0,0,0,0,0,0,0,0,0,0.409
0.41,0,0,0,0,0,0,0,0,0,0,0,0,0.41
0.411,0,0,0,0,0,0,0,0,0,0,0,0,0.411
0.412,0,0,0,0,0,0,0,0,0,0,0,0,0.412
0.413,0,0,0,0,0,0,0,0,0,0,0,0,0.413
0.414,0,0,0,0,0,0,0,0,0,0,0,0,0.414
0.415,0,0,0,0,0,0,0,0,0,0,0,0,0.415
0.416,0,0,0,0,0,0,0,0,0,0,0,0,0.416
0.417,0,0,0,0,0,0,0,0,0,0,0,0,0.417
0.418,0,0,0,0,0,0,0,0,0,0,0,0,0.418
0.419,0,0,0,0,0,0,0,0,0,0,0,0,0.419
0.42,0,0,0,0,0,0,0,0,0,0,0,0,0.42
0.421,0,0,0,0,0,0,0,0,0,0,0,0,0.421
0.422,0,0,0,0,0,0,0,0,0,0,0,0,0.422
0.423,0,0,0,0,0,0,0,0,0,0,0,0,0.423
0.424,0,0,0,0,0,0,0,0,0,0,0,0,0.424
0.425,0,0,0,0,0,0,0,0,0,0,0,0,0.425
0.426,0,0,0,0,0,0,0,0,0,0,0,0,0.426
0.427,0,0,0,0,0,0,0,0,0,0,0,0,0.427
0.428,0,0,0,0,0,0,0,0,0,0,0,0,0.428
0.429,0,0,0,0,0,0,0,0,0,0,0,0,0.429
0.43,0,0,0,0,0,0,0,0,0,0,0,0,0.43
0.431,0,0,0,0,0,0,0,0,0,0,0,0,0.431
0.432,0,0,0,0,0,0,0,0,0,0,0,0,0.432
0.433,0,0,0,0,0,0,0,0,0,0,0,0,0.433
0.434,0,0,0,0,0,0,0,0,0,0,0,0,0.434
0.435,0,0,0,0,0,0,0,0,0,0,0,0,0.435
0.436,0,0,0,0,0,0,0,0,0,0,0,0,0.436
0.437,0,0,0,0,0,0,0,0,0,0,0,0,0.437
0.438,0,0,0,0,0,0,0,0,0,0,0,0,0.438
0.439,0,0,0,0,0,0,0,0,0,0,0,0,0.439
0.44,0,0,0,0,0,0,0,0,0,0,0,0,0.44
0.441,0,0,0,0,0,0,0,0,0,0,0,0,0.441
0.442,0,0,0,0,0,0,0,0,0,0,0,0,0.442
0.443,0,0,0,0,0,0,0,0,0,0,0,0,0.443
0.444,0,0,0,0,0,0,0,0,0,0,0,0,0.444
0.445,0,0,0,0,0,0,0,0,0,0,0,0,0.445
0.446,0,0,0,0,0,0,0,0,0,0,0,0,0.446
0.447,0,0,0,0,0,0,0,0,0,0,0,0,0.447
0.448,0,0,0,0,0,0,0,0,0,0,0,0,0.448
0.449,0,0,0,0,0,0,0,0,0,0,0,0,0.449
0.45,0,0,0,0,0,0,0,0,0,0,0,0,0.45
0.451,0,0,0,0,0,0,0,0,0,0,0,0,0.451
0.452,0,0,0,0,0,0,0,0,0,0,0,0,0.452
0.453,0,0,0,0,0,0,0,0,0,0,0,0,0.453
0.454,0,0,0,0,0,0,0,0,0,0,0,0,0.454
0.455,0,0,0,0,0,0,0,0,0,0,0,0,0.455
0.456,0,0,0,0,0,0,0,0,0,0,0,0,0.456
0.457,0,0,0,0,0,0,0,0,0,0,0,0,0.457
0.458,0,0,0,0,0,0,0,0,0,0,0,0,0.458
0.459,0,0,0,0,0,0,0,0,0,0,0,0,0.459
0.46,0,0,0,0,0,0,0,0,0,0,0,0,0.46
0.461,0,0,0,0,0,0,0,0,0,0,0,0,0.461
0.462,0,0,0,0,0,0,0,0,0,0,0,0,0.462
0.463,0,0,0,0,0,0,0,0,0,0,0,0,0.463
0.464,0,0,0,0,0,0,0,0,0,0,0,0,0.464
0.465,0,0,0,0,0,0,0,0,0,0,0,0,0.465
0.466,0,0,0,0,0,0,0,0,0,0,0,0,0.466
0.467,0,0,0,0,0,0,0,0,0,0,0,0,0.467
0.468,0,0,0,0,0,0,0,0,0,0,0,0,0.468
0.469,0,0,0,0,0,0,0,0,0,0,0,0,0.469
0.47,0,0,0,0,0,0,0,0,0,0,0,0,0.47
0.471,0,0,0,0,0,0,0,0,0,0,0,0,0.471
0.472,0,0,0,0,0,0,0,0,0,0,0,0,0.472
0.473,0,0,0,0,0,0,0,0,0,0,0,0,0.473
0.474,0,0,0,0,0,0,0,0,0,0,0,0,0.474
0.475,0,0,0,0,0,0,0,0,0,0,0,0,0.475
0.476,0,0,0,0,0,0,0,0,0,0,0,0,0.476
0.477,0,0,0,0,0,0,0,0,0,0,0,0,0.477
0.478,0,0,0,0,0,0,0,0,0,0,0,0,0.478
0.479,0,0,0,0,0,0,0,0,0,0,0,0,0.479
0.48,0,0,0,0,0,0,0,0,0,0,0,0,0.48
0.481,0,0,0,0,0,0,0,0,0,0,0,0,0.481
0.482,0,0,0,0,0,0,0,0,0,0,0,0,0.482
0.483,0,0,0,0,0,0,0,0,0,0,0,0,0.483
0.484,0,0,0,0,0,0,0,0,0,0,0,0,0.484
0.485,0,0,0,0,0,0,0,0,0,0,0,0,0.485
0.486,0,0,0,0,0,0,0,0,0,0,0,0,0.486
0.487,0,0,0,0,0,0,0,0,0,0,0,0,0.487
0.488,0,0,0,0,0,0,0,0,0,0,0,0,0.488
0.489,0,0,0,0,0,0,0,0,0,0,0,0,0.489
0.49,0,0,0,0,0,0,0,0,0,0,0,0,0.49
0.491,0,0,0,0,0,0,0,0,0,0,0,0,0.491
0.492,0,0,0,0,0,0,0,0,0,0,0,0,0.492
0.493,0,0,0,0,0,0,0,0,0,0,0,0,0.493
0.494,0,0,0,0,0,0,0,0,0,0,0,0,0.494
0.495,0,0,0,0,0,0,0,0,0,0,0,0,0.495
0.496,0,0,0,0,0,0,0,0,0,0,0,0,0.496
0.497,0,0,0,0,0,0,0,0,0,0,0,0,0.497
0.498,0,0,0,0,0,0,0,0,0,0,0,0,0.498
0.499,0,0,0,0,0,0,0,0,0,0,0,0,0.499
0.5,0,0,0,0,0,0,0,0,0,0,0,0,0.5
0.501,0,0,0,0,0,0,0,0,0,0,0,0,0.501
0.502,0,0,0,0,0,0,0,0,0,0,0,0,0.502
0.503,0,0,0,0,0,0,0,0,0,0,0,0,0.503
0.504,0,0,0,0,0,0,0,0,0,0,0,0,0.504
0.505,0,0,0,0,0,0,0,0,0,0,0,0,0.505
0.506,0,0,0,0,0,0,0,0,0,0,0,0,0.506
0.507,0,0,0,0,0,0,0,0,0,0,0,0,0.507
0.508,0,0,0,0,0,0,0,0,0,0,0,0,0.508
0.509,0,0,0,0,0,0,0,0,0,0,0,0,0.509
0.51,0,0,0,0,0,0,0,0,0,0,0,0,0.51
0.511,0,0,0,0,0,0,0,0,0,0,0,0,0.511
0.512,0,0,0,0,0,0,0,0,0,0,0,0,0.512
0.513,0,0,0,0,0,0,0,0,0,0,0,0,0.513
0.514,0,0,0,0,0,0,0,0,0,0,0,0,0.514
0.515,0,0,0,0,0,0,0,0,0,0,0,0,0.515
0.516,0,0,0,0,0,0,0,0,0,0,0,0,0.516
0.517,0,0,0,0,0,0,0,0,0,0,0,0,0.517
0.518,0,0,0,0,0,0,0,0,0,0,0,0,0.518
0.519,0,0,0,0,0,0,0,0,0,0,0,0,0.519
0.52,0,0,0,0,0,0,0,0,0,0,0,0,0.52
0.521,0,0,0,0,0,0,0,0,0,0,0,0,0.521
0.522,0,0,0,0,0,0,0,0,0,0,0,0,0.522
0.523,0,0,0,0,0,0,0,0,0,0,0,0,0.523
0.524,0,0,0,0,0,0,0,0,0,0,0,0,0.524
0.525,0,0,0,0,0,0,0,0,0,0,0,0,0.525
0.526,0,0,0,0,0,0,0,0,0,0,0,0,0.526
0.527,0,0,0,0,0,0,0,0,0,0,0,0,0.527
0.528,0,0,0,0,0,0,0,0,0,0,0,0,0.528
0.529,0,0,0,0,0,0,0,0,0,0,0,0,0.529
0.53,0,0,0,0,0,0,0,0,0,0,0,0,0.53
0.531,0,0,0,0,0,0,0,0,0,0,0,0,0.531
0.532,0,0,0,0,0,0,0,0,0,0,0,0,0.532
0.533,0,0,0,0,0,0,0,0,0,0,0,0,0.533
0.534,0,0,0,0,0,0,0,0,0,0,0,0,0.534
0.535,0,0,0,0,0,0,0,0,0,0,0,0,0.535
0.536,0.00810001,0,0.0087177,0,0,0,0,0,0,0,0,0,0.536
0.537,0.0319143,0,0.0328616,0,0,0,0,0,0,-3.28397,-3.69959,0.547328,0.537
0.538,0.0586121,0,0.0597575,0,0,0,-0.00328397,-0.00369959,0.000547328,-14.1053,-16.5679,2.35088,0.538
0.539,0.0837445,0,0.0850137,0,0,0,-0.0173891,-0.0202677,0.00289726,-29.8991,-35.5546,4.98318,0.539
0.54,0.106146,0,0.107489,0,0,0,-0.0472864,-0.0558238,0.00786965,-47.5991,-56.9351,7.93319,0.54
0.541,0.125936,0,0.127318,0,0,0,-0.0948779,-0.112765,0.0157559,-65.1168,-78.1598,10.8529,0.541
0.542,0.143318,0,0.144693,0,0,0,-0.159974,-0.190943,0.0264793,-81.3827,-97.9158,13.5643,0.542
0.543,0.157915,0,0.159248,0,0,0,-0.241312,-0.288896,0.0397702,-95.9031,-115.602,15.9855,0.543
0.544,0.169232,0,0.170489,0,0,0,-0.337137,-0.404564,0.0552689,-108.289,-130.738,18.0524,0.544
0.545,0.176794,0,0.177936,0,0,0,-0.445304,-0.535407,0.0725521,-118.165,-142.865,19.7034,0.545
0.546,0.18018,0,0.181183,0,0,0,-0.563295,-0.678421,0.0911454,-125.178,-151.548,20.8805,0.546
0.547,0.179693,0,0.180619,0,0,0,-0.688243,-0.830167,0.110536,-129.02,-156.402,21.5333,0.547
0.548,0.177344,0,0.178223,0,0,0,-0.816979,-0.986816,0.130192,-129.709,-157.399,21.6656,0.548
0.549,0.174124,0,0.174971,0,0,0,-0.946353,-1.14451,0.149614,-128.028,-155.481,21.4083,0.549
0.55,0.17054,0,0.171363,0,0,0,-1.07401,-1.30032,0.168455,-124.783,-151.632,20.8956,0.55
0.551,0.166851,0,0.167655,0,0,0,-1.19838,-1.45232,0.186509,-120.604,-146.625,20.2324,0.551
0.552,0.163192,0,0.163979,0,0,0,-1.31855,-1.59933,0.203676,-115.933,-141.002,19.4917,0.552
0.553,0.159629,0,0.1604,0,0,0,-1.43403,-1.74075,0.219924,-111.058,-135.119,18.7209,0.553
0.554,0.156195,0,0.156952,0,0,0,-1.54462,-1.87629,0.235265,-106.16,-129.196,17.9491,0.554
0.555,0.152903,0,0.153647,0,4.6519e-05,0,-1.6503,-2.00593,0.249733,-101.345,-123.368,17.1936,0.555
0.556,0.149759,0,0.150491,0,0.000133798,0,-1.75117,-2.12974,0.263375,-96.6718,-117.709,16.4532,0.556
0.557,0.146762,0,0.147482,0,0.000260394,0,-1.84737,-2.2479,0.276232,-92.1707,-112.259,15.7284,0.557
0.558,0.143909,0,0.144617,0,0.000422301,0,-1.93906,-2.3606,0.288343,-87.856,-107.037,15.0195,0.558
0.559,0.141194,0,0.141892,0,0.000607611,0,-2.02645,-2.46809,0.299742,-83.7322,-102.048,14.3267,0.559
0.56,0.138612,0,0.1393,0,0.000802292,0,-2.10972,-2.57058,0.310461,-79.7987,-97.2925,13.6523,0.56
0.561,0.136158,0,0.136836,0,0.000991718,0,-2.18907,-2.66831,0.320532,-76.0519,-92.7647,12.9999,0.561
0.562,0.133825,0,0.134494,0,0.00116195,0,-2.26468,-2.7615,0.32999,-72.4871,-88.4574,12.3743,0.562
0.563,0.131609,0,0.132269,0,0.00129822,0,-2.33674,-2.85038,0.338869,-69.0986,-84.3621,11.7803,0.563
0.564,0.129502,0,0.130155,0,0.00138747,0,-2.40542,-2.93515,0.34721,-65.8808,-80.47,11.223,0.564
0.565,0.127501,0,0.128146,0,0.00141934,0,-2.4709,-3.01602,0.355056,-62.8277,-76.7719,10.7076,0.565
0.566,0.1256,0,0.126237,0,0.00141613,0,-2.53334,-3.09318,0.362454,-59.9333,-73.2589,10.2383,0.566
0.567,0.123793,0,0.124424,0,0.00139649,0,-2.59289,-3.16682,0.369455,-57.1892,-69.9216,9.81142,0.567
0.568,0.122077,0,0.122701,0,0.00136951,0,-2.64971,-3.23712,0.376103,-54.5861,-66.7505,9.42011,0.568
0.569,0.120447,0,0.121064,0,0.00133971,0,-2.70394,-3.30423,0.382437,-52.1152,-63.7364,9.05795,0.569
0.57,0.118898,0,0.119509,0,0.00130931,0,-2.75571,-3.36832,0.388489,-49.7684,-60.8711,8.71993,0.57
0.571,0.117426,0,0.118032,0,0.00127939,0,-2.80514,-3.42954,0.394282,-47.5384,-58.1467,8.40235,0.571
0.572,0.116028,0,0.116628,0,0.00125043,0,-2.85234,-3.48803,0.399838,-45.4187,-55.5556,8.10254,0.572
0.573,0.1147,0,0.115295,0,0.00122266,0,-2.89744,-3.54392,0.405176,-43.4032,-53.091,7.81856,0.573
0.574,0.113439,0,0.114029,0,0.00119614,0,-2.94052,-3.59734,0.410311,-41.4862,-50.7463,7.54894,0.574
0.575,0.11224,0,0.112825,0,0.00117088,0,-2.9817,-3.64841,0.415257,-39.6627,-48.5154,7.29251,0.575
0.576,0.111101,0,0.111682,0,0.00114684,0,-3.02106,-3.69724,0.420025,-37.9278,-46.3923,7.04835,0.576
0.577,0.11002,0,0.110596,0,0.00112399,0,-3.05869,-3.74393,0.424628,-36.2767,-44.3717,6.81563,0.577
0.578,0.108992,0,0.109565,0,0.00110228,0,-3.09468,-3.78861,0.429076,-34.7053,-42.4483,6.59366,0.578
0.579,0.108016,0,0.108585,0,0.00108165,0,-3.1291,-3.83135,0.433378,-33.2094,-40.6171,6.3818,0.579
0.58,0.107088,0,0.107653,0,0.00106204,0,-3.16203,-3.87225,0.437542,-31.7852,-38.8734,6.17949,0.58
0.581,0.106207,0,0.106769,0,0.00104341,0,-3.19354,-3.91141,0.441577,-30.429,-37.2129,5.98618,0.581
0.582,0.10537,0,0.105929,0,0.00102572,0,-3.2237,-3.9489,0.44549,-29.1374,-35.6313,5.80139,0.582
0.583,0.104575,0,0.10513,0,0.00100891,0,-3.25258,-3.9848,0.449288,-27.9072,-34.1247,5.62464,0.583
0.584,0.10382,0,0.104372,0,0.000992937,0,-3.28023,-4.01919,0.452976,-26.7351,-32.6893,5.45552,0.584
0.585,0.103102,0,0.103652,0,0.000977765,0,-3.30671,-4.05214,0.456561,-25.6184,-31.3216,5.29362,0.585
0.586,0.10242,0,0.102967,0,0.000963351,0,-3.33209,-4.08371,0.460048,-24.5541,-30.0181,5.13855,0.586
0.587,0.101772,0,0.102317,0,0.000949658,0,-3.3564,-4.11398,0.463442,-23.5398,-28.7756,4.98997,0.587
0.588,0.101157,0,0.101699,0,0.00093665,0,-3.3797,-4.14299,0.466747,-22.5728,-27.5911,4.84753,0.588
0.589,0.100573,0,0.101113,0,0.00073218,0,-3.40204,-4.17082,0.469968,-21.6509,-26.4618,4.71092,0.589
0.59,0.0913848,0,0.091889,0,0.00063399,0,-3.42346,-4.19752,0.473109,-20.7875,-25.3886,4.62364,0.59
0.591,0.0869727,0,0.0874598,0,0.000584895,0,-3.44402,-4.22314,0.476216,-16.9422,-20.6629,4.03685,0.591
0.592,0.0847666,0,0.0852451,0,0.000560347,0,-3.46076,-4.24401,0.479012,-13.2073,-16.076,3.45574,0.592
0.593,0.0836636,0,0.0841378,0,0.000548073,0,-3.47378,-4.26026,0.481498,-10.3334,-12.5479,3.00373,0.593
0.594,0.083112,0,0.0835841,0,0.000541936,0,-3.48395,-4.27297,0.483742,-8.32835,-10.0873,2.68398,0.594
0.595,0.0828363,0,0.0833073,0,0.000538868,0,-3.49212,-4.2832,0.485814,-6.99632,-8.45358,2.46671,0.595
0.596,0.0826984,0,0.0831689,0,0.000537334,0,-3.49897,-4.29179,0.487766,-6.13088,-7.39303,2.32024,0.596
0.597,0.0826295,0,0.0830997,0,0.000536567,0,-3.50497,-4.29931,0.489636,-5.56982,-6.70638,2.21973,0.597
0.598,0.082595,0,0.0830651,0,0.000536183,0,-3.5104,-4.30614,0.491447,-5.19997,-6.2546,2.14796,0.598
0.599,0.0825778,0,0.0830478,0,0.000535991,0,-3.51547,-4.31251,0.493213,-4.94728,-5.94673,2.09374,0.599
0.6,0.0825691,0,0.0830391,0,0.000535895,0,-3.52028,-4.31858,0.494943,-4.76525,-5.72564,2.05009,0.6
0.601,0.0825648,0,0.0830348,0,0.000535848,0,-3.52492,-4.32442,0.496643,-4.62546,-5.5564,2.01278,0.601
0.602,0.0825627,0,0.0830326,0,0.000535824,0,-3.52942,-4.33009,0.498315,-4.51088,-5.41809,1.9793,0.602
0.603,0.0825616,0,0.0830315,0,0.000535812,0,-3.53381,-4.33562,0.499961,-4.41146,-5.29837,1.94818,0.603
0.604,0.0825611,0,0.083031,0,0.000535806,0,-3.5381,-4.34102,0.501584,-4.32134,-5.19003,1.91857,0.604
0.605,0.0825608,0,0.0830307,0,0.000535803,0,-3.5423,-4.34632,0.503183,-4.23712,-5.08889,1.88997,0.605
0.606,0.0825607,0,0.0830306,0,0.000535801,0,-3.54641,-4.35152,0.50476,-4.15684,-4.99255,1.86212,0.606
0.607,0.0825606,0,0.0830305,0,0.0005358,0,-3.55045,-4.35662,0.506314,-4.07938,-4.89963,1.83485,0.607
0.608,0.0825606,0,0.0830305,0,0.0005358,0,-3.55442,-4.36162,0.507846,-4.00409,-4.80933,1.80807,0.608
0.609,0.0825605,0,0.0830305,0,0.0005358,0,-3.5583,-4.36653,0.509357,-3.9306,-4.72119,1.78172,0.609
0.61,0.0825605,0,0.0830305,0,0.0005358,0,-3.56212,-4.37136,0.510847,-3.85868,-4.63494,1.75578,0.61
0.611,0.0825605,0,0.0830305,0,0.0005358,0,-3.56587,-4.37609,0.512315,-3.7882,-4.55042,1.73023,0.611
0.612,0.0825605,0,0.0830305,0,0.0005358,0,-3.56955,-4.38074,0.513763,-3.71908,-4.46753,1.70504,0.612
0.613,0.0825605,0,0.0830305,0,0.0005358,0,-3.57316,-4.38531,0.515191,-3.65126,-4.38619,1.68022,0.613
0.614,0.0825605,0,0.0830305,0,0.0005358,0,-3.5767,-4.38979,0.516599,-3.58469,-4.30636,1.65575,0.614
0.615,0.0825605,0,0.0830305,0,0.0005358,0,-3.58018,-4.39419,0.517987,-3.51935,-4.22799,1.63163,0.615
0.616,0.0825605,0,0.0830305,0,0.0005358,0,-3.58359,-4.39851,0.519355,-3.4552,-4.15106,1.60785,0.616
0.617,0.0825605,0,0.0830305,0,0.0005358,0,-3.58694,-4.40275,0.520704,-3.39223,-4.07552,1.58442,0.617
0.618,0.0825605,0,0.0830305,0,0.0005358,0,-3.59023,-4.40692,0.522035,-3.33041,-4.00136,1.56131,0.618
0.619,0.0825605,0,0.0830305,0,0.0005358,0,-3.59346,-4.41101,0.523346,-3.26971,-3.92855,1.53853,0.619
0.62,0.0825605,0,0.0830305,0,0.0005358,0,-3.59663,-4.41503,0.524639,-3.21011,-3.85706,1.51608,0.62
0.621,0.0825605,0,0.0830305,0,0.0005358,0,-3.59975,-4.41897,0.525914,-3.15161,-3.78687,1.49394,0.621
0.622,0.0825605,0,0.0830305,0,0.0005358,0,-3.6028,-4.42285,0.527171,-3.09416,-3.71796,1.47212,0.622
0.623,0.0825605,0,0.0830305,0,0.0005358,0,-3.6058,-4.42665,0.52841,-3.03777,-3.65029,1.45061,0.623
0.624,0.0825605,0,0.0830305,0,0.0005358,0,-3.60874,-4.43038,0.529632,-2.9824,-3.58386,1.4294,0.624
0.625,0.0825605,0,0.0830305,0,0.0005358,0,-3.61163,-4.43405,0.530837,-2.92804,-3.51864,1.4085,0.625
0.626,0.0825605,0,0.0830305,0,0.0005358,0,-3.61447,-4.43765,0.532024,-2.87466,-3.4546,1.38789,0.626
0.627,0.0825605,0,0.0830305,0,0.0005358,0,-3.61725,-4.44119,0.533195,-2.82226,-3.39172,1.36758,0.627
0.628,0.0825605,0,0.0830305,0,0.0005358,0,-3.61999,-4.44466,0.53435,-2.77082,-3.32999,1.34755,0.628
0.629,0.0825605,0,0.0830305,0,0.0005358,0,-3.62267,-4.44807,0.535488,-2.72031,-3.26937,1.32781,0.629
0.63,0.0825605,0,0.0830305,0,0.0005358,0,-3.6253,-4.45141,0.53661,-2.67072,-3.20986,1.30835,0.63
0.631,0.0825605,0,0.0830305,0,0.0005358,0,-3.62789,-4.4547,0.537716,-2.62203,-3.15144,1.28917,0.631
0.632,0.0825605,0,0.0830305,0,0.0005358,0,-3.63042,-4.45793,0.538806,-2.57423,-3.09407,1.27026,0.632
0.633,0.0825605,0,0.0830305,0,0.0005358,0,-3.63291,-4.46109,0.539881,-2.5273,-3.03774,1.25163,0.633
0.634,0.0825605,0,0.0830305,0,0.0005358,0,-3.63536,-4.46421,0.540941,-2.48123,-2.98245,1.23325,0.634
0.635,0.0825605,0,0.0830305,0,0.0005358,0,-3.63776,-4.46726,0.541986,-2.43599,-2.92815,1.21515,0.635
0.636,0.0825605,0,0.0830305,0,0.0005358,0,-3.64012,-4.47026,0.543016,-2.39158,-2.87484,1.19729,0.636
0.637,0.0825605,0,0.0830305,0,0.0005358,0,-3.64243,-4.4732,0.544031,-2.34798,-2.8225,1.1797,0.637
0.638,0.0825605,0,0.0830305,0,0.0005358,0,-3.6447,-4.4761,0.545033,-2.30517,-2.77112,1.16235,0.638
0.639,0.0825605,0,0.0830305,0,0.0005358,0,-3.64693,-4.47894,0.546019,-2.26314,-2.72067,1.14526,0.639
0.64,0.0825605,0,0.0830305,0,0.0005358,0,-3.64911,-4.48172,0.546992,-2.22188,-2.67113,1.1284,0.64
0.641,0.0825605,0,0.0830305,0,0.0005358,0,-3.65126,-4.48446,0.547951,-2.18136,-2.6225,1.11179,0.641
0.642,0.0825605,0,0.0830305,0,0.0005358,0,-3.65337,-4.48715,0.548897,-2.14159,-2.57475,1.09542,0.642
0.643,0.0825605,0,0.0830305,0,0.0005358,0,-3.65544,-4.48979,0.549829,-2.10254,-2.52786,1.07928,0.643
0.644,0.0825605,0,0.0830305,0,0.0005358,0,-3.65747,-4.49238,0.550747,-2.0642,-2.48184,1.06337,0.644
0.645,0.0825605,0,0.0830305,0,0.0005358,0,-3.65946,-4.49492,0.551653,-2.02656,-2.43664,1.04769,0.645
0.646,0.0825605,0,0.0830305,0,0.0005358,0,-3.66142,-4.49742,0.552546,-1.98961,-2.39227,1.03224,0.646
0.647,0.0825605,0,0.0830305,0,0.0005358,0,-3.66334,-4.49988,0.553426,-1.95332,-2.34871,1.01701,0.647
0.648,0.0825605,0,0.0830305,0,0.0005358,0,-3.66522,-4.50229,0.554293,-1.9177,-2.30594,1.00199,0.648
0.649,0.0825605,0,0.0830305,0,0.0005358,0,-3.66707,-4.50465,0.555149,-1.88273,-2.26395,0.987194,0.649
0.65,0.0825605,0,0.0830305,0,0.0005358,0,-3.66889,-4.50697,0.555992,-1.8484,-2.22272,0.972608,0.65
0.651,0.0825605,0,0.0830305,0,0.0005358,0,-3.67067,-4.50925,0.556823,-1.81469,-2.18224,0.958232,0.651
0.652,0.0825605,0,0.0830305,0,0.0005358,0,-3.67242,-4.51149,0.557642,-1.78159,-2.1425,0.944062,0.652
0.653,0.0825605,0,0.0830305,0,0.0005358,0,-3.67414,-4.51369,0.558449,-1.7491,-2.10348,0.930096,0.653
0.654,0.0825605,0,0.0830305,0,0.0005358,0,-3.67583,-4.51585,0.559245,-1.7172,-2.06517,0.916332,0.654
0.655,0.0825605,0,0.0830305,0,0.0005358,0,-3.67748,-4.51797,0.560029,-1.68588,-2.02756,0.902765,0.655
0.656,0.0825605,0,0.0830305,0,0.0005358,0,-3.67911,-4.52005,0.560803,-1.65513,-1.99063,0.889394,0.656
0.657,0.0825605,0,0.0830305,0,0.0005358,0,-3.6807,-4.52209,0.561565,-1.62494,-1.95437,0.876215,0.657
0.658,0.0825605,0,0.0830305,0,0.0005358,0,-3.68227,-4.5241,0.562316,-1.59531,-1.91878,0.863227,0.658
0.659,0.0825605,0,0.0830305,0,0.0005358,0,-3.68381,-4.52607,0.563057,-1.56621,-1.88383,0.850426,0.659
0.66,0.0825605,0,0.0830305,0,0.0005358,0,-3.68531,-4.52801,0.563787,-1.53764,-1.84952,0.83781,0.66
0.661,0.0825605,0,0.0830305,0,0.0005358,0,-3.68679,-4.52991,0.564506,-1.50959,-1.81583,0.825376,0.661
0.662,0.0825605,0,0.0830305,0,0.0005358,0,-3.68825,-4.53177,0.565215,-1.48206,-1.78275,0.813121,0.662
0.663,0.0825605,0,0.0830305,0,0.0005358,0,-3.68968,-4.5336,0.565914,-1.45502,-1.75028,0.801044,0.663
0.664,0.0825605,0,0.0830305,0,0.0005358,0,-3.69108,-4.5354,0.566603,-1.42848,-1.7184,0.789141,0.664
0.665,0.0825605,0,0.0830305,0,0.0005358,0,-3.69245,-4.53717,0.567282,-1.40242,-1.6871,0.777411,0.665
0.666,0.0825605,0,0.0830305,0,0.0005358,0,-3.6938,-4.5389,0.567951,-1.37684,-1.65636,0.76585,0.666
0.667,0.0825605,0,0.0830305,0,0.0005358,0,-3.69512,-4.5406,0.568611,-1.35172,-1.62619,0.754457,0.667
0.668,0.0825605,0,0.0830305,0,0.0005358,0,-3.69643,-4.54227,0.569261,-1.32706,-1.59657,0.743228,0.668
0.669,0.0825605,0,0.0830305,0,0.0005358,0,-3.6977,-4.54391,0.569902,-1.30285,-1.56748,0.732163,0.669
0.67,0.0825605,0,0.0830305,0,0.0005358,0,-3.69895,-4.54553,0.570533,-1.27908,-1.53893,0.721258,0.67
0.671,0.0825605,0,0.0830305,0,0.0005358,0,-3.70018,-4.54711,0.571156,-1.25574,-1.51089,0.710511,0.671
0.672,0.0825605,0,0.0830305,0,0.0005358,0,-3.70139,-4.54866,0.571769,-1.23283,-1.48337,0.69992,0.672
0.673,0.0825605,0,0.0830305,0,0.0005358,0,-3.70258,-4.55019,0.572374,-1.21034,-1.45634,0.689483,0.673
0.674,0.0825605,0,0.0830305,0,0.0005358,0,-3.70374,-4.55169,0.57297,-1.18826,-1.42981,0.679198,0.674
0.675,0.0825605,0,0.0830305,0,0.0005358,0,-3.70488,-4.55316,0.573557,-1.16657,-1.40376,0.669062,0.675
0.676,0.0825605,0,0.0830305,0,0.0005358,0,-3.706,-4.5546,0.574136,-1.14529,-1.37819,0.659073,0.676
0.677,0.0825605,0,0.0830305,0,0.0005358,0,-3.7071,-4.55602,0.574706,-1.12439,-1.35308,0.64923,0.677
0.678,0.0825605,0,0.0830305,0,0.0005358,0,-3.70818,-4.55741,0.575268,-1.10387,-1.32843,0.63953,0.678
0.679,0.0825605,0,0.0830305,0,0.0005358,0,-3.70924,-4.55878,0.575822,-1.08373,-1.30422,0.629971,0.679
0.68,0.0825605,0,0.0830305,0,0.0005358,0,-3.71028,-4.56012,0.576368,-1.06396,-1.28046,0.620552,0.68
0.681,0.0825605,0,0.0830305,0,0.0005358,0,-3.7113,-4.56144,0.576906,-1.04454,-1.25713,0.61127,0.681
0.682,0.0825605,0,0.0830305,0,0.0005358,0,-3.7123,-4.56273,0.577437,-1.02548,-1.23422,0.602123,0.682
0.683,0.0825605,0,0.0830305,0,0.0005358,0,-3.71329,-4.564,0.577959,-1.00676,-1.21174,0.59311,0.683
0.684,0.0825605,0,0.0830305,0,0.0005358,0,-3.71425,-4.56525,0.578474,-0.988392,-1.18966,0.584228,0.684
0.685,0.0825605,0,0.0830305,0,0.0005358,0,-3.7152,-4.56647,0.578982,-0.970354,-1.16798,0.575476,0.685
0.686,0.0825605,0,0.0830305,0,0.0005358,0,-3.71613,-4.56768,0.579482,-0.952645,-1.1467,0.566852,0.686
0.687,0.0825605,0,0.0830305,0,0.0005358,0,-3.71705,-4.56886,0.579975,-0.935258,-1.1258,0.558354,0.687
0.688,0.0825605,0,0.0830305,0,0.0005358,0,-3.71794,-4.57002,0.580461,-0.918189,-1.10529,0.54998,0.688
0.689,0.0825605,0,0.0830305,0,0.0005358,0,-3.71882,-4.57116,0.580939,-0.901431,-1.08515,0.541729,0.689
0.69,0.0825605,0,0.0830305,0,0.0005358,0,-3.71969,-4.57227,0.581411,-0.884978,-1.06538,0.533599,0.69
0.691,0.0825605,0,0.0830305,0,0.0005358,0,-3.72053,-4.57337,0.581876,-0.868825,-1.04596,0.525587,0.691
0.692,0.0825605,0,0.0830305,0,0.0005358,0,-3.72137,-4.57445,0.582334,-0.852967,-1.0269,0.517693,0.692
0.693,0.0825605,0,0.0830305,0,0.0005358,0,-3.72218,-4.57551,0.582785,-0.837398,-1.00819,0.509915,0.693
0.694,0.0825605,0,0.0830305,0,0.0005358,0,-3.72299,-4.57655,0.58323,-0.822112,-0.989819,0.502251,0.694
0.695,0.0825605,0,0.0830305,0,0.0005358,0,-3.72377,-4.57757,0.583668,-0.807106,-0.971781,0.494699,0.695
0.696,0.0825605,0,0.0830305,0,0.0005358,0,-3.72455,-4.57857,0.5841,-0.792372,-0.954072,0.487258,0.696
0.697,0.0825605,0,0.0830305,0,0.0005358,0,-3.7253,-4.57955,0.584526,-0.777908,-0.936686,0.479927,0.697
0.698,0.0825605,0,0.0830305,0,0.0005358,0,-3.72605,-4.58052,0.584945,-0.763707,-0.919616,0.472703,0.698
0.699,0.0825605,0,0.0830305,0,0.0005358,0,-3.72678,-4.58147,0.585359,-0.749766,-0.902858,0.465585,0.699
0.7,0.0825605,0,0.0830305,0,0.0005358,0,-3.7275,-4.5824,0.585766,-0.736078,-0.886404,0.458572,0.7
0.701,0.0825605,0,0.0830305,0,0.0005358,0,-3.7282,-4.58331,0.586167,-0.72264,-0.87025,0.451662,0.701
0.702,0.0825605,0,0.0830305,0,0.0005358,0,-3.72889,-4.58421,0.586562,-0.709447,-0.854391,0.444854,0.702
0.703,0.0825605,0,0.0830305,0,0.0005358,0,-3.72957,-4.58509,0.586952,-0.696495,-0.83882,0.438146,0.703
0.704,0.0825605,0,0.0830305,0,0.0005358,0,-3.73024,-4.58596,0.587336,-0.683778,-0.823533,0.431537,0.704
0.705,0.0825605,0,0.0830305,0,0.0005358,0,-3.73089,-4.58681,0.587714,-0.671294,-0.808524,0.425025,0.705
0.706,0.0825605,0,0.0830305,0,0.0005358,0,-3.73153,-4.58764,0.588087,-0.659037,-0.793789,0.418609,0.706
0.707,0.0825605,0,0.0830305,0,0.0005358,0,-3.73216,-4.58846,0.588454,-0.647004,-0.779322,0.412288,0.707
0.708,0.0825605,0,0.0830305,0,0.0005358,0,-3.73278,-4.58927,0.588816,-0.635191,-0.765119,0.406061,0.708
0.709,0.0825605,0,0.0830305,0,0.0005358,0,-3.73339,-4.59006,0.589173,-0.623592,-0.751174,0.399925,0.709
0.71,0.0825605,0,0.0830305,0,0.0005358,0,-3.73398,-4.59083,0.589524,-0.612206,-0.737484,0.39388,0.71
0.711,0.0825605,0,0.0830305,0,0.0005358,0,-3.73457,-4.59159,0.58987,-0.601026,-0.724043,0.387924,0.711
0.712,0.0825605,0,0.0830305,0,0.0005358,0,-3.73514,-4.59234,0.590211,-0.590051,-0.710847,0.382056,0.712
0.713,0.0825605,0,0.0830305,0,0.0005358,0,-3.7357,-4.59308,0.590547,-0.579276,-0.697891,0.376275,0.713
0.714,0.0825605,0,0.0830305,0,0.0005358,0,-3.73625,-4.5938,0.590878,-0.568698,-0.685171,0.37058,0.714
0.715,0.0825605,0,0.0830305,0,0.0005358,0,-3.7368,-4.5945,0.591204,-0.558312,-0.672683,0.364969,0.715
0.716,0.0825605,0,0.0830305,0,0.0005358,0,-3.73733,-4.5952,0.591526,-0.548116,-0.660422,0.359441,0.716
0.717,0.0825605,0,0.0830305,0,0.0005358,0,-3.73785,-4.59588,0.591842,-0.538106,-0.648385,0.353994,0.717
0.718,0.0825605,0,0.0830305,0,0.0005358,0,-3.73837,-4.59655,0.592154,-0.528278,-0.636567,0.348629,0.718
0.719,0.0825605,0,0.0830305,0,0.0005358,0,-3.73887,-4.59721,0.592462,-0.51863,-0.624965,0.343343,0.719
0.72,0.0825605,0,0.0830305,0,0.0005358,0,-3.73936,-4.59786,0.592764,-0.509158,-0.613574,0.338136,0.72
0.721,0.0825605,0,0.0830305,0,0.0005358,0,-3.73985,-4.59849,0.593063,-0.499858,-0.60239,0.333006,0.721
0.722,0.0825605,0,0.0830305,0,0.0005358,0,-3.74033,-4.59911,0.593357,-0.490728,-0.59141,0.327952,0.722
0.723,0.0825605,0,0.0830305,0,0.0005358,0,-3.74079,-4.59972,0.593646,-0.481765,-0.58063,0.322973,0.723
0.724,0.0825605,0,0.0830305,0,0.0005358,0,-3.74125,-4.60032,0.593932,-0.472965,-0.570047,0.318068,0.724
0.725,0.0825605,0,0.0830305,0,0.0005358,0,-3.7417,-4.60091,0.594213,-0.464326,-0.559656,0.313236,0.725
0.726,0.0825605,0,0.0830305,0,0.0005358,0,-3.74214,-4.60149,0.59449,-0.455844,-0.549455,0.308476,0.726
0.727,0.0825605,0,0.0830305,0,0.0005358,0,-3.74258,-4.60206,0.594763,-0.447517,-0.53944,0.303787,0.727
0.728,0.0825605,0,0.0830305,0,0.0005358,0,-3.743,-4.60262,0.595031,-0.439342,-0.529607,0.299167,0.728
0.729,0.0825605,0,0.0830305,0,0.0005358,0,-3.74342,-4.60317,0.595296,-0.431316,-0.519953,0.294617,0.729
0.73,0.0825605,0,0.0830305,0,0.0005358,0,-3.74383,-4.60371,0.595557,-0.423437,-0.510476,0.290134,0.73
0.731,0.0825605,0,0.0830305,0,0.0005358,0,-3.74424,-4.60423,0.595814,-0.415701,-0.501171,0.285718,0.731
0.732,0.0825605,0,0.0830305,0,0.0005358,0,-3.74463,-4.60475,0.596067,-0.408106,-0.492035,0.281367,0.732
0.733,0.0825605,0,0.0830305,0,0.0005358,0,-3.74502,-4.60526,0.596317,-0.40065,-0.483066,0.277082,0.733
0.734,0.0825605,0,0.0830305,0,0.0005358,0,-3.7454,-4.60576,0.596562,-0.39333,-0.47426,0.272861,0.734
0.735,0.0825605,0,0.0830305,0,0.0005358,0,-3.74577,-4.60625,0.596805,-0.386144,-0.465615,0.268702,0.735
0.736,0.0825605,0,0.0830305,0,0.0005358,0,-3.74614,-4.60674,0.597043,-0.379089,-0.457128,0.264606,0.736
0.737,0.0825605,0,0.0830305,0,0.0005358,0,-3.7465,-4.60721,0.597278,-0.372162,-0.448795,0.260571,0.737
0.738,0.0825605,0,0.0830305,0,0.0005358,0,-3.74685,-4.60767,0.597509,-0.365362,-0.440614,0.256596,0.738
0.739,0.0825605,0,0.0830305,0,0.0005358,0,-3.7472,-4.60813,0.597737,-0.358686,-0.432582,0.252681,0.739
0.74,0.0825605,0,0.0830305,0,0.0005358,0,-3.74754,-4.60858,0.597962,-0.352132,-0.424696,0.248824,0.74
0.741,0.0825605,0,0.0830305,0,0.0005358,0,-3.74788,-4.60902,0.598183,-0.345697,-0.416954,0.245025,0.741
0.742,0.0825605,0,0.0830305,0,0.0005358,0,-3.7482,-4.60945,0.598401,-0.33938,-0.409353,0.241283,0.742
0.743,0.0825605,0,0.0830305,0,0.0005358,0,-3.74853,-4.60988,0.598616,-0.333178,-0.401891,0.237597,0.743
0.744,0.0825605,0,0.0830305,0,0.0005358,0,-3.74884,-4.61029,0.598827,-0.327089,-0.394565,0.233966,0.744
0.745,0.0825605,0,0.0830305,0,0.0005358,0,-3.74915,-4.6107,0.599036,-0.321111,-0.387372,0.230389,0.745
0.746,0.0825605,0,0.0830305,0,0.0005358,0,-3.74946,-4.6111,0.599241,-0.315243,-0.38031,0.226866,0.746
0.747,0.0825605,0,0.0830305,0,0.0005358,0,-3.74976,-4.6115,0.599443,-0.309482,-0.373377,0.223396,0.747
0.748,0.0825605,0,0.0830305,0,0.0005358,0,-3.75005,-4.61188,0.599642,-0.303825,-0.366571,0.219978,0.748
0.749,0.0825605,0,0.0830305,0,0.0005358,0,-3.75034,-4.61226,0.599838,-0.298272,-0.359888,0.216612,0.749
0.75,0.0825605,0,0.0830305,0,0.0005358,0,-3.75062,-4.61264,0.600032,-0.292821,-0.353327,0.213296,0.75
0.751,0.0825605,0,0.0830305,0,0.0005358,0,-3.7509,-4.613,0.600222,-0.287468,-0.346886,0.210029,0.751
0.752,0.0825605,0,0.0830305,0,0.0005358,0,-3.75117,-4.61336,0.600409,-0.282214,-0.340562,0.206812,0.752
0.753,0.0825605,0,0.0830305,0,0.0005358,0,-3.75144,-4.61372,0.600594,-0.277055,-0.334354,0.203643,0.753
0.754,0.0825605,0,0.0830305,0,0.0005358,0,-3.7517,-4.61406,0.600776,-0.271991,-0.328258,0.200522,0.754
0.755,0.0825605,0,0.0830305,0,0.0005358,0,-3.75196,-4.6144,0.600955,-0.267019,-0.322274,0.197448,0.755
0.756,0.0825605,0,0.0830305,0,0.0005358,0,-3.75221,-4.61474,0.601132,-0.262138,-0.316399,0.19442,0.756
0.757,0.0825605,0,0.0830305,0,0.0005358,0,-3.75246,-4.61507,0.601306,-0.257346,-0.310631,0.191437,0.757
0.758,0.0825605,0,0.0830305,0,0.0005358,0,-3.7527,-4.61539,0.601477,-0.252641,-0.304968,0.1885,0.758
0.759,0.0825605,0,0.0830305,0,0.0005358,0,-3.75294,-4.61571,0.601646,-0.248023,-0.299408,0.185607,0.759
0.76,0.0825605,0,0.0830305,0,0.0005358,0,-3.75318,-4.61602,0.601812,-0.243488,-0.293949,0.182757,0.76
0.761,0.0825605,0,0.0830305,0,0.0005358,0,-3.75341,-4.61632,0.601975,-0.239037,-0.28859,0.179951,0.761
0.762,0.0825605,0,0.0830305,0,0.0005358,0,-3.75363,-4.61662,0.602137,-0.234666,-0.283329,0.177186,0.762
0.763,0.0825605,0,0.0830305,0,0.0005358,0,-3.75385,-4.61692,0.602295,-0.230376,-0.278164,0.174464,0.763
0.764,0.0825605,0,0.0830305,0,0.0005358,0,-3.75407,-4.61721,0.602452,-0.226164,-0.273092,0.171782,0.764
0.765,0.0825605,0,0.0830305,0,0.0005358,0,-3.75429,-4.61749,0.602606,-0.222028,-0.268114,0.169141,0.765
0.766,0.0825605,0,0.0830305,0,0.0005358,0,-3.7545,-4.61777,0.602757,-0.217968,-0.263226,0.16654,0.766
0.767,0.0825605,0,0.0830305,0,0.0005358,0,-3.7547,-4.61804,0.602907,-0.213983,-0.258427,0.163978,0.767
0.768,0.0825605,0,0.0830305,0,0.0005358,0,-3.7549,-4.61831,0.603054,-0.21007,-0.253715,0.161455,0.768
0.769,0.0825605,0,0.0830305,0,0.0005358,0,-3.7551,-4.61857,0.603199,-0.206228,-0.249089,0.15897,0.769
0.77,0.0825605,0,0.0830305,0,0.0005358,0,-3.7553,-4.61883,0.603342,-0.202457,-0.244548,0.156523,0.77
0.771,0.0825605,0,0.0830305,0,0.0005358,0,-3.75549,-4.61909,0.603482,-0.198755,-0.24009,0.154112,0.771
0.772,0.0825605,0,0.0830305,0,0.0005358,0,-3.75568,-4.61934,0.603621,-0.19512,-0.235712,0.151738,0.772
0.773,0.0825605,0,0.0830305,0,0.0005358,0,-3.75586,-4.61958,0.603757,-0.191552,-0.231415,0.149401,0.773
0.774,0.0825605,0,0.0830305,0,0.0005358,0,-3.75604,-4.61982,0.603892,-0.188048,-0.227196,0.147098,0.774
0.775,0.0825605,0,0.0830305,0,0.0005358,0,-3.75622,-4.62006,0.604024,-0.184609,-0.223054,0.14483,0.775
0.776,0.0825605,0,0.0830305,0,0.0005358,0,-3.75639,-4.62029,0.604154,-0.181232,-0.218987,0.142597,0.776
0.777,0.0825605,0,0.0830305,0,0.0005358,0,-3.75656,-4.62052,0.604283,-0.177918,-0.214994,0.140398,0.777
0.778,0.0825605,0,0.0830305,0,0.0005358,0,-3.75673,-4.62074,0.604409,-0.174663,-0.211075,0.138232,0.778
0.779,0.0825605,0,0.0830305,0,0.0005358,0,-3.7569,-4.62096,0.604534,-0.171469,-0.207226,0.136099,0.779
0.78,0.0825605,0,0.0830305,0,0.0005358,0,-3.75706,-4.62118,0.604656,-0.168332,-0.203448,0.133998,0.78
0.781,0.0825605,0,0.0830305,0,0.0005358,0,-3.75722,-4.62139,0.604777,-0.165253,-0.199739,0.131929,0.781
0.782,0.0825605,0,0.0830305,0,0.0005358,0,-3.75737,-4.6216,0.604896,-0.16223,-0.196097,0.129891,0.782
0.783,0.0825605,0,0.0830305,0,0.0005358,0,-3.75752,-4.6218,0.605013,-0.159262,-0.192522,0.127885,0.783
0.784,0.0825605,0,0.0830305,0,0.0005358,0,-3.75767,-4.622,0.605129,-0.156349,-0.189012,0.125909,0.784
0.785,0.0825605,0,0.0830305,0,0.0005358,0,-3.75782,-4.6222,0.605242,-0.153488,-0.185565,0.123963,0.785
0.786,0.0825605,0,0.0830305,0,0.0005358,0,-3.75797,-4.62239,0.605354,-0.15068,-0.182182,0.122047,0.786
0.787,0.0825605,0,0.0830305,0,0.0005358,0,-3.75811,-4.62258,0.605464,-0.147924,-0.17886,0.120159,0.787
0.788,0.0825605,0,0.0830305,0,0.0005358,0,-3.75825,-4.62277,0.605573,-0.145217,-0.175599,0.118301,0.788
0.789,0.0825605,0,0.0830305,0,0.0005358,0,-3.75838,-4.62295,0.60568,-0.14256,-0.172398,0.116471,0.789
0.79,0.0825605,0,0.0830305,0,0.0005358,0,-3.75852,-4.62313,0.605785,-0.139952,-0.169254,0.114668,0.79
0.791,0.0825605,0,0.0830305,0,0.0005358,0,-3.75865,-4.62331,0.605889,-0.137391,-0.166168,0.112893,0.791
0.792,0.0825605,0,0.0830305,0,0.0005358,0,-3.75878,-4.62348,0.605991,-0.134877,-0.163139,0.111145,0.792
0.793,0.0825605,0,0.0830305,0,0.0005358,0,-3.75891,-4.62365,0.606091,-0.132409,-0.160164,0.109424,0.793
0.794,0.0825605,0,0.0830305,0,0.0005358,0,-3.75903,-4.62382,0.60619,-0.129986,-0.157244,0.107729,0.794
0.795,0.0825605,0,0.0830305,0,0.0005358,0,-3.75915,-4.62398,0.606288,-0.127607,-0.154377,0.10606,0.795
0.796,0.0825605,0,0.0830305,0,0.0005358,0,-3.75927,-4.62414,0.606384,-0.125272,-0.151562,0.104416,0.796
0.797,0.0825605,0,0.0830305,0,0.0005358,0,-3.75939,-4.6243,0.606478,-0.12298,-0.148799,0.102798,0.797
0.798,0.0825605,0,0.0830305,0,0.0005358,0,-3.7595,-4.62446,0.606571,-0.120729,-0.146086,0.101204,0.798
0.799,0.0825605,0,0.0830305,0,0.0005358,0,-3.75962,-4.62461,0.606663,-0.11852,-0.143422,0.0996343,0.799
0,0.0825605,0,0.0830305,0,0.0005358,0,-3.75973,-4.62476,0.606753,-0.11635,-0.140807,0.0980887,0.8
