BST,AMR,ALR,AIR,ASR,ASO,AIO,RX,RY,RZ,RXu,RYu,RZu,SST
0,0,0,0,0,0,0,0,0,0,0,0,0,0
0,0,0,0,0,0,0,0,0,0,0,0,0,0
0,0,0,0,0,0,0,0,0,0,0,0,0,0
0.001,0,0,0,0,0,0,0,0,0,0,0,0,0.001
0.002,0,0,0,0,0,0,0,0,0,0,0,0,0.002
0.003,0,0,0,0,0,0,0,0,0,0,0,0,0.003
0.004,0,0,0,0,0,0,0,0,0,0,0,0,0.004
0.005,0,0,0,0,0,0,0,0,0,0,0,0,0.005
0.006,0,0,0,0,0,0,0,0,0,0,0,0,0.006
0.007,0,0,0,0,0,0,0,0,0,0,0,0,0.007
0.008,0,0,0,0,0,0,0,0,0,0,0,0,0.008
0.009,0,0,0,0,0,0,0,0,0,0,0,0,0.009
0.01,0,0,0,0,0,0,0,0,0,0,0,0,0.01
0.011,0,0,0,0,0,0,0,0,0,0,0,0,0.011
0.012,0,0,0,0,0,0,0,0,0,0,0,0,0.012
0.013,0,0,0,0,0,0,0,0,0,0,0,0,0.013
0.014,0,0,0,0,0,0,0,0,0,0,0,0,0.014
0.015,0,0,0,0,0,0,0,0,0,0,0,0,0.015
0.016,0,0,0,0,0,0,0,0,0,0,0,0,0.016
0.017,0,0,0,0,0,0,0,0,0,0,0,0,0.017
0.018,0,0,0,0,0,0,0,0,0,0,0,0,0.018
0.019,0,0,0,0,0,0,0,0,0,0,0,0,0.019
0.02,0,0,0,0,0,0,0,0,0,0,0,0,0.02
0.021,0,0,0,0,0,0,0,0,0,0,0,0,0.021
0.022,0,0,0,0,0,0,0,0,0,0,0,0,0.022
0.023,0,0,0,0,0,0,0,0,0,0,0,0,0.023
0.024,0,0,0,0,0,0,0,0,0,0,0,0,0.024
0.025,0,0,0,0,0,0,0,0,0,0,0,0,0.025
0.026,0,0,0,0,0,0,0,0,0,0,0,0,0.026
0.027,0,0,0,0,0,0,0,0,0,0,0,0,0.027
0.028,0,0,0,0,0,0,0,0,0,0,0,0,0.028
0.029,0,0,0,0,0,0,0,0,0,0,0,0,0.029
0.03,0,0,0,0,0,0,0,0,0,0,0,0,0.03
0.031,0,0,0,0,0,0,0,0,0,0,0,0,0.031
0.032,0,0,0,0,0,0,0,0,0,0,0,0,0.032
0.033,0,0,0,0,0,0,0,0,0,0,0,0,0.033
0.034,0,0,0,0,0,0,0,0,0,0,0,0,0.034
0.035,0,0,0,0,0,0,0,0,0,0,0,0,0.035
0.036,0,0,0,0,0,0,0,0,0,0,0,0,0.036
0.037,0,0,0,0,0,0,0,0,0,0,0,0,0.037
0.038,0,0,0,0,0,0,0,0,0,0,0,0,0.038
0.039,0,0,0,0,0,0,0,0,0,0,0,0,0.039
0.04,0,0,0,0,0,0,0,0,0,0,0,0,0.04
0.041,0,0,0,0,0,0,0,0,0,0,0,0,0.041
0.042,0,0,0,0,0,0,0,0,0,0,0,0,0.042
0.043,0,0,0,0,0,0,0,0,0,0,0,0,0.043
0.044,0,0,0,0,0,0,0,0,0,0,0,0,0.044
0.045,0,0,0,0,0,0,0,0,0,0,0,0,0.045
0.046,0,0,0,0,0,0,0,0,0,0,0,0,0.046
0.047,0,0,0,0,0,0,0,0,0,0,0,0,0.047
0.048,0,0,0,0,0,0,0,0,0,0,0,0,0.048
0.049,0,0,0,0,0,0,0,0,0,0,0,0,0.049
0.05,0,0,0,0,0,0,0,0,0,0,0,0,0.05
0.051,0,0,0,0,0,0,0,0,0,0,0,0,0.051
0.052,0,0,0,0,0,0,0,0,0,0,0,0,0.052
0.053,0,0,0,0,0,0,0,0,0,0,0,0,0.053
0.054,0,0,0,0,0,0,0,0,0,0,0,0,0.054
0.055,0,0,0,0,0,0,0,0,0,0,0,0,0.055
0.056,0,0,0,0,0,0,0,0,0,0,0,0,0.056
0.057,0,0,0,0,0,0,0,0,0,0,0,0,0.057
0.058,0,0,0,0,0,0,0,0,0,0,0,0,0.058
0.059,0,0,0,0,0,0,0,0,0,0,0,0,0.059
0.06,0,0,0,0,0,0,0,0,0,0,0,0,0.06
0.061,0,0,0,0,0,0,0,0,0,0,0,0,0.061
0.062,0,0,0,0,0,0,0,0,0,0,0,0,0.062
0.063,0,0,0,0,0,0,0,0,0,0,0,0,0.063
0.064,0,0,0,0,0,0,0,0,0,0,0,0,0.064
0.065,0,0,0,0,0,0,0,0,0,0,0,0,0.065
0.066,0,0,0,0,0,0,0,0,0,0,0,0,0.066
0.067,0,0,0,0,0,0,0,0,0,0,0,0,0.067
0.068,0,0,0,0,0,0,0,0,0,0,0,0,0.068
0.069,0,0,0,0,0,0,0,0,0,0,0,0,0.069
0.07,0,0,0,0,0,0,0,0,0,0,0,0,0.07
0.071,0,0,0,0,0,0,0,0,0,0,0,0,0.071
0.072,0,0,0,0,0,0,0,0,0,0,0,0,0.072
0.073,0,0,0,0,0,0,0,0,0,0,0,0,0.073
0.074,0,0,0,0,0,0,0,0,0,0,0,0,0.074
0.075,0,0,0,0,0,0,0,0,0,0,0,0,0.075
0.076,0,0,0,0,0,0,0,0,0,0,0,0,0.076
0.077,0,0,0,0,0,0,0,0,0,0,0,0,0.077
0.078,0,0,0,0,0,0,0,0,0,0,0,0,0.078
0.079,0,0,0,0,0,0,0,0,0,0,0,0,0.079
0.08,0,0,0,0,0,0,0,0,0,0,0,0,0.08
0.081,0,0,0,0,0,0,0,0,0,0,0,0,0.081
0.082,0,0,0,0,0,0,0,0,0,0,0,0,0.082
0.083,0,0,0,0,0,0,0,0,0,0,0,0,0.083
0.084,0,0,0,0,0,0,0,0,0,0,0,0,0.084
0.085,0,0,0,0,0,0,0,0,0,0,0,0,0.085
0.086,0,0,0,0,0,0,0,0,0,0,0,0,0.086
0.087,0,0,0,0,0,0,0,0,0,0,0,0,0.087
0.088,0,0,0,0,0,0,0,0,0,0,0,0,0.088
0.089,0,0,0,0,0,0,0,0,0,0,0,0,0.089
0.09,0,0,0,0,0,0,0,0,0,0,0,0,0.09
0.091,0,0,0,0,0,0,0,0,0,0,0,0,0.091
0.092,0,0,0,0,0,0,0,0,0,0,0,0,0.092
0.093,0,0,0,0,0,0,0,0,0,0,0,0,0.093
0.094,0,0,0,0,0,0,0,0,0,0,0,0,0.094
0.095,0,0,0,0,0,0,0,0,0,0,0,0,0.095
0.096,0,0,0,0,0,0,0,0,0,0,0,0,0.096
0.097,0,0,0,0,0,0,0,0,0,0,0,0,0.097
0.098,0,0,0,0,0,0,0,0,0,0,0,0,0.098
0.099,0,0,0,0,0,0,0,0,0,0,0,0,0.099
0.1,0,0,0,0,0,0,0,0,0,0,0,0,0.1
0.101,0,0,0,0,0,0,0,0,0,0,0,0,0.101
0.102,0,0,0,0,0,0,0,0,0,0,0,0,0.102
0.103,0,0,0,0,0,0,0,0,0,0,0,0,0.103
0.104,0,0,0,0,0,0,0,0,0,0,0,0,0.104
0.105,0,0,0,0,0,0,0,0,0,0,0,0,0.105
0.106,0,0,0,0,0,0,0,0,0,0,0,0,0.106
0.107,0,0,0,0,0,0,0,0,0,0,0,0,0.107
0.108,0,0,0,0,0,0,0,0,0,0,0,0,0.108
0.109,0,0,0,0,0,0,0,0,0,0,0,0,0.109
0.11,0,0,0,0,0,0,0,0,0,0,0,0,0.11
0.111,0,0,0,0,0,0,0,0,0,0,0,0,0.111
0.112,0,0,0,0,0,0,0,0,0,0,0,0,0.112
0.113,0,0,0,0,0,0,0,0,0,0,0,0,0.113
0.114,0,0,0,0,0,0,0,0,0,0,0,0,0.114
0.115,0,0,0,0,0,0,0,0,0,0,0,0,0.115
0.116,0,0,0,0,0,0,0,0,0,0,0,0,0.116
0.117,0,0,0,0,0,0,0,0,0,0,0,0,0.117
0.118,0,0,0,0,0,0,0,0,0,0,0,0,0.118
0.119,0,0,0,0,0,0,0,0,0,0,0,0,0.119
0.12,0,0,0,0,0,0,0,0,0,0,0,0,0.12
0.121,0,0,0,0,0,0,0,0,0,0,0,0,0.121
0.122,0,0,0,0,0,0,0,0,0,0,0,0,0.122
0.123,0,0,0,0,0,0,0,0,0,0,0,0,0.123
0.124,0,0,0,0,0,0,0,0,0,0,0,0,0.124
0.125,0,0,0,0,0,0,0,0,0,0,0,0,0.125
0.126,0,0,0,0,0,0,0,0,0,0,0,0,0.126
0.127,0,0,0,0,0,0,0,0,0,0,0,0,0.127
0.128,0,0,0,0,0,0,0,0,0,0,0,0,0.128
0.129,0,0,0,0,0,0,0,0,0,0,0,0,0.129
0.13,0,0,0,0,0,0,0,0,0,0,0,0,0.13
0.131,0,0,0,0,0,0,0,0,0,0,0,0,0.131
0.132,0,0,0,0,0,0,0,0,0,0,0,0,0.132
0.133,0,0,0,0,0,0,0,0,0,0,0,0,0.133
0.134,0,0,0,0,0,0,0,0,0,0,0,0,0.134
0.135,0,0,0,0,0,0,0,0,0,0,0,0,0.135
0.136,0,0,0,0,0,0,0,0,0,0,0,0,0.136
0.137,0,0,0,0,0,0,0,0,0,0,0,0,0.137
0.138,0,0,0,0,0,0,0,0,0,0,0,0,0.138
0.139,0,0,0,0,0,0,0,0,0,0,0,0,0.139
0.14,0,0,0,0,0,0,0,0,0,0,0,0,0.14
0.141,0,0,0,0,0,0,0,0,0,0,0,0,0.141
0.142,0,0,0,0,0,0,0,0,0,0,0,0,0.142
0.143,0,0,0,0,0,0,0,0,0,0,0,0,0.143
0.144,0,0,0,0,0,0,0,0,0,0,0,0,0.144
0.145,0,0,0,0,0,0,0,0,0,0,0,0,0.145
0.146,0,0,0,0,0,0,0,0,0,0,0,0,0.146
0.147,0,0,0,0,0,0,0,0,0,0,0,0,0.147
0.148,0,0,0,0,0,0,0,0,0,0,0,0,0.148
0.149,0,0,0,0,0,0,0,0,0,0,0,0,0.149
0.15,0,0,0,0,0,0,0,0,0,0,0,0,0.15
0.151,0,0,0,0,0,0,0,0,0,0,0,0,0.151
0.152,0,0,0,0,0,0,0,0,0,0,0,0,0.152
0.153,0,0,0,0,0,0,0,0,0,0,0,0,0.153
0.154,0,0,0,0,0,0,0,0,0,0,0,0,0.154
0.155,0,0,0,0,0,0,0,0,0,0,0,0,0.155
0.156,0,0,0,0,0,0,0,0,0,0,0,0,0.156
0.157,0,0,0,0,0,0,0,0,0,0,0,0,0.157
0.158,0,0,0,0,0,0,0,0,0,0,0,0,0.158
0.159,0,0,0,0,0,0,0,0,0,0,0,0,0.159
0.16,0,0,0,0,0,0,0,0,0,0,0,0,0.16
0.161,0,0,0,0,0,0,0,0,0,0,0,0,0.161
0.162,0,0,0,0,0,0,0,0,0,0,0,0,0.162
0.163,0,0,0,0,0,0,0,0,0,0,0,0,0.163
0.164,0,0,0,0,0,0,0,0,0,0,0,0,0.164
0.165,0,0,0,0,0,0,0,0,0,0,0,0,0.165
0.166,0,0,0,0,0,0,0,0,0,0,0,0,0.166
0.167,0,0,0,0,0,0,0,0,0,0,0,0,0.167
0.168,0,0,0,0,0,0,0,0,0,0,0,0,0.168
0.169,0,0,0,0,0,0,0,0,0,0,0,0,0.169
0.17,0,0,0,0,0,0,0,0,0,0,0,0,0.17
0.171,0,0,0,0,0,0,0,0,0,0,0,0,0.171
0.172,0,0,0,0,0,0,0,0,0,0,0,0,0.172
0.173,0,0,0,0,0,0,0,0,0,0,0,0,0.173
0.174,0,0,0,0,0,0,0,0,0,0,0,0,0.174
0.175,0,0,0,0,0,0,0,0,0,0,0,0,0.175
0.176,0,0,0,0,0,0,0,0,0,0,0,0,0.176
0.177,0,0,0,0,0,0,0,0,0,0,0,0,0.177
0.178,0,0,0,0,0,0,0,0,0,0,0,0,0.178
0.179,0,0,0,0,0,0,0,0,0,0,0,0,0.179
0.18,0,0,0,0,0,0,0,0,0,0,0,0,0.18
0.181,0,0,0,0,0,0,0,0,0,0,0,0,0.181
0.182,0,0,0,0,0,0,0,0,0,0,0,0,0.182
0.183,0,0,0,0,0,0,0,0,0,0,0,0,0.183
0.184,0,0,0,0,0,0,0,0,0,0,0,0,0.184
0.185,0,0,0,0,0,0,0,0,0,0,0,0,0.185
0.186,0,0,0,0,0,0,0,0,0,0,0,0,0.186
0.187,0,0,0,0,0,0,0,0,0,0,0,0,0.187
0.188,0,0,0,0,0,0,0,0,0,0,0,0,0.188
0.189,0,0,0,0,0,0,0,0,0,0,0,0,0.189
0.19,0,0,0,0,0,0,0,0,0,0,0,0,0.19
0.191,0,0,0,0,0,0,0,0,0,0,0,0,0.191
0.192,0,0,0,0,0,0,0,0,0,0,0,0,0.192
0.193,0,0,0,0,0,0,0,0,0,0,0,0,0.193
0.194,0,0,0,0,0,0,0,0,0,0,0,0,0.194
0.195,0,0,0,0,0,0,0,0,0,0,0,0,0.195
0.196,0,0,0,0,0,0,0,0,0,0,0,0,0.196
0.197,0,0,0,0,0,0,0,0,0,0,0,0,0.197
0.198,0,0,0,0,0,0,0,0,0,0,0,0,0.198
0.199,0,0,0,0,0,0,0,0,0,0,0,0,0.199
0.2,0,0,0,0,0,0,0,0,0,0,0,0,0.2
0.201,0,0,0,0,0,0,0,0,0,0,0,0,0.201
0.202,0,0,0,0,0,0,0,0,0,0,0,0,0.202
0.203,0,0,0,0,0,0,0,0,0,0,0,0,0.203
0.204,0,0,0,0,0,0,0,0,0,0,0,0,0.204
0.205,0,0,0,0,0,0,0,0,0,0,0,0,0.205
0.206,0,0,0,0,0,0,0,0,0,0,0,0,0.206
0.207,0,0,0,0,0,0,0,0,0,0,0,0,0.207
0.208,0,0,0,0,0,0,0,0,0,0,0,0,0.208
0.209,0,0,0,0,0,0,0,0,0,0,0,0,0.209
0.21,0,0,0,0,0,0,0,0,0,0,0,0,0.21
0.211,0,0,0,0,0,0,0,0,0,0,0,0,0.211
0.212,0,0,0,0,0,0,0,0,0,0,0,0,0.212
0.213,0,0,0,0,0,0,0,0,0,0,0,0,0.213
0.214,0,0,0,0,0,0,0,0,0,0,0,0,0.214
0.215,0,0,0,0,0,0,0,0,0,0,0,0,0.215
0.216,0,0,0,0,0,0,0,0,0,0,0,0,0.216
0.217,0,0,0,0,0,0,0,0,0,0,0,0,0.217
0.218,0,0,0,0,0,0,0,0,0,0,0,0,0.218
0.219,0,0,0,0,0,0,0,0,0,0,0,0,0.219
0.22,0,0,0,0,0,0,0,0,0,0,0,0,0.22
0.221,0,0,0,0,0,0,0,0,0,0,0,0,0.221
0.222,0,0,0,0,0,0,0,0,0,0,0,0,0.222
0.223,0,0,0,0,0,0,0,0,0,0,0,0,0.223
0.224,0,0,0,0,0,0,0,0,0,0,0,0,0.224
0.225,0,0,0,0,0,0,0,0,0,0,0,0,0.225
0.226,0,0,0,0,0,0,0,0,0,0,0,0,0.226
0.227,0,0,0,0,0,0,0,0,0,0,0,0,0.227
0.228,0,0,0,0,0,0,0,0,0,0,0,0,0.228
0.229,0,0,0,0,0,0,0,0,0,0,0,0,0.229
0.23,0,0,0,0,0,0,0,0,0,0,0,0,0.23
0.231,0,0,0,0,0,0,0,0,0,0,0,0,0.231
0.232,0,0,0,0,0,0,0,0,0,0,0,0,0.232
0.233,0,0,0,0,0,0,0,0,0,0,0,0,0.233
0.234,0,0,0,0,0,0,0,0,0,0,0,0,0.234
0.235,0,0,0,0,0,0,0,0,0,0,0,0,0.235
0.236,0,0,0,0,0,0,0,0,0,0,0,0,0.236
0.237,0,0,0,0,0,0,0,0,0,0,0,0,0.237
0.238,0,0,0,0,0,0,0,0,0,0,0,0,0.238
0.239,0,0,0,0,0,0,0,0,0,0,0,0,0.239
0.24,0,0,0,0,0,0,0,0,0,0,0,0,0.24
0.241,0,0,0,0,0,0,0,0,0,0,0,0,0.241
0.242,0,0,0,0,0,0,0,0,0,0,0,0,0.242
0.243,0,0,0,0,0,0,0,0,0,0,0,0,0.243
0.244,0,0,0,0,0,0,0,0,0,0,0,0,0.244
0.245,0,0,0,0,0,0,0,0,0,0,0,0,0.245
0.246,0,0,0,0,0,0,0,0,0,0,0,0,0.246
0.247,0,0,0,0,0,0,0,0,0,0,0,0,0.247
0.248,0,0,0,0,0,0,0,0,0,0,0,0,0.248
0.249,0,0,0,0,0,0,0,0,0,0,0,0,0.249
0.25,0,0,0,0,0,0,0,0,0,0,0,0,0.25
0.251,0,0,0,0,0,0,0,0,0,0,0,0,0.251
0.252,0,0,0,0,0,0,0,0,0,0,0,0,0.252
0.253,0,0,0,0,0,0,0,0,0,0,0,0,0.253
0.254,0,0,0,0,0,0,0,0,0,0,0,0,0.254
0.255,0,0,0,0,0,0,0,0,0,0,0,0,0.255
0.256,0,0,0,0,0,0,0,0,0,0,0,0,0.256
0.257,0,0,0,0,0,0,0,0,0,0,0,0,0.257
0.258,0,0,0,0,0,0,0,0,0,0,0,0,0.258
0.259,0,0,0,0,0,0,0,0,0,0,0,0,0.259
0.26,0,0,0,0,0,0,0,0,0,0,0,0,0.26
0.261,0,0,0,0,0,0,0,0,0,0,0,0,0.261
0.262,0,0,0,0,0,0,0,0,0,0,0,0,0.262
0.263,0,0,0,0,0,0,0,0,0,0,0,0,0.263
0.264,0,0,0,0,0,0,0,0,0,0,0,0,0.264
0.265,0,0,0,0,0,0,0,0,0,0,0,0,0.265
0.266,0,0,0,0,0,0,0,0,0,0,0,0,0.266
0.267,0,0,0,0,0,0,0,0,0,0,0,0,0.267
0.268,0,0,0,0,0,0,0,0,0,0,0,0,0.268
0.269,0,0,0,0,0,0,0,0,0,0,0,0,0.269
0.27,0,0,0,0,0,0,0,0,0,0,0,0,0.27
0.271,0,0,0,0,0,0,0,0,0,0,0,0,0.271
0.272,0,0,0,0,0,0,0,0,0,0,0,0,0.272
0.273,0,0,0,0,0,0,0,0,0,0,0,0,0.273
0.274,0,0,0,0,0,0,0,0,0,0,0,0,0.274
0.275,0,0,0,0,0,0,0,0,0,0,0,0,0.275
0.276,0,0,0,0,0,0,0,0,0,0,0,0,0.276
0.277,0,0,0,0,0,0,0,0,0,0,0,0,0.277
0.278,0,0,0,0,0,0,0,0,0,0,0,0,0.278
0.279,0,0,0,0,0,0,0,0,0,0,0,0,0.279
0.28,0,0,0,0,0,0,0,0,0,0,0,0,0.28
0.281,0,0,0,0,0,0,0,0,0,0,0,0,0.281
0.282,0,0,0,0,0,0,0,0,0,0,0,0,0.282
0.283,0,0,0,0,0,0,0,0,0,0,0,0,0.283
0.284,0,0,0,0,0,0,0,0,0,0,0,0,0.284
0.285,0,0,0,0,0,0,0,0,0,0,0,0,0.285
0.286,0,0,0,0,0,0,0,0,0,0,0,0,0.286
0.287,0,0,0,0,0,0,0,0,0,0,0,0,0.287
0.288,0,0,0,0,0,0,0,0,0,0,0,0,0.288
0.289,0,0,0,0,0,0,0,0,0,0,0,0,0.289
0.29,0,0,0,0,0,0,0,0,0,0,0,0,0.29
0.291,0,0,0,0,0,0,0,0,0,0,0,0,0.291
0.292,0,0,0,0,0,0,0,0,0,0,0,0,0.292
0.293,0,0,0,0,0,0,0,0,0,0,0,0,0.293
0.294,0,0,0,0,0,0,0,0,0,0,0,0,0.294
0.295,0,0,0,0,0,0,0,0,0,0,0,0,0.295
0.296,0,0,0,0,0,0,0,0,0,0,0,0,0.296
0.297,0,0,0,0,0,0,0,0,0,0,0,0,0.297
0.298,0,0,0,0,0,0,0,0,0,0,0,0,0.298
0.299,0,0,0,0,0,0,0,0,0,0,0,0,0.299
0.3,0,0,0,0,0,0,0,0,0,0,0,0,0.3
0.301,0,0,0,0,0,0,0,0,0,0,0,0,0.301
0.302,0,0,0,0,0,0,0,0,0,0,0,0,0.302
0.303,0,0,0,0,0,0,0,0,0,0,0,0,0.303
0.304,0,0,0,0,0,0,0,0,0,0,0,0,0.304
0.305,0,0,0,0,0,0,0,0,0,0,0,0,0.305
0.306,0,0,0,0,0,0,0,0,0,0,0,0,0.306
0.307,0,0,0,0,0,0,0,0,0,0,0,0,0.307
0.308,0,0,0,0,0,0,0,0,0,0,0,0,0.308
0.309,0,0,0,0,0,0,0,0,0,0,0,0,0.309
0.31,0,0,0,0,0,0,0,0,0,0,0,0,0.31
0.311,0,0,0,0,0,0,0,0,0,0,0,0,0.311
0.312,0,0,0,0,0,0,0,0,0,0,0,0,0.312
0.313,0,0,0,0,0,0,0,0,0,0,0,0,0.313
0.314,0,0,0,0,0,0,0,0,0,0,0,0,0.314
0.315,0,0,0,0,0,0,0,0,0,0,0,0,0.315
0.316,0,0,0,0,0,0,0,0,0,0,0,0,0.316
0.317,0,0,0,0,0,0,0,0,0,0,0,0,0.317
0.318,0,0,0,0,0,0,0,0,0,0,0,0,0.318
0.319,0,0,0,0,0,0,0,0,0,0,0,0,0.319
0.32,0,0,0,0,0,0,0,0,0,0,0,0,0.32
0.321,0,0,0,0,0,0,0,0,0,0,0,0,0.321
0.322,0,0,0,0,0,0,0,0,0,0,0,0,0.322
0.323,0,0,0,0,0,0,0,0,0,0,0,0,0.323
0.324,0,0,0,0,0,0,0,0,0,0,0,0,0.324
0.325,0,0,0,0,0,0,0,0,0,0,0,0,0.325
0.326,0,0,0,0,0,0,0,0,0,0,0,0,0.326
0.327,0,0,0,0,0,0,0,0,0,0,0,0,0.327
0.328,0,0,0,0,0,0,0,0,0,0,0,0,0.328
0.329,0,0,0,0,0,0,0,0,0,0,0,0,0.329
0.33,0,0,0,0,0,0,0,0,0,0,0,0,0.33
0.331,0,0,0,0,0,0,0,0,0,0,0,0,0.331
0.332,0,0,0,0,0,0,0,0,0,0,0,0,0.332
0.333,0,0,0,0,0,0,0,0,0,0,0,0,0.333
0.334,0,0,0,0,0,0,0,0,0,0,0,0,0.334
0.335,0,0,0,0,0,0,0,0,0,0,0,0,0.335
0.336,0,0,0,0,0,0,0,0,0,0,0,0,0.336
0.337,0,0,0,0,0,0,0,0,0,0,0,0,0.337
0.338,0,0,0,0,0,0,0,0,0,0,0,0,0.338
0.339,0,0,0,0,0,0,0,0,0,0,0,0,0.339
0.34,0,0,0,0,0,0,0,0,0,0,0,0,0.34
0.341,0,0,0,0,0,0,0,0,0,0,0,0,0.341
0.342,0,0,0,0,0,0,0,0,0,0,0,0,0.342
0.343,0,0,0,0,0,0,0,0,0,0,0,0,0.343
0.344,0,0,0,0,0,0,0,0,0,0,0,0,0.344
0.345,0,0,0,0,0,0,0,0,0,0,0,0,0.345
0.346,0,0,0,0,0,0,0,0,0,0,0,0,0.346
0.347,0,0,0,0,0,0,0,0,0,0,0,0,0.347
0.348,0,0,0,0,0,0,0,0,0,0,0,0,0.348
0.349,0,0,0,0,0,0,0,0,0,0,0,0,0.349
0.35,0,0,0,0,0,0,0,0,0,0,0,0,0.35
0.351,0,0,0,0,0,0,0,0,0,0,0,0,0.351
0.352,0,0,0,0,0,0,0,0,0,0,0,0,0.352
0.353,0,0,0,0,0,0,0,0,0,0,0,0,0.353
0.354,0,0,0,0,0,0,0,0,0,0,0,0,0.354
0.355,0,0,0,0,0,0,0,0,0,0,0,0,0.355
0.356,0,0,0,0,0,0,0,0,0,0,0,0,0.356
0.357,0,0,0,0,0,0,0,0,0,0,0,0,0.357
0.358,0,0,0,0,0,0,0,0,0,0,0,0,0.358
0.359,0,0,0,0,0,0,0,0,0,0,0,0,0.359
0.36,0,0,0,0,0,0,0,0,0,0,0,0,0.36
0.361,0,0,0,0,0,0,0,0,0,0,0,0,0.361
0.362,0,0,0,0,0,0,0,0,0,0,0,0,0.362
0.363,0,0,0,0,0,0,0,0,0,0,0,0,0.363
0.364,0,0,0,0,0,0,0,0,0,0,0,0,0.364
0.365,0,0,0,0,0,0,0,0,0,0,0,0,0.365
0.366,0,0,0,0,0,0,0,0,0,0,0,0,0.366
0.367,0,0,0,0,0,0,0,0,0,0,0,0,0.367
0.368,0,0,0,0,0,0,0,0,0,0,0,0,0.368
0.369,0,0,0,0,0,0,0,0,0,0,0,0,0.369
0.37,0,0,0,0,0,0,0,0,0,0,0,0,0.37
0.371,0,0,0,0,0,0,0,0,0,0,0,0,0.371
0.372,0,0,0,0,0,0,0,0,0,0,0,0,0.372
0.373,0,0,0,0,0,0,0,0,0,0,0,0,0.373
0.374,0,0,0,0,0,0,0,0,0,0,0,0,0.374
0.375,0,0,0,0,0,0,0,0,0,0,0,0,0.375
0.376,0,0,0,0,0,0,0,0,0,0,0,0,0.376
0.377,0,0,0,0,0,0,0,0,0,0,0,0,0.377
0.378,0,0,0,0,0,0,0,0,0,0,0,0,0.378
0.379,0,0,0,0,0,0,0,0,0,0,0,0,0.379
0.38,0,0,0,0,0,0,0,0,0,0,0,0,0.38
0.381,0,0,0,0,0,0,0,0,0,0,0,0,0.381
0.382,0,0,0,0,0,0,0,0,0,0,0,0,0.382
0.383,0,0,0,0,0,0,0,0,0,0,0,0,0.383
0.384,0,0,0,0,0,0,0,0,0,0,0,0,0.384
0.385,0,0,0,0,0,0,0,0,0,0,0,0,0.385
0.386,0,0,0,0,0,0,0,0,0,0,0,0,0.386
0.387,0,0,0,0,0,0,0,0,0,0,0,0,0.387
0.388,0,0,0,0,0,0,0,0,0,0,0,0,0.388
0.389,0,0,0,0,0,0,0,0,0,0,0,0,0.389
0.39,0,0,0,0,0,0,0,0,0,0,0,0,0.39
0.391,0,0,0,0,0,0,0,0,0,0,0,0,0.391
0.392,0,0,0,0,0,0,0,0,0,0,0,0,0.392
0.393,0,0,0,0,0,0,0,0,0,0,0,0,0.393
0.394,0,0,0,0,0,0,0,0,0,0,0,0,0.394
0.395,0,0,0,0,0,0,0,0,0,0,0,0,0.395
0.396,0,0,0,0,0,0,0,0,0,0,0,0,0.396
0.397,0,0,0,0,0,0,0,0,0,0,0,0,0.397
0.398,0,0,0,0,0,0,0,0,0,0,0,0,0.398
0.399,0,0,0,0,0,0,0,0,0,0,0,0,0.399
0.4,0,0,0,0,0,0,0,0,0,0,0,0,0.4
0.401,0,0,0,0,0,0,0,0,0,0,0,0,0.401
0.402,0,0,0,0,0,0,0,0,0,0,0,0,0.402
0.403,0,0,0,0,0,0,0,0,0,0,0,0,0.403
0.404,0,0,0,0,0,0,0,0,0,0,0,0,0.404
0.405,0,0,0,0,0,0,0,0,0,0,0,0,0.405
0.406,0,0,0,0,0,0,0,0,0,0,0,0,0.406
0.407,0,0,0,0,0,0,0,0,0,0,0,0,0.407
0.408,0,0,0,0,0,0,0,0,0,0,0,0,0.408
0.409,0,0,0,0,0,0,0,0,0,0,0,0,0.409
0.41,0,0,0,0,0,0,0,0,0,0,0,0,0.41
0.411,0,0,0,0,0,0,0,0,0,0,0,0,0.411
0.412,0,0,0,0,0,0,0,0,0,0,0,0,0.412
0.413,0,0,0,0,0,0,0,0,0,0,0,0,0.413
0.414,0,0,0,0,0,0,0,0,0,0,0,0,0.414
0.415,0,0,0,0,0,0,0,0,0,0,0,0,0.415
0.416,0,0,0,0,0,0,0,0,0,0,0,0,0.416
0.417,0,0,0,0,0,0,0,0,0,0,0,0,0.417
0.418,0,0,0,0,0,0,0,0,0,0,0,0,0.418
0.419,0,0,0,0,0,0,0,0,0,0,0,0,0.419
0.42,0,0,0,0,0,0,0,0,0,0,0,0,0.42
0.421,0,0,0,0,0,0,0,0,0,0,0,0,0.421
0.422,0,0,0,0,0,0,0,0,0,0,0,0,0.422
0.423,0,0,0,0,0,0,0,0,0,0,0,0,0.423
0.424,0,0,0,0,0,0,0,0,0,0,0,0,0.424
0.425,0,0,0,0,0,0,0,0,0,0,0,0,0.425
0.426,0,0,0,0,0,0,0,0,0,0,0,0,0.426
0.427,0,0,0,0,0,0,0,0,0,0,0,0,0.427
0.428,0,0,0,0,0,0,0,0,0,0,0,0,0.428
0.429,0,0,0,0,0,0,0,0,0,0,0,0,0.429
0.43,0,0,0,0,0,0,0,0,0,0,0,0,0.43
0.431,0,0,0,0,0,0,0,0,0,0,0,0,0.431
0.432,0,0,0,0,0,0,0,0,0,0,0,0,0.432
0.433,0,0,0,0,0,0,0,0,0,0,0,0,0.433
0.434,0,0,0,0,0,0,0,0,0,0,0,0,0.434
0.435,0,0,0,0,0,0,0,0,0,0,0,0,0.435
0.436,0,0,0,0,0,0,0,0,0,0,0,0,0.436
0.437,0,0,0,0,0,0,0,0,0,0,0,0,0.437
0.438,0,0,0,0,0,0,0,0,0,0,0,0,0.438
0.439,0,0,0,0,0,0,0,0,0,0,0,0,0.439
0.44,0,0,0,0,0,0,0,0,0,0,0,0,0.44
0.441,0,0,0,0,0,0,0,0,0,0,0,0,0.441
0.442,0,0,0,0,0,0,0,0,0,0,0,0,0.442
0.443,0,0,0,0,0,0,0,0,0,0,0,0,0.443
0.444,0,0,0,0,0,0,0,0,0,0,0,0,0.444
0.445,0,0,0,0,0,0,0,0,0,0,0,0,0.445
0.446,0,0,0,0,0,0,0,0,0,0,0,0,0.446
0.447,0,0,0,0,0,0,0,0,0,0,0,0,0.447
0.448,0,0,0,0,0,0,0,0,0,0,0,0,0.448
0.449,0,0,0,0,0,0,0,0,0,0,0,0,0.449
0.45,0,0,0,0,0,0,0,0,0,0,0,0,0.45
0.451,0,0,0,0,0,0,0,0,0,0,0,0,0.451
0.452,0,0,0,0,0,0,0,0,0,0,0,0,0.452
0.453,0,0,0,0,0,0,0,0,0,0,0,0,0.453
0.454,0,0,0,0,0,0,0,0,0,0,0,0,0.454
0.455,0,0,0,0,0,0,0,0,0,0,0,0,0.455
0.456,0,0,0,0,0,0,0,0,0,0,0,0,0.456
0.457,0,0,0,0,0,0,0,0,0,0,0,0,0.457
0.458,0,0,0,0,0,0,0,0,0,0,0,0,0.458
0.459,0,0,0,0,0,0,0,0,0,0,0,0,0.459
0.46,0,0,0,0,0,0,0,0,0,0,0,0,0.46
0.461,0,0,0,0,0,0,0,0,0,0,0,0,0.461
0.462,0,0,0,0,0,0,0,0,0,0,0,0,0.462
0.463,0,0,0,0,0,0,0,0,0,0,0,0,0.463
0.464,0,0,0,0,0,0,0,0,0,0,0,0,0.464
0.465,0,0,0,0,0,0,0,0,0,0,0,0,0.465
0.466,0,0,0,0,0,0,0,0,0,0,0,0,0.466
0.467,0,0,0,0,0,0,0,0,0,0,0,0,0.467
0.468,0,0,0,0,0,0,0,0,0,0,0,0,0.468
0.469,0,0,0,0,0,0,0,0,0,0,0,0,0.469
0.47,0,0,0,0,0,0,0,0,0,0,0,0,0.47
0.471,0,0,0,0,0,0,0,0,0,0,0,0,0.471
0.472,0,0,0,0,0,0,0,0,0,0,0,0,0.472
0.473,0,0,0,0,0,0,0,0,0,0,0,0,0.473
0.474,0,0,0,0,0,0,0,0,0,0,0,0,0.474
0.475,0,0,0,0,0,0,0,0,0,0,0,0,0.475
0.476,0,0,0,0,0,0,0,0,0,0,0,0,0.476
0.477,0,0,0,0,0,0,0,0,0,0,0,0,0.477
0.478,0,0,0,0,0,0,0,0,0,0,0,0,0.478
0.479,0,0,0,0,0,0,0,0,0,0,0,0,0.479
0.48,0,0,0,0,0,0,0,0,0,0,0,0,0.48
0.481,0,0,0,0,0,0,0,0,0,0,0,0,0.481
0.482,0,0,0,0,0,0,0,0,0,0,0,0,0.482
0.483,0,0,0,0,0,0,0,0,0,0,0,0,0.483
0.484,0,0,0,0,0,0,0,0,0,0,0,0,0.484
0.485,0,0,0,0,0,0,0,0,0,0,0,0,0.485
0.486,0,0,0,0,0,0,0,0,0,0,0,0,0.486
0.487,0,0,0,0,0,0,0,0,0,0,0,0,0.487
0.488,0,0,0,0,0,0,0,0,0,0,0,0,0.488
0.489,0,0,0,0,0,0,0,0,0,0,0,0,0.489
0.49,0,0,0,0,0,0,0,0,0,0,0,0,0.49
0.491,0,0,0,0,0,0,0,0,0,0,0,0,0.491
0.492,0,0,0,0,0,0,0,0,0,0,0,0,0.492
0.493,0,0,0,0,0,0,0,0,0,0,0,0,0.493
0.494,0,0,0,0,0,0,0,0,0,0,0,0,0.494
0.495,0,0,0,0,0,0,0,0,0,0,0,0,0.495
0.496,0,0,0,0,0,0,0,0,0,0,0,0,0.496
0.497,0,0,0,0,0,0,0,0,0,0,0,0,0.497
0.498,0,0,0,0,0,0,0,0,0,0,0,0,0.498
0.499,0,0,0,0,0,0,0,0,0,0,0,0,0.499
0.5,0,0,0,0,0,0,0,0,0,0,0,0,0.5
0.501,0,0,0,0,0,0,0,0,0,0,0,0,0.501
0.502,0,0,0,0,0,0,0,0,0,0,0,0,0.502
0.503,0,0,0,0,0,0,0,0,0,0,0,0,0.503
0.504,0,0,0,0,0,0,0,0,0,0,0,0,0.504
0.505,0,0,0,0,0,0,0,0,0,0,0,0,0.505
0.506,0,0,0,0,0,0,0,0,0,0,0,0,0.506
0.507,0,0,0,0,0,0,0,0,0,0,0,0,0.507
0.508,0,0,0,0,0,0,0,0,0,0,0,0,0.508
0.509,0,0,0,0,0,0,0,0,0,0,0,0,0.509
0.51,0,0,0,0,0,0,0,0,0,0,0,0,0.51
0.511,0,0,0,0,0,0,0,0,0,0,0,0,0.511
0.512,0,0,0,0,0,0,0,0,0,0,0,0,0.512
0.513,0,0,0,0,0,0,0,0,0,0,0,0,0.513
0.514,0,0,0,0,0,0,0,0,0,0,0,0,0.514
0.515,0,0,0,0,0,0,0,0,0,0,0,0,0.515
0.516,0,0,0,0,0,0,0,0,0,0,0,0,0.516
0.517,0,0,0,0,0,0,0,0,0,0,0,0,0.517
0.518,0,0,0,0,0,0,0,0,0,0,0,0,0.518
0.519,0,0,0,0,0,0,0,0,0,0,0,0,0.519
0.52,0,0,0,0,0,0,0,0,0,0,0,0,0.52
0.521,0,0,0,0,0,0,0,0,0,0,0,0,0.521
0.522,0,0,0,0,0,0,0,0,0,0,0,0,0.522
0.523,0,0,0,0,0,0,0,0,0,0,0,0,0.523
0.524,0,0,0,0,0,0,0,0,0,0,0,0,0.524
0.525,0,0,0,0,0,0,0,0,0,0,0,0,0.525
0.526,0,0,0,0,0,0,0,0,0,0,0,0,0.526
0.527,0,0,0,0,0,0,0,0,0,0,0,0,0.527
0.528,0,0,0,0,0,0,0,0,0,0,0,0,0.528
0.529,0,0,0,0,0,0,0,0,0,0,0,0,0.529
0.53,0,0,0,0,0,0,0,0,0,0,0,0,0.53
0.531,0,0,0,0,0,0,0,0,0,0,0,0,0.531
0.532,0,0,0,0,0,0,0,0,0,0,0,0,0.532
0.533,0,0,0,0,0,0,0,0,0,0,0,0,0.533
0.534,0,0,0,0,0,0,0,0,0,0,0,0,0.534
0.535,0,0,0,0,0,0,0,0,0,0,0,0,0.535
0.536,0,0,0,0,0,0,0,0,0,0,0,0,0.536
0.537,0,0,0,0,0,0,0,0,0,0,0,0,0.537
0.538,0,0,0,0,0,0,0,0,0,0,0,0,0.538
0.539,0,0,0,0,0,0,0,0,0,0,0,0,0.539
0.54,0,0,0,0,0,0,0,0,0,0,0,0,0.54
0.541,0,0,0,0,0,0,0,0,0,0,0,0,0.541
0.542,0,0.004528,0.0196483,0,0,0,0,0,0,0,0,0,0.542
0.543,0,0.0215953,0.0451248,0,0,0,0,0,0,-7.40152,2.94589,1.23359,0.543
0.544,0,0.0410963,0.0699807,0,0,0,-0.00740152,0.00294589,0.00123359,-20.8893,14.0732,3.48155,0.544
0.545,0,0.0595148,0.0922421,0,0,0,-0.028291,0.0170187,0.00471696,-37.2853,30.7108,6.21421,0.545
0.546,0,0.0758844,0.111702,0,0,0,-0.0655782,0.0477264,0.0109463,-54.1261,49.519,9.021,0.546
0.547,0,0.090246,0.128778,0,0,0,-0.119712,0.097235,0.020024,-70.0138,68.1933,11.6688,0.547
0.548,0,0.102801,0.143253,0,0,0,-0.189746,0.165404,0.0318353,-84.3652,85.5371,14.0603,0.548
0.549,0,0.113306,0.154675,0,0,0,-0.274152,0.250894,0.0461788,-96.798,101.017,16.1311,0.549
0.55,0,0.121388,0.162568,0,0,0,-0.371023,0.351833,0.0627932,-106.952,114.225,17.8207,0.55
0.551,0,0.126684,0.166527,0,0,0,-0.478089,0.46594,0.0813535,-114.476,124.753,19.0696,0.551
0.552,0,0.128895,0.166508,0,0,0,-0.592729,0.59053,0.101464,-119.051,132.211,19.8241,0.552
0.553,0,0.128458,0.164561,0,0,0,-0.711998,0.722529,0.122656,-120.52,136.26,20.057,0.553
0.554,0,0.126744,0.161693,0,0,0,-0.832793,0.858529,0.144406,-119.596,137.04,19.8867,0.554
0.555,0,0.12443,0.158423,0,0,0,-0.952716,0.995265,0.166285,-117.058,135.384,19.4429,0.555
0.556,0,0.121866,0.155022,0,0,0,-1.07015,1.13031,0.18798,-113.53,132.125,18.8297,0.556
0.557,0,0.119231,0.151626,0,0,0,-1.1841,1.26206,0.209278,-109.455,127.905,18.1211,0.557
0.558,0,0.116618,0.148308,0,0,0,-1.29401,1.38956,0.230043,-105.125,123.172,17.3665,0.558
0.559,0,0.114073,0.145103,0,0,0,-1.39963,1.51231,0.250193,-100.724,118.221,16.5971,0.559
0.56,0,0.11162,0.142026,0,0,0,-1.50086,1.63009,0.26968,-96.3639,113.232,15.8322,0.56
0.561,0,0.109269,0.139085,0,0,0,-1.59776,1.74287,0.28848,-92.1107,108.317,15.0835,0.561
0.562,0,0.107022,0.136279,0,0,0,-1.69042,1.85072,0.306586,-88.0003,103.538,14.3573,0.562
0.563,0,0.104881,0.133607,0,0,0,-1.77899,1.95379,0.324,-84.051,98.9294,13.6573,0.563
0.564,0,0.102841,0.131063,0,0,0,-1.86361,2.05225,0.340732,-80.2701,94.508,12.985,0.564
0.565,0,0.100901,0.128644,0,0,0,-1.94445,2.14628,0.356794,-76.6585,90.2793,12.341,0.565
0.566,0,0.0990559,0.126344,0,0,0,-2.02169,2.23609,0.372202,-73.2135,86.2429,11.7251,0.566
0.567,0,0.0973018,0.124158,0,0,0,-2.09548,2.32187,0.386973,-69.9303,82.3944,11.1366,0.567
0.568,0,0.0956345,0.122081,0,0,0,-2.16598,2.4038,0.401127,-66.8027,78.7279,10.575,0.568
0.569,0,0.0940501,0.120106,0,0,0,-2.23335,2.48207,0.414681,-63.8244,75.2363,10.0391,0.569
0.57,0,0.0925445,0.118231,0,0,0,-2.29774,2.55686,0.427657,-60.9887,71.9119,9.52806,0.57
0.571,0,0.091114,0.116448,0,0,0,-2.35928,2.62833,0.440073,-58.2889,68.7471,9.04087,0.571
0.572,0,0.0897549,0.114755,0,0,0,-2.41812,2.69665,0.451949,-55.7186,65.7343,8.57653,0.572
0.573,0,0.0884636,0.113146,0,0,0,-2.47437,2.76196,0.463303,-53.2714,62.8662,8.13406,0.573
0.574,0,0.0872369,0.111618,0,0,0,-2.52816,2.82442,0.474157,-50.9414,60.1357,7.7125,0.574
0.575,0,0.0860714,0.110166,0,0,0,-2.57962,2.88416,0.484527,-48.7227,57.536,7.31094,0.575
0.576,0,0.0849642,0.108786,0,0,0,-2.62884,2.9413,0.494432,-46.6099,55.0606,6.92848,0.576
0.577,0,0.0839123,0.107476,0,0,0,-2.67593,2.99599,0.503892,-44.5978,52.7032,6.56426,0.577
0.578,0,0.082913,0.106231,0,0,0,-2.721,3.04833,0.512922,-42.6813,50.4581,6.21746,0.578
0.579,0,0.0819637,0.105048,0,0,0,-2.76414,3.09843,0.52154,-40.8557,48.3196,5.88727,0.579
0.58,0,0.0810618,0.103925,0,0,0,-2.80544,3.14641,0.529762,-39.1165,46.2823,5.57294,0.58
0.581,0,0.080205,0.102857,0,0,0,-2.84499,3.19237,0.537606,-37.4594,44.3414,5.27373,0.581
0.582,0,0.0793911,0.101843,0,0,0,-2.88287,3.23639,0.545085,-35.8804,42.4918,4.98896,0.582
0.583,0,0.0786178,0.10088,0,0,0,-2.91915,3.27858,0.552216,-34.3756,40.7292,4.71794,0.583
0.584,0,0.0778832,0.0999647,0,0,0,-2.95391,3.31902,0.559013,-32.9413,39.0492,4.46004,0.584
0.585,0,0.0771854,0.0990953,0,0,0,-2.98723,3.35778,0.565491,-31.5741,37.4477,4.21465,0.585
0.586,0,0.0765224,0.0982693,0,0,0,-3.01916,3.39496,0.571662,-30.2706,35.9209,3.98118,0.586
0.587,0,0.0758926,0.0974847,0,0,0,-3.04978,3.43062,0.57754,-29.0278,34.4649,3.75907,0.587
0.588,0,0.0752942,0.0967392,0,0,0,-3.07915,3.46484,0.583137,-27.8426,33.0764,3.54779,0.588
0.589,0,0.0747258,0.0960311,0,0,0,-3.10731,3.49768,0.588466,-26.7122,31.7521,3.34683,0.589
0.59,0,0.0741858,0.0953583,0,0,0,-3.13433,3.5292,0.593539,-25.634,30.4887,3.1557,0.59
0.591,0,0.0656981,0.084784,0,0,0,-3.16026,3.55947,0.598366,-24.6054,29.2832,2.97393,0.591
0.592,0,0.0616221,0.079706,0,0,0,-3.18515,3.58855,0.602959,-19.9894,23.8359,2.19534,0.592
0.593,0,0.0595841,0.077167,0,0,0,-3.20536,3.61222,0.606482,-15.5082,18.5472,1.44023,0.593
0.594,0,0.0585651,0.0758975,0,0,0,-3.22103,3.63066,0.608962,-12.0641,14.483,0.860711,0.594
0.595,0,0.0580556,0.0752627,0,0,0,-3.2332,3.64507,0.610638,-9.66547,11.6529,0.459038,0.595
0.596,0,0.0578008,0.0749454,0,0,0,-3.24293,3.65668,0.611756,-8.07611,9.77783,0.195816,0.596
0.597,0,0.0576735,0.0747867,0,0,0,-3.25106,3.66643,0.612506,-7.04737,8.56405,0.02907,0.597
0.598,0,0.0576098,0.0747073,0,0,0,-3.25814,3.67498,0.613022,-6.38405,7.78113,-0.0744247,0.598
0.599,0,0.0575779,0.0746677,0,0,0,-3.26455,3.68275,0.613391,-5.95004,7.26846,-0.138007,0.599
0.6,0,0.057562,0.0746478,0,0,0,-3.27051,3.69002,0.613667,-5.65637,6.92113,-0.177045,0.6
0.601,0,0.0575541,0.0746379,0,0,0,-3.27618,3.69694,0.613886,-5.44719,6.67326,-0.201252,0.601
0.602,0,0.0575501,0.0746329,0,0,0,-3.28164,3.70361,0.614067,-5.2884,6.48469,-0.216602,0.602
0.603,0,0.0575481,0.0746305,0,0,0,-3.28694,3.7101,0.614222,-5.15957,6.33136,-0.226697,0.603
0.604,0,0.0575471,0.0746292,0,0,0,-3.29211,3.71643,0.614359,-5.04867,6.19909,-0.233677,0.604
0.605,0,0.0575466,0.0746286,0,0,0,-3.29717,3.72263,0.614482,-4.94867,6.07964,-0.238798,0.605
0.606,0,0.0575463,0.0746283,0,0,0,-3.30212,3.72872,0.614594,-4.85552,5.96821,-0.242792,0.606
0.607,0,0.0575462,0.0746281,0,0,0,-3.30699,3.73469,0.614695,-4.76689,5.86207,-0.246081,0.607
0.608,0,0.0575462,0.0746281,0,0,0,-3.31176,3.74056,0.614788,-4.68142,5.75965,-0.24891,0.608
0.609,0,0.0575461,0.074628,0,0,0,-3.31645,3.74632,0.614872,-4.59835,5.66004,-0.251419,0.609
0.61,0,0.0575461,0.074628,0,0,0,-3.32105,3.75199,0.614949,-4.51724,5.56272,-0.253691,0.61
0.611,0,0.0575461,0.074628,0,0,0,-3.32557,3.75755,0.615018,-4.43784,5.4674,-0.255772,0.611
0.612,0,0.0575461,0.074628,0,0,0,-3.33001,3.76303,0.61508,-4.35998,5.37388,-0.257691,0.612
0.613,0,0.0575461,0.074628,0,0,0,-3.33438,3.76841,0.615135,-4.28356,5.28206,-0.259466,0.613
0.614,0,0.0575461,0.074628,0,0,0,-3.33866,3.7737,0.615183,-4.20854,5.19186,-0.261107,0.614
0.615,0,0.0575461,0.074628,0,0,0,-3.34287,3.77889,0.615225,-4.13485,5.10323,-0.262622,0.615
0.616,0,0.0575461,0.074628,0,0,0,-3.34701,3.784,0.61526,-4.06246,5.01613,-0.264017,0.616
0.617,0,0.0575461,0.074628,0,0,0,-3.35108,3.78903,0.61529,-3.99135,4.93053,-0.265297,0.617
0.618,0,0.0575461,0.074628,0,0,0,-3.35507,3.79396,0.615313,-3.92148,4.84639,-0.266465,0.618
0.619,0,0.0575461,0.074628,0,0,0,-3.35899,3.79882,0.615331,-3.85284,4.76369,-0.267526,0.619
0.62,0,0.0575461,0.074628,0,0,0,-3.36284,3.80359,0.615343,-3.7854,4.68239,-0.268482,0.62
0.621,0,0.0575461,0.074628,0,0,0,-3.36663,3.80828,0.61535,-3.71914,4.60249,-0.269337,0.621
0.622,0,0.0575461,0.074628,0,0,0,-3.37035,3.81289,0.615351,-3.65404,4.52395,-0.270093,0.622
0.623,0,0.0575461,0.074628,0,0,0,-3.374,3.81742,0.615347,-3.59008,4.44675,-0.270753,0.623
0.624,0,0.0575461,0.074628,0,0,0,-3.37759,3.82188,0.615339,-3.52724,4.37086,-0.271321,0.624
0.625,0,0.0575461,0.074628,0,0,0,-3.38112,3.82626,0.615325,-3.46549,4.29627,-0.271799,0.625
0.626,0,0.0575461,0.074628,0,0,0,-3.38458,3.83056,0.615307,-3.40483,4.22295,-0.272189,0.626
0.627,0,0.0575461,0.074628,0,0,0,-3.38799,3.83479,0.615285,-3.34523,4.15089,-0.272495,0.627
0.628,0,0.0575461,0.074628,0,0,0,-3.39133,3.83895,0.615258,-3.28667,4.08005,-0.272718,0.628
0.629,0,0.0575461,0.074628,0,0,0,-3.39461,3.84304,0.615227,-3.22913,4.01041,-0.272862,0.629
0.63,0,0.0575461,0.074628,0,0,0,-3.39784,3.84706,0.615192,-3.1726,3.94197,-0.272929,0.63
0.631,0,0.0575461,0.074628,0,0,0,-3.40101,3.85101,0.615153,-3.11706,3.87469,-0.272921,0.631
0.632,0,0.0575461,0.074628,0,0,0,-3.40413,3.8549,0.615111,-3.0625,3.80857,-0.272841,0.632
0.633,0,0.0575461,0.074628,0,0,0,-3.40719,3.85871,0.615064,-3.00888,3.74356,-0.272691,0.633
0.634,0,0.0575461,0.074628,0,0,0,-3.41019,3.86247,0.615015,-2.95621,3.67967,-0.272472,0.634
0.635,0,0.0575461,0.074628,0,0,0,-3.41314,3.86616,0.614961,-2.90445,3.61687,-0.272189,0.635
0.636,0,0.0575461,0.074628,0,0,0,-3.41604,3.86978,0.614905,-2.85361,3.55514,-0.271841,0.636
0.637,0,0.0575461,0.074628,0,0,0,-3.41889,3.87335,0.614845,-2.80365,3.49446,-0.271432,0.637
0.638,0,0.0575461,0.074628,0,0,0,-3.42169,3.87685,0.614782,-2.75456,3.43481,-0.270964,0.638
0.639,0,0.0575461,0.074628,0,0,0,-3.42444,3.8803,0.614717,-2.70634,3.37619,-0.270438,0.639
0.64,0,0.0575461,0.074628,0,0,0,-3.42714,3.88368,0.614648,-2.65896,3.31856,-0.269857,0.64
0.641,0,0.0575461,0.074628,0,0,0,-3.4298,3.88701,0.614577,-2.61241,3.26192,-0.269222,0.641
0.642,0,0.0575461,0.074628,0,0,0,-3.43241,3.89028,0.614503,-2.56667,3.20624,-0.268535,0.642
0.643,0,0.0575461,0.074628,0,0,0,-3.43497,3.8935,0.614427,-2.52173,3.15151,-0.267799,0.643
0.644,0,0.0575461,0.074628,0,0,0,-3.43748,3.89666,0.614349,-2.47758,3.09772,-0.267014,0.644
0.645,0,0.0575461,0.074628,0,0,0,-3.43996,3.89977,0.614268,-2.4342,3.04484,-0.266183,0.645
0.646,0,0.0575461,0.074628,0,0,0,-3.44239,3.90283,0.614184,-2.39159,2.99287,-0.265308,0.646
0.647,0,0.0575461,0.074628,0,0,0,-3.44477,3.90583,0.614099,-2.34971,2.94178,-0.264389,0.647
0.648,0,0.0575461,0.074628,0,0,0,-3.44711,3.90878,0.614012,-2.30857,2.89156,-0.263429,0.648
0.649,0,0.0575461,0.074628,0,0,0,-3.44942,3.91168,0.613922,-2.26816,2.8422,-0.262429,0.649
0.65,0,0.0575461,0.074628,0,0,0,-3.45168,3.91454,0.613831,-2.22844,2.79369,-0.261391,0.65
0.651,0,0.0575461,0.074628,0,0,0,-3.4539,3.91734,0.613738,-2.18943,2.746,-0.260316,0.651
0.652,0,0.0575461,0.074628,0,0,0,-3.45608,3.9201,0.613644,-2.15109,2.69912,-0.259205,0.652
0.653,0,0.0575461,0.074628,0,0,0,-3.45823,3.92281,0.613547,-2.11343,2.65304,-0.25806,0.653
0.654,0,0.0575461,0.074628,0,0,0,-3.46034,3.92547,0.61345,-2.07643,2.60775,-0.256883,0.654
0.655,0,0.0575461,0.074628,0,0,0,-3.4624,3.92809,0.61335,-2.04007,2.56324,-0.255675,0.655
0.656,0,0.0575461,0.074628,0,0,0,-3.46444,3.93066,0.61325,-2.00435,2.51948,-0.254437,0.656
0.657,0,0.0575461,0.074628,0,0,0,-3.46644,3.93319,0.613148,-1.96926,2.47647,-0.25317,0.657
0.658,0,0.0575461,0.074628,0,0,0,-3.4684,3.93568,0.613045,-1.93478,2.43419,-0.251875,0.658
0.659,0,0.0575461,0.074628,0,0,0,-3.47033,3.93813,0.61294,-1.90091,2.39263,-0.250555,0.659
0.66,0,0.0575461,0.074628,0,0,0,-3.47222,3.94053,0.612835,-1.86762,2.35179,-0.249209,0.66
0.661,0,0.0575461,0.074628,0,0,0,-3.47408,3.94289,0.612728,-1.83493,2.31163,-0.24784,0.661
0.662,0,0.0575461,0.074628,0,0,0,-3.47591,3.94522,0.61262,-1.8028,2.27217,-0.246448,0.662
0.663,0,0.0575461,0.074628,0,0,0,-3.4777,3.9475,0.612512,-1.77123,2.23338,-0.245034,0.663
0.664,0,0.0575461,0.074628,0,0,0,-3.47947,3.94974,0.612403,-1.74022,2.19525,-0.2436,0.664
0.665,0,0.0575461,0.074628,0,0,0,-3.4812,3.95195,0.612292,-1.70975,2.15777,-0.242147,0.665
0.666,0,0.0575461,0.074628,0,0,0,-3.4829,3.95412,0.612182,-1.67982,2.12093,-0.240674,0.666
0.667,0,0.0575461,0.074628,0,0,0,-3.48457,3.95625,0.61207,-1.65041,2.08472,-0.239185,0.667
0.668,0,0.0575461,0.074628,0,0,0,-3.48622,3.95834,0.611958,-1.62151,2.04912,-0.237679,0.668
0.669,0,0.0575461,0.074628,0,0,0,-3.48783,3.9604,0.611845,-1.59312,2.01414,-0.236157,0.669
0.67,0,0.0575461,0.074628,0,0,0,-3.48941,3.96243,0.611731,-1.56523,1.97975,-0.23462,0.67
0.671,0,0.0575461,0.074628,0,0,0,-3.49097,3.96442,0.611617,-1.53782,1.94595,-0.23307,0.671
0.672,0,0.0575461,0.074628,0,0,0,-3.4925,3.96638,0.611503,-1.5109,1.91272,-0.231507,0.672
0.673,0,0.0575461,0.074628,0,0,0,-3.494,3.9683,0.611388,-1.48445,1.88006,-0.229932,0.673
0.674,0,0.0575461,0.074628,0,0,0,-3.49548,3.97019,0.611273,-1.45846,1.84796,-0.228345,0.674
0.675,0,0.0575461,0.074628,0,0,0,-3.49693,3.97205,0.611157,-1.43292,1.81641,-0.226748,0.675
0.676,0,0.0575461,0.074628,0,0,0,-3.49836,3.97387,0.611041,-1.40783,1.78539,-0.225141,0.676
0.677,0,0.0575461,0.074628,0,0,0,-3.49976,3.97567,0.610925,-1.38319,1.75491,-0.223525,0.677
0.678,0,0.0575461,0.074628,0,0,0,-3.50113,3.97744,0.610809,-1.35897,1.72494,-0.221901,0.678
0.679,0,0.0575461,0.074628,0,0,0,-3.50248,3.97917,0.610693,-1.33518,1.69549,-0.220269,0.679
0.68,0,0.0575461,0.074628,0,0,0,-3.50381,3.98088,0.610576,-1.3118,1.66654,-0.218631,0.68
0.681,0,0.0575461,0.074628,0,0,0,-3.50511,3.98255,0.610459,-1.28883,1.63808,-0.216986,0.681
0.682,0,0.0575461,0.074628,0,0,0,-3.50639,3.9842,0.610343,-1.26627,1.61011,-0.215336,0.682
0.683,0,0.0575461,0.074628,0,0,0,-3.50765,3.98582,0.610226,-1.2441,1.58262,-0.21368,0.683
0.684,0,0.0575461,0.074628,0,0,0,-3.50889,3.98741,0.610109,-1.22232,1.55559,-0.212021,0.684
0.685,0,0.0575461,0.074628,0,0,0,-3.5101,3.98898,0.609993,-1.20092,1.52903,-0.210357,0.685
0.686,0,0.0575461,0.074628,0,0,0,-3.51129,3.99052,0.609876,-1.1799,1.50292,-0.208691,0.686
0.687,0,0.0575461,0.074628,0,0,0,-3.51247,3.99203,0.609759,-1.15924,1.47725,-0.207021,0.687
0.688,0,0.0575461,0.074628,0,0,0,-3.51362,3.99352,0.609643,-1.13894,1.45203,-0.20535,0.688
0.689,0,0.0575461,0.074628,0,0,0,-3.51475,3.99498,0.609527,-1.11901,1.42723,-0.203677,0.689
0.69,0,0.0575461,0.074628,0,0,0,-3.51586,3.99642,0.609411,-1.09941,1.40286,-0.202003,0.69
0.691,0,0.0575461,0.074628,0,0,0,-3.51695,3.99783,0.609295,-1.08017,1.3789,-0.200328,0.691
0.692,0,0.0575461,0.074628,0,0,0,-3.51802,3.99922,0.609179,-1.06126,1.35536,-0.198654,0.692
0.693,0,0.0575461,0.074628,0,0,0,-3.51908,4.00058,0.609064,-1.04268,1.33221,-0.196979,0.693
0.694,0,0.0575461,0.074628,0,0,0,-3.52011,4.00193,0.608949,-1.02443,1.30946,-0.195306,0.694
0.695,0,0.0575461,0.074628,0,0,0,-3.52113,4.00325,0.608834,-1.00649,1.2871,-0.193633,0.695
0.696,0,0.0575461,0.074628,0,0,0,-3.52213,4.00454,0.608719,-0.988872,1.26512,-0.191963,0.696
0.697,0,0.0575461,0.074628,0,0,0,-3.52311,4.00582,0.608605,-0.971561,1.24351,-0.190294,0.697
0.698,0,0.0575461,0.074628,0,0,0,-3.52407,4.00707,0.608491,-0.954553,1.22228,-0.188628,0.698
0.699,0,0.0575461,0.074628,0,0,0,-3.52502,4.0083,0.608378,-0.937843,1.2014,-0.186964,0.699
0.7,0,0.0575461,0.074628,0,0,0,-3.52595,4.00951,0.608265,-0.921426,1.18088,-0.185304,0.7
0.701,0,0.0575461,0.074628,0,0,0,-3.52686,4.0107,0.608152,-0.905296,1.16072,-0.183647,0.701
0.702,0,0.0575461,0.074628,0,0,0,-3.52776,4.01187,0.60804,-0.889449,1.14089,-0.181994,0.702
0.703,0,0.0575461,0.074628,0,0,0,-3.52864,4.01302,0.607928,-0.873879,1.12141,-0.180345,0.703
0.704,0,0.0575461,0.074628,0,0,0,-3.52951,4.01415,0.607817,-0.858582,1.10226,-0.178701,0.704
0.705,0,0.0575461,0.074628,0,0,0,-3.53036,4.01526,0.607706,-0.843553,1.08343,-0.177061,0.705
0.706,0,0.0575461,0.074628,0,0,0,-3.53119,4.01635,0.607596,-0.828787,1.06493,-0.175427,0.706
0.707,0,0.0575461,0.074628,0,0,0,-3.53201,4.01743,0.607486,-0.814279,1.04674,-0.173798,0.707
0.708,0,0.0575461,0.074628,0,0,0,-3.53282,4.01848,0.607377,-0.800026,1.02886,-0.172174,0.708
0.709,0,0.0575461,0.074628,0,0,0,-3.53361,4.01952,0.607268,-0.786022,1.01129,-0.170556,0.709
0.71,0,0.0575461,0.074628,0,0,0,-3.53439,4.02054,0.60716,-0.772264,0.994017,-0.168945,0.71
0.711,0,0.0575461,0.074628,0,0,0,-3.53516,4.02154,0.607053,-0.758746,0.97704,-0.16734,0.711
0.712,0,0.0575461,0.074628,0,0,0,-3.53591,4.02253,0.606946,-0.745465,0.960353,-0.165741,0.712
0.713,0,0.0575461,0.074628,0,0,0,-3.53664,4.0235,0.606839,-0.732417,0.94395,-0.164149,0.713
0.714,0,0.0575461,0.074628,0,0,0,-3.53737,4.02445,0.606733,-0.719597,0.927828,-0.162565,0.714
0.715,0,0.0575461,0.074628,0,0,0,-3.53808,4.02539,0.606628,-0.707002,0.91198,-0.160987,0.715
0.716,0,0.0575461,0.074628,0,0,0,-3.53878,4.02631,0.606523,-0.694627,0.896404,-0.159417,0.716
0.717,0,0.0575461,0.074628,0,0,0,-3.53947,4.02721,0.606419,-0.68247,0.881093,-0.157855,0.717
0.718,0,0.0575461,0.074628,0,0,0,-3.54014,4.0281,0.606316,-0.670525,0.866043,-0.1563,0.718
0.719,0,0.0575461,0.074628,0,0,0,-3.54081,4.02897,0.606213,-0.658789,0.851251,-0.154753,0.719
0.72,0,0.0575461,0.074628,0,0,0,-3.54146,4.02983,0.606111,-0.647258,0.836711,-0.153215,0.72
0.721,0,0.0575461,0.074628,0,0,0,-3.5421,4.03068,0.606009,-0.63593,0.82242,-0.151685,0.721
0.722,0,0.0575461,0.074628,0,0,0,-3.54273,4.03151,0.605909,-0.6248,0.808372,-0.150163,0.722
0.723,0,0.0575461,0.074628,0,0,0,-3.54335,4.03232,0.605808,-0.613865,0.794564,-0.14865,0.723
0.724,0,0.0575461,0.074628,0,0,0,-3.54395,4.03313,0.605709,-0.603121,0.780992,-0.147145,0.724
0.725,0,0.0575461,0.074628,0,0,0,-3.54455,4.03392,0.60561,-0.592566,0.767652,-0.145649,0.725
0.726,0,0.0575461,0.074628,0,0,0,-3.54513,4.03469,0.605512,-0.582195,0.75454,-0.144163,0.726
0.727,0,0.0575461,0.074628,0,0,0,-3.54571,4.03545,0.605415,-0.572006,0.741651,-0.142685,0.727
0.728,0,0.0575461,0.074628,0,0,0,-3.54628,4.0362,0.605318,-0.561996,0.728982,-0.141216,0.728
0.729,0,0.0575461,0.074628,0,0,0,-3.54683,4.03694,0.605222,-0.552161,0.71653,-0.139757,0.729
0.73,0,0.0575461,0.074628,0,0,0,-3.54738,4.03766,0.605126,-0.542498,0.704291,-0.138307,0.73
0.731,0,0.0575461,0.074628,0,0,0,-3.54791,4.03837,0.605032,-0.533004,0.69226,-0.136867,0.731
0.732,0,0.0575461,0.074628,0,0,0,-3.54844,4.03907,0.604938,-0.523676,0.680435,-0.135436,0.732
0.733,0,0.0575461,0.074628,0,0,0,-3.54896,4.03976,0.604844,-0.514512,0.668812,-0.134015,0.733
0.734,0,0.0575461,0.074628,0,0,0,-3.54946,4.04044,0.604752,-0.505508,0.657387,-0.132604,0.734
0.735,0,0.0575461,0.074628,0,0,0,-3.54996,4.0411,0.60466,-0.496662,0.646158,-0.131202,0.735
0.736,0,0.0575461,0.074628,0,0,0,-3.55045,4.04175,0.604569,-0.487971,0.63512,-0.12981,0.736
0.737,0,0.0575461,0.074628,0,0,0,-3.55093,4.0424,0.604478,-0.479432,0.62427,-0.128428,0.737
0.738,0,0.0575461,0.074628,0,0,0,-3.55141,4.04303,0.604388,-0.471042,0.613606,-0.127056,0.738
0.739,0,0.0575461,0.074628,0,0,0,-3.55187,4.04365,0.604299,-0.4628,0.603124,-0.125694,0.739
0.74,0,0.0575461,0.074628,0,0,0,-3.55233,4.04426,0.604211,-0.454702,0.592821,-0.124343,0.74
0.741,0,0.0575461,0.074628,0,0,0,-3.55278,4.04486,0.604123,-0.446745,0.582694,-0.123001,0.741
0.742,0,0.0575461,0.074628,0,0,0,-3.55322,4.04545,0.604037,-0.438928,0.57274,-0.121669,0.742
0.743,0,0.0575461,0.074628,0,0,0,-3.55365,4.04602,0.60395,-0.431248,0.562956,-0.120348,0.743
0.744,0,0.0575461,0.074628,0,0,0,-3.55408,4.04659,0.603865,-0.423702,0.553339,-0.119036,0.744
0.745,0,0.0575461,0.074628,0,0,0,-3.55449,4.04715,0.60378,-0.416288,0.543886,-0.117735,0.745
0.746,0,0.0575461,0.074628,0,0,0,-3.5549,4.0477,0.603696,-0.409004,0.534594,-0.116445,0.746
0.747,0,0.0575461,0.074628,0,0,0,-3.55531,4.04824,0.603613,-0.401848,0.525462,-0.115164,0.747
0.748,0,0.0575461,0.074628,0,0,0,-3.5557,4.04878,0.60353,-0.394817,0.516485,-0.113894,0.748
0.749,0,0.0575461,0.074628,0,0,0,-3.55609,4.0493,0.603449,-0.387909,0.507662,-0.112634,0.749
0.75,0,0.0575461,0.074628,0,0,0,-3.55647,4.04981,0.603367,-0.381122,0.498989,-0.111384,0.75
0.751,0,0.0575461,0.074628,0,0,0,-3.55685,4.05032,0.603287,-0.374454,0.490464,-0.110145,0.751
0.752,0,0.0575461,0.074628,0,0,0,-3.55722,4.05081,0.603207,-0.367903,0.482085,-0.108916,0.752
0.753,0,0.0575461,0.074628,0,0,0,-3.55758,4.0513,0.603128,-0.361466,0.473849,-0.107698,0.753
0.754,0,0.0575461,0.074628,0,0,0,-3.55794,4.05178,0.60305,-0.355142,0.465754,-0.106489,0.754
0.755,0,0.0575461,0.074628,0,0,0,-3.55829,4.05225,0.602973,-0.348929,0.457797,-0.105291,0.755
0.756,0,0.0575461,0.074628,0,0,0,-3.55863,4.05272,0.602896,-0.342824,0.449976,-0.104104,0.756
0.757,0,0.0575461,0.074628,0,0,0,-3.55897,4.05317,0.602819,-0.336827,0.442288,-0.102926,0.757
0.758,0,0.0575461,0.074628,0,0,0,-3.5593,4.05362,0.602744,-0.330934,0.434732,-0.101759,0.758
0.759,0,0.0575461,0.074628,0,0,0,-3.55962,4.05406,0.602669,-0.325145,0.427305,-0.100602,0.759
0.76,0,0.0575461,0.074628,0,0,0,-3.55994,4.05449,0.602595,-0.319457,0.420004,-0.0994555,0.76
0.761,0,0.0575461,0.074628,0,0,0,-3.56026,4.05492,0.602522,-0.313868,0.412828,-0.0983191,0.761
0.762,0,0.0575461,0.074628,0,0,0,-3.56057,4.05534,0.602449,-0.308377,0.405775,-0.0971929,0.762
0.763,0,0.0575461,0.074628,0,0,0,-3.56087,4.05575,0.602377,-0.302983,0.398843,-0.0960768,0.763
0.764,0,0.0575461,0.074628,0,0,0,-3.56117,4.05615,0.602306,-0.297683,0.392028,-0.094971,0.764
0.765,0,0.0575461,0.074628,0,0,0,-3.56146,4.05655,0.602235,-0.292475,0.385331,-0.0938752,0.765
0.766,0,0.0575461,0.074628,0,0,0,-3.56175,4.05694,0.602165,-0.287359,0.378747,-0.0927896,0.766
0.767,0,0.0575461,0.074628,0,0,0,-3.56203,4.05732,0.602096,-0.282333,0.372276,-0.091714,0.767
0.768,0,0.0575461,0.074628,0,0,0,-3.56231,4.0577,0.602027,-0.277394,0.365916,-0.0906484,0.768
0.769,0,0.0575461,0.074628,0,0,0,-3.56258,4.05807,0.60196,-0.272542,0.359664,-0.0895928,0.769
0.77,0,0.0575461,0.074628,0,0,0,-3.56285,4.05843,0.601892,-0.267775,0.353519,-0.0885472,0.77
0.771,0,0.0575461,0.074628,0,0,0,-3.56311,4.05879,0.601826,-0.263091,0.347479,-0.0875115,0.771
0.772,0,0.0575461,0.074628,0,0,0,-3.56337,4.05915,0.60176,-0.258489,0.341542,-0.0864857,0.772
0.773,0,0.0575461,0.074628,0,0,0,-3.56362,4.05949,0.601695,-0.253968,0.335706,-0.0854698,0.773
0.774,0,0.0575461,0.074628,0,0,0,-3.56387,4.05983,0.60163,-0.249526,0.32997,-0.0844636,0.774
0.775,0,0.0575461,0.074628,0,0,0,-3.56412,4.06017,0.601566,-0.245161,0.324332,-0.0834671,0.775
0.776,0,0.0575461,0.074628,0,0,0,-3.56436,4.0605,0.601503,-0.240873,0.318791,-0.0824804,0.776
0.777,0,0.0575461,0.074628,0,0,0,-3.5646,4.06082,0.60144,-0.236661,0.313344,-0.0815033,0.777
0.778,0,0.0575461,0.074628,0,0,0,-3.56483,4.06114,0.601378,-0.232521,0.30799,-0.0805359,0.778
0.779,0,0.0575461,0.074628,0,0,0,-3.56506,4.06145,0.601317,-0.228455,0.302728,-0.079578,0.779
0.78,0,0.0575461,0.074628,0,0,0,-3.56528,4.06176,0.601256,-0.224459,0.297555,-0.0786296,0.78
0.781,0,0.0575461,0.074628,0,0,0,-3.5655,4.06206,0.601196,-0.220534,0.292471,-0.0776907,0.781
0.782,0,0.0575461,0.074628,0,0,0,-3.56572,4.06235,0.601136,-0.216677,0.287473,-0.0767612,0.782
0.783,0,0.0575461,0.074628,0,0,0,-3.56593,4.06265,0.601077,-0.212887,0.282561,-0.075841,0.783
0.784,0,0.0575461,0.074628,0,0,0,-3.56614,4.06293,0.601019,-0.209164,0.277733,-0.0749302,0.784
0.785,0,0.0575461,0.074628,0,0,0,-3.56634,4.06321,0.600962,-0.205506,0.272988,-0.0740286,0.785
0.786,0,0.0575461,0.074628,0,0,0,-3.56654,4.06349,0.600904,-0.201913,0.268323,-0.0731362,0.786
0.787,0,0.0575461,0.074628,0,0,0,-3.56674,4.06376,0.600848,-0.198382,0.263738,-0.072253,0.787
0.788,0,0.0575461,0.074628,0,0,0,-3.56694,4.06403,0.600792,-0.194912,0.259232,-0.0713788,0.788
0.789,0,0.0575461,0.074628,0,0,0,-3.56713,4.0643,0.600737,-0.191504,0.254802,-0.0705137,0.789
0.79,0,0.0575461,0.074628,0,0,0,-3.56732,4.06455,0.600682,-0.188155,0.250448,-0.0696575,0.79
0.791,0,0.0575461,0.074628,0,0,0,-3.5675,4.06481,0.600628,-0.184865,0.246169,-0.0688102,0.791
0.792,0,0.0575461,0.074628,0,0,0,-3.56768,4.06506,0.600575,-0.181632,0.241963,-0.0679718,0.792
0.793,0,0.0575461,0.074628,0,0,0,-3.56786,4.0653,0.600522,-0.178456,0.237828,-0.0671422,0.793
0.794,0,0.0575461,0.074628,0,0,0,-3.56803,4.06555,0.600469,-0.175336,0.233764,-0.0663213,0.794
0.795,0,0.0575461,0.074628,0,0,0,-3.56821,4.06578,0.600418,-0.17227,0.22977,-0.0655091,0.795
0.796,0,0.0575461,0.074628,0,0,0,-3.56837,4.06602,0.600366,-0.169258,0.225843,-0.0647055,0.796
0.797,0,0.0575461,0.074628,0,0,0,-3.56854,4.06625,0.600316,-0.166298,0.221984,-0.0639105,0.797
0.798,0,0.0575461,0.074628,0,0,0,-3.5687,4.06647,0.600266,-0.163391,0.218191,-0.0631239,0.798
0.799,0,0.0575461,0.074628,0,0,0,-3.56886,4.06669,0.600216,-0.160534,0.214463,-0.0623458,0.799
0,0,0.0575461,0.074628,0,0,0,-3.56902,4.06691,0.600167,-0.157727,0.210798,-0.061576,0.8
