BST,AMR,ALR,AIR,ASR,ASO,AIO,RX,RY,RZ,RXu,RYu,RZu,SST
0,0,0,0,0,0,0,0,0,0,0,0,0,0
0,0,0,0,0,0,0,0,0,0,0,0,0,0
0,0,0,0,0,0,0,0,0,0,0,0,0,0
0.001,0,0,0,0,0,0,0,0,0,0,0,0,0.001
0.002,0,0,0,0,0,0,0,0,0,0,0,0,0.002
0.003,0,0,0,0,0,0,0,0,0,0,0,0,0.003
0.004,0,0,0,0,0,0,0,0,0,0,0,0,0.004
0.005,0,0,0,0,0,0,0,0,0,0,0,0,0.005
0.006,0,0,0,0,0,0,0,0,0,0,0,0,0.006
0.007,0,0,0,0,0,0,0,0,0,0,0,0,0.007
0.008,0,0,0,0,0,0,0,0,0,0,0,0,0.008
0.009,0,0,0,0,0,0,0,0,0,0,0,0,0.009
0.01,0,0,0,0,0,0,0,0,0,0,0,0,0.01
0.011,0,0,0,0,0,0,0,0,0,0,0,0,0.011
0.012,0,0,0,0,0,0,0,0,0,0,0,0,0.012
0.013,0,0,0,0,0,0,0,0,0,0,0,0,0.013
0.014,0,0,0,0,0,0,0,0,0,0,0,0,0.014
0.015,0,0,0,0,0,0,0,0,0,0,0,0,0.015
0.016,0,0,0,0,0,0,0,0,0,0,0,0,0.016
0.017,0,0,0,0,0,0,0,0,0,0,0,0,0.017
0.018,0,0,0,0,0,0,0,0,0,0,0,0,0.018
0.019,0,0,0,0,0,0,0,0,0,0,0,0,0.019
0.02,0,0,0,0,0,0,0,0,0,0,0,0,0.02
0.021,0,0,0,0,0,0,0,0,0,0,0,0,0.021
0.022,0,0,0,0,0,0,0,0,0,0,0,0,0.022
0.023,0,0,0,0,0,0,0,0,0,0,0,0,0.023
0.024,0,0,0,0,0,0,0,0,0,0,0,0,0.024
0.025,0,0,0,0,0,0,0,0,0,0,0,0,0.025
0.026,0,0,0,0,0,0,0,0,0,0,0,0,0.026
0.027,0,0,0,0,0,0,0,0,0,0,0,0,0.027
0.028,0,0,0,0,0,0,0,0,0,0,0,0,0.028
0.029,0,0,0,0,0,0,0,0,0,0,0,0,0.029
0.03,0,0,0,0,0,0,0,0,0,0,0,0,0.03
0.031,0,0,0,0,0,0,0,0,0,0,0,0,0.031
0.032,0,0,0,0,0,0,0,0,0,0,0,0,0.032
0.033,0,0,0,0,0,0,0,0,0,0,0,0,0.033
0.034,0,0,0,0,0,0,0,0,0,0,0,0,0.034
0.035,0,0,0,0,0,0,0,0,0,0,0,0,0.035
0.036,0,0,0,0,0,0,0,0,0,0,0,0,0.036
0.037,0,0,0,0,0,0,0,0,0,0,0,0,0.037
0.038,0,0,0,0,0,0,0,0,0,0,0,0,0.038
0.039,0,0,0,0,0,0,0,0,0,0,0,0,0.039
0.04,0,0,0,0,0,0,0,0,0,0,0,0,0.04
0.041,0,0,0,0,0,0,0,0,0,0,0,0,0.041
0.042,0,0,0,0,0,0,0,0,0,0,0,0,0.042
0.043,0,0,0,0,0,0,0,0,0,0,0,0,0.043
0.044,0,0,0,0,0,0,0,0,0,0,0,0,0.044
0.045,0,0,0,0,0,0,0,0,0,0,0,0,0.045
0.046,0,0,0,0,0,0,0,0,0,0,0,0,0.046
0.047,0,0,0,0,0,0,0,0,0,0,0,0,0.047
0.048,0,0,0,0,0,0,0,0,0,0,0,0,0.048
0.049,0,0,0,0,0,0,0,0,0,0,0,0,0.049
0.05,0,0,0,0,0,0,0,0,0,0,0,0,0.05
0.051,0,0,0,0,0,0,0,0,0,0,0,0,0.051
0.052,0,0,0,0,0,0,0,0,0,0,0,0,0.052
0.053,0,0,0,0,0,0,0,0,0,0,0,0,0.053
0.054,0,0,0,0,0,0,0,0,0,0,0,0,0.054
0.055,0,0,0,0,0,0,0,0,0,0,0,0,0.055
0.056,0,0,0,0,0,0,0,0,0,0,0,0,0.056
0.057,0,0,0,0,0,0,0,0,0,0,0,0,0.057
0.058,0,0,0,0,0,0,0,0,0,0,0,0,0.058
0.059,0,0,0,0,0,0,0,0,0,0,0,0,0.059
0.06,0,0,0,0,0,0,0,0,0,0,0,0,0.06
0.061,0,0,0,0,0,0,0,0,0,0,0,0,0.061
0.062,0,0,0,0,0,0,0,0,0,0,0,0,0.062
0.063,0,0,0,0,0,0,0,0,0,0,0,0,0.063
0.064,0,0,0,0,0,0,0,0,0,0,0,0,0.064
0.065,0,0,0,0,0,0,0,0,0,0,0,0,0.065
0.066,0,0,0,0,0,0,0,0,0,0,0,0,0.066
0.067,0,0,0,0,0,0,0,0,0,0,0,0,0.067
0.068,0,0,0,0,0,0,0,0,0,0,0,0,0.068
0.069,0,0,0,0,0,0,0,0,0,0,0,0,0.069
0.07,0,0,0,0,0,0,0,0,0,0,0,0,0.07
0.071,0,0,0,0,0,0,0,0,0,0,0,0,0.071
0.072,0,0,0,0,0,0,0,0,0,0,0,0,0.072
0.073,0,0,0,0,0,0,0,0,0,0,0,0,0.073
0.074,0,0,0,0,0,0,0,0,0,0,0,0,0.074
0.075,0,0,0,0,0,0,0,0,0,0,0,0,0.075
0.076,0,0,0,0,0,0,0,0,0,0,0,0,0.076
0.077,0,0,0,0,0,0,0,0,0,0,0,0,0.077
0.078,0,0,0,0,0,0,0,0,0,0,0,0,0.078
0.079,0,0,0,0,0,0,0,0,0,0,0,0,0.079
0.08,0,0,0,0,0,0,0,0,0,0,0,0,0.08
0.081,0,0,0,0,0,0,0,0,0,0,0,0,0.081
0.082,0,0,0,0,0,0,0,0,0,0,0,0,0.082
0.083,0,0,0,0,0,0,0,0,0,0,0,0,0.083
0.084,0,0,0,0,0,0,0,0,0,0,0,0,0.084
0.085,0,0,0,0,0,0,0,0,0,0,0,0,0.085
0.086,0,0,0,0,0,0,0,0,0,0,0,0,0.086
0.087,0,0,0,0,0,0,0,0,0,0,0,0,0.087
0.088,0,0,0,0,0,0,0,0,0,0,0,0,0.088
0.089,0,0,0,0,0,0,0,0,0,0,0,0,0.089
0.09,0,0,0,0,0,0,0,0,0,0,0,0,0.09
0.091,0,0,0,0,0,0,0,0,0,0,0,0,0.091
0.092,0,0,0,0,0,0,0,0,0,0,0,0,0.092
0.093,0,0,0,0,0,0,0,0,0,0,0,0,0.093
0.094,0,0,0,0,0,0,0,0,0,0,0,0,0.094
0.095,0,0,0,0,0,0,0,0,0,0,0,0,0.095
0.096,0,0,0,0,0,0,0,0,0,0,0,0,0.096
0.097,0,0,0,0,0,0,0,0,0,0,0,0,0.097
0.098,0,0,0,0,0,0,0,0,0,0,0,0,0.098
0.099,0,0,0,0,0,0,0,0,0,0,0,0,0.099
0.1,0,0,0,0,0,0,0,0,0,0,0,0,0.1
0.101,0,0,0,0,0,0,0,0,0,0,0,0,0.101
0.102,0,0,0,0,0,0,0,0,0,0,0,0,0.102
0.103,0,0,0,0,0,0,0,0,0,0,0,0,0.103
0.104,0,0,0,0,0,0,0,0,0,0,0,0,0.104
0.105,0,0,0,0,0,0,0,0,0,0,0,0,0.105
0.106,0,0,0,0,0,0,0,0,0,0,0,0,0.106
0.107,0,0,0,0,0,0,0,0,0,0,0,0,0.107
0.108,0,0,0,0,0,0,0,0,0,0,0,0,0.108
0.109,0,0,0,0,0,0,0,0,0,0,0,0,0.109
0.11,0,0,0,0,0,0,0,0,0,0,0,0,0.11
0.111,0,0,0,0,0,0,0,0,0,0,0,0,0.111
0.112,0,0,0,0,0,0,0,0,0,0,0,0,0.112
0.113,0,0,0,0,0,0,0,0,0,0,0,0,0.113
0.114,0,0,0,0,0,0,0,0,0,0,0,0,0.114
0.115,0,0,0,0,0,0,0,0,0,0,0,0,0.115
0.116,0,0,0,0,0,0,0,0,0,0,0,0,0.116
0.117,0,0,0,0,0,0,0,0,0,0,0,0,0.117
0.118,0,0,0,0,0,0,0,0,0,0,0,0,0.118
0.119,0,0,0,0,0,0,0,0,0,0,0,0,0.119
0.12,0,0,0,0,0,0,0,0,0,0,0,0,0.12
0.121,0,0,0,0,0,0,0,0,0,0,0,0,0.121
0.122,0,0,0,0,0,0,0,0,0,0,0,0,0.122
0.123,0,0,0,0,0,0,0,0,0,0,0,0,0.123
0.124,0,0,0,0,0,0,0,0,0,0,0,0,0.124
0.125,0,0,0,0,0,0,0,0,0,0,0,0,0.125
0.126,0,0,0,0,0,0,0,0,0,0,0,0,0.126
0.127,0,0,0,0,0,0,0,0,0,0,0,0,0.127
0.128,0,0,0,0,0,0,0,0,0,0,0,0,0.128
0.129,0,0,0,0,0,0,0,0,0,0,0,0,0.129
0.13,0,0,0,0,0,0,0,0,0,0,0,0,0.13
0.131,0,0,0,0,0,0,0,0,0,0,0,0,0.131
0.132,0,0,0,0,0,0,0,0,0,0,0,0,0.132
0.133,0,0,0,0,0,0,0,0,0,0,0,0,0.133
0.134,0,0,0,0,0,0,0,0,0,0,0,0,0.134
0.135,0,0,0,0,0,0,0,0,0,0,0,0,0.135
0.136,0,0,0,0,0,0,0,0,0,0,0,0,0.136
0.137,0,0,0,0,0,0,0,0,0,0,0,0,0.137
0.138,0,0,0,0,0,0,0,0,0,0,0,0,0.138
0.139,0,0,0,0,0,0,0,0,0,0,0,0,0.139
0.14,0,0,0,0,0,0,0,0,0,0,0,0,0.14
0.141,0,0,0,0,0,0,0,0,0,0,0,0,0.141
0.142,0,0,0,0,0,0,0,0,0,0,0,0,0.142
0.143,0,0,0,0,0,0,0,0,0,0,0,0,0.143
0.144,0,0,0,0,0,0,0,0,0,0,0,0,0.144
0.145,0,0,0,0,0,0,0,0,0,0,0,0,0.145
0.146,0,0,0,0,0,0,0,0,0,0,0,0,0.146
0.147,0,0,0,0,0,0,0,0,0,0,0,0,0.147
0.148,0,0,0,0,0,0,0,0,0,0,0,0,0.148
0.149,0,0,0,0,0,0,0,0,0,0,0,0,0.149
0.15,0,0,0,0,0,0,0,0,0,0,0,0,0.15
0.151,0,0,0,0,0,0,0,0,0,0,0,0,0.151
0.152,0,0,0,0,0,0,0,0,0,0,0,0,0.152
0.153,0,0,0,0,0,0,0,0,0,0,0,0,0.153
0.154,0,0,0,0,0,0,0,0,0,0,0,0,0.154
0.155,0,0,0,0,0,0,0,0,0,0,0,0,0.155
0.156,0,0,0,0,0,0,0,0,0,0,0,0,0.156
0.157,0,0,0,0,0,0,0,0,0,0,0,0,0.157
0.158,0,0,0,0,0,0,0,0,0,0,0,0,0.158
0.159,0,0,0,0,0,0,0,0,0,0,0,0,0.159
0.16,0,0,0,0,0,0,0,0,0,0,0,0,0.16
0.161,0,0,0,0,0,0,0,0,0,0,0,0,0.161
0.162,0,0,0,0,0,0,0,0,0,0,0,0,0.162
0.163,0,0,0,0,0,0,0,0,0,0,0,0,0.163
0.164,0,0,0,0,0,0,0,0,0,0,0,0,0.164
0.165,0,0,0,0,0,0,0,0,0,0,0,0,0.165
0.166,0,0,0,0,0,0,0,0,0,0,0,0,0.166
0.167,0,0,0,0,0,0,0,0,0,0,0,0,0.167
0.168,0,0,0,0,0,0,0,0,0,0,0,0,0.168
0.169,0,0,0,0,0,0,0,0,0,0,0,0,0.169
0.17,0,0,0,0,0,0,0,0,0,0,0,0,0.17
0.171,0,0,0,0,0,0,0,0,0,0,0,0,0.171
0.172,0,0,0,0,0,0,0,0,0,0,0,0,0.172
0.173,0,0,0,0,0,0,0,0,0,0,0,0,0.173
0.174,0,0,0,0,0,0,0,0,0,0,0,0,0.174
0.175,0,0,0,0,0,0,0,0,0,0,0,0,0.175
0.176,0,0,0,0,0,0,0,0,0,0,0,0,0.176
0.177,0,0,0,0,0,0,0,0,0,0,0,0,0.177
0.178,0,0,0,0,0,0,0,0,0,0,0,0,0.178
0.179,0,0,0,0,0,0,0,0,0,0,0,0,0.179
0.18,0,0,0,0,0,0,0,0,0,0,0,0,0.18
0.181,0,0,0,0,0,0,0,0,0,0,0,0,0.181
0.182,0,0,0,0,0,0,0,0,0,0,0,0,0.182
0.183,0,0,0,0,0,0,0,0,0,0,0,0,0.183
0.184,0,0,0,0,0,0,0,0,0,0,0,0,0.184
0.185,0,0,0,0,0,0,0,0,0,0,0,0,0.185
0.186,0,0,0,0,0,0,0,0,0,0,0,0,0.186
0.187,0,0,0,0,0,0,0,0,0,0,0,0,0.187
0.188,0,0,0,0,0,0,0,0,0,0,0,0,0.188
0.189,0,0,0,0,0,0,0,0,0,0,0,0,0.189
0.19,0,0,0,0,0,0,0,0,0,0,0,0,0.19
0.191,0,0,0,0,0,0,0,0,0,0,0,0,0.191
0.192,0,0,0,0,0,0,0,0,0,0,0,0,0.192
0.193,0,0,0,0,0,0,0,0,0,0,0,0,0.193
0.194,0,0,0,0,0,0,0,0,0,0,0,0,0.194
0.195,0,0,0,0,0,0,0,0,0,0,0,0,0.195
0.196,0,0,0,0,0,0,0,0,0,0,0,0,0.196
0.197,0,0,0,0,0,0,0,0,0,0,0,0,0.197
0.198,0,0,0,0,0,0,0,0,0,0,0,0,0.198
0.199,0,0,0,0,0,0,0,0,0,0,0,0,0.199
0.2,0,0,0,0,0,0,0,0,0,0,0,0,0.2
0.201,0,0,0,0,0,0,0,0,0,0,0,0,0.201
0.202,0,0,0,0,0,0,0,0,0,0,0,0,0.202
0.203,0,0,0,0,0,0,0,0,0,0,0,0,0.203
0.204,0,0,0,0,0,0,0,0,0,0,0,0,0.204
0.205,0,0,0,0,0,0,0,0,0,0,0,0,0.205
0.206,0,0,0,0,0,0,0,0,0,0,0,0,0.206
0.207,0,0,0,0,0,0,0,0,0,0,0,0,0.207
0.208,0,0,0,0,0,0,0,0,0,0,0,0,0.208
0.209,0,0,0,0,0,0,0,0,0,0,0,0,0.209
0.21,0,0,0,0,0,0,0,0,0,0,0,0,0.21
0.211,0,0,0,0,0,0,0,0,0,0,0,0,0.211
0.212,0,0,0,0,0,0,0,0,0,0,0,0,0.212
0.213,0,0,0,0,0,0,0,0,0,0,0,0,0.213
0.214,0,0,0,0,0,0,0,0,0,0,0,0,0.214
0.215,0,0,0,0,0,0,0,0,0,0,0,0,0.215
0.216,0,0,0,0,0,0,0,0,0,0,0,0,0.216
0.217,0,0,0,0,0,0,0,0,0,0,0,0,0.217
0.218,0,0,0,0,0,0,0,0,0,0,0,0,0.218
0.219,0,0,0,0,0,0,0,0,0,0,0,0,0.219
0.22,0,0,0,0,0,0,0,0,0,0,0,0,0.22
0.221,0,0,0,0,0,0,0,0,0,0,0,0,0.221
0.222,0,0,0,0,0,0,0,0,0,0,0,0,0.222
0.223,0,0,0,0,0,0,0,0,0,0,0,0,0.223
0.224,0,0,0,0,0,0,0,0,0,0,0,0,0.224
0.225,0,0,0,0,0,0,0,0,0,0,0,0,0.225
0.226,0,0,0,0,0,0,0,0,0,0,0,0,0.226
0.227,0,0,0,0,0,0,0,0,0,0,0,0,0.227
0.228,0,0,0,0,0,0,0,0,0,0,0,0,0.228
0.229,0,0,0,0,0,0,0,0,0,0,0,0,0.229
0.23,0,0,0,0,0,0,0,0,0,0,0,0,0.23
0.231,0,0,0,0,0,0,0,0,0,0,0,0,0.231
0.232,0,0,0,0,0,0,0,0,0,0,0,0,0.232
0.233,0,0,0,0,0,0,0,0,0,0,0,0,0.233
0.234,0,0,0,0,0,0,0,0,0,0,0,0,0.234
0.235,0,0,0,0,0,0,0,0,0,0,0,0,0.235
0.236,0,0,0,0,0,0,0,0,0,0,0,0,0.236
0.237,0,0,0,0,0,0,0,0,0,0,0,0,0.237
0.238,0,0,0,0,0,0,0,0,0,0,0,0,0.238
0.239,0,0,0,0,0,0,0,0,0,0,0,0,0.239
0.24,0,0,0,0,0,0,0,0,0,0,0,0,0.24
0.241,0,0,0,0,0,0,0,0,0,0,0,0,0.241
0.242,0,0,0,0,0,0,0,0,0,0,0,0,0.242
0.243,0,0,0,0,0,0,0,0,0,0,0,0,0.243
0.244,0,0,0,0,0,0,0,0,0,0,0,0,0.244
0.245,0,0,0,0,0,0,0,0,0,0,0,0,0.245
0.246,0,0,0,0,0,0,0,0,0,0,0,0,0.246
0.247,0,0,0,0,0,0,0,0,0,0,0,0,0.247
0.248,0,0,0,0,0,0,0,0,0,0,0,0,0.248
0.249,0,0,0,0,0,0,0,0,0,0,0,0,0.249
0.25,0,0,0,0,0,0,0,0,0,0,0,0,0.25
0.251,0,0,0,0,0,0,0,0,0,0,0,0,0.251
0.252,0,0,0,0,0,0,0,0,0,0,0,0,0.252
0.253,0,0,0,0,0,0,0,0,0,0,0,0,0.253
0.254,0,0,0,0,0,0,0,0,0,0,0,0,0.254
0.255,0,0,0,0,0,0,0,0,0,0,0,0,0.255
0.256,0,0,0,0,0,0,0,0,0,0,0,0,0.256
0.257,0,0,0,0,0,0,0,0,0,0,0,0,0.257
0.258,0,0,0,0,0,0,0,0,0,0,0,0,0.258
0.259,0,0,0,0,0,0,0,0,0,0,0,0,0.259
0.26,0,0,0,0,0,0,0,0,0,0,0,0,0.26
0.261,0,0,0,0,0,0,0,0,0,0,0,0,0.261
0.262,0,0,0,0,0,0,0,0,0,0,0,0,0.262
0.263,0,0,0,0,0,0,0,0,0,0,0,0,0.263
0.264,0,0,0,0,0,0,0,0,0,0,0,0,0.264
0.265,0,0,0,0,0,0,0,0,0,0,0,0,0.265
0.266,0,0,0,0,0,0,0,0,0,0,0,0,0.266
0.267,0,0,0,0,0,0,0,0,0,0,0,0,0.267
0.268,0,0,0,0,0,0,0,0,0,0,0,0,0.268
0.269,0,0,0,0,0,0,0,0,0,0,0,0,0.269
0.27,0,0,0,0,0,0,0,0,0,0,0,0,0.27
0.271,0,0,0,0,0,0,0,0,0,0,0,0,0.271
0.272,0,0,0,0,0,0,0,0,0,0,0,0,0.272
0.273,0,0,0,0,0,0,0,0,0,0,0,0,0.273
0.274,0,0,0,0,0,0,0,0,0,0,0,0,0.274
0.275,0,0,0,0,0,0,0,0,0,0,0,0,0.275
0.276,0,0,0,0,0,0,0,0,0,0,0,0,0.276
0.277,0,0,0,0,0,0,0,0,0,0,0,0,0.277
0.278,0,0,0,0,0,0,0,0,0,0,0,0,0.278
0.279,0,0,0,0,0,0,0,0,0,0,0,0,0.279
0.28,0,0,0,0,0,0,0,0,0,0,0,0,0.28
0.281,0,0,0,0,0,0,0,0,0,0,0,0,0.281
0.282,0,0,0,0,0,0,0,0,0,0,0,0,0.282
0.283,0,0,0,0,0,0,0,0,0,0,0,0,0.283
0.284,0,0,0,0,0,0,0,0,0,0,0,0,0.284
0.285,0,0,0,0,0,0,0,0,0,0,0,0,0.285
0.286,0,0,0,0,0,0,0,0,0,0,0,0,0.286
0.287,0,0,0,0,0,0,0,0,0,0,0,0,0.287
0.288,0,0,0,0,0,0,0,0,0,0,0,0,0.288
0.289,0,0,0,0,0,0,0,0,0,0,0,0,0.289
0.29,0,0,0,0,0,0,0,0,0,0,0,0,0.29
0.291,0,0,0,0,0,0,0,0,0,0,0,0,0.291
0.292,0,0,0,0,0,0,0,0,0,0,0,0,0.292
0.293,0,0,0,0,0,0,0,0,0,0,0,0,0.293
0.294,0,0,0,0,0,0,0,0,0,0,0,0,0.294
0.295,0,0,0,0,0,0,0,0,0,0,0,0,0.295
0.296,0,0,0,0,0,0,0,0,0,0,0,0,0.296
0.297,0,0,0,0,0,0,0,0,0,0,0,0,0.297
0.298,0,0,0,0,0,0,0,0,0,0,0,0,0.298
0.299,0,0,0,0,0,0,0,0,0,0,0,0,0.299
0.3,0,0,0,0,0,0,0,0,0,0,0,0,0.3
0.301,0,0,0,0,0,0,0,0,0,0,0,0,0.301
0.302,0,0,0,0,0,0,0,0,0,0,0,0,0.302
0.303,0,0,0,0,0,0,0,0,0,0,0,0,0.303
0.304,0,0,0,0,0,0,0,0,0,0,0,0,0.304
0.305,0,0,0,0,0,0,0,0,0,0,0,0,0.305
0.306,0,0,0,0,0,0,0,0,0,0,0,0,0.306
0.307,0,0,0,0,0,0,0,0,0,0,0,0,0.307
0.308,0,0,0,0,0,0,0,0,0,0,0,0,0.308
0.309,0,0,0,0,0,0,0,0,0,0,0,0,0.309
0.31,0,0,0,0,0,0,0,0,0,0,0,0,0.31
0.311,0,0,0,0,0,0,0,0,0,0,0,0,0.311
0.312,0,0,0,0,0,0,0,0,0,0,0,0,0.312
0.313,0,0,0,0,0,0,0,0,0,0,0,0,0.313
0.314,0,0,0,0,0,0,0,0,0,0,0,0,0.314
0.315,0,0,0,0,0,0,0,0,0,0,0,0,0.315
0.316,0,0,0,0,0,0,0,0,0,0,0,0,0.316
0.317,0,0,0,0,0,0,0,0,0,0,0,0,0.317
0.318,0,0,0,0,0,0,0,0,0,0,0,0,0.318
0.319,0,0,0,0,0,0,0,0,0,0,0,0,0.319
0.32,0,0,0,0,0,0,0,0,0,0,0,0,0.32
0.321,0,0,0,0,0,0,0,0,0,0,0,0,0.321
0.322,0,0,0,0,0,0,0,0,0,0,0,0,0.322
0.323,0,0,0,0,0,0,0,0,0,0,0,0,0.323
0.324,0,0,0,0,0,0,0,0,0,0,0,0,0.324
0.325,0,0,0,0,0,0,0,0,0,0,0,0,0.325
0.326,0,0,0,0,0,0,0,0,0,0,0,0,0.326
0.327,0,0,0,0,0,0,0,0,0,0,0,0,0.327
0.328,0,0,0,0,0,0,0,0,0,0,0,0,0.328
0.329,0,0,0,0,0,0,0,0,0,0,0,0,0.329
0.33,0,0,0,0,0,0,0,0,0,0,0,0,0.33
0.331,0,0,0,0,0,0,0,0,0,0,0,0,0.331
0.332,0,0,0,0,0,0,0,0,0,0,0,0,0.332
0.333,0,0,0,0,0,0,0,0,0,0,0,0,0.333
0.334,0,0,0,0,0,0,0,0,0,0,0,0,0.334
0.335,0,0,0,0,0,0,0,0,0,0,0,0,0.335
0.336,0,0,0,0,0,0,0,0,0,0,0,0,0.336
0.337,0,0,0,0,0,0,0,0,0,0,0,0,0.337
0.338,0,0,0,0,0,0,0,0,0,0,0,0,0.338
0.339,0,0,0,0,0,0,0,0,0,0,0,0,0.339
0.34,0,0,0,0,0,0,0,0,0,0,0,0,0.34
0.341,0,0,0,0,0,0,0,0,0,0,0,0,0.341
0.342,0,0,0,0,0,0,0,0,0,0,0,0,0.342
0.343,0,0,0,0,0,0,0,0,0,0,0,0,0.343
0.344,0,0,0,0,0,0,0,0,0,0,0,0,0.344
0.345,0,0,0,0,0,0,0,0,0,0,0,0,0.345
0.346,0,0,0,0,0,0,0,0,0,0,0,0,0.346
0.347,0,0,0,0,0,0,0,0,0,0,0,0,0.347
0.348,0,0,0,0,0,0,0,0,0,0,0,0,0.348
0.349,0,0,0,0,0,0,0,0,0,0,0,0,0.349
0.35,0,0,0,0,0,0,0,0,0,0,0,0,0.35
0.351,0,0,0,0,0,0,0,0,0,0,0,0,0.351
0.352,0,0,0,0,0,0,0,0,0,0,0,0,0.352
0.353,0,0,0,0,0,0,0,0,0,0,0,0,0.353
0.354,0,0,0,0,0,0,0,0,0,0,0,0,0.354
0.355,0,0,0,0,0,0,0,0,0,0,0,0,0.355
0.356,0,0,0,0,0,0,0,0,0,0,0,0,0.356
0.357,0,0,0,0,0,0,0,0,0,0,0,0,0.357
0.358,0,0,0,0,0,0,0,0,0,0,0,0,0.358
0.359,0,0,0,0,0,0,0,0,0,0,0,0,0.359
0.36,0,0,0,0,0,0,0,0,0,0,0,0,0.36
0.361,0,0,0,0,0,0,0,0,0,0,0,0,0.361
0.362,0,0,0,0,0,0,0,0,0,0,0,0,0.362
0.363,0,0,0,0,0,0,0,0,0,0,0,0,0.363
0.364,0,0,0,0,0,0,0,0,0,0,0,0,0.364
0.365,0,0,0,0,0,0,0,0,0,0,0,0,0.365
0.366,0,0,0,0,0,0,0,0,0,0,0,0,0.366
0.367,0,0,0,0,0,0,0,0,0,0,0,0,0.367
0.368,0,0,0,0,0,0,0,0,0,0,0,0,0.368
0.369,0,0,0,0,0,0,0,0,0,0,0,0,0.369
0.37,0,0,0,0,0,0,0,0,0,0,0,0,0.37
0.371,0,0,0,0,0,0,0,0,0,0,0,0,0.371
0.372,0,0,0,0,0,0,0,0,0,0,0,0,0.372
0.373,0,0,0,0,0,0,0,0,0,0,0,0,0.373
0.374,0,0,0,0,0,0,0,0,0,0,0,0,0.374
0.375,0,0,0,0,0,0,0,0,0,0,0,0,0.375
0.376,0,0,0,0,0,0,0,0,0,0,0,0,0.376
0.377,0,0,0,0,0,0,0,0,0,0,0,0,0.377
0.378,0,0,0,0,0,0,0,0,0,0,0,0,0.378
0.379,0,0,0,0,0,0,0,0,0,0,0,0,0.379
0.38,0,0,0,0,0,0,0,0,0,0,0,0,0.38
0.381,0,0,0,0,0,0,0,0,0,0,0,0,0.381
0.382,0,0,0,0,0,0,0,0,0,0,0,0,0.382
0.383,0,0,0,0,0,0,0,0,0,0,0,0,0.383
0.384,0,0,0,0,0,0,0,0,0,0,0,0,0.384
0.385,0,0,0,0,0,0,0,0,0,0,0,0,0.385
0.386,0,0,0,0,0,0,0,0,0,0,0,0,0.386
0.387,0,0,0,0,0,0,0,0,0,0,0,0,0.387
0.388,0,0,0,0,0,0,0,0,0,0,0,0,0.388
0.389,0,0,0,0,0,0,0,0,0,0,0,0,0.389
0.39,0,0,0,0,0,0,0,0,0,0,0,0,0.39
0.391,0,0,0,0,0,0,0,0,0,0,0,0,0.391
0.392,0,0,0,0,0,0,0,0,0,0,0,0,0.392
0.393,0,0,0,0,0,0,0,0,0,0,0,0,0.393
0.394,0,0,0,0,0,0,0,0,0,0,0,0,0.394
0.395,0,0,0,0,0,0,0,0,0,0,0,0,0.395
0.396,0,0,0,0,0,0,0,0,0,0,0,0,0.396
0.397,0,0,0,0,0,0,0,0,0,0,0,0,0.397
0.398,0,0,0,0,0,0,0,0,0,0,0,0,0.398
0.399,0,0,0,0,0,0,0,0,0,0,0,0,0.399
0.4,0,0,0,0,0,0,0,0,0,0,0,0,0.4
0.401,0,0,0,0,0,0,0,0,0,0,0,0,0.401
0.402,0,0,0,0,0,0,0,0,0,0,0,0,0.402
0.403,0,0,0,0,0,0,0,0,0,0,0,0,0.403
0.404,0,0,0,0,0,0,0,0,0,0,0,0,0.404
0.405,0,0,0,0,0,0,0,0,0,0,0,0,0.405
0.406,0,0,0,0,0,0,0,0,0,0,0,0,0.406
0.407,0,0,0,0,0,0,0,0,0,0,0,0,0.407
0.408,0,0,0,0,0,0,0,0,0,0,0,0,0.408
0.409,0,0,0,0,0,0,0,0,0,0,0,0,0.409
0.41,0,0,0,0,0,0,0,0,0,0,0,0,0.41
0.411,0,0,0,0,0,0,0,0,0,0,0,0,0.411
0.412,0,0,0,0,0,0,0,0,0,0,0,0,0.412
0.413,0,0,0,0,0,0,0,0,0,0,0,0,0.413
0.414,0,0,0,0,0,0,0,0,0,0,0,0,0.414
0.415,0,0,0,0,0,0,0,0,0,0,0,0,0.415
0.416,0,0,0,0,0,0,0,0,0,0,0,0,0.416
0.417,0,0,0,0,0,0,0,0,0,0,0,0,0.417
0.418,0,0,0,0,0,0,0,0,0,0,0,0,0.418
0.419,0,0,0,0,0,0,0,0,0,0,0,0,0.419
0.42,0,0,0,0,0,0,0,0,0,0,0,0,0.42
0.421,0,0,0,0,0,0,0,0,0,0,0,0,0.421
0.422,0,0,0,0,0,0,0,0,0,0,0,0,0.422
0.423,0,0,0,0,0,0,0,0,0,0,0,0,0.423
0.424,0,0,0,0,0,0,0,0,0,0,0,0,0.424
0.425,0,0,0,0,0,0,0,0,0,0,0,0,0.425
0.426,0,0,0,0,0,0,0,0,0,0,0,0,0.426
0.427,0,0,0,0,0,0,0,0,0,0,0,0,0.427
0.428,0,0,0,0,0,0,0,0,0,0,0,0,0.428
0.429,0,0,0,0,0,0,0,0,0,0,0,0,0.429
0.43,0,0,0,0,0,0,0,0,0,0,0,0,0.43
0.431,0,0,0,0,0,0,0,0,0,0,0,0,0.431
0.432,0,0,0,0,0,0,0,0,0,0,0,0,0.432
0.433,0,0,0,0,0,0,0,0,0,0,0,0,0.433
0.434,0,0,0,0,0,0,0,0,0,0,0,0,0.434
0.435,0,0,0,0,0,0,0,0,0,0,0,0,0.435
0.436,0,0,0,0,0,0,0,0,0,0,0,0,0.436
0.437,0,0,0,0,0,0,0,0,0,0,0,0,0.437
0.438,0,0,0,0,0,0,0,0,0,0,0,0,0.438
0.439,0,0,0,0,0,0,0,0,0,0,0,0,0.439
0.44,0,0,0,0,0,0,0,0,0,0,0,0,0.44
0.441,0,0,0,0,0,0,0,0,0,0,0,0,0.441
0.442,0,0,0,0,0,0,0,0,0,0,0,0,0.442
0.443,0,0,0,0,0,0,0,0,0,0,0,0,0.443
0.444,0,0,0,0,0,0,0,0,0,0,0,0,0.444
0.445,0,0,0,0,0,0,0,0,0,0,0,0,0.445
0.446,0,0,0,0,0,0,0,0,0,0,0,0,0.446
0.447,0,0,0,0,0,0,0,0,0,0,0,0,0.447
0.448,0,0,0,0,0,0,0,0,0,0,0,0,0.448
0.449,0,0,0,0,0,0,0,0,0,0,0,0,0.449
0.45,0,0,0,0,0,0,0,0,0,0,0,0,0.45
0.451,0,0,0,0,0,0,0,0,0,0,0,0,0.451
0.452,0,0,0,0,0,0,0,0,0,0,0,0,0.452
0.453,0,0,0,0,0,0,0,0,0,0,0,0,0.453
0.454,0,0,0,0,0,0,0,0,0,0,0,0,0.454
0.455,0,0,0,0,0,0,0,0,0,0,0,0,0.455
0.456,0,0,0,0,0,0,0,0,0,0,0,0,0.456
0.457,0,0,0,0,0,0,0,0,0,0,0,0,0.457
0.458,0,0,0,0,0,0,0,0,0,0,0,0,0.458
0.459,0,0,0,0,0,0,0,0,0,0,0,0,0.459
0.46,0,0,0,0,0,0,0,0,0,0,0,0,0.46
0.461,0,0,0,0,0,0,0,0,0,0,0,0,0.461
0.462,0,0,0,0,0,0,0,0,0,0,0,0,0.462
0.463,0,0,0,0,0,0,0,0,0,0,0,0,0.463
0.464,0,0,0,0,0,0,0,0,0,0,0,0,0.464
0.465,0,0,0,0,0,0,0,0,0,0,0,0,0.465
0.466,0,0,0,0,0,0,0,0,0,0,0,0,0.466
0.467,0,0,0,0,0,0,0,0,0,0,0,0,0.467
0.468,0,0,0,0,0,0,0,0,0,0,0,0,0.468
0.469,0,0,0,0,0,0,0,0,0,0,0,0,0.469
0.47,0,0,0,0,0,0,0,0,0,0,0,0,0.47
0.471,0,0,0,0,0,0,0,0,0,0,0,0,0.471
0.472,0,0,0,0,0,0,0,0,0,0,0,0,0.472
0.473,0,0,0,0,0,0,0,0,0,0,0,0,0.473
0.474,0,0,0,0,0,0,0,0,0,0,0,0,0.474
0.475,0,0,0,0,0,0,0,0,0,0,0,0,0.475
0.476,0,0,0,0,0,0,0,0,0,0,0,0,0.476
0.477,0,0,0,0,0,0,0,0,0,0,0,0,0.477
0.478,0,0,0,0,0,0,0,0,0,0,0,0,0.478
0.479,0,0,0,0,0,0,0,0,0,0,0,0,0.479
0.48,0,0,0,0,0,0,0,0,0,0,0,0,0.48
0.481,0,0,0,0,0,0,0,0,0,0,0,0,0.481
0.482,0,0,0,0,0,0,0,0,0,0,0,0,0.482
0.483,0,0,0,0,0,0,0,0,0,0,0,0,0.483
0.484,0,0,0,0,0,0,0,0,0,0,0,0,0.484
0.485,0,0,0,0,0,0,0,0,0,0,0,0,0.485
0.486,0,0,0,0,0,0,0,0,0,0,0,0,0.486
0.487,0,0,0,0,0,0,0,0,0,0,0,0,0.487
0.488,0,0,0,0,0,0,0,0,0,0,0,0,0.488
0.489,0,0,0,0,0,0,0,0,0,0,0,0,0.489
0.49,0,0,0,0,0,0,0,0,0,0,0,0,0.49
0.491,0,0,0,0,0,0,0,0,0,0,0,0,0.491
0.492,0,0,0,0,0,0,0,0,0,0,0,0,0.492
0.493,0,0,0,0,0,0,0,0,0,0,0,0,0.493
0.494,0,0,0,0,0,0,0,0,0,0,0,0,0.494
0.495,0,0,0,0,0,0,0,0,0,0,0,0,0.495
0.496,0,0,0,0,0,0,0,0,0,0,0,0,0.496
0.497,0,0,0,0,0,0,0,0,0,0,0,0,0.497
0.498,0,0,0,0,0,0,0,0,0,0,0,0,0.498
0.499,0,0,0,0,0,0,0,0,0,0,0,0,0.499
0.5,0,0,0,0,0,0,0,0,0,0,0,0,0.5
0.501,0,0,0,0,0,0,0,0,0,0,0,0,0.501
0.502,0,0,0,0,0,0,0,0,0,0,0,0,0.502
0.503,0,0,0,0,0,0,0,0,0,0,0,0,0.503
0.504,0,0,0,0,0,0,0,0,0,0,0,0,0.504
0.505,0,0,0,0,0,0,0,0,0,0,0,0,0.505
0.506,0,0,0,0,0,0,0,0,0,0,0,0,0.506
0.507,0,0,0,0,0,0,0,0,0,0,0,0,0.507
0.508,0,0,0,0,0,0,0,0,0,0,0,0,0.508
0.509,0,0,0,0,0,0,0,0,0,0,0,0,0.509
0.51,0,0,0,0,0,0,0,0,0,0,0,0,0.51
0.511,0,0,0,0,0,0,0,0,0,0,0,0,0.511
0.512,0,0,0,0,0,0,0,0,0,0,0,0,0.512
0.513,0,0,0,0,0,0,0,0,0,0,0,0,0.513
0.514,0,0,0,0,0,0,0,0,0,0,0,0,0.514
0.515,0,0,0,0,0,0,0,0,0,0,0,0,0.515
0.516,0,0,0,0,0,0,0,0,0,0,0,0,0.516
0.517,0,0,0,0,0,0,0,0,0,0,0,0,0.517
0.518,0,0,0,0,0,0,0,0,0,0,0,0,0.518
0.519,0,0,0,0,0,0,0,0,0,0,0,0,0.519
0.52,0,0,0,0,0,0,0,0,0,0,0,0,0.52
0.521,0,0,0,0,0,0,0,0,0,0,0,0,0.521
0.522,0,0,0,0,0,0,0,0,0,0,0,0,0.522
0.523,0,0,0,0,0,0,0,0,0,0,0,0,0.523
0.524,0,0,0,0,0,0,0,0,0,0,0,0,0.524
0.525,0,0,0,0,0,0,0,0,0,0,0,0,0.525
0.526,0,0,0,0,0,0,0,0,0,0,0,0,0.526
0.527,0,0,0,0,0,0,0,0,0,0,0,0,0.527
0.528,0,0,0,0,0,0,0,0,0,0,0,0,0.528
0.529,0,0,0,0,0,0,0,0,0,0,0,0,0.529
0.53,0,0,0,0,0,0,0,0,0,0,0,0,0.53
0.531,0,0,0,0,0,0,0,0,0,0,0,0,0.531
0.532,0,0,0,0,0,0,0,0,0,0,0,0,0.532
0.533,0,0,0,0,0,0,0,0,0,0,0,0,0.533
0.534,0,0,0,0,0,0,0,0,0,0,0,0,0.534
0.535,0,0,0,0,0,0,0,0,0,0,0,0,0.535
0.536,0,0,0,0,0,0,0,0,0,0,0,0,0.536
0.537,0,0,0,0,0,0,0,0,0,0,0,0,0.537
0.538,0,0,0,0,0,0,0,0,0,0,0,0,0.538
0.539,0,0,0,0,0,0,0,0,0,0,0,0,0.539
0.54,0,0,0.025436,0,0,0,0,0,0,0,0,0,0.54
0.541,0.0155062,0,0.0779526,0,0,0,0,0,0,-9.58177,0.798481,1.59696,0.541
0.542,0.0493306,0,0.134978,0,0,0,-0.00958177,0.000798481,0.00159696,-34.4017,-4.73937,5.73361,0.542
0.543,0.0862762,0,0.188755,0,0,0,-0.0439835,-0.00394185,0.00732978,-68.8536,-22.4583,11.4756,0.543
0.544,0.121093,0,0.237369,0,0,0,-0.112836,-0.026409,0.0187881,-106.934,-48.1659,17.8223,0.544
0.545,0.152442,0,0.281155,0,0,0,-0.219762,-0.0746098,0.0365155,-144.663,-77.0309,24.1106,0.545
0.546,0.180533,0,0.320147,0,0.000404016,0,-0.364393,-0.151733,0.0603305,-180.02,-105.761,30.0043,0.546
0.547,0.205407,0,0.353403,0,0.00302225,0,-0.544336,-0.257682,0.0896617,-211.911,-132.668,35.2342,0.547
0.548,0.226427,0,0.379698,0,0.00621154,0,-0.756094,-0.390679,0.123634,-239.277,-156.841,39.1871,0.548
0.549,0.24283,0,0.397863,0,0.00937535,0,-0.995118,-0.548024,0.160749,-261.25,-177.599,41.8477,0.549
0.55,0.253903,0,0.406905,0,0.0123222,0,-1.256,-0.726323,0.199508,-277.024,-194.296,43.2858,0.55
0.551,0.259027,0,0.406374,0,0.0150303,0,-1.53253,-0.921522,0.238527,-285.893,-206.328,43.537,0.551
0.552,0.258405,0,0.401278,0,0.0175225,0,-1.81781,-1.12894,0.276536,-287.413,-213.154,42.6151,0.552
0.553,0.255039,0,0.394057,0,0.0197466,0,-2.10451,-1.34334,0.312375,-283.328,-214.484,40.853,0.553
0.554,0.250396,0,0.385949,0,0.021632,0,-2.38707,-1.55918,0.345333,-275.54,-211.613,38.6006,0.554
0.555,0.245224,0,0.377584,0,0.0231106,0,-2.6618,-1.77222,0.375097,-265.568,-205.955,36.1418,0.555
0.556,0.239905,0,0.36928,0,0.0241216,0,-2.92655,-1.97963,0.401648,-254.484,-198.641,33.6833,0.556
0.557,0.234632,0,0.361197,0,0.0246082,0,-3.18022,-2.17973,0.42516,-242.992,-190.466,31.3675,0.557
0.558,0.229501,0,0.353408,0,0.02454,0,-3.42242,-2.37164,0.445928,-231.535,-181.954,29.2905,0.558
0.559,0.224559,0,0.345947,0,0.024211,0,-3.65319,-2.55502,0.46432,-220.376,-173.429,27.5115,0.559
0.56,0.219824,0,0.338823,0,0.0237628,0,-3.87284,-2.72985,0.480741,-209.64,-165.079,25.9929,0.56
0.561,0.215303,0,0.332033,0,0.0232671,0,-4.08177,-2.89631,0.495542,-199.381,-157.004,24.6796,0.561
0.562,0.210995,0,0.32557,0,0.0227597,0,-4.28047,-3.05467,0.509,-189.612,-149.259,23.5229,0.562
0.563,0.206894,0,0.319423,0,0.0222584,0,-4.46943,-3.20527,0.521334,-180.329,-141.864,22.486,0.563
0.564,0.202992,0,0.313578,0,0.0217719,0,-4.64912,-3.34845,0.532715,-171.518,-134.825,21.5426,0.564
0.565,0.199282,0,0.308021,0,0.0213041,0,-4.82002,-3.48458,0.543276,-163.16,-128.138,20.6745,0.565
0.566,0.195756,0,0.302741,0,0.0208566,0,-4.98258,-3.614,0.553129,-155.233,-121.79,19.869,0.566
0.567,0.192405,0,0.297723,0,0.0204298,0,-5.13723,-3.73706,0.562364,-147.716,-115.769,19.1172,0.567
0.568,0.18922,0,0.292956,0,0.0200232,0,-5.28438,-3.85407,0.571056,-140.587,-110.059,18.4124,0.568
0.569,0.186194,0,0.288426,0,0.0196365,0,-5.42442,-3.96536,0.579273,-133.827,-104.646,17.7497,0.569
0.57,0.183319,0,0.284122,0,0.0192687,0,-5.55771,-4.07121,0.587069,-127.415,-99.5134,17.1252,0.57
0.571,0.180588,0,0.280034,0,0.0189191,0,-5.68459,-4.17192,0.594495,-121.333,-94.6475,16.5354,0.571
0.572,0.177993,0,0.276149,0,0.0185868,0,-5.80541,-4.26774,0.601593,-115.562,-90.0338,15.9777,0.572
0.573,0.175528,0,0.272459,0,0.0182711,0,-5.92047,-4.35893,0.6084,-110.087,-85.6586,15.4496,0.573
0.574,0.173185,0,0.268953,0,0.0179711,0,-6.03005,-4.44572,0.614951,-104.89,-81.5091,14.949,0.574
0.575,0.17096,0,0.265622,0,0.0176861,0,-6.13445,-4.52835,0.621274,-99.9582,-77.5731,14.4739,0.575
0.576,0.168846,0,0.262458,0,0.0174153,0,-6.23393,-4.60703,0.627394,-95.2757,-73.8391,14.0225,0.576
0.577,0.166838,0,0.259452,0,0.017158,0,-6.32873,-4.68195,0.633335,-90.8298,-70.2961,13.5933,0.577
0.578,0.16493,0,0.256596,0,0.0169136,0,-6.41909,-4.75332,0.639116,-86.6077,-66.934,13.1847,0.578
0.579,0.163118,0,0.253884,0,0.0166813,0,-6.50523,-4.82131,0.644754,-82.5975,-63.7428,12.7955,0.579
0.58,0.161396,0,0.251306,0,0.0164607,0,-6.58736,-4.88609,0.650265,-78.788,-60.7136,12.4243,0.58
0.581,0.15976,0,0.248858,0,0.0162512,0,-6.66569,-4.94783,0.655662,-75.1685,-57.8376,12.0701,0.581
0.582,0.158206,0,0.246532,0,0.0160521,0,-6.7404,-5.00667,0.660957,-71.7291,-55.1067,11.7317,0.582
0.583,0.15673,0,0.244322,0,0.0158629,0,-6.81168,-5.06278,0.666159,-68.4602,-52.5132,11.4082,0.583
0.584,0.155328,0,0.242223,0,0.0156832,0,-6.87968,-5.11627,0.671278,-65.3529,-50.0498,11.0986,0.584
0.585,0.153995,0,0.240229,0,0.0155125,0,-6.94459,-5.16729,0.676322,-62.3987,-47.7097,10.8022,0.585
0.586,0.15273,0,0.238334,0,0.0153504,0,-7.00654,-5.21596,0.681297,-59.5898,-45.4863,10.5181,0.586
0.587,0.151527,0,0.236534,0,0.0151963,0,-7.06568,-5.26239,0.686208,-56.9184,-43.3735,10.2456,0.587
0.588,0.150385,0,0.234825,0,0.0150499,0,-7.12216,-5.30669,0.691061,-54.3776,-41.3656,9.98411,0.588
0.589,0.1493,0,0.2332,0,0.0149109,0,-7.17609,-5.34897,0.69586,-51.9605,-39.4571,9.73291,0.589
0.59,0.148269,0,0.231657,0,0.0147788,0,-7.22761,-5.38934,0.700608,-49.6608,-37.6428,9.49145,0.59
0.591,0.147289,0,0.230191,0,0.0146533,0,-7.27683,-5.42788,0.705309,-47.4724,-35.9178,9.25918,0.591
0.592,0.146359,0,0.228799,0,0.0145341,0,-7.32386,-5.46468,0.709965,-45.3898,-34.2775,9.03561,0.592
0.593,0.145475,0,0.227476,0,0.0144209,0,-7.36881,-5.49983,0.714579,-43.4073,-32.7176,8.82025,0.593
0.594,0.144635,0,0.226219,0,0.0143133,0,-7.41178,-5.53341,0.719151,-41.52,-31.2339,8.61268,0.594
0.595,0.143838,0,0.225025,0,0.0142111,0,-7.45286,-5.56549,0.723684,-39.723,-29.8225,8.41248,0.595
0.596,0.14308,0,0.22389,0,0.014114,0,-7.49215,-5.59615,0.728178,-38.0117,-28.4797,8.21928,0.596
0.597,0.14236,0,0.222813,0,0.0140217,0,-7.52972,-5.62546,0.732635,-36.3818,-27.2021,8.03271,0.597
0.598,0.141676,0,0.221789,0,0.0139341,0,-7.56567,-5.65348,0.737055,-34.8293,-25.9862,7.85243,0.598
0.599,0.141026,0,0.220816,0,0.0138508,0,-7.60007,-5.68027,0.741439,-33.3501,-24.829,7.67815,0.599
0.6,0.140409,0,0.219893,0,0.0137718,0,-7.63299,-5.7059,0.745787,-31.9406,-23.7275,7.50955,0.6
0.601,0.139822,0,0.219015,0,0.0136966,0,-7.6645,-5.73042,0.7501,-30.5974,-22.6788,7.34637,0.601
0.602,0.139265,0,0.218181,0,0.0136253,0,-7.69467,-5.75387,0.754377,-29.3171,-21.6804,7.18835,0.602
0.603,0.138736,0,0.217389,0,0.0135574,0,-7.72356,-5.77632,0.758619,-28.0965,-20.7296,7.03525,0.603
0.604,0.138233,0,0.216636,0,0.013493,0,-7.75124,-5.79781,0.762826,-26.9328,-19.8241,6.88684,0.604
0.605,0.137756,0,0.215921,0,0.0124805,0,-7.77775,-5.81838,0.766998,-25.8231,-18.9617,6.7429,0.605
0.606,0.130248,0,0.204684,0,0.0119943,0,-7.80315,-5.83808,0.771134,-24.8511,-18.1445,6.8176,0.606
0.607,0.126643,0,0.199288,0,0.0117512,0,-7.82757,-5.85698,0.775447,-20.4515,-14.6567,6.31208,0.607
0.608,0.124841,0,0.19659,0,0.0116296,0,-7.84758,-5.87236,0.779727,-16.162,-11.2724,5.76647,0.608
0.609,0.123939,0,0.195241,0,0.0115688,0,-7.86331,-5.88431,0.783922,-12.8477,-8.667,5.32174,0.609
0.61,0.123489,0,0.194566,0,0.0115384,0,-7.87574,-5.89363,0.78803,-10.5228,-6.84806,4.9919,0.61
0.611,0.123263,0,0.194229,0,0.0115233,0,-7.88585,-5.90109,0.792057,-8.9667,-5.63932,4.75394,0.611
0.612,0.123151,0,0.19406,0,0.0115157,0,-7.89441,-5.90733,0.796014,-7.94502,-4.85443,4.58045,0.612
0.613,0.123094,0,0.193976,0,0.0115119,0,-7.90195,-5.91277,0.799905,-7.27288,-4.34663,4.44925,0.613
0.614,0.123066,0,0.193934,0,0.01151,0,-7.90883,-5.91769,0.803734,-6.82094,-4.01326,4.34475,0.614
0.615,0.123052,0,0.193913,0,0.011509,0,-7.91526,-5.92226,0.807506,-6.50443,-3.78705,4.25678,0.615
0.616,0.123045,0,0.193902,0,0.0115085,0,-7.92138,-5.9266,0.81122,-6.26999,-3.62561,4.17898,0.616
0.617,0.123042,0,0.193897,0,0.0115083,0,-7.92728,-5.93076,0.814879,-6.08492,-3.50301,4.1075,0.617
0.618,0.12304,0,0.193894,0,0.0115082,0,-7.93299,-5.9348,0.818484,-5.92961,-3.40364,4.04006,0.618
0.619,0.123039,0,0.193893,0,0.0115081,0,-7.93855,-5.93873,0.822034,-5.79246,-3.31829,3.97533,0.619
0.62,0.123038,0,0.193893,0,0.0115081,0,-7.94398,-5.94256,0.825532,-5.66667,-3.24155,3.91251,0.62
0.621,0.123038,0,0.193892,0,0.0115081,0,-7.94929,-5.94632,0.828977,-5.54829,-3.17031,3.85118,0.621
0.622,0.123038,0,0.193892,0,0.0115081,0,-7.95449,-5.94999,0.832371,-5.43504,-3.10273,3.79107,0.622
0.623,0.123038,0,0.193892,0,0.0115081,0,-7.95958,-5.95359,0.835715,-5.3256,-3.03779,3.73203,0.623
0.624,0.123038,0,0.193892,0,0.0115081,0,-7.96456,-5.95711,0.839008,-5.2192,-2.97486,3.67397,0.624
0.625,0.123038,0,0.193892,0,0.0115081,0,-7.96944,-5.96057,0.842252,-5.1154,-2.91361,3.61685,0.625
0.626,0.123038,0,0.193892,0,0.0115081,0,-7.97423,-5.96395,0.845447,-5.01392,-2.85383,3.56061,0.626
0.627,0.123038,0,0.193892,0,0.0115081,0,-7.97891,-5.96727,0.848594,-4.9146,-2.79538,3.50525,0.627
0.628,0.123038,0,0.193892,0,0.0115081,0,-7.98351,-5.97053,0.851694,-4.81732,-2.73818,3.45073,0.628
0.629,0.123038,0,0.193892,0,0.0115081,0,-7.98801,-5.97372,0.854748,-4.72201,-2.68218,3.39705,0.629
0.63,0.123038,0,0.193892,0,0.0115081,0,-7.99242,-5.97685,0.857756,-4.6286,-2.62734,3.34418,0.63
0.631,0.123038,0,0.193892,0,0.0115081,0,-7.99674,-5.97991,0.860718,-4.53705,-2.57363,3.29211,0.631
0.632,0.123038,0,0.193892,0,0.0115081,0,-8.00097,-5.98292,0.863636,-4.44731,-2.52101,3.24084,0.632
0.633,0.123038,0,0.193892,0,0.0115081,0,-8.00512,-5.98587,0.86651,-4.35935,-2.46946,3.19035,0.633
0.634,0.123038,0,0.193892,0,0.0115081,0,-8.00918,-5.98876,0.869341,-4.27312,-2.41897,3.14063,0.634
0.635,0.123038,0,0.193892,0,0.0115081,0,-8.01316,-5.99159,0.872129,-4.1886,-2.3695,3.09166,0.635
0.636,0.123038,0,0.193892,0,0.0115081,0,-8.01706,-5.99437,0.874875,-4.10574,-2.32103,3.04344,0.636
0.637,0.123038,0,0.193892,0,0.0115081,0,-8.02089,-5.99709,0.87758,-4.02451,-2.27355,2.99595,0.637
0.638,0.123038,0,0.193892,0,0.0115081,0,-8.02463,-5.99976,0.880244,-3.94489,-2.22704,2.94919,0.638
0.639,0.123038,0,0.193892,0,0.0115081,0,-8.0283,-6.00238,0.882868,-3.86684,-2.18147,2.90314,0.639
0.64,0.123038,0,0.193892,0,0.0115081,0,-8.0319,-6.00494,0.885452,-3.79033,-2.13683,2.85779,0.64
0.641,0.123038,0,0.193892,0,0.0115081,0,-8.03543,-6.00746,0.887997,-3.71533,-2.0931,2.81314,0.641
0.642,0.123038,0,0.193892,0,0.0115081,0,-8.03888,-6.00992,0.890504,-3.64181,-2.05025,2.76916,0.642
0.643,0.123038,0,0.193892,0,0.0115081,0,-8.04226,-6.01234,0.892973,-3.56974,-2.00828,2.72586,0.643
0.644,0.123038,0,0.193892,0,0.0115081,0,-8.04558,-6.01471,0.895404,-3.49909,-1.96716,2.68322,0.644
0.645,0.123038,0,0.193892,0,0.0115081,0,-8.04883,-6.01703,0.897799,-3.42984,-1.92688,2.64123,0.645
0.646,0.123038,0,0.193892,0,0.0115081,0,-8.05201,-6.01931,0.900157,-3.36195,-1.88742,2.59988,0.646
0.647,0.123038,0,0.193892,0,0.0115081,0,-8.05513,-6.02155,0.90248,-3.2954,-1.84876,2.55917,0.647
0.648,0.123038,0,0.193892,0,0.0115081,0,-8.05818,-6.02373,0.904767,-3.23017,-1.81089,2.51907,0.648
0.649,0.123038,0,0.193892,0,0.0115081,0,-8.06118,-6.02588,0.90702,-3.16622,-1.77379,2.4796,0.649
0.65,0.123038,0,0.193892,0,0.0115081,0,-8.06411,-6.02798,0.909239,-3.10353,-1.73745,2.44072,0.65
0.651,0.123038,0,0.193892,0,0.0115081,0,-8.06698,-6.03005,0.911424,-3.04209,-1.70184,2.40245,0.651
0.652,0.123038,0,0.193892,0,0.0115081,0,-8.0698,-6.03207,0.913575,-2.98185,-1.66696,2.36476,0.652
0.653,0.123038,0,0.193892,0,0.0115081,0,-8.07256,-6.03405,0.915694,-2.92281,-1.6328,2.32764,0.653
0.654,0.123038,0,0.193892,0,0.0115081,0,-8.07526,-6.036,0.917781,-2.86493,-1.59933,2.2911,0.654
0.655,0.123038,0,0.193892,0,0.0115081,0,-8.07791,-6.0379,0.919836,-2.80819,-1.56654,2.25512,0.655
0.656,0.123038,0,0.193892,0,0.0115081,0,-8.08051,-6.03977,0.92186,-2.75257,-1.53442,2.21969,0.656
0.657,0.123038,0,0.193892,0,0.0115081,0,-8.08305,-6.0416,0.923853,-2.69805,-1.50295,2.1848,0.657
0.658,0.123038,0,0.193892,0,0.0115081,0,-8.08554,-6.04339,0.925816,-2.64461,-1.47213,2.15046,0.658
0.659,0.123038,0,0.193892,0,0.0115081,0,-8.08798,-6.04515,0.927749,-2.59223,-1.44194,2.11663,0.659
0.66,0.123038,0,0.193892,0,0.0115081,0,-8.09037,-6.04688,0.929652,-2.54087,-1.41236,2.08333,0.66
0.661,0.123038,0,0.193892,0,0.0115081,0,-8.09272,-6.04857,0.931526,-2.49054,-1.38339,2.05055,0.661
0.662,0.123038,0,0.193892,0,0.0115081,0,-8.09501,-6.05023,0.933372,-2.44119,-1.355,2.01826,0.662
0.663,0.123038,0,0.193892,0,0.0115081,0,-8.09726,-6.05186,0.935189,-2.39282,-1.3272,1.98648,0.663
0.664,0.123038,0,0.193892,0,0.0115081,0,-8.09947,-6.05345,0.936979,-2.34541,-1.29996,1.95518,0.664
0.665,0.123038,0,0.193892,0,0.0115081,0,-8.10163,-6.05501,0.938741,-2.29893,-1.27328,1.92437,0.665
0.666,0.123038,0,0.193892,0,0.0115081,0,-8.10374,-6.05654,0.940477,-2.25338,-1.24715,1.89403,0.666
0.667,0.123038,0,0.193892,0,0.0115081,0,-8.10581,-6.05805,0.942186,-2.20872,-1.22155,1.86416,0.667
0.668,0.123038,0,0.193892,0,0.0115081,0,-8.10785,-6.05952,0.943868,-2.16494,-1.19647,1.83476,0.668
0.669,0.123038,0,0.193892,0,0.0115081,0,-8.10984,-6.06096,0.945525,-2.12203,-1.1719,1.8058,0.669
0.67,0.123038,0,0.193892,0,0.0115081,0,-8.11179,-6.06238,0.947157,-2.07997,-1.14784,1.7773,0.67
0.671,0.123038,0,0.193892,0,0.0115081,0,-8.1137,-6.06376,0.948763,-2.03873,-1.12427,1.74923,0.671
0.672,0.123038,0,0.193892,0,0.0115081,0,-8.11557,-6.06512,0.950345,-1.99832,-1.10117,1.7216,0.672
0.673,0.123038,0,0.193892,0,0.0115081,0,-8.1174,-6.06646,0.951903,-1.9587,-1.07856,1.69439,0.673
0.674,0.123038,0,0.193892,0,0.0115081,0,-8.1192,-6.06776,0.953437,-1.91986,-1.0564,1.66761,0.674
0.675,0.123038,0,0.193892,0,0.0115081,0,-8.12096,-6.06904,0.954947,-1.8818,-1.0347,1.64124,0.675
0.676,0.123038,0,0.193892,0,0.0115081,0,-8.12268,-6.0703,0.956434,-1.84448,-1.01344,1.61528,0.676
0.677,0.123038,0,0.193892,0,0.0115081,0,-8.12437,-6.07153,0.957898,-1.8079,-0.992613,1.58972,0.677
0.678,0.123038,0,0.193892,0,0.0115081,0,-8.12603,-6.07274,0.959339,-1.77205,-0.972214,1.56456,0.678
0.679,0.123038,0,0.193892,0,0.0115081,0,-8.12765,-6.07392,0.960759,-1.7369,-0.952233,1.53979,0.679
0.68,0.123038,0,0.193892,0,0.0115081,0,-8.12924,-6.07508,0.962156,-1.70245,-0.93266,1.51541,0.68
0.681,0.123038,0,0.193892,0,0.0115081,0,-8.1308,-6.07622,0.963532,-1.66868,-0.913488,1.4914,0.681
0.682,0.123038,0,0.193892,0,0.0115081,0,-8.13232,-6.07734,0.964887,-1.63558,-0.894708,1.46776,0.682
0.683,0.123038,0,0.193892,0,0.0115081,0,-8.13381,-6.07843,0.966221,-1.60313,-0.876313,1.44449,0.683
0.684,0.123038,0,0.193892,0,0.0115081,0,-8.13528,-6.0795,0.967535,-1.57133,-0.858294,1.42159,0.684
0.685,0.123038,0,0.193892,0,0.0115081,0,-8.13671,-6.08055,0.968828,-1.54015,-0.840644,1.39904,0.685
0.686,0.123038,0,0.193892,0,0.0115081,0,-8.13812,-6.08158,0.970101,-1.50959,-0.823356,1.37684,0.686
0.687,0.123038,0,0.193892,0,0.0115081,0,-8.1395,-6.08259,0.971354,-1.47963,-0.806421,1.35498,0.687
0.688,0.123038,0,0.193892,0,0.0115081,0,-8.14084,-6.08358,0.972588,-1.45027,-0.789834,1.33347,0.688
0.689,0.123038,0,0.193892,0,0.0115081,0,-8.14217,-6.08455,0.973803,-1.42149,-0.773586,1.31229,0.689
0.69,0.123038,0,0.193892,0,0.0115081,0,-8.14346,-6.0855,0.975,-1.39328,-0.757671,1.29144,0.69
0.691,0.123038,0,0.193892,0,0.0115081,0,-8.14473,-6.08644,0.976177,-1.36562,-0.742082,1.27092,0.691
0.692,0.123038,0,0.193892,0,0.0115081,0,-8.14597,-6.08735,0.977337,-1.33851,-0.726812,1.25072,0.692
0.693,0.123038,0,0.193892,0,0.0115081,0,-8.14719,-6.08825,0.978478,-1.31194,-0.711855,1.23083,0.693
0.694,0.123038,0,0.193892,0,0.0115081,0,-8.14838,-6.08913,0.979602,-1.2859,-0.697205,1.21125,0.694
0.695,0.123038,0,0.193892,0,0.0115081,0,-8.14955,-6.08999,0.980709,-1.26036,-0.682855,1.19198,0.695
0.696,0.123038,0,0.193892,0,0.0115081,0,-8.1507,-6.09083,0.981798,-1.23534,-0.668799,1.17301,0.696
0.697,0.123038,0,0.193892,0,0.0115081,0,-8.15182,-6.09166,0.98287,-1.21081,-0.655031,1.15433,0.697
0.698,0.123038,0,0.193892,0,0.0115081,0,-8.15292,-6.09248,0.983926,-1.18677,-0.641546,1.13595,0.698
0.699,0.123038,0,0.193892,0,0.0115081,0,-8.15399,-6.09327,0.984966,-1.1632,-0.628337,1.11785,0.699
0.7,0.123038,0,0.193892,0,0.0115081,0,-8.15505,-6.09405,0.985989,-1.14009,-0.615399,1.10004,0.7
0.701,0.123038,0,0.193892,0,0.0115081,0,-8.15608,-6.09482,0.986996,-1.11745,-0.602726,1.08251,0.701
0.702,0.123038,0,0.193892,0,0.0115081,0,-8.15709,-6.09557,0.987988,-1.09525,-0.590313,1.06525,0.702
0.703,0.123038,0,0.193892,0,0.0115081,0,-8.15808,-6.0963,0.988964,-1.0735,-0.578155,1.04826,0.703
0.704,0.123038,0,0.193892,0,0.0115081,0,-8.15905,-6.09702,0.989925,-1.05217,-0.566246,1.03154,0.704
0.705,0.123038,0,0.193892,0,0.0115081,0,-8.16001,-6.09773,0.990871,-1.03126,-0.554582,1.01508,0.705
0.706,0.123038,0,0.193892,0,0.0115081,0,-8.16094,-6.09842,0.991802,-1.01077,-0.543157,0.998873,0.706
0.707,0.123038,0,0.193892,0,0.0115081,0,-8.16185,-6.0991,0.992719,-0.99069,-0.531966,0.982924,0.707
0.708,0.123038,0,0.193892,0,0.0115081,0,-8.16275,-6.09977,0.993622,-0.971003,-0.521005,0.967226,0.708
0.709,0.123038,0,0.193892,0,0.0115081,0,-8.16362,-6.10042,0.99451,-0.951706,-0.510269,0.951774,0.709
0.71,0.123038,0,0.193892,0,0.0115081,0,-8.16448,-6.10106,0.995385,-0.932791,-0.499753,0.936565,0.71
0.711,0.123038,0,0.193892,0,0.0115081,0,-8.16532,-6.10169,0.996246,-0.914251,-0.489454,0.921595,0.711
0.712,0.123038,0,0.193892,0,0.0115081,0,-8.16615,-6.10231,0.997093,-0.896077,-0.479365,0.90686,0.712
0.713,0.123038,0,0.193892,0,0.0115081,0,-8.16696,-6.10291,0.997928,-0.878264,-0.469484,0.892356,0.713
0.714,0.123038,0,0.193892,0,0.0115081,0,-8.16775,-6.1035,0.998749,-0.860804,-0.459806,0.878081,0.714
0.715,0.123038,0,0.193892,0,0.0115081,0,-8.16852,-6.10408,0.999557,-0.84369,-0.450327,0.86403,0.715
0.716,0.123038,0,0.193892,0,0.0115081,0,-8.16928,-6.10465,1.00035,-0.826914,-0.441042,0.8502,0.716
0.717,0.123038,0,0.193892,0,0.0115081,0,-8.17002,-6.10521,1.00114,-0.810471,-0.431948,0.836589,0.717
0.718,0.123038,0,0.193892,0,0.0115081,0,-8.17075,-6.10575,1.00191,-0.794354,-0.423041,0.823191,0.718
0.719,0.123038,0,0.193892,0,0.0115081,0,-8.17147,-6.10629,1.00267,-0.778556,-0.414317,0.810004,0.719
0.72,0.123038,0,0.193892,0,0.0115081,0,-8.17216,-6.10681,1.00341,-0.763071,-0.405772,0.797026,0.72
0.721,0.123038,0,0.193892,0,0.0115081,0,-8.17285,-6.10733,1.00415,-0.747894,-0.397402,0.784252,0.721
0.722,0.123038,0,0.193892,0,0.0115081,0,-8.17352,-6.10783,1.00487,-0.733016,-0.389205,0.771679,0.722
0.723,0.123038,0,0.193892,0,0.0115081,0,-8.17418,-6.10833,1.00559,-0.718434,-0.381176,0.759304,0.723
0.724,0.123038,0,0.193892,0,0.0115081,0,-8.17482,-6.10881,1.00629,-0.704141,-0.373312,0.747125,0.724
0.725,0.123038,0,0.193892,0,0.0115081,0,-8.17545,-6.10929,1.00698,-0.690131,-0.36561,0.735139,0.725
0.726,0.123038,0,0.193892,0,0.0115081,0,-8.17607,-6.10976,1.00766,-0.676399,-0.358066,0.723341,0.726
0.727,0.123038,0,0.193892,0,0.0115081,0,-8.17668,-6.11021,1.00833,-0.662939,-0.350678,0.71173,0.727
0.728,0.123038,0,0.193892,0,0.0115081,0,-8.17727,-6.11066,1.00898,-0.649745,-0.343441,0.700302,0.728
0.729,0.123038,0,0.193892,0,0.0115081,0,-8.17785,-6.1111,1.00963,-0.636814,-0.336353,0.689055,0.729
0.73,0.123038,0,0.193892,0,0.0115081,0,-8.17842,-6.11153,1.01027,-0.624139,-0.329411,0.677986,0.73
0.731,0.123038,0,0.193892,0,0.0115081,0,-8.17898,-6.11195,1.0109,-0.611715,-0.322611,0.667092,0.731
0.732,0.123038,0,0.193892,0,0.0115081,0,-8.17952,-6.11237,1.01152,-0.599537,-0.315952,0.65637,0.732
0.733,0.123038,0,0.193892,0,0.0115081,0,-8.18006,-6.11278,1.01212,-0.587601,-0.309429,0.645819,0.733
0.734,0.123038,0,0.193892,0,0.0115081,0,-8.18058,-6.11317,1.01272,-0.575902,-0.303041,0.635434,0.734
0.735,0.123038,0,0.193892,0,0.0115081,0,-8.18109,-6.11356,1.01331,-0.564435,-0.296784,0.625213,0.735
0.736,0.123038,0,0.193892,0,0.0115081,0,-8.1816,-6.11395,1.01389,-0.553195,-0.290655,0.615155,0.736
0.737,0.123038,0,0.193892,0,0.0115081,0,-8.18209,-6.11432,1.01446,-0.542178,-0.284653,0.605256,0.737
0.738,0.123038,0,0.193892,0,0.0115081,0,-8.18257,-6.11469,1.01502,-0.53138,-0.278775,0.595514,0.738
0.739,0.123038,0,0.193892,0,0.0115081,0,-8.18304,-6.11505,1.01558,-0.520796,-0.273017,0.585926,0.739
0.74,0.123038,0,0.193892,0,0.0115081,0,-8.18351,-6.1154,1.01612,-0.510422,-0.267378,0.576491,0.74
0.741,0.123038,0,0.193892,0,0.0115081,0,-8.18396,-6.11575,1.01666,-0.500254,-0.261855,0.567205,0.741
0.742,0.123038,0,0.193892,0,0.0115081,0,-8.1844,-6.11609,1.01718,-0.490287,-0.256445,0.558067,0.742
0.743,0.123038,0,0.193892,0,0.0115081,0,-8.18484,-6.11642,1.0177,-0.480519,-0.251147,0.549074,0.743
0.744,0.123038,0,0.193892,0,0.0115081,0,-8.18526,-6.11675,1.01821,-0.470944,-0.245959,0.540223,0.744
0.745,0.123038,0,0.193892,0,0.0115081,0,-8.18568,-6.11707,1.01872,-0.461559,-0.240877,0.531514,0.745
0.746,0.123038,0,0.193892,0,0.0115081,0,-8.18609,-6.11739,1.01921,-0.452361,-0.235899,0.522942,0.746
0.747,0.123038,0,0.193892,0,0.0115081,0,-8.18649,-6.11769,1.0197,-0.443345,-0.231024,0.514508,0.747
0.748,0.123038,0,0.193892,0,0.0115081,0,-8.18688,-6.11799,1.02018,-0.434508,-0.22625,0.506207,0.748
0.749,0.123038,0,0.193892,0,0.0115081,0,-8.18727,-6.11829,1.02065,-0.425846,-0.221574,0.498038,0.749
0.75,0.123038,0,0.193892,0,0.0115081,0,-8.18764,-6.11858,1.02111,-0.417357,-0.216994,0.489999,0.75
0.751,0.123038,0,0.193892,0,0.0115081,0,-8.18801,-6.11887,1.02157,-0.409036,-0.212508,0.482089,0.751
0.752,0.123038,0,0.193892,0,0.0115081,0,-8.18837,-6.11914,1.02202,-0.40088,-0.208115,0.474304,0.752
0.753,0.123038,0,0.193892,0,0.0115081,0,-8.18873,-6.11942,1.02246,-0.392886,-0.203813,0.466643,0.753
0.754,0.123038,0,0.193892,0,0.0115081,0,-8.18907,-6.11969,1.0229,-0.385051,-0.199599,0.459104,0.754
0.755,0.123038,0,0.193892,0,0.0115081,0,-8.18941,-6.11995,1.02332,-0.377371,-0.195472,0.451686,0.755
0.756,0.123038,0,0.193892,0,0.0115081,0,-8.18975,-6.12021,1.02375,-0.369845,-0.19143,0.444385,0.756
0.757,0.123038,0,0.193892,0,0.0115081,0,-8.19007,-6.12046,1.02416,-0.362467,-0.187471,0.437202,0.757
0.758,0.123038,0,0.193892,0,0.0115081,0,-8.19039,-6.12071,1.02457,-0.355236,-0.183594,0.430132,0.758
0.759,0.123038,0,0.193892,0,0.0115081,0,-8.1907,-6.12095,1.02497,-0.348149,-0.179797,0.423176,0.759
0.76,0.123038,0,0.193892,0,0.0115081,0,-8.19101,-6.12119,1.02537,-0.341202,-0.176078,0.41633,0.76
0.761,0.123038,0,0.193892,0,0.0115081,0,-8.19131,-6.12142,1.02576,-0.334394,-0.172436,0.409594,0.761
0.762,0.123038,0,0.193892,0,0.0115081,0,-8.1916,-6.12165,1.02614,-0.327721,-0.168869,0.402966,0.762
0.763,0.123038,0,0.193892,0,0.0115081,0,-8.19189,-6.12188,1.02652,-0.32118,-0.165375,0.396443,0.763
0.764,0.123038,0,0.193892,0,0.0115081,0,-8.19217,-6.1221,1.02689,-0.31477,-0.161954,0.390025,0.764
0.765,0.123038,0,0.193892,0,0.0115081,0,-8.19245,-6.12231,1.02725,-0.308486,-0.158603,0.383709,0.765
0.766,0.123038,0,0.193892,0,0.0115081,0,-8.19272,-6.12252,1.02761,-0.302328,-0.155321,0.377494,0.766
0.767,0.123038,0,0.193892,0,0.0115081,0,-8.19298,-6.12273,1.02796,-0.296292,-0.152107,0.371378,0.767
0.768,0.123038,0,0.193892,0,0.0115081,0,-8.19324,-6.12294,1.02831,-0.290376,-0.148959,0.365361,0.768
0.769,0.123038,0,0.193892,0,0.0115081,0,-8.19349,-6.12313,1.02866,-0.284578,-0.145876,0.35944,0.769
0.77,0.123038,0,0.193892,0,0.0115081,0,-8.19374,-6.12333,1.02899,-0.278895,-0.142857,0.353613,0.77
0.771,0.123038,0,0.193892,0,0.0115081,0,-8.19399,-6.12352,1.02932,-0.273325,-0.1399,0.34788,0.771
0.772,0.123038,0,0.193892,0,0.0115081,0,-8.19423,-6.12371,1.02965,-0.267865,-0.137004,0.342238,0.772
0.773,0.123038,0,0.193892,0,0.0115081,0,-8.19446,-6.12389,1.02997,-0.262515,-0.134167,0.336687,0.773
0.774,0.123038,0,0.193892,0,0.0115081,0,-8.19469,-6.12408,1.03029,-0.25727,-0.13139,0.331225,0.774
0.775,0.123038,0,0.193892,0,0.0115081,0,-8.19491,-6.12425,1.0306,-0.25213,-0.128669,0.32585,0.775
0.776,0.123038,0,0.193892,0,0.0115081,0,-8.19513,-6.12443,1.0309,-0.247092,-0.126005,0.320562,0.776
0.777,0.123038,0,0.193892,0,0.0115081,0,-8.19535,-6.1246,1.0312,-0.242155,-0.123396,0.315358,0.777
0.778,0.123038,0,0.193892,0,0.0115081,0,-8.19556,-6.12476,1.0315,-0.237315,-0.12084,0.310238,0.778
0.779,0.123038,0,0.193892,0,0.0115081,0,-8.19576,-6.12493,1.03179,-0.232572,-0.118338,0.3052,0.779
0.78,0.123038,0,0.193892,0,0.0115081,0,-8.19597,-6.12509,1.03208,-0.227924,-0.115887,0.300243,0.78
0.781,0.123038,0,0.193892,0,0.0115081,0,-8.19616,-6.12525,1.03236,-0.223367,-0.113486,0.295366,0.781
0.782,0.123038,0,0.193892,0,0.0115081,0,-8.19636,-6.1254,1.03264,-0.218902,-0.111136,0.290566,0.782
0.783,0.123038,0,0.193892,0,0.0115081,0,-8.19655,-6.12555,1.03291,-0.214525,-0.108833,0.285844,0.783
0.784,0.123038,0,0.193892,0,0.0115081,0,-8.19673,-6.1257,1.03318,-0.210235,-0.106579,0.281198,0.784
0.785,0.123038,0,0.193892,0,0.0115081,0,-8.19691,-6.12585,1.03345,-0.206031,-0.10437,0.276626,0.785
0.786,0.123038,0,0.193892,0,0.0115081,0,-8.19709,-6.12599,1.03371,-0.201911,-0.102208,0.272128,0.786
0.787,0.123038,0,0.193892,0,0.0115081,0,-8.19727,-6.12613,1.03396,-0.197872,-0.10009,0.267702,0.787
0.788,0.123038,0,0.193892,0,0.0115081,0,-8.19744,-6.12627,1.03421,-0.193914,-0.0980159,0.263348,0.788
0.789,0.123038,0,0.193892,0,0.0115081,0,-8.19761,-6.1264,1.03446,-0.190034,-0.0959847,0.259063,0.789
0.79,0.123038,0,0.193892,0,0.0115081,0,-8.19777,-6.12653,1.03471,-0.186232,-0.0939954,0.254847,0.79
0.791,0.123038,0,0.193892,0,0.0115081,0,-8.19793,-6.12666,1.03495,-0.182506,-0.0920472,0.2507,0.791
0.792,0.123038,0,0.193892,0,0.0115081,0,-8.19809,-6.12679,1.03518,-0.178854,-0.0901392,0.246619,0.792
0.793,0.123038,0,0.193892,0,0.0115081,0,-8.19824,-6.12691,1.03542,-0.175274,-0.0882707,0.242603,0.793
0.794,0.123038,0,0.193892,0,0.0115081,0,-8.19839,-6.12703,1.03565,-0.171766,-0.0864408,0.238652,0.794
0.795,0.123038,0,0.193892,0,0.0115081,0,-8.19854,-6.12715,1.03587,-0.168328,-0.0846487,0.234765,0.795
0.796,0.123038,0,0.193892,0,0.0115081,0,-8.19868,-6.12727,1.03609,-0.164958,-0.0828936,0.230941,0.796
0.797,0.123038,0,0.193892,0,0.0115081,0,-8.19883,-6.12739,1.03631,-0.161655,-0.0811748,0.227178,0.797
0.798,0.123038,0,0.193892,0,0.0115081,0,-8.19896,-6.1275,1.03652,-0.158419,-0.0794916,0.223476,0.798
0.799,0.123038,0,0.193892,0,0.0115081,0,-8.1991,-6.12761,1.03674,-0.155246,-0.0778431,0.219834,0.799
0,0.123038,0,0.193892,0,0.0115081,0,-8.19923,-6.12772,1.03694,-0.152137,-0.0762287,0.21625,0.8
