BST,AMR,ALR,AIR,ASR,ASO,AIO,RX,RY,RZ,RXu,RYu,RZu,SST
0,0,0,0,0,0,0,0,0,0,0,0,0,0
0,0,0,0,0,0,0,0,0,0,0,0,0,0
0,0,0,0,0,0,0,0,0,0,0,0,0,0
0.001,0,0,0,0,0,0,0,0,0,0,0,0,0.001
0.002,0,0,0,0,0,0,0,0,0,0,0,0,0.002
0.003,0,0,0,0,0,0,0,0,0,0,0,0,0.003
0.004,0,0,0,0,0,0,0,0,0,0,0,0,0.004
0.005,0,0,0,0,0,0,0,0,0,0,0,0,0.005
0.006,0,0,0,0,0,0,0,0,0,0,0,0,0.006
0.007,0,0,0,0,0,0,0,0,0,0,0,0,0.007
0.008,0,0,0,0,0,0,0,0,0,0,0,0,0.008
0.009,0,0,0,0,0,0,0,0,0,0,0,0,0.009
0.01,0,0,0,0,0,0,0,0,0,0,0,0,0.01
0.011,0,0,0,0,0,0,0,0,0,0,0,0,0.011
0.012,0,0,0,0,0,0,0,0,0,0,0,0,0.012
0.013,0,0,0,0,0,0,0,0,0,0,0,0,0.013
0.014,0,0,0,0,0,0,0,0,0,0,0,0,0.014
0.015,0,0,0,0,0,0,0,0,0,0,0,0,0.015
0.016,0,0,0,0,0,0,0,0,0,0,0,0,0.016
0.017,0,0,0,0,0,0,0,0,0,0,0,0,0.017
0.018,0,0,0,0,0,0,0,0,0,0,0,0,0.018
0.019,0,0,0,0,0,0,0,0,0,0,0,0,0.019
0.02,0,0,0,0,0,0,0,0,0,0,0,0,0.02
0.021,0,0,0,0,0,0,0,0,0,0,0,0,0.021
0.022,0,0,0,0,0,0,0,0,0,0,0,0,0.022
0.023,0,0,0,0,0,0,0,0,0,0,0,0,0.023
0.024,0,0,0,0,0,0,0,0,0,0,0,0,0.024
0.025,0,0,0,0,0,0,0,0,0,0,0,0,0.025
0.026,0,0,0,0,0,0,0,0,0,0,0,0,0.026
0.027,0,0,0,0,0,0,0,0,0,0,0,0,0.027
0.028,0,0,0,0,0,0,0,0,0,0,0,0,0.028
0.029,0,0,0,0,0,0,0,0,0,0,0,0,0.029
0.03,0,0,0,0,0,0,0,0,0,0,0,0,0.03
0.031,0,0,0,0,0,0,0,0,0,0,0,0,0.031
0.032,0,0,0,0,0,0,0,0,0,0,0,0,0.032
0.033,0,0,0,0,0,0,0,0,0,0,0,0,0.033
0.034,0,0,0,0,0,0,0,0,0,0,0,0,0.034
0.035,0,0,0,0,0,0,0,0,0,0,0,0,0.035
0.036,0,0,0,0,0,0,0,0,0,0,0,0,0.036
0.037,0,0,0,0,0,0,0,0,0,0,0,0,0.037
0.038,0,0,0,0,0,0,0,0,0,0,0,0,0.038
0.039,0,0,0,0,0,0,0,0,0,0,0,0,0.039
0.04,0,0,0,0,0,0,0,0,0,0,0,0,0.04
0.041,0,0,0,0,0,0,0,0,0,0,0,0,0.041
0.042,0,0,0,0,0,0,0,0,0,0,0,0,0.042
0.043,0,0,0,0,0,0,0,0,0,0,0,0,0.043
0.044,0,0,0,0,0,0,0,0,0,0,0,0,0.044
0.045,0,0,0,0,0,0,0,0,0,0,0,0,0.045
0.046,0,0,0,0,0,0,0,0,0,0,0,0,0.046
0.047,0,0,0,0,0,0,0,0,0,0,0,0,0.047
0.048,0,0,0,0,0,0,0,0,0,0,0,0,0.048
0.049,0,0,0,0,0,0,0,0,0,0,0,0,0.049
0.05,0,0,0,0,0,0,0,0,0,0,0,0,0.05
0.051,0,0,0,0,0,0,0,0,0,0,0,0,0.051
0.052,0,0,0,0,0,0,0,0,0,0,0,0,0.052
0.053,0,0,0,0,0,0,0,0,0,0,0,0,0.053
0.054,0,0,0,0,0,0,0,0,0,0,0,0,0.054
0.055,0,0,0,0,0,0,0,0,0,0,0,0,0.055
0.056,0,0,0,0,0,0,0,0,0,0,0,0,0.056
0.057,0,0,0,0,0,0,0,0,0,0,0,0,0.057
0.058,0,0,0,0,0,0,0,0,0,0,0,0,0.058
0.059,0,0,0,0,0,0,0,0,0,0,0,0,0.059
0.06,0,0,0,0,0,0,0,0,0,0,0,0,0.06
0.061,0,0,0,0,0,0,0,0,0,0,0,0,0.061
0.062,0,0,0,0,0,0,0,0,0,0,0,0,0.062
0.063,0,0,0,0,0,0,0,0,0,0,0,0,0.063
0.064,0,0,0,0,0,0,0,0,0,0,0,0,0.064
0.065,0,0,0,0,0,0,0,0,0,0,0,0,0.065
0.066,0,0,0,0,0,0,0,0,0,0,0,0,0.066
0.067,0,0,0,0,0,0,0,0,0,0,0,0,0.067
0.068,0,0,0,0,0,0,0,0,0,0,0,0,0.068
0.069,0,0,0,0,0,0,0,0,0,0,0,0,0.069
0.07,0,0,0,0,0,0,0,0,0,0,0,0,0.07
0.071,0,0,0,0,0,0,0,0,0,0,0,0,0.071
0.072,0,0,0,0,0,0,0,0,0,0,0,0,0.072
0.073,0,0,0,0,0,0,0,0,0,0,0,0,0.073
0.074,0,0,0,0,0,0,0,0,0,0,0,0,0.074
0.075,0,0,0,0,0,0,0,0,0,0,0,0,0.075
0.076,0,0,0,0,0,0,0,0,0,0,0,0,0.076
0.077,0,0,0,0,0,0,0,0,0,0,0,0,0.077
0.078,0,0,0,0,0,0,0,0,0,0,0,0,0.078
0.079,0,0,0,0,0,0,0,0,0,0,0,0,0.079
0.08,0,0,0,0,0,0,0,0,0,0,0,0,0.08
0.081,0,0,0,0,0,0,0,0,0,0,0,0,0.081
0.082,0,0,0,0,0,0,0,0,0,0,0,0,0.082
0.083,0,0,0,0,0,0,0,0,0,0,0,0,0.083
0.084,0,0,0,0,0,0,0,0,0,0,0,0,0.084
0.085,0,0,0,0,0,0,0,0,0,0,0,0,0.085
0.086,0,0,0,0,0,0,0,0,0,0,0,0,0.086
0.087,0,0,0,0,0,0,0,0,0,0,0,0,0.087
0.088,0,0,0,0,0,0,0,0,0,0,0,0,0.088
0.089,0,0,0,0,0,0,0,0,0,0,0,0,0.089
0.09,0,0,0,0,0,0,0,0,0,0,0,0,0.09
0.091,0,0,0,0,0,0,0,0,0,0,0,0,0.091
0.092,0,0,0,0,0,0,0,0,0,0,0,0,0.092
0.093,0,0,0,0,0,0,0,0,0,0,0,0,0.093
0.094,0,0,0,0,0,0,0,0,0,0,0,0,0.094
0.095,0,0,0,0,0,0,0,0,0,0,0,0,0.095
0.096,0,0,0,0,0,0,0,0,0,0,0,0,0.096
0.097,0,0,0,0,0,0,0,0,0,0,0,0,0.097
0.098,0,0,0,0,0,0,0,0,0,0,0,0,0.098
0.099,0,0,0,0,0,0,0,0,0,0,0,0,0.099
0.1,0,0,0,0,0,0,0,0,0,0,0,0,0.1
0.101,0,0,0,0,0,0,0,0,0,0,0,0,0.101
0.102,0,0,0,0,0,0,0,0,0,0,0,0,0.102
0.103,0,0,0,0,0,0,0,0,0,0,0,0,0.103
0.104,0,0,0,0,0,0,0,0,0,0,0,0,0.104
0.105,0,0,0,0,0,0,0,0,0,0,0,0,0.105
0.106,0,0,0,0,0,0,0,0,0,0,0,0,0.106
0.107,0,0,0,0,0,0,0,0,0,0,0,0,0.107
0.108,0,0,0,0,0,0,0,0,0,0,0,0,0.108
0.109,0,0,0,0,0,0,0,0,0,0,0,0,0.109
0.11,0,0,0,0,0,0,0,0,0,0,0,0,0.11
0.111,0,0,0,0,0,0,0,0,0,0,0,0,0.111
0.112,0,0,0,0,0,0,0,0,0,0,0,0,0.112
0.113,0,0,0,0,0,0,0,0,0,0,0,0,0.113
0.114,0,0,0,0,0,0,0,0,0,0,0,0,0.114
0.115,0,0,0,0,0,0,0,0,0,0,0,0,0.115
0.116,0,0,0,0,0,0,0,0,0,0,0,0,0.116
0.117,0,0,0,0,0,0,0,0,0,0,0,0,0.117
0.118,0,0,0,0,0,0,0,0,0,0,0,0,0.118
0.119,0,0,0,0,0,0,0,0,0,0,0,0,0.119
0.12,0,0,0,0,0,0,0,0,0,0,0,0,0.12
0.121,0,0,0,0,0,0,0,0,0,0,0,0,0.121
0.122,0,0,0,0,0,0,0,0,0,0,0,0,0.122
0.123,0,0,0,0,0,0,0,0,0,0,0,0,0.123
0.124,0,0,0,0,0,0,0,0,0,0,0,0,0.124
0.125,0,0,0,0,0,0,0,0,0,0,0,0,0.125
0.126,0,0,0,0,0,0,0,0,0,0,0,0,0.126
0.127,0,0,0,0,0,0,0,0,0,0,0,0,0.127
0.128,0,0,0,0,0,0,0,0,0,0,0,0,0.128
0.129,0,0,0,0,0,0,0,0,0,0,0,0,0.129
0.13,0,0,0,0,0,0,0,0,0,0,0,0,0.13
0.131,0,0,0,0,0,0,0,0,0,0,0,0,0.131
0.132,0,0,0,0,0,0,0,0,0,0,0,0,0.132
0.133,0,0,0,0,0,0,0,0,0,0,0,0,0.133
0.134,0,0,0,0,0,0,0,0,0,0,0,0,0.134
0.135,0,0,0,0,0,0,0,0,0,0,0,0,0.135
0.136,0,0,0,0,0,0,0,0,0,0,0,0,0.136
0.137,0,0,0,0,0,0,0,0,0,0,0,0,0.137
0.138,0,0,0,0,0,0,0,0,0,0,0,0,0.138
0.139,0,0,0,0,0,0,0,0,0,0,0,0,0.139
0.14,0,0,0,0,0,0,0,0,0,0,0,0,0.14
0.141,0,0,0,0,0,0,0,0,0,0,0,0,0.141
0.142,0,0,0,0,0,0,0,0,0,0,0,0,0.142
0.143,0,0,0,0,0,0,0,0,0,0,0,0,0.143
0.144,0,0,0,0,0,0,0,0,0,0,0,0,0.144
0.145,0,0,0,0,0,0,0,0,0,0,0,0,0.145
0.146,0,0,0,0,0,0,0,0,0,0,0,0,0.146
0.147,0,0,0,0,0,0,0,0,0,0,0,0,0.147
0.148,0,0,0,0,0,0,0,0,0,0,0,0,0.148
0.149,0,0,0,0,0,0,0,0,0,0,0,0,0.149
0.15,0,0,0,0,0,0,0,0,0,0,0,0,0.15
0.151,0,0,0,0,0,0,0,0,0,0,0,0,0.151
0.152,0,0,0,0,0,0,0,0,0,0,0,0,0.152
0.153,0,0,0,0,0,0,0,0,0,0,0,0,0.153
0.154,0,0,0,0,0,0,0,0,0,0,0,0,0.154
0.155,0,0,0,0,0,0,0,0,0,0,0,0,0.155
0.156,0,0,0,0,0,0,0,0,0,0,0,0,0.156
0.157,0,0,0,0,0,0,0,0,0,0,0,0,0.157
0.158,0,0,0,0,0,0,0,0,0,0,0,0,0.158
0.159,0,0,0,0,0,0,0,0,0,0,0,0,0.159
0.16,0,0,0,0,0,0,0,0,0,0,0,0,0.16
0.161,0,0,0,0,0,0,0,0,0,0,0,0,0.161
0.162,0,0,0,0,0,0,0,0,0,0,0,0,0.162
0.163,0,0,0,0,0,0,0,0,0,0,0,0,0.163
0.164,0,0,0,0,0,0,0,0,0,0,0,0,0.164
0.165,0,0,0,0,0,0,0,0,0,0,0,0,0.165
0.166,0,0,0,0,0,0,0,0,0,0,0,0,0.166
0.167,0,0,0,0,0,0,0,0,0,0,0,0,0.167
0.168,0,0,0,0,0,0,0,0,0,0,0,0,0.168
0.169,0,0,0,0,0,0,0,0,0,0,0,0,0.169
0.17,0,0,0,0,0,0,0,0,0,0,0,0,0.17
0.171,0,0,0,0,0,0,0,0,0,0,0,0,0.171
0.172,0,0,0,0,0,0,0,0,0,0,0,0,0.172
0.173,0,0,0,0,0,0,0,0,0,0,0,0,0.173
0.174,0,0,0,0,0,0,0,0,0,0,0,0,0.174
0.175,0,0,0,0,0,0,0,0,0,0,0,0,0.175
0.176,0,0,0,0,0,0,0,0,0,0,0,0,0.176
0.177,0,0,0,0,0,0,0,0,0,0,0,0,0.177
0.178,0,0,0,0,0,0,0,0,0,0,0,0,0.178
0.179,0,0,0,0,0,0,0,0,0,0,0,0,0.179
0.18,0,0,0,0,0,0,0,0,0,0,0,0,0.18
0.181,0,0,0,0,0,0,0,0,0,0,0,0,0.181
0.182,0,0,0,0,0,0,0,0,0,0,0,0,0.182
0.183,0,0,0,0,0,0,0,0,0,0,0,0,0.183
0.184,0,0,0,0,0,0,0,0,0,0,0,0,0.184
0.185,0,0,0,0,0,0,0,0,0,0,0,0,0.185
0.186,0,0,0,0,0,0,0,0,0,0,0,0,0.186
0.187,0,0,0,0,0,0,0,0,0,0,0,0,0.187
0.188,0,0,0,0,0,0,0,0,0,0,0,0,0.188
0.189,0,0,0,0,0,0,0,0,0,0,0,0,0.189
0.19,0,0,0,0,0,0,0,0,0,0,0,0,0.19
0.191,0,0,0,0,0,0,0,0,0,0,0,0,0.191
0.192,0,0,0,0,0,0,0,0,0,0,0,0,0.192
0.193,0,0,0,0,0,0,0,0,0,0,0,0,0.193
0.194,0,0,0,0,0,0,0,0,0,0,0,0,0.194
0.195,0,0,0,0,0,0,0,0,0,0,0,0,0.195
0.196,0,0,0,0,0,0,0,0,0,0,0,0,0.196
0.197,0,0,0,0,0,0,0,0,0,0,0,0,0.197
0.198,0,0,0,0,0,0,0,0,0,0,0,0,0.198
0.199,0,0,0,0,0,0,0,0,0,0,0,0,0.199
0.2,0,0,0,0,0,0,0,0,0,0,0,0,0.2
0.201,0,0,0,0,0,0,0,0,0,0,0,0,0.201
0.202,0,0,0,0,0,0,0,0,0,0,0,0,0.202
0.203,0,0,0,0,0,0,0,0,0,0,0,0,0.203
0.204,0,0,0,0,0,0,0,0,0,0,0,0,0.204
0.205,0,0,0,0,0,0,0,0,0,0,0,0,0.205
0.206,0,0,0,0,0,0,0,0,0,0,0,0,0.206
0.207,0,0,0,0,0,0,0,0,0,0,0,0,0.207
0.208,0,0,0,0,0,0,0,0,0,0,0,0,0.208
0.209,0,0,0,0,0,0,0,0,0,0,0,0,0.209
0.21,0,0,0,0,0,0,0,0,0,0,0,0,0.21
0.211,0,0,0,0,0,0,0,0,0,0,0,0,0.211
0.212,0,0,0,0,0,0,0,0,0,0,0,0,0.212
0.213,0,0,0,0,0,0,0,0,0,0,0,0,0.213
0.214,0,0,0,0,0,0,0,0,0,0,0,0,0.214
0.215,0,0,0,0,0,0,0,0,0,0,0,0,0.215
0.216,0,0,0,0,0,0,0,0,0,0,0,0,0.216
0.217,0,0,0,0,0,0,0,0,0,0,0,0,0.217
0.218,0,0,0,0,0,0,0,0,0,0,0,0,0.218
0.219,0,0,0,0,0,0,0,0,0,0,0,0,0.219
0.22,0,0,0,0,0,0,0,0,0,0,0,0,0.22
0.221,0,0,0,0,0,0,0,0,0,0,0,0,0.221
0.222,0,0,0,0,0,0,0,0,0,0,0,0,0.222
0.223,0,0,0,0,0,0,0,0,0,0,0,0,0.223
0.224,0,0,0,0,0,0,0,0,0,0,0,0,0.224
0.225,0,0,0,0,0,0,0,0,0,0,0,0,0.225
0.226,0,0,0,0,0,0,0,0,0,0,0,0,0.226
0.227,0,0,0,0,0,0,0,0,0,0,0,0,0.227
0.228,0,0,0,0,0,0,0,0,0,0,0,0,0.228
0.229,0,0,0,0,0,0,0,0,0,0,0,0,0.229
0.23,0,0,0,0,0,0,0,0,0,0,0,0,0.23
0.231,0,0,0,0,0,0,0,0,0,0,0,0,0.231
0.232,0,0,0,0,0,0,0,0,0,0,0,0,0.232
0.233,0,0,0,0,0,0,0,0,0,0,0,0,0.233
0.234,0,0,0,0,0,0,0,0,0,0,0,0,0.234
0.235,0,0,0,0,0,0,0,0,0,0,0,0,0.235
0.236,0,0,0,0,0,0,0,0,0,0,0,0,0.236
0.237,0,0,0,0,0,0,0,0,0,0,0,0,0.237
0.238,0,0,0,0,0,0,0,0,0,0,0,0,0.238
0.239,0,0,0,0,0,0,0,0,0,0,0,0,0.239
0.24,0,0,0,0,0,0,0,0,0,0,0,0,0.24
0.241,0,0,0,0,0,0,0,0,0,0,0,0,0.241
0.242,0,0,0,0,0,0,0,0,0,0,0,0,0.242
0.243,0,0,0,0,0,0,0,0,0,0,0,0,0.243
0.244,0,0,0,0,0,0,0,0,0,0,0,0,0.244
0.245,0,0,0,0,0,0,0,0,0,0,0,0,0.245
0.246,0,0,0,0,0,0,0,0,0,0,0,0,0.246
0.247,0,0,0,0,0,0,0,0,0,0,0,0,0.247
0.248,0,0,0,0,0,0,0,0,0,0,0,0,0.248
0.249,0,0,0,0,0,0,0,0,0,0,0,0,0.249
0.25,0,0,0,0,0,0,0,0,0,0,0,0,0.25
0.251,0,0,0,0,0,0,0,0,0,0,0,0,0.251
0.252,0,0,0,0,0,0,0,0,0,0,0,0,0.252
0.253,0,0,0,0,0,0,0,0,0,0,0,0,0.253
0.254,0,0,0,0,0,0,0,0,0,0,0,0,0.254
0.255,0,0,0,0,0,0,0,0,0,0,0,0,0.255
0.256,0,0,0,0,0,0,0,0,0,0,0,0,0.256
0.257,0,0,0,0,0,0,0,0,0,0,0,0,0.257
0.258,0,0,0,0,0,0,0,0,0,0,0,0,0.258
0.259,0,0,0,0,0,0,0,0,0,0,0,0,0.259
0.26,0,0,0,0,0,0,0,0,0,0,0,0,0.26
0.261,0,0,0,0,0,0,0,0,0,0,0,0,0.261
0.262,0,0,0,0,0,0,0,0,0,0,0,0,0.262
0.263,0,0,0,0,0,0,0,0,0,0,0,0,0.263
0.264,0,0,0,0,0,0,0,0,0,0,0,0,0.264
0.265,0,0,0,0,0,0,0,0,0,0,0,0,0.265
0.266,0,0,0,0,0,0,0,0,0,0,0,0,0.266
0.267,0,0,0,0,0,0,0,0,0,0,0,0,0.267
0.268,0,0,0,0,0,0,0,0,0,0,0,0,0.268
0.269,0,0,0,0,0,0,0,0,0,0,0,0,0.269
0.27,0,0,0,0,0,0,0,0,0,0,0,0,0.27
0.271,0,0,0,0,0,0,0,0,0,0,0,0,0.271
0.272,0,0,0,0,0,0,0,0,0,0,0,0,0.272
0.273,0,0,0,0,0,0,0,0,0,0,0,0,0.273
0.274,0,0,0,0,0,0,0,0,0,0,0,0,0.274
0.275,0,0,0,0,0,0,0,0,0,0,0,0,0.275
0.276,0,0,0,0,0,0,0,0,0,0,0,0,0.276
0.277,0,0,0,0,0,0,0,0,0,0,0,0,0.277
0.278,0,0,0,0,0,0,0,0,0,0,0,0,0.278
0.279,0,0,0,0,0,0,0,0,0,0,0,0,0.279
0.28,0,0,0,0,0,0,0,0,0,0,0,0,0.28
0.281,0,0,0,0,0,0,0,0,0,0,0,0,0.281
0.282,0,0,0,0,0,0,0,0,0,0,0,0,0.282
0.283,0,0,0,0,0,0,0,0,0,0,0,0,0.283
0.284,0,0,0,0,0,0,0,0,0,0,0,0,0.284
0.285,0,0,0,0,0,0,0,0,0,0,0,0,0.285
0.286,0,0,0,0,0,0,0,0,0,0,0,0,0.286
0.287,0,0,0,0,0,0,0,0,0,0,0,0,0.287
0.288,0,0,0,0,0,0,0,0,0,0,0,0,0.288
0.289,0,0,0,0,0,0,0,0,0,0,0,0,0.289
0.29,0,0,0,0,0,0,0,0,0,0,0,0,0.29
0.291,0,0,0,0,0,0,0,0,0,0,0,0,0.291
0.292,0,0,0,0,0,0,0,0,0,0,0,0,0.292
0.293,0,0,0,0,0,0,0,0,0,0,0,0,0.293
0.294,0,0,0,0,0,0,0,0,0,0,0,0,0.294
0.295,0,0,0,0,0,0,0,0,0,0,0,0,0.295
0.296,0,0,0,0,0,0,0,0,0,0,0,0,0.296
0.297,0,0,0,0,0,0,0,0,0,0,0,0,0.297
0.298,0,0,0,0,0,0,0,0,0,0,0,0,0.298
0.299,0,0,0,0,0,0,0,0,0,0,0,0,0.299
0.3,0,0,0,0,0,0,0,0,0,0,0,0,0.3
0.301,0,0,0,0,0,0,0,0,0,0,0,0,0.301
0.302,0,0,0,0,0,0,0,0,0,0,0,0,0.302
0.303,0,0,0,0,0,0,0,0,0,0,0,0,0.303
0.304,0,0,0,0,0,0,0,0,0,0,0,0,0.304
0.305,0,0,0,0,0,0,0,0,0,0,0,0,0.305
0.306,0,0,0,0,0,0,0,0,0,0,0,0,0.306
0.307,0,0,0,0,0,0,0,0,0,0,0,0,0.307
0.308,0,0,0,0,0,0,0,0,0,0,0,0,0.308
0.309,0,0,0,0,0,0,0,0,0,0,0,0,0.309
0.31,0,0,0,0,0,0,0,0,0,0,0,0,0.31
0.311,0,0,0,0,0,0,0,0,0,0,0,0,0.311
0.312,0,0,0,0,0,0,0,0,0,0,0,0,0.312
0.313,0,0,0,0,0,0,0,0,0,0,0,0,0.313
0.314,0,0,0,0,0,0,0,0,0,0,0,0,0.314
0.315,0,0,0,0,0,0,0,0,0,0,0,0,0.315
0.316,0,0,0,0,0,0,0,0,0,0,0,0,0.316
0.317,0,0,0,0,0,0,0,0,0,0,0,0,0.317
0.318,0,0,0,0,0,0,0,0,0,0,0,0,0.318
0.319,0,0,0,0,0,0,0,0,0,0,0,0,0.319
0.32,0,0,0,0,0,0,0,0,0,0,0,0,0.32
0.321,0,0,0,0,0,0,0,0,0,0,0,0,0.321
0.322,0,0,0,0,0,0,0,0,0,0,0,0,0.322
0.323,0,0,0,0,0,0,0,0,0,0,0,0,0.323
0.324,0,0,0,0,0,0,0,0,0,0,0,0,0.324
0.325,0,0,0,0,0,0,0,0,0,0,0,0,0.325
0.326,0,0,0,0,0,0,0,0,0,0,0,0,0.326
0.327,0,0,0,0,0,0,0,0,0,0,0,0,0.327
0.328,0,0,0,0,0,0,0,0,0,0,0,0,0.328
0.329,0,0,0,0,0,0,0,0,0,0,0,0,0.329
0.33,0,0,0,0,0,0,0,0,0,0,0,0,0.33
0.331,0,0,0,0,0,0,0,0,0,0,0,0,0.331
0.332,0,0,0,0,0,0,0,0,0,0,0,0,0.332
0.333,0,0,0,0,0,0,0,0,0,0,0,0,0.333
0.334,0,0,0,0,0,0,0,0,0,0,0,0,0.334
0.335,0,0,0,0,0,0,0,0,0,0,0,0,0.335
0.336,0,0,0,0,0,0,0,0,0,0,0,0,0.336
0.337,0,0,0,0,0,0,0,0,0,0,0,0,0.337
0.338,0,0,0,0,0,0,0,0,0,0,0,0,0.338
0.339,0,0,0,0,0,0,0,0,0,0,0,0,0.339
0.34,0,0,0,0,0,0,0,0,0,0,0,0,0.34
0.341,0,0,0,0,0,0,0,0,0,0,0,0,0.341
0.342,0,0,0,0,0,0,0,0,0,0,0,0,0.342
0.343,0,0,0,0,0,0,0,0,0,0,0,0,0.343
0.344,0,0,0,0,0,0,0,0,0,0,0,0,0.344
0.345,0,0,0,0,0,0,0,0,0,0,0,0,0.345
0.346,0,0,0,0,0,0,0,0,0,0,0,0,0.346
0.347,0,0,0,0,0,0,0,0,0,0,0,0,0.347
0.348,0,0,0,0,0,0,0,0,0,0,0,0,0.348
0.349,0,0,0,0,0,0,0,0,0,0,0,0,0.349
0.35,0,0,0,0,0,0,0,0,0,0,0,0,0.35
0.351,0,0,0,0,0,0,0,0,0,0,0,0,0.351
0.352,0,0,0,0,0,0,0,0,0,0,0,0,0.352
0.353,0,0,0,0,0,0,0,0,0,0,0,0,0.353
0.354,0,0,0,0,0,0,0,0,0,0,0,0,0.354
0.355,0,0,0,0,0,0,0,0,0,0,0,0,0.355
0.356,0,0,0,0,0,0,0,0,0,0,0,0,0.356
0.357,0,0,0,0,0,0,0,0,0,0,0,0,0.357
0.358,0,0,0,0,0,0,0,0,0,0,0,0,0.358
0.359,0,0,0,0,0,0,0,0,0,0,0,0,0.359
0.36,0,0,0,0,0,0,0,0,0,0,0,0,0.36
0.361,0,0,0,0,0,0,0,0,0,0,0,0,0.361
0.362,0,0,0,0,0,0,0,0,0,0,0,0,0.362
0.363,0,0,0,0,0,0,0,0,0,0,0,0,0.363
0.364,0,0,0,0,0,0,0,0,0,0,0,0,0.364
0.365,0,0,0,0,0,0,0,0,0,0,0,0,0.365
0.366,0,0,0,0,0,0,0,0,0,0,0,0,0.366
0.367,0,0,0,0,0,0,0,0,0,0,0,0,0.367
0.368,0,0,0,0,0,0,0,0,0,0,0,0,0.368
0.369,0,0,0,0,0,0,0,0,0,0,0,0,0.369
0.37,0,0,0,0,0,0,0,0,0,0,0,0,0.37
0.371,0,0,0,0,0,0,0,0,0,0,0,0,0.371
0.372,0,0,0,0,0,0,0,0,0,0,0,0,0.372
0.373,0,0,0,0,0,0,0,0,0,0,0,0,0.373
0.374,0,0,0,0,0,0,0,0,0,0,0,0,0.374
0.375,0,0,0,0,0,0,0,0,0,0,0,0,0.375
0.376,0,0,0,0,0,0,0,0,0,0,0,0,0.376
0.377,0,0,0,0,0,0,0,0,0,0,0,0,0.377
0.378,0,0,0,0,0,0,0,0,0,0,0,0,0.378
0.379,0,0,0,0,0,0,0,0,0,0,0,0,0.379
0.38,0,0,0,0,0,0,0,0,0,0,0,0,0.38
0.381,0,0,0,0,0,0,0,0,0,0,0,0,0.381
0.382,0,0,0,0,0,0,0,0,0,0,0,0,0.382
0.383,0,0,0,0,0,0,0,0,0,0,0,0,0.383
0.384,0,0,0,0,0,0,0,0,0,0,0,0,0.384
0.385,0,0,0,0,0,0,0,0,0,0,0,0,0.385
0.386,0,0,0,0,0,0,0,0,0,0,0,0,0.386
0.387,0,0,0,0,0,0,0,0,0,0,0,0,0.387
0.388,0,0,0,0,0,0,0,0,0,0,0,0,0.388
0.389,0,0,0,0,0,0,0,0,0,0,0,0,0.389
0.39,0,0,0,0,0,0,0,0,0,0,0,0,0.39
0.391,0,0,0,0,0,0,0,0,0,0,0,0,0.391
0.392,0,0,0,0,0,0,0,0,0,0,0,0,0.392
0.393,0,0,0,0,0,0,0,0,0,0,0,0,0.393
0.394,0,0,0,0,0,0,0,0,0,0,0,0,0.394
0.395,0,0,0,0,0,0,0,0,0,0,0,0,0.395
0.396,0,0,0,0,0,0,0,0,0,0,0,0,0.396
0.397,0,0,0,0,0,0,0,0,0,0,0,0,0.397
0.398,0,0,0,0,0,0,0,0,0,0,0,0,0.398
0.399,0,0,0,0,0,0,0,0,0,0,0,0,0.399
0.4,0,0,0,0,0,0,0,0,0,0,0,0,0.4
0.401,0,0,0,0,0,0,0,0,0,0,0,0,0.401
0.402,0,0,0,0,0,0,0,0,0,0,0,0,0.402
0.403,0,0,0,0,0,0,0,0,0,0,0,0,0.403
0.404,0,0,0,0,0,0,0,0,0,0,0,0,0.404
0.405,0,0,0,0,0,0,0,0,0,0,0,0,0.405
0.406,0,0,0,0,0,0,0,0,0,0,0,0,0.406
0.407,0,0,0,0,0,0,0,0,0,0,0,0,0.407
0.408,0,0,0,0,0,0,0,0,0,0,0,0,0.408
0.409,0,0,0,0,0,0,0,0,0,0,0,0,0.409
0.41,0,0,0,0,0,0,0,0,0,0,0,0,0.41
0.411,0,0,0,0,0,0,0,0,0,0,0,0,0.411
0.412,0,0,0,0,0,0,0,0,0,0,0,0,0.412
0.413,0,0,0,0,0,0,0,0,0,0,0,0,0.413
0.414,0,0,0,0,0,0,0,0,0,0,0,0,0.414
0.415,0,0,0,0,0,0,0,0,0,0,0,0,0.415
0.416,0,0,0,0,0,0,0,0,0,0,0,0,0.416
0.417,0,0,0,0,0,0,0,0,0,0,0,0,0.417
0.418,0,0,0,0,0,0,0,0,0,0,0,0,0.418
0.419,0,0,0,0,0,0,0,0,0,0,0,0,0.419
0.42,0,0,0,0,0,0,0,0,0,0,0,0,0.42
0.421,0,0,0,0,0,0,0,0,0,0,0,0,0.421
0.422,0,0,0,0,0,0,0,0,0,0,0,0,0.422
0.423,0,0,0,0,0,0,0,0,0,0,0,0,0.423
0.424,0,0,0,0,0,0,0,0,0,0,0,0,0.424
0.425,0,0,0,0,0,0,0,0,0,0,0,0,0.425
0.426,0,0,0,0,0,0,0,0,0,0,0,0,0.426
0.427,0,0,0,0,0,0,0,0,0,0,0,0,0.427
0.428,0,0,0,0,0,0,0,0,0,0,0,0,0.428
0.429,0,0,0,0,0,0,0,0,0,0,0,0,0.429
0.43,0,0,0,0,0,0,0,0,0,0,0,0,0.43
0.431,0,0,0,0,0,0,0,0,0,0,0,0,0.431
0.432,0,0,0,0,0,0,0,0,0,0,0,0,0.432
0.433,0,0,0,0,0,0,0,0,0,0,0,0,0.433
0.434,0,0,0,0,0,0,0,0,0,0,0,0,0.434
0.435,0,0,0,0,0,0,0,0,0,0,0,0,0.435
0.436,0,0,0,0,0,0,0,0,0,0,0,0,0.436
0.437,0,0,0,0,0,0,0,0,0,0,0,0,0.437
0.438,0,0,0,0,0,0,0,0,0,0,0,0,0.438
0.439,0,0,0,0,0,0,0,0,0,0,0,0,0.439
0.44,0,0,0,0,0,0,0,0,0,0,0,0,0.44
0.441,0,0,0,0,0,0,0,0,0,0,0,0,0.441
0.442,0,0,0,0,0,0,0,0,0,0,0,0,0.442
0.443,0,0,0,0,0,0,0,0,0,0,0,0,0.443
0.444,0,0,0,0,0,0,0,0,0,0,0,0,0.444
0.445,0,0,0,0,0,0,0,0,0,0,0,0,0.445
0.446,0,0,0,0,0,0,0,0,0,0,0,0,0.446
0.447,0,0,0,0,0,0,0,0,0,0,0,0,0.447
0.448,0,0,0,0,0,0,0,0,0,0,0,0,0.448
0.449,0,0,0,0,0,0,0,0,0,0,0,0,0.449
0.45,0,0,0,0,0,0,0,0,0,0,0,0,0.45
0.451,0,0,0,0,0,0,0,0,0,0,0,0,0.451
0.452,0,0,0,0,0,0,0,0,0,0,0,0,0.452
0.453,0,0,0,0,0,0,0,0,0,0,0,0,0.453
0.454,0,0,0,0,0,0,0,0,0,0,0,0,0.454
0.455,0,0,0,0,0,0,0,0,0,0,0,0,0.455
0.456,0,0,0,0,0,0,0,0,0,0,0,0,0.456
0.457,0,0,0,0,0,0,0,0,0,0,0,0,0.457
0.458,0,0,0,0,0,0,0,0,0,0,0,0,0.458
0.459,0,0,0,0,0,0,0,0,0,0,0,0,0.459
0.46,0,0,0,0,0,0,0,0,0,0,0,0,0.46
0.461,0,0,0,0,0,0,0,0,0,0,0,0,0.461
0.462,0,0,0,0,0,0,0,0,0,0,0,0,0.462
0.463,0,0,0,0,0,0,0,0,0,0,0,0,0.463
0.464,0,0,0,0,0,0,0,0,0,0,0,0,0.464
0.465,0,0,0,0,0,0,0,0,0,0,0,0,0.465
0.466,0,0,0,0,0,0,0,0,0,0,0,0,0.466
0.467,0,0,0,0,0,0,0,0,0,0,0,0,0.467
0.468,0,0,0,0,0,0,0,0,0,0,0,0,0.468
0.469,0,0,0,0,0,0,0,0,0,0,0,0,0.469
0.47,0,0,0,0,0,0,0,0,0,0,0,0,0.47
0.471,0,0,0,0,0,0,0,0,0,0,0,0,0.471
0.472,0,0,0,0,0,0,0,0,0,0,0,0,0.472
0.473,0,0,0,0,0,0,0,0,0,0,0,0,0.473
0.474,0,0,0,0,0,0,0,0,0,0,0,0,0.474
0.475,0,0,0,0,0,0,0,0,0,0,0,0,0.475
0.476,0,0,0,0,0,0,0,0,0,0,0,0,0.476
0.477,0,0,0,0,0,0,0,0,0,0,0,0,0.477
0.478,0,0,0,0,0,0,0,0,0,0,0,0,0.478
0.479,0,0,0,0,0,0,0,0,0,0,0,0,0.479
0.48,0,0,0,0,0,0,0,0,0,0,0,0,0.48
0.481,0,0,0,0,0,0,0,0,0,0,0,0,0.481
0.482,0,0,0,0,0,0,0,0,0,0,0,0,0.482
0.483,0,0,0,0,0,0,0,0,0,0,0,0,0.483
0.484,0,0,0,0,0,0,0,0,0,0,0,0,0.484
0.485,0,0,0,0,0,0,0,0,0,0,0,0,0.485
0.486,0,0,0,0,0,0,0,0,0,0,0,0,0.486
0.487,0,0,0,0,0,0,0,0,0,0,0,0,0.487
0.488,0,0,0,0,0,0,0,0,0,0,0,0,0.488
0.489,0,0,0,0,0,0,0,0,0,0,0,0,0.489
0.49,0,0,0,0,0,0,0,0,0,0,0,0,0.49
0.491,0,0,0,0,0,0,0,0,0,0,0,0,0.491
0.492,0,0,0,0,0,0,0,0,0,0,0,0,0.492
0.493,0,0,0,0,0,0,0,0,0,0,0,0,0.493
0.494,0,0,0,0,0,0,0,0,0,0,0,0,0.494
0.495,0,0,0,0,0,0,0,0,0,0,0,0,0.495
0.496,0,0,0,0,0,0,0,0,0,0,0,0,0.496
0.497,0,0,0,0,0,0,0,0,0,0,0,0,0.497
0.498,0,0,0,0,0,0,0,0,0,0,0,0,0.498
0.499,0,0,0,0,0,0,0,0,0,0,0,0,0.499
0.5,0,0,0,0,0,0,0,0,0,0,0,0,0.5
0.501,0,0,0,0,0,0,0,0,0,0,0,0,0.501
0.502,0,0,0,0,0,0,0,0,0,0,0,0,0.502
0.503,0,0,0,0,0,0,0,0,0,0,0,0,0.503
0.504,0,0,0,0,0,0,0,0,0,0,0,0,0.504
0.505,0,0,0,0,0,0,0,0,0,0,0,0,0.505
0.506,0,0,0,0,0,0,0,0,0,0,0,0,0.506
0.507,0,0,0,0,0,0,0,0,0,0,0,0,0.507
0.508,0,0,0,0,0,0,0,0,0,0,0,0,0.508
0.509,0,0,0,0,0,0,0,0,0,0,0,0,0.509
0.51,0,0,0,0,0,0,0,0,0,0,0,0,0.51
0.511,0,0,0,0,0,0,0,0,0,0,0,0,0.511
0.512,0,0,0,0,0,0,0,0,0,0,0,0,0.512
0.513,0,0,0,0,0,0,0,0,0,0,0,0,0.513
0.514,0,0,0,0,0,0,0,0,0,0,0,0,0.514
0.515,0,0,0,0,0,0,0,0,0,0,0,0,0.515
0.516,0,0,0,0,0,0,0,0,0,0,0,0,0.516
0.517,0,0,0,0,0,0,0,0,0,0,0,0,0.517
0.518,0,0,0,0,0,0,0,0,0,0,0,0,0.518
0.519,0,0,0,0,0,0,0,0,0,0,0,0,0.519
0.52,0,0,0,0,0,0,0,0,0,0,0,0,0.52
0.521,0,0,0,0,0,0,0,0,0,0,0,0,0.521
0.522,0,0,0,0,0,0,0,0,0,0,0,0,0.522
0.523,0,0,0,0,0,0,0,0,0,0,0,0,0.523
0.524,0,0,0,0,0,0,0,0,0,0,0,0,0.524
0.525,0,0,0,0,0,0,0,0,0,0,0,0,0.525
0.526,0,0,0,0,0,0,0,0,0,0,0,0,0.526
0.527,0,0,0,0,0,0,0,0,0,0,0,0,0.527
0.528,0,0,0,0,0,0,0,0,0,0,0,0,0.528
0.529,0,0,0,0,0,0,0,0,0,0,0,0,0.529
0.53,0,0,0,0,0,0,0,0,0,0,0,0,0.53
0.531,0,0,0,0,0,0,0,0,0,0,0,0,0.531
0.532,0,0,0,0,0,0,0,0,0,0,0,0,0.532
0.533,0,0,0,0,0,0,0,0,0,0,0,0,0.533
0.534,0,0,0,0,0,0,0,0,0,0,0,0,0.534
0.535,0,0,0,0,0,0,0,0,0,0,0,0,0.535
0.536,0,0,0,0,0,0,0,0,0,0,0,0,0.536
0.537,0,0,0,0,0,0,0,0,0,0,0,0,0.537
0.538,0,0,0,0,0,0,0,0,0,0,0,0,0.538
0.539,0,0,0,0,0,0,0,0,0,0,0,0,0.539
0.54,0,0,0,0,0,0,0,0,0,0,0,0,0.54
0.541,0,0,0.0437963,0,0,0,0,0,0,0,0,0,0.541
0.542,0,0.0155905,0.100186,0,0,0,0,0,0,-16.4981,1.37484,2.74968,0.542
0.543,0,0.0450076,0.156019,0,0,0,-0.0164981,0.00137484,0.00274968,-46.4126,11.8871,7.73543,0.543
0.544,0,0.0764735,0.207116,0,0,0,-0.0629108,0.0132597,0.0104885,-83.0406,34.2866,13.8401,0.544
0.545,0,0.10598,0.253001,0,0,0,-0.145955,0.0475311,0.0243663,-121.171,63.7547,20.1952,0.545
0.546,0,0.132571,0.294463,0,0,0,-0.267143,0.111234,0.0447238,-157.821,95.5788,26.3032,0.546
0.547,0,0.156484,0.330881,0,0.00139326,0,-0.425016,0.206689,0.0714724,-191.697,126.746,31.9478,0.547
0.548,0,0.177701,0.361179,0,0.00419646,0,-0.616831,0.333195,0.10436,-221.787,155.798,36.656,0.548
0.549,0,0.195678,0.384164,0,0.00729258,0,-0.838841,0.488589,0.142691,-247.17,181.921,40.1094,0.549
0.55,0,0.209752,0.39874,0,0.0102897,0,-1.08638,0.669904,0.185461,-267.022,204.35,42.3272,0.55
0.551,0,0.219302,0.404015,0,0.013083,0,-1.35394,0.873414,0.231659,-280.568,222.323,43.3497,0.551
0.552,0,0.223784,0.401698,0,0.0156812,0,-1.63525,1.09465,0.280255,-287.13,235.135,43.1763,0.552
0.553,0,0.223261,0.395788,0,0.0180756,0,-1.92333,1.32846,0.330133,-287.062,242.237,41.9233,0.553
0.554,0,0.220353,0.388249,0,0.0202065,0,-2.21155,1.56915,0.380176,-282.129,243.542,39.9161,0.554
0.555,0,0.216338,0.380077,0,0.0220016,0,-2.49503,1.81097,0.429479,-274.056,240.463,37.4716,0.555
0.556,0,0.211867,0.371777,0,0.0233928,0,-2.7706,2.04957,0.477407,-264.168,234.478,34.8428,0.556
0.557,0,0.20727,0.363604,0,0.0243195,0,-3.03642,2.28209,0.523573,-253.384,226.75,32.2149,0.557
0.558,0,0.202713,0.355682,0,0.024731,0,-3.29157,2.50682,0.567788,-242.302,218.092,29.718,0.558
0.559,0,0.198281,0.348067,0,0.0246241,0,-3.53571,2.72284,0.61002,-231.293,209.034,27.4412,0.559
0.56,0,0.194013,0.340782,0,0.0242751,0,-3.76892,2.92979,0.650346,-220.577,199.906,25.4358,0.56
0.561,0,0.189925,0.333832,0,0.0238169,0,-3.99147,3.12759,0.688917,-210.257,190.914,23.6664,0.561
0.562,0,0.186021,0.327212,0,0.0233166,0,-4.20374,3.31639,0.72587,-200.374,182.178,22.0827,0.562
0.563,0,0.182302,0.320913,0,0.0228075,0,-4.40617,3.49646,0.761307,-190.942,173.765,20.6416,0.563
0.564,0,0.178762,0.314922,0,0.0223061,0,-4.59918,3.66813,0.795301,-181.956,165.704,19.3112,0.564
0.565,0,0.175394,0.309227,0,0.0218204,0,-4.78323,3.83175,0.827904,-173.404,158.006,18.0695,0.565
0.566,0,0.172192,0.303814,0,0.021354,0,-4.95872,3.9877,0.859156,-165.27,150.671,16.9018,0.566
0.567,0,0.169149,0.29867,0,0.0209081,0,-5.12607,4.13634,0.88909,-157.537,143.689,15.7983,0.567
0.568,0,0.166256,0.293782,0,0.0204829,0,-5.28567,4.27805,0.917738,-150.184,137.048,14.7522,0.568
0.569,0,0.163508,0.289138,0,0.0200782,0,-5.4379,4.41315,0.945129,-143.195,130.734,13.7588,0.569
0.57,0,0.160896,0.284725,0,0.0196931,0,-5.58311,4.542,0.971293,-136.552,124.733,12.8146,0.57
0.571,0,0.158415,0.280533,0,0.019327,0,-5.72164,4.66489,0.99626,-130.237,119.029,11.9168,0.571
0.572,0,0.156057,0.27655,0,0.0189791,0,-5.85381,4.78214,1.02006,-124.233,113.607,11.0631,0.572
0.573,0,0.153817,0.272767,0,0.0186484,0,-5.97994,4.89402,1.04273,-118.526,108.454,10.2514,0.573
0.574,0,0.15169,0.269172,0,0.0183341,0,-6.1003,5.00082,1.06431,-113.099,103.556,9.47976,0.574
0.575,0,0.149668,0.265757,0,0.0180356,0,-6.21519,5.10278,1.08482,-107.939,98.8988,8.74651,0.575
0.576,0,0.147748,0.262513,0,0.0177519,0,-6.32486,5.20015,1.1043,-103.031,94.4711,8.04996,0.576
0.577,0,0.145923,0.259431,0,0.0174824,0,-6.42957,5.29316,1.12278,-98.3642,90.2608,7.3885,0.577
0.578,0,0.14419,0.256503,0,0.0172264,0,-6.52955,5.38203,1.1403,-93.925,86.2565,6.76062,0.578
0.579,0,0.142543,0.253721,0,0.0169832,0,-6.62503,5.46696,1.1569,-89.7021,82.4478,6.16484,0.579
0.58,0,0.140979,0.251078,0,0.0167521,0,-6.71623,5.54814,1.17261,-85.6844,78.8245,5.59974,0.58
0.581,0,0.139493,0.248568,0,0.0165326,0,-6.80335,5.62577,1.18746,-81.8617,75.3771,5.06397,0.581
0.582,0,0.138081,0.246183,0,0.016324,0,-6.88658,5.70002,1.20149,-78.224,72.0967,4.5562,0.582
0.583,0,0.13674,0.243918,0,0.0161259,0,-6.96612,5.77105,1.21472,-74.762,68.9745,4.07517,0.583
0.584,0,0.135466,0.241765,0,0.0159376,0,-7.04214,5.83902,1.22719,-71.4668,66.0026,3.61967,0.584
0.585,0,0.134256,0.23972,0,0.0157588,0,-7.1148,5.90408,1.23894,-68.3299,63.1733,3.18852,0.585
0.586,0,0.133106,0.237778,0,0.015589,0,-7.18427,5.96637,1.24998,-65.3435,60.4793,2.7806,0.586
0.587,0,0.132013,0.235933,0,0.0154276,0,-7.25069,6.02603,1.26036,-62.4999,57.9137,2.39483,0.587
0.588,0,0.130976,0.234179,0,0.0152743,0,-7.31421,6.08318,1.2701,-59.792,55.4701,2.03018,0.588
0.589,0,0.12999,0.232514,0,0.0151286,0,-7.37497,6.13794,1.27923,-57.213,53.1423,1.68566,0.589
0.59,0,0.129053,0.230932,0,0.0149903,0,-7.4331,6.19042,1.28777,-54.7565,50.9244,1.36031,0.59
0.591,0,0.128163,0.229429,0,0.0148588,0,-7.48871,6.24074,1.29575,-52.4162,48.8109,1.05322,0.591
0.592,0,0.127318,0.228001,0,0.0147339,0,-7.54194,6.289,1.3032,-50.1865,46.7966,0.763528,0.592
0.593,0,0.126515,0.226644,0,0.0146153,0,-7.59289,6.33529,1.31015,-48.0619,44.8765,0.490395,0.593
0.594,0,0.125752,0.225356,0,0.0145026,0,-7.64166,6.37971,1.3166,-46.037,43.0459,0.233024,0.594
0.595,0,0.125028,0.224131,0,0.0143955,0,-7.68836,6.42234,1.32259,-44.1071,41.3003,-0.00934722,0.595
0.596,0,0.124339,0.222968,0,0.0142938,0,-7.73309,6.46327,1.32814,-42.2673,39.6355,-0.237447,0.596
0.597,0,0.123685,0.221863,0,0.0141972,0,-7.77594,6.50258,1.33327,-40.5132,38.0475,-0.451971,0.597
0.598,0,0.123064,0.220814,0,0.0141054,0,-7.81699,6.54034,1.338,-38.8406,36.5325,-0.653583,0.598
0.599,0,0.122473,0.219817,0,0.0140182,0,-7.85632,6.57662,1.34235,-37.2455,35.0869,-0.842919,0.599
0.6,0,0.121913,0.218869,0,0.0139354,0,-7.89402,6.61149,1.34634,-35.724,33.7073,-1.02059,0.6
0.601,0,0.12138,0.217969,0,0.0138567,0,-7.93017,6.64502,1.34998,-34.2726,32.3904,-1.18716,0.601
0.602,0,0.120874,0.217114,0,0.0137819,0,-7.96482,6.67727,1.3533,-32.8878,31.1332,-1.34319,0.602
0.603,0,0.120393,0.216302,0,0.0137109,0,-7.99806,6.70829,1.3563,-31.5664,29.9326,-1.48921,0.603
0.604,0,0.119936,0.215531,0,0.0136434,0,-8.02994,6.73813,1.35901,-30.3053,28.7861,-1.62571,0.604
0.605,0,0.119502,0.214798,0,0.0125828,0,-8.06053,6.76687,1.36144,-29.1015,27.6908,-1.75318,0.605
0.606,0,0.112682,0.203276,0,0.0120735,0,-8.08989,6.79453,1.3636,-28.0313,26.6207,-1.64441,0.606
0.607,0,0.109407,0.197743,0,0.0118188,0,-8.11817,6.82112,1.36574,-23.2497,22.2201,-2.15994,0.607
0.608,0,0.107769,0.194977,0,0.0116915,0,-8.14154,6.84342,1.36674,-18.5899,17.9539,-2.71415,0.608
0.609,0,0.10695,0.193593,0,0.0116278,0,-8.16012,6.86158,1.3666,-14.9875,14.6615,-3.14821,0.609
0.61,0,0.106541,0.192902,0,0.011596,0,-8.17498,6.87654,1.36555,-12.4573,12.3495,-3.44411,0.61
0.611,0,0.106336,0.192556,0,0.0115801,0,-8.18724,6.88925,1.36389,-10.7597,10.7966,-3.62729,0.611
0.612,0,0.106234,0.192383,0,0.0115721,0,-8.19775,6.90045,1.36182,-9.64052,9.77009,-3.72976,0.612
0.613,0,0.106183,0.192297,0,0.0115681,0,-8.20711,6.91065,1.35951,-8.8996,9.08723,-3.77831,0.613
0.614,0,0.106157,0.192253,0,0.0115661,0,-8.21571,6.92019,1.35705,-8.39691,8.62056,-3.79239,0.614
0.615,0,0.106144,0.192232,0,0.0115651,0,-8.2238,6.92926,1.35451,-8.04073,8.2867,-3.78509,0.615
0.616,0,0.106138,0.192221,0,0.0115646,0,-8.23153,6.938,1.35193,-7.77335,8.03325,-3.76485,0.616
0.617,0,0.106135,0.192216,0,0.0115644,0,-8.23899,6.94649,1.34933,-7.55945,7.82822,-3.73694,0.617
0.618,0,0.106133,0.192213,0,0.0115643,0,-8.24624,6.95478,1.34674,-7.37784,7.65241,-3.70457,0.618
0.619,0,0.106132,0.192212,0,0.0115642,0,-8.2533,6.96288,1.34415,-7.21599,7.49451,-3.6697,0.619
0.62,0,0.106132,0.192211,0,0.0115642,0,-8.26021,6.97083,1.34157,-7.06656,7.34788,-3.63347,0.62
0.621,0,0.106132,0.19221,0,0.0115642,0,-8.26696,6.97862,1.33901,-6.9253,7.20869,-3.59656,0.621
0.622,0,0.106131,0.19221,0,0.0115641,0,-8.27358,6.98627,1.33647,-6.78974,7.07473,-3.55938,0.622
0.623,0,0.106131,0.19221,0,0.0115641,0,-8.28006,6.99378,1.33395,-6.65846,6.9447,-3.52214,0.623
0.624,0,0.106131,0.19221,0,0.0115641,0,-8.28642,7.00116,1.33145,-6.53065,6.81789,-3.48499,0.624
0.625,0,0.106131,0.19221,0,0.0115641,0,-8.29264,7.00841,1.32896,-6.4058,6.69383,-3.448,0.625
0.626,0,0.106131,0.19221,0,0.0115641,0,-8.29875,7.01553,1.3265,-6.28362,6.57227,-3.41121,0.626
0.627,0,0.106131,0.19221,0,0.0115641,0,-8.30473,7.02253,1.32405,-6.16394,6.45307,-3.37466,0.627
0.628,0,0.106131,0.19221,0,0.0115641,0,-8.3106,7.0294,1.32163,-6.04663,6.33609,-3.33835,0.628
0.629,0,0.106131,0.19221,0,0.0115641,0,-8.31635,7.03615,1.31922,-5.9316,6.22127,-3.3023,0.629
0.63,0,0.106131,0.19221,0,0.0115641,0,-8.32199,7.04279,1.31683,-5.81879,6.10854,-3.26652,0.63
0.631,0,0.106131,0.19221,0,0.0115641,0,-8.32752,7.0493,1.31447,-5.70815,5.99786,-3.23099,0.631
0.632,0,0.106131,0.19221,0,0.0115641,0,-8.33294,7.05571,1.31212,-5.59963,5.88919,-3.19574,0.632
0.633,0,0.106131,0.19221,0,0.0115641,0,-8.33826,7.062,1.3098,-5.49318,5.78248,-3.16075,0.633
0.634,0,0.106131,0.19221,0,0.0115641,0,-8.34347,7.06818,1.30749,-5.38875,5.67769,-3.12604,0.634
0.635,0,0.106131,0.19221,0,0.0115641,0,-8.34857,7.07425,1.3052,-5.28632,5.5748,-3.09159,0.635
0.636,0,0.106131,0.19221,0,0.0115641,0,-8.35358,7.08021,1.30294,-5.18584,5.47377,-3.05742,0.636
0.637,0,0.106131,0.19221,0,0.0115641,0,-8.35849,7.08607,1.30069,-5.08728,5.37456,-3.02352,0.637
0.638,0,0.106131,0.19221,0,0.0115641,0,-8.3633,7.09183,1.29846,-4.99059,5.27715,-2.98989,0.638
0.639,0,0.106131,0.19221,0,0.0115641,0,-8.36802,7.09749,1.29626,-4.89575,5.18149,-2.95654,0.639
0.64,0,0.106131,0.19221,0,0.0115641,0,-8.37265,7.10304,1.29407,-4.80271,5.08756,-2.92345,0.64
0.641,0,0.106131,0.19221,0,0.0115641,0,-8.37718,7.1085,1.2919,-4.71145,4.99532,-2.89065,0.641
0.642,0,0.106131,0.19221,0,0.0115641,0,-8.38163,7.11386,1.28975,-4.62192,4.90476,-2.85811,0.642
0.643,0,0.106131,0.19221,0,0.0115641,0,-8.38598,7.11913,1.28762,-4.5341,4.81583,-2.82585,0.643
0.644,0,0.106131,0.19221,0,0.0115641,0,-8.39026,7.12431,1.28551,-4.44795,4.7285,-2.79386,0.644
0.645,0,0.106131,0.19221,0,0.0115641,0,-8.39445,7.12939,1.28342,-4.36345,4.64275,-2.76215,0.645
0.646,0,0.106131,0.19221,0,0.0115641,0,-8.39855,7.13439,1.28135,-4.28055,4.55856,-2.7307,0.646
0.647,0,0.106131,0.19221,0,0.0115641,0,-8.40258,7.1393,1.2793,-4.19923,4.47588,-2.69953,0.647
0.648,0,0.106131,0.19221,0,0.0115641,0,-8.40652,7.14412,1.27727,-4.11947,4.3947,-2.66864,0.648
0.649,0,0.106131,0.19221,0,0.0115641,0,-8.41039,7.14886,1.27525,-4.04122,4.31499,-2.63801,0.649
0.65,0,0.106131,0.19221,0,0.0115641,0,-8.41419,7.15351,1.27326,-3.96446,4.23671,-2.60766,0.65
0.651,0,0.106131,0.19221,0,0.0115641,0,-8.41791,7.15809,1.27129,-3.88917,4.15985,-2.57757,0.651
0.652,0,0.106131,0.19221,0,0.0115641,0,-8.42155,7.16258,1.26933,-3.81531,4.08439,-2.54776,0.652
0.653,0,0.106131,0.19221,0,0.0115641,0,-8.42512,7.16699,1.26739,-3.74286,4.01028,-2.51822,0.653
0.654,0,0.106131,0.19221,0,0.0115641,0,-8.42863,7.17133,1.26547,-3.67178,3.93752,-2.48894,0.654
0.655,0,0.106131,0.19221,0,0.0115641,0,-8.43206,7.17559,1.26357,-3.60206,3.86607,-2.45994,0.655
0.656,0,0.106131,0.19221,0,0.0115641,0,-8.43543,7.17977,1.26169,-3.53367,3.79592,-2.4312,0.656
0.657,0,0.106131,0.19221,0,0.0115641,0,-8.43873,7.18388,1.25983,-3.46659,3.72703,-2.40273,0.657
0.658,0,0.106131,0.19221,0,0.0115641,0,-8.44197,7.18792,1.25799,-3.40078,3.6594,-2.37453,0.658
0.659,0,0.106131,0.19221,0,0.0115641,0,-8.44514,7.19189,1.25616,-3.33622,3.59298,-2.34658,0.659
0.66,0,0.106131,0.19221,0,0.0115641,0,-8.44825,7.19579,1.25435,-3.27289,3.52777,-2.31891,0.66
0.661,0,0.106131,0.19221,0,0.0115641,0,-8.4513,7.19962,1.25256,-3.21077,3.46373,-2.2915,0.661
0.662,0,0.106131,0.19221,0,0.0115641,0,-8.45429,7.20338,1.25079,-3.14984,3.40086,-2.26434,0.662
0.663,0,0.106131,0.19221,0,0.0115641,0,-8.45722,7.20708,1.24904,-3.09006,3.33912,-2.23745,0.663
0.664,0,0.106131,0.19221,0,0.0115641,0,-8.46009,7.21071,1.2473,-3.03142,3.27851,-2.21082,0.664
0.665,0,0.106131,0.19221,0,0.0115641,0,-8.4629,7.21428,1.24558,-2.9739,3.21898,-2.18445,0.665
0.666,0,0.106131,0.19221,0,0.0115641,0,-8.46566,7.21779,1.24388,-2.91748,3.16054,-2.15834,0.666
0.667,0,0.106131,0.19221,0,0.0115641,0,-8.46837,7.22123,1.2422,-2.86213,3.10316,-2.13248,0.667
0.668,0,0.106131,0.19221,0,0.0115641,0,-8.47102,7.22461,1.24054,-2.80783,3.04681,-2.10688,0.668
0.669,0,0.106131,0.19221,0,0.0115641,0,-8.47362,7.22794,1.23889,-2.75457,2.99148,-2.08153,0.669
0.67,0,0.106131,0.19221,0,0.0115641,0,-8.47617,7.2312,1.23726,-2.70232,2.93716,-2.05644,0.67
0.671,0,0.106131,0.19221,0,0.0115641,0,-8.47867,7.23441,1.23564,-2.65107,2.88382,-2.03159,0.671
0.672,0,0.106131,0.19221,0,0.0115641,0,-8.48112,7.23756,1.23405,-2.60079,2.83145,-2.007,0.672
0.673,0,0.106131,0.19221,0,0.0115641,0,-8.48352,7.24066,1.23247,-2.55147,2.78002,-1.98265,0.673
0.674,0,0.106131,0.19221,0,0.0115641,0,-8.48588,7.2437,1.2309,-2.50309,2.72953,-1.95855,0.674
0.675,0,0.106131,0.19221,0,0.0115641,0,-8.48819,7.24669,1.22936,-2.45563,2.67995,-1.9347,0.675
0.676,0,0.106131,0.19221,0,0.0115641,0,-8.49045,7.24963,1.22783,-2.40907,2.63127,-1.91109,0.676
0.677,0,0.106131,0.19221,0,0.0115641,0,-8.49267,7.25251,1.22631,-2.3634,2.58348,-1.88773,0.677
0.678,0,0.106131,0.19221,0,0.0115641,0,-8.49484,7.25535,1.22481,-2.3186,2.53654,-1.8646,0.678
0.679,0,0.106131,0.19221,0,0.0115641,0,-8.49697,7.25813,1.22333,-2.27465,2.49046,-1.84172,0.679
0.68,0,0.106131,0.19221,0,0.0115641,0,-8.49906,7.26086,1.22187,-2.23154,2.44522,-1.81908,0.68
0.681,0,0.106131,0.19221,0,0.0115641,0,-8.50111,7.26355,1.22042,-2.18925,2.40079,-1.79667,0.681
0.682,0,0.106131,0.19221,0,0.0115641,0,-8.50312,7.26619,1.21898,-2.14777,2.35717,-1.7745,0.682
0.683,0,0.106131,0.19221,0,0.0115641,0,-8.50509,7.26879,1.21757,-2.10707,2.31434,-1.75256,0.683
0.684,0,0.106131,0.19221,0,0.0115641,0,-8.50702,7.27133,1.21616,-2.06715,2.27229,-1.73085,0.684
0.685,0,0.106131,0.19221,0,0.0115641,0,-8.50891,7.27384,1.21478,-2.02799,2.231,-1.70938,0.685
0.686,0,0.106131,0.19221,0,0.0115641,0,-8.51076,7.2763,1.21341,-1.98957,2.19046,-1.68813,0.686
0.687,0,0.106131,0.19221,0,0.0115641,0,-8.51258,7.27871,1.21205,-1.95188,2.15065,-1.66711,0.687
0.688,0,0.106131,0.19221,0,0.0115641,0,-8.51436,7.28109,1.21071,-1.91491,2.11157,-1.64632,0.688
0.689,0,0.106131,0.19221,0,0.0115641,0,-8.51611,7.28342,1.20938,-1.87865,2.07319,-1.62575,0.689
0.69,0,0.106131,0.19221,0,0.0115641,0,-8.51782,7.28571,1.20807,-1.84307,2.03551,-1.60541,0.69
0.691,0,0.106131,0.19221,0,0.0115641,0,-8.5195,7.28796,1.20677,-1.80817,1.99852,-1.58528,0.691
0.692,0,0.106131,0.19221,0,0.0115641,0,-8.52115,7.29017,1.20549,-1.77394,1.96219,-1.56538,0.692
0.693,0,0.106131,0.19221,0,0.0115641,0,-8.52276,7.29234,1.20422,-1.74035,1.92653,-1.54569,0.693
0.694,0,0.106131,0.19221,0,0.0115641,0,-8.52434,7.29448,1.20297,-1.70741,1.89151,-1.52622,0.694
0.695,0,0.106131,0.19221,0,0.0115641,0,-8.52589,7.29658,1.20173,-1.67509,1.85712,-1.50696,0.695
0.696,0,0.106131,0.19221,0,0.0115641,0,-8.52741,7.29864,1.20051,-1.64339,1.82336,-1.48792,0.696
0.697,0,0.106131,0.19221,0,0.0115641,0,-8.5289,7.30066,1.1993,-1.61229,1.79022,-1.46909,0.697
0.698,0,0.106131,0.19221,0,0.0115641,0,-8.53036,7.30265,1.1981,-1.58178,1.75767,-1.45046,0.698
0.699,0,0.106131,0.19221,0,0.0115641,0,-8.53179,7.3046,1.19692,-1.55185,1.72572,-1.43205,0.699
0.7,0,0.106131,0.19221,0,0.0115641,0,-8.53319,7.30652,1.19575,-1.52249,1.69434,-1.41384,0.7
0.701,0,0.106131,0.19221,0,0.0115641,0,-8.53457,7.3084,1.19459,-1.49368,1.66353,-1.39584,0.701
0.702,0,0.106131,0.19221,0,0.0115641,0,-8.53592,7.31026,1.19345,-1.46543,1.63329,-1.37804,0.702
0.703,0,0.106131,0.19221,0,0.0115641,0,-8.53724,7.31208,1.19232,-1.43771,1.60359,-1.36044,0.703
0.704,0,0.106131,0.19221,0,0.0115641,0,-8.53854,7.31386,1.1912,-1.41052,1.57443,-1.34303,0.704
0.705,0,0.106131,0.19221,0,0.0115641,0,-8.53981,7.31562,1.1901,-1.38385,1.5458,-1.32583,0.705
0.706,0,0.106131,0.19221,0,0.0115641,0,-8.54105,7.31735,1.18901,-1.35768,1.51769,-1.30882,0.706
0.707,0,0.106131,0.19221,0,0.0115641,0,-8.54227,7.31904,1.18793,-1.33201,1.49009,-1.29201,0.707
0.708,0,0.106131,0.19221,0,0.0115641,0,-8.54347,7.32071,1.18687,-1.30683,1.463,-1.27539,0.708
0.709,0,0.106131,0.19221,0,0.0115641,0,-8.54464,7.32234,1.18581,-1.28212,1.43639,-1.25896,0.709
0.71,0,0.106131,0.19221,0,0.0115641,0,-8.54579,7.32395,1.18477,-1.25789,1.41027,-1.24272,0.71
0.711,0,0.106131,0.19221,0,0.0115641,0,-8.54692,7.32553,1.18374,-1.23411,1.38462,-1.22667,0.711
0.712,0,0.106131,0.19221,0,0.0115641,0,-8.54802,7.32708,1.18273,-1.21079,1.35944,-1.2108,0.712
0.713,0,0.106131,0.19221,0,0.0115641,0,-8.5491,7.32861,1.18173,-1.18791,1.33471,-1.19512,0.713
0.714,0,0.106131,0.19221,0,0.0115641,0,-8.55017,7.3301,1.18073,-1.16547,1.31043,-1.17962,0.714
0.715,0,0.106131,0.19221,0,0.0115641,0,-8.55121,7.33158,1.17975,-1.14345,1.2866,-1.1643,0.715
0.716,0,0.106131,0.19221,0,0.0115641,0,-8.55223,7.33302,1.17879,-1.12185,1.2632,-1.14916,0.716
0.717,0,0.106131,0.19221,0,0.0115641,0,-8.55323,7.33444,1.17783,-1.10066,1.24022,-1.1342,0.717
0.718,0,0.106131,0.19221,0,0.0115641,0,-8.55421,7.33584,1.17689,-1.07987,1.21766,-1.11941,0.718
0.719,0,0.106131,0.19221,0,0.0115641,0,-8.55517,7.33721,1.17595,-1.05948,1.19551,-1.1048,0.719
0.72,0,0.106131,0.19221,0,0.0115641,0,-8.55611,7.33855,1.17503,-1.03947,1.17376,-1.09036,0.72
0.721,0,0.106131,0.19221,0,0.0115641,0,-8.55703,7.33988,1.17412,-1.01985,1.15241,-1.07609,0.721
0.722,0,0.106131,0.19221,0,0.0115641,0,-8.55794,7.34118,1.17322,-1.00059,1.13144,-1.06199,0.722
0.723,0,0.106131,0.19221,0,0.0115641,0,-8.55882,7.34245,1.17233,-0.981704,1.11086,-1.04806,0.723
0.724,0,0.106131,0.19221,0,0.0115641,0,-8.55969,7.34371,1.17145,-0.963174,1.09065,-1.03429,0.724
0.725,0,0.106131,0.19221,0,0.0115641,0,-8.56054,7.34494,1.17058,-0.944996,1.07081,-1.02069,0.725
0.726,0,0.106131,0.19221,0,0.0115641,0,-8.56138,7.34615,1.16973,-0.927163,1.05132,-1.00726,0.726
0.727,0,0.106131,0.19221,0,0.0115641,0,-8.5622,7.34734,1.16888,-0.909668,1.0322,-0.993979,0.727
0.728,0,0.106131,0.19221,0,0.0115641,0,-8.563,7.34851,1.16804,-0.892505,1.01341,-0.980862,0.728
0.729,0,0.106131,0.19221,0,0.0115641,0,-8.56379,7.34966,1.16722,-0.875668,0.994975,-0.967903,0.729
0.73,0,0.106131,0.19221,0,0.0115641,0,-8.56456,7.35078,1.1664,-0.85915,0.976871,-0.9551,0.73
0.731,0,0.106131,0.19221,0,0.0115641,0,-8.56532,7.35189,1.1656,-0.842946,0.959096,-0.942453,0.731
0.732,0,0.106131,0.19221,0,0.0115641,0,-8.56606,7.35298,1.1648,-0.827048,0.941644,-0.929959,0.732
0.733,0,0.106131,0.19221,0,0.0115641,0,-8.56678,7.35405,1.16402,-0.811453,0.924509,-0.917617,0.733
0.734,0,0.106131,0.19221,0,0.0115641,0,-8.5675,7.3551,1.16324,-0.796153,0.907685,-0.905425,0.734
0.735,0,0.106131,0.19221,0,0.0115641,0,-8.56819,7.35613,1.16247,-0.781143,0.891167,-0.893382,0.735
0.736,0,0.106131,0.19221,0,0.0115641,0,-8.56888,7.35715,1.16172,-0.766417,0.87495,-0.881486,0.736
0.737,0,0.106131,0.19221,0,0.0115641,0,-8.56955,7.35815,1.16097,-0.751971,0.859027,-0.869736,0.737
0.738,0,0.106131,0.19221,0,0.0115641,0,-8.57021,7.35912,1.16023,-0.737799,0.843394,-0.85813,0.738
0.739,0,0.106131,0.19221,0,0.0115641,0,-8.57085,7.36009,1.1595,-0.723895,0.828045,-0.846666,0.739
0.74,0,0.106131,0.19221,0,0.0115641,0,-8.57148,7.36103,1.15878,-0.710255,0.812975,-0.835344,0.74
0.741,0,0.106131,0.19221,0,0.0115641,0,-8.5721,7.36196,1.15807,-0.696873,0.798179,-0.824162,0.741
0.742,0,0.106131,0.19221,0,0.0115641,0,-8.57271,7.36287,1.15737,-0.683745,0.783652,-0.813118,0.742
0.743,0,0.106131,0.19221,0,0.0115641,0,-8.5733,7.36377,1.15668,-0.670866,0.76939,-0.802211,0.743
0.744,0,0.106131,0.19221,0,0.0115641,0,-8.57389,7.36465,1.15599,-0.65823,0.755386,-0.791439,0.744
0.745,0,0.106131,0.19221,0,0.0115641,0,-8.57446,7.36551,1.15532,-0.645834,0.741637,-0.780801,0.745
0.746,0,0.106131,0.19221,0,0.0115641,0,-8.57502,7.36636,1.15465,-0.633673,0.728139,-0.770296,0.746
0.747,0,0.106131,0.19221,0,0.0115641,0,-8.57557,7.3672,1.15399,-0.621742,0.714885,-0.759921,0.747
0.748,0,0.106131,0.19221,0,0.0115641,0,-8.57611,7.36802,1.15334,-0.610038,0.701873,-0.749677,0.748
0.749,0,0.106131,0.19221,0,0.0115641,0,-8.57663,7.36882,1.1527,-0.598554,0.689097,-0.73956,0.749
0.75,0,0.106131,0.19221,0,0.0115641,0,-8.57715,7.36962,1.15207,-0.587289,0.676554,-0.729571,0.75
0.751,0,0.106131,0.19221,0,0.0115641,0,-8.57766,7.37039,1.15144,-0.576236,0.664238,-0.719707,0.751
0.752,0,0.106131,0.19221,0,0.0115641,0,-8.57816,7.37116,1.15082,-0.565393,0.652147,-0.709967,0.752
0.753,0,0.106131,0.19221,0,0.0115641,0,-8.57864,7.37191,1.15021,-0.554755,0.640276,-0.70035,0.753
0.754,0,0.106131,0.19221,0,0.0115641,0,-8.57912,7.37265,1.14961,-0.544318,0.62862,-0.690854,0.754
0.755,0,0.106131,0.19221,0,0.0115641,0,-8.57959,7.37337,1.14902,-0.534079,0.617177,-0.681478,0.755
0.756,0,0.106131,0.19221,0,0.0115641,0,-8.58005,7.37408,1.14843,-0.524034,0.605942,-0.672221,0.756
0.757,0,0.106131,0.19221,0,0.0115641,0,-8.5805,7.37478,1.14785,-0.514179,0.594911,-0.663081,0.757
0.758,0,0.106131,0.19221,0,0.0115641,0,-8.58094,7.37547,1.14728,-0.50451,0.58408,-0.654058,0.758
0.759,0,0.106131,0.19221,0,0.0115641,0,-8.58137,7.37614,1.14671,-0.495024,0.573447,-0.645149,0.759
0.76,0,0.106131,0.19221,0,0.0115641,0,-8.58179,7.37681,1.14616,-0.485718,0.563007,-0.636354,0.76
0.761,0,0.106131,0.19221,0,0.0115641,0,-8.58221,7.37746,1.14561,-0.476587,0.552757,-0.627671,0.761
0.762,0,0.106131,0.19221,0,0.0115641,0,-8.58261,7.3781,1.14507,-0.46763,0.542694,-0.619099,0.762
0.763,0,0.106131,0.19221,0,0.0115641,0,-8.58301,7.37873,1.14453,-0.458841,0.532813,-0.610636,0.763
0.764,0,0.106131,0.19221,0,0.0115641,0,-8.5834,7.37935,1.144,-0.450219,0.523113,-0.602282,0.764
0.765,0,0.106131,0.19221,0,0.0115641,0,-8.58379,7.37995,1.14348,-0.44176,0.513588,-0.594036,0.765
0.766,0,0.106131,0.19221,0,0.0115641,0,-8.58416,7.38055,1.14296,-0.433461,0.504238,-0.585895,0.766
0.767,0,0.106131,0.19221,0,0.0115641,0,-8.58453,7.38114,1.14246,-0.425319,0.495057,-0.577859,0.767
0.768,0,0.106131,0.19221,0,0.0115641,0,-8.58489,7.38171,1.14195,-0.417331,0.486043,-0.569927,0.768
0.769,0,0.106131,0.19221,0,0.0115641,0,-8.58525,7.38228,1.14146,-0.409493,0.477193,-0.562097,0.769
0.77,0,0.106131,0.19221,0,0.0115641,0,-8.58559,7.38283,1.14097,-0.401804,0.468505,-0.554368,0.77
0.771,0,0.106131,0.19221,0,0.0115641,0,-8.58593,7.38338,1.14049,-0.39426,0.459974,-0.54674,0.771
0.772,0,0.106131,0.19221,0,0.0115641,0,-8.58627,7.38392,1.14001,-0.386859,0.451599,-0.53921,0.772
0.773,0,0.106131,0.19221,0,0.0115641,0,-8.58659,7.38444,1.13954,-0.379597,0.443376,-0.531778,0.773
0.774,0,0.106131,0.19221,0,0.0115641,0,-8.58691,7.38496,1.13908,-0.372473,0.435302,-0.524442,0.774
0.775,0,0.106131,0.19221,0,0.0115641,0,-8.58723,7.38547,1.13862,-0.365483,0.427376,-0.517202,0.775
0.776,0,0.106131,0.19221,0,0.0115641,0,-8.58753,7.38597,1.13817,-0.358625,0.419594,-0.510056,0.776
0.777,0,0.106131,0.19221,0,0.0115641,0,-8.58783,7.38646,1.13773,-0.351897,0.411953,-0.503004,0.777
0.778,0,0.106131,0.19221,0,0.0115641,0,-8.58813,7.38694,1.13729,-0.345296,0.404452,-0.496044,0.778
0.779,0,0.106131,0.19221,0,0.0115641,0,-8.58842,7.38742,1.13685,-0.338819,0.397087,-0.489174,0.779
0.78,0,0.106131,0.19221,0,0.0115641,0,-8.5887,7.38788,1.13642,-0.332465,0.389856,-0.482395,0.78
0.781,0,0.106131,0.19221,0,0.0115641,0,-8.58898,7.38834,1.136,-0.326231,0.382757,-0.475704,0.781
0.782,0,0.106131,0.19221,0,0.0115641,0,-8.58925,7.38879,1.13559,-0.320114,0.375786,-0.469102,0.782
0.783,0,0.106131,0.19221,0,0.0115641,0,-8.58952,7.38923,1.13517,-0.314113,0.368943,-0.462586,0.783
0.784,0,0.106131,0.19221,0,0.0115641,0,-8.58978,7.38966,1.13477,-0.308225,0.362224,-0.456156,0.784
0.785,0,0.106131,0.19221,0,0.0115641,0,-8.59004,7.39009,1.13437,-0.302448,0.355628,-0.44981,0.785
0.786,0,0.106131,0.19221,0,0.0115641,0,-8.59029,7.39051,1.13397,-0.29678,0.349152,-0.443548,0.786
0.787,0,0.106131,0.19221,0,0.0115641,0,-8.59054,7.39092,1.13358,-0.291219,0.342793,-0.437369,0.787
0.788,0,0.106131,0.19221,0,0.0115641,0,-8.59078,7.39133,1.1332,-0.285763,0.33655,-0.431272,0.788
0.789,0,0.106131,0.19221,0,0.0115641,0,-8.59102,7.39172,1.13282,-0.28041,0.330421,-0.425255,0.789
0.79,0,0.106131,0.19221,0,0.0115641,0,-8.59125,7.39211,1.13245,-0.275158,0.324404,-0.419319,0.79
0.791,0,0.106131,0.19221,0,0.0115641,0,-8.59148,7.3925,1.13208,-0.270004,0.318496,-0.41346,0.791
0.792,0,0.106131,0.19221,0,0.0115641,0,-8.5917,7.39287,1.13171,-0.264948,0.312695,-0.40768,0.792
0.793,0,0.106131,0.19221,0,0.0115641,0,-8.59192,7.39324,1.13135,-0.259988,0.307,-0.401977,0.793
0.794,0,0.106131,0.19221,0,0.0115641,0,-8.59213,7.39361,1.131,-0.255121,0.301409,-0.396349,0.794
0.795,0,0.106131,0.19221,0,0.0115641,0,-8.59234,7.39396,1.13065,-0.250345,0.29592,-0.390796,0.795
0.796,0,0.106131,0.19221,0,0.0115641,0,-8.59255,7.39431,1.1303,-0.24566,0.29053,-0.385318,0.796
0.797,0,0.106131,0.19221,0,0.0115641,0,-8.59275,7.39466,1.12996,-0.241063,0.285239,-0.379913,0.797
0.798,0,0.106131,0.19221,0,0.0115641,0,-8.59295,7.395,1.12963,-0.236552,0.280044,-0.37458,0.798
0.799,0,0.106131,0.19221,0,0.0115641,0,-8.59314,7.39533,1.1293,-0.232126,0.274943,-0.369318,0.799
0,0,0.106131,0.19221,0,0.0115641,0,-8.59333,7.39566,1.12897,-0.227784,0.269936,-0.364127,0.8
