BST,AMR,ALR,AIR,ASR,ASO,AIO,RX,RY,RZ,RXu,RYu,RZu,SST
0,0,0,0,0,0,0,0,0,0,0,0,0,0
0,0,0,0,0,0,0,0,0,0,0,0,0,0
0,0,0,0,0,0,0,0,0,0,0,0,0,0
0.001,0,0,0,0,0,0,0,0,0,0,0,0,0.001
0.002,0,0,0,0,0,0,0,0,0,0,0,0,0.002
0.003,0,0,0,0,0,0,0,0,0,0,0,0,0.003
0.004,0,0,0,0,0,0,0,0,0,0,0,0,0.004
0.005,0,0,0,0,0,0,0,0,0,0,0,0,0.005
0.006,0,0,0,0,0,0,0,0,0,0,0,0,0.006
0.007,0,0,0,0,0,0,0,0,0,0,0,0,0.007
0.008,0,0,0,0,0,0,0,0,0,0,0,0,0.008
0.009,0,0,0,0,0,0,0,0,0,0,0,0,0.009
0.01,0,0,0,0,0,0,0,0,0,0,0,0,0.01
0.011,0,0,0,0,0,0,0,0,0,0,0,0,0.011
0.012,0,0,0,0,0,0,0,0,0,0,0,0,0.012
0.013,0,0,0,0,0,0,0,0,0,0,0,0,0.013
0.014,0,0,0,0,0,0,0,0,0,0,0,0,0.014
0.015,0,0,0,0,0,0,0,0,0,0,0,0,0.015
0.016,0,0,0,0,0,0,0,0,0,0,0,0,0.016
0.017,0,0,0,0,0,0,0,0,0,0,0,0,0.017
0.018,0,0,0,0,0,0,0,0,0,0,0,0,0.018
0.019,0,0,0,0,0,0,0,0,0,0,0,0,0.019
0.02,0,0,0,0,0,0,0,0,0,0,0,0,0.02
0.021,0,0,0,0,0,0,0,0,0,0,0,0,0.021
0.022,0,0,0,0,0,0,0,0,0,0,0,0,0.022
0.023,0,0,0,0,0,0,0,0,0,0,0,0,0.023
0.024,0,0,0,0,0,0,0,0,0,0,0,0,0.024
0.025,0,0,0,0,0,0,0,0,0,0,0,0,0.025
0.026,0,0,0,0,0,0,0,0,0,0,0,0,0.026
0.027,0,0,0,0,0,0,0,0,0,0,0,0,0.027
0.028,0,0,0,0,0,0,0,0,0,0,0,0,0.028
0.029,0,0,0,0,0,0,0,0,0,0,0,0,0.029
0.03,0,0,0,0,0,0,0,0,0,0,0,0,0.03
0.031,0,0,0,0,0,0,0,0,0,0,0,0,0.031
0.032,0,0,0,0,0,0,0,0,0,0,0,0,0.032
0.033,0,0,0,0,0,0,0,0,0,0,0,0,0.033
0.034,0,0,0,0,0,0,0,0,0,0,0,0,0.034
0.035,0,0,0,0,0,0,0,0,0,0,0,0,0.035
0.036,0,0,0,0,0,0,0,0,0,0,0,0,0.036
0.037,0,0,0,0,0,0,0,0,0,0,0,0,0.037
0.038,0,0,0,0,0,0,0,0,0,0,0,0,0.038
0.039,0,0,0,0,0,0,0,0,0,0,0,0,0.039
0.04,0,0,0,0,0,0,0,0,0,0,0,0,0.04
0.041,0,0,0,0,0,0,0,0,0,0,0,0,0.041
0.042,0,0,0,0,0,0,0,0,0,0,0,0,0.042
0.043,0,0,0,0,0,0,0,0,0,0,0,0,0.043
0.044,0,0,0,0,0,0,0,0,0,0,0,0,0.044
0.045,0,0,0,0,0,0,0,0,0,0,0,0,0.045
0.046,0,0,0,0,0,0,0,0,0,0,0,0,0.046
0.047,0,0,0,0,0,0,0,0,0,0,0,0,0.047
0.048,0,0,0,0,0,0,0,0,0,0,0,0,0.048
0.049,0,0,0,0,0,0,0,0,0,0,0,0,0.049
0.05,0,0,0,0,0,0,0,0,0,0,0,0,0.05
0.051,0,0,0,0,0,0,0,0,0,0,0,0,0.051
0.052,0,0,0,0,0,0,0,0,0,0,0,0,0.052
0.053,0,0,0,0,0,0,0,0,0,0,0,0,0.053
0.054,0,0,0,0,0,0,0,0,0,0,0,0,0.054
0.055,0,0,0,0,0,0,0,0,0,0,0,0,0.055
0.056,0,0,0,0,0,0,0,0,0,0,0,0,0.056
0.057,0,0,0,0,0,0,0,0,0,0,0,0,0.057
0.058,0,0,0,0,0,0,0,0,0,0,0,0,0.058
0.059,0,0,0,0,0,0,0,0,0,0,0,0,0.059
0.06,0,0,0,0,0,0,0,0,0,0,0,0,0.06
0.061,0,0,0,0,0,0,0,0,0,0,0,0,0.061
0.062,0,0,0,0,0,0,0,0,0,0,0,0,0.062
0.063,0,0,0,0,0,0,0,0,0,0,0,0,0.063
0.064,0,0,0,0,0,0,0,0,0,0,0,0,0.064
0.065,0,0,0,0,0,0,0,0,0,0,0,0,0.065
0.066,0,0,0,0,0,0,0,0,0,0,0,0,0.066
0.067,0,0,0,0,0,0,0,0,0,0,0,0,0.067
0.068,0,0,0,0,0,0,0,0,0,0,0,0,0.068
0.069,0,0,0,0,0,0,0,0,0,0,0,0,0.069
0.07,0,0,0,0,0,0,0,0,0,0,0,0,0.07
0.071,0,0,0,0,0,0,0,0,0,0,0,0,0.071
0.072,0,0,0,0,0,0,0,0,0,0,0,0,0.072
0.073,0,0,0,0,0,0,0,0,0,0,0,0,0.073
0.074,0,0,0,0,0,0,0,0,0,0,0,0,0.074
0.075,0,0,0,0,0,0,0,0,0,0,0,0,0.075
0.076,0,0,0,0,0,0,0,0,0,0,0,0,0.076
0.077,0,0,0,0,0,0,0,0,0,0,0,0,0.077
0.078,0,0,0,0,0,0,0,0,0,0,0,0,0.078
0.079,0,0,0,0,0,0,0,0,0,0,0,0,0.079
0.08,0,0,0,0,0,0,0,0,0,0,0,0,0.08
0.081,0,0,0,0,0,0,0,0,0,0,0,0,0.081
0.082,0,0,0,0,0,0,0,0,0,0,0,0,0.082
0.083,0,0,0,0,0,0,0,0,0,0,0,0,0.083
0.084,0,0,0,0,0,0,0,0,0,0,0,0,0.084
0.085,0,0,0,0,0,0,0,0,0,0,0,0,0.085
0.086,0,0,0,0,0,0,0,0,0,0,0,0,0.086
0.087,0,0,0,0,0,0,0,0,0,0,0,0,0.087
0.088,0,0,0,0,0,0,0,0,0,0,0,0,0.088
0.089,0,0,0,0,0,0,0,0,0,0,0,0,0.089
0.09,0,0,0,0,0,0,0,0,0,0,0,0,0.09
0.091,0,0,0,0,0,0,0,0,0,0,0,0,0.091
0.092,0,0,0,0,0,0,0,0,0,0,0,0,0.092
0.093,0,0,0,0,0,0,0,0,0,0,0,0,0.093
0.094,0,0,0,0,0,0,0,0,0,0,0,0,0.094
0.095,0,0,0,0,0,0,0,0,0,0,0,0,0.095
0.096,0,0,0,0,0,0,0,0,0,0,0,0,0.096
0.097,0,0,0,0,0,0,0,0,0,0,0,0,0.097
0.098,0,0,0,0,0,0,0,0,0,0,0,0,0.098
0.099,0,0,0,0,0,0,0,0,0,0,0,0,0.099
0.1,0,0,0,0,0,0,0,0,0,0,0,0,0.1
0.101,0,0,0,0,0,0,0,0,0,0,0,0,0.101
0.102,0,0,0,0,0,0,0,0,0,0,0,0,0.102
0.103,0,0,0,0,0,0,0,0,0,0,0,0,0.103
0.104,0,0,0,0,0,0,0,0,0,0,0,0,0.104
0.105,0,0,0,0,0,0,0,0,0,0,0,0,0.105
0.106,0,0,0,0,0,0,0,0,0,0,0,0,0.106
0.107,0,0,0,0,0,0,0,0,0,0,0,0,0.107
0.108,0,0,0,0,0,0,0,0,0,0,0,0,0.108
0.109,0,0,0,0,0,0,0,0,0,0,0,0,0.109
0.11,0,0,0,0,0,0,0,0,0,0,0,0,0.11
0.111,0,0,0,0,0,0,0,0,0,0,0,0,0.111
0.112,0,0,0,0,0,0,0,0,0,0,0,0,0.112
0.113,0,0,0,0,0,0,0,0,0,0,0,0,0.113
0.114,0,0,0,0,0,0,0,0,0,0,0,0,0.114
0.115,0,0,0,0,0,0,0,0,0,0,0,0,0.115
0.116,0,0,0,0,0,0,0,0,0,0,0,0,0.116
0.117,0,0,0,0,0,0,0,0,0,0,0,0,0.117
0.118,0,0,0,0,0,0,0,0,0,0,0,0,0.118
0.119,0,0,0,0,0,0,0,0,0,0,0,0,0.119
0.12,0,0,0,0,0,0,0,0,0,0,0,0,0.12
0.121,0,0,0,0,0,0,0,0,0,0,0,0,0.121
0.122,0,0,0,0,0,0,0,0,0,0,0,0,0.122
0.123,0,0,0,0,0,0,0,0,0,0,0,0,0.123
0.124,0,0,0,0,0,0,0,0,0,0,0,0,0.124
0.125,0,0,0,0,0,0,0,0,0,0,0,0,0.125
0.126,0,0,0,0,0,0,0,0,0,0,0,0,0.126
0.127,0,0,0,0,0,0,0,0,0,0,0,0,0.127
0.128,0,0,0,0,0,0,0,0,0,0,0,0,0.128
0.129,0,0,0,0,0,0,0,0,0,0,0,0,0.129
0.13,0,0,0,0,0,0,0,0,0,0,0,0,0.13
0.131,0,0,0,0,0,0,0,0,0,0,0,0,0.131
0.132,0,0,0,0,0,0,0,0,0,0,0,0,0.132
0.133,0,0,0,0,0,0,0,0,0,0,0,0,0.133
0.134,0,0,0,0,0,0,0,0,0,0,0,0,0.134
0.135,0,0,0,0,0,0,0,0,0,0,0,0,0.135
0.136,0,0,0,0,0,0,0,0,0,0,0,0,0.136
0.137,0,0,0,0,0,0,0,0,0,0,0,0,0.137
0.138,0,0,0,0,0,0,0,0,0,0,0,0,0.138
0.139,0,0,0,0,0,0,0,0,0,0,0,0,0.139
0.14,0,0,0,0,0,0,0,0,0,0,0,0,0.14
0.141,0,0,0,0,0,0,0,0,0,0,0,0,0.141
0.142,0,0,0,0,0,0,0,0,0,0,0,0,0.142
0.143,0,0,0,0,0,0,0,0,0,0,0,0,0.143
0.144,0,0,0,0,0,0,0,0,0,0,0,0,0.144
0.145,0,0,0,0,0,0,0,0,0,0,0,0,0.145
0.146,0,0,0,0,0,0,0,0,0,0,0,0,0.146
0.147,0,0,0,0,0,0,0,0,0,0,0,0,0.147
0.148,0,0,0,0,0,0,0,0,0,0,0,0,0.148
0.149,0,0,0,0,0,0,0,0,0,0,0,0,0.149
0.15,0,0,0,0,0,0,0,0,0,0,0,0,0.15
0.151,0,0,0,0,0,0,0,0,0,0,0,0,0.151
0.152,0,0,0,0,0,0,0,0,0,0,0,0,0.152
0.153,0,0,0,0,0,0,0,0,0,0,0,0,0.153
0.154,0,0,0,0,0,0,0,0,0,0,0,0,0.154
0.155,0,0,0,0,0,0,0,0,0,0,0,0,0.155
0.156,0,0,0,0,0,0,0,0,0,0,0,0,0.156
0.157,0,0,0,0,0,0,0,0,0,0,0,0,0.157
0.158,0,0,0,0,0,0,0,0,0,0,0,0,0.158
0.159,0,0,0,0,0,0,0,0,0,0,0,0,0.159
0.16,0,0,0,0,0,0,0,0,0,0,0,0,0.16
0.161,0,0,0,0,0,0,0,0,0,0,0,0,0.161
0.162,0,0,0,0,0,0,0,0,0,0,0,0,0.162
0.163,0,0,0,0,0,0,0,0,0,0,0,0,0.163
0.164,0,0,0,0,0,0,0,0,0,0,0,0,0.164
0.165,0,0,0,0,0,0,0,0,0,0,0,0,0.165
0.166,0,0,0,0,0,0,0,0,0,0,0,0,0.166
0.167,0,0,0,0,0,0,0,0,0,0,0,0,0.167
0.168,0,0,0,0,0,0,0,0,0,0,0,0,0.168
0.169,0,0,0,0,0,0,0,0,0,0,0,0,0.169
0.17,0,0,0,0,0,0,0,0,0,0,0,0,0.17
0.171,0,0,0,0,0,0,0,0,0,0,0,0,0.171
0.172,0,0,0,0,0,0,0,0,0,0,0,0,0.172
0.173,0,0,0,0,0,0,0,0,0,0,0,0,0.173
0.174,0,0,0,0,0,0,0,0,0,0,0,0,0.174
0.175,0,0,0,0,0,0,0,0,0,0,0,0,0.175
0.176,0,0,0,0,0,0,0,0,0,0,0,0,0.176
0.177,0,0,0,0,0,0,0,0,0,0,0,0,0.177
0.178,0,0,0,0,0,0,0,0,0,0,0,0,0.178
0.179,0,0,0,0,0,0,0,0,0,0,0,0,0.179
0.18,0,0,0,0,0,0,0,0,0,0,0,0,0.18
0.181,0,0,0,0,0,0,0,0,0,0,0,0,0.181
0.182,0,0,0,0,0,0,0,0,0,0,0,0,0.182
0.183,0,0,0,0,0,0,0,0,0,0,0,0,0.183
0.184,0,0,0,0,0,0,0,0,0,0,0,0,0.184
0.185,0,0,0,0,0,0,0,0,0,0,0,0,0.185
0.186,0,0,0,0,0,0,0,0,0,0,0,0,0.186
0.187,0,0,0,0,0,0,0,0,0,0,0,0,0.187
0.188,0,0,0,0,0,0,0,0,0,0,0,0,0.188
0.189,0,0,0,0,0,0,0,0,0,0,0,0,0.189
0.19,0,0,0,0,0,0,0,0,0,0,0,0,0.19
0.191,0,0,0,0,0,0,0,0,0,0,0,0,0.191
0.192,0,0,0,0,0,0,0,0,0,0,0,0,0.192
0.193,0,0,0,0,0,0,0,0,0,0,0,0,0.193
0.194,0,0,0,0,0,0,0,0,0,0,0,0,0.194
0.195,0,0,0,0,0,0,0,0,0,0,0,0,0.195
0.196,0,0,0,0,0,0,0,0,0,0,0,0,0.196
0.197,0,0,0,0,0,0,0,0,0,0,0,0,0.197
0.198,0,0,0,0,0,0,0,0,0,0,0,0,0.198
0.199,0,0,0,0,0,0,0,0,0,0,0,0,0.199
0.2,0,0,0,0,0,0,0,0,0,0,0,0,0.2
0.201,0,0,0,0,0,0,0,0,0,0,0,0,0.201
0.202,0,0,0,0,0,0,0,0,0,0,0,0,0.202
0.203,0,0,0,0,0,0,0,0,0,0,0,0,0.203
0.204,0,0,0,0,0,0,0,0,0,0,0,0,0.204
0.205,0,0,0,0,0,0,0,0,0,0,0,0,0.205
0.206,0,0,0,0,0,0,0,0,0,0,0,0,0.206
0.207,0,0,0,0,0,0,0,0,0,0,0,0,0.207
0.208,0,0,0,0,0,0,0,0,0,0,0,0,0.208
0.209,0,0,0,0,0,0,0,0,0,0,0,0,0.209
0.21,0,0,0,0,0,0,0,0,0,0,0,0,0.21
0.211,0,0,0,0,0,0,0,0,0,0,0,0,0.211
0.212,0,0,0,0,0,0,0,0,0,0,0,0,0.212
0.213,0,0,0,0,0,0,0,0,0,0,0,0,0.213
0.214,0,0,0,0,0,0,0,0,0,0,0,0,0.214
0.215,0,0,0,0,0,0,0,0,0,0,0,0,0.215
0.216,0,0,0,0,0,0,0,0,0,0,0,0,0.216
0.217,0,0,0,0,0,0,0,0,0,0,0,0,0.217
0.218,0,0,0,0,0,0,0,0,0,0,0,0,0.218
0.219,0,0,0,0,0,0,0,0,0,0,0,0,0.219
0.22,0,0,0,0,0,0,0,0,0,0,0,0,0.22
0.221,0,0,0,0,0,0,0,0,0,0,0,0,0.221
0.222,0,0,0,0,0,0,0,0,0,0,0,0,0.222
0.223,0,0,0,0,0,0,0,0,0,0,0,0,0.223
0.224,0,0,0,0,0,0,0,0,0,0,0,0,0.224
0.225,0,0,0,0,0,0,0,0,0,0,0,0,0.225
0.226,0,0,0,0,0,0,0,0,0,0,0,0,0.226
0.227,0,0,0,0,0,0,0,0,0,0,0,0,0.227
0.228,0,0,0,0,0,0,0,0,0,0,0,0,0.228
0.229,0,0,0,0,0,0,0,0,0,0,0,0,0.229
0.23,0,0,0,0,0,0,0,0,0,0,0,0,0.23
0.231,0,0,0,0,0,0,0,0,0,0,0,0,0.231
0.232,0,0,0,0,0,0,0,0,0,0,0,0,0.232
0.233,0,0,0,0,0,0,0,0,0,0,0,0,0.233
0.234,0,0,0,0,0,0,0,0,0,0,0,0,0.234
0.235,0,0,0,0,0,0,0,0,0,0,0,0,0.235
0.236,0,0,0,0,0,0,0,0,0,0,0,0,0.236
0.237,0,0,0,0,0,0,0,0,0,0,0,0,0.237
0.238,0,0,0,0,0,0,0,0,0,0,0,0,0.238
0.239,0,0,0,0,0,0,0,0,0,0,0,0,0.239
0.24,0,0,0,0,0,0,0,0,0,0,0,0,0.24
0.241,0,0,0,0,0,0,0,0,0,0,0,0,0.241
0.242,0,0,0,0,0,0,0,0,0,0,0,0,0.242
0.243,0,0,0,0,0,0,0,0,0,0,0,0,0.243
0.244,0,0,0,0,0,0,0,0,0,0,0,0,0.244
0.245,0,0,0,0,0,0,0,0,0,0,0,0,0.245
0.246,0,0,0,0,0,0,0,0,0,0,0,0,0.246
0.247,0,0,0,0,0,0,0,0,0,0,0,0,0.247
0.248,0,0,0,0,0,0,0,0,0,0,0,0,0.248
0.249,0,0,0,0,0,0,0,0,0,0,0,0,0.249
0.25,0,0,0,0,0,0,0,0,0,0,0,0,0.25
0.251,0,0,0,0,0,0,0,0,0,0,0,0,0.251
0.252,0,0,0,0,0,0,0,0,0,0,0,0,0.252
0.253,0,0,0,0,0,0,0,0,0,0,0,0,0.253
0.254,0,0,0,0,0,0,0,0,0,0,0,0,0.254
0.255,0,0,0,0,0,0,0,0,0,0,0,0,0.255
0.256,0,0,0,0,0,0,0,0,0,0,0,0,0.256
0.257,0,0,0,0,0,0,0,0,0,0,0,0,0.257
0.258,0,0,0,0,0,0,0,0,0,0,0,0,0.258
0.259,0,0,0,0,0,0,0,0,0,0,0,0,0.259
0.26,0,0,0,0,0,0,0,0,0,0,0,0,0.26
0.261,0,0,0,0,0,0,0,0,0,0,0,0,0.261
0.262,0,0,0,0,0,0,0,0,0,0,0,0,0.262
0.263,0,0,0,0,0,0,0,0,0,0,0,0,0.263
0.264,0,0,0,0,0,0,0,0,0,0,0,0,0.264
0.265,0,0,0,0,0,0,0,0,0,0,0,0,0.265
0.266,0,0,0,0,0,0,0,0,0,0,0,0,0.266
0.267,0,0,0,0,0,0,0,0,0,0,0,0,0.267
0.268,0,0,0,0,0,0,0,0,0,0,0,0,0.268
0.269,0,0,0,0,0,0,0,0,0,0,0,0,0.269
0.27,0,0,0,0,0,0,0,0,0,0,0,0,0.27
0.271,0,0,0,0,0,0,0,0,0,0,0,0,0.271
0.272,0,0,0,0,0,0,0,0,0,0,0,0,0.272
0.273,0,0,0,0,0,0,0,0,0,0,0,0,0.273
0.274,0,0,0,0,0,0,0,0,0,0,0,0,0.274
0.275,0,0,0,0,0,0,0,0,0,0,0,0,0.275
0.276,0,0,0,0,0,0,0,0,0,0,0,0,0.276
0.277,0,0,0,0,0,0,0,0,0,0,0,0,0.277
0.278,0,0,0,0,0,0,0,0,0,0,0,0,0.278
0.279,0,0,0,0,0,0,0,0,0,0,0,0,0.279
0.28,0,0,0,0,0,0,0,0,0,0,0,0,0.28
0.281,0,0,0,0,0,0,0,0,0,0,0,0,0.281
0.282,0,0,0,0,0,0,0,0,0,0,0,0,0.282
0.283,0,0,0,0,0,0,0,0,0,0,0,0,0.283
0.284,0,0,0,0,0,0,0,0,0,0,0,0,0.284
0.285,0,0,0,0,0,0,0,0,0,0,0,0,0.285
0.286,0,0,0,0,0,0,0,0,0,0,0,0,0.286
0.287,0,0,0,0,0,0,0,0,0,0,0,0,0.287
0.288,0,0,0,0,0,0,0,0,0,0,0,0,0.288
0.289,0,0,0,0,0,0,0,0,0,0,0,0,0.289
0.29,0,0,0,0,0,0,0,0,0,0,0,0,0.29
0.291,0,0,0,0,0,0,0,0,0,0,0,0,0.291
0.292,0,0,0,0,0,0,0,0,0,0,0,0,0.292
0.293,0,0,0,0,0,0,0,0,0,0,0,0,0.293
0.294,0,0,0,0,0,0,0,0,0,0,0,0,0.294
0.295,0,0,0,0,0,0,0,0,0,0,0,0,0.295
0.296,0,0,0,0,0,0,0,0,0,0,0,0,0.296
0.297,0,0,0,0,0,0,0,0,0,0,0,0,0.297
0.298,0,0,0,0,0,0,0,0,0,0,0,0,0.298
0.299,0,0,0,0,0,0,0,0,0,0,0,0,0.299
0.3,0,0,0,0,0,0,0,0,0,0,0,0,0.3
0.301,0,0,0,0,0,0,0,0,0,0,0,0,0.301
0.302,0,0,0,0,0,0,0,0,0,0,0,0,0.302
0.303,0,0,0,0,0,0,0,0,0,0,0,0,0.303
0.304,0,0,0,0,0,0,0,0,0,0,0,0,0.304
0.305,0,0,0,0,0,0,0,0,0,0,0,0,0.305
0.306,0,0,0,0,0,0,0,0,0,0,0,0,0.306
0.307,0,0,0,0,0,0,0,0,0,0,0,0,0.307
0.308,0,0,0,0,0,0,0,0,0,0,0,0,0.308
0.309,0,0,0,0,0,0,0,0,0,0,0,0,0.309
0.31,0,0,0,0,0,0,0,0,0,0,0,0,0.31
0.311,0,0,0,0,0,0,0,0,0,0,0,0,0.311
0.312,0,0,0,0,0,0,0,0,0,0,0,0,0.312
0.313,0,0,0,0,0,0,0,0,0,0,0,0,0.313
0.314,0,0,0,0,0,0,0,0,0,0,0,0,0.314
0.315,0,0,0,0,0,0,0,0,0,0,0,0,0.315
0.316,0,0,0,0,0,0,0,0,0,0,0,0,0.316
0.317,0,0,0,0,0,0,0,0,0,0,0,0,0.317
0.318,0,0,0,0,0,0,0,0,0,0,0,0,0.318
0.319,0,0,0,0,0,0,0,0,0,0,0,0,0.319
0.32,0,0,0,0,0,0,0,0,0,0,0,0,0.32
0.321,0,0,0,0,0,0,0,0,0,0,0,0,0.321
0.322,0,0,0,0,0,0,0,0,0,0,0,0,0.322
0.323,0,0,0,0,0,0,0,0,0,0,0,0,0.323
0.324,0,0,0,0,0,0,0,0,0,0,0,0,0.324
0.325,0,0,0,0,0,0,0,0,0,0,0,0,0.325
0.326,0,0,0,0,0,0,0,0,0,0,0,0,0.326
0.327,0,0,0,0,0,0,0,0,0,0,0,0,0.327
0.328,0,0,0,0,0,0,0,0,0,0,0,0,0.328
0.329,0,0,0,0,0,0,0,0,0,0,0,0,0.329
0.33,0,0,0,0,0,0,0,0,0,0,0,0,0.33
0.331,0,0,0,0,0,0,0,0,0,0,0,0,0.331
0.332,0,0,0,0,0,0,0,0,0,0,0,0,0.332
0.333,0,0,0,0,0,0,0,0,0,0,0,0,0.333
0.334,0,0,0,0,0,0,0,0,0,0,0,0,0.334
0.335,0,0,0,0,0,0,0,0,0,0,0,0,0.335
0.336,0,0,0,0,0,0,0,0,0,0,0,0,0.336
0.337,0,0,0,0,0,0,0,0,0,0,0,0,0.337
0.338,0,0,0,0,0,0,0,0,0,0,0,0,0.338
0.339,0,0,0,0,0,0,0,0,0,0,0,0,0.339
0.34,0,0,0,0,0,0,0,0,0,0,0,0,0.34
0.341,0,0,0,0,0,0,0,0,0,0,0,0,0.341
0.342,0,0,0,0,0,0,0,0,0,0,0,0,0.342
0.343,0,0,0,0,0,0,0,0,0,0,0,0,0.343
0.344,0,0,0,0,0,0,0,0,0,0,0,0,0.344
0.345,0,0,0,0,0,0,0,0,0,0,0,0,0.345
0.346,0,0,0,0,0,0,0,0,0,0,0,0,0.346
0.347,0,0,0,0,0,0,0,0,0,0,0,0,0.347
0.348,0,0,0,0,0,0,0,0,0,0,0,0,0.348
0.349,0,0,0,0,0,0,0,0,0,0,0,0,0.349
0.35,0,0,0,0,0,0,0,0,0,0,0,0,0.35
0.351,0,0,0,0,0,0,0,0,0,0,0,0,0.351
0.352,0,0,0,0,0,0,0,0,0,0,0,0,0.352
0.353,0,0,0,0,0,0,0,0,0,0,0,0,0.353
0.354,0,0,0,0,0,0,0,0,0,0,0,0,0.354
0.355,0,0,0,0,0,0,0,0,0,0,0,0,0.355
0.356,0,0,0,0,0,0,0,0,0,0,0,0,0.356
0.357,0,0,0,0,0,0,0,0,0,0,0,0,0.357
0.358,0,0,0,0,0,0,0,0,0,0,0,0,0.358
0.359,0,0,0,0,0,0,0,0,0,0,0,0,0.359
0.36,0,0,0,0,0,0,0,0,0,0,0,0,0.36
0.361,0,0,0,0,0,0,0,0,0,0,0,0,0.361
0.362,0,0,0,0,0,0,0,0,0,0,0,0,0.362
0.363,0,0,0,0,0,0,0,0,0,0,0,0,0.363
0.364,0,0,0,0,0,0,0,0,0,0,0,0,0.364
0.365,0,0,0,0,0,0,0,0,0,0,0,0,0.365
0.366,0,0,0,0,0,0,0,0,0,0,0,0,0.366
0.367,0,0,0,0,0,0,0,0,0,0,0,0,0.367
0.368,0,0,0,0,0,0,0,0,0,0,0,0,0.368
0.369,0,0,0,0,0,0,0,0,0,0,0,0,0.369
0.37,0,0,0,0,0,0,0,0,0,0,0,0,0.37
0.371,0,0,0,0,0,0,0,0,0,0,0,0,0.371
0.372,0,0,0,0,0,0,0,0,0,0,0,0,0.372
0.373,0,0,0,0,0,0,0,0,0,0,0,0,0.373
0.374,0,0,0,0,0,0,0,0,0,0,0,0,0.374
0.375,0,0,0,0,0,0,0,0,0,0,0,0,0.375
0.376,0,0,0,0,0,0,0,0,0,0,0,0,0.376
0.377,0,0,0,0,0,0,0,0,0,0,0,0,0.377
0.378,0,0,0,0,0,0,0,0,0,0,0,0,0.378
0.379,0,0,0,0,0,0,0,0,0,0,0,0,0.379
0.38,0,0,0,0,0,0,0,0,0,0,0,0,0.38
0.381,0,0,0,0,0,0,0,0,0,0,0,0,0.381
0.382,0,0,0,0,0,0,0,0,0,0,0,0,0.382
0.383,0,0,0,0,0,0,0,0,0,0,0,0,0.383
0.384,0,0,0,0,0,0,0,0,0,0,0,0,0.384
0.385,0,0,0,0,0,0,0,0,0,0,0,0,0.385
0.386,0,0,0,0,0,0,0,0,0,0,0,0,0.386
0.387,0,0,0,0,0,0,0,0,0,0,0,0,0.387
0.388,0,0,0,0,0,0,0,0,0,0,0,0,0.388
0.389,0,0,0,0,0,0,0,0,0,0,0,0,0.389
0.39,0,0,0,0,0,0,0,0,0,0,0,0,0.39
0.391,0,0,0,0,0,0,0,0,0,0,0,0,0.391
0.392,0,0,0,0,0,0,0,0,0,0,0,0,0.392
0.393,0,0,0,0,0,0,0,0,0,0,0,0,0.393
0.394,0,0,0,0,0,0,0,0,0,0,0,0,0.394
0.395,0,0,0,0,0,0,0,0,0,0,0,0,0.395
0.396,0,0,0,0,0,0,0,0,0,0,0,0,0.396
0.397,0,0,0,0,0,0,0,0,0,0,0,0,0.397
0.398,0,0,0,0,0,0,0,0,0,0,0,0,0.398
0.399,0,0,0,0,0,0,0,0,0,0,0,0,0.399
0.4,0,0,0,0,0,0,0,0,0,0,0,0,0.4
0.401,0,0,0,0,0,0,0,0,0,0,0,0,0.401
0.402,0,0,0,0,0,0,0,0,0,0,0,0,0.402
0.403,0,0,0,0,0,0,0,0,0,0,0,0,0.403
0.404,0,0,0,0,0,0,0,0,0,0,0,0,0.404
0.405,0,0,0,0,0,0,0,0,0,0,0,0,0.405
0.406,0,0,0,0,0,0,0,0,0,0,0,0,0.406
0.407,0,0,0,0,0,0,0,0,0,0,0,0,0.407
0.408,0,0,0,0,0,0,0,0,0,0,0,0,0.408
0.409,0,0,0,0,0,0,0,0,0,0,0,0,0.409
0.41,0,0,0,0,0,0,0,0,0,0,0,0,0.41
0.411,0,0,0,0,0,0,0,0,0,0,0,0,0.411
0.412,0,0,0,0,0,0,0,0,0,0,0,0,0.412
0.413,0,0,0,0,0,0,0,0,0,0,0,0,0.413
0.414,0,0,0,0,0,0,0,0,0,0,0,0,0.414
0.415,0,0,0,0,0,0,0,0,0,0,0,0,0.415
0.416,0,0,0,0,0,0,0,0,0,0,0,0,0.416
0.417,0,0,0,0,0,0,0,0,0,0,0,0,0.417
0.418,0,0,0,0,0,0,0,0,0,0,0,0,0.418
0.419,0,0,0,0,0,0,0,0,0,0,0,0,0.419
0.42,0,0,0,0,0,0,0,0,0,0,0,0,0.42
0.421,0,0,0,0,0,0,0,0,0,0,0,0,0.421
0.422,0,0,0,0,0,0,0,0,0,0,0,0,0.422
0.423,0,0,0,0,0,0,0,0,0,0,0,0,0.423
0.424,0,0,0,0,0,0,0,0,0,0,0,0,0.424
0.425,0,0,0,0,0,0,0,0,0,0,0,0,0.425
0.426,0,0,0,0,0,0,0,0,0,0,0,0,0.426
0.427,0,0,0,0,0,0,0,0,0,0,0,0,0.427
0.428,0,0,0,0,0,0,0,0,0,0,0,0,0.428
0.429,0,0,0,0,0,0,0,0,0,0,0,0,0.429
0.43,0,0,0,0,0,0,0,0,0,0,0,0,0.43
0.431,0,0,0,0,0,0,0,0,0,0,0,0,0.431
0.432,0,0,0,0,0,0,0,0,0,0,0,0,0.432
0.433,0,0,0,0,0,0,0,0,0,0,0,0,0.433
0.434,0,0,0,0,0,0,0,0,0,0,0,0,0.434
0.435,0,0,0,0,0,0,0,0,0,0,0,0,0.435
0.436,0,0,0,0,0,0,0,0,0,0,0,0,0.436
0.437,0,0,0,0,0,0,0,0,0,0,0,0,0.437
0.438,0,0,0,0,0,0,0,0,0,0,0,0,0.438
0.439,0,0,0,0,0,0,0,0,0,0,0,0,0.439
0.44,0,0,0,0,0,0,0,0,0,0,0,0,0.44
0.441,0,0,0,0,0,0,0,0,0,0,0,0,0.441
0.442,0,0,0,0,0,0,0,0,0,0,0,0,0.442
0.443,0,0,0,0,0,0,0,0,0,0,0,0,0.443
0.444,0,0,0,0,0,0,0,0,0,0,0,0,0.444
0.445,0,0,0,0,0,0,0,0,0,0,0,0,0.445
0.446,0,0,0,0,0,0,0,0,0,0,0,0,0.446
0.447,0,0,0,0,0,0,0,0,0,0,0,0,0.447
0.448,0,0,0,0,0,0,0,0,0,0,0,0,0.448
0.449,0,0,0,0,0,0,0,0,0,0,0,0,0.449
0.45,0,0,0,0,0,0,0,0,0,0,0,0,0.45
0.451,0,0,0,0,0,0,0,0,0,0,0,0,0.451
0.452,0,0,0,0,0,0,0,0,0,0,0,0,0.452
0.453,0,0,0,0,0,0,0,0,0,0,0,0,0.453
0.454,0,0,0,0,0,0,0,0,0,0,0,0,0.454
0.455,0,0,0,0,0,0,0,0,0,0,0,0,0.455
0.456,0,0,0,0,0,0,0,0,0,0,0,0,0.456
0.457,0,0,0,0,0,0,0,0,0,0,0,0,0.457
0.458,0,0,0,0,0,0,0,0,0,0,0,0,0.458
0.459,0,0,0,0,0,0,0,0,0,0,0,0,0.459
0.46,0,0,0,0,0,0,0,0,0,0,0,0,0.46
0.461,0,0,0,0,0,0,0,0,0,0,0,0,0.461
0.462,0,0,0,0,0,0,0,0,0,0,0,0,0.462
0.463,0,0,0,0,0,0,0,0,0,0,0,0,0.463
0.464,0,0,0,0,0,0,0,0,0,0,0,0,0.464
0.465,0,0,0,0,0,0,0,0,0,0,0,0,0.465
0.466,0,0,0,0,0,0,0,0,0,0,0,0,0.466
0.467,0,0,0,0,0,0,0,0,0,0,0,0,0.467
0.468,0,0,0,0,0,0,0,0,0,0,0,0,0.468
0.469,0,0,0,0,0,0,0,0,0,0,0,0,0.469
0.47,0,0,0,0,0,0,0,0,0,0,0,0,0.47
0.471,0,0,0,0,0,0,0,0,0,0,0,0,0.471
0.472,0,0,0,0,0,0,0,0,0,0,0,0,0.472
0.473,0,0,0,0,0,0,0,0,0,0,0,0,0.473
0.474,0,0,0,0,0,0,0,0,0,0,0,0,0.474
0.475,0,0,0,0,0,0,0,0,0,0,0,0,0.475
0.476,0,0,0,0,0,0,0,0,0,0,0,0,0.476
0.477,0,0,0,0,0,0,0,0,0,0,0,0,0.477
0.478,0,0,0,0,0,0,0,0,0,0,0,0,0.478
0.479,0,0,0,0,0,0,0,0,0,0,0,0,0.479
0.48,0,0,0,0,0,0,0,0,0,0,0,0,0.48
0.481,0,0,0,0,0,0,0,0,0,0,0,0,0.481
0.482,0,0,0,0,0,0,0,0,0,0,0,0,0.482
0.483,0,0,0,0,0,0,0,0,0,0,0,0,0.483
0.484,0,0,0,0,0,0,0,0,0,0,0,0,0.484
0.485,0,0,0,0,0,0,0,0,0,0,0,0,0.485
0.486,0,0,0,0,0,0,0,0,0,0,0,0,0.486
0.487,0,0,0,0,0,0,0,0,0,0,0,0,0.487
0.488,0,0,0,0,0,0,0,0,0,0,0,0,0.488
0.489,0,0,0,0,0,0,0,0,0,0,0,0,0.489
0.49,0,0,0,0,0,0,0,0,0,0,0,0,0.49
0.491,0,0,0,0,0,0,0,0,0,0,0,0,0.491
0.492,0,0,0,0,0,0,0,0,0,0,0,0,0.492
0.493,0,0,0,0,0,0,0,0,0,0,0,0,0.493
0.494,0,0,0,0,0,0,0,0,0,0,0,0,0.494
0.495,0,0,0,0,0,0,0,0,0,0,0,0,0.495
0.496,0,0,0,0,0,0,0,0,0,0,0,0,0.496
0.497,0,0,0,0,0,0,0,0,0,0,0,0,0.497
0.498,0,0,0,0,0,0,0,0,0,0,0,0,0.498
0.499,0,0,0,0,0,0,0,0,0,0,0,0,0.499
0.5,0,0,0,0,0,0,0,0,0,0,0,0,0.5
0.501,0,0,0,0,0,0,0,0,0,0,0,0,0.501
0.502,0,0,0,0,0,0,0,0,0,0,0,0,0.502
0.503,0,0,0,0,0,0,0,0,0,0,0,0,0.503
0.504,0,0,0,0,0,0,0,0,0,0,0,0,0.504
0.505,0,0,0,0,0,0,0,0,0,0,0,0,0.505
0.506,0,0,0,0,0,0,0,0,0,0,0,0,0.506
0.507,0,0,0,0,0,0,0,0,0,0,0,0,0.507
0.508,0,0,0,0,0,0,0,0,0,0,0,0,0.508
0.509,0,0,0,0,0,0,0,0,0,0,0,0,0.509
0.51,0,0,0,0,0,0,0,0,0,0,0,0,0.51
0.511,0,0,0,0,0,0,0,0,0,0,0,0,0.511
0.512,0,0,0,0,0,0,0,0,0,0,0,0,0.512
0.513,0,0,0,0,0,0,0,0,0,0,0,0,0.513
0.514,0,0,0,0,0,0,0,0,0,0,0,0,0.514
0.515,0,0,0,0,0,0,0,0,0,0,0,0,0.515
0.516,0,0,0,0,0,0,0,0,0,0,0,0,0.516
0.517,0,0,0,0,0,0,0,0,0,0,0,0,0.517
0.518,0,0,0,0,0,0,0,0,0,0,0,0,0.518
0.519,0,0,0,0,0,0,0,0,0,0,0,0,0.519
0.52,0,0,0,0,0,0,0,0,0,0,0,0,0.52
0.521,0,0,0,0,0,0,0,0,0,0,0,0,0.521
0.522,0,0,0,0,0,0,0,0,0,0,0,0,0.522
0.523,0,0,0,0,0,0,0,0,0,0,0,0,0.523
0.524,0,0,0,0,0,0,0,0,0,0,0,0,0.524
0.525,0,0,0,0,0,0,0,0,0,0,0,0,0.525
0.526,0,0,0,0,0,0,0,0,0,0,0,0,0.526
0.527,0,0,0,0,0,0,0,0,0,0,0,0,0.527
0.528,0,0,0,0,0,0,0,0,0,0,0,0,0.528
0.529,0,0,0,0,0,0,0,0,0,0,0,0,0.529
0.53,0,0,0,0,0,0,0,0,0,0,0,0,0.53
0.531,0,0,0,0,0,0,0,0,0,0,0,0,0.531
0.532,0,0,0,0,0,0,0,0,0,0,0,0,0.532
0.533,0,0,0,0,0,0,0,0,0,0,0,0,0.533
0.534,0,0,0.0270629,0,0,0,0,0,0,0,0,0,0.534
0.535,0,0,0.0820176,0,0,0,0,0,0,-10.1946,0.849553,1.69911,0.535
0.536,0,0,0.14161,0,0,0,-0.0101946,0.000849553,0.00169911,-36.2551,3.02126,6.04252,0.536
0.537,0,0.0122704,0.197846,0,0,0,-0.0464499,0.00386974,0.00774216,-72.3242,6.02702,12.054,0.537
0.538,0,0.0309824,0.248765,0,0,0,-0.118775,0.00988698,0.0198011,-112.185,15.6606,18.6976,0.538
0.539,0,0.0502732,0.294727,0,0,0,-0.230964,0.0255087,0.0385311,-151.745,31.901,25.2909,0.539
0.54,0,0.0682013,0.335713,0,0.000947541,0,-0.38272,0.0573075,0.0639503,-188.948,51.6765,31.491,0.54
0.541,0,0.0843623,0.370642,0,0.00397741,0,-0.5717,0.108773,0.0957858,-222.63,72.346,36.8977,0.541
0.542,0,0.0989551,0.398265,0,0.0075094,0,-0.794401,0.180747,0.133404,-251.704,92.2818,40.9739,0.542
0.543,0,0.111869,0.417467,0,0.0109835,0,-1.04624,0.272452,0.175653,-275.265,110.623,43.7258,0.543
0.544,0,0.122774,0.427316,0,0.014236,0,-1.32172,0.382258,0.221392,-292.494,126.813,45.2244,0.544
0.545,0,0.131292,0.427001,0,0.0172543,0,-1.61454,0.507995,0.269531,-302.675,140.373,45.4962,0.545
0.546,0,0.137057,0.421759,0,0.0200434,0,-1.91765,0.64703,0.318966,-305.185,150.857,44.5178,0.546
0.547,0,0.139741,0.414221,0,0.02254,0,-2.22339,0.796313,0.36851,-301.739,158.032,42.6148,0.547
0.548,0,0.13935,0.405721,0,0.0246647,0,-2.52581,0.952573,0.417228,-294.303,161.715,40.1492,0.548
0.549,0,0.137499,0.396936,0,0.0263369,0,-2.8209,1.11236,0.464472,-284.48,161.882,37.4226,0.549
0.55,0,0.134974,0.388209,0,0.0274848,0,-3.10626,1.27221,0.509825,-273.4,159.399,34.659,0.55
0.551,0,0.132174,0.37971,0,0.02804,0,-3.38062,1.42949,0.553081,-261.813,155.169,32.0169,0.551
0.552,0,0.129303,0.37152,0,0.0279616,0,-3.64346,1.5825,0.594205,-250.189,149.897,29.6073,0.552
0.553,0,0.126461,0.363674,0,0.0275857,0,-3.89473,1.73022,0.633293,-238.813,144.074,27.503,0.553
0.554,0,0.123698,0.356182,0,0.0270745,0,-4.13467,1.87209,0.670535,-227.822,138.032,25.6666,0.554
0.555,0,0.121039,0.349042,0,0.0265095,0,-4.36365,2.00791,0.706106,-217.277,131.977,24.0403,0.555
0.556,0,0.118494,0.342245,0,0.0259314,0,-4.58212,2.13768,0.740139,-207.199,126.036,22.5736,0.556
0.557,0,0.116064,0.33578,0,0.0253606,0,-4.79053,2.26151,0.772732,-197.589,120.279,21.2288,0.557
0.558,0,0.11375,0.329632,0,0.0248068,0,-4.98935,2.37959,0.803956,-188.436,114.744,19.9798,0.558
0.559,0,0.111546,0.323789,0,0.0242745,0,-5.17903,2.49217,0.833865,-179.726,109.446,18.8092,0.559
0.56,0,0.109451,0.318236,0,0.0237653,0,-5.36,2.59947,0.862504,-171.44,104.391,17.7055,0.56
0.561,0,0.107459,0.312959,0,0.0232797,0,-5.53269,2.70175,0.889912,-163.559,99.5755,16.6607,0.561
0.562,0,0.105565,0.307945,0,0.0228173,0,-5.69748,2.79925,0.916125,-156.065,94.9931,15.6695,0.562
0.563,0,0.103765,0.303181,0,0.0223774,0,-5.85477,2.89222,0.941177,-148.938,90.6351,14.7278,0.563
0.564,0,0.102055,0.298655,0,0.0219591,0,-6.00491,2.98088,0.965104,-142.16,86.492,13.8325,0.564
0.565,0,0.100431,0.294355,0,0.0215614,0,-6.14826,3.06545,0.98794,-135.715,82.5537,12.9811,0.565
0.566,0,0.098887,0.29027,0,0.0211836,0,-6.28514,3.14614,1.00972,-129.584,78.8103,12.1713,0.566
0.567,0,0.0974203,0.286389,0,0.0208245,0,-6.41587,3.22314,1.03048,-123.753,75.252,11.4012,0.567
0.568,0,0.096027,0.282702,0,0.0204833,0,-6.54073,3.29665,1.05025,-118.207,71.8694,10.6688,0.568
0.569,0,0.0947032,0.2792,0,0.0201591,0,-6.66002,3.36684,1.06906,-112.929,68.6536,9.97265,0.569
0.57,0,0.0934456,0.275872,0,0.0198512,0,-6.774,3.43387,1.08696,-107.909,65.5959,9.31093,0.57
0.571,0,0.0922509,0.272711,0,0.0195586,0,-6.88293,3.49791,1.10398,-103.131,62.6882,8.68213,0.571
0.572,0,0.0911159,0.269708,0,0.0192806,0,-6.98704,3.55911,1.12014,-98.5839,59.9228,8.08477,0.572
0.573,0,0.0900376,0.266855,0,0.0190165,0,-7.08658,3.6176,1.13548,-94.2562,57.2923,7.51741,0.573
0.574,0,0.0890132,0.264144,0,0.0187656,0,-7.18176,3.67353,1.15004,-90.1366,54.7898,6.97869,0.574
0.575,0,0.0880401,0.261569,0,0.0185273,0,-7.27278,3.72702,1.16384,-86.2148,52.4086,6.46729,0.575
0.576,0,0.0871156,0.259123,0,0.0183009,0,-7.35984,3.77818,1.17692,-82.4806,50.1426,5.98197,0.576
0.577,0,0.0862373,0.256799,0,0.0180858,0,-7.44314,3.82715,1.1893,-78.9247,47.9858,5.5215,0.577
0.578,0,0.085403,0.254592,0,0.0178814,0,-7.52284,3.87401,1.20102,-75.5381,45.9326,5.08474,0.578
0.579,0,0.0846103,0.252495,0,0.0176873,0,-7.59913,3.91888,1.2121,-72.3123,43.9778,4.67058,0.579
0.58,0,0.0838573,0.250502,0,0.0175028,0,-7.67216,3.96186,1.22257,-69.2394,42.1164,4.27796,0.58
0.581,0,0.0831419,0.248609,0,0.0173276,0,-7.74208,4.00303,1.23245,-66.3116,40.3435,3.90585,0.581
0.582,0,0.0824623,0.246811,0,0.0171612,0,-7.80904,4.04248,1.24178,-63.5218,38.6548,3.5533,0.582
0.583,0,0.0818167,0.245103,0,0.0170031,0,-7.87319,4.08029,1.25058,-60.863,37.0459,3.21937,0.583
0.584,0,0.0812034,0.24348,0,0.0168528,0,-7.93464,4.11655,1.25886,-58.3288,35.5129,2.90317,0.584
0.585,0,0.0806207,0.241939,0,0.0167101,0,-7.99353,4.15132,1.26666,-55.913,34.0518,2.60385,0.585
0.586,0,0.0800672,0.240474,0,0.0165746,0,-8.04997,4.18468,1.27399,-53.6097,32.6592,2.32061,0.586
0.587,0,0.0795413,0.239083,0,0.0164458,0,-8.10408,4.21669,1.28088,-51.4134,31.3315,2.05267,0.587
0.588,0,0.0790418,0.237761,0,0.0163234,0,-8.15597,4.24742,1.28735,-49.3188,30.0656,1.79929,0.588
0.589,0,0.0785672,0.236505,0,0.0162072,0,-8.20574,4.27692,1.29341,-47.3208,28.8583,1.55977,0.589
0.59,0,0.0781163,0.235312,0,0.0160968,0,-8.25348,4.30526,1.29909,-45.4148,27.7067,1.33344,0.59
0.591,0,0.077688,0.234179,0,0.0159919,0,-8.2993,4.33249,1.3044,-43.5962,26.6082,1.11964,0.591
0.592,0,0.0772811,0.233102,0,0.0158922,0,-8.34327,4.35866,1.30936,-41.8607,25.5599,0.917778,0.592
0.593,0,0.0768946,0.23208,0,0.0157975,0,-8.38548,4.38382,1.31399,-40.2044,24.5595,0.727261,0.593
0.594,0,0.0765273,0.231108,0,0.0157076,0,-8.42602,4.40801,1.31831,-38.6232,23.6047,0.547534,0.594
0.595,0,0.0761785,0.230185,0,0.0156221,0,-8.46495,4.43128,1.32232,-37.1136,22.693,0.378066,0.595
0.596,0,0.0758471,0.229308,0,0.0142791,0,-8.50235,4.45367,1.32605,-35.672,21.8226,0.218352,0.596
0.597,0,0.0706377,0.215525,0,0.0136342,0,-8.53829,4.47522,1.3295,-34.3991,20.9672,0.355437,0.597
0.598,0,0.0681361,0.208906,0,0.0133117,0,-8.57296,4.4959,1.33297,-28.6114,17.407,-0.267982,0.598
0.599,0,0.0668853,0.205596,0,0.0131505,0,-8.60175,4.51315,1.33531,-22.9679,13.9568,-0.942472,0.599
0.6,0,0.0662599,0.203941,0,0.0130698,0,-8.62481,4.52709,1.33647,-18.6054,11.2979,-1.4763,0.6
0.601,0,0.0659472,0.203114,0,0.0130295,0,-8.64344,4.53849,1.33671,-15.5416,9.435,-1.84757,0.601
0.602,0,0.0657908,0.2027,0,0.0130094,0,-8.65895,4.54809,1.3363,-13.4861,8.18822,-2.08638,0.602
0.603,0,0.0657126,0.202493,0,0.0129993,0,-8.67237,4.5565,1.33546,-12.1308,7.36841,-2.23057,0.603
0.604,0,0.0656735,0.20239,0,0.0129943,0,-8.68441,4.56412,1.33437,-11.2329,6.82717,-2.31173,0.604
0.605,0,0.065654,0.202338,0,0.0129917,0,-8.69554,4.57122,1.33311,-10.623,6.46101,-2.35266,0.605
0.606,0,0.0656442,0.202312,0,0.0129905,0,-8.70606,4.57796,1.33175,-10.1901,6.20226,-2.36864,0.606
0.607,0,0.0656393,0.202299,0,0.0129898,0,-8.71614,4.58445,1.33035,-9.86436,6.00845,-2.3695,0.607
0.608,0,0.0656369,0.202293,0,0.0129895,0,-8.72589,4.59075,1.32891,-9.60308,5.85362,-2.36133,0.608
0.609,0,0.0656357,0.20229,0,0.0129894,0,-8.73537,4.59689,1.32746,-9.38068,5.72223,-2.34784,0.609
0.61,0,0.0656351,0.202288,0,0.0129893,0,-8.74464,4.6029,1.326,-9.18205,5.60509,-2.33126,0.61
0.611,0,0.0656348,0.202287,0,0.0129893,0,-8.7537,4.6088,1.32455,-8.99834,5.49684,-2.31291,0.611
0.612,0,0.0656346,0.202287,0,0.0129892,0,-8.76258,4.61458,1.32309,-8.82441,5.3944,-2.29356,0.612
0.613,0,0.0656345,0.202287,0,0.0129892,0,-8.77129,4.62026,1.32164,-8.65732,5.29596,-2.27367,0.613
0.614,0,0.0656345,0.202287,0,0.0129892,0,-8.77983,4.62585,1.3202,-8.49534,5.2005,-2.25348,0.614
0.615,0,0.0656345,0.202287,0,0.0129892,0,-8.78821,4.63133,1.31876,-8.33749,5.10741,-2.23317,0.615
0.616,0,0.0656345,0.202287,0,0.0129892,0,-8.79643,4.63672,1.31733,-8.18319,5.01635,-2.2128,0.616
0.617,0,0.0656345,0.202287,0,0.0129892,0,-8.8045,4.64201,1.31591,-8.03208,4.92711,-2.19244,0.617
0.618,0,0.0656345,0.202287,0,0.0129892,0,-8.81242,4.64722,1.31449,-7.88396,4.83957,-2.17212,0.618
0.619,0,0.0656345,0.202287,0,0.0129892,0,-8.82019,4.65233,1.31308,-7.73867,4.75365,-2.15184,0.619
0.62,0,0.0656345,0.202287,0,0.0129892,0,-8.82781,4.65736,1.31168,-7.59612,4.66928,-2.13163,0.62
0.621,0,0.0656345,0.202287,0,0.0129892,0,-8.8353,4.6623,1.31028,-7.45623,4.58641,-2.1115,0.621
0.622,0,0.0656345,0.202287,0,0.0129892,0,-8.84264,4.66716,1.3089,-7.31893,4.50503,-2.09144,0.622
0.623,0,0.0656345,0.202287,0,0.0129892,0,-8.84985,4.67193,1.30752,-7.18417,4.42508,-2.07146,0.623
0.624,0,0.0656345,0.202287,0,0.0129892,0,-8.85692,4.67662,1.30615,-7.05189,4.34655,-2.05157,0.624
0.625,0,0.0656345,0.202287,0,0.0129892,0,-8.86386,4.68123,1.30478,-6.92205,4.26942,-2.03176,0.625
0.626,0,0.0656345,0.202287,0,0.0129892,0,-8.87067,4.68576,1.30343,-6.79461,4.19364,-2.01205,0.626
0.627,0,0.0656345,0.202287,0,0.0129892,0,-8.87736,4.69022,1.30208,-6.66951,4.1192,-1.99243,0.627
0.628,0,0.0656345,0.202287,0,0.0129892,0,-8.88392,4.69459,1.30075,-6.54671,4.04608,-1.97291,0.628
0.629,0,0.0656345,0.202287,0,0.0129892,0,-8.89035,4.6989,1.29942,-6.42618,3.97426,-1.95348,0.629
0.63,0,0.0656345,0.202287,0,0.0129892,0,-8.89667,4.70313,1.2981,-6.30786,3.9037,-1.93415,0.63
0.631,0,0.0656345,0.202287,0,0.0129892,0,-8.90287,4.70728,1.29679,-6.19173,3.83439,-1.91492,0.631
0.632,0,0.0656345,0.202287,0,0.0129892,0,-8.90896,4.71137,1.29548,-6.07773,3.7663,-1.8958,0.632
0.633,0,0.0656345,0.202287,0,0.0129892,0,-8.91493,4.71538,1.29419,-5.96583,3.69942,-1.87678,0.633
0.634,0,0.0656345,0.202287,0,0.0129892,0,-8.92079,4.71933,1.2929,-5.85599,3.63373,-1.85787,0.634
0.635,0,0.0656345,0.202287,0,0.0129892,0,-8.92654,4.7232,1.29163,-5.74818,3.56919,-1.83906,0.635
0.636,0,0.0656345,0.202287,0,0.0129892,0,-8.93218,4.72702,1.29036,-5.64235,3.5058,-1.82037,0.636
0.637,0,0.0656345,0.202287,0,0.0129892,0,-8.93772,4.73076,1.2891,-5.53847,3.44353,-1.80178,0.637
0.638,0,0.0656345,0.202287,0,0.0129892,0,-8.94316,4.73444,1.28785,-5.4365,3.38235,-1.78331,0.638
0.639,0,0.0656345,0.202287,0,0.0129892,0,-8.94849,4.73806,1.28661,-5.33641,3.32227,-1.76496,0.639
0.64,0,0.0656345,0.202287,0,0.0129892,0,-8.95373,4.74162,1.28538,-5.23817,3.26324,-1.74671,0.64
0.641,0,0.0656345,0.202287,0,0.0129892,0,-8.95886,4.74511,1.28416,-5.14173,3.20526,-1.72859,0.641
0.642,0,0.0656345,0.202287,0,0.0129892,0,-8.96391,4.74855,1.28295,-5.04708,3.14831,-1.71058,0.642
0.643,0,0.0656345,0.202287,0,0.0129892,0,-8.96885,4.75192,1.28174,-4.95416,3.09236,-1.69269,0.643
0.644,0,0.0656345,0.202287,0,0.0129892,0,-8.97371,4.75524,1.28055,-4.86296,3.03741,-1.67492,0.644
0.645,0,0.0656345,0.202287,0,0.0129892,0,-8.97847,4.7585,1.27937,-4.77344,2.98343,-1.65727,0.645
0.646,0,0.0656345,0.202287,0,0.0129892,0,-8.98315,4.76171,1.27819,-4.68556,2.9304,-1.63974,0.646
0.647,0,0.0656345,0.202287,0,0.0129892,0,-8.98774,4.76486,1.27702,-4.59931,2.87831,-1.62233,0.647
0.648,0,0.0656345,0.202287,0,0.0129892,0,-8.99224,4.76796,1.27587,-4.51464,2.82715,-1.60505,0.648
0.649,0,0.0656345,0.202287,0,0.0129892,0,-8.99666,4.771,1.27472,-4.43154,2.77689,-1.58789,0.649
0.65,0,0.0656345,0.202287,0,0.0129892,0,-9.001,4.77399,1.27358,-4.34996,2.72752,-1.57085,0.65
0.651,0,0.0656345,0.202287,0,0.0129892,0,-9.00525,4.77693,1.27245,-4.26989,2.67903,-1.55394,0.651
0.652,0,0.0656345,0.202287,0,0.0129892,0,-9.00943,4.77982,1.27133,-4.19129,2.6314,-1.53715,0.652
0.653,0,0.0656345,0.202287,0,0.0129892,0,-9.01353,4.78266,1.27022,-4.11415,2.58461,-1.52049,0.653
0.654,0,0.0656345,0.202287,0,0.0129892,0,-9.01755,4.78545,1.26912,-4.03842,2.53865,-1.50395,0.654
0.655,0,0.0656345,0.202287,0,0.0129892,0,-9.0215,4.78819,1.26803,-3.96409,2.4935,-1.48754,0.655
0.656,0,0.0656345,0.202287,0,0.0129892,0,-9.02537,4.79089,1.26695,-3.89113,2.44916,-1.47126,0.656
0.657,0,0.0656345,0.202287,0,0.0129892,0,-9.02917,4.79354,1.26588,-3.81951,2.4056,-1.4551,0.657
0.658,0,0.0656345,0.202287,0,0.0129892,0,-9.0329,4.79614,1.26481,-3.74921,2.36281,-1.43908,0.658
0.659,0,0.0656345,0.202287,0,0.0129892,0,-9.03656,4.7987,1.26376,-3.68021,2.32078,-1.42318,0.659
0.66,0,0.0656345,0.202287,0,0.0129892,0,-9.04016,4.80122,1.26272,-3.61248,2.2795,-1.4074,0.66
0.661,0,0.0656345,0.202287,0,0.0129892,0,-9.04368,4.80369,1.26168,-3.546,2.23894,-1.39176,0.661
0.662,0,0.0656345,0.202287,0,0.0129892,0,-9.04714,4.80612,1.26065,-3.48074,2.19911,-1.37624,0.662
0.663,0,0.0656345,0.202287,0,0.0129892,0,-9.05054,4.80851,1.25964,-3.41668,2.15999,-1.36085,0.663
0.664,0,0.0656345,0.202287,0,0.0129892,0,-9.05387,4.81086,1.25863,-3.35381,2.12155,-1.34559,0.664
0.665,0,0.0656345,0.202287,0,0.0129892,0,-9.05714,4.81316,1.25763,-3.29209,2.0838,-1.33046,0.665
0.666,0,0.0656345,0.202287,0,0.0129892,0,-9.06035,4.81543,1.25664,-3.23151,2.04672,-1.31546,0.666
0.667,0,0.0656345,0.202287,0,0.0129892,0,-9.0635,4.81766,1.25566,-3.17205,2.0103,-1.30058,0.667
0.668,0,0.0656345,0.202287,0,0.0129892,0,-9.06659,4.81985,1.25469,-3.11368,1.97452,-1.28583,0.668
0.669,0,0.0656345,0.202287,0,0.0129892,0,-9.06962,4.822,1.25373,-3.05639,1.93938,-1.27121,0.669
0.67,0,0.0656345,0.202287,0,0.0129892,0,-9.0726,4.82412,1.25278,-3.00015,1.90487,-1.25672,0.67
0.671,0,0.0656345,0.202287,0,0.0129892,0,-9.07552,4.8262,1.25183,-2.94495,1.87096,-1.24235,0.671
0.672,0,0.0656345,0.202287,0,0.0129892,0,-9.07839,4.82824,1.2509,-2.89077,1.83766,-1.22811,0.672
0.673,0,0.0656345,0.202287,0,0.0129892,0,-9.0812,4.83025,1.24997,-2.83759,1.80494,-1.214,0.673
0.674,0,0.0656345,0.202287,0,0.0129892,0,-9.08396,4.83222,1.24905,-2.78538,1.77281,-1.20002,0.674
0.675,0,0.0656345,0.202287,0,0.0129892,0,-9.08667,4.83416,1.24815,-2.73414,1.74125,-1.18616,0.675
0.676,0,0.0656345,0.202287,0,0.0129892,0,-9.08933,4.83607,1.24725,-2.68384,1.71025,-1.17243,0.676
0.677,0,0.0656345,0.202287,0,0.0129892,0,-9.09194,4.83794,1.24636,-2.63447,1.6798,-1.15882,0.677
0.678,0,0.0656345,0.202287,0,0.0129892,0,-9.0945,4.83978,1.24547,-2.58601,1.64989,-1.14534,0.678
0.679,0,0.0656345,0.202287,0,0.0129892,0,-9.09701,4.84159,1.2446,-2.53844,1.62051,-1.13198,0.679
0.68,0,0.0656345,0.202287,0,0.0129892,0,-9.09947,4.84337,1.24374,-2.49174,1.59166,-1.11875,0.68
0.681,0,0.0656345,0.202287,0,0.0129892,0,-9.10189,4.84512,1.24288,-2.44591,1.56331,-1.10565,0.681
0.682,0,0.0656345,0.202287,0,0.0129892,0,-9.10427,4.84684,1.24203,-2.40092,1.53547,-1.09266,0.682
0.683,0,0.0656345,0.202287,0,0.0129892,0,-9.1066,4.84853,1.24119,-2.35676,1.50812,-1.0798,0.683
0.684,0,0.0656345,0.202287,0,0.0129892,0,-9.10888,4.85019,1.24036,-2.31342,1.48126,-1.06707,0.684
0.685,0,0.0656345,0.202287,0,0.0129892,0,-9.11113,4.85182,1.23954,-2.27087,1.45488,-1.05445,0.685
0.686,0,0.0656345,0.202287,0,0.0129892,0,-9.11333,4.85342,1.23873,-2.22911,1.42897,-1.04196,0.686
0.687,0,0.0656345,0.202287,0,0.0129892,0,-9.11549,4.855,1.23792,-2.18812,1.40351,-1.02959,0.687
0.688,0,0.0656345,0.202287,0,0.0129892,0,-9.11761,4.85655,1.23712,-2.14788,1.37851,-1.01733,0.688
0.689,0,0.0656345,0.202287,0,0.0129892,0,-9.11969,4.85807,1.23634,-2.10838,1.35395,-1.0052,0.689
0.69,0,0.0656345,0.202287,0,0.0129892,0,-9.12173,4.85957,1.23555,-2.06961,1.32983,-0.993191,0.69
0.691,0,0.0656345,0.202287,0,0.0129892,0,-9.12374,4.86104,1.23478,-2.03156,1.30614,-0.981298,0.691
0.692,0,0.0656345,0.202287,0,0.0129892,0,-9.12571,4.86248,1.23402,-1.9942,1.28287,-0.969524,0.692
0.693,0,0.0656345,0.202287,0,0.0129892,0,-9.12764,4.8639,1.23326,-1.95754,1.26001,-0.957867,0.693
0.694,0,0.0656345,0.202287,0,0.0129892,0,-9.12953,4.8653,1.23251,-1.92155,1.23756,-0.946327,0.694
0.695,0,0.0656345,0.202287,0,0.0129892,0,-9.13139,4.86667,1.23177,-1.88622,1.21551,-0.934904,0.695
0.696,0,0.0656345,0.202287,0,0.0129892,0,-9.13321,4.86802,1.23104,-1.85154,1.19385,-0.923596,0.696
0.697,0,0.0656345,0.202287,0,0.0129892,0,-9.135,4.86935,1.23031,-1.8175,1.17257,-0.912404,0.697
0.698,0,0.0656345,0.202287,0,0.0129892,0,-9.13676,4.87065,1.2296,-1.78409,1.15168,-0.901326,0.698
0.699,0,0.0656345,0.202287,0,0.0129892,0,-9.13848,4.87193,1.22889,-1.7513,1.13115,-0.890361,0.699
0.7,0,0.0656345,0.202287,0,0.0129892,0,-9.14017,4.87319,1.22819,-1.7191,1.11099,-0.87951,0.7
0.701,0,0.0656345,0.202287,0,0.0129892,0,-9.14183,4.87442,1.22749,-1.68751,1.09119,-0.868771,0.701
0.702,0,0.0656345,0.202287,0,0.0129892,0,-9.14346,4.87564,1.2268,-1.65649,1.07174,-0.858144,0.702
0.703,0,0.0656345,0.202287,0,0.0129892,0,-9.14506,4.87683,1.22612,-1.62604,1.05264,-0.847628,0.703
0.704,0,0.0656345,0.202287,0,0.0129892,0,-9.14663,4.87801,1.22545,-1.59616,1.03387,-0.837222,0.704
0.705,0,0.0656345,0.202287,0,0.0129892,0,-9.14817,4.87916,1.22479,-1.56682,1.01544,-0.826925,0.705
0.706,0,0.0656345,0.202287,0,0.0129892,0,-9.14968,4.88029,1.22413,-1.53803,0.997341,-0.816738,0.706
0.707,0,0.0656345,0.202287,0,0.0129892,0,-9.15117,4.88141,1.22348,-1.50977,0.979561,-0.806658,0.707
0.708,0,0.0656345,0.202287,0,0.0129892,0,-9.15262,4.8825,1.22284,-1.48202,0.962098,-0.796685,0.708
0.709,0,0.0656345,0.202287,0,0.0129892,0,-9.15405,4.88358,1.2222,-1.45479,0.944945,-0.786819,0.709
0.71,0,0.0656345,0.202287,0,0.0129892,0,-9.15545,4.88464,1.22157,-1.42806,0.928097,-0.777059,0.71
0.711,0,0.0656345,0.202287,0,0.0129892,0,-9.15682,4.88568,1.22095,-1.40182,0.91155,-0.767404,0.711
0.712,0,0.0656345,0.202287,0,0.0129892,0,-9.15817,4.8867,1.22034,-1.37606,0.895296,-0.757853,0.712
0.713,0,0.0656345,0.202287,0,0.0129892,0,-9.1595,4.88771,1.21973,-1.35078,0.879332,-0.748405,0.713
0.714,0,0.0656345,0.202287,0,0.0129892,0,-9.1608,4.88869,1.21913,-1.32597,0.863652,-0.739061,0.714
0.715,0,0.0656345,0.202287,0,0.0129892,0,-9.16207,4.88966,1.21853,-1.30161,0.848251,-0.729818,0.715
0.716,0,0.0656345,0.202287,0,0.0129892,0,-9.16332,4.89062,1.21795,-1.2777,0.833124,-0.720676,0.716
0.717,0,0.0656345,0.202287,0,0.0129892,0,-9.16455,4.89155,1.21736,-1.25423,0.818267,-0.711634,0.717
0.718,0,0.0656345,0.202287,0,0.0129892,0,-9.16576,4.89248,1.21679,-1.23119,0.803674,-0.702692,0.718
0.719,0,0.0656345,0.202287,0,0.0129892,0,-9.16694,4.89338,1.21622,-1.20857,0.78934,-0.693849,0.719
0.72,0,0.0656345,0.202287,0,0.0129892,0,-9.1681,4.89427,1.21566,-1.18638,0.775262,-0.685104,0.72
0.721,0,0.0656345,0.202287,0,0.0129892,0,-9.16924,4.89515,1.21511,-1.16459,0.761435,-0.676456,0.721
0.722,0,0.0656345,0.202287,0,0.0129892,0,-9.17036,4.896,1.21456,-1.1432,0.747853,-0.667905,0.722
0.723,0,0.0656345,0.202287,0,0.0129892,0,-9.17146,4.89685,1.21402,-1.1222,0.734514,-0.659449,0.723
0.724,0,0.0656345,0.202287,0,0.0129892,0,-9.17253,4.89768,1.21348,-1.1016,0.721412,-0.651088,0.724
0.725,0,0.0656345,0.202287,0,0.0129892,0,-9.17359,4.8985,1.21295,-1.08137,0.708543,-0.642821,0.725
0.726,0,0.0656345,0.202287,0,0.0129892,0,-9.17462,4.8993,1.21243,-1.06151,0.695904,-0.634647,0.726
0.727,0,0.0656345,0.202287,0,0.0129892,0,-9.17564,4.90009,1.21191,-1.04202,0.683489,-0.626566,0.727
0.728,0,0.0656345,0.202287,0,0.0129892,0,-9.17664,4.90086,1.2114,-1.02289,0.671296,-0.618576,0.728
0.729,0,0.0656345,0.202287,0,0.0129892,0,-9.17762,4.90162,1.21089,-1.00411,0.65932,-0.610677,0.729
0.73,0,0.0656345,0.202287,0,0.0129892,0,-9.17858,4.90237,1.21039,-0.985674,0.647557,-0.602869,0.73
0.731,0,0.0656345,0.202287,0,0.0129892,0,-9.17952,4.90311,1.2099,-0.967579,0.636004,-0.595149,0.731
0.732,0,0.0656345,0.202287,0,0.0129892,0,-9.18045,4.90383,1.20941,-0.949817,0.624656,-0.587518,0.732
0.733,0,0.0656345,0.202287,0,0.0129892,0,-9.18136,4.90454,1.20893,-0.932381,0.613511,-0.579975,0.733
0.734,0,0.0656345,0.202287,0,0.0129892,0,-9.18225,4.90524,1.20845,-0.915267,0.602564,-0.572519,0.734
0.735,0,0.0656345,0.202287,0,0.0129892,0,-9.18313,4.90592,1.20798,-0.898467,0.591812,-0.565149,0.735
0.736,0,0.0656345,0.202287,0,0.0129892,0,-9.18398,4.9066,1.20752,-0.881977,0.581252,-0.557865,0.736
0.737,0,0.0656345,0.202287,0,0.0129892,0,-9.18483,4.90726,1.20706,-0.86579,0.57088,-0.550664,0.737
0.738,0,0.0656345,0.202287,0,0.0129892,0,-9.18565,4.90791,1.2066,-0.8499,0.560692,-0.543548,0.738
0.739,0,0.0656345,0.202287,0,0.0129892,0,-9.18647,4.90855,1.20615,-0.834303,0.550686,-0.536515,0.739
0.74,0,0.0656345,0.202287,0,0.0129892,0,-9.18726,4.90918,1.20571,-0.818993,0.540859,-0.529564,0.74
0.741,0,0.0656345,0.202287,0,0.0129892,0,-9.18804,4.9098,1.20527,-0.803965,0.531207,-0.522695,0.741
0.742,0,0.0656345,0.202287,0,0.0129892,0,-9.18881,4.91041,1.20484,-0.789213,0.521726,-0.515906,0.742
0.743,0,0.0656345,0.202287,0,0.0129892,0,-9.18956,4.91101,1.20441,-0.774732,0.512415,-0.509198,0.743
0.744,0,0.0656345,0.202287,0,0.0129892,0,-9.1903,4.91159,1.20399,-0.760518,0.503269,-0.502568,0.744
0.745,0,0.0656345,0.202287,0,0.0129892,0,-9.19103,4.91217,1.20357,-0.746565,0.494287,-0.496017,0.745
0.746,0,0.0656345,0.202287,0,0.0129892,0,-9.19174,4.91274,1.20316,-0.732869,0.485464,-0.489544,0.746
0.747,0,0.0656345,0.202287,0,0.0129892,0,-9.19244,4.91329,1.20275,-0.719425,0.476799,-0.483147,0.747
0.748,0,0.0656345,0.202287,0,0.0129892,0,-9.19312,4.91384,1.20235,-0.706228,0.468289,-0.476827,0.748
0.749,0,0.0656345,0.202287,0,0.0129892,0,-9.19379,4.91438,1.20195,-0.693274,0.45993,-0.470582,0.749
0.75,0,0.0656345,0.202287,0,0.0129892,0,-9.19445,4.91491,1.20156,-0.680557,0.45172,-0.464412,0.75
0.751,0,0.0656345,0.202287,0,0.0129892,0,-9.1951,4.91543,1.20117,-0.668075,0.443656,-0.458316,0.751
0.752,0,0.0656345,0.202287,0,0.0129892,0,-9.19574,4.91594,1.20079,-0.655823,0.435736,-0.452293,0.752
0.753,0,0.0656345,0.202287,0,0.0129892,0,-9.19636,4.91644,1.20041,-0.643795,0.427957,-0.446343,0.753
0.754,0,0.0656345,0.202287,0,0.0129892,0,-9.19697,4.91694,1.20004,-0.631989,0.420317,-0.440464,0.754
0.755,0,0.0656345,0.202287,0,0.0129892,0,-9.19757,4.91742,1.19967,-0.6204,0.412814,-0.434657,0.755
0.756,0,0.0656345,0.202287,0,0.0129892,0,-9.19816,4.9179,1.19931,-0.609024,0.405444,-0.42892,0.756
0.757,0,0.0656345,0.202287,0,0.0129892,0,-9.19874,4.91837,1.19895,-0.597857,0.398205,-0.423252,0.757
0.758,0,0.0656345,0.202287,0,0.0129892,0,-9.19931,4.91883,1.19859,-0.586895,0.391095,-0.417653,0.758
0.759,0,0.0656345,0.202287,0,0.0129892,0,-9.19986,4.91928,1.19824,-0.576135,0.384113,-0.412123,0.759
0.76,0,0.0656345,0.202287,0,0.0129892,0,-9.20041,4.91973,1.19789,-0.565573,0.377254,-0.40666,0.76
0.761,0,0.0656345,0.202287,0,0.0129892,0,-9.20095,4.92016,1.19755,-0.555204,0.370518,-0.401263,0.761
0.762,0,0.0656345,0.202287,0,0.0129892,0,-9.20147,4.92059,1.19721,-0.545027,0.363903,-0.395933,0.762
0.763,0,0.0656345,0.202287,0,0.0129892,0,-9.20199,4.92102,1.19688,-0.535036,0.357405,-0.390668,0.763
0.764,0,0.0656345,0.202287,0,0.0129892,0,-9.20249,4.92143,1.19655,-0.525229,0.351023,-0.385468,0.764
0.765,0,0.0656345,0.202287,0,0.0129892,0,-9.20299,4.92184,1.19622,-0.515603,0.344755,-0.380332,0.765
0.766,0,0.0656345,0.202287,0,0.0129892,0,-9.20348,4.92224,1.1959,-0.506153,0.338598,-0.375259,0.766
0.767,0,0.0656345,0.202287,0,0.0129892,0,-9.20396,4.92264,1.19558,-0.496877,0.332552,-0.370249,0.767
0.768,0,0.0656345,0.202287,0,0.0129892,0,-9.20443,4.92302,1.19527,-0.487771,0.326613,-0.365301,0.768
0.769,0,0.0656345,0.202287,0,0.0129892,0,-9.20489,4.9234,1.19496,-0.478833,0.320781,-0.360414,0.769
0.77,0,0.0656345,0.202287,0,0.0129892,0,-9.20534,4.92378,1.19466,-0.470059,0.315052,-0.355588,0.77
0.771,0,0.0656345,0.202287,0,0.0129892,0,-9.20579,4.92415,1.19435,-0.461446,0.309425,-0.350823,0.771
0.772,0,0.0656345,0.202287,0,0.0129892,0,-9.20622,4.92451,1.19406,-0.452991,0.303899,-0.346116,0.772
0.773,0,0.0656345,0.202287,0,0.0129892,0,-9.20665,4.92486,1.19376,-0.444692,0.298472,-0.341468,0.773
0.774,0,0.0656345,0.202287,0,0.0129892,0,-9.20707,4.92521,1.19347,-0.436545,0.293141,-0.336878,0.774
0.775,0,0.0656345,0.202287,0,0.0129892,0,-9.20748,4.92556,1.19318,-0.428548,0.287905,-0.332346,0.775
0.776,0,0.0656345,0.202287,0,0.0129892,0,-9.20789,4.92589,1.1929,-0.420698,0.282763,-0.327871,0.776
0.777,0,0.0656345,0.202287,0,0.0129892,0,-9.20828,4.92622,1.19262,-0.412992,0.277713,-0.323452,0.777
0.778,0,0.0656345,0.202287,0,0.0129892,0,-9.20867,4.92655,1.19235,-0.405428,0.272752,-0.319088,0.778
0.779,0,0.0656345,0.202287,0,0.0129892,0,-9.20905,4.92687,1.19207,-0.398002,0.267881,-0.314779,0.779
0.78,0,0.0656345,0.202287,0,0.0129892,0,-9.20943,4.92719,1.19181,-0.390713,0.263096,-0.310525,0.78
0.781,0,0.0656345,0.202287,0,0.0129892,0,-9.2098,4.92749,1.19154,-0.383558,0.258396,-0.306325,0.781
0.782,0,0.0656345,0.202287,0,0.0129892,0,-9.21016,4.9278,1.19128,-0.376534,0.25378,-0.302177,0.782
0.783,0,0.0656345,0.202287,0,0.0129892,0,-9.21051,4.9281,1.19102,-0.369639,0.249247,-0.298083,0.783
0.784,0,0.0656345,0.202287,0,0.0129892,0,-9.21086,4.92839,1.19076,-0.362871,0.244795,-0.29404,0.784
0.785,0,0.0656345,0.202287,0,0.0129892,0,-9.2112,4.92868,1.19051,-0.356227,0.240422,-0.290049,0.785
0.786,0,0.0656345,0.202287,0,0.0129892,0,-9.21154,4.92896,1.19026,-0.349705,0.236127,-0.286108,0.786
0.787,0,0.0656345,0.202287,0,0.0129892,0,-9.21186,4.92924,1.19002,-0.343303,0.231909,-0.282218,0.787
0.788,0,0.0656345,0.202287,0,0.0129892,0,-9.21219,4.92952,1.18978,-0.337018,0.227766,-0.278377,0.788
0.789,0,0.0656345,0.202287,0,0.0129892,0,-9.2125,4.92979,1.18954,-0.330849,0.223697,-0.274586,0.789
0.79,0,0.0656345,0.202287,0,0.0129892,0,-9.21281,4.93005,1.1893,-0.324793,0.2197,-0.270843,0.79
0.791,0,0.0656345,0.202287,0,0.0129892,0,-9.21312,4.93031,1.18907,-0.318848,0.215775,-0.267148,0.791
0.792,0,0.0656345,0.202287,0,0.0129892,0,-9.21342,4.93057,1.18884,-0.313012,0.21192,-0.2635,0.792
0.793,0,0.0656345,0.202287,0,0.0129892,0,-9.21371,4.93082,1.18861,-0.307283,0.208134,-0.2599,0.793
0.794,0,0.0656345,0.202287,0,0.0129892,0,-9.214,4.93107,1.18839,-0.30166,0.204415,-0.256345,0.794
0.795,0,0.0656345,0.202287,0,0.0129892,0,-9.21428,4.93131,1.18817,-0.29614,0.200763,-0.252837,0.795
0.796,0,0.0656345,0.202287,0,0.0129892,0,-9.21456,4.93155,1.18795,-0.290721,0.197176,-0.249374,0.796
0.797,0,0.0656345,0.202287,0,0.0129892,0,-9.21483,4.93178,1.18773,-0.285401,0.193653,-0.245955,0.797
0.798,0,0.0656345,0.202287,0,0.0129892,0,-9.2151,4.93201,1.18752,-0.280179,0.190193,-0.242581,0.798
0.799,0,0.0656345,0.202287,0,0.0129892,0,-9.21536,4.93224,1.18731,-0.275053,0.186794,-0.23925,0.799
0,0,0.0656345,0.202287,0,0.0129892,0,-9.21562,4.93246,1.1871,-0.270021,0.183457,-0.235963,0.8
