BST,AMR,ALR,AIR,ASR,ASO,AIO,RX,RY,RZ,RXu,RYu,RZu,SST
0,0,0,0,0,0,0,0,0,0,0,0,0,0
0,0,0,0,0,0,0,0,0,0,0,0,0,0
0,0,0,0,0,0,0,0,0,0,0,0,0,0
0.001,0,0,0,0,0,0,0,0,0,0,0,0,0.001
0.002,0,0,0,0,0,0,0,0,0,0,0,0,0.002
0.003,0,0,0,0,0,0,0,0,0,0,0,0,0.003
0.004,0,0,0,0,0,0,0,0,0,0,0,0,0.004
0.005,0,0,0,0,0,0,0,0,0,0,0,0,0.005
0.006,0,0,0,0,0,0,0,0,0,0,0,0,0.006
0.007,0,0,0,0,0,0,0,0,0,0,0,0,0.007
0.008,0,0,0,0,0,0,0,0,0,0,0,0,0.008
0.009,0,0,0,0,0,0,0,0,0,0,0,0,0.009
0.01,0,0,0,0,0,0,0,0,0,0,0,0,0.01
0.011,0,0,0,0,0,0,0,0,0,0,0,0,0.011
0.012,0,0,0,0,0,0,0,0,0,0,0,0,0.012
0.013,0,0,0,0,0,0,0,0,0,0,0,0,0.013
0.014,0,0,0,0,0,0,0,0,0,0,0,0,0.014
0.015,0,0,0,0,0,0,0,0,0,0,0,0,0.015
0.016,0,0,0,0,0,0,0,0,0,0,0,0,0.016
0.017,0,0,0,0,0,0,0,0,0,0,0,0,0.017
0.018,0,0,0,0,0,0,0,0,0,0,0,0,0.018
0.019,0,0,0,0,0,0,0,0,0,0,0,0,0.019
0.02,0,0,0,0,0,0,0,0,0,0,0,0,0.02
0.021,0,0,0,0,0,0,0,0,0,0,0,0,0.021
0.022,0,0,0,0,0,0,0,0,0,0,0,0,0.022
0.023,0,0,0,0,0,0,0,0,0,0,0,0,0.023
0.024,0,0,0,0,0,0,0,0,0,0,0,0,0.024
0.025,0,0,0,0,0,0,0,0,0,0,0,0,0.025
0.026,0,0,0,0,0,0,0,0,0,0,0,0,0.026
0.027,0,0,0,0,0,0,0,0,0,0,0,0,0.027
0.028,0,0,0,0,0,0,0,0,0,0,0,0,0.028
0.029,0,0,0,0,0,0,0,0,0,0,0,0,0.029
0.03,0,0,0,0,0,0,0,0,0,0,0,0,0.03
0.031,0,0,0,0,0,0,0,0,0,0,0,0,0.031
0.032,0,0,0,0,0,0,0,0,0,0,0,0,0.032
0.033,0,0,0,0,0,0,0,0,0,0,0,0,0.033
0.034,0,0,0,0,0,0,0,0,0,0,0,0,0.034
0.035,0,0,0,0,0,0,0,0,0,0,0,0,0.035
0.036,0,0,0,0,0,0,0,0,0,0,0,0,0.036
0.037,0,0,0,0,0,0,0,0,0,0,0,0,0.037
0.038,0,0,0,0,0,0,0,0,0,0,0,0,0.038
0.039,0,0,0,0,0,0,0,0,0,0,0,0,0.039
0.04,0,0,0,0,0,0,0,0,0,0,0,0,0.04
0.041,0,0,0,0,0,0,0,0,0,0,0,0,0.041
0.042,0,0,0,0,0,0,0,0,0,0,0,0,0.042
0.043,0,0,0,0,0,0,0,0,0,0,0,0,0.043
0.044,0,0,0,0,0,0,0,0,0,0,0,0,0.044
0.045,0,0,0,0,0,0,0,0,0,0,0,0,0.045
0.046,0,0,0,0,0,0,0,0,0,0,0,0,0.046
0.047,0,0,0,0,0,0,0,0,0,0,0,0,0.047
0.048,0,0,0,0,0,0,0,0,0,0,0,0,0.048
0.049,0,0,0,0,0,0,0,0,0,0,0,0,0.049
0.05,0,0,0,0,0,0,0,0,0,0,0,0,0.05
0.051,0,0,0,0,0,0,0,0,0,0,0,0,0.051
0.052,0,0,0,0,0,0,0,0,0,0,0,0,0.052
0.053,0,0,0,0,0,0,0,0,0,0,0,0,0.053
0.054,0,0,0,0,0,0,0,0,0,0,0,0,0.054
0.055,0,0,0,0,0,0,0,0,0,0,0,0,0.055
0.056,0,0,0,0,0,0,0,0,0,0,0,0,0.056
0.057,0,0,0,0,0,0,0,0,0,0,0,0,0.057
0.058,0,0,0,0,0,0,0,0,0,0,0,0,0.058
0.059,0,0,0,0,0,0,0,0,0,0,0,0,0.059
0.06,0,0,0,0,0,0,0,0,0,0,0,0,0.06
0.061,0,0,0,0,0,0,0,0,0,0,0,0,0.061
0.062,0,0,0,0,0,0,0,0,0,0,0,0,0.062
0.063,0,0,0,0,0,0,0,0,0,0,0,0,0.063
0.064,0,0,0,0,0,0,0,0,0,0,0,0,0.064
0.065,0,0,0,0,0,0,0,0,0,0,0,0,0.065
0.066,0,0,0,0,0,0,0,0,0,0,0,0,0.066
0.067,0,0,0,0,0,0,0,0,0,0,0,0,0.067
0.068,0,0,0,0,0,0,0,0,0,0,0,0,0.068
0.069,0,0,0,0,0,0,0,0,0,0,0,0,0.069
0.07,0,0,0,0,0,0,0,0,0,0,0,0,0.07
0.071,0,0,0,0,0,0,0,0,0,0,0,0,0.071
0.072,0,0,0,0,0,0,0,0,0,0,0,0,0.072
0.073,0,0,0,0,0,0,0,0,0,0,0,0,0.073
0.074,0,0,0,0,0,0,0,0,0,0,0,0,0.074
0.075,0,0,0,0,0,0,0,0,0,0,0,0,0.075
0.076,0,0,0,0,0,0,0,0,0,0,0,0,0.076
0.077,0,0,0,0,0,0,0,0,0,0,0,0,0.077
0.078,0,0,0,0,0,0,0,0,0,0,0,0,0.078
0.079,0,0,0,0,0,0,0,0,0,0,0,0,0.079
0.08,0,0,0,0,0,0,0,0,0,0,0,0,0.08
0.081,0,0,0,0,0,0,0,0,0,0,0,0,0.081
0.082,0,0,0,0,0,0,0,0,0,0,0,0,0.082
0.083,0,0,0,0,0,0,0,0,0,0,0,0,0.083
0.084,0,0,0,0,0,0,0,0,0,0,0,0,0.084
0.085,0,0,0,0,0,0,0,0,0,0,0,0,0.085
0.086,0,0,0,0,0,0,0,0,0,0,0,0,0.086
0.087,0,0,0,0,0,0,0,0,0,0,0,0,0.087
0.088,0,0,0,0,0,0,0,0,0,0,0,0,0.088
0.089,0,0,0,0,0,0,0,0,0,0,0,0,0.089
0.09,0,0,0,0,0,0,0,0,0,0,0,0,0.09
0.091,0,0,0,0,0,0,0,0,0,0,0,0,0.091
0.092,0,0,0,0,0,0,0,0,0,0,0,0,0.092
0.093,0,0,0,0,0,0,0,0,0,0,0,0,0.093
0.094,0,0,0,0,0,0,0,0,0,0,0,0,0.094
0.095,0,0,0,0,0,0,0,0,0,0,0,0,0.095
0.096,0,0,0,0,0,0,0,0,0,0,0,0,0.096
0.097,0,0,0,0,0,0,0,0,0,0,0,0,0.097
0.098,0,0,0,0,0,0,0,0,0,0,0,0,0.098
0.099,0,0,0,0,0,0,0,0,0,0,0,0,0.099
0.1,0,0,0,0,0,0,0,0,0,0,0,0,0.1
0.101,0,0,0,0,0,0,0,0,0,0,0,0,0.101
0.102,0,0,0,0,0,0,0,0,0,0,0,0,0.102
0.103,0,0,0,0,0,0,0,0,0,0,0,0,0.103
0.104,0,0,0,0,0,0,0,0,0,0,0,0,0.104
0.105,0,0,0,0,0,0,0,0,0,0,0,0,0.105
0.106,0,0,0,0,0,0,0,0,0,0,0,0,0.106
0.107,0,0,0,0,0,0,0,0,0,0,0,0,0.107
0.108,0,0,0,0,0,0,0,0,0,0,0,0,0.108
0.109,0,0,0,0,0,0,0,0,0,0,0,0,0.109
0.11,0,0,0,0,0,0,0,0,0,0,0,0,0.11
0.111,0,0,0,0,0,0,0,0,0,0,0,0,0.111
0.112,0,0,0,0,0,0,0,0,0,0,0,0,0.112
0.113,0,0,0,0,0,0,0,0,0,0,0,0,0.113
0.114,0,0,0,0,0,0,0,0,0,0,0,0,0.114
0.115,0,0,0,0,0,0,0,0,0,0,0,0,0.115
0.116,0,0,0,0,0,0,0,0,0,0,0,0,0.116
0.117,0,0,0,0,0,0,0,0,0,0,0,0,0.117
0.118,0,0,0,0,0,0,0,0,0,0,0,0,0.118
0.119,0,0,0,0,0,0,0,0,0,0,0,0,0.119
0.12,0,0,0,0,0,0,0,0,0,0,0,0,0.12
0.121,0,0,0,0,0,0,0,0,0,0,0,0,0.121
0.122,0,0,0,0,0,0,0,0,0,0,0,0,0.122
0.123,0,0,0,0,0,0,0,0,0,0,0,0,0.123
0.124,0,0,0,0,0,0,0,0,0,0,0,0,0.124
0.125,0,0,0,0,0,0,0,0,0,0,0,0,0.125
0.126,0,0,0,0,0,0,0,0,0,0,0,0,0.126
0.127,0,0,0,0,0,0,0,0,0,0,0,0,0.127
0.128,0,0,0,0,0,0,0,0,0,0,0,0,0.128
0.129,0,0,0,0,0,0,0,0,0,0,0,0,0.129
0.13,0,0,0,0,0,0,0,0,0,0,0,0,0.13
0.131,0,0,0,0,0,0,0,0,0,0,0,0,0.131
0.132,0,0,0,0,0,0,0,0,0,0,0,0,0.132
0.133,0,0,0,0,0,0,0,0,0,0,0,0,0.133
0.134,0,0,0,0,0,0,0,0,0,0,0,0,0.134
0.135,0,0,0,0,0,0,0,0,0,0,0,0,0.135
0.136,0,0,0,0,0,0,0,0,0,0,0,0,0.136
0.137,0,0,0,0,0,0,0,0,0,0,0,0,0.137
0.138,0,0,0,0,0,0,0,0,0,0,0,0,0.138
0.139,0,0,0,0,0,0,0,0,0,0,0,0,0.139
0.14,0,0,0,0,0,0,0,0,0,0,0,0,0.14
0.141,0,0,0,0,0,0,0,0,0,0,0,0,0.141
0.142,0,0,0,0,0,0,0,0,0,0,0,0,0.142
0.143,0,0,0,0,0,0,0,0,0,0,0,0,0.143
0.144,0,0,0,0,0,0,0,0,0,0,0,0,0.144
0.145,0,0,0,0,0,0,0,0,0,0,0,0,0.145
0.146,0,0,0,0,0,0,0,0,0,0,0,0,0.146
0.147,0,0,0,0,0,0,0,0,0,0,0,0,0.147
0.148,0,0,0,0,0,0,0,0,0,0,0,0,0.148
0.149,0,0,0,0,0,0,0,0,0,0,0,0,0.149
0.15,0,0,0,0,0,0,0,0,0,0,0,0,0.15
0.151,0,0,0,0,0,0,0,0,0,0,0,0,0.151
0.152,0,0,0,0,0,0,0,0,0,0,0,0,0.152
0.153,0,0,0,0,0,0,0,0,0,0,0,0,0.153
0.154,0,0,0,0,0,0,0,0,0,0,0,0,0.154
0.155,0,0,0,0,0,0,0,0,0,0,0,0,0.155
0.156,0,0,0,0,0,0,0,0,0,0,0,0,0.156
0.157,0,0,0,0,0,0,0,0,0,0,0,0,0.157
0.158,0,0,0,0,0,0,0,0,0,0,0,0,0.158
0.159,0,0,0,0,0,0,0,0,0,0,0,0,0.159
0.16,0,0,0,0,0,0,0,0,0,0,0,0,0.16
0.161,0,0,0,0,0,0,0,0,0,0,0,0,0.161
0.162,0,0,0,0,0,0,0,0,0,0,0,0,0.162
0.163,0,0,0,0,0,0,0,0,0,0,0,0,0.163
0.164,0,0,0,0,0,0,0,0,0,0,0,0,0.164
0.165,0,0,0,0,0,0,0,0,0,0,0,0,0.165
0.166,0,0,0,0,0,0,0,0,0,0,0,0,0.166
0.167,0,0,0,0,0,0,0,0,0,0,0,0,0.167
0.168,0,0,0,0,0,0,0,0,0,0,0,0,0.168
0.169,0,0,0,0,0,0,0,0,0,0,0,0,0.169
0.17,0,0,0,0,0,0,0,0,0,0,0,0,0.17
0.171,0,0,0,0,0,0,0,0,0,0,0,0,0.171
0.172,0,0,0,0,0,0,0,0,0,0,0,0,0.172
0.173,0,0,0,0,0,0,0,0,0,0,0,0,0.173
0.174,0,0,0,0,0,0,0,0,0,0,0,0,0.174
0.175,0,0,0,0,0,0,0,0,0,0,0,0,0.175
0.176,0,0,0,0,0,0,0,0,0,0,0,0,0.176
0.177,0,0,0,0,0,0,0,0,0,0,0,0,0.177
0.178,0,0,0,0,0,0,0,0,0,0,0,0,0.178
0.179,0,0,0,0,0,0,0,0,0,0,0,0,0.179
0.18,0,0,0,0,0,0,0,0,0,0,0,0,0.18
0.181,0,0,0,0,0,0,0,0,0,0,0,0,0.181
0.182,0,0,0,0,0,0,0,0,0,0,0,0,0.182
0.183,0,0,0,0,0,0,0,0,0,0,0,0,0.183
0.184,0,0,0,0,0,0,0,0,0,0,0,0,0.184
0.185,0,0,0,0,0,0,0,0,0,0,0,0,0.185
0.186,0,0,0,0,0,0,0,0,0,0,0,0,0.186
0.187,0,0,0,0,0,0,0,0,0,0,0,0,0.187
0.188,0,0,0,0,0,0,0,0,0,0,0,0,0.188
0.189,0,0,0,0,0,0,0,0,0,0,0,0,0.189
0.19,0,0,0,0,0,0,0,0,0,0,0,0,0.19
0.191,0,0,0,0,0,0,0,0,0,0,0,0,0.191
0.192,0,0,0,0,0,0,0,0,0,0,0,0,0.192
0.193,0,0,0,0,0,0,0,0,0,0,0,0,0.193
0.194,0,0,0,0,0,0,0,0,0,0,0,0,0.194
0.195,0,0,0,0,0,0,0,0,0,0,0,0,0.195
0.196,0,0,0,0,0,0,0,0,0,0,0,0,0.196
0.197,0,0,0,0,0,0,0,0,0,0,0,0,0.197
0.198,0,0,0,0,0,0,0,0,0,0,0,0,0.198
0.199,0,0,0,0,0,0,0,0,0,0,0,0,0.199
0.2,0,0,0,0,0,0,0,0,0,0,0,0,0.2
0.201,0,0,0,0,0,0,0,0,0,0,0,0,0.201
0.202,0,0,0,0,0,0,0,0,0,0,0,0,0.202
0.203,0,0,0,0,0,0,0,0,0,0,0,0,0.203
0.204,0,0,0,0,0,0,0,0,0,0,0,0,0.204
0.205,0,0,0,0,0,0,0,0,0,0,0,0,0.205
0.206,0,0,0,0,0,0,0,0,0,0,0,0,0.206
0.207,0,0,0,0,0,0,0,0,0,0,0,0,0.207
0.208,0,0,0,0,0,0,0,0,0,0,0,0,0.208
0.209,0,0,0,0,0,0,0,0,0,0,0,0,0.209
0.21,0,0,0,0,0,0,0,0,0,0,0,0,0.21
0.211,0,0,0,0,0,0,0,0,0,0,0,0,0.211
0.212,0,0,0,0,0,0,0,0,0,0,0,0,0.212
0.213,0,0,0,0,0,0,0,0,0,0,0,0,0.213
0.214,0,0,0,0,0,0,0,0,0,0,0,0,0.214
0.215,0,0,0,0,0,0,0,0,0,0,0,0,0.215
0.216,0,0,0,0,0,0,0,0,0,0,0,0,0.216
0.217,0,0,0,0,0,0,0,0,0,0,0,0,0.217
0.218,0,0,0,0,0,0,0,0,0,0,0,0,0.218
0.219,0,0,0,0,0,0,0,0,0,0,0,0,0.219
0.22,0,0,0,0,0,0,0,0,0,0,0,0,0.22
0.221,0,0,0,0,0,0,0,0,0,0,0,0,0.221
0.222,0,0,0,0,0,0,0,0,0,0,0,0,0.222
0.223,0,0,0,0,0,0,0,0,0,0,0,0,0.223
0.224,0,0,0,0,0,0,0,0,0,0,0,0,0.224
0.225,0,0,0,0,0,0,0,0,0,0,0,0,0.225
0.226,0,0,0,0,0,0,0,0,0,0,0,0,0.226
0.227,0,0,0,0,0,0,0,0,0,0,0,0,0.227
0.228,0,0,0,0,0,0,0,0,0,0,0,0,0.228
0.229,0,0,0,0,0,0,0,0,0,0,0,0,0.229
0.23,0,0,0,0,0,0,0,0,0,0,0,0,0.23
0.231,0,0,0,0,0,0,0,0,0,0,0,0,0.231
0.232,0,0,0,0,0,0,0,0,0,0,0,0,0.232
0.233,0,0,0,0,0,0,0,0,0,0,0,0,0.233
0.234,0,0,0,0,0,0,0,0,0,0,0,0,0.234
0.235,0,0,0,0,0,0,0,0,0,0,0,0,0.235
0.236,0,0,0,0,0,0,0,0,0,0,0,0,0.236
0.237,0,0,0,0,0,0,0,0,0,0,0,0,0.237
0.238,0,0,0,0,0,0,0,0,0,0,0,0,0.238
0.239,0,0,0,0,0,0,0,0,0,0,0,0,0.239
0.24,0,0,0,0,0,0,0,0,0,0,0,0,0.24
0.241,0,0,0,0,0,0,0,0,0,0,0,0,0.241
0.242,0,0,0,0,0,0,0,0,0,0,0,0,0.242
0.243,0,0,0,0,0,0,0,0,0,0,0,0,0.243
0.244,0,0,0,0,0,0,0,0,0,0,0,0,0.244
0.245,0,0,0,0,0,0,0,0,0,0,0,0,0.245
0.246,0,0,0,0,0,0,0,0,0,0,0,0,0.246
0.247,0,0,0,0,0,0,0,0,0,0,0,0,0.247
0.248,0,0,0,0,0,0,0,0,0,0,0,0,0.248
0.249,0,0,0,0,0,0,0,0,0,0,0,0,0.249
0.25,0,0,0,0,0,0,0,0,0,0,0,0,0.25
0.251,0,0,0,0,0,0,0,0,0,0,0,0,0.251
0.252,0,0,0,0,0,0,0,0,0,0,0,0,0.252
0.253,0,0,0,0,0,0,0,0,0,0,0,0,0.253
0.254,0,0,0,0,0,0,0,0,0,0,0,0,0.254
0.255,0,0,0,0,0,0,0,0,0,0,0,0,0.255
0.256,0,0,0,0,0,0,0,0,0,0,0,0,0.256
0.257,0,0,0,0,0,0,0,0,0,0,0,0,0.257
0.258,0,0,0,0,0,0,0,0,0,0,0,0,0.258
0.259,0,0,0,0,0,0,0,0,0,0,0,0,0.259
0.26,0,0,0,0,0,0,0,0,0,0,0,0,0.26
0.261,0,0,0,0,0,0,0,0,0,0,0,0,0.261
0.262,0,0,0,0,0,0,0,0,0,0,0,0,0.262
0.263,0,0,0,0,0,0,0,0,0,0,0,0,0.263
0.264,0,0,0,0,0,0,0,0,0,0,0,0,0.264
0.265,0,0,0,0,0,0,0,0,0,0,0,0,0.265
0.266,0,0,0,0,0,0,0,0,0,0,0,0,0.266
0.267,0,0,0,0,0,0,0,0,0,0,0,0,0.267
0.268,0,0,0,0,0,0,0,0,0,0,0,0,0.268
0.269,0,0,0,0,0,0,0,0,0,0,0,0,0.269
0.27,0,0,0,0,0,0,0,0,0,0,0,0,0.27
0.271,0,0,0,0,0,0,0,0,0,0,0,0,0.271
0.272,0,0,0,0,0,0,0,0,0,0,0,0,0.272
0.273,0,0,0,0,0,0,0,0,0,0,0,0,0.273
0.274,0,0,0,0,0,0,0,0,0,0,0,0,0.274
0.275,0,0,0,0,0,0,0,0,0,0,0,0,0.275
0.276,0,0,0,0,0,0,0,0,0,0,0,0,0.276
0.277,0,0,0,0,0,0,0,0,0,0,0,0,0.277
0.278,0,0,0,0,0,0,0,0,0,0,0,0,0.278
0.279,0,0,0,0,0,0,0,0,0,0,0,0,0.279
0.28,0,0,0,0,0,0,0,0,0,0,0,0,0.28
0.281,0,0,0,0,0,0,0,0,0,0,0,0,0.281
0.282,0,0,0,0,0,0,0,0,0,0,0,0,0.282
0.283,0,0,0,0,0,0,0,0,0,0,0,0,0.283
0.284,0,0,0,0,0,0,0,0,0,0,0,0,0.284
0.285,0,0,0,0,0,0,0,0,0,0,0,0,0.285
0.286,0,0,0,0,0,0,0,0,0,0,0,0,0.286
0.287,0,0,0,0,0,0,0,0,0,0,0,0,0.287
0.288,0,0,0,0,0,0,0,0,0,0,0,0,0.288
0.289,0,0,0,0,0,0,0,0,0,0,0,0,0.289
0.29,0,0,0,0,0,0,0,0,0,0,0,0,0.29
0.291,0,0,0,0,0,0,0,0,0,0,0,0,0.291
0.292,0,0,0,0,0,0,0,0,0,0,0,0,0.292
0.293,0,0,0,0,0,0,0,0,0,0,0,0,0.293
0.294,0,0,0,0,0,0,0,0,0,0,0,0,0.294
0.295,0,0,0,0,0,0,0,0,0,0,0,0,0.295
0.296,0,0,0,0,0,0,0,0,0,0,0,0,0.296
0.297,0,0,0,0,0,0,0,0,0,0,0,0,0.297
0.298,0,0,0,0,0,0,0,0,0,0,0,0,0.298
0.299,0,0,0,0,0,0,0,0,0,0,0,0,0.299
0.3,0,0,0,0,0,0,0,0,0,0,0,0,0.3
0.301,0,0,0,0,0,0,0,0,0,0,0,0,0.301
0.302,0,0,0,0,0,0,0,0,0,0,0,0,0.302
0.303,0,0,0,0,0,0,0,0,0,0,0,0,0.303
0.304,0,0,0,0,0,0,0,0,0,0,0,0,0.304
0.305,0,0,0,0,0,0,0,0,0,0,0,0,0.305
0.306,0,0,0,0,0,0,0,0,0,0,0,0,0.306
0.307,0,0,0,0,0,0,0,0,0,0,0,0,0.307
0.308,0,0,0,0,0,0,0,0,0,0,0,0,0.308
0.309,0,0,0,0,0,0,0,0,0,0,0,0,0.309
0.31,0,0,0,0,0,0,0,0,0,0,0,0,0.31
0.311,0,0,0,0,0,0,0,0,0,0,0,0,0.311
0.312,0,0,0,0,0,0,0,0,0,0,0,0,0.312
0.313,0,0,0,0,0,0,0,0,0,0,0,0,0.313
0.314,0,0,0,0,0,0,0,0,0,0,0,0,0.314
0.315,0,0,0,0,0,0,0,0,0,0,0,0,0.315
0.316,0,0,0,0,0,0,0,0,0,0,0,0,0.316
0.317,0,0,0,0,0,0,0,0,0,0,0,0,0.317
0.318,0,0,0,0,0,0,0,0,0,0,0,0,0.318
0.319,0,0,0,0,0,0,0,0,0,0,0,0,0.319
0.32,0,0,0,0,0,0,0,0,0,0,0,0,0.32
0.321,0,0,0,0,0,0,0,0,0,0,0,0,0.321
0.322,0,0,0,0,0,0,0,0,0,0,0,0,0.322
0.323,0,0,0,0,0,0,0,0,0,0,0,0,0.323
0.324,0,0,0,0,0,0,0,0,0,0,0,0,0.324
0.325,0,0,0,0,0,0,0,0,0,0,0,0,0.325
0.326,0,0,0,0,0,0,0,0,0,0,0,0,0.326
0.327,0,0,0,0,0,0,0,0,0,0,0,0,0.327
0.328,0,0,0,0,0,0,0,0,0,0,0,0,0.328
0.329,0,0,0,0,0,0,0,0,0,0,0,0,0.329
0.33,0,0,0,0,0,0,0,0,0,0,0,0,0.33
0.331,0,0,0,0,0,0,0,0,0,0,0,0,0.331
0.332,0,0,0,0,0,0,0,0,0,0,0,0,0.332
0.333,0,0,0,0,0,0,0,0,0,0,0,0,0.333
0.334,0,0,0,0,0,0,0,0,0,0,0,0,0.334
0.335,0,0,0,0,0,0,0,0,0,0,0,0,0.335
0.336,0,0,0,0,0,0,0,0,0,0,0,0,0.336
0.337,0,0,0,0,0,0,0,0,0,0,0,0,0.337
0.338,0,0,0,0,0,0,0,0,0,0,0,0,0.338
0.339,0,0,0,0,0,0,0,0,0,0,0,0,0.339
0.34,0,0,0,0,0,0,0,0,0,0,0,0,0.34
0.341,0,0,0,0,0,0,0,0,0,0,0,0,0.341
0.342,0,0,0,0,0,0,0,0,0,0,0,0,0.342
0.343,0,0,0,0,0,0,0,0,0,0,0,0,0.343
0.344,0,0,0,0,0,0,0,0,0,0,0,0,0.344
0.345,0,0,0,0,0,0,0,0,0,0,0,0,0.345
0.346,0,0,0,0,0,0,0,0,0,0,0,0,0.346
0.347,0,0,0,0,0,0,0,0,0,0,0,0,0.347
0.348,0,0,0,0,0,0,0,0,0,0,0,0,0.348
0.349,0,0,0,0,0,0,0,0,0,0,0,0,0.349
0.35,0,0,0,0,0,0,0,0,0,0,0,0,0.35
0.351,0,0,0,0,0,0,0,0,0,0,0,0,0.351
0.352,0,0,0,0,0,0,0,0,0,0,0,0,0.352
0.353,0,0,0,0,0,0,0,0,0,0,0,0,0.353
0.354,0,0,0,0,0,0,0,0,0,0,0,0,0.354
0.355,0,0,0,0,0,0,0,0,0,0,0,0,0.355
0.356,0,0,0,0,0,0,0,0,0,0,0,0,0.356
0.357,0,0,0,0,0,0,0,0,0,0,0,0,0.357
0.358,0,0,0,0,0,0,0,0,0,0,0,0,0.358
0.359,0,0,0,0,0,0,0,0,0,0,0,0,0.359
0.36,0,0,0,0,0,0,0,0,0,0,0,0,0.36
0.361,0,0,0,0,0,0,0,0,0,0,0,0,0.361
0.362,0,0,0,0,0,0,0,0,0,0,0,0,0.362
0.363,0,0,0,0,0,0,0,0,0,0,0,0,0.363
0.364,0,0,0,0,0,0,0,0,0,0,0,0,0.364
0.365,0,0,0,0,0,0,0,0,0,0,0,0,0.365
0.366,0,0,0,0,0,0,0,0,0,0,0,0,0.366
0.367,0,0,0,0,0,0,0,0,0,0,0,0,0.367
0.368,0,0,0,0,0,0,0,0,0,0,0,0,0.368
0.369,0,0,0,0,0,0,0,0,0,0,0,0,0.369
0.37,0,0,0,0,0,0,0,0,0,0,0,0,0.37
0.371,0,0,0,0,0,0,0,0,0,0,0,0,0.371
0.372,0,0,0,0,0,0,0,0,0,0,0,0,0.372
0.373,0,0,0,0,0,0,0,0,0,0,0,0,0.373
0.374,0,0,0,0,0,0,0,0,0,0,0,0,0.374
0.375,0,0,0,0,0,0,0,0,0,0,0,0,0.375
0.376,0,0,0,0,0,0,0,0,0,0,0,0,0.376
0.377,0,0,0,0,0,0,0,0,0,0,0,0,0.377
0.378,0,0,0,0,0,0,0,0,0,0,0,0,0.378
0.379,0,0,0,0,0,0,0,0,0,0,0,0,0.379
0.38,0,0,0,0,0,0,0,0,0,0,0,0,0.38
0.381,0,0,0,0,0,0,0,0,0,0,0,0,0.381
0.382,0,0,0,0,0,0,0,0,0,0,0,0,0.382
0.383,0,0,0,0,0,0,0,0,0,0,0,0,0.383
0.384,0,0,0,0,0,0,0,0,0,0,0,0,0.384
0.385,0,0,0,0,0,0,0,0,0,0,0,0,0.385
0.386,0,0,0,0,0,0,0,0,0,0,0,0,0.386
0.387,0,0,0,0,0,0,0,0,0,0,0,0,0.387
0.388,0,0,0,0,0,0,0,0,0,0,0,0,0.388
0.389,0,0,0,0,0,0,0,0,0,0,0,0,0.389
0.39,0,0,0,0,0,0,0,0,0,0,0,0,0.39
0.391,0,0,0,0,0,0,0,0,0,0,0,0,0.391
0.392,0,0,0,0,0,0,0,0,0,0,0,0,0.392
0.393,0,0,0,0,0,0,0,0,0,0,0,0,0.393
0.394,0,0,0,0,0,0,0,0,0,0,0,0,0.394
0.395,0,0,0,0,0,0,0,0,0,0,0,0,0.395
0.396,0,0,0,0,0,0,0,0,0,0,0,0,0.396
0.397,0,0,0,0,0,0,0,0,0,0,0,0,0.397
0.398,0,0,0,0,0,0,0,0,0,0,0,0,0.398
0.399,0,0,0,0,0,0,0,0,0,0,0,0,0.399
0.4,0,0,0,0,0,0,0,0,0,0,0,0,0.4
0.401,0,0,0,0,0,0,0,0,0,0,0,0,0.401
0.402,0,0,0,0,0,0,0,0,0,0,0,0,0.402
0.403,0,0,0,0,0,0,0,0,0,0,0,0,0.403
0.404,0,0,0,0,0,0,0,0,0,0,0,0,0.404
0.405,0,0,0,0,0,0,0,0,0,0,0,0,0.405
0.406,0,0,0,0,0,0,0,0,0,0,0,0,0.406
0.407,0,0,0,0,0,0,0,0,0,0,0,0,0.407
0.408,0,0,0,0,0,0,0,0,0,0,0,0,0.408
0.409,0,0,0,0,0,0,0,0,0,0,0,0,0.409
0.41,0,0,0,0,0,0,0,0,0,0,0,0,0.41
0.411,0,0,0,0,0,0,0,0,0,0,0,0,0.411
0.412,0,0,0,0,0,0,0,0,0,0,0,0,0.412
0.413,0,0,0,0,0,0,0,0,0,0,0,0,0.413
0.414,0,0,0,0,0,0,0,0,0,0,0,0,0.414
0.415,0,0,0,0,0,0,0,0,0,0,0,0,0.415
0.416,0,0,0,0,0,0,0,0,0,0,0,0,0.416
0.417,0,0,0,0,0,0,0,0,0,0,0,0,0.417
0.418,0,0,0,0,0,0,0,0,0,0,0,0,0.418
0.419,0,0,0,0,0,0,0,0,0,0,0,0,0.419
0.42,0,0,0,0,0,0,0,0,0,0,0,0,0.42
0.421,0,0,0,0,0,0,0,0,0,0,0,0,0.421
0.422,0,0,0,0,0,0,0,0,0,0,0,0,0.422
0.423,0,0,0,0,0,0,0,0,0,0,0,0,0.423
0.424,0,0,0,0,0,0,0,0,0,0,0,0,0.424
0.425,0,0,0,0,0,0,0,0,0,0,0,0,0.425
0.426,0,0,0,0,0,0,0,0,0,0,0,0,0.426
0.427,0,0,0,0,0,0,0,0,0,0,0,0,0.427
0.428,0,0,0,0,0,0,0,0,0,0,0,0,0.428
0.429,0,0,0,0,0,0,0,0,0,0,0,0,0.429
0.43,0,0,0,0,0,0,0,0,0,0,0,0,0.43
0.431,0,0,0,0,0,0,0,0,0,0,0,0,0.431
0.432,0,0,0,0,0,0,0,0,0,0,0,0,0.432
0.433,0,0,0,0,0,0,0,0,0,0,0,0,0.433
0.434,0,0,0,0,0,0,0,0,0,0,0,0,0.434
0.435,0,0,0,0,0,0,0,0,0,0,0,0,0.435
0.436,0,0,0,0,0,0,0,0,0,0,0,0,0.436
0.437,0,0,0,0,0,0,0,0,0,0,0,0,0.437
0.438,0,0,0,0,0,0,0,0,0,0,0,0,0.438
0.439,0,0,0,0,0,0,0,0,0,0,0,0,0.439
0.44,0,0,0,0,0,0,0,0,0,0,0,0,0.44
0.441,0,0,0,0,0,0,0,0,0,0,0,0,0.441
0.442,0,0,0,0,0,0,0,0,0,0,0,0,0.442
0.443,0,0,0,0,0,0,0,0,0,0,0,0,0.443
0.444,0,0,0,0,0,0,0,0,0,0,0,0,0.444
0.445,0,0,0,0,0,0,0,0,0,0,0,0,0.445
0.446,0,0,0,0,0,0,0,0,0,0,0,0,0.446
0.447,0,0,0,0,0,0,0,0,0,0,0,0,0.447
0.448,0,0,0,0,0,0,0,0,0,0,0,0,0.448
0.449,0,0,0,0,0,0,0,0,0,0,0,0,0.449
0.45,0,0,0,0,0,0,0,0,0,0,0,0,0.45
0.451,0,0,0,0,0,0,0,0,0,0,0,0,0.451
0.452,0,0,0,0,0,0,0,0,0,0,0,0,0.452
0.453,0,0,0,0,0,0,0,0,0,0,0,0,0.453
0.454,0,0,0,0,0,0,0,0,0,0,0,0,0.454
0.455,0,0,0,0,0,0,0,0,0,0,0,0,0.455
0.456,0,0,0,0,0,0,0,0,0,0,0,0,0.456
0.457,0,0,0,0,0,0,0,0,0,0,0,0,0.457
0.458,0,0,0,0,0,0,0,0,0,0,0,0,0.458
0.459,0,0,0,0,0,0,0,0,0,0,0,0,0.459
0.46,0,0,0,0,0,0,0,0,0,0,0,0,0.46
0.461,0,0,0,0,0,0,0,0,0,0,0,0,0.461
0.462,0,0,0,0,0,0,0,0,0,0,0,0,0.462
0.463,0,0,0,0,0,0,0,0,0,0,0,0,0.463
0.464,0,0,0,0,0,0,0,0,0,0,0,0,0.464
0.465,0,0,0,0,0,0,0,0,0,0,0,0,0.465
0.466,0,0,0,0,0,0,0,0,0,0,0,0,0.466
0.467,0,0,0,0,0,0,0,0,0,0,0,0,0.467
0.468,0,0,0,0,0,0,0,0,0,0,0,0,0.468
0.469,0,0,0,0,0,0,0,0,0,0,0,0,0.469
0.47,0,0,0,0,0,0,0,0,0,0,0,0,0.47
0.471,0,0,0,0,0,0,0,0,0,0,0,0,0.471
0.472,0,0,0,0,0,0,0,0,0,0,0,0,0.472
0.473,0,0,0,0,0,0,0,0,0,0,0,0,0.473
0.474,0,0,0,0,0,0,0,0,0,0,0,0,0.474
0.475,0,0,0,0,0,0,0,0,0,0,0,0,0.475
0.476,0,0,0,0,0,0,0,0,0,0,0,0,0.476
0.477,0,0,0,0,0,0,0,0,0,0,0,0,0.477
0.478,0,0,0,0,0,0,0,0,0,0,0,0,0.478
0.479,0,0,0,0,0,0,0,0,0,0,0,0,0.479
0.48,0,0,0,0,0,0,0,0,0,0,0,0,0.48
0.481,0,0,0,0,0,0,0,0,0,0,0,0,0.481
0.482,0,0,0,0,0,0,0,0,0,0,0,0,0.482
0.483,0,0,0,0,0,0,0,0,0,0,0,0,0.483
0.484,0,0,0,0,0,0,0,0,0,0,0,0,0.484
0.485,0,0,0,0,0,0,0,0,0,0,0,0,0.485
0.486,0,0,0,0,0,0,0,0,0,0,0,0,0.486
0.487,0,0,0,0,0,0,0,0,0,0,0,0,0.487
0.488,0,0,0,0,0,0,0,0,0,0,0,0,0.488
0.489,0,0,0,0,0,0,0,0,0,0,0,0,0.489
0.49,0,0,0,0,0,0,0,0,0,0,0,0,0.49
0.491,0,0,0,0,0,0,0,0,0,0,0,0,0.491
0.492,0,0,0,0,0,0,0,0,0,0,0,0,0.492
0.493,0,0,0,0,0,0,0,0,0,0,0,0,0.493
0.494,0,0,0,0,0,0,0,0,0,0,0,0,0.494
0.495,0,0,0,0,0,0,0,0,0,0,0,0,0.495
0.496,0,0,0,0,0,0,0,0,0,0,0,0,0.496
0.497,0,0,0,0,0,0,0,0,0,0,0,0,0.497
0.498,0,0,0,0,0,0,0,0,0,0,0,0,0.498
0.499,0,0,0,0,0,0,0,0,0,0,0,0,0.499
0.5,0,0,0,0,0,0,0,0,0,0,0,0,0.5
0.501,0,0,0,0,0,0,0,0,0,0,0,0,0.501
0.502,0,0,0,0,0,0,0,0,0,0,0,0,0.502
0.503,0,0,0,0,0,0,0,0,0,0,0,0,0.503
0.504,0,0,0,0,0,0,0,0,0,0,0,0,0.504
0.505,0,0,0,0,0,0,0,0,0,0,0,0,0.505
0.506,0,0,0,0,0,0,0,0,0,0,0,0,0.506
0.507,0,0,0,0,0,0,0,0,0,0,0,0,0.507
0.508,0,0,0,0,0,0,0,0,0,0,0,0,0.508
0.509,0,0,0,0,0,0,0,0,0,0,0,0,0.509
0.51,0,0,0,0,0,0,0,0,0,0,0,0,0.51
0.511,0,0,0,0,0,0,0,0,0,0,0,0,0.511
0.512,0,0,0,0,0,0,0,0,0,0,0,0,0.512
0.513,0,0,0,0,0,0,0,0,0,0,0,0,0.513
0.514,0,0,0,0,0,0,0,0,0,0,0,0,0.514
0.515,0,0,0,0,0,0,0,0,0,0,0,0,0.515
0.516,0,0,0,0,0,0,0,0,0,0,0,0,0.516
0.517,0,0,0,0,0,0,0,0,0,0,0,0,0.517
0.518,0,0,0,0,0,0,0,0,0,0,0,0,0.518
0.519,0,0,0,0,0,0,0,0,0,0,0,0,0.519
0.52,0,0,0,0,0,0,0,0,0,0,0,0,0.52
0.521,0,0,0,0,0,0,0,0,0,0,0,0,0.521
0.522,0,0,0,0,0,0,0,0,0,0,0,0,0.522
0.523,0,0,0,0,0,0,0,0,0,0,0,0,0.523
0.524,0,0,0,0,0,0,0,0,0,0,0,0,0.524
0.525,0,0,0,0,0,0,0,0,0,0,0,0,0.525
0.526,0,0,0,0,0,0,0,0,0,0,0,0,0.526
0.527,0,0,0,0,0,0,0,0,0,0,0,0,0.527
0.528,0,0,0,0,0,0,0,0,0,0,0,0,0.528
0.529,0,0,0,0,0,0,0,0,0,0,0,0,0.529
0.53,0,0,0,0,0,0,0,0,0,0,0,0,0.53
0.531,0,0,0,0,0,0,0,0,0,0,0,0,0.531
0.532,0,0,0,0,0,0,0,0,0,0,0,0,0.532
0.533,0,0,0,0,0,0,0,0,0,0,0,0,0.533
0.534,0,0,0,0,0,0,0,0,0,0,0,0,0.534
0.535,0,0,0,0,0,0,0,0,0,0,0,0,0.535
0.536,0,0.024999,0,0,0,0,0,0,0,0,0,0,0.536
0.537,0,0.0718583,0,0,0,0,0,0,0,0,12.8589,0,0.537
0.538,0,0.121712,0,0,0,0,0,0.0128589,0,0,43.7218,0,0.538
0.539,0,0.168127,0,0,0,0,0,0.0565807,0,0,85.492,0,0.539
0.54,0,0.209577,0,0,0,0,0,0.142073,0,0,130.995,0,0.54
0.541,0,0.246473,0.00329673,0,0,0,0,0.273067,0,0,175.593,0,0.541
0.542,0,0.278823,0.00930209,0,0,0,0,0.44866,0,-1.24205,217.133,0.207009,0.542
0.543,0,0.305863,0.015613,0,0,0,-0.00124368,0.665794,0.000207015,-4.15781,254.472,0.692969,0.543
0.544,0,0.326619,0.0214191,0,0,0,-0.00540961,0.920266,0.000905555,-8.05848,286.559,1.34308,0.544
0.545,0,0.340142,0.0265489,0,0,0,-0.0134901,1.20682,0.00227587,-12.2621,312.346,2.04365,0.545
0.546,0,0.345658,0.0310658,0,0,0,-0.0257968,1.51917,0.00439353,-16.3365,330.824,2.72252,0.546
0.547,0,0.344215,0.0349646,0,0,0,-0.0422094,1.84999,0.00726601,-20.0756,341.112,3.3451,0.547
0.548,0,0.339446,0.0381413,0,0,0,-0.0624012,2.1911,0.0108643,-23.3703,343.341,3.89286,0.548
0.549,0,0.333141,0.0404708,0,0,0,-0.0859347,2.53444,0.0151342,-26.127,339.51,4.34983,0.549
0.55,0,0.326212,0.0418425,0,0,0,-0.112277,2.87394,0.019998,-28.2532,331.653,4.70025,0.55
0.551,0,0.319127,0.0421655,0,0,0,-0.140799,3.20558,0.0253549,-29.663,321.356,4.92954,0.551
0.552,0,0.312121,0.0413684,0,0,0,-0.170782,3.52693,0.0310831,-30.2825,309.726,5.02524,0.552
0.553,0,0.305314,0.0393901,0,0,0,-0.201431,3.83664,0.0370428,-30.0521,297.489,4.97733,0.553
0.554,0,0.29876,0.0361934,0,0,0,-0.231887,4.13411,0.0430795,-28.9244,285.101,4.7779,0.554
0.555,0,0.292484,0.0317917,0,0,0,-0.26124,4.41919,0.0490266,-26.8676,272.838,4.42179,0.555
0.556,0,0.286493,0.0263655,0,0,0,-0.288546,4.692,0.0547093,-23.8782,260.864,3.90854,0.556
0.557,0,0.280784,0.020427,0,0,0,-0.312852,4.95284,0.0599491,-20.0302,249.273,3.25073,0.557
0.558,0,0.275349,0.0142354,0.000480972,0,0,-0.333282,5.20209,0.0645781,-15.5639,238.121,2.48867,0.558
0.559,0,0.270179,0.00789002,0.00402836,0,0,-0.349199,5.44019,0.0684679,-10.5292,227.443,1.63096,0.559
0.56,0,0.265263,0.00394501,0.00900351,0,0,-0.360015,5.66762,0.0714986,-4.0181,217.284,0.526626,0.56
0.561,0,0.260591,0.00197251,0.0145968,0,0,-0.364221,5.8849,0.0733998,2.85953,207.664,-0.639037,0.561
0.562,0,0.25615,0.000986253,0.020372,0,0,-0.361432,6.09256,0.0740845,9.36308,198.558,-1.74226,0.562
0.563,0,0.25193,0.000493126,0.026092,0,0,-0.352016,6.29113,0.073592,15.3072,189.925,-2.75182,0.563
0.564,0,0.247921,0.000246563,0.031612,0,0,-0.336535,6.48107,0.0719975,20.6941,181.723,-3.66773,0.564
0.565,0,0.244111,0.000123282,0.0367236,0,0,-0.315545,6.66281,0.0693805,25.568,173.915,-4.49704,0.565
0.566,0,0.240492,6.16408e-05,0.041205,0,0,-0.289564,6.83675,0.0658172,29.9248,166.473,-5.23879,0.566
0.567,0,0.237053,3.08204e-05,0.0448383,0,0,-0.259112,7.00324,0.0613884,33.7062,159.371,-5.88306,0.567
0.568,0,0.233786,1.54102e-05,0.0474159,0,0,-0.224771,7.16264,0.0561873,36.8154,152.586,-6.41354,0.568
0.569,0,0.230683,7.7051e-06,0.0487493,0,0,-0.187225,7.31525,0.0503266,39.1339,146.102,-6.81038,0.569
0.57,0,0.227734,3.85255e-06,0.0487517,0,0,-0.147278,7.46137,0.0439417,40.5371,139.9,-7.05274,0.57
0.571,0,0.224933,1.92628e-06,0.0481366,0,0,-0.105864,7.60129,0.0371915,40.9351,133.967,-7.1256,0.571
0.572,0,0.222272,9.63138e-07,0.0472435,0,0,-0.0640115,7.73527,0.0302525,40.5588,128.297,-7.06748,0.572
0.573,0,0.219744,4.81569e-07,0.0462406,0,0,-0.0225121,7.86357,0.0232647,39.6672,122.883,-6.92157,0.573
0.574,0,0.217342,2.40784e-07,0.0452108,0,0,0.0181044,7.98646,0.0163262,38.4668,117.716,-6.72238,0.574
0.575,0,0.215061,1.20392e-07,0.0441938,0,0,0.0575196,8.10417,0.00950042,37.102,112.788,-6.49407,0.575
0.576,0,0.212893,6.01961e-08,0.0432083,0,0,0.0955624,8.21695,0.00282648,35.6663,108.089,-6.25241,0.576
0.577,0,0.210834,3.00981e-08,0.0422625,0,0,0.132158,8.32503,-0.00367293,34.2175,103.608,-6.00716,0.577
0.578,0,0.208878,1.5049e-08,0.0413592,0,0,0.167289,8.42863,-0.00998557,32.7894,99.3367,-5.76413,0.578
0.579,0,0.20702,7.52451e-09,0.0404986,0,0,0.200976,8.52795,-0.0161058,31.4013,95.2639,-5.52665,0.579
0.58,0,0.205254,3.76226e-09,0.0396798,0,0,0.233256,8.62319,-0.0220321,30.0628,91.3803,-5.29652,0.58
0.581,0,0.203577,1.88113e-09,0.0389014,0,0,0.264178,8.71455,-0.0277654,28.7784,87.6768,-5.07461,0.581
0.582,0,0.201984,9.40564e-10,0.0381616,0,0,0.293796,8.8022,-0.0333082,27.5496,84.1446,-4.86128,0.582
0.583,0,0.20047,4.70282e-10,0.0374586,0,0,0.322165,8.88632,-0.038664,26.3758,80.7753,-4.65656,0.583
0.584,0,0.199032,2.35141e-10,0.0367907,0,0,0.34934,8.96707,-0.0438367,25.2556,77.561,-4.46032,0.584
0.585,0,0.197666,1.17571e-10,0.0361561,0,0,0.375374,9.0446,-0.0488309,24.1871,74.494,-4.27233,0.585
0.586,0,0.196368,5.87853e-11,0.0355533,0,0,0.400319,9.11906,-0.0536511,23.1681,71.5672,-4.09233,0.586
0.587,0,0.195136,2.93926e-11,0.0349806,0,0,0.424224,9.1906,-0.0583022,22.1965,68.7737,-3.92002,0.587
0.588,0,0.193964,1.46963e-11,0.0344365,0,0,0.447137,9.25934,-0.0627889,21.27,66.107,-3.75509,0.588
0.589,0,0.192852,7.34816e-12,0.0339197,0,0,0.469104,9.32542,-0.0671161,20.3866,63.5609,-3.59725,0.589
0.59,0,0.191795,3.67408e-12,0.0334286,0,0,0.490166,9.38895,-0.0712888,19.544,61.1296,-3.4462,0.59
0.591,0,0.19079,1.83704e-12,0.0329621,0,0,0.510367,9.45005,-0.0753117,18.7404,58.8075,-3.30165,0.591
0.592,0,0.189836,9.1852e-13,0.032519,0,0,0.529744,9.50882,-0.0791897,17.9738,56.5893,-3.16333,0.592
0.593,0,0.18893,4.5926e-13,0.032098,0,0,0.548335,9.56538,-0.0829275,17.2425,54.47,-3.03096,0.593
0.594,0,0.188069,2.2963e-13,0.031698,0,0,0.566176,9.61982,-0.0865296,16.5446,52.4448,-2.9043,0.594
0.595,0,0.187251,1.14815e-13,0.0313181,0,0,0.583301,9.67223,-0.0900008,15.8787,50.5092,-2.78309,0.595
0.596,0,0.186474,5.74075e-14,0.0309571,0,0,0.599742,9.72271,-0.0933455,15.243,48.6588,-2.6671,0.596
0.597,0,0.185736,2.87037e-14,0.0306142,0,0,0.615529,9.77134,-0.0965681,14.6363,46.8895,-2.5561,0.597
0.598,0,0.185035,1.43519e-14,0.0302885,0,0,0.630692,9.8182,-0.0996728,14.0569,45.1976,-2.44987,0.598
0.599,0,0.184369,7.17593e-15,0.029979,0,0,0.645259,9.86337,-0.102664,13.5038,43.5792,-2.3482,0.599
0.6,0,0.183736,3.58797e-15,0.029685,0,0,0.659256,9.90692,-0.105545,12.9754,42.0308,-2.2509,0.6
0.601,0,0.183134,0.000218374,0.0294057,0,0,0.672709,9.94892,-0.108321,12.4708,40.5492,-2.15776,0.601
0.602,0,0.182563,0.000544652,0.0291404,0,0,0.685642,9.98944,-0.110995,11.9061,39.1308,-2.05485,0.602
0.603,0,0.182021,0.000914028,0.0288883,0,0,0.697992,10.0285,-0.113557,11.2786,37.7725,-1.94171,0.603
0.604,0,0.173492,0.00501721,0.0249263,0,0,0.709696,10.0663,-0.115996,10.6116,36.4715,-1.82223,0.604
0.605,0,0.169396,0.00706881,0.0230236,0,0,0.720711,10.1027,-0.118305,7.14387,31.1408,-1.23619,0.605
0.606,0,0.167348,0.00809461,0.0220723,0,0,0.728145,10.1339,-0.119958,3.74851,25.9622,-0.662456,0.606
0.607,0,0.166324,0.0086075,0.0215966,0,0,0.732071,10.1598,-0.120967,1.16148,21.9498,-0.224017,0.607
0.608,0,0.165812,0.00886395,0.0213588,0,0,0.733323,10.1818,-0.121479,-0.601236,19.1134,0.0762732,0.608
0.609,0,0.165556,0.00899218,0.0212399,0,0,0.732752,10.2009,-0.12165,-1.72328,17.1877,0.269006,0.609
0.61,0,0.165428,0.00905629,0.0211804,0,0,0.73102,10.2181,-0.1216,-2.40083,15.8938,0.38696,0.61
0.611,0,0.165364,0.00908834,0.0211507,0,0,0.728586,10.234,-0.121413,-2.78877,15.0123,0.456074,0.611
0.612,0,0.165332,0.00910437,0.0211358,0,0,0.725749,10.249,-0.121144,-2.9955,14.3905,0.494529,0.612
0.613,0,0.165316,0.00911239,0.0211284,0,0,0.722697,10.2634,-0.120826,-3.09205,13.9285,0.514267,0.613
0.614,0,0.165308,0.00911639,0.0211247,0,0,0.719544,10.2773,-0.120482,-3.1231,13.5636,0.522811,0.614
0.615,0,0.165304,0.0091184,0.0211228,0,0,0.716357,10.2909,-0.120124,-3.11599,13.2574,0.524775,0.615
0.616,0,0.165302,0.0091194,0.0211219,0,0,0.713175,10.3041,-0.119759,-3.08709,12.9869,0.522927,0.616
0.617,0,0.165301,0.0091199,0.0211214,0,0,0.710023,10.3171,-0.119392,-3.04607,12.7388,0.518905,0.617
0.618,0,0.165301,0.00912015,0.0211212,0,0,0.706911,10.3299,-0.119025,-2.99856,12.505,0.513668,0.618
0.619,0,0.1653,0.00912028,0.0211211,0,0,0.703847,10.3424,-0.11866,-2.9478,12.2809,0.507768,0.619
0.62,0,0.1653,0.00912034,0.021121,0,0,0.700834,10.3547,-0.118297,-2.89564,12.064,0.501524,0.62
0.621,0,0.1653,0.00912037,0.021121,0,0,0.697874,10.3667,-0.117937,-2.84313,11.8526,0.495118,0.621
0.622,0,0.1653,0.00912039,0.021121,0,0,0.694966,10.3786,-0.117581,-2.79085,11.6459,0.488653,0.622
0.623,0,0.1653,0.00912039,0.021121,0,0,0.692112,10.3902,-0.117228,-2.73914,11.4433,0.482186,0.623
0.624,0,0.1653,0.0091204,0.021121,0,0,0.68931,10.4017,-0.116878,-2.68815,11.2446,0.47575,0.624
0.625,0,0.1653,0.0091204,0.021121,0,0,0.686559,10.4129,-0.116532,-2.63799,11.0494,0.469364,0.625
0.626,0,0.1653,0.0091204,0.021121,0,0,0.683859,10.424,-0.116189,-2.58868,10.8578,0.463037,0.626
0.627,0,0.1653,0.0091204,0.021121,0,0,0.681209,10.4349,-0.11585,-2.54026,10.6695,0.456775,0.627
0.628,0,0.1653,0.0091204,0.021121,0,0,0.678608,10.4455,-0.115515,-2.49271,10.4845,0.450581,0.628
0.629,0,0.1653,0.0091204,0.021121,0,0,0.676055,10.456,-0.115183,-2.44604,10.3027,0.444456,0.629
0.63,0,0.1653,0.0091204,0.021121,0,0,0.67355,10.4663,-0.114855,-2.40023,10.124,0.438401,0.63
0.631,0,0.1653,0.0091204,0.021121,0,0,0.67109,10.4765,-0.11453,-2.35527,9.9485,0.432416,0.631
0.632,0,0.1653,0.0091204,0.021121,0,0,0.668677,10.4864,-0.114209,-2.31115,9.77599,0.426501,0.632
0.633,0,0.1653,0.0091204,0.021121,0,0,0.666308,10.4962,-0.113891,-2.26785,9.60647,0.420655,0.633
0.634,0,0.1653,0.0091204,0.021121,0,0,0.663983,10.5058,-0.113577,-2.22535,9.43989,0.414879,0.634
0.635,0,0.1653,0.0091204,0.021121,0,0,0.661701,10.5152,-0.113266,-2.18365,9.27619,0.409172,0.635
0.636,0,0.1653,0.0091204,0.021121,0,0,0.659461,10.5245,-0.112959,-2.14273,9.11532,0.403534,0.636
0.637,0,0.1653,0.0091204,0.021121,0,0,0.657263,10.5336,-0.112655,-2.10256,8.95724,0.397963,0.637
0.638,0,0.1653,0.0091204,0.021121,0,0,0.655105,10.5426,-0.112355,-2.06315,8.80189,0.392461,0.638
0.639,0,0.1653,0.0091204,0.021121,0,0,0.652988,10.5514,-0.112058,-2.02448,8.64923,0.387025,0.639
0.64,0,0.1653,0.0091204,0.021121,0,0,0.65091,10.5601,-0.111765,-1.98652,8.49921,0.381656,0.64
0.641,0,0.1653,0.0091204,0.021121,0,0,0.64887,10.5686,-0.111475,-1.94927,8.35179,0.376354,0.641
0.642,0,0.1653,0.0091204,0.021121,0,0,0.646868,10.5769,-0.111188,-1.91272,8.20693,0.371117,0.642
0.643,0,0.1653,0.0091204,0.021121,0,0,0.644903,10.5851,-0.110905,-1.87685,8.06457,0.365945,0.643
0.644,0,0.1653,0.0091204,0.021121,0,0,0.642975,10.5932,-0.110625,-1.84165,7.92467,0.360838,0.644
0.645,0,0.1653,0.0091204,0.021121,0,0,0.641083,10.6011,-0.110348,-1.80711,7.7872,0.355794,0.645
0.646,0,0.1653,0.0091204,0.021121,0,0,0.639225,10.6089,-0.110075,-1.77322,7.65211,0.350815,0.646
0.647,0,0.1653,0.0091204,0.021121,0,0,0.637402,10.6166,-0.109805,-1.73995,7.51936,0.345898,0.647
0.648,0,0.1653,0.0091204,0.021121,0,0,0.635613,10.6241,-0.109538,-1.70731,7.38891,0.341044,0.648
0.649,0,0.1653,0.0091204,0.021121,0,0,0.633857,10.6315,-0.109275,-1.67528,7.26071,0.336252,0.649
0.65,0,0.1653,0.0091204,0.021121,0,0,0.632134,10.6388,-0.109014,-1.64385,7.13474,0.331521,0.65
0.651,0,0.1653,0.0091204,0.021121,0,0,0.630443,10.6459,-0.108757,-1.613,7.01095,0.326851,0.651
0.652,0,0.1653,0.0091204,0.021121,0,0,0.628783,10.6529,-0.108503,-1.58273,6.8893,0.32224,0.652
0.653,0,0.1653,0.0091204,0.021121,0,0,0.627154,10.6598,-0.108252,-1.55303,6.76976,0.31769,0.653
0.654,0,0.1653,0.0091204,0.021121,0,0,0.625555,10.6666,-0.108004,-1.52388,6.6523,0.313198,0.654
0.655,0,0.1653,0.0091204,0.021121,0,0,0.623986,10.6732,-0.107759,-1.49528,6.53686,0.308765,0.655
0.656,0,0.1653,0.0091204,0.021121,0,0,0.622445,10.6798,-0.107518,-1.46721,6.42343,0.30439,0.656
0.657,0,0.1653,0.0091204,0.021121,0,0,0.620934,10.6862,-0.107279,-1.43967,6.31197,0.300072,0.657
0.658,0,0.1653,0.0091204,0.021121,0,0,0.619451,10.6925,-0.107043,-1.41264,6.20243,0.295811,0.658
0.659,0,0.1653,0.0091204,0.021121,0,0,0.617995,10.6987,-0.106811,-1.38612,6.09479,0.291605,0.659
0.66,0,0.1653,0.0091204,0.021121,0,0,0.616566,10.7048,-0.106581,-1.36009,5.98902,0.287456,0.66
0.661,0,0.1653,0.0091204,0.021121,0,0,0.615164,10.7108,-0.106354,-1.33455,5.88508,0.283361,0.661
0.662,0,0.1653,0.0091204,0.021121,0,0,0.613788,10.7167,-0.10613,-1.30949,5.78295,0.27932,0.662
0.663,0,0.1653,0.0091204,0.021121,0,0,0.612437,10.7225,-0.105908,-1.2849,5.68258,0.275334,0.663
0.664,0,0.1653,0.0091204,0.021121,0,0,0.611111,10.7282,-0.10569,-1.26077,5.58395,0.2714,0.664
0.665,0,0.1653,0.0091204,0.021121,0,0,0.609811,10.7337,-0.105474,-1.23709,5.48704,0.267519,0.665
0.666,0,0.1653,0.0091204,0.021121,0,0,0.608534,10.7392,-0.105262,-1.21385,5.3918,0.26369,0.666
0.667,0,0.1653,0.0091204,0.021121,0,0,0.607281,10.7446,-0.105052,-1.19105,5.29821,0.259913,0.667
0.668,0,0.1653,0.0091204,0.021121,0,0,0.606051,10.7499,-0.104844,-1.16868,5.20625,0.256186,0.668
0.669,0,0.1653,0.0091204,0.021121,0,0,0.604844,10.7551,-0.104639,-1.14672,5.11588,0.25251,0.669
0.67,0,0.1653,0.0091204,0.021121,0,0,0.60366,10.7603,-0.104437,-1.12518,5.02708,0.248883,0.67
0.671,0,0.1653,0.0091204,0.021121,0,0,0.602497,10.7653,-0.104238,-1.10404,4.93982,0.245305,0.671
0.672,0,0.1653,0.0091204,0.021121,0,0,0.601357,10.7702,-0.104041,-1.08329,4.85407,0.241777,0.672
0.673,0,0.1653,0.0091204,0.021121,0,0,0.600237,10.7751,-0.103847,-1.06294,4.7698,0.238296,0.673
0.674,0,0.1653,0.0091204,0.021121,0,0,0.599138,10.7799,-0.103655,-1.04296,4.687,0.234862,0.674
0.675,0,0.1653,0.0091204,0.021121,0,0,0.59806,10.7846,-0.103466,-1.02336,4.60564,0.231476,0.675
0.676,0,0.1653,0.0091204,0.021121,0,0,0.597002,10.7892,-0.103279,-1.00413,4.52568,0.228135,0.676
0.677,0,0.1653,0.0091204,0.021121,0,0,0.595963,10.7937,-0.103095,-0.985258,4.44712,0.224841,0.677
0.678,0,0.1653,0.0091204,0.021121,0,0,0.594944,10.7981,-0.102913,-0.966739,4.36991,0.221592,0.678
0.679,0,0.1653,0.0091204,0.021121,0,0,0.593943,10.8025,-0.102734,-0.948568,4.29404,0.218387,0.679
0.68,0,0.1653,0.0091204,0.021121,0,0,0.592962,10.8068,-0.102557,-0.930737,4.21949,0.215227,0.68
0.681,0,0.1653,0.0091204,0.021121,0,0,0.591998,10.811,-0.102382,-0.91324,4.14624,0.21211,0.681
0.682,0,0.1653,0.0091204,0.021121,0,0,0.591053,10.8152,-0.10221,-0.896072,4.07425,0.209037,0.682
0.683,0,0.1653,0.0091204,0.021121,0,0,0.590125,10.8192,-0.10204,-0.879226,4.00351,0.206006,0.683
0.684,0,0.1653,0.0091204,0.021121,0,0,0.589214,10.8233,-0.101872,-0.862695,3.934,0.203017,0.684
0.685,0,0.1653,0.0091204,0.021121,0,0,0.58832,10.8272,-0.101707,-0.846474,3.8657,0.200069,0.685
0.686,0,0.1653,0.0091204,0.021121,0,0,0.587443,10.8311,-0.101544,-0.830558,3.79858,0.197163,0.686
0.687,0,0.1653,0.0091204,0.021121,0,0,0.586582,10.8349,-0.101382,-0.81494,3.73262,0.194297,0.687
0.688,0,0.1653,0.0091204,0.021121,0,0,0.585737,10.8386,-0.101224,-0.799616,3.66781,0.191471,0.688
0.689,0,0.1653,0.0091204,0.021121,0,0,0.584908,10.8423,-0.101067,-0.784578,3.60412,0.188684,0.689
0.69,0,0.1653,0.0091204,0.021121,0,0,0.584095,10.8459,-0.100912,-0.769823,3.54154,0.185937,0.69
0.691,0,0.1653,0.0091204,0.021121,0,0,0.583296,10.8494,-0.10076,-0.755345,3.48005,0.183228,0.691
0.692,0,0.1653,0.0091204,0.021121,0,0,0.582512,10.8529,-0.100609,-0.741138,3.41962,0.180556,0.692
0.693,0,0.1653,0.0091204,0.021121,0,0,0.581743,10.8563,-0.100461,-0.727198,3.36024,0.177923,0.693
0.694,0,0.1653,0.0091204,0.021121,0,0,0.580988,10.8597,-0.100314,-0.71352,3.30189,0.175326,0.694
0.695,0,0.1653,0.0091204,0.021121,0,0,0.580248,10.863,-0.10017,-0.700098,3.24455,0.172766,0.695
0.696,0,0.1653,0.0091204,0.021121,0,0,0.579521,10.8662,-0.100027,-0.686928,3.18821,0.170242,0.696
0.697,0,0.1653,0.0091204,0.021121,0,0,0.578807,10.8694,-0.0998869,-0.674005,3.13284,0.167754,0.697
0.698,0,0.1653,0.0091204,0.021121,0,0,0.578107,10.8725,-0.0997483,-0.661325,3.07844,0.165301,0.698
0.699,0,0.1653,0.0091204,0.021121,0,0,0.57742,10.8756,-0.0996116,-0.648883,3.02498,0.162883,0.699
0.7,0,0.1653,0.0091204,0.021121,0,0,0.576746,10.8787,-0.0994768,-0.636675,2.97244,0.160498,0.7
0.701,0,0.1653,0.0091204,0.021121,0,0,0.576084,10.8816,-0.0993438,-0.624696,2.92082,0.158148,0.701
0.702,0,0.1653,0.0091204,0.021121,0,0,0.575435,10.8846,-0.0992127,-0.612942,2.8701,0.155831,0.702
0.703,0,0.1653,0.0091204,0.021121,0,0,0.574797,10.8874,-0.0990834,-0.601408,2.82026,0.153547,0.703
0.704,0,0.1653,0.0091204,0.021121,0,0,0.574172,10.8902,-0.0989558,-0.590091,2.77128,0.151295,0.704
0.705,0,0.1653,0.0091204,0.021121,0,0,0.573558,10.893,-0.0988301,-0.578987,2.72315,0.149075,0.705
0.706,0,0.1653,0.0091204,0.021121,0,0,0.572955,10.8957,-0.098706,-0.568091,2.67585,0.146887,0.706
0.707,0,0.1653,0.0091204,0.021121,0,0,0.572364,10.8984,-0.0985837,-0.5574,2.62938,0.14473,0.707
0.708,0,0.1653,0.0091204,0.021121,0,0,0.571784,10.9011,-0.098463,-0.546909,2.58371,0.142604,0.708
0.709,0,0.1653,0.0091204,0.021121,0,0,0.571215,10.9036,-0.0983441,-0.536616,2.53884,0.140509,0.709
0.71,0,0.1653,0.0091204,0.021121,0,0,0.570656,10.9062,-0.0982268,-0.526516,2.49475,0.138443,0.71
0.711,0,0.1653,0.0091204,0.021121,0,0,0.570107,10.9087,-0.0981111,-0.516606,2.45142,0.136407,0.711
0.712,0,0.1653,0.0091204,0.021121,0,0,0.569569,10.9111,-0.097997,-0.506881,2.40884,0.1344,0.712
0.713,0,0.1653,0.0091204,0.021121,0,0,0.569041,10.9135,-0.0978846,-0.49734,2.367,0.132421,0.713
0.714,0,0.1653,0.0091204,0.021121,0,0,0.568523,10.9159,-0.0977736,-0.487978,2.32589,0.130471,0.714
0.715,0,0.1653,0.0091204,0.021121,0,0,0.568014,10.9182,-0.0976643,-0.478792,2.28549,0.128549,0.715
0.716,0,0.1653,0.0091204,0.021121,0,0,0.567515,10.9205,-0.0975564,-0.469778,2.2458,0.126655,0.716
0.717,0,0.1653,0.0091204,0.021121,0,0,0.567025,10.9228,-0.0974501,-0.460934,2.20679,0.124788,0.717
0.718,0,0.1653,0.0091204,0.021121,0,0,0.566544,10.925,-0.0973453,-0.452256,2.16846,0.122948,0.718
0.719,0,0.1653,0.0091204,0.021121,0,0,0.566072,10.9271,-0.0972419,-0.443741,2.13079,0.121134,0.719
0.72,0,0.1653,0.0091204,0.021121,0,0,0.565609,10.9293,-0.09714,-0.435387,2.09378,0.119347,0.72
0.721,0,0.1653,0.0091204,0.021121,0,0,0.565155,10.9314,-0.0970395,-0.427189,2.05741,0.117585,0.721
0.722,0,0.1653,0.0091204,0.021121,0,0,0.564709,10.9334,-0.0969404,-0.419145,2.02168,0.115848,0.722
0.723,0,0.1653,0.0091204,0.021121,0,0,0.564271,10.9354,-0.0968427,-0.411253,1.98656,0.114137,0.723
0.724,0,0.1653,0.0091204,0.021121,0,0,0.563842,10.9374,-0.0967464,-0.403508,1.95206,0.11245,0.724
0.725,0,0.1653,0.0091204,0.021121,0,0,0.56342,10.9394,-0.0966514,-0.39591,1.91815,0.110788,0.725
0.726,0,0.1653,0.0091204,0.021121,0,0,0.563006,10.9413,-0.0965578,-0.388454,1.88483,0.10915,0.726
0.727,0,0.1653,0.0091204,0.021121,0,0,0.5626,10.9432,-0.0964655,-0.381139,1.85209,0.107536,0.727
0.728,0,0.1653,0.0091204,0.021121,0,0,0.562202,10.945,-0.0963745,-0.373961,1.81992,0.105944,0.728
0.729,0,0.1653,0.0091204,0.021121,0,0,0.561811,10.9469,-0.0962848,-0.366918,1.7883,0.104376,0.729
0.73,0,0.1653,0.0091204,0.021121,0,0,0.561427,10.9487,-0.0961963,-0.360007,1.75724,0.102831,0.73
0.731,0,0.1653,0.0091204,0.021121,0,0,0.561051,10.9504,-0.0961091,-0.353227,1.72671,0.101308,0.731
0.732,0,0.1653,0.0091204,0.021121,0,0,0.560681,10.9521,-0.0960232,-0.346573,1.69672,0.0998076,0.732
0.733,0,0.1653,0.0091204,0.021121,0,0,0.560318,10.9538,-0.0959384,-0.340045,1.66725,0.0983286,0.733
0.734,0,0.1653,0.0091204,0.021121,0,0,0.559963,10.9555,-0.0958549,-0.33364,1.63828,0.0968712,0.734
0.735,0,0.1653,0.0091204,0.021121,0,0,0.559613,10.9571,-0.0957725,-0.327356,1.60982,0.095435,0.735
0.736,0,0.1653,0.0091204,0.021121,0,0,0.55927,10.9588,-0.0956914,-0.321189,1.58186,0.0940196,0.736
0.737,0,0.1653,0.0091204,0.021121,0,0,0.558934,10.9603,-0.0956113,-0.315138,1.55438,0.0926249,0.737
0.738,0,0.1653,0.0091204,0.021121,0,0,0.558604,10.9619,-0.0955324,-0.309202,1.52738,0.0912505,0.738
0.739,0,0.1653,0.0091204,0.021121,0,0,0.55828,10.9634,-0.0954546,-0.303377,1.50084,0.0898961,0.739
0.74,0,0.1653,0.0091204,0.021121,0,0,0.557962,10.9649,-0.095378,-0.297661,1.47477,0.0885614,0.74
0.741,0,0.1653,0.0091204,0.021121,0,0,0.55765,10.9664,-0.0953024,-0.292053,1.44915,0.0872463,0.741
0.742,0,0.1653,0.0091204,0.021121,0,0,0.557344,10.9679,-0.0952279,-0.286551,1.42398,0.0859503,0.742
0.743,0,0.1653,0.0091204,0.021121,0,0,0.557043,10.9693,-0.0951545,-0.281152,1.39924,0.0846732,0.743
0.744,0,0.1653,0.0091204,0.021121,0,0,0.556748,10.9707,-0.0950821,-0.275854,1.37493,0.0834148,0.744
0.745,0,0.1653,0.0091204,0.021121,0,0,0.556459,10.9721,-0.0950107,-0.270657,1.35105,0.0821748,0.745
0.746,0,0.1653,0.0091204,0.021121,0,0,0.556175,10.9734,-0.0949404,-0.265557,1.32758,0.080953,0.746
0.747,0,0.1653,0.0091204,0.021121,0,0,0.555896,10.9747,-0.0948711,-0.260553,1.30451,0.079749,0.747
0.748,0,0.1653,0.0091204,0.021121,0,0,0.555622,10.976,-0.0948027,-0.255643,1.28185,0.0785626,0.748
0.749,0,0.1653,0.0091204,0.021121,0,0,0.555354,10.9773,-0.0947354,-0.250826,1.25958,0.0773936,0.749
0.75,0,0.1653,0.0091204,0.021121,0,0,0.555091,10.9786,-0.094669,-0.246099,1.2377,0.0762417,0.75
0.751,0,0.1653,0.0091204,0.021121,0,0,0.554832,10.9798,-0.0946035,-0.241461,1.2162,0.0751067,0.751
0.752,0,0.1653,0.0091204,0.021121,0,0,0.554578,10.981,-0.094539,-0.236911,1.19507,0.0739884,0.752
0.753,0,0.1653,0.0091204,0.021121,0,0,0.554329,10.9822,-0.0944754,-0.232446,1.17431,0.0728864,0.753
0.754,0,0.1653,0.0091204,0.021121,0,0,0.554085,10.9834,-0.0944128,-0.228065,1.1539,0.0718006,0.754
0.755,0,0.1653,0.0091204,0.021121,0,0,0.553845,10.9846,-0.094351,-0.223767,1.13386,0.0707308,0.755
0.756,0,0.1653,0.0091204,0.021121,0,0,0.55361,10.9857,-0.0942901,-0.219549,1.11416,0.0696766,0.756
0.757,0,0.1653,0.0091204,0.021121,0,0,0.553379,10.9868,-0.0942301,-0.215411,1.0948,0.068638,0.757
0.758,0,0.1653,0.0091204,0.021121,0,0,0.553152,10.9879,-0.094171,-0.211351,1.07578,0.0676146,0.758
0.759,0,0.1653,0.0091204,0.021121,0,0,0.55293,10.989,-0.0941127,-0.207367,1.05709,0.0666062,0.759
0.76,0,0.1653,0.0091204,0.021121,0,0,0.552711,10.99,-0.0940552,-0.203458,1.03873,0.0656127,0.76
0.761,0,0.1653,0.0091204,0.021121,0,0,0.552497,10.9911,-0.0939986,-0.199623,1.02068,0.0646338,0.761
0.762,0,0.1653,0.0091204,0.021121,0,0,0.552287,10.9921,-0.0939428,-0.19586,1.00295,0.0636693,0.762
0.763,0,0.1653,0.0091204,0.021121,0,0,0.55208,10.9931,-0.0938878,-0.192168,0.985523,0.062719,0.763
0.764,0,0.1653,0.0091204,0.021121,0,0,0.551878,10.9941,-0.0938335,-0.188545,0.968401,0.0617827,0.764
0.765,0,0.1653,0.0091204,0.021121,0,0,0.551679,10.9951,-0.0937801,-0.184991,0.951576,0.0608602,0.765
0.766,0,0.1653,0.0091204,0.021121,0,0,0.551484,10.996,-0.0937274,-0.181503,0.935043,0.0599512,0.766
0.767,0,0.1653,0.0091204,0.021121,0,0,0.551293,10.9969,-0.0936755,-0.178081,0.918798,0.0590557,0.767
0.768,0,0.1653,0.0091204,0.021121,0,0,0.551105,10.9979,-0.0936244,-0.174724,0.902835,0.0581734,0.768
0.769,0,0.1653,0.0091204,0.021121,0,0,0.55092,10.9988,-0.093574,-0.17143,0.887149,0.0573041,0.769
0.77,0,0.1653,0.0091204,0.021121,0,0,0.55074,10.9997,-0.0935243,-0.168198,0.871736,0.0564476,0.77
0.771,0,0.1653,0.0091204,0.021121,0,0,0.550562,11.0005,-0.0934753,-0.165026,0.85659,0.0556038,0.771
0.772,0,0.1653,0.0091204,0.021121,0,0,0.550388,11.0014,-0.0934271,-0.161915,0.841708,0.0547724,0.772
0.773,0,0.1653,0.0091204,0.021121,0,0,0.550217,11.0022,-0.0933795,-0.158862,0.827084,0.0539533,0.773
0.774,0,0.1653,0.0091204,0.021121,0,0,0.550049,11.0031,-0.0933326,-0.155866,0.812714,0.0531463,0.774
0.775,0,0.1653,0.0091204,0.021121,0,0,0.549884,11.0039,-0.0932865,-0.152927,0.798593,0.0523512,0.775
0.776,0,0.1653,0.0091204,0.021121,0,0,0.549723,11.0047,-0.0932409,-0.150043,0.784718,0.0515679,0.776
0.777,0,0.1653,0.0091204,0.021121,0,0,0.549564,11.0055,-0.0931961,-0.147214,0.771084,0.0507961,0.777
0.778,0,0.1653,0.0091204,0.021121,0,0,0.549408,11.0062,-0.0931519,-0.144438,0.757687,0.0500358,0.778
0.779,0,0.1653,0.0091204,0.021121,0,0,0.549256,11.007,-0.0931083,-0.141714,0.744523,0.0492867,0.779
0.78,0,0.1653,0.0091204,0.021121,0,0,0.549106,11.0077,-0.0930654,-0.139041,0.731587,0.0485487,0.78
0.781,0,0.1653,0.0091204,0.021121,0,0,0.548959,11.0085,-0.093023,-0.136419,0.718876,0.0478217,0.781
0.782,0,0.1653,0.0091204,0.021121,0,0,0.548814,11.0092,-0.0929813,-0.133846,0.706386,0.0471054,0.782
0.783,0,0.1653,0.0091204,0.021121,0,0,0.548673,11.0099,-0.0929402,-0.131322,0.694113,0.0463997,0.783
0.784,0,0.1653,0.0091204,0.021121,0,0,0.548533,11.0106,-0.0928998,-0.128845,0.682053,0.0457044,0.784
0.785,0,0.1653,0.0091204,0.021121,0,0,0.548397,11.0113,-0.0928598,-0.126415,0.670202,0.0450195,0.785
0.786,0,0.1653,0.0091204,0.021121,0,0,0.548263,11.0119,-0.0928205,-0.124031,0.658558,0.0443447,0.786
0.787,0,0.1653,0.0091204,0.021121,0,0,0.548132,11.0126,-0.0927818,-0.121691,0.647115,0.0436799,0.787
0.788,0,0.1653,0.0091204,0.021121,0,0,0.548003,11.0132,-0.0927436,-0.119396,0.635872,0.043025,0.788
0.789,0,0.1653,0.0091204,0.021121,0,0,0.547876,11.0139,-0.0927059,-0.117144,0.624824,0.0423797,0.789
0.79,0,0.1653,0.0091204,0.021121,0,0,0.547752,11.0145,-0.0926689,-0.114934,0.613967,0.0417441,0.79
0.791,0,0.1653,0.0091204,0.021121,0,0,0.54763,11.0151,-0.0926323,-0.112766,0.6033,0.0411179,0.791
0.792,0,0.1653,0.0091204,0.021121,0,0,0.54751,11.0157,-0.0925963,-0.110639,0.592817,0.040501,0.792
0.793,0,0.1653,0.0091204,0.021121,0,0,0.547393,11.0163,-0.0925608,-0.108552,0.582517,0.0398932,0.793
0.794,0,0.1653,0.0091204,0.021121,0,0,0.547278,11.0169,-0.0925258,-0.106504,0.572396,0.0392945,0.794
0.795,0,0.1653,0.0091204,0.021121,0,0,0.547165,11.0175,-0.0924914,-0.104495,0.56245,0.0387046,0.795
0.796,0,0.1653,0.0091204,0.021121,0,0,0.547054,11.018,-0.0924574,-0.102523,0.552678,0.0381236,0.796
0.797,0,0.1653,0.0091204,0.021121,0,0,0.546945,11.0186,-0.092424,-0.100589,0.543075,0.0375511,0.797
0.798,0,0.1653,0.0091204,0.021121,0,0,0.546838,11.0191,-0.092391,-0.0986913,0.533639,0.0369872,0.798
0.799,0,0.1653,0.0091204,0.021121,0,0,0.546733,11.0197,-0.0923585,-0.0968293,0.524367,0.0364316,0.799
0,0,0.1653,0.0091204,0.021121,0,0,0.54663,11.0202,-0.0923265,-0.0950024,0.515256,0.0358844,0.8
