BST,AMR,ALR,AIR,ASR,ASO,AIO,RX,RY,RZ,RXu,RYu,RZu,SST
0,0,0,0,0,0,0,0,0,0,0,0,0,0
0,0,0,0,0,0,0,0,0,0,0,0,0,0
0,0,0,0,0,0,0,0,0,0,0,0,0,0
0.001,0,0,0,0,0,0,0,0,0,0,0,0,0.001
0.002,0,0,0,0,0,0,0,0,0,0,0,0,0.002
0.003,0,0,0,0,0,0,0,0,0,0,0,0,0.003
0.004,0,0,0,0,0,0,0,0,0,0,0,0,0.004
0.005,0,0,0,0,0,0,0,0,0,0,0,0,0.005
0.006,0,0,0,0,0,0,0,0,0,0,0,0,0.006
0.007,0,0,0,0,0,0,0,0,0,0,0,0,0.007
0.008,0,0,0,0,0,0,0,0,0,0,0,0,0.008
0.009,0,0,0,0,0,0,0,0,0,0,0,0,0.009
0.01,0,0,0,0,0,0,0,0,0,0,0,0,0.01
0.011,0,0,0,0,0,0,0,0,0,0,0,0,0.011
0.012,0,0,0,0,0,0,0,0,0,0,0,0,0.012
0.013,0,0,0,0,0,0,0,0,0,0,0,0,0.013
0.014,0,0,0,0,0,0,0,0,0,0,0,0,0.014
0.015,0,0,0,0,0,0,0,0,0,0,0,0,0.015
0.016,0,0,0,0,0,0,0,0,0,0,0,0,0.016
0.017,0,0,0,0,0,0,0,0,0,0,0,0,0.017
0.018,0,0,0,0,0,0,0,0,0,0,0,0,0.018
0.019,0,0,0,0,0,0,0,0,0,0,0,0,0.019
0.02,0,0,0,0,0,0,0,0,0,0,0,0,0.02
0.021,0,0,0,0,0,0,0,0,0,0,0,0,0.021
0.022,0,0,0,0,0,0,0,0,0,0,0,0,0.022
0.023,0,0,0,0,0,0,0,0,0,0,0,0,0.023
0.024,0,0,0,0,0,0,0,0,0,0,0,0,0.024
0.025,0,0,0,0,0,0,0,0,0,0,0,0,0.025
0.026,0,0,0,0,0,0,0,0,0,0,0,0,0.026
0.027,0,0,0,0,0,0,0,0,0,0,0,0,0.027
0.028,0,0,0,0,0,0,0,0,0,0,0,0,0.028
0.029,0,0,0,0,0,0,0,0,0,0,0,0,0.029
0.03,0,0,0,0,0,0,0,0,0,0,0,0,0.03
0.031,0,0,0,0,0,0,0,0,0,0,0,0,0.031
0.032,0,0,0,0,0,0,0,0,0,0,0,0,0.032
0.033,0,0,0,0,0,0,0,0,0,0,0,0,0.033
0.034,0,0,0,0,0,0,0,0,0,0,0,0,0.034
0.035,0,0,0,0,0,0,0,0,0,0,0,0,0.035
0.036,0,0,0,0,0,0,0,0,0,0,0,0,0.036
0.037,0,0,0,0,0,0,0,0,0,0,0,0,0.037
0.038,0,0,0,0,0,0,0,0,0,0,0,0,0.038
0.039,0,0,0,0,0,0,0,0,0,0,0,0,0.039
0.04,0,0,0,0,0,0,0,0,0,0,0,0,0.04
0.041,0,0,0,0,0,0,0,0,0,0,0,0,0.041
0.042,0,0,0,0,0,0,0,0,0,0,0,0,0.042
0.043,0,0,0,0,0,0,0,0,0,0,0,0,0.043
0.044,0,0,0,0,0,0,0,0,0,0,0,0,0.044
0.045,0,0,0,0,0,0,0,0,0,0,0,0,0.045
0.046,0,0,0,0,0,0,0,0,0,0,0,0,0.046
0.047,0,0,0,0,0,0,0,0,0,0,0,0,0.047
0.048,0,0,0,0,0,0,0,0,0,0,0,0,0.048
0.049,0,0,0,0,0,0,0,0,0,0,0,0,0.049
0.05,0,0,0,0,0,0,0,0,0,0,0,0,0.05
0.051,0,0,0,0,0,0,0,0,0,0,0,0,0.051
0.052,0,0,0,0,0,0,0,0,0,0,0,0,0.052
0.053,0,0,0,0,0,0,0,0,0,0,0,0,0.053
0.054,0,0,0,0,0,0,0,0,0,0,0,0,0.054
0.055,0,0,0,0,0,0,0,0,0,0,0,0,0.055
0.056,0,0,0,0,0,0,0,0,0,0,0,0,0.056
0.057,0,0,0,0,0,0,0,0,0,0,0,0,0.057
0.058,0,0,0,0,0,0,0,0,0,0,0,0,0.058
0.059,0,0,0,0,0,0,0,0,0,0,0,0,0.059
0.06,0,0,0,0,0,0,0,0,0,0,0,0,0.06
0.061,0,0,0,0,0,0,0,0,0,0,0,0,0.061
0.062,0,0,0,0,0,0,0,0,0,0,0,0,0.062
0.063,0,0,0,0,0,0,0,0,0,0,0,0,0.063
0.064,0,0,0,0,0,0,0,0,0,0,0,0,0.064
0.065,0,0,0,0,0,0,0,0,0,0,0,0,0.065
0.066,0,0,0,0,0,0,0,0,0,0,0,0,0.066
0.067,0,0,0,0,0,0,0,0,0,0,0,0,0.067
0.068,0,0,0,0,0,0,0,0,0,0,0,0,0.068
0.069,0,0,0,0,0,0,0,0,0,0,0,0,0.069
0.07,0,0,0,0,0,0,0,0,0,0,0,0,0.07
0.071,0,0,0,0,0,0,0,0,0,0,0,0,0.071
0.072,0,0,0,0,0,0,0,0,0,0,0,0,0.072
0.073,0,0,0,0,0,0,0,0,0,0,0,0,0.073
0.074,0,0,0,0,0,0,0,0,0,0,0,0,0.074
0.075,0,0,0,0,0,0,0,0,0,0,0,0,0.075
0.076,0,0,0,0,0,0,0,0,0,0,0,0,0.076
0.077,0,0,0,0,0,0,0,0,0,0,0,0,0.077
0.078,0,0,0,0,0,0,0,0,0,0,0,0,0.078
0.079,0,0,0,0,0,0,0,0,0,0,0,0,0.079
0.08,0,0,0,0,0,0,0,0,0,0,0,0,0.08
0.081,0,0,0,0,0,0,0,0,0,0,0,0,0.081
0.082,0,0,0,0,0,0,0,0,0,0,0,0,0.082
0.083,0,0,0,0,0,0,0,0,0,0,0,0,0.083
0.084,0,0,0,0,0,0,0,0,0,0,0,0,0.084
0.085,0,0,0,0,0,0,0,0,0,0,0,0,0.085
0.086,0,0,0,0,0,0,0,0,0,0,0,0,0.086
0.087,0,0,0,0,0,0,0,0,0,0,0,0,0.087
0.088,0,0,0,0,0,0,0,0,0,0,0,0,0.088
0.089,0,0,0,0,0,0,0,0,0,0,0,0,0.089
0.09,0,0,0,0,0,0,0,0,0,0,0,0,0.09
0.091,0,0,0,0,0,0,0,0,0,0,0,0,0.091
0.092,0,0,0,0,0,0,0,0,0,0,0,0,0.092
0.093,0,0,0,0,0,0,0,0,0,0,0,0,0.093
0.094,0,0,0,0,0,0,0,0,0,0,0,0,0.094
0.095,0,0,0,0,0,0,0,0,0,0,0,0,0.095
0.096,0,0,0,0,0,0,0,0,0,0,0,0,0.096
0.097,0,0,0,0,0,0,0,0,0,0,0,0,0.097
0.098,0,0,0,0,0,0,0,0,0,0,0,0,0.098
0.099,0,0,0,0,0,0,0,0,0,0,0,0,0.099
0.1,0,0,0,0,0,0,0,0,0,0,0,0,0.1
0.101,0,0,0,0,0,0,0,0,0,0,0,0,0.101
0.102,0,0,0,0,0,0,0,0,0,0,0,0,0.102
0.103,0,0,0,0,0,0,0,0,0,0,0,0,0.103
0.104,0,0,0,0,0,0,0,0,0,0,0,0,0.104
0.105,0,0,0,0,0,0,0,0,0,0,0,0,0.105
0.106,0,0,0,0,0,0,0,0,0,0,0,0,0.106
0.107,0,0,0,0,0,0,0,0,0,0,0,0,0.107
0.108,0,0,0,0,0,0,0,0,0,0,0,0,0.108
0.109,0,0,0,0,0,0,0,0,0,0,0,0,0.109
0.11,0,0,0,0,0,0,0,0,0,0,0,0,0.11
0.111,0,0,0,0,0,0,0,0,0,0,0,0,0.111
0.112,0,0,0,0,0,0,0,0,0,0,0,0,0.112
0.113,0,0,0,0,0,0,0,0,0,0,0,0,0.113
0.114,0,0,0,0,0,0,0,0,0,0,0,0,0.114
0.115,0,0,0,0,0,0,0,0,0,0,0,0,0.115
0.116,0,0,0,0,0,0,0,0,0,0,0,0,0.116
0.117,0,0,0,0,0,0,0,0,0,0,0,0,0.117
0.118,0,0,0,0,0,0,0,0,0,0,0,0,0.118
0.119,0,0,0,0,0,0,0,0,0,0,0,0,0.119
0.12,0,0,0,0,0,0,0,0,0,0,0,0,0.12
0.121,0,0,0,0,0,0,0,0,0,0,0,0,0.121
0.122,0,0,0,0,0,0,0,0,0,0,0,0,0.122
0.123,0,0,0,0,0,0,0,0,0,0,0,0,0.123
0.124,0,0,0,0,0,0,0,0,0,0,0,0,0.124
0.125,0,0,0,0,0,0,0,0,0,0,0,0,0.125
0.126,0,0,0,0,0,0,0,0,0,0,0,0,0.126
0.127,0,0,0,0,0,0,0,0,0,0,0,0,0.127
0.128,0,0,0,0,0,0,0,0,0,0,0,0,0.128
0.129,0,0,0,0,0,0,0,0,0,0,0,0,0.129
0.13,0,0,0,0,0,0,0,0,0,0,0,0,0.13
0.131,0,0,0,0,0,0,0,0,0,0,0,0,0.131
0.132,0,0,0,0,0,0,0,0,0,0,0,0,0.132
0.133,0,0,0,0,0,0,0,0,0,0,0,0,0.133
0.134,0,0,0,0,0,0,0,0,0,0,0,0,0.134
0.135,0,0,0,0,0,0,0,0,0,0,0,0,0.135
0.136,0,0,0,0,0,0,0,0,0,0,0,0,0.136
0.137,0,0,0,0,0,0,0,0,0,0,0,0,0.137
0.138,0,0,0,0,0,0,0,0,0,0,0,0,0.138
0.139,0,0,0,0,0,0,0,0,0,0,0,0,0.139
0.14,0,0,0,0,0,0,0,0,0,0,0,0,0.14
0.141,0,0,0,0,0,0,0,0,0,0,0,0,0.141
0.142,0,0,0,0,0,0,0,0,0,0,0,0,0.142
0.143,0,0,0,0,0,0,0,0,0,0,0,0,0.143
0.144,0,0,0,0,0,0,0,0,0,0,0,0,0.144
0.145,0,0,0,0,0,0,0,0,0,0,0,0,0.145
0.146,0,0,0,0,0,0,0,0,0,0,0,0,0.146
0.147,0,0,0,0,0,0,0,0,0,0,0,0,0.147
0.148,0,0,0,0,0,0,0,0,0,0,0,0,0.148
0.149,0,0,0,0,0,0,0,0,0,0,0,0,0.149
0.15,0,0,0,0,0,0,0,0,0,0,0,0,0.15
0.151,0,0,0,0,0,0,0,0,0,0,0,0,0.151
0.152,0,0,0,0,0,0,0,0,0,0,0,0,0.152
0.153,0,0,0,0,0,0,0,0,0,0,0,0,0.153
0.154,0,0,0,0,0,0,0,0,0,0,0,0,0.154
0.155,0,0,0,0,0,0,0,0,0,0,0,0,0.155
0.156,0,0,0,0,0,0,0,0,0,0,0,0,0.156
0.157,0,0,0,0,0,0,0,0,0,0,0,0,0.157
0.158,0,0,0,0,0,0,0,0,0,0,0,0,0.158
0.159,0,0,0,0,0,0,0,0,0,0,0,0,0.159
0.16,0,0,0,0,0,0,0,0,0,0,0,0,0.16
0.161,0,0,0,0,0,0,0,0,0,0,0,0,0.161
0.162,0,0,0,0,0,0,0,0,0,0,0,0,0.162
0.163,0,0,0,0,0,0,0,0,0,0,0,0,0.163
0.164,0,0,0,0,0,0,0,0,0,0,0,0,0.164
0.165,0,0,0,0,0,0,0,0,0,0,0,0,0.165
0.166,0,0,0,0,0,0,0,0,0,0,0,0,0.166
0.167,0,0,0,0,0,0,0,0,0,0,0,0,0.167
0.168,0,0,0,0,0,0,0,0,0,0,0,0,0.168
0.169,0,0,0,0,0,0,0,0,0,0,0,0,0.169
0.17,0,0,0,0,0,0,0,0,0,0,0,0,0.17
0.171,0,0,0,0,0,0,0,0,0,0,0,0,0.171
0.172,0,0,0,0,0,0,0,0,0,0,0,0,0.172
0.173,0,0,0,0,0,0,0,0,0,0,0,0,0.173
0.174,0,0,0,0,0,0,0,0,0,0,0,0,0.174
0.175,0,0,0,0,0,0,0,0,0,0,0,0,0.175
0.176,0,0,0,0,0,0,0,0,0,0,0,0,0.176
0.177,0,0,0,0,0,0,0,0,0,0,0,0,0.177
0.178,0,0,0,0,0,0,0,0,0,0,0,0,0.178
0.179,0,0,0,0,0,0,0,0,0,0,0,0,0.179
0.18,0,0,0,0,0,0,0,0,0,0,0,0,0.18
0.181,0,0,0,0,0,0,0,0,0,0,0,0,0.181
0.182,0,0,0,0,0,0,0,0,0,0,0,0,0.182
0.183,0,0,0,0,0,0,0,0,0,0,0,0,0.183
0.184,0,0,0,0,0,0,0,0,0,0,0,0,0.184
0.185,0,0,0,0,0,0,0,0,0,0,0,0,0.185
0.186,0,0,0,0,0,0,0,0,0,0,0,0,0.186
0.187,0,0,0,0,0,0,0,0,0,0,0,0,0.187
0.188,0,0,0,0,0,0,0,0,0,0,0,0,0.188
0.189,0,0,0,0,0,0,0,0,0,0,0,0,0.189
0.19,0,0,0,0,0,0,0,0,0,0,0,0,0.19
0.191,0,0,0,0,0,0,0,0,0,0,0,0,0.191
0.192,0,0,0,0,0,0,0,0,0,0,0,0,0.192
0.193,0,0,0,0,0,0,0,0,0,0,0,0,0.193
0.194,0,0,0,0,0,0,0,0,0,0,0,0,0.194
0.195,0,0,0,0,0,0,0,0,0,0,0,0,0.195
0.196,0,0,0,0,0,0,0,0,0,0,0,0,0.196
0.197,0,0,0,0,0,0,0,0,0,0,0,0,0.197
0.198,0,0,0,0,0,0,0,0,0,0,0,0,0.198
0.199,0,0,0,0,0,0,0,0,0,0,0,0,0.199
0.2,0,0,0,0,0,0,0,0,0,0,0,0,0.2
0.201,0,0,0,0,0,0,0,0,0,0,0,0,0.201
0.202,0,0,0,0,0,0,0,0,0,0,0,0,0.202
0.203,0,0,0,0,0,0,0,0,0,0,0,0,0.203
0.204,0,0,0,0,0,0,0,0,0,0,0,0,0.204
0.205,0,0,0,0,0,0,0,0,0,0,0,0,0.205
0.206,0,0,0,0,0,0,0,0,0,0,0,0,0.206
0.207,0,0,0,0,0,0,0,0,0,0,0,0,0.207
0.208,0,0,0,0,0,0,0,0,0,0,0,0,0.208
0.209,0,0,0,0,0,0,0,0,0,0,0,0,0.209
0.21,0,0,0,0,0,0,0,0,0,0,0,0,0.21
0.211,0,0,0,0,0,0,0,0,0,0,0,0,0.211
0.212,0,0,0,0,0,0,0,0,0,0,0,0,0.212
0.213,0,0,0,0,0,0,0,0,0,0,0,0,0.213
0.214,0,0,0,0,0,0,0,0,0,0,0,0,0.214
0.215,0,0,0,0,0,0,0,0,0,0,0,0,0.215
0.216,0,0,0,0,0,0,0,0,0,0,0,0,0.216
0.217,0,0,0,0,0,0,0,0,0,0,0,0,0.217
0.218,0,0,0,0,0,0,0,0,0,0,0,0,0.218
0.219,0,0,0,0,0,0,0,0,0,0,0,0,0.219
0.22,0,0,0,0,0,0,0,0,0,0,0,0,0.22
0.221,0,0,0,0,0,0,0,0,0,0,0,0,0.221
0.222,0,0,0,0,0,0,0,0,0,0,0,0,0.222
0.223,0,0,0,0,0,0,0,0,0,0,0,0,0.223
0.224,0,0,0,0,0,0,0,0,0,0,0,0,0.224
0.225,0,0,0,0,0,0,0,0,0,0,0,0,0.225
0.226,0,0,0,0,0,0,0,0,0,0,0,0,0.226
0.227,0,0,0,0,0,0,0,0,0,0,0,0,0.227
0.228,0,0,0,0,0,0,0,0,0,0,0,0,0.228
0.229,0,0,0,0,0,0,0,0,0,0,0,0,0.229
0.23,0,0,0,0,0,0,0,0,0,0,0,0,0.23
0.231,0,0,0,0,0,0,0,0,0,0,0,0,0.231
0.232,0,0,0,0,0,0,0,0,0,0,0,0,0.232
0.233,0,0,0,0,0,0,0,0,0,0,0,0,0.233
0.234,0,0,0,0,0,0,0,0,0,0,0,0,0.234
0.235,0,0,0,0,0,0,0,0,0,0,0,0,0.235
0.236,0,0,0,0,0,0,0,0,0,0,0,0,0.236
0.237,0,0,0,0,0,0,0,0,0,0,0,0,0.237
0.238,0,0,0,0,0,0,0,0,0,0,0,0,0.238
0.239,0,0,0,0,0,0,0,0,0,0,0,0,0.239
0.24,0,0,0,0,0,0,0,0,0,0,0,0,0.24
0.241,0,0,0,0,0,0,0,0,0,0,0,0,0.241
0.242,0,0,0,0,0,0,0,0,0,0,0,0,0.242
0.243,0,0,0,0,0,0,0,0,0,0,0,0,0.243
0.244,0,0,0,0,0,0,0,0,0,0,0,0,0.244
0.245,0,0,0,0,0,0,0,0,0,0,0,0,0.245
0.246,0,0,0,0,0,0,0,0,0,0,0,0,0.246
0.247,0,0,0,0,0,0,0,0,0,0,0,0,0.247
0.248,0,0,0,0,0,0,0,0,0,0,0,0,0.248
0.249,0,0,0,0,0,0,0,0,0,0,0,0,0.249
0.25,0,0,0,0,0,0,0,0,0,0,0,0,0.25
0.251,0,0,0,0,0,0,0,0,0,0,0,0,0.251
0.252,0,0,0,0,0,0,0,0,0,0,0,0,0.252
0.253,0,0,0,0,0,0,0,0,0,0,0,0,0.253
0.254,0,0,0,0,0,0,0,0,0,0,0,0,0.254
0.255,0,0,0,0,0,0,0,0,0,0,0,0,0.255
0.256,0,0,0,0,0,0,0,0,0,0,0,0,0.256
0.257,0,0,0,0,0,0,0,0,0,0,0,0,0.257
0.258,0,0,0,0,0,0,0,0,0,0,0,0,0.258
0.259,0,0,0,0,0,0,0,0,0,0,0,0,0.259
0.26,0,0,0,0,0,0,0,0,0,0,0,0,0.26
0.261,0,0,0,0,0,0,0,0,0,0,0,0,0.261
0.262,0,0,0,0,0,0,0,0,0,0,0,0,0.262
0.263,0,0,0,0,0,0,0,0,0,0,0,0,0.263
0.264,0,0,0,0,0,0,0,0,0,0,0,0,0.264
0.265,0,0,0,0,0,0,0,0,0,0,0,0,0.265
0.266,0,0,0,0,0,0,0,0,0,0,0,0,0.266
0.267,0,0,0,0,0,0,0,0,0,0,0,0,0.267
0.268,0,0,0,0,0,0,0,0,0,0,0,0,0.268
0.269,0,0,0,0,0,0,0,0,0,0,0,0,0.269
0.27,0,0,0,0,0,0,0,0,0,0,0,0,0.27
0.271,0,0,0,0,0,0,0,0,0,0,0,0,0.271
0.272,0,0,0,0,0,0,0,0,0,0,0,0,0.272
0.273,0,0,0,0,0,0,0,0,0,0,0,0,0.273
0.274,0,0,0,0,0,0,0,0,0,0,0,0,0.274
0.275,0,0,0,0,0,0,0,0,0,0,0,0,0.275
0.276,0,0,0,0,0,0,0,0,0,0,0,0,0.276
0.277,0,0,0,0,0,0,0,0,0,0,0,0,0.277
0.278,0,0,0,0,0,0,0,0,0,0,0,0,0.278
0.279,0,0,0,0,0,0,0,0,0,0,0,0,0.279
0.28,0,0,0,0,0,0,0,0,0,0,0,0,0.28
0.281,0,0,0,0,0,0,0,0,0,0,0,0,0.281
0.282,0,0,0,0,0,0,0,0,0,0,0,0,0.282
0.283,0,0,0,0,0,0,0,0,0,0,0,0,0.283
0.284,0,0,0,0,0,0,0,0,0,0,0,0,0.284
0.285,0,0,0,0,0,0,0,0,0,0,0,0,0.285
0.286,0,0,0,0,0,0,0,0,0,0,0,0,0.286
0.287,0,0,0,0,0,0,0,0,0,0,0,0,0.287
0.288,0,0,0,0,0,0,0,0,0,0,0,0,0.288
0.289,0,0,0,0,0,0,0,0,0,0,0,0,0.289
0.29,0,0,0,0,0,0,0,0,0,0,0,0,0.29
0.291,0,0,0,0,0,0,0,0,0,0,0,0,0.291
0.292,0,0,0,0,0,0,0,0,0,0,0,0,0.292
0.293,0,0,0,0,0,0,0,0,0,0,0,0,0.293
0.294,0,0,0,0,0,0,0,0,0,0,0,0,0.294
0.295,0,0,0,0,0,0,0,0,0,0,0,0,0.295
0.296,0,0,0,0,0,0,0,0,0,0,0,0,0.296
0.297,0,0,0,0,0,0,0,0,0,0,0,0,0.297
0.298,0,0,0,0,0,0,0,0,0,0,0,0,0.298
0.299,0,0,0,0,0,0,0,0,0,0,0,0,0.299
0.3,0,0,0,0,0,0,0,0,0,0,0,0,0.3
0.301,0,0,0,0,0,0,0,0,0,0,0,0,0.301
0.302,0,0,0,0,0,0,0,0,0,0,0,0,0.302
0.303,0,0,0,0,0,0,0,0,0,0,0,0,0.303
0.304,0,0,0,0,0,0,0,0,0,0,0,0,0.304
0.305,0,0,0,0,0,0,0,0,0,0,0,0,0.305
0.306,0,0,0,0,0,0,0,0,0,0,0,0,0.306
0.307,0,0,0,0,0,0,0,0,0,0,0,0,0.307
0.308,0,0,0,0,0,0,0,0,0,0,0,0,0.308
0.309,0,0,0,0,0,0,0,0,0,0,0,0,0.309
0.31,0,0,0,0,0,0,0,0,0,0,0,0,0.31
0.311,0,0,0,0,0,0,0,0,0,0,0,0,0.311
0.312,0,0,0,0,0,0,0,0,0,0,0,0,0.312
0.313,0,0,0,0,0,0,0,0,0,0,0,0,0.313
0.314,0,0,0,0,0,0,0,0,0,0,0,0,0.314
0.315,0,0,0,0,0,0,0,0,0,0,0,0,0.315
0.316,0,0,0,0,0,0,0,0,0,0,0,0,0.316
0.317,0,0,0,0,0,0,0,0,0,0,0,0,0.317
0.318,0,0,0,0,0,0,0,0,0,0,0,0,0.318
0.319,0,0,0,0,0,0,0,0,0,0,0,0,0.319
0.32,0,0,0,0,0,0,0,0,0,0,0,0,0.32
0.321,0,0,0,0,0,0,0,0,0,0,0,0,0.321
0.322,0,0,0,0,0,0,0,0,0,0,0,0,0.322
0.323,0,0,0,0,0,0,0,0,0,0,0,0,0.323
0.324,0,0,0,0,0,0,0,0,0,0,0,0,0.324
0.325,0,0,0,0,0,0,0,0,0,0,0,0,0.325
0.326,0,0,0,0,0,0,0,0,0,0,0,0,0.326
0.327,0,0,0,0,0,0,0,0,0,0,0,0,0.327
0.328,0,0,0,0,0,0,0,0,0,0,0,0,0.328
0.329,0,0,0,0,0,0,0,0,0,0,0,0,0.329
0.33,0,0,0,0,0,0,0,0,0,0,0,0,0.33
0.331,0,0,0,0,0,0,0,0,0,0,0,0,0.331
0.332,0,0,0,0,0,0,0,0,0,0,0,0,0.332
0.333,0,0,0,0,0,0,0,0,0,0,0,0,0.333
0.334,0,0,0,0,0,0,0,0,0,0,0,0,0.334
0.335,0,0,0,0,0,0,0,0,0,0,0,0,0.335
0.336,0,0,0,0,0,0,0,0,0,0,0,0,0.336
0.337,0,0,0,0,0,0,0,0,0,0,0,0,0.337
0.338,0,0,0,0,0,0,0,0,0,0,0,0,0.338
0.339,0,0,0,0,0,0,0,0,0,0,0,0,0.339
0.34,0,0,0,0,0,0,0,0,0,0,0,0,0.34
0.341,0,0,0,0,0,0,0,0,0,0,0,0,0.341
0.342,0,0,0,0,0,0,0,0,0,0,0,0,0.342
0.343,0,0,0,0,0,0,0,0,0,0,0,0,0.343
0.344,0,0,0,0,0,0,0,0,0,0,0,0,0.344
0.345,0,0,0,0,0,0,0,0,0,0,0,0,0.345
0.346,0,0,0,0,0,0,0,0,0,0,0,0,0.346
0.347,0,0,0,0,0,0,0,0,0,0,0,0,0.347
0.348,0,0,0,0,0,0,0,0,0,0,0,0,0.348
0.349,0,0,0,0,0,0,0,0,0,0,0,0,0.349
0.35,0,0,0,0,0,0,0,0,0,0,0,0,0.35
0.351,0,0,0,0,0,0,0,0,0,0,0,0,0.351
0.352,0,0,0,0,0,0,0,0,0,0,0,0,0.352
0.353,0,0,0,0,0,0,0,0,0,0,0,0,0.353
0.354,0,0,0,0,0,0,0,0,0,0,0,0,0.354
0.355,0,0,0,0,0,0,0,0,0,0,0,0,0.355
0.356,0,0,0,0,0,0,0,0,0,0,0,0,0.356
0.357,0,0,0,0,0,0,0,0,0,0,0,0,0.357
0.358,0,0,0,0,0,0,0,0,0,0,0,0,0.358
0.359,0,0,0,0,0,0,0,0,0,0,0,0,0.359
0.36,0,0,0,0,0,0,0,0,0,0,0,0,0.36
0.361,0,0,0,0,0,0,0,0,0,0,0,0,0.361
0.362,0,0,0,0,0,0,0,0,0,0,0,0,0.362
0.363,0,0,0,0,0,0,0,0,0,0,0,0,0.363
0.364,0,0,0,0,0,0,0,0,0,0,0,0,0.364
0.365,0,0,0,0,0,0,0,0,0,0,0,0,0.365
0.366,0,0,0,0,0,0,0,0,0,0,0,0,0.366
0.367,0,0,0,0,0,0,0,0,0,0,0,0,0.367
0.368,0,0,0,0,0,0,0,0,0,0,0,0,0.368
0.369,0,0,0,0,0,0,0,0,0,0,0,0,0.369
0.37,0,0,0,0,0,0,0,0,0,0,0,0,0.37
0.371,0,0,0,0,0,0,0,0,0,0,0,0,0.371
0.372,0,0,0,0,0,0,0,0,0,0,0,0,0.372
0.373,0,0,0,0,0,0,0,0,0,0,0,0,0.373
0.374,0,0,0,0,0,0,0,0,0,0,0,0,0.374
0.375,0,0,0,0,0,0,0,0,0,0,0,0,0.375
0.376,0,0,0,0,0,0,0,0,0,0,0,0,0.376
0.377,0,0,0,0,0,0,0,0,0,0,0,0,0.377
0.378,0,0,0,0,0,0,0,0,0,0,0,0,0.378
0.379,0,0,0,0,0,0,0,0,0,0,0,0,0.379
0.38,0,0,0,0,0,0,0,0,0,0,0,0,0.38
0.381,0,0,0,0,0,0,0,0,0,0,0,0,0.381
0.382,0,0,0,0,0,0,0,0,0,0,0,0,0.382
0.383,0,0,0,0,0,0,0,0,0,0,0,0,0.383
0.384,0,0,0,0,0,0,0,0,0,0,0,0,0.384
0.385,0,0,0,0,0,0,0,0,0,0,0,0,0.385
0.386,0,0,0,0,0,0,0,0,0,0,0,0,0.386
0.387,0,0,0,0,0,0,0,0,0,0,0,0,0.387
0.388,0,0,0,0,0,0,0,0,0,0,0,0,0.388
0.389,0,0,0,0,0,0,0,0,0,0,0,0,0.389
0.39,0,0,0,0,0,0,0,0,0,0,0,0,0.39
0.391,0,0,0,0,0,0,0,0,0,0,0,0,0.391
0.392,0,0,0,0,0,0,0,0,0,0,0,0,0.392
0.393,0,0,0,0,0,0,0,0,0,0,0,0,0.393
0.394,0,0,0,0,0,0,0,0,0,0,0,0,0.394
0.395,0,0,0,0,0,0,0,0,0,0,0,0,0.395
0.396,0,0,0,0,0,0,0,0,0,0,0,0,0.396
0.397,0,0,0,0,0,0,0,0,0,0,0,0,0.397
0.398,0,0,0,0,0,0,0,0,0,0,0,0,0.398
0.399,0,0,0,0,0,0,0,0,0,0,0,0,0.399
0.4,0,0,0,0,0,0,0,0,0,0,0,0,0.4
0.401,0,0,0,0,0,0,0,0,0,0,0,0,0.401
0.402,0,0,0,0,0,0,0,0,0,0,0,0,0.402
0.403,0,0,0,0,0,0,0,0,0,0,0,0,0.403
0.404,0,0,0,0,0,0,0,0,0,0,0,0,0.404
0.405,0,0,0,0,0,0,0,0,0,0,0,0,0.405
0.406,0,0,0,0,0,0,0,0,0,0,0,0,0.406
0.407,0,0,0,0,0,0,0,0,0,0,0,0,0.407
0.408,0,0,0,0,0,0,0,0,0,0,0,0,0.408
0.409,0,0,0,0,0,0,0,0,0,0,0,0,0.409
0.41,0,0,0,0,0,0,0,0,0,0,0,0,0.41
0.411,0,0,0,0,0,0,0,0,0,0,0,0,0.411
0.412,0,0,0,0,0,0,0,0,0,0,0,0,0.412
0.413,0,0,0,0,0,0,0,0,0,0,0,0,0.413
0.414,0,0,0,0,0,0,0,0,0,0,0,0,0.414
0.415,0,0,0,0,0,0,0,0,0,0,0,0,0.415
0.416,0,0,0,0,0,0,0,0,0,0,0,0,0.416
0.417,0,0,0,0,0,0,0,0,0,0,0,0,0.417
0.418,0,0,0,0,0,0,0,0,0,0,0,0,0.418
0.419,0,0,0,0,0,0,0,0,0,0,0,0,0.419
0.42,0,0,0,0,0,0,0,0,0,0,0,0,0.42
0.421,0,0,0,0,0,0,0,0,0,0,0,0,0.421
0.422,0,0,0,0,0,0,0,0,0,0,0,0,0.422
0.423,0,0,0,0,0,0,0,0,0,0,0,0,0.423
0.424,0,0,0,0,0,0,0,0,0,0,0,0,0.424
0.425,0,0,0,0,0,0,0,0,0,0,0,0,0.425
0.426,0,0,0,0,0,0,0,0,0,0,0,0,0.426
0.427,0,0,0,0,0,0,0,0,0,0,0,0,0.427
0.428,0,0,0,0,0,0,0,0,0,0,0,0,0.428
0.429,0,0,0,0,0,0,0,0,0,0,0,0,0.429
0.43,0,0,0,0,0,0,0,0,0,0,0,0,0.43
0.431,0,0,0,0,0,0,0,0,0,0,0,0,0.431
0.432,0,0,0,0,0,0,0,0,0,0,0,0,0.432
0.433,0,0,0,0,0,0,0,0,0,0,0,0,0.433
0.434,0,0,0,0,0,0,0,0,0,0,0,0,0.434
0.435,0,0,0,0,0,0,0,0,0,0,0,0,0.435
0.436,0,0,0,0,0,0,0,0,0,0,0,0,0.436
0.437,0,0,0,0,0,0,0,0,0,0,0,0,0.437
0.438,0,0,0,0,0,0,0,0,0,0,0,0,0.438
0.439,0,0,0,0,0,0,0,0,0,0,0,0,0.439
0.44,0,0,0,0,0,0,0,0,0,0,0,0,0.44
0.441,0,0,0,0,0,0,0,0,0,0,0,0,0.441
0.442,0,0,0,0,0,0,0,0,0,0,0,0,0.442
0.443,0,0,0,0,0,0,0,0,0,0,0,0,0.443
0.444,0,0,0,0,0,0,0,0,0,0,0,0,0.444
0.445,0,0,0,0,0,0,0,0,0,0,0,0,0.445
0.446,0,0,0,0,0,0,0,0,0,0,0,0,0.446
0.447,0,0,0,0,0,0,0,0,0,0,0,0,0.447
0.448,0,0,0,0,0,0,0,0,0,0,0,0,0.448
0.449,0,0,0,0,0,0,0,0,0,0,0,0,0.449
0.45,0,0,0,0,0,0,0,0,0,0,0,0,0.45
0.451,0,0,0,0,0,0,0,0,0,0,0,0,0.451
0.452,0,0,0,0,0,0,0,0,0,0,0,0,0.452
0.453,0,0,0,0,0,0,0,0,0,0,0,0,0.453
0.454,0,0,0,0,0,0,0,0,0,0,0,0,0.454
0.455,0,0,0,0,0,0,0,0,0,0,0,0,0.455
0.456,0,0,0,0,0,0,0,0,0,0,0,0,0.456
0.457,0,0,0,0,0,0,0,0,0,0,0,0,0.457
0.458,0,0,0,0,0,0,0,0,0,0,0,0,0.458
0.459,0,0,0,0,0,0,0,0,0,0,0,0,0.459
0.46,0,0,0,0,0,0,0,0,0,0,0,0,0.46
0.461,0,0,0,0,0,0,0,0,0,0,0,0,0.461
0.462,0,0,0,0,0,0,0,0,0,0,0,0,0.462
0.463,0,0,0,0,0,0,0,0,0,0,0,0,0.463
0.464,0,0,0,0,0,0,0,0,0,0,0,0,0.464
0.465,0,0,0,0,0,0,0,0,0,0,0,0,0.465
0.466,0,0,0,0,0,0,0,0,0,0,0,0,0.466
0.467,0,0,0,0,0,0,0,0,0,0,0,0,0.467
0.468,0,0,0,0,0,0,0,0,0,0,0,0,0.468
0.469,0,0,0,0,0,0,0,0,0,0,0,0,0.469
0.47,0,0,0,0,0,0,0,0,0,0,0,0,0.47
0.471,0,0,0,0,0,0,0,0,0,0,0,0,0.471
0.472,0,0,0,0,0,0,0,0,0,0,0,0,0.472
0.473,0,0,0,0,0,0,0,0,0,0,0,0,0.473
0.474,0,0,0,0,0,0,0,0,0,0,0,0,0.474
0.475,0,0,0,0,0,0,0,0,0,0,0,0,0.475
0.476,0,0,0,0,0,0,0,0,0,0,0,0,0.476
0.477,0,0,0,0,0,0,0,0,0,0,0,0,0.477
0.478,0,0,0,0,0,0,0,0,0,0,0,0,0.478
0.479,0,0,0,0,0,0,0,0,0,0,0,0,0.479
0.48,0,0,0,0,0,0,0,0,0,0,0,0,0.48
0.481,0,0,0,0,0,0,0,0,0,0,0,0,0.481
0.482,0,0,0,0,0,0,0,0,0,0,0,0,0.482
0.483,0,0,0,0,0,0,0,0,0,0,0,0,0.483
0.484,0,0,0,0,0,0,0,0,0,0,0,0,0.484
0.485,0,0,0,0,0,0,0,0,0,0,0,0,0.485
0.486,0,0,0,0,0,0,0,0,0,0,0,0,0.486
0.487,0,0,0,0,0,0,0,0,0,0,0,0,0.487
0.488,0,0,0,0,0,0,0,0,0,0,0,0,0.488
0.489,0,0,0,0,0,0,0,0,0,0,0,0,0.489
0.49,0,0,0,0,0,0,0,0,0,0,0,0,0.49
0.491,0,0,0,0,0,0,0,0,0,0,0,0,0.491
0.492,0,0,0,0,0,0,0,0,0,0,0,0,0.492
0.493,0,0,0,0,0,0,0,0,0,0,0,0,0.493
0.494,0,0,0,0,0,0,0,0,0,0,0,0,0.494
0.495,0,0,0,0,0,0,0,0,0,0,0,0,0.495
0.496,0,0,0,0,0,0,0,0,0,0,0,0,0.496
0.497,0,0,0,0,0,0,0,0,0,0,0,0,0.497
0.498,0,0,0,0,0,0,0,0,0,0,0,0,0.498
0.499,0,0,0,0,0,0,0,0,0,0,0,0,0.499
0.5,0,0,0,0,0,0,0,0,0,0,0,0,0.5
0.501,0,0,0,0,0,0,0,0,0,0,0,0,0.501
0.502,0,0,0,0,0,0,0,0,0,0,0,0,0.502
0.503,0,0,0,0,0,0,0,0,0,0,0,0,0.503
0.504,0,0,0,0,0,0,0,0,0,0,0,0,0.504
0.505,0,0,0,0,0,0,0,0,0,0,0,0,0.505
0.506,0,0,0,0,0,0,0,0,0,0,0,0,0.506
0.507,0,0,0,0,0,0,0,0,0,0,0,0,0.507
0.508,0,0,0,0,0,0,0,0,0,0,0,0,0.508
0.509,0,0,0,0,0,0,0,0,0,0,0,0,0.509
0.51,0,0,0,0,0,0,0,0,0,0,0,0,0.51
0.511,0,0,0,0,0,0,0,0,0,0,0,0,0.511
0.512,0,0,0,0,0,0,0,0,0,0,0,0,0.512
0.513,0,0,0,0,0,0,0,0,0,0,0,0,0.513
0.514,0,0,0,0,0,0,0,0,0,0,0,0,0.514
0.515,0,0,0,0,0,0,0,0,0,0,0,0,0.515
0.516,0,0,0,0,0,0,0,0,0,0,0,0,0.516
0.517,0,0,0,0,0,0,0,0,0,0,0,0,0.517
0.518,0,0,0,0,0,0,0,0,0,0,0,0,0.518
0.519,0,0,0,0,0,0,0,0,0,0,0,0,0.519
0.52,0,0,0,0,0,0,0,0,0,0,0,0,0.52
0.521,0,0,0,0,0,0,0,0,0,0,0,0,0.521
0.522,0,0,0,0,0,0,0,0,0,0,0,0,0.522
0.523,0,0,0,0,0,0,0,0,0,0,0,0,0.523
0.524,0,0,0,0,0,0,0,0,0,0,0,0,0.524
0.525,0,0,0,0,0,0,0,0,0,0,0,0,0.525
0.526,0,0,0,0,0,0,0,0,0,0,0,0,0.526
0.527,0,0,0,0,0,0,0,0,0,0,0,0,0.527
0.528,0,0,0,0,0,0,0,0,0,0,0,0,0.528
0.529,0,0,0,0,0,0,0,0,0,0,0,0,0.529
0.53,0,0,0,0,0,0,0,0,0,0,0,0,0.53
0.531,0,0,0,0,0,0,0,0,0,0,0,0,0.531
0.532,0,0,0,0,0,0,0,0,0,0,0,0,0.532
0.533,0,0,0,0,0,0,0,0,0,0,0,0,0.533
0.534,0,0,0,0,0,0,0,0,0,0,0,0,0.534
0.535,0,0,0,0,0,0,0,0,0,0,0,0,0.535
0.536,0,0,0,0,0,0,0,0,0,0,0,0,0.536
0.537,0.00850604,0,0,0,0,0,0,0,0,0,0,0,0.537
0.538,0.0550094,0,0,0,0,0,0,0,0,0,-4.17243,0,0.538
0.539,0.10993,0,0,0,0,0,0,-0.00417243,0,0,-29.1768,0,0.539
0.54,0.162804,0,0,0,0,0,0,-0.0333492,0,0,-69.2277,0,0.54
0.541,0.210561,0,0,0,0,0,0,-0.102577,0,0,-115.981,0,0.541
0.542,0.253131,0,0,0,0,0,0,-0.218557,0,0,-163.408,0,0.542
0.543,0.291102,0,0.00456243,0,0,0,0,-0.381966,0,0,-208.237,0,0.543
0.544,0.32374,0,0.0105884,0,0,0,0,-0.590203,0,-1.71832,-248.866,0.286387,0.544
0.545,0.349985,0,0.016489,0,0,0,-0.00171537,-0.839069,0.000286402,-4.89069,-284.198,0.815115,0.545
0.546,0.368786,0,0.0217782,0,0,0,-0.00659425,-1.12327,0.0010931,-8.76259,-313.22,1.46043,0.546
0.547,0.379216,0,0.026407,0,0,0,-0.0153289,-1.43649,0.00251775,-12.7392,-334.95,2.12324,0.547
0.548,0.380486,0,0.0304655,0,0,0,-0.0280171,-1.77144,0.00455202,-16.4817,-348.492,2.74726,0.548
0.549,0.376582,0,0.0339077,0,0,0,-0.0444192,-2.11993,0.0071301,-19.8456,-353.075,3.30866,0.549
0.55,0.370235,0,0.036619,0,0,0,-0.0641525,-2.47301,0.0101671,-22.7409,-350.326,3.79277,0.55
0.551,0.362822,0,0.0384988,0,0,0,-0.0867465,-2.82334,0.0135708,-25.0817,-342.524,4.18565,0.551
0.552,0.355045,0,0.0394564,0,0,0,-0.111647,-3.16587,0.0172423,-26.7905,-331.612,4.47464,0.552
0.553,0.34726,0,0.0393977,0,0,0,-0.138226,-3.49749,0.0210766,-27.7988,-319.003,4.64852,0.553
0.554,0.339646,0,0.0382444,0,0,0,-0.165788,-3.8165,0.0249628,-28.0418,-305.65,4.69661,0.554
0.555,0.332292,0,0.0359592,0,0,0,-0.193575,-4.12216,0.0287834,-27.4636,-292.161,4.6096,0.555
0.556,0.325236,0,0.0325279,0,0,0,-0.220778,-4.41434,0.0324153,-26.0286,-278.908,4.3815,0.556
0.557,0.318493,0,0.0279627,0,0,0,-0.246551,-4.69326,0.0357319,-23.7211,-266.111,4.00957,0.557
0.558,0.312063,0,0.0223112,0,0,0,-0.270037,-4.95939,0.038606,-20.5459,-253.889,3.49446,0.558
0.559,0.305939,0,0.0156626,0,0,0,-0.290384,-5.21329,0.0409124,-16.532,-242.303,2.84077,0.559
0.56,0.300113,0,0.00832824,0.00372793,0,0,-0.306768,-5.4556,0.0425319,-11.7363,-231.371,2.05776,0.56
0.561,0.294573,0,0.00416412,0.00959184,0,0,-0.318427,-5.68698,0.0433545,-4.91318,-220.898,0.937575,0.561
0.562,0.289306,0,0.00208206,0.0164199,0,0,-0.323369,-5.90788,0.043063,2.54049,-210.646,-0.28727,0.562
0.563,0.284301,0,0.00104103,0.0235955,0,0,-0.320981,-6.11852,0.041579,9.83996,-200.585,-1.48622,0.563
0.564,0.279544,0,0.000520515,0.0307826,0,0,-0.311421,-6.3191,0.0389542,16.7263,-190.766,-2.61644,0.564
0.565,0.275023,0,0.000260257,0.0377875,0,0,-0.295099,-6.50985,0.0352786,23.1346,-181.251,-3.66745,0.565
0.566,0.270729,0,0.000130129,0.0443518,0,0,-0.272489,-6.69108,0.0306478,29.0601,-172.087,-4.63883,0.566
0.567,0.266648,0,6.50644e-05,0.0501868,0,0,-0.244069,-6.86314,0.0251532,34.4571,-163.312,-5.52328,0.567
0.568,0.262772,0,3.25322e-05,0.0550124,0,0,-0.210361,-7.02643,0.0188894,39.2229,-154.955,-6.30391,0.568
0.569,0.259089,0,1.62661e-05,0.0585728,0,0,-0.171985,-7.18136,0.0119646,43.2161,-147.043,-6.95734,0.569
0.57,0.25559,0,8.13305e-06,0.0606405,0,0,-0.129701,-7.32838,0.00450741,46.2788,-139.595,-7.45742,0.57
0.571,0.252266,0,4.06652e-06,0.0610138,0,0,-0.0844221,-7.46796,-0.00333002,48.2537,-132.629,-7.77802,0.571
0.572,0.249108,0,2.03326e-06,0.0604155,0,0,-0.0372136,-7.60057,-0.0113717,48.9932,-126.159,-7.89457,0.572
0.573,0.246108,0,1.01663e-06,0.0593743,0,0,0.0107153,-7.72673,-0.0194189,48.7021,-120.145,-7.84121,0.573
0.574,0.243258,0,5.08315e-07,0.0581487,0,0,0.0583566,-7.84687,-0.0273092,47.6982,-114.529,-7.67089,0.574
0.575,0.24055,0,2.54158e-07,0.0568662,0,0,0.105014,-7.96141,-0.0349349,46.2551,-109.259,-7.42918,0.575
0.576,0.237978,0,1.27079e-07,0.0555887,0,0,0.150258,-8.07068,-0.0422342,44.5711,-104.293,-7.14903,0.576
0.577,0.235534,0,6.35394e-08,0.0543455,0,0,0.193854,-8.175,-0.0491784,42.7776,-99.5993,-6.85221,0.577
0.578,0.233213,0,3.17697e-08,0.0531498,0,0,0.235696,-8.27462,-0.0557605,40.9565,-95.1521,-6.55225,0.578
0.579,0.231007,0,1.58849e-08,0.0520064,0,0,0.275756,-8.3698,-0.0619861,39.1569,-90.9323,-6.25714,0.579
0.58,0.228912,0,7.94243e-09,0.0509164,0,0,0.314057,-8.46076,-0.0678681,37.4062,-86.9241,-5.97133,0.58
0.581,0.226922,0,3.97121e-09,0.0498792,0,0,0.350646,-8.54771,-0.0734234,35.7191,-83.1142,-5.69708,0.581
0.582,0.225031,0,1.98561e-09,0.0488928,0,0,0.385585,-8.63086,-0.07867,34.1022,-79.4907,-5.43537,0.582
0.583,0.223235,0,9.92804e-10,0.0479554,0,0,0.418943,-8.71039,-0.0836264,32.5577,-76.0434,-5.18642,0.583
0.584,0.221528,0,4.96402e-10,0.0470645,0,0,0.450792,-8.78647,-0.0883107,31.0853,-72.7627,-4.95004,0.584
0.585,0.219907,0,2.48201e-10,0.0462181,0,0,0.4812,-8.85926,-0.0927401,29.683,-69.6397,-4.7258,0.585
0.586,0.218367,0,1.241e-10,0.045414,0,0,0.510238,-8.92894,-0.0969309,28.3482,-66.6663,-4.51317,0.586
0.587,0.216904,0,6.20502e-11,0.04465,0,0,0.53797,-8.99565,-0.100898,27.0782,-63.8347,-4.31159,0.587
0.588,0.215514,0,3.10251e-11,0.0439242,0,0,0.564461,-9.05952,-0.104657,25.8698,-61.1377,-4.12046,0.588
0.589,0.214193,0,1.55126e-11,0.0432347,0,0,0.58977,-9.12069,-0.108219,24.7201,-58.5685,-3.93923,0.589
0.59,0.212939,0,7.75628e-12,0.0425797,0,0,0.613954,-9.1793,-0.111598,23.6261,-56.1205,-3.76733,0.59
0.591,0.211747,0,3.87814e-12,0.0419574,0,0,0.637069,-9.23546,-0.114805,22.585,-53.7876,-3.60425,0.591
0.592,0.210615,0,1.93907e-12,0.0413662,0,0,0.659165,-9.28928,-0.11785,21.5942,-51.5641,-3.4495,0.592
0.593,0.20954,0,9.69535e-13,0.0408046,0,0,0.680292,-9.34088,-0.120744,20.6511,-49.4445,-3.30261,0.593
0.594,0.208518,0,4.84767e-13,0.0402711,0,0,0.700497,-9.39036,-0.123496,19.7532,-47.4235,-3.16314,0.594
0.595,0.207547,0,2.42384e-13,0.0397642,0,0,0.719823,-9.43782,-0.126114,18.8983,-45.4962,-3.03068,0.595
0.596,0.206625,0,1.21192e-13,0.0392827,0,0,0.738312,-9.48335,-0.128607,18.0842,-43.658,-2.90483,0.596
0.597,0.205749,0,6.05959e-14,0.0388253,0,0,0.756005,-9.52704,-0.130981,17.3089,-41.9045,-2.78525,0.597
0.598,0.204917,0,3.0298e-14,0.0383907,0,0,0.772939,-9.56898,-0.133245,16.5702,-40.2314,-2.67157,0.598
0.599,0.204126,0,1.5149e-14,0.0379779,0,0,0.789151,-9.60924,-0.135403,15.8665,-38.6348,-2.56349,0.599
0.6,0.203375,0,7.57449e-15,0.0375857,0,0,0.804673,-9.64791,-0.137463,15.196,-37.1109,-2.46069,0.6
0.601,0.202662,0,3.78724e-15,0.0372131,0,0,0.81954,-9.68505,-0.13943,14.557,-35.6562,-2.3629,0.601
0.602,0.201984,0,1.89362e-15,0.0368592,0,0,0.833781,-9.72074,-0.14131,13.9479,-34.2672,-2.26983,0.602
0.603,0.20134,0,9.46811e-16,0.0365229,0,0,0.847425,-9.75504,-0.143106,13.3672,-32.9407,-2.18124,0.603
0.604,0.200728,0,4.73406e-16,0.0362035,0,0,0.860501,-9.788,-0.144825,12.8135,-31.6738,-2.0969,0.604
0.605,0.200147,0,2.36703e-16,0.0359,0,0,0.873035,-9.81971,-0.14647,12.2855,-30.4634,-2.01656,0.605
0.606,0.199595,0,1.18351e-16,0.0356117,0,0,0.885052,-9.8502,-0.148045,11.782,-29.3068,-1.94003,0.606
0.607,0.19907,0,5.91757e-17,0.0353378,0,0,0.896576,-9.87953,-0.149555,11.3016,-28.2015,-1.86711,0.607
0.608,0.198572,0,0.000187506,0.0350776,0,0,0.907629,-9.90776,-0.151002,10.8433,-27.145,-1.79759,0.608
0.609,0.19074,0,0.00432602,0.0309879,0,0,0.918233,-9.93493,-0.15239,10.3357,-26.1232,-1.71961,0.609
0.61,0.186979,0,0.00639528,0.029024,0,0,0.928341,-9.96108,-0.15371,6.95433,-21.8285,-1.1624,0.61
0.611,0.185099,0,0.00742991,0.028042,0,0,0.935154,-9.98292,-0.154531,3.6048,-17.6482,-0.610247,0.611
0.612,0.184158,0,0.00794722,0.027551,0,0,0.938702,-10.0006,-0.154858,1.04207,-14.4138,-0.188719,0.612
0.613,0.183688,0,0.00820588,0.0273055,0,0,0.939752,-10.015,-0.15481,-0.707379,-12.1368,0.0979087,0.613
0.614,0.183453,0,0.00833521,0.0271827,0,0,0.939097,-10.0271,-0.154509,-1.82159,-10.6031,0.279317,0.614
0.615,0.183336,0,0.00839987,0.0271214,0,0,0.937356,-10.0377,-0.154049,-2.49387,-9.58582,0.387645,0.615
0.616,0.183277,0,0.0084322,0.0270907,0,0,0.934958,-10.0473,-0.153496,-2.87768,-8.90631,0.44837,0.616
0.617,0.183247,0,0.00844837,0.0270753,0,0,0.932186,-10.0562,-0.152893,-3.08075,-8.43965,0.479346,0.617
0.618,0.183233,0,0.00845645,0.0270677,0,0,0.929214,-10.0646,-0.152267,-3.17382,-8.10402,0.492283,0.618
0.619,0.183225,0,0.0084605,0.0270638,0,0,0.926151,-10.0727,-0.151633,-3.20148,-7.84792,0.494545,0.619
0.62,0.183222,0,0.00846252,0.0270619,0,0,0.92306,-10.0806,-0.151002,-3.19103,-7.63985,0.490636,0.62
0.621,0.18322,0,0.00846353,0.027061,0,0,0.919978,-10.0882,-0.150379,-3.15884,-7.46089,0.483253,0.621
0.622,0.183219,0,0.00846403,0.0270605,0,0,0.916927,-10.0956,-0.149767,-3.11459,-7.29988,0.473985,0.622
0.623,0.183219,0,0.00846428,0.0270602,0,0,0.913917,-10.1029,-0.149166,-3.06392,-7.15025,0.463756,0.623
0.624,0.183218,0,0.00846441,0.0270601,0,0,0.910956,-10.1101,-0.14858,-3.01008,-7.00821,0.453097,0.624
0.625,0.183218,0,0.00846447,0.0270601,0,0,0.908047,-10.1171,-0.148006,-2.95492,-6.87155,0.442311,0.625
0.626,0.183218,0,0.00846451,0.02706,0,0,0.90519,-10.1239,-0.147446,-2.8995,-6.739,0.431565,0.626
0.627,0.183218,0,0.00846452,0.02706,0,0,0.902387,-10.1307,-0.1469,-2.84441,-6.60981,0.420954,0.627
0.628,0.183218,0,0.00846453,0.02706,0,0,0.899636,-10.1373,-0.146367,-2.78996,-6.48356,0.410526,0.628
0.629,0.183218,0,0.00846453,0.02706,0,0,0.896938,-10.1438,-0.145846,-2.73633,-6.35996,0.400309,0.629
0.63,0.183218,0,0.00846453,0.02706,0,0,0.894291,-10.1501,-0.145338,-2.68361,-6.23885,0.390313,0.63
0.631,0.183218,0,0.00846454,0.02706,0,0,0.891695,-10.1563,-0.144843,-2.63183,-6.12013,0.380542,0.631
0.632,0.183218,0,0.00846454,0.02706,0,0,0.889148,-10.1625,-0.14436,-2.58101,-6.00371,0.370997,0.632
0.633,0.183218,0,0.00846454,0.02706,0,0,0.88665,-10.1684,-0.143888,-2.53116,-5.88952,0.361676,0.633
0.634,0.183218,0,0.00846454,0.02706,0,0,0.8842,-10.1743,-0.143428,-2.48225,-5.77751,0.352574,0.634
0.635,0.183218,0,0.00846454,0.02706,0,0,0.881797,-10.1801,-0.142979,-2.43428,-5.66764,0.343687,0.635
0.636,0.183218,0,0.00846454,0.02706,0,0,0.87944,-10.1858,-0.142542,-2.38724,-5.55985,0.335011,0.636
0.637,0.183218,0,0.00846454,0.02706,0,0,0.877129,-10.1913,-0.142115,-2.3411,-5.45412,0.326542,0.637
0.638,0.183218,0,0.00846454,0.02706,0,0,0.874861,-10.1968,-0.141698,-2.29586,-5.35039,0.318274,0.638
0.639,0.183218,0,0.00846454,0.02706,0,0,0.872637,-10.2021,-0.141292,-2.25148,-5.24863,0.310203,0.639
0.64,0.183218,0,0.00846454,0.02706,0,0,0.870456,-10.2074,-0.140895,-2.20797,-5.14881,0.302324,0.64
0.641,0.183218,0,0.00846454,0.02706,0,0,0.868317,-10.2125,-0.140509,-2.16529,-5.05088,0.294634,0.641
0.642,0.183218,0,0.00846454,0.02706,0,0,0.866218,-10.2175,-0.140132,-2.12344,-4.95481,0.287127,0.642
0.643,0.183218,0,0.00846454,0.02706,0,0,0.86416,-10.2225,-0.139764,-2.0824,-4.86056,0.279799,0.643
0.644,0.183218,0,0.00846454,0.02706,0,0,0.862141,-10.2273,-0.139405,-2.04216,-4.76811,0.272647,0.644
0.645,0.183218,0,0.00846454,0.02706,0,0,0.860161,-10.2321,-0.139055,-2.00269,-4.67741,0.265665,0.645
0.646,0.183218,0,0.00846454,0.02706,0,0,0.858219,-10.2368,-0.138714,-1.96398,-4.58843,0.258851,0.646
0.647,0.183218,0,0.00846454,0.02706,0,0,0.856314,-10.2414,-0.138381,-1.92602,-4.50114,0.252201,0.647
0.648,0.183218,0,0.00846454,0.02706,0,0,0.854446,-10.2459,-0.138056,-1.8888,-4.41551,0.245709,0.648
0.649,0.183218,0,0.00846454,0.02706,0,0,0.852614,-10.2503,-0.13774,-1.85229,-4.33151,0.239374,0.649
0.65,0.183218,0,0.00846454,0.02706,0,0,0.850816,-10.2546,-0.137431,-1.81649,-4.2491,0.23319,0.65
0.651,0.183218,0,0.00846454,0.02706,0,0,0.849053,-10.2589,-0.13713,-1.78139,-4.16826,0.227156,0.651
0.652,0.183218,0,0.00846454,0.02706,0,0,0.847324,-10.263,-0.136836,-1.74696,-4.08896,0.221266,0.652
0.653,0.183218,0,0.00846454,0.02706,0,0,0.845628,-10.2671,-0.13655,-1.71319,-4.01116,0.215518,0.653
0.654,0.183218,0,0.00846454,0.02706,0,0,0.843965,-10.2711,-0.136271,-1.68008,-3.93484,0.209909,0.654
0.655,0.183218,0,0.00846454,0.02706,0,0,0.842333,-10.275,-0.135999,-1.64761,-3.85997,0.204434,0.655
0.656,0.183218,0,0.00846454,0.02706,0,0,0.840733,-10.2789,-0.135733,-1.61577,-3.78652,0.199092,0.656
0.657,0.183218,0,0.00846454,0.02706,0,0,0.839163,-10.2827,-0.135475,-1.58454,-3.71447,0.193879,0.657
0.658,0.183218,0,0.00846454,0.02706,0,0,0.837624,-10.2864,-0.135222,-1.55392,-3.64379,0.188792,0.658
0.659,0.183218,0,0.00846454,0.02706,0,0,0.836114,-10.29,-0.134976,-1.52389,-3.57445,0.183828,0.659
0.66,0.183218,0,0.00846454,0.02706,0,0,0.834633,-10.2936,-0.134736,-1.49444,-3.50643,0.178985,0.66
0.661,0.183218,0,0.00846454,0.02706,0,0,0.83318,-10.2971,-0.134503,-1.46556,-3.43971,0.174258,0.661
0.662,0.183218,0,0.00846454,0.02706,0,0,0.831755,-10.3005,-0.134275,-1.43723,-3.37425,0.169647,0.662
0.663,0.183218,0,0.00846454,0.02706,0,0,0.830358,-10.3039,-0.134053,-1.40946,-3.31003,0.165147,0.663
0.664,0.183218,0,0.00846454,0.02706,0,0,0.828987,-10.3072,-0.133836,-1.38222,-3.24704,0.160757,0.664
0.665,0.183218,0,0.00846454,0.02706,0,0,0.827643,-10.3105,-0.133625,-1.35551,-3.18524,0.156474,0.665
0.666,0.183218,0,0.00846454,0.02706,0,0,0.826324,-10.3136,-0.133419,-1.32931,-3.12462,0.152295,0.666
0.667,0.183218,0,0.00846454,0.02706,0,0,0.825031,-10.3168,-0.133218,-1.30362,-3.06515,0.148218,0.667
0.668,0.183218,0,0.00846454,0.02706,0,0,0.823762,-10.3198,-0.133023,-1.27843,-3.00681,0.14424,0.668
0.669,0.183218,0,0.00846454,0.02706,0,0,0.822518,-10.3228,-0.132832,-1.25373,-2.94959,0.14036,0.669
0.67,0.183218,0,0.00846454,0.02706,0,0,0.821297,-10.3258,-0.132647,-1.2295,-2.89345,0.136574,0.67
0.671,0.183218,0,0.00846454,0.02706,0,0,0.8201,-10.3287,-0.132466,-1.20574,-2.83837,0.132882,0.671
0.672,0.183218,0,0.00846454,0.02706,0,0,0.818926,-10.3315,-0.132289,-1.18244,-2.78435,0.12928,0.672
0.673,0.183218,0,0.00846454,0.02706,0,0,0.817774,-10.3343,-0.132118,-1.15959,-2.73135,0.125766,0.673
0.674,0.183218,0,0.00846454,0.02706,0,0,0.816645,-10.337,-0.13195,-1.13718,-2.67936,0.122339,0.674
0.675,0.183218,0,0.00846454,0.02706,0,0,0.815537,-10.3397,-0.131787,-1.11521,-2.62836,0.118996,0.675
0.676,0.183218,0,0.00846454,0.02706,0,0,0.81445,-10.3423,-0.131628,-1.09366,-2.57832,0.115735,0.676
0.677,0.183218,0,0.00846454,0.02706,0,0,0.813384,-10.3449,-0.131473,-1.07253,-2.52924,0.112555,0.677
0.678,0.183218,0,0.00846454,0.02706,0,0,0.812339,-10.3474,-0.131322,-1.0518,-2.4811,0.109453,0.678
0.679,0.183218,0,0.00846454,0.02706,0,0,0.811314,-10.3499,-0.131175,-1.03148,-2.43387,0.106429,0.679
0.68,0.183218,0,0.00846454,0.02706,0,0,0.810308,-10.3523,-0.131032,-1.01155,-2.38753,0.103479,0.68
0.681,0.183218,0,0.00846454,0.02706,0,0,0.809321,-10.3547,-0.130892,-0.992001,-2.34208,0.100602,0.681
0.682,0.183218,0,0.00846454,0.02706,0,0,0.808354,-10.3571,-0.130757,-0.972834,-2.2975,0.0977963,0.682
0.683,0.183218,0,0.00846454,0.02706,0,0,0.807405,-10.3594,-0.130624,-0.954037,-2.25376,0.0950606,0.683
0.684,0.183218,0,0.00846454,0.02706,0,0,0.806474,-10.3616,-0.130495,-0.935603,-2.21085,0.0923931,0.684
0.685,0.183218,0,0.00846454,0.02706,0,0,0.805561,-10.3638,-0.13037,-0.917526,-2.16876,0.0897921,0.685
0.686,0.183218,0,0.00846454,0.02706,0,0,0.804665,-10.366,-0.130247,-0.899799,-2.12747,0.087256,0.686
0.687,0.183218,0,0.00846454,0.02706,0,0,0.803787,-10.3681,-0.130128,-0.882414,-2.08697,0.0847833,0.687
0.688,0.183218,0,0.00846454,0.02706,0,0,0.802925,-10.3702,-0.130012,-0.865365,-2.04724,0.0823725,0.688
0.689,0.183218,0,0.00846454,0.02706,0,0,0.80208,-10.3723,-0.1299,-0.848646,-2.00826,0.0800222,0.689
0.69,0.183218,0,0.00846454,0.02706,0,0,0.801252,-10.3743,-0.12979,-0.83225,-1.97002,0.077731,0.69
0.691,0.183218,0,0.00846454,0.02706,0,0,0.800439,-10.3762,-0.129683,-0.816171,-1.93251,0.0754973,0.691
0.692,0.183218,0,0.00846454,0.02706,0,0,0.799641,-10.3782,-0.129578,-0.800403,-1.89572,0.0733199,0.692
0.693,0.183218,0,0.00846454,0.02706,0,0,0.798859,-10.3801,-0.129477,-0.78494,-1.85963,0.0711975,0.693
0.694,0.183218,0,0.00846454,0.02706,0,0,0.798092,-10.3819,-0.129378,-0.769775,-1.82422,0.0691287,0.694
0.695,0.183218,0,0.00846454,0.02706,0,0,0.797339,-10.3837,-0.129282,-0.754904,-1.78948,0.0671123,0.695
0.696,0.183218,0,0.00846454,0.02706,0,0,0.796601,-10.3855,-0.129189,-0.740321,-1.75541,0.065147,0.696
0.697,0.183218,0,0.00846454,0.02706,0,0,0.795877,-10.3873,-0.129098,-0.726019,-1.72199,0.0632317,0.697
0.698,0.183218,0,0.00846454,0.02706,0,0,0.795167,-10.389,-0.129009,-0.711994,-1.6892,0.061365,0.698
0.699,0.183218,0,0.00846454,0.02706,0,0,0.794471,-10.3907,-0.128923,-0.69824,-1.65704,0.0595459,0.699
0.7,0.183218,0,0.00846454,0.02706,0,0,0.793788,-10.3923,-0.128839,-0.684751,-1.62548,0.0577733,0.7
0.701,0.183218,0,0.00846454,0.02706,0,0,0.793118,-10.394,-0.128757,-0.671524,-1.59453,0.056046,0.701
0.702,0.183218,0,0.00846454,0.02706,0,0,0.792461,-10.3956,-0.128678,-0.658552,-1.56417,0.054363,0.702
0.703,0.183218,0,0.00846454,0.02706,0,0,0.791816,-10.3971,-0.128601,-0.645831,-1.53438,0.0527231,0.703
0.704,0.183218,0,0.00846454,0.02706,0,0,0.791184,-10.3987,-0.128525,-0.633356,-1.50517,0.0511255,0.704
0.705,0.183218,0,0.00846454,0.02706,0,0,0.790564,-10.4002,-0.128452,-0.621123,-1.4765,0.049569,0.705
0.706,0.183218,0,0.00846454,0.02706,0,0,0.789955,-10.4016,-0.128381,-0.609125,-1.44839,0.0480527,0.706
0.707,0.183218,0,0.00846454,0.02706,0,0,0.789359,-10.4031,-0.128312,-0.59736,-1.42081,0.0465756,0.707
0.708,0.183218,0,0.00846454,0.02706,0,0,0.788773,-10.4045,-0.128245,-0.585822,-1.39375,0.0451367,0.708
0.709,0.183218,0,0.00846454,0.02706,0,0,0.788199,-10.4059,-0.128179,-0.574507,-1.36721,0.0437353,0.709
0.71,0.183218,0,0.00846454,0.02706,0,0,0.787636,-10.4073,-0.128116,-0.563411,-1.34117,0.0423703,0.71
0.711,0.183218,0,0.00846454,0.02706,0,0,0.787084,-10.4086,-0.128054,-0.552529,-1.31563,0.0410409,0.711
0.712,0.183218,0,0.00846454,0.02706,0,0,0.786543,-10.4099,-0.127994,-0.541858,-1.29058,0.0397462,0.712
0.713,0.183218,0,0.00846454,0.02706,0,0,0.786011,-10.4112,-0.127935,-0.531393,-1.266,0.0384855,0.713
0.714,0.183218,0,0.00846454,0.02706,0,0,0.78549,-10.4125,-0.127879,-0.52113,-1.24189,0.0372578,0.714
0.715,0.183218,0,0.00846454,0.02706,0,0,0.784979,-10.4137,-0.127824,-0.511066,-1.21824,0.0360624,0.715
0.716,0.183218,0,0.00846454,0.02706,0,0,0.784478,-10.4149,-0.12777,-0.501196,-1.19504,0.0348985,0.716
0.717,0.183218,0,0.00846454,0.02706,0,0,0.783986,-10.4161,-0.127718,-0.491517,-1.17228,0.0337653,0.717
0.718,0.183218,0,0.00846454,0.02706,0,0,0.783503,-10.4173,-0.127667,-0.482025,-1.14996,0.0326622,0.718
0.719,0.183218,0,0.00846454,0.02706,0,0,0.78303,-10.4184,-0.127618,-0.472716,-1.12806,0.0315883,0.719
0.72,0.183218,0,0.00846454,0.02706,0,0,0.782566,-10.4196,-0.12757,-0.463587,-1.10657,0.030543,0.72
0.721,0.183218,0,0.00846454,0.02706,0,0,0.782111,-10.4207,-0.127524,-0.454635,-1.0855,0.0295256,0.721
0.722,0.183218,0,0.00846454,0.02706,0,0,0.781665,-10.4218,-0.127479,-0.445856,-1.06483,0.0285354,0.722
0.723,0.183218,0,0.00846454,0.02706,0,0,0.781227,-10.4228,-0.127435,-0.437247,-1.04455,0.0275717,0.723
0.724,0.183218,0,0.00846454,0.02706,0,0,0.780797,-10.4239,-0.127392,-0.428804,-1.02465,0.0266339,0.724
0.725,0.183218,0,0.00846454,0.02706,0,0,0.780376,-10.4249,-0.127351,-0.420524,-1.00514,0.0257214,0.725
0.726,0.183218,0,0.00846454,0.02706,0,0,0.779962,-10.4259,-0.127311,-0.412404,-0.985995,0.0248335,0.726
0.727,0.183218,0,0.00846454,0.02706,0,0,0.779557,-10.4269,-0.127272,-0.404441,-0.967216,0.0239696,0.727
0.728,0.183218,0,0.00846454,0.02706,0,0,0.779159,-10.4279,-0.127234,-0.396632,-0.948795,0.0231292,0.728
0.729,0.183218,0,0.00846454,0.02706,0,0,0.778769,-10.4288,-0.127198,-0.388974,-0.930724,0.0223117,0.729
0.73,0.183218,0,0.00846454,0.02706,0,0,0.778387,-10.4297,-0.127162,-0.381464,-0.912998,0.0215164,0.73
0.731,0.183218,0,0.00846454,0.02706,0,0,0.778012,-10.4306,-0.127128,-0.374099,-0.895609,0.020743,0.731
0.732,0.183218,0,0.00846454,0.02706,0,0,0.777644,-10.4315,-0.127094,-0.366877,-0.878551,0.0199908,0.732
0.733,0.183218,0,0.00846454,0.02706,0,0,0.777283,-10.4324,-0.127062,-0.359794,-0.861818,0.0192593,0.733
0.734,0.183218,0,0.00846454,0.02706,0,0,0.776929,-10.4333,-0.12703,-0.352848,-0.845403,0.018548,0.734
0.735,0.183218,0,0.00846454,0.02706,0,0,0.776581,-10.4341,-0.127,-0.346036,-0.829301,0.0178564,0.735
0.736,0.183218,0,0.00846454,0.02706,0,0,0.776241,-10.435,-0.12697,-0.339356,-0.813506,0.017184,0.736
0.737,0.183218,0,0.00846454,0.02706,0,0,0.775906,-10.4358,-0.126942,-0.332804,-0.798012,0.0165304,0.737
0.738,0.183218,0,0.00846454,0.02706,0,0,0.775579,-10.4366,-0.126914,-0.32638,-0.782812,0.015895,0.738
0.739,0.183218,0,0.00846454,0.02706,0,0,0.775257,-10.4374,-0.126887,-0.320079,-0.767902,0.0152774,0.739
0.74,0.183218,0,0.00846454,0.02706,0,0,0.774942,-10.4381,-0.126861,-0.313901,-0.753276,0.0146773,0.74
0.741,0.183218,0,0.00846454,0.02706,0,0,0.774632,-10.4389,-0.126835,-0.307842,-0.738928,0.014094,0.741
0.742,0.183218,0,0.00846454,0.02706,0,0,0.774329,-10.4396,-0.126811,-0.301899,-0.724854,0.0135273,0.742
0.743,0.183218,0,0.00846454,0.02706,0,0,0.774031,-10.4403,-0.126787,-0.296072,-0.711047,0.0129767,0.743
0.744,0.183218,0,0.00846454,0.02706,0,0,0.77374,-10.441,-0.126764,-0.290357,-0.697504,0.0124418,0.744
0.745,0.183218,0,0.00846454,0.02706,0,0,0.773453,-10.4417,-0.126742,-0.284753,-0.684218,0.0119223,0.745
0.746,0.183218,0,0.00846454,0.02706,0,0,0.773172,-10.4424,-0.126721,-0.279257,-0.671186,0.0114176,0.746
0.747,0.183218,0,0.00846454,0.02706,0,0,0.772897,-10.4431,-0.1267,-0.273867,-0.658401,0.0109275,0.747
0.748,0.183218,0,0.00846454,0.02706,0,0,0.772627,-10.4438,-0.12668,-0.268581,-0.64586,0.0104516,0.748
0.749,0.183218,0,0.00846454,0.02706,0,0,0.772362,-10.4444,-0.12666,-0.263398,-0.633558,0.00998953,0.749
0.75,0.183218,0,0.00846454,0.02706,0,0,0.772102,-10.445,-0.126641,-0.258314,-0.62149,0.00954093,0.75
0.751,0.183218,0,0.00846454,0.02706,0,0,0.771847,-10.4457,-0.126623,-0.253329,-0.609652,0.00910547,0.751
0.752,0.183218,0,0.00846454,0.02706,0,0,0.771596,-10.4463,-0.126605,-0.24844,-0.59804,0.00868282,0.752
0.753,0.183218,0,0.00846454,0.02706,0,0,0.771351,-10.4469,-0.126588,-0.243646,-0.586648,0.00827265,0.753
0.754,0.183218,0,0.00846454,0.02706,0,0,0.77111,-10.4475,-0.126572,-0.238944,-0.575474,0.00787464,0.754
0.755,0.183218,0,0.00846454,0.02706,0,0,0.770874,-10.448,-0.126556,-0.234333,-0.564512,0.00748849,0.755
0.756,0.183218,0,0.00846454,0.02706,0,0,0.770643,-10.4486,-0.126541,-0.229811,-0.553759,0.00711388,0.756
0.757,0.183218,0,0.00846454,0.02706,0,0,0.770416,-10.4491,-0.126526,-0.225377,-0.543211,0.00675053,0.757
0.758,0.183218,0,0.00846454,0.02706,0,0,0.770193,-10.4497,-0.126512,-0.221028,-0.532863,0.00639815,0.758
0.759,0.183218,0,0.00846454,0.02706,0,0,0.769974,-10.4502,-0.126498,-0.216763,-0.522713,0.00605646,0.759
0.76,0.183218,0,0.00846454,0.02706,0,0,0.76976,-10.4507,-0.126485,-0.21258,-0.512756,0.00572517,0.76
0.761,0.183218,0,0.00846454,0.02706,0,0,0.76955,-10.4513,-0.126472,-0.208479,-0.502989,0.00540403,0.761
0.762,0.183218,0,0.00846454,0.02706,0,0,0.769344,-10.4518,-0.126459,-0.204456,-0.493408,0.00509277,0.762
0.763,0.183218,0,0.00846454,0.02706,0,0,0.769141,-10.4523,-0.126447,-0.200512,-0.484009,0.00479113,0.763
0.764,0.183218,0,0.00846454,0.02706,0,0,0.768943,-10.4527,-0.126436,-0.196643,-0.474789,0.00449887,0.764
0.765,0.183218,0,0.00846454,0.02706,0,0,0.768748,-10.4532,-0.126425,-0.192849,-0.465745,0.00421574,0.765
0.766,0.183218,0,0.00846454,0.02706,0,0,0.768557,-10.4537,-0.126414,-0.189129,-0.456873,0.0039415,0.766
0.767,0.183218,0,0.00846454,0.02706,0,0,0.76837,-10.4541,-0.126404,-0.18548,-0.44817,0.00367593,0.767
0.768,0.183218,0,0.00846454,0.02706,0,0,0.768186,-10.4546,-0.126394,-0.181902,-0.439633,0.00341879,0.768
0.769,0.183218,0,0.00846454,0.02706,0,0,0.768006,-10.455,-0.126385,-0.178393,-0.431258,0.00316986,0.769
0.77,0.183218,0,0.00846454,0.02706,0,0,0.767829,-10.4555,-0.126376,-0.174951,-0.423043,0.00292894,0.77
0.771,0.183218,0,0.00846454,0.02706,0,0,0.767656,-10.4559,-0.126367,-0.171577,-0.414985,0.0026958,0.771
0.772,0.183218,0,0.00846454,0.02706,0,0,0.767486,-10.4563,-0.126358,-0.168267,-0.40708,0.00247024,0.772
0.773,0.183218,0,0.00846454,0.02706,0,0,0.767319,-10.4567,-0.12635,-0.165021,-0.399325,0.00225206,0.773
0.774,0.183218,0,0.00846454,0.02706,0,0,0.767156,-10.4571,-0.126343,-0.161838,-0.391718,0.00204107,0.774
0.775,0.183218,0,0.00846454,0.02706,0,0,0.766995,-10.4575,-0.126335,-0.158716,-0.384256,0.00183708,0.775
0.776,0.183218,0,0.00846454,0.02706,0,0,0.766838,-10.4579,-0.126328,-0.155655,-0.376936,0.00163989,0.776
0.777,0.183218,0,0.00846454,0.02706,0,0,0.766683,-10.4582,-0.126321,-0.152653,-0.369756,0.00144933,0.777
0.778,0.183218,0,0.00846454,0.02706,0,0,0.766532,-10.4586,-0.126315,-0.149709,-0.362712,0.00126522,0.778
0.779,0.183218,0,0.00846454,0.02706,0,0,0.766383,-10.459,-0.126309,-0.146821,-0.355803,0.00108739,0.779
0.78,0.183218,0,0.00846454,0.02706,0,0,0.766237,-10.4593,-0.126303,-0.14399,-0.349025,0.000915663,0.78
0.781,0.183218,0,0.00846454,0.02706,0,0,0.766094,-10.4597,-0.126297,-0.141213,-0.342376,0.000749879,0.781
0.782,0.183218,0,0.00846454,0.02706,0,0,0.765954,-10.46,-0.126292,-0.138489,-0.335854,0.000589876,0.782
0.783,0.183218,0,0.00846454,0.02706,0,0,0.765817,-10.4604,-0.126286,-0.135819,-0.329456,0.000435498,0.783
0.784,0.183218,0,0.00846454,0.02706,0,0,0.765682,-10.4607,-0.126282,-0.1332,-0.32318,0.000286592,0.784
0.785,0.183218,0,0.00846454,0.02706,0,0,0.765549,-10.461,-0.126277,-0.130631,-0.317023,0.000143007,0.785
0.786,0.183218,0,0.00846454,0.02706,0,0,0.76542,-10.4613,-0.126272,-0.128112,-0.310984,4.59996e-06,0.786
0.787,0.183218,0,0.00846454,0.02706,0,0,0.765292,-10.4616,-0.126268,-0.125642,-0.30506,-0.000128773,0.787
0.788,0.183218,0,0.00846454,0.02706,0,0,0.765167,-10.4619,-0.126264,-0.123219,-0.299248,-0.00025725,0.788
0.789,0.183218,0,0.00846454,0.02706,0,0,0.765045,-10.4622,-0.12626,-0.120843,-0.293548,-0.000380965,0.789
0.79,0.183218,0,0.00846454,0.02706,0,0,0.764925,-10.4625,-0.126257,-0.118513,-0.287955,-0.000500052,0.79
0.791,0.183218,0,0.00846454,0.02706,0,0,0.764807,-10.4628,-0.126253,-0.116228,-0.28247,-0.000614638,0.791
0.792,0.183218,0,0.00846454,0.02706,0,0,0.764691,-10.4631,-0.12625,-0.113987,-0.277089,-0.00072485,0.792
0.793,0.183218,0,0.00846454,0.02706,0,0,0.764578,-10.4634,-0.126247,-0.111789,-0.27181,-0.000830808,0.793
0.794,0.183218,0,0.00846454,0.02706,0,0,0.764466,-10.4637,-0.126244,-0.109634,-0.266632,-0.000932633,0.794
0.795,0.183218,0,0.00846454,0.02706,0,0,0.764357,-10.4639,-0.126242,-0.107521,-0.261553,-0.00103044,0.795
0.796,0.183218,0,0.00846454,0.02706,0,0,0.76425,-10.4642,-0.126239,-0.105448,-0.25657,-0.00112435,0.796
0.797,0.183218,0,0.00846454,0.02706,0,0,0.764145,-10.4644,-0.126237,-0.103415,-0.251682,-0.00121446,0.797
0.798,0.183218,0,0.00846454,0.02706,0,0,0.764042,-10.4647,-0.126235,-0.101421,-0.246888,-0.00130088,0.798
0.799,0.183218,0,0.00846454,0.02706,0,0,0.763941,-10.4649,-0.126233,-0.0994663,-0.242184,-0.00138373,0.799
0,0.183218,0,0.00846454,0.02706,0,0,0.763842,-10.4652,-0.126231,-0.0975489,-0.237571,-0.0014631,0.8
