/var/spool/sge/node189/job_scripts/1256492 - Theta X range: list; Theta Y range: list
explicitDataBinaryFileN.bin: L:50 R:52 U:53 D:54 Z+:58 Z-:57
Fri Sep 11 11:39:04 BST 2015
54,1,0.000000,16,25,0.052227,14.374385,24.286293
50,2,7.000000,16,25,0.458577,14.374385,24.286293
58,3,0.000000,16,25,0.034345,14.374385,24.286293
54,1,-10.000000,32,38,0.956402,31.127747,37.449994
52,2,-14.000000,32,38,2.006811,31.127747,37.449994
57,3,0.000000,32,38,0.150181,31.127747,37.449994
54,1,-10.000000,20,40,0.924006,18.754147,39.026562
50,2,18.000000,20,40,1.675830,18.754147,39.026562
57,3,0.000000,20,40,0.181571,18.754147,39.026562
54,1,-10.000000,27,31,0.739678,26.088073,30.600706
52,2,-1.000000,27,31,0.199133,26.088073,30.600706
57,3,0.000000,27,31,0.170641,26.088073,30.600706
54,1,-10.000000,21,37,0.826058,19.611931,36.004891
50,2,13.000000,21,37,0.832970,19.611931,36.004891
57,3,0.000000,21,37,0.177439,19.611931,36.004891
54,1,-10.000000,21,37,0.812413,19.801926,35.743433
50,2,12.000000,21,37,0.757634,19.801926,35.743433
57,3,0.000000,21,37,0.170984,19.801926,35.743433
54,1,-10.000000,20,39,0.883322,19.042288,37.774263
50,2,16.000000,20,39,1.149126,19.042288,37.774263
57,3,0.000000,20,39,0.184921,19.042288,37.774263
54,1,-10.000000,20,39,0.920371,18.866956,38.361327
50,2,17.000000,20,39,1.409648,18.866956,38.361327
57,3,0.000000,20,39,0.186736,18.866956,38.361327
54,1,-10.000000,20,40,0.963934,18.802185,39.517524
50,2,19.000000,20,40,2.047488,18.802185,39.517524
57,3,0.000000,20,40,0.194960,18.802185,39.517524
54,1,-10.000000,31,36,0.863637,30.366622,35.527255
52,2,-11.000000,31,36,1.008367,30.366622,35.527255
57,3,0.000000,31,36,0.153487,30.366622,35.527255
54,1,-10.000000,32,39,1.012662,31.359077,38.527066
52,2,-16.000000,32,39,3.005877,31.359077,38.527066
57,3,0.000000,32,39,0.149321,31.359077,38.527066
54,1,-10.000000,20,38,0.840234,19.276804,36.812844
50,2,14.000000,20,38,0.911448,19.276804,36.812844
57,3,0.000000,20,38,0.176854,19.276804,36.812844
54,1,-10.000000,32,39,0.975005,31.202035,37.791500
52,2,-15.000000,32,39,2.478119,31.202035,37.791500
57,3,0.000000,32,39,0.148199,31.202035,37.791500
54,1,-10.000000,21,35,0.792737,20.294867,34.388738
50,2,10.000000,21,35,0.607233,20.294867,34.388738
57,3,0.000000,21,35,0.173678,20.294867,34.388738
54,1,-10.000000,32,41,1.313520,31.580351,40.203244
52,2,-19.000000,32,41,19.147774,31.580351,40.203244
57,3,0.000000,32,41,0.162989,31.580351,40.203244
54,1,-10.000000,25,32,0.726934,24.040169,30.639231
50,2,2.000000,25,32,0.095161,24.040169,30.639231
57,3,0.000000,25,32,0.162857,24.040169,30.639231
54,1,-10.000000,29,33,0.768155,28.234764,32.142283
52,2,-5.000000,29,33,0.477816,28.234764,32.142283
57,3,0.000000,29,33,0.165661,28.234764,32.142283
54,1,-10.000000,32,40,1.058597,31.537777,39.141253
52,2,-17.000000,32,40,4.092881,31.537777,39.141253
57,3,0.000000,32,40,0.155399,31.537777,39.141253
54,1,-10.000000,29,32,0.748975,27.862675,31.665893
52,2,-4.000000,29,32,0.399440,27.862675,31.665893
57,3,0.000000,29,32,0.154557,27.862675,31.665893
54,1,-10.000000,31,35,0.822800,29.911044,34.206311
52,2,-9.000000,31,35,0.802944,29.911044,34.206311
57,3,0.000000,31,35,0.154809,29.911044,34.206311
54,1,-10.000000,28,32,0.756983,26.763008,30.849822
52,2,-2.000000,28,32,0.265041,26.763008,30.849822
57,3,0.000000,28,32,0.161253,26.763008,30.849822
54,1,-10.000000,30,34,0.813520,29.560621,33.710138
52,2,-8.000000,30,34,0.716357,29.560621,33.710138
57,3,0.000000,30,34,0.157782,29.560621,33.710138
54,1,-10.000000,22,34,0.760084,20.969483,33.294304
50,2,8.000000,22,34,0.480667,20.969483,33.294304
57,3,0.000000,22,34,0.165713,20.969483,33.294304
54,1,-10.000000,28,32,0.761068,27.347909,31.235985
52,2,-3.000000,28,32,0.328942,27.347909,31.235985
57,3,0.000000,28,32,0.158918,27.347909,31.235985
54,1,-10.000000,33,41,1.462344,31.708654,40.917069
52,2,-20.000000,33,41,141.749224,31.708654,40.917069
57,3,0.000000,33,41,0.181309,31.708654,40.917069
54,1,-10.000000,23,33,0.744939,21.951412,32.008547
50,2,6.000000,23,33,0.339251,21.951412,32.008547
57,3,0.000000,23,33,0.165044,21.951412,32.008547
54,1,-11.000000,31,36,0.946658,29.737253,35.372576
52,2,-10.000000,31,36,0.931968,29.737253,35.372576
57,3,0.000000,31,36,0.161786,29.737253,35.372576
54,1,-10.000000,20,41,1.008996,18.735571,40.057361
50,2,20.000000,20,41,2.441651,18.735571,40.057361
57,3,0.000000,20,41,0.205836,18.735571,40.057361
54,1,-10.000000,22,34,0.773938,20.636328,33.626201
50,2,9.000000,22,34,0.535602,20.636328,33.626201
57,3,0.000000,22,34,0.167032,20.636328,33.626201
54,1,-10.000000,23,32,0.733293,22.306280,31.650262
50,2,5.000000,23,32,0.278756,22.306280,31.650262
57,3,0.000000,23,32,0.160481,22.306280,31.650262
54,1,-11.000000,32,38,1.098636,30.786648,37.462830
52,2,-14.000000,32,38,2.102399,30.786648,37.462830
57,3,0.000000,32,38,0.159999,30.786648,37.462830
53,1,10.000000,38,41,1.493229,37.282822,40.250011
52,2,-20.000000,38,41,103.732036,37.282822,40.250011
58,3,0.000000,38,41,0.174570,37.282822,40.250011
54,1,-11.000000,21,38,0.952325,19.744135,37.094301
50,2,14.000000,21,38,0.919122,19.744135,37.094301
57,3,0.000000,21,38,0.197919,19.744135,37.094301
54,1,-11.000000,31,37,0.999690,30.370042,36.823514
52,2,-12.000000,31,37,1.306426,30.370042,36.823514
57,3,0.000000,31,37,0.172755,30.370042,36.823514
54,1,-11.000000,20,40,1.014582,18.994020,39.316637
50,2,17.000000,20,40,1.390844,18.994020,39.316637
57,3,0.000000,20,40,0.206221,18.994020,39.316637
54,1,-10.000000,23,33,0.746803,21.436645,32.527073
50,2,7.000000,23,33,0.405710,21.436645,32.527073
57,3,0.000000,23,33,0.162509,21.436645,32.527073
54,1,-11.000000,20,40,1.043448,19.094687,39.717590
50,2,18.000000,20,40,1.677405,19.094687,39.717590
57,3,0.000000,20,40,0.217399,19.094687,39.717590
54,1,-11.000000,20,38,0.981766,19.418598,37.431969
50,2,15.000000,20,38,1.009670,19.418598,37.431969
57,3,0.000000,20,38,0.210734,19.418598,37.431969
54,1,-11.000000,32,40,1.382005,31.095248,39.817215
52,2,-17.000000,32,40,5.141113,31.095248,39.817215
57,3,0.000000,32,40,0.166092,31.095248,39.817215
54,1,-11.000000,27,33,0.821763,25.928121,31.653215
52,2,-1.000000,27,33,0.204952,25.928121,31.653215
57,3,0.000000,27,33,0.170980,25.928121,31.653215
54,1,-11.000000,22,36,0.869447,20.636587,34.915529
50,2,10.000000,22,36,0.612297,20.636587,34.915529
57,3,0.000000,22,36,0.177794,20.636587,34.915529
54,1,-11.000000,32,41,1.591908,31.152584,40.204263
52,2,-18.000000,32,41,11.272136,31.152584,40.204263
57,3,0.000000,32,41,0.175717,31.152584,40.204263
54,1,-11.000000,21,36,0.882152,20.376201,35.323118
50,2,11.000000,21,36,0.676269,20.376201,35.323118
57,3,0.000000,21,36,0.186930,20.376201,35.323118
54,1,-11.000000,28,33,0.833619,27.214925,32.221050
52,2,-3.000000,28,33,0.342542,27.214925,32.221050
57,3,0.000000,28,33,0.166289,27.214925,32.221050
54,1,-11.000000,25,33,0.815385,24.160099,31.758743
50,2,2.000000,25,33,0.084870,24.160099,31.758743
57,3,0.000000,25,33,0.185089,24.160099,31.758743
54,1,-11.000000,21,37,0.911630,19.929201,36.702041
50,2,13.000000,21,37,0.843272,19.929201,36.702041
57,3,0.000000,21,37,0.186491,19.929201,36.702041
54,1,-11.000000,23,34,0.828181,22.120789,33.065897
50,2,6.000000,23,34,0.337808,22.120789,33.065897
57,3,0.000000,23,34,0.177648,22.120789,33.065897
54,1,-11.000000,23,34,0.838104,21.716167,33.583230
50,2,7.000000,23,34,0.401279,21.716167,33.583230
57,3,0.000000,23,34,0.182436,21.716167,33.583230
54,1,-12.000000,21,38,1.069056,19.981357,37.594051
50,2,14.000000,21,38,0.929029,19.981357,37.594051
57,3,0.000000,21,38,0.209408,19.981357,37.594051
54,1,-11.000000,22,35,0.859447,21.016686,34.410097
50,2,9.000000,22,35,0.541434,21.016686,34.410097
57,3,0.000000,22,35,0.191564,21.016686,34.410097
54,1,-12.000000,20,39,1.138863,19.469645,38.251032
50,2,16.000000,20,39,1.203488,19.469645,38.251032
57,3,0.000000,20,39,0.211974,19.469645,38.251032
54,1,-12.000000,22,36,0.953504,21.323066,35.115581
50,2,9.000000,22,36,0.540683,21.323066,35.115581
57,3,0.000000,22,36,0.196856,21.323066,35.115581
54,1,-12.000000,20,40,1.197668,19.215525,39.466885
50,2,17.000000,20,40,1.423999,19.215525,39.466885
57,3,0.000000,20,40,0.219320,19.215525,39.466885
54,1,-12.000000,28,34,0.930549,26.960506,33.087455
52,2,-3.000000,28,34,0.359114,26.960506,33.087455
57,3,0.000000,28,34,0.175511,26.960506,33.087455
54,1,-12.000000,21,39,1.062235,19.865922,37.956548
50,2,15.000000,21,39,1.017752,19.865922,37.956548
57,3,0.000000,21,39,0.205576,19.865922,37.956548
54,1,-11.000000,24,33,0.805795,23.110992,32.091453
50,2,4.000000,24,33,0.204216,23.110992,32.091453
57,3,0.000000,24,33,0.168773,23.110992,32.091453
54,1,-12.000000,21,38,1.013062,20.265833,36.672994
50,2,13.000000,21,38,0.848885,20.265833,36.672994
57,3,0.000000,21,38,0.198480,20.265833,36.672994
54,1,-12.000000,20,41,1.251449,19.194768,40.300293
50,2,18.000000,20,41,1.692541,19.194768,40.300293
57,3,0.000000,20,41,0.224417,19.194768,40.300293
54,1,-11.000000,22,35,0.847523,21.313260,34.136515
50,2,8.000000,22,35,0.459797,21.313260,34.136515
57,3,0.000000,22,35,0.183234,21.313260,34.136515
54,1,-11.000000,24,33,0.816192,22.488384,32.584190
50,2,5.000000,24,33,0.277259,22.488384,32.584190
57,3,0.000000,24,33,0.177331,22.488384,32.584190
54,1,-13.000000,30,37,1.242835,28.970105,36.148302
52,2,-9.000000,30,37,0.896764,28.970105,36.148302
57,3,0.000000,30,37,0.184191,28.970105,36.148302
54,1,-12.000000,24,34,0.894413,23.217668,33.101323
50,2,4.000000,24,34,0.200073,23.217668,33.101323
57,3,0.000000,24,34,0.195926,23.217668,33.101323
53,1,14.000000,11,38,1.364914,9.478061,36.818771
50,2,11.000000,11,38,0.676937,9.478061,36.818771
58,3,0.000000,11,38,0.228919,9.478061,36.818771
54,1,-12.000000,24,35,0.910263,22.855696,33.668213
50,2,5.000000,24,35,0.258617,22.855696,33.668213
57,3,0.000000,24,35,0.203272,22.855696,33.668213
53,1,15.000000,42,38,2.167869,40.453704,36.749613
52,2,-10.000000,42,38,1.103358,40.453704,36.749613
58,3,0.000000,42,38,0.209852,40.453704,36.749613
53,1,15.000000,10,38,1.661905,9.034183,36.808879
50,2,10.000000,10,38,0.611941,9.034183,36.808879
58,3,0.000000,10,38,0.239007,9.034183,36.808879
53,1,15.000000,41,38,2.512779,39.849110,37.402435
52,2,-12.000000,41,38,1.827910,39.849110,37.402435
58,3,0.000000,41,38,0.213032,39.849110,37.402435
53,1,15.000000,43,37,1.810444,41.886901,35.934522
52,2,-7.000000,43,37,0.751481,41.886901,35.934522
58,3,0.000000,43,37,0.212686,41.886901,35.934522
53,1,14.000000,40,41,3.187896,38.873539,40.332416
52,2,-17.000000,40,41,8.409632,38.873539,40.332416
58,3,0.000000,40,41,0.206368,38.873539,40.332416
53,1,15.000000,40,40,2.997932,39.974394,40.448625
52,2,-15.000000,40,40,3.509478,39.974394,40.448625
58,3,0.000000,40,40,0.206506,39.974394,40.448625
53,1,15.000000,40,40,2.843340,40.138907,39.572030
52,2,-14.000000,40,40,2.857945,40.138907,39.572030
58,3,0.000000,40,40,0.207407,40.138907,39.572030
53,1,14.000000,12,39,1.691234,10.040287,39.282633
50,2,15.000000,12,39,1.032857,10.040287,39.282633
58,3,0.000000,12,39,0.236405,10.040287,39.282633
54,1,-16.000000,30,40,3.028404,29.494169,39.948156
52,2,-12.000000,30,40,2.000594,29.494169,39.948156
57,3,0.000000,30,40,0.228689,29.494169,39.948156
53,1,15.000000,44,36,1.589029,43.161616,35.158083
52,2,-4.000000,44,36,0.483864,43.161616,35.158083
58,3,0.000000,44,36,0.217336,43.161616,35.158083
54,1,-16.000000,30,39,2.667300,28.784376,37.907693
52,2,-10.000000,30,39,1.272594,28.784376,37.907693
57,3,0.000000,30,39,0.240715,28.784376,37.907693
54,1,-17.000000,27,38,2.341901,25.986405,36.775167
52,2,-2.000000,27,38,0.387961,25.986405,36.775167
57,3,0.000000,27,38,0.264265,25.986405,36.775167
53,1,14.000000,12,40,1.750923,10.131858,40.052320
50,2,16.000000,12,40,1.200922,10.131858,40.052320
58,3,0.000000,12,40,0.250239,10.131858,40.052320
54,1,-16.000000,29,39,2.543651,28.307173,37.613619
52,2,-9.000000,29,39,1.018709,28.307173,37.613619
57,3,0.000000,29,39,0.239013,28.307173,37.613619
53,1,17.000000,41,40,4.297959,40.346106,39.799940
52,2,-13.000000,41,40,2.677333,40.346106,39.799940
58,3,0.000000,41,40,0.244606,40.346106,39.799940
53,1,15.000000,42,37,1.905855,41.687572,36.542683
52,2,-8.000000,42,37,0.852890,41.687572,36.542683
58,3,0.000000,42,37,0.212468,41.687572,36.542683
54,1,-16.000000,28,38,2.208448,27.459814,36.920280
52,2,-6.000000,28,38,0.716036,27.459814,36.920280
57,3,0.000000,28,38,0.239963,27.459814,36.920280
54,1,-16.000000,23,39,2.090639,22.232378,37.367026
50,2,9.000000,23,39,0.535889,22.232378,37.367026
57,3,0.000000,23,39,0.263929,22.232378,37.367026
53,1,15.000000,42,38,2.047113,41.123867,36.765913
52,2,-9.000000,42,38,0.966490,41.123867,36.765913
58,3,0.000000,42,38,0.212616,41.123867,36.765913
53,1,19.000000,42,41,7.160600,41.212446,40.140003
52,2,-11.000000,42,41,2.038252,41.212446,40.140003
58,3,0.000000,42,41,0.269819,41.212446,40.140003
53,1,18.000000,9,39,2.871719,8.529499,37.535985
50,2,8.000000,9,39,0.452076,8.529499,37.535985
58,3,0.000000,9,39,0.293772,8.529499,37.535985
54,1,-18.000000,25,38,2.582104,24.463912,37.350622
50,2,2.000000,25,38,0.004481,24.463912,37.350622
57,3,0.000000,25,38,0.299532,24.463912,37.350622
53,1,18.000000,10,39,2.977631,8.485417,37.900751
50,2,9.000000,10,39,0.562020,8.485417,37.900751
58,3,0.000000,10,39,0.303378,8.485417,37.900751
53,1,1.000000,16,39,0.138425,15.248639,38.375792
50,2,20.000000,16,39,2.233182,15.248639,38.375792
58,3,0.000000,16,39,0.076972,15.248639,38.375792
54,1,-2.000000,17,33,0.176537,16.047376,31.850888
50,2,12.000000,17,33,0.767651,16.047376,31.850888
57,3,0.000000,17,33,0.072296,16.047376,31.850888
54,1,-2.000000,18,30,0.172891,16.169801,29.612694
50,2,10.000000,18,30,0.622514,16.169801,29.612694
57,3,0.000000,18,30,0.071799,16.169801,29.612694
54,1,-21.000000,26,40,4.264230,25.529524,39.042036
52,2,-1.000000,26,40,0.424389,25.529524,39.042036
57,3,0.000000,26,40,0.371703,25.529524,39.042036
54,1,-19.000000,29,40,4.000121,27.829654,39.353695
52,2,-8.000000,29,40,1.051434,27.829654,39.353695
57,3,0.000000,29,40,0.286339,27.829654,39.353695
54,1,-2.000000,35,40,0.243598,33.961024,39.657689
52,2,-21.000000,35,40,13.305909,33.961024,39.657689
57,3,0.000000,35,40,0.080081,33.961024,39.657689
54,1,-2.000000,35,40,0.235915,33.962880,38.961660
52,2,-20.000000,35,40,6.963436,33.962880,38.961660
57,3,0.000000,35,40,0.073981,33.962880,38.961660
54,1,-1.000000,35,30,0.118436,34.645312,29.484785
52,2,-9.000000,35,30,0.654487,34.645312,29.484785
57,3,0.000000,35,30,0.063945,34.645312,29.484785
54,1,-2.000000,18,26,0.169291,16.456273,25.067781
50,2,7.000000,18,26,0.436227,16.456273,25.067781
57,3,0.000000,18,26,0.071301,16.456273,25.067781
54,1,-3.000000,34,35,0.276617,33.673618,34.134627
52,2,-13.000000,34,35,1.031012,33.673618,34.134627
57,3,0.000000,34,35,0.080798,33.673618,34.134627
54,1,-2.000000,35,41,0.279964,33.881414,39.870621
52,2,-22.000000,35,41,64.499189,33.881414,39.870621
57,3,0.000000,35,41,0.083914,33.881414,39.870621
54,1,-3.000000,34,34,0.273932,33.682166,33.462850
52,2,-12.000000,34,34,0.937355,33.682166,33.462850
57,3,0.000000,34,34,0.079870,33.682166,33.462850
54,1,-3.000000,34,38,0.304557,33.664210,37.302051
52,2,-17.000000,34,38,2.565175,33.664210,37.302051
57,3,0.000000,34,38,0.081358,33.664210,37.302051
54,1,-3.000000,18,36,0.265956,16.648789,35.683537
50,2,16.000000,18,36,1.062852,16.648789,35.683537
57,3,0.000000,18,36,0.082308,16.648789,35.683537
54,1,-3.000000,18,32,0.256072,16.697668,30.993643
50,2,11.000000,18,32,0.690968,16.697668,30.993643
57,3,0.000000,18,32,0.080814,16.697668,30.993643
54,1,-3.000000,34,39,0.320958,33.595207,38.167904
52,2,-19.000000,34,39,4.757448,33.595207,38.167904
57,3,0.000000,34,39,0.082358,33.595207,38.167904
54,1,-3.000000,18,39,0.295585,16.624754,38.406790
50,2,20.000000,18,39,2.211399,16.624754,38.406790
57,3,0.000000,18,39,0.094338,16.624754,38.406790
54,1,-3.000000,18,39,0.286739,16.531337,37.972302
50,2,19.000000,18,39,1.876086,16.531337,37.972302
57,3,0.000000,18,39,0.096431,16.531337,37.972302
54,1,-3.000000,35,40,0.329833,33.637362,38.838203
52,2,-20.000000,35,40,8.138844,33.637362,38.838203
57,3,0.000000,35,40,0.084039,33.637362,38.838203
54,1,-3.000000,18,35,0.263717,16.415229,34.290971
50,2,14.000000,18,35,0.893660,16.415229,34.290971
57,3,0.000000,18,35,0.085657,16.415229,34.290971
54,1,-3.000000,33,28,0.237552,32.953884,27.426445
52,2,-7.000000,33,28,0.526270,32.953884,27.426445
57,3,0.000000,33,28,0.077734,32.953884,27.426445
54,1,-3.000000,18,38,0.286264,16.547980,37.308668
50,2,18.000000,18,38,1.569948,16.547980,37.308668
57,3,0.000000,18,38,0.086144,16.547980,37.308668
54,1,-3.000000,20,25,0.230652,17.966932,24.204745
50,2,6.000000,20,25,0.376733,17.966932,24.204745
57,3,0.000000,20,25,0.080211,17.966932,24.204745
54,1,-3.000000,34,30,0.252334,33.264267,28.883438
52,2,-8.000000,34,30,0.597593,33.264267,28.883438
57,3,0.000000,34,30,0.070260,33.264267,28.883438
54,1,-3.000000,33,27,0.239528,32.606232,25.980538
52,2,-6.000000,33,27,0.460534,32.606232,25.980538
57,3,0.000000,33,27,0.077322,32.606232,25.980538
54,1,-3.000000,18,40,0.300595,16.534826,38.895167
50,2,21.000000,18,40,2.663454,16.534826,38.895167
57,3,0.000000,18,40,0.098068,16.534826,38.895167
54,1,-3.000000,18,37,0.270792,16.572671,36.542230
50,2,17.000000,18,37,1.311196,16.572671,36.542230
57,3,0.000000,18,37,0.086019,16.572671,36.542230
54,1,-3.000000,35,40,0.375646,33.614743,39.348709
52,2,-21.000000,35,40,20.949970,33.614743,39.348709
57,3,0.000000,35,40,0.088049,33.614743,39.348709
54,1,-4.000000,34,37,0.377513,33.105486,35.733707
52,2,-15.000000,34,37,1.777188,33.105486,35.733707
57,3,0.000000,34,37,0.090803,33.105486,35.733707
54,1,-4.000000,19,33,0.321257,17.192141,32.730497
50,2,12.000000,19,33,0.760302,17.192141,32.730497
57,3,0.000000,19,33,0.094011,17.192141,32.730497
54,1,-4.000000,34,33,0.331782,33.025784,32.689814
52,2,-11.000000,34,33,0.864815,33.025784,32.689814
57,3,0.000000,34,33,0.090737,33.025784,32.689814
54,1,-4.000000,34,37,0.389116,33.251699,36.662795
52,2,-16.000000,34,37,2.200958,33.251699,36.662795
57,3,0.000000,34,37,0.095397,33.251699,36.662795
54,1,-4.000000,34,39,0.430139,33.367250,38.170248
52,2,-18.000000,34,39,3.430793,33.367250,38.170248
57,3,0.000000,34,39,0.089919,33.367250,38.170248
54,1,-4.000000,19,32,0.314604,17.158714,31.651556
50,2,11.000000,19,32,0.685144,17.158714,31.651556
57,3,0.000000,19,32,0.089034,17.158714,31.651556
54,1,-4.000000,18,38,0.366075,16.741613,37.538927
50,2,18.000000,18,38,1.596790,16.741613,37.538927
57,3,0.000000,18,38,0.096024,16.741613,37.538927
54,1,-3.000000,19,27,0.236034,17.453600,25.753008
50,2,7.000000,19,27,0.434221,17.453600,25.753008
57,3,0.000000,19,27,0.080850,17.453600,25.753008
54,1,-4.000000,32,26,0.311480,31.313213,25.134053
52,2,-5.000000,32,26,0.398872,31.313213,25.134053
57,3,0.000000,32,26,0.084211,31.313213,25.134053
54,1,-4.000000,34,39,0.431294,33.345941,38.686188
52,2,-19.000000,34,39,5.749027,33.345941,38.686188
57,3,0.000000,34,39,0.093189,33.345941,38.686188
54,1,-4.000000,18,40,0.406334,16.888283,39.131641
50,2,21.000000,18,40,2.730206,16.888283,39.131641
57,3,0.000000,18,40,0.111038,16.888283,39.131641
54,1,-3.000000,35,41,0.400814,33.734761,39.868321
52,2,-22.000000,35,41,340.995764,33.734761,39.868321
57,3,0.000000,35,41,0.089951,33.734761,39.868321
54,1,-4.000000,34,41,0.506468,33.321572,39.996370
52,2,-22.000000,34,41,319.630141,33.321572,39.996370
57,3,0.000000,34,41,0.099610,33.321572,39.996370
54,1,-4.000000,33,32,0.337565,32.998438,31.549122
52,2,-10.000000,33,32,0.775697,32.998438,31.549122
57,3,0.000000,33,32,0.089039,32.998438,31.549122
54,1,-4.000000,18,34,0.332114,17.136175,33.548999
50,2,13.000000,18,34,0.827886,17.136175,33.548999
57,3,0.000000,18,34,0.091800,17.136175,33.548999
54,1,-4.000000,18,37,0.352989,17.116798,35.741439
50,2,16.000000,18,37,1.079730,17.116798,35.741439
57,3,0.000000,18,37,0.095469,17.116798,35.741439
54,1,-4.000000,21,25,0.303515,19.498659,23.687219
50,2,5.000000,21,25,0.310612,19.498659,23.687219
57,3,0.000000,21,25,0.090541,19.498659,23.687219
54,1,-5.000000,19,33,0.383677,17.871028,32.057520
50,2,11.000000,19,33,0.691137,17.871028,32.057520
57,3,0.000000,19,33,0.100249,17.871028,32.057520
54,1,-4.000000,34,40,0.458132,33.388910,39.162013
52,2,-20.000000,34,40,10.069807,33.388910,39.162013
57,3,0.000000,34,40,0.094516,33.388910,39.162013
54,1,-4.000000,18,35,0.329280,17.022902,34.421013
50,2,14.000000,18,35,0.902950,17.022902,34.421013
57,3,0.000000,18,35,0.090971,17.022902,34.421013
54,1,-5.000000,33,35,0.430987,32.624006,33.989869
52,2,-12.000000,33,35,0.983856,32.624006,33.989869
57,3,0.000000,33,35,0.102978,32.624006,33.989869
54,1,-5.000000,34,35,0.439848,32.772066,34.687756
52,2,-13.000000,34,35,1.144516,32.772066,34.687756
57,3,0.000000,34,35,0.097720,32.772066,34.687756
54,1,-5.000000,34,36,0.444831,32.870274,35.508409
52,2,-14.000000,34,36,1.450165,32.870274,35.508409
57,3,0.000000,34,36,0.098051,32.870274,35.508409
54,1,-5.000000,19,34,0.396596,17.906894,32.969848
50,2,12.000000,19,34,0.750008,17.906894,32.969848
57,3,0.000000,19,34,0.107582,17.906894,32.969848
54,1,-5.000000,19,35,0.413522,17.562516,34.048135
50,2,13.000000,19,35,0.835514,17.562516,34.048135
57,3,0.000000,19,35,0.112426,17.562516,34.048135
54,1,-5.000000,18,38,0.456160,17.349193,37.381611
50,2,18.000000,18,38,1.584590,17.349193,37.381611
57,3,0.000000,18,38,0.111302,17.349193,37.381611
54,1,-5.000000,34,37,0.456031,32.833717,36.024470
52,2,-15.000000,34,37,1.826236,32.833717,36.024470
57,3,0.000000,34,37,0.097776,32.833717,36.024470
54,1,-5.000000,18,37,0.421271,17.371618,36.032878
50,2,16.000000,18,37,1.060893,17.371618,36.032878
57,3,0.000000,18,37,0.107009,17.371618,36.032878
54,1,-5.000000,34,41,0.582495,33.097710,39.935840
52,2,-21.000000,34,41,27.685176,33.097710,39.935840
57,3,0.000000,34,41,0.103392,33.097710,39.935840
54,1,-5.000000,34,39,0.542006,33.123076,38.574004
52,2,-19.000000,34,39,6.643471,33.123076,38.574004
57,3,0.000000,34,39,0.103007,33.123076,38.574004
54,1,-5.000000,18,38,0.434727,17.315532,36.970071
50,2,17.000000,18,38,1.324213,17.315532,36.970071
57,3,0.000000,18,38,0.113643,17.315532,36.970071
54,1,-5.000000,18,39,0.476448,17.151799,38.725965
50,2,20.000000,18,39,2.271977,17.151799,38.725965
57,3,0.000000,18,39,0.115751,17.151799,38.725965
54,1,-5.000000,22,26,0.368397,20.444692,25.227243
50,2,5.000000,22,26,0.305543,20.444692,25.227243
57,3,0.000000,22,26,0.099096,20.444692,25.227243
54,1,-5.000000,19,36,0.416411,17.423178,35.279634
50,2,15.000000,19,36,0.980027,17.423178,35.279634
57,3,0.000000,19,36,0.109353,17.423178,35.279634
53,1,6.000000,39,34,0.510497,38.140061,32.926890
52,2,-11.000000,39,34,0.908660,38.140061,32.926890
58,3,0.000000,39,34,0.112816,38.140061,32.926890
54,1,-6.000000,27,26,0.432219,25.635684,24.506681
52,2,0.000000,27,26,0.094009,25.635684,24.506681
57,3,0.000000,27,26,0.116794,25.635684,24.506681
54,1,-6.000000,32,33,0.486911,31.686889,32.372952
52,2,-10.000000,32,33,0.810412,31.686889,32.372952
57,3,0.000000,32,33,0.113175,31.686889,32.372952
54,1,-5.000000,20,31,0.379978,18.294609,29.797274
50,2,9.000000,20,31,0.560630,18.294609,29.797274
57,3,0.000000,20,31,0.103009,18.294609,29.797274
53,1,5.000000,37,40,0.626655,35.968317,39.633489
52,2,-21.000000,37,40,34.911749,35.968317,39.633489
58,3,0.000000,37,40,0.104700,35.968317,39.633489
54,1,-5.000000,33,32,0.401761,32.120207,31.107842
52,2,-9.000000,33,32,0.715571,32.120207,31.107842
57,3,0.000000,33,32,0.099191,32.120207,31.107842
53,1,6.000000,38,38,0.574667,37.055928,36.864016
52,2,-16.000000,38,38,2.399196,37.055928,36.864016
58,3,0.000000,38,38,0.108866,37.055928,36.864016
54,1,-5.000000,32,31,0.389087,31.929683,29.925596
52,2,-8.000000,32,31,0.635387,31.929683,29.925596
57,3,0.000000,32,31,0.097591,31.929683,29.925596
54,1,-6.000000,33,34,0.497429,32.033081,33.358092
52,2,-11.000000,33,34,0.910629,32.033081,33.358092
57,3,0.000000,33,34,0.108863,32.033081,33.358092
54,1,-6.000000,33,38,0.573693,32.644477,37.315200
52,2,-16.000000,33,38,2.454116,32.644477,37.315200
57,3,0.000000,33,38,0.112105,32.644477,37.315200
54,1,-5.000000,30,26,0.375506,29.768516,25.081093
52,2,-4.000000,30,26,0.332797,29.768516,25.081093
57,3,0.000000,30,26,0.099560,29.768516,25.081093
54,1,-6.000000,34,38,0.593164,32.667935,37.584218
52,2,-17.000000,34,38,2.959468,32.667935,37.584218
57,3,0.000000,34,38,0.108628,32.667935,37.584218
54,1,-6.000000,19,40,0.585215,17.536076,39.390093
50,2,21.000000,19,40,2.645171,17.536076,39.390093
57,3,0.000000,19,40,0.140670,17.536076,39.390093
54,1,-6.000000,19,37,0.507947,17.841277,35.819983
50,2,15.000000,19,37,0.989115,17.841277,35.819983
57,3,0.000000,19,37,0.127132,17.841277,35.819983
54,1,-6.000000,33,36,0.522566,32.205207,34.866997
52,2,-13.000000,33,36,1.161904,32.205207,34.866997
57,3,0.000000,33,36,0.105655,32.205207,34.866997
54,1,-6.000000,34,40,0.656103,32.848051,38.768448
52,2,-19.000000,34,40,7.255539,32.848051,38.768448
57,3,0.000000,34,40,0.117809,32.848051,38.768448
54,1,-6.000000,32,31,0.479656,31.255285,30.684847
52,2,-8.000000,32,31,0.651718,31.255285,30.684847
57,3,0.000000,32,31,0.112712,31.255285,30.684847
54,1,-6.000000,20,33,0.456762,18.614527,31.999301
50,2,10.000000,20,33,0.623735,18.614527,31.999301
57,3,0.000000,20,33,0.116712,18.614527,31.999301
54,1,-6.000000,34,39,0.646126,32.723674,37.935360
52,2,-18.000000,34,39,4.383670,32.723674,37.935360
57,3,0.000000,34,39,0.110364,32.723674,37.935360
54,1,-6.000000,34,40,0.664777,32.859773,39.442351
52,2,-20.000000,34,40,12.400795,32.859773,39.442351
57,3,0.000000,34,40,0.114131,32.859773,39.442351
54,1,-6.000000,23,26,0.438393,21.564339,25.450585
50,2,4.000000,23,26,0.238119,21.564339,25.450585
57,3,0.000000,23,26,0.112812,21.564339,25.450585
53,1,6.000000,14,37,0.521361,13.216483,36.019943
50,2,16.000000,14,37,1.060010,13.216483,36.019943
58,3,0.000000,14,37,0.128541,13.216483,36.019943
54,1,-8.000000,27,29,0.584516,25.524062,27.990563
52,2,0.000000,27,29,0.119299,25.524062,27.990563
57,3,0.000000,27,29,0.144550,25.524062,27.990563
54,1,-6.000000,19,38,0.538093,17.499719,37.686510
50,2,18.000000,19,38,1.636186,17.499719,37.686510
57,3,0.000000,19,38,0.122627,17.499719,37.686510
54,1,-8.000000,20,34,0.639511,19.308288,33.567693
50,2,11.000000,20,34,0.692435,19.308288,33.567693
57,3,0.000000,20,34,0.148869,19.308288,33.567693
54,1,-7.000000,23,28,0.504733,22.070492,27.092834
50,2,4.000000,23,28,0.236188,22.070492,27.092834
57,3,0.000000,23,28,0.125670,22.070492,27.092834
54,1,-7.000000,23,29,0.510472,21.485210,28.012864
50,2,5.000000,23,29,0.295855,21.485210,28.012864
57,3,0.000000,23,29,0.129388,21.485210,28.012864
54,1,-6.000000,25,26,0.425852,23.349193,24.461858
50,2,2.000000,25,26,0.124990,23.349193,24.461858
57,3,0.000000,25,26,0.116760,23.349193,24.461858
54,1,-7.000000,30,29,0.520292,29.433391,28.564707
52,2,-5.000000,30,29,0.429697,29.433391,28.564707
57,3,0.000000,30,29,0.115508,29.433391,28.564707
54,1,-7.000000,19,38,0.623646,18.061595,37.217411
50,2,17.000000,19,38,1.323762,18.061595,37.217411
57,3,0.000000,19,38,0.139558,18.061595,37.217411
54,1,-6.000000,18,39,0.565385,17.473710,38.540444
50,2,20.000000,18,39,2.290683,17.473710,38.540444
57,3,0.000000,18,39,0.136013,17.473710,38.540444
54,1,-7.000000,19,41,0.699058,17.614559,40.205138
50,2,21.000000,19,41,2.842319,17.614559,40.205138
57,3,0.000000,19,41,0.167621,17.614559,40.205138
54,1,-7.000000,20,34,0.564294,18.729126,33.872835
50,2,12.000000,20,34,0.758567,18.729126,33.872835
57,3,0.000000,20,34,0.139127,18.729126,33.872835
54,1,-7.000000,19,38,0.590804,18.084238,36.710600
50,2,16.000000,19,38,1.076444,18.084238,36.710600
57,3,0.000000,19,38,0.132526,18.084238,36.710600
54,1,-8.000000,21,34,0.620681,19.535329,32.985611
50,2,10.000000,21,34,0.613969,19.535329,32.985611
57,3,0.000000,21,34,0.139864,19.535329,32.985611
54,1,-6.000000,32,32,0.474787,31.504415,31.851039
52,2,-9.000000,32,32,0.728198,31.504415,31.851039
57,3,0.000000,32,32,0.106108,31.504415,31.851039
54,1,-6.000000,20,31,0.451582,18.893587,30.600743
50,2,9.000000,20,31,0.552619,18.893587,30.600743
57,3,0.000000,20,31,0.112523,18.893587,30.600743
54,1,-8.000000,27,29,0.584729,26.315318,27.881078
52,2,-1.000000,27,29,0.171652,26.315318,27.881078
57,3,0.000000,27,29,0.139848,26.315318,27.881078
54,1,-8.000000,32,36,0.705076,31.374030,35.690014
52,2,-13.000000,32,36,1.353411,31.374030,35.690014
57,3,0.000000,32,36,0.127294,31.374030,35.690014
54,1,-8.000000,20,36,0.679363,18.787884,35.469057
50,2,14.000000,20,36,0.906264,18.787884,35.469057
57,3,0.000000,20,36,0.157046,18.787884,35.469057
54,1,-8.000000,26,29,0.586642,24.566558,28.000497
50,2,1.000000,26,29,0.048127,24.566558,28.000497
57,3,0.000000,26,29,0.141098,24.566558,28.000497
53,1,7.000000,45,25,0.508276,45.248671,24.333442
52,2,-1.000000,45,25,0.167563,45.248671,24.333442
58,3,0.000000,45,25,0.126938,45.248671,24.333442
54,1,-8.000000,33,38,0.766129,31.825170,37.027048
52,2,-15.000000,33,38,2.190010,31.825170,37.027048
57,3,0.000000,33,38,0.131646,31.825170,37.027048
54,1,-8.000000,20,36,0.643022,18.940467,35.199527
50,2,13.000000,20,36,0.832770,18.940467,35.199527
57,3,0.000000,20,36,0.149432,18.940467,35.199527
53,1,7.000000,13,34,0.551413,11.330958,33.420199
50,2,12.000000,13,34,0.747250,11.330958,33.420199
58,3,0.000000,13,34,0.137808,11.330958,33.420199
54,1,-8.000000,23,30,0.582766,21.767038,29.261112
50,2,5.000000,23,30,0.277812,21.767038,29.261112
57,3,0.000000,23,30,0.140411,21.767038,29.261112
54,1,-8.000000,29,29,0.583816,27.781049,28.523448
52,2,-3.000000,29,29,0.300491,27.781049,28.523448
57,3,0.000000,29,29,0.134377,27.781049,28.523448
54,1,-9.000000,26,30,0.655993,25.324345,29.403535
52,2,0.000000,26,30,0.121659,25.324345,29.403535
57,3,0.000000,26,30,0.159608,25.324345,29.403535
54,1,-8.000000,24,29,0.580258,23.133277,27.957870
50,2,3.000000,24,29,0.165596,23.133277,27.957870
57,3,0.000000,24,29,0.144296,23.133277,27.957870
54,1,-8.000000,33,40,0.837811,32.178149,39.251448
52,2,-18.000000,33,40,4.254833,32.178149,39.251448
57,3,0.000000,33,40,0.130454,32.178149,39.251448
54,1,-8.000000,20,37,0.666840,18.347928,36.486243
50,2,15.000000,20,37,0.994604,18.347928,36.486243
57,3,0.000000,20,37,0.150178,18.347928,36.486243
54,1,-8.000000,22,32,0.600398,20.566748,30.805409
50,2,7.000000,22,32,0.415961,20.566748,30.805409
57,3,0.000000,22,32,0.143063,20.566748,30.805409
54,1,-8.000000,33,39,0.810779,32.034715,38.470057
52,2,-17.000000,33,39,3.227428,32.034715,38.470057
57,3,0.000000,33,39,0.136795,32.034715,38.470057
54,1,-8.000000,33,41,0.967967,31.967959,39.871681
52,2,-20.000000,33,41,41.160490,31.967959,39.871681
57,3,0.000000,33,41,0.142908,31.967959,39.871681
54,1,-9.000000,32,36,0.786054,30.971645,35.601634
52,2,-12.000000,32,36,1.126440,30.971645,35.601634
57,3,0.000000,32,36,0.138719,30.971645,35.601634
54,1,-8.000000,29,30,0.593241,28.392637,29.217276
52,2,-4.000000,29,30,0.383134,28.392637,29.217276
57,3,0.000000,29,30,0.139469,28.392637,29.217276
54,1,-9.000000,20,38,0.792260,18.699836,37.302047
50,2,16.000000,20,38,1.126007,18.699836,37.302047
57,3,0.000000,20,38,0.177545,18.699836,37.302047
54,1,-9.000000,27,30,0.653911,26.115500,29.369113
52,2,-1.000000,27,30,0.187152,26.115500,29.369113
57,3,0.000000,27,30,0.157737,26.115500,29.369113
54,1,-9.000000,29,31,0.683483,28.224533,30.539012
52,2,-4.000000,29,31,0.385376,28.224533,30.539012
57,3,0.000000,29,31,0.154581,28.224533,30.539012
54,1,-8.000000,33,40,0.909012,32.207381,39.696462
52,2,-19.000000,33,40,9.564643,32.207381,39.696462
57,3,0.000000,33,40,0.136496,32.207381,39.696462
54,1,-8.000000,21,33,0.603862,19.762000,32.240936
50,2,9.000000,21,33,0.547589,19.762000,32.240936
57,3,0.000000,21,33,0.137603,19.762000,32.240936
54,1,-9.000000,20,36,0.735570,19.341152,35.587793
50,2,13.000000,20,36,0.824843,19.341152,35.587793
57,3,0.000000,20,36,0.163963,19.341152,35.587793
54,1,-9.000000,31,35,0.750723,30.529690,34.267096
52,2,-10.000000,31,35,0.882687,30.529690,34.267096
57,3,0.000000,31,35,0.141496,30.529690,34.267096
54,1,-9.000000,20,39,0.826315,18.417185,38.416608
50,2,18.000000,20,39,1.685169,18.417185,38.416608
57,3,0.000000,20,39,0.174253,18.417185,38.416608
54,1,-9.000000,20,37,0.755541,19.023889,36.479223
50,2,14.000000,20,37,0.914266,19.023889,36.479223
57,3,0.000000,20,37,0.163591,19.023889,36.479223
54,1,-9.000000,23,31,0.663033,21.990664,30.474569
50,2,5.000000,23,31,0.283064,21.990664,30.474569
57,3,0.000000,23,31,0.156779,21.990664,30.474569
54,1,-9.000000,20,38,0.776861,18.956362,36.931255
50,2,15.000000,20,38,0.998718,18.956362,36.931255
57,3,0.000000,20,38,0.175406,18.956362,36.931255
54,1,-9.000000,20,40,0.862061,18.259469,39.845929
50,2,19.000000,20,40,2.030847,18.259469,39.845929
57,3,0.000000,20,40,0.177917,18.259469,39.845929
54,1,-8.000000,31,34,0.643389,30.610699,32.937213
52,2,-9.000000,31,34,0.763854,30.610699,32.937213
57,3,0.000000,31,34,0.129397,30.610699,32.937213
54,1,-9.000000,32,38,0.879389,31.394519,37.124453
52,2,-15.000000,32,38,2.341801,31.394519,37.124453
57,3,0.000000,32,38,0.142331,31.394519,37.124453
54,1,-9.000000,33,39,0.947397,31.804497,38.443992
52,2,-17.000000,33,39,4.071488,31.804497,38.443992
57,3,0.000000,33,39,0.133514,31.804497,38.443992
54,1,-9.000000,22,33,0.671687,21.139245,31.764755
50,2,7.000000,22,33,0.413371,21.139245,31.764755
57,3,0.000000,22,33,0.151529,21.139245,31.764755
54,1,-9.000000,33,40,0.999270,31.986523,39.961100
52,2,-18.000000,33,40,6.383705,31.986523,39.961100
57,3,0.000000,33,40,0.143396,31.986523,39.961100
54,1,-9.000000,30,33,0.711676,29.594050,32.466477
52,2,-7.000000,30,33,0.624257,29.594050,32.466477
57,3,0.000000,30,33,0.144153,29.594050,32.466477
54,1,-9.000000,19,41,0.880874,18.330469,40.135843
50,2,20.000000,19,41,2.436996,18.330469,40.135843
57,3,0.000000,19,41,0.184596,18.330469,40.135843
54,1,-8.000000,23,29,0.567348,22.379204,28.587183
50,2,4.000000,23,29,0.229135,22.379204,28.587183
57,3,0.000000,23,29,0.132940,22.379204,28.587183
54,1,-9.000000,20,39,0.809433,18.568585,37.724832
50,2,17.000000,20,39,1.341673,18.568585,37.724832
57,3,0.000000,20,39,0.177941,18.568585,37.724832
